[2024-07-25T03:40:23.800+0000] {processor.py:161} INFO - Started process (PID=32) to work on /home/airflow/.local/lib/python3.12/site-packages/airflow/example_dags/example_subdag_operator.py
[2024-07-25T03:40:23.800+0000] {processor.py:830} INFO - Processing file /home/airflow/.local/lib/python3.12/site-packages/airflow/example_dags/example_subdag_operator.py for tasks to queue
[2024-07-25T03:40:23.802+0000] {logging_mixin.py:188} INFO - [2024-07-25T03:40:23.801+0000] {dagbag.py:545} INFO - Filling up the DagBag from /home/airflow/.local/lib/python3.12/site-packages/airflow/example_dags/example_subdag_operator.py
[2024-07-25T03:40:23.816+0000] {processor.py:840} INFO - DAG(s) 'example_subdag_operator.section-1', 'example_subdag_operator.section-2', 'example_subdag_operator' retrieved from /home/airflow/.local/lib/python3.12/site-packages/airflow/example_dags/example_subdag_operator.py
[2024-07-25T03:40:23.818+0000] {logging_mixin.py:188} INFO - [2024-07-25T03:40:23.818+0000] {dag.py:3089} INFO - Sync 3 DAGs
[2024-07-25T03:40:23.831+0000] {logging_mixin.py:188} INFO - [2024-07-25T03:40:23.831+0000] {dag.py:3947} INFO - Setting next_dagrun for example_subdag_operator to 2022-01-01 00:00:00+00:00, run_after=2022-01-01 00:00:00+00:00
[2024-07-25T03:40:23.834+0000] {logging_mixin.py:188} INFO - [2024-07-25T03:40:23.833+0000] {dag.py:3947} INFO - Setting next_dagrun for example_subdag_operator.section-1 to None, run_after=None
[2024-07-25T03:40:23.834+0000] {logging_mixin.py:188} INFO - [2024-07-25T03:40:23.834+0000] {dag.py:3947} INFO - Setting next_dagrun for example_subdag_operator.section-2 to None, run_after=None
[2024-07-25T03:40:23.839+0000] {logging_mixin.py:188} INFO - [2024-07-25T03:40:23.839+0000] {dag.py:3089} INFO - Sync 2 DAGs
[2024-07-25T03:40:23.842+0000] {logging_mixin.py:188} INFO - [2024-07-25T03:40:23.842+0000] {dag.py:3947} INFO - Setting next_dagrun for example_subdag_operator.section-1 to None, run_after=None
[2024-07-25T03:40:23.842+0000] {logging_mixin.py:188} INFO - [2024-07-25T03:40:23.842+0000] {dag.py:3947} INFO - Setting next_dagrun for example_subdag_operator.section-2 to None, run_after=None
[2024-07-25T03:40:23.848+0000] {processor.py:183} INFO - Processing /home/airflow/.local/lib/python3.12/site-packages/airflow/example_dags/example_subdag_operator.py took 0.052 seconds
[2024-07-25T03:40:54.336+0000] {processor.py:161} INFO - Started process (PID=90) to work on /home/airflow/.local/lib/python3.12/site-packages/airflow/example_dags/example_subdag_operator.py
[2024-07-25T03:40:54.337+0000] {processor.py:830} INFO - Processing file /home/airflow/.local/lib/python3.12/site-packages/airflow/example_dags/example_subdag_operator.py for tasks to queue
[2024-07-25T03:40:54.340+0000] {logging_mixin.py:188} INFO - [2024-07-25T03:40:54.340+0000] {dagbag.py:545} INFO - Filling up the DagBag from /home/airflow/.local/lib/python3.12/site-packages/airflow/example_dags/example_subdag_operator.py
[2024-07-25T03:40:54.361+0000] {processor.py:840} INFO - DAG(s) 'example_subdag_operator.section-1', 'example_subdag_operator.section-2', 'example_subdag_operator' retrieved from /home/airflow/.local/lib/python3.12/site-packages/airflow/example_dags/example_subdag_operator.py
[2024-07-25T03:40:54.428+0000] {logging_mixin.py:188} INFO - [2024-07-25T03:40:54.426+0000] {dag.py:3089} INFO - Sync 3 DAGs
[2024-07-25T03:40:54.442+0000] {logging_mixin.py:188} INFO - [2024-07-25T03:40:54.442+0000] {dag.py:3947} INFO - Setting next_dagrun for example_subdag_operator to 2022-01-01 00:00:00+00:00, run_after=2022-01-01 00:00:00+00:00
[2024-07-25T03:40:54.446+0000] {logging_mixin.py:188} INFO - [2024-07-25T03:40:54.446+0000] {dag.py:3947} INFO - Setting next_dagrun for example_subdag_operator.section-1 to None, run_after=None
[2024-07-25T03:40:54.448+0000] {logging_mixin.py:188} INFO - [2024-07-25T03:40:54.448+0000] {dag.py:3947} INFO - Setting next_dagrun for example_subdag_operator.section-2 to None, run_after=None
[2024-07-25T03:40:54.456+0000] {logging_mixin.py:188} INFO - [2024-07-25T03:40:54.456+0000] {dag.py:3089} INFO - Sync 2 DAGs
[2024-07-25T03:40:54.460+0000] {logging_mixin.py:188} INFO - [2024-07-25T03:40:54.460+0000] {dag.py:3947} INFO - Setting next_dagrun for example_subdag_operator.section-1 to None, run_after=None
[2024-07-25T03:40:54.461+0000] {logging_mixin.py:188} INFO - [2024-07-25T03:40:54.461+0000] {dag.py:3947} INFO - Setting next_dagrun for example_subdag_operator.section-2 to None, run_after=None
[2024-07-25T03:40:54.469+0000] {processor.py:183} INFO - Processing /home/airflow/.local/lib/python3.12/site-packages/airflow/example_dags/example_subdag_operator.py took 0.139 seconds
[2024-07-25T03:41:24.679+0000] {processor.py:161} INFO - Started process (PID=148) to work on /home/airflow/.local/lib/python3.12/site-packages/airflow/example_dags/example_subdag_operator.py
[2024-07-25T03:41:24.680+0000] {processor.py:830} INFO - Processing file /home/airflow/.local/lib/python3.12/site-packages/airflow/example_dags/example_subdag_operator.py for tasks to queue
[2024-07-25T03:41:24.684+0000] {logging_mixin.py:188} INFO - [2024-07-25T03:41:24.683+0000] {dagbag.py:545} INFO - Filling up the DagBag from /home/airflow/.local/lib/python3.12/site-packages/airflow/example_dags/example_subdag_operator.py
[2024-07-25T03:41:24.713+0000] {processor.py:840} INFO - DAG(s) 'example_subdag_operator.section-1', 'example_subdag_operator.section-2', 'example_subdag_operator' retrieved from /home/airflow/.local/lib/python3.12/site-packages/airflow/example_dags/example_subdag_operator.py
[2024-07-25T03:41:24.723+0000] {logging_mixin.py:188} INFO - [2024-07-25T03:41:24.723+0000] {dag.py:3089} INFO - Sync 3 DAGs
[2024-07-25T03:41:24.733+0000] {logging_mixin.py:188} INFO - [2024-07-25T03:41:24.733+0000] {dag.py:3947} INFO - Setting next_dagrun for example_subdag_operator to 2022-01-01 00:00:00+00:00, run_after=2022-01-01 00:00:00+00:00
[2024-07-25T03:41:24.735+0000] {logging_mixin.py:188} INFO - [2024-07-25T03:41:24.735+0000] {dag.py:3947} INFO - Setting next_dagrun for example_subdag_operator.section-1 to None, run_after=None
[2024-07-25T03:41:24.736+0000] {logging_mixin.py:188} INFO - [2024-07-25T03:41:24.736+0000] {dag.py:3947} INFO - Setting next_dagrun for example_subdag_operator.section-2 to None, run_after=None
[2024-07-25T03:41:24.740+0000] {logging_mixin.py:188} INFO - [2024-07-25T03:41:24.740+0000] {dag.py:3089} INFO - Sync 2 DAGs
[2024-07-25T03:41:24.743+0000] {logging_mixin.py:188} INFO - [2024-07-25T03:41:24.743+0000] {dag.py:3947} INFO - Setting next_dagrun for example_subdag_operator.section-1 to None, run_after=None
[2024-07-25T03:41:24.744+0000] {logging_mixin.py:188} INFO - [2024-07-25T03:41:24.744+0000] {dag.py:3947} INFO - Setting next_dagrun for example_subdag_operator.section-2 to None, run_after=None
[2024-07-25T03:41:24.749+0000] {processor.py:183} INFO - Processing /home/airflow/.local/lib/python3.12/site-packages/airflow/example_dags/example_subdag_operator.py took 0.086 seconds
[2024-07-25T03:41:55.014+0000] {processor.py:161} INFO - Started process (PID=206) to work on /home/airflow/.local/lib/python3.12/site-packages/airflow/example_dags/example_subdag_operator.py
[2024-07-25T03:41:55.014+0000] {processor.py:830} INFO - Processing file /home/airflow/.local/lib/python3.12/site-packages/airflow/example_dags/example_subdag_operator.py for tasks to queue
[2024-07-25T03:41:55.016+0000] {logging_mixin.py:188} INFO - [2024-07-25T03:41:55.015+0000] {dagbag.py:545} INFO - Filling up the DagBag from /home/airflow/.local/lib/python3.12/site-packages/airflow/example_dags/example_subdag_operator.py
[2024-07-25T03:41:55.029+0000] {processor.py:840} INFO - DAG(s) 'example_subdag_operator.section-1', 'example_subdag_operator.section-2', 'example_subdag_operator' retrieved from /home/airflow/.local/lib/python3.12/site-packages/airflow/example_dags/example_subdag_operator.py
[2024-07-25T03:41:55.037+0000] {logging_mixin.py:188} INFO - [2024-07-25T03:41:55.036+0000] {dag.py:3089} INFO - Sync 3 DAGs
[2024-07-25T03:41:55.047+0000] {logging_mixin.py:188} INFO - [2024-07-25T03:41:55.047+0000] {dag.py:3947} INFO - Setting next_dagrun for example_subdag_operator to 2022-01-01 00:00:00+00:00, run_after=2022-01-01 00:00:00+00:00
[2024-07-25T03:41:55.049+0000] {logging_mixin.py:188} INFO - [2024-07-25T03:41:55.049+0000] {dag.py:3947} INFO - Setting next_dagrun for example_subdag_operator.section-1 to None, run_after=None
[2024-07-25T03:41:55.050+0000] {logging_mixin.py:188} INFO - [2024-07-25T03:41:55.050+0000] {dag.py:3947} INFO - Setting next_dagrun for example_subdag_operator.section-2 to None, run_after=None
[2024-07-25T03:41:55.053+0000] {logging_mixin.py:188} INFO - [2024-07-25T03:41:55.053+0000] {dag.py:3089} INFO - Sync 2 DAGs
[2024-07-25T03:41:55.055+0000] {logging_mixin.py:188} INFO - [2024-07-25T03:41:55.055+0000] {dag.py:3947} INFO - Setting next_dagrun for example_subdag_operator.section-1 to None, run_after=None
[2024-07-25T03:41:55.056+0000] {logging_mixin.py:188} INFO - [2024-07-25T03:41:55.056+0000] {dag.py:3947} INFO - Setting next_dagrun for example_subdag_operator.section-2 to None, run_after=None
[2024-07-25T03:41:55.060+0000] {processor.py:183} INFO - Processing /home/airflow/.local/lib/python3.12/site-packages/airflow/example_dags/example_subdag_operator.py took 0.050 seconds
[2024-07-25T03:42:25.170+0000] {processor.py:161} INFO - Started process (PID=264) to work on /home/airflow/.local/lib/python3.12/site-packages/airflow/example_dags/example_subdag_operator.py
[2024-07-25T03:42:25.171+0000] {processor.py:830} INFO - Processing file /home/airflow/.local/lib/python3.12/site-packages/airflow/example_dags/example_subdag_operator.py for tasks to queue
[2024-07-25T03:42:25.172+0000] {logging_mixin.py:188} INFO - [2024-07-25T03:42:25.172+0000] {dagbag.py:545} INFO - Filling up the DagBag from /home/airflow/.local/lib/python3.12/site-packages/airflow/example_dags/example_subdag_operator.py
[2024-07-25T03:42:25.187+0000] {processor.py:840} INFO - DAG(s) 'example_subdag_operator.section-1', 'example_subdag_operator.section-2', 'example_subdag_operator' retrieved from /home/airflow/.local/lib/python3.12/site-packages/airflow/example_dags/example_subdag_operator.py
[2024-07-25T03:42:25.195+0000] {logging_mixin.py:188} INFO - [2024-07-25T03:42:25.195+0000] {dag.py:3089} INFO - Sync 3 DAGs
[2024-07-25T03:42:25.206+0000] {logging_mixin.py:188} INFO - [2024-07-25T03:42:25.206+0000] {dag.py:3947} INFO - Setting next_dagrun for example_subdag_operator to 2022-01-01 00:00:00+00:00, run_after=2022-01-01 00:00:00+00:00
[2024-07-25T03:42:25.208+0000] {logging_mixin.py:188} INFO - [2024-07-25T03:42:25.208+0000] {dag.py:3947} INFO - Setting next_dagrun for example_subdag_operator.section-1 to None, run_after=None
[2024-07-25T03:42:25.208+0000] {logging_mixin.py:188} INFO - [2024-07-25T03:42:25.208+0000] {dag.py:3947} INFO - Setting next_dagrun for example_subdag_operator.section-2 to None, run_after=None
[2024-07-25T03:42:25.212+0000] {logging_mixin.py:188} INFO - [2024-07-25T03:42:25.211+0000] {dag.py:3089} INFO - Sync 2 DAGs
[2024-07-25T03:42:25.214+0000] {logging_mixin.py:188} INFO - [2024-07-25T03:42:25.214+0000] {dag.py:3947} INFO - Setting next_dagrun for example_subdag_operator.section-1 to None, run_after=None
[2024-07-25T03:42:25.214+0000] {logging_mixin.py:188} INFO - [2024-07-25T03:42:25.214+0000] {dag.py:3947} INFO - Setting next_dagrun for example_subdag_operator.section-2 to None, run_after=None
[2024-07-25T03:42:25.219+0000] {processor.py:183} INFO - Processing /home/airflow/.local/lib/python3.12/site-packages/airflow/example_dags/example_subdag_operator.py took 0.052 seconds
[2024-07-25T03:42:55.486+0000] {processor.py:161} INFO - Started process (PID=322) to work on /home/airflow/.local/lib/python3.12/site-packages/airflow/example_dags/example_subdag_operator.py
[2024-07-25T03:42:55.487+0000] {processor.py:830} INFO - Processing file /home/airflow/.local/lib/python3.12/site-packages/airflow/example_dags/example_subdag_operator.py for tasks to queue
[2024-07-25T03:42:55.488+0000] {logging_mixin.py:188} INFO - [2024-07-25T03:42:55.488+0000] {dagbag.py:545} INFO - Filling up the DagBag from /home/airflow/.local/lib/python3.12/site-packages/airflow/example_dags/example_subdag_operator.py
[2024-07-25T03:42:55.503+0000] {processor.py:840} INFO - DAG(s) 'example_subdag_operator.section-1', 'example_subdag_operator.section-2', 'example_subdag_operator' retrieved from /home/airflow/.local/lib/python3.12/site-packages/airflow/example_dags/example_subdag_operator.py
[2024-07-25T03:42:55.511+0000] {logging_mixin.py:188} INFO - [2024-07-25T03:42:55.511+0000] {dag.py:3089} INFO - Sync 3 DAGs
[2024-07-25T03:42:55.522+0000] {logging_mixin.py:188} INFO - [2024-07-25T03:42:55.522+0000] {dag.py:3947} INFO - Setting next_dagrun for example_subdag_operator to 2022-01-01 00:00:00+00:00, run_after=2022-01-01 00:00:00+00:00
[2024-07-25T03:42:55.525+0000] {logging_mixin.py:188} INFO - [2024-07-25T03:42:55.525+0000] {dag.py:3947} INFO - Setting next_dagrun for example_subdag_operator.section-1 to None, run_after=None
[2024-07-25T03:42:55.526+0000] {logging_mixin.py:188} INFO - [2024-07-25T03:42:55.525+0000] {dag.py:3947} INFO - Setting next_dagrun for example_subdag_operator.section-2 to None, run_after=None
[2024-07-25T03:42:55.529+0000] {logging_mixin.py:188} INFO - [2024-07-25T03:42:55.529+0000] {dag.py:3089} INFO - Sync 2 DAGs
[2024-07-25T03:42:55.531+0000] {logging_mixin.py:188} INFO - [2024-07-25T03:42:55.531+0000] {dag.py:3947} INFO - Setting next_dagrun for example_subdag_operator.section-1 to None, run_after=None
[2024-07-25T03:42:55.532+0000] {logging_mixin.py:188} INFO - [2024-07-25T03:42:55.532+0000] {dag.py:3947} INFO - Setting next_dagrun for example_subdag_operator.section-2 to None, run_after=None
[2024-07-25T03:42:55.537+0000] {processor.py:183} INFO - Processing /home/airflow/.local/lib/python3.12/site-packages/airflow/example_dags/example_subdag_operator.py took 0.055 seconds
[2024-07-25T03:43:25.796+0000] {processor.py:161} INFO - Started process (PID=380) to work on /home/airflow/.local/lib/python3.12/site-packages/airflow/example_dags/example_subdag_operator.py
[2024-07-25T03:43:25.797+0000] {processor.py:830} INFO - Processing file /home/airflow/.local/lib/python3.12/site-packages/airflow/example_dags/example_subdag_operator.py for tasks to queue
[2024-07-25T03:43:25.798+0000] {logging_mixin.py:188} INFO - [2024-07-25T03:43:25.798+0000] {dagbag.py:545} INFO - Filling up the DagBag from /home/airflow/.local/lib/python3.12/site-packages/airflow/example_dags/example_subdag_operator.py
[2024-07-25T03:43:25.814+0000] {processor.py:840} INFO - DAG(s) 'example_subdag_operator.section-1', 'example_subdag_operator.section-2', 'example_subdag_operator' retrieved from /home/airflow/.local/lib/python3.12/site-packages/airflow/example_dags/example_subdag_operator.py
[2024-07-25T03:43:25.821+0000] {logging_mixin.py:188} INFO - [2024-07-25T03:43:25.821+0000] {dag.py:3089} INFO - Sync 3 DAGs
[2024-07-25T03:43:25.832+0000] {logging_mixin.py:188} INFO - [2024-07-25T03:43:25.832+0000] {dag.py:3947} INFO - Setting next_dagrun for example_subdag_operator to 2022-01-01 00:00:00+00:00, run_after=2022-01-01 00:00:00+00:00
[2024-07-25T03:43:25.834+0000] {logging_mixin.py:188} INFO - [2024-07-25T03:43:25.834+0000] {dag.py:3947} INFO - Setting next_dagrun for example_subdag_operator.section-1 to None, run_after=None
[2024-07-25T03:43:25.835+0000] {logging_mixin.py:188} INFO - [2024-07-25T03:43:25.835+0000] {dag.py:3947} INFO - Setting next_dagrun for example_subdag_operator.section-2 to None, run_after=None
[2024-07-25T03:43:25.839+0000] {logging_mixin.py:188} INFO - [2024-07-25T03:43:25.838+0000] {dag.py:3089} INFO - Sync 2 DAGs
[2024-07-25T03:43:25.841+0000] {logging_mixin.py:188} INFO - [2024-07-25T03:43:25.841+0000] {dag.py:3947} INFO - Setting next_dagrun for example_subdag_operator.section-1 to None, run_after=None
[2024-07-25T03:43:25.841+0000] {logging_mixin.py:188} INFO - [2024-07-25T03:43:25.841+0000] {dag.py:3947} INFO - Setting next_dagrun for example_subdag_operator.section-2 to None, run_after=None
[2024-07-25T03:43:25.847+0000] {processor.py:183} INFO - Processing /home/airflow/.local/lib/python3.12/site-packages/airflow/example_dags/example_subdag_operator.py took 0.054 seconds
[2024-07-25T03:43:55.904+0000] {processor.py:161} INFO - Started process (PID=438) to work on /home/airflow/.local/lib/python3.12/site-packages/airflow/example_dags/example_subdag_operator.py
[2024-07-25T03:43:55.905+0000] {processor.py:830} INFO - Processing file /home/airflow/.local/lib/python3.12/site-packages/airflow/example_dags/example_subdag_operator.py for tasks to queue
[2024-07-25T03:43:55.907+0000] {logging_mixin.py:188} INFO - [2024-07-25T03:43:55.906+0000] {dagbag.py:545} INFO - Filling up the DagBag from /home/airflow/.local/lib/python3.12/site-packages/airflow/example_dags/example_subdag_operator.py
[2024-07-25T03:43:55.921+0000] {processor.py:840} INFO - DAG(s) 'example_subdag_operator.section-1', 'example_subdag_operator.section-2', 'example_subdag_operator' retrieved from /home/airflow/.local/lib/python3.12/site-packages/airflow/example_dags/example_subdag_operator.py
[2024-07-25T03:43:55.929+0000] {logging_mixin.py:188} INFO - [2024-07-25T03:43:55.929+0000] {dag.py:3089} INFO - Sync 3 DAGs
[2024-07-25T03:43:55.940+0000] {logging_mixin.py:188} INFO - [2024-07-25T03:43:55.940+0000] {dag.py:3947} INFO - Setting next_dagrun for example_subdag_operator to 2022-01-01 00:00:00+00:00, run_after=2022-01-01 00:00:00+00:00
[2024-07-25T03:43:55.942+0000] {logging_mixin.py:188} INFO - [2024-07-25T03:43:55.942+0000] {dag.py:3947} INFO - Setting next_dagrun for example_subdag_operator.section-1 to None, run_after=None
[2024-07-25T03:43:55.943+0000] {logging_mixin.py:188} INFO - [2024-07-25T03:43:55.943+0000] {dag.py:3947} INFO - Setting next_dagrun for example_subdag_operator.section-2 to None, run_after=None
[2024-07-25T03:43:55.948+0000] {logging_mixin.py:188} INFO - [2024-07-25T03:43:55.947+0000] {dag.py:3089} INFO - Sync 2 DAGs
[2024-07-25T03:43:55.950+0000] {logging_mixin.py:188} INFO - [2024-07-25T03:43:55.950+0000] {dag.py:3947} INFO - Setting next_dagrun for example_subdag_operator.section-1 to None, run_after=None
[2024-07-25T03:43:55.951+0000] {logging_mixin.py:188} INFO - [2024-07-25T03:43:55.950+0000] {dag.py:3947} INFO - Setting next_dagrun for example_subdag_operator.section-2 to None, run_after=None
[2024-07-25T03:43:55.956+0000] {processor.py:183} INFO - Processing /home/airflow/.local/lib/python3.12/site-packages/airflow/example_dags/example_subdag_operator.py took 0.056 seconds
[2024-07-25T03:44:26.123+0000] {processor.py:161} INFO - Started process (PID=496) to work on /home/airflow/.local/lib/python3.12/site-packages/airflow/example_dags/example_subdag_operator.py
[2024-07-25T03:44:26.123+0000] {processor.py:830} INFO - Processing file /home/airflow/.local/lib/python3.12/site-packages/airflow/example_dags/example_subdag_operator.py for tasks to queue
[2024-07-25T03:44:26.125+0000] {logging_mixin.py:188} INFO - [2024-07-25T03:44:26.125+0000] {dagbag.py:545} INFO - Filling up the DagBag from /home/airflow/.local/lib/python3.12/site-packages/airflow/example_dags/example_subdag_operator.py
[2024-07-25T03:44:26.139+0000] {processor.py:840} INFO - DAG(s) 'example_subdag_operator.section-1', 'example_subdag_operator.section-2', 'example_subdag_operator' retrieved from /home/airflow/.local/lib/python3.12/site-packages/airflow/example_dags/example_subdag_operator.py
[2024-07-25T03:44:26.146+0000] {logging_mixin.py:188} INFO - [2024-07-25T03:44:26.146+0000] {dag.py:3089} INFO - Sync 3 DAGs
[2024-07-25T03:44:26.157+0000] {logging_mixin.py:188} INFO - [2024-07-25T03:44:26.157+0000] {dag.py:3947} INFO - Setting next_dagrun for example_subdag_operator to 2022-01-01 00:00:00+00:00, run_after=2022-01-01 00:00:00+00:00
[2024-07-25T03:44:26.159+0000] {logging_mixin.py:188} INFO - [2024-07-25T03:44:26.159+0000] {dag.py:3947} INFO - Setting next_dagrun for example_subdag_operator.section-1 to None, run_after=None
[2024-07-25T03:44:26.160+0000] {logging_mixin.py:188} INFO - [2024-07-25T03:44:26.159+0000] {dag.py:3947} INFO - Setting next_dagrun for example_subdag_operator.section-2 to None, run_after=None
[2024-07-25T03:44:26.163+0000] {logging_mixin.py:188} INFO - [2024-07-25T03:44:26.163+0000] {dag.py:3089} INFO - Sync 2 DAGs
[2024-07-25T03:44:26.166+0000] {logging_mixin.py:188} INFO - [2024-07-25T03:44:26.166+0000] {dag.py:3947} INFO - Setting next_dagrun for example_subdag_operator.section-1 to None, run_after=None
[2024-07-25T03:44:26.166+0000] {logging_mixin.py:188} INFO - [2024-07-25T03:44:26.166+0000] {dag.py:3947} INFO - Setting next_dagrun for example_subdag_operator.section-2 to None, run_after=None
[2024-07-25T03:44:26.171+0000] {processor.py:183} INFO - Processing /home/airflow/.local/lib/python3.12/site-packages/airflow/example_dags/example_subdag_operator.py took 0.052 seconds
[2024-07-25T03:44:56.496+0000] {processor.py:161} INFO - Started process (PID=554) to work on /home/airflow/.local/lib/python3.12/site-packages/airflow/example_dags/example_subdag_operator.py
[2024-07-25T03:44:56.497+0000] {processor.py:830} INFO - Processing file /home/airflow/.local/lib/python3.12/site-packages/airflow/example_dags/example_subdag_operator.py for tasks to queue
[2024-07-25T03:44:56.498+0000] {logging_mixin.py:188} INFO - [2024-07-25T03:44:56.498+0000] {dagbag.py:545} INFO - Filling up the DagBag from /home/airflow/.local/lib/python3.12/site-packages/airflow/example_dags/example_subdag_operator.py
[2024-07-25T03:44:56.514+0000] {processor.py:840} INFO - DAG(s) 'example_subdag_operator.section-1', 'example_subdag_operator.section-2', 'example_subdag_operator' retrieved from /home/airflow/.local/lib/python3.12/site-packages/airflow/example_dags/example_subdag_operator.py
[2024-07-25T03:44:56.521+0000] {logging_mixin.py:188} INFO - [2024-07-25T03:44:56.521+0000] {dag.py:3089} INFO - Sync 3 DAGs
[2024-07-25T03:44:56.531+0000] {logging_mixin.py:188} INFO - [2024-07-25T03:44:56.531+0000] {dag.py:3947} INFO - Setting next_dagrun for example_subdag_operator to 2022-01-01 00:00:00+00:00, run_after=2022-01-01 00:00:00+00:00
[2024-07-25T03:44:56.533+0000] {logging_mixin.py:188} INFO - [2024-07-25T03:44:56.533+0000] {dag.py:3947} INFO - Setting next_dagrun for example_subdag_operator.section-1 to None, run_after=None
[2024-07-25T03:44:56.534+0000] {logging_mixin.py:188} INFO - [2024-07-25T03:44:56.534+0000] {dag.py:3947} INFO - Setting next_dagrun for example_subdag_operator.section-2 to None, run_after=None
[2024-07-25T03:44:56.537+0000] {logging_mixin.py:188} INFO - [2024-07-25T03:44:56.537+0000] {dag.py:3089} INFO - Sync 2 DAGs
[2024-07-25T03:44:56.539+0000] {logging_mixin.py:188} INFO - [2024-07-25T03:44:56.539+0000] {dag.py:3947} INFO - Setting next_dagrun for example_subdag_operator.section-1 to None, run_after=None
[2024-07-25T03:44:56.539+0000] {logging_mixin.py:188} INFO - [2024-07-25T03:44:56.539+0000] {dag.py:3947} INFO - Setting next_dagrun for example_subdag_operator.section-2 to None, run_after=None
[2024-07-25T03:44:56.545+0000] {processor.py:183} INFO - Processing /home/airflow/.local/lib/python3.12/site-packages/airflow/example_dags/example_subdag_operator.py took 0.052 seconds
[2024-07-25T03:45:26.857+0000] {processor.py:161} INFO - Started process (PID=612) to work on /home/airflow/.local/lib/python3.12/site-packages/airflow/example_dags/example_subdag_operator.py
[2024-07-25T03:45:26.858+0000] {processor.py:830} INFO - Processing file /home/airflow/.local/lib/python3.12/site-packages/airflow/example_dags/example_subdag_operator.py for tasks to queue
[2024-07-25T03:45:26.859+0000] {logging_mixin.py:188} INFO - [2024-07-25T03:45:26.859+0000] {dagbag.py:545} INFO - Filling up the DagBag from /home/airflow/.local/lib/python3.12/site-packages/airflow/example_dags/example_subdag_operator.py
[2024-07-25T03:45:26.874+0000] {processor.py:840} INFO - DAG(s) 'example_subdag_operator.section-1', 'example_subdag_operator.section-2', 'example_subdag_operator' retrieved from /home/airflow/.local/lib/python3.12/site-packages/airflow/example_dags/example_subdag_operator.py
[2024-07-25T03:45:26.882+0000] {logging_mixin.py:188} INFO - [2024-07-25T03:45:26.881+0000] {dag.py:3089} INFO - Sync 3 DAGs
[2024-07-25T03:45:26.893+0000] {logging_mixin.py:188} INFO - [2024-07-25T03:45:26.893+0000] {dag.py:3947} INFO - Setting next_dagrun for example_subdag_operator to 2022-01-01 00:00:00+00:00, run_after=2022-01-01 00:00:00+00:00
[2024-07-25T03:45:26.895+0000] {logging_mixin.py:188} INFO - [2024-07-25T03:45:26.895+0000] {dag.py:3947} INFO - Setting next_dagrun for example_subdag_operator.section-1 to None, run_after=None
[2024-07-25T03:45:26.896+0000] {logging_mixin.py:188} INFO - [2024-07-25T03:45:26.896+0000] {dag.py:3947} INFO - Setting next_dagrun for example_subdag_operator.section-2 to None, run_after=None
[2024-07-25T03:45:26.900+0000] {logging_mixin.py:188} INFO - [2024-07-25T03:45:26.899+0000] {dag.py:3089} INFO - Sync 2 DAGs
[2024-07-25T03:45:26.902+0000] {logging_mixin.py:188} INFO - [2024-07-25T03:45:26.902+0000] {dag.py:3947} INFO - Setting next_dagrun for example_subdag_operator.section-1 to None, run_after=None
[2024-07-25T03:45:26.902+0000] {logging_mixin.py:188} INFO - [2024-07-25T03:45:26.902+0000] {dag.py:3947} INFO - Setting next_dagrun for example_subdag_operator.section-2 to None, run_after=None
[2024-07-25T03:45:26.907+0000] {processor.py:183} INFO - Processing /home/airflow/.local/lib/python3.12/site-packages/airflow/example_dags/example_subdag_operator.py took 0.054 seconds
[2024-07-25T03:45:57.154+0000] {processor.py:161} INFO - Started process (PID=670) to work on /home/airflow/.local/lib/python3.12/site-packages/airflow/example_dags/example_subdag_operator.py
[2024-07-25T03:45:57.154+0000] {processor.py:830} INFO - Processing file /home/airflow/.local/lib/python3.12/site-packages/airflow/example_dags/example_subdag_operator.py for tasks to queue
[2024-07-25T03:45:57.155+0000] {logging_mixin.py:188} INFO - [2024-07-25T03:45:57.155+0000] {dagbag.py:545} INFO - Filling up the DagBag from /home/airflow/.local/lib/python3.12/site-packages/airflow/example_dags/example_subdag_operator.py
[2024-07-25T03:45:57.170+0000] {processor.py:840} INFO - DAG(s) 'example_subdag_operator.section-1', 'example_subdag_operator.section-2', 'example_subdag_operator' retrieved from /home/airflow/.local/lib/python3.12/site-packages/airflow/example_dags/example_subdag_operator.py
[2024-07-25T03:45:57.178+0000] {logging_mixin.py:188} INFO - [2024-07-25T03:45:57.178+0000] {dag.py:3089} INFO - Sync 3 DAGs
[2024-07-25T03:45:57.189+0000] {logging_mixin.py:188} INFO - [2024-07-25T03:45:57.189+0000] {dag.py:3947} INFO - Setting next_dagrun for example_subdag_operator to 2022-01-01 00:00:00+00:00, run_after=2022-01-01 00:00:00+00:00
[2024-07-25T03:45:57.191+0000] {logging_mixin.py:188} INFO - [2024-07-25T03:45:57.191+0000] {dag.py:3947} INFO - Setting next_dagrun for example_subdag_operator.section-1 to None, run_after=None
[2024-07-25T03:45:57.192+0000] {logging_mixin.py:188} INFO - [2024-07-25T03:45:57.192+0000] {dag.py:3947} INFO - Setting next_dagrun for example_subdag_operator.section-2 to None, run_after=None
[2024-07-25T03:45:57.196+0000] {logging_mixin.py:188} INFO - [2024-07-25T03:45:57.196+0000] {dag.py:3089} INFO - Sync 2 DAGs
[2024-07-25T03:45:57.199+0000] {logging_mixin.py:188} INFO - [2024-07-25T03:45:57.199+0000] {dag.py:3947} INFO - Setting next_dagrun for example_subdag_operator.section-1 to None, run_after=None
[2024-07-25T03:45:57.199+0000] {logging_mixin.py:188} INFO - [2024-07-25T03:45:57.199+0000] {dag.py:3947} INFO - Setting next_dagrun for example_subdag_operator.section-2 to None, run_after=None
[2024-07-25T03:45:57.204+0000] {processor.py:183} INFO - Processing /home/airflow/.local/lib/python3.12/site-packages/airflow/example_dags/example_subdag_operator.py took 0.054 seconds
[2024-07-25T03:46:27.348+0000] {processor.py:161} INFO - Started process (PID=728) to work on /home/airflow/.local/lib/python3.12/site-packages/airflow/example_dags/example_subdag_operator.py
[2024-07-25T03:46:27.349+0000] {processor.py:830} INFO - Processing file /home/airflow/.local/lib/python3.12/site-packages/airflow/example_dags/example_subdag_operator.py for tasks to queue
[2024-07-25T03:46:27.350+0000] {logging_mixin.py:188} INFO - [2024-07-25T03:46:27.350+0000] {dagbag.py:545} INFO - Filling up the DagBag from /home/airflow/.local/lib/python3.12/site-packages/airflow/example_dags/example_subdag_operator.py
[2024-07-25T03:46:27.365+0000] {processor.py:840} INFO - DAG(s) 'example_subdag_operator.section-1', 'example_subdag_operator.section-2', 'example_subdag_operator' retrieved from /home/airflow/.local/lib/python3.12/site-packages/airflow/example_dags/example_subdag_operator.py
[2024-07-25T03:46:27.373+0000] {logging_mixin.py:188} INFO - [2024-07-25T03:46:27.373+0000] {dag.py:3089} INFO - Sync 3 DAGs
[2024-07-25T03:46:27.384+0000] {logging_mixin.py:188} INFO - [2024-07-25T03:46:27.384+0000] {dag.py:3947} INFO - Setting next_dagrun for example_subdag_operator to 2022-01-01 00:00:00+00:00, run_after=2022-01-01 00:00:00+00:00
[2024-07-25T03:46:27.386+0000] {logging_mixin.py:188} INFO - [2024-07-25T03:46:27.386+0000] {dag.py:3947} INFO - Setting next_dagrun for example_subdag_operator.section-1 to None, run_after=None
[2024-07-25T03:46:27.387+0000] {logging_mixin.py:188} INFO - [2024-07-25T03:46:27.387+0000] {dag.py:3947} INFO - Setting next_dagrun for example_subdag_operator.section-2 to None, run_after=None
[2024-07-25T03:46:27.391+0000] {logging_mixin.py:188} INFO - [2024-07-25T03:46:27.391+0000] {dag.py:3089} INFO - Sync 2 DAGs
[2024-07-25T03:46:27.394+0000] {logging_mixin.py:188} INFO - [2024-07-25T03:46:27.394+0000] {dag.py:3947} INFO - Setting next_dagrun for example_subdag_operator.section-1 to None, run_after=None
[2024-07-25T03:46:27.394+0000] {logging_mixin.py:188} INFO - [2024-07-25T03:46:27.394+0000] {dag.py:3947} INFO - Setting next_dagrun for example_subdag_operator.section-2 to None, run_after=None
[2024-07-25T03:46:27.399+0000] {processor.py:183} INFO - Processing /home/airflow/.local/lib/python3.12/site-packages/airflow/example_dags/example_subdag_operator.py took 0.054 seconds
[2024-07-25T03:46:57.517+0000] {processor.py:161} INFO - Started process (PID=786) to work on /home/airflow/.local/lib/python3.12/site-packages/airflow/example_dags/example_subdag_operator.py
[2024-07-25T03:46:57.518+0000] {processor.py:830} INFO - Processing file /home/airflow/.local/lib/python3.12/site-packages/airflow/example_dags/example_subdag_operator.py for tasks to queue
[2024-07-25T03:46:57.519+0000] {logging_mixin.py:188} INFO - [2024-07-25T03:46:57.519+0000] {dagbag.py:545} INFO - Filling up the DagBag from /home/airflow/.local/lib/python3.12/site-packages/airflow/example_dags/example_subdag_operator.py
[2024-07-25T03:46:57.535+0000] {processor.py:840} INFO - DAG(s) 'example_subdag_operator.section-1', 'example_subdag_operator.section-2', 'example_subdag_operator' retrieved from /home/airflow/.local/lib/python3.12/site-packages/airflow/example_dags/example_subdag_operator.py
[2024-07-25T03:46:57.542+0000] {logging_mixin.py:188} INFO - [2024-07-25T03:46:57.542+0000] {dag.py:3089} INFO - Sync 3 DAGs
[2024-07-25T03:46:57.552+0000] {logging_mixin.py:188} INFO - [2024-07-25T03:46:57.552+0000] {dag.py:3947} INFO - Setting next_dagrun for example_subdag_operator to 2022-01-01 00:00:00+00:00, run_after=2022-01-01 00:00:00+00:00
[2024-07-25T03:46:57.554+0000] {logging_mixin.py:188} INFO - [2024-07-25T03:46:57.554+0000] {dag.py:3947} INFO - Setting next_dagrun for example_subdag_operator.section-1 to None, run_after=None
[2024-07-25T03:46:57.555+0000] {logging_mixin.py:188} INFO - [2024-07-25T03:46:57.555+0000] {dag.py:3947} INFO - Setting next_dagrun for example_subdag_operator.section-2 to None, run_after=None
[2024-07-25T03:46:57.559+0000] {logging_mixin.py:188} INFO - [2024-07-25T03:46:57.559+0000] {dag.py:3089} INFO - Sync 2 DAGs
[2024-07-25T03:46:57.561+0000] {logging_mixin.py:188} INFO - [2024-07-25T03:46:57.561+0000] {dag.py:3947} INFO - Setting next_dagrun for example_subdag_operator.section-1 to None, run_after=None
[2024-07-25T03:46:57.562+0000] {logging_mixin.py:188} INFO - [2024-07-25T03:46:57.562+0000] {dag.py:3947} INFO - Setting next_dagrun for example_subdag_operator.section-2 to None, run_after=None
[2024-07-25T03:46:57.568+0000] {processor.py:183} INFO - Processing /home/airflow/.local/lib/python3.12/site-packages/airflow/example_dags/example_subdag_operator.py took 0.054 seconds
[2024-07-25T03:47:27.847+0000] {processor.py:161} INFO - Started process (PID=844) to work on /home/airflow/.local/lib/python3.12/site-packages/airflow/example_dags/example_subdag_operator.py
[2024-07-25T03:47:27.848+0000] {processor.py:830} INFO - Processing file /home/airflow/.local/lib/python3.12/site-packages/airflow/example_dags/example_subdag_operator.py for tasks to queue
[2024-07-25T03:47:27.849+0000] {logging_mixin.py:188} INFO - [2024-07-25T03:47:27.848+0000] {dagbag.py:545} INFO - Filling up the DagBag from /home/airflow/.local/lib/python3.12/site-packages/airflow/example_dags/example_subdag_operator.py
[2024-07-25T03:47:27.863+0000] {processor.py:840} INFO - DAG(s) 'example_subdag_operator.section-1', 'example_subdag_operator.section-2', 'example_subdag_operator' retrieved from /home/airflow/.local/lib/python3.12/site-packages/airflow/example_dags/example_subdag_operator.py
[2024-07-25T03:47:27.871+0000] {logging_mixin.py:188} INFO - [2024-07-25T03:47:27.870+0000] {dag.py:3089} INFO - Sync 3 DAGs
[2024-07-25T03:47:27.881+0000] {logging_mixin.py:188} INFO - [2024-07-25T03:47:27.881+0000] {dag.py:3947} INFO - Setting next_dagrun for example_subdag_operator to 2022-01-01 00:00:00+00:00, run_after=2022-01-01 00:00:00+00:00
[2024-07-25T03:47:27.882+0000] {logging_mixin.py:188} INFO - [2024-07-25T03:47:27.882+0000] {dag.py:3947} INFO - Setting next_dagrun for example_subdag_operator.section-1 to None, run_after=None
[2024-07-25T03:47:27.883+0000] {logging_mixin.py:188} INFO - [2024-07-25T03:47:27.883+0000] {dag.py:3947} INFO - Setting next_dagrun for example_subdag_operator.section-2 to None, run_after=None
[2024-07-25T03:47:27.886+0000] {logging_mixin.py:188} INFO - [2024-07-25T03:47:27.886+0000] {dag.py:3089} INFO - Sync 2 DAGs
[2024-07-25T03:47:27.888+0000] {logging_mixin.py:188} INFO - [2024-07-25T03:47:27.888+0000] {dag.py:3947} INFO - Setting next_dagrun for example_subdag_operator.section-1 to None, run_after=None
[2024-07-25T03:47:27.889+0000] {logging_mixin.py:188} INFO - [2024-07-25T03:47:27.889+0000] {dag.py:3947} INFO - Setting next_dagrun for example_subdag_operator.section-2 to None, run_after=None
[2024-07-25T03:47:27.893+0000] {processor.py:183} INFO - Processing /home/airflow/.local/lib/python3.12/site-packages/airflow/example_dags/example_subdag_operator.py took 0.050 seconds
[2024-07-25T03:47:57.993+0000] {processor.py:161} INFO - Started process (PID=902) to work on /home/airflow/.local/lib/python3.12/site-packages/airflow/example_dags/example_subdag_operator.py
[2024-07-25T03:47:57.994+0000] {processor.py:830} INFO - Processing file /home/airflow/.local/lib/python3.12/site-packages/airflow/example_dags/example_subdag_operator.py for tasks to queue
[2024-07-25T03:47:57.995+0000] {logging_mixin.py:188} INFO - [2024-07-25T03:47:57.995+0000] {dagbag.py:545} INFO - Filling up the DagBag from /home/airflow/.local/lib/python3.12/site-packages/airflow/example_dags/example_subdag_operator.py
[2024-07-25T03:47:58.013+0000] {processor.py:840} INFO - DAG(s) 'example_subdag_operator.section-1', 'example_subdag_operator.section-2', 'example_subdag_operator' retrieved from /home/airflow/.local/lib/python3.12/site-packages/airflow/example_dags/example_subdag_operator.py
[2024-07-25T03:47:58.031+0000] {logging_mixin.py:188} INFO - [2024-07-25T03:47:58.031+0000] {dag.py:3089} INFO - Sync 3 DAGs
[2024-07-25T03:47:58.047+0000] {logging_mixin.py:188} INFO - [2024-07-25T03:47:58.046+0000] {dag.py:3947} INFO - Setting next_dagrun for example_subdag_operator to 2022-01-01 00:00:00+00:00, run_after=2022-01-01 00:00:00+00:00
[2024-07-25T03:47:58.049+0000] {logging_mixin.py:188} INFO - [2024-07-25T03:47:58.049+0000] {dag.py:3947} INFO - Setting next_dagrun for example_subdag_operator.section-1 to None, run_after=None
[2024-07-25T03:47:58.050+0000] {logging_mixin.py:188} INFO - [2024-07-25T03:47:58.050+0000] {dag.py:3947} INFO - Setting next_dagrun for example_subdag_operator.section-2 to None, run_after=None
[2024-07-25T03:47:58.054+0000] {logging_mixin.py:188} INFO - [2024-07-25T03:47:58.054+0000] {dag.py:3089} INFO - Sync 2 DAGs
[2024-07-25T03:47:58.057+0000] {logging_mixin.py:188} INFO - [2024-07-25T03:47:58.057+0000] {dag.py:3947} INFO - Setting next_dagrun for example_subdag_operator.section-1 to None, run_after=None
[2024-07-25T03:47:58.058+0000] {logging_mixin.py:188} INFO - [2024-07-25T03:47:58.057+0000] {dag.py:3947} INFO - Setting next_dagrun for example_subdag_operator.section-2 to None, run_after=None
[2024-07-25T03:47:58.064+0000] {processor.py:183} INFO - Processing /home/airflow/.local/lib/python3.12/site-packages/airflow/example_dags/example_subdag_operator.py took 0.075 seconds
[2024-07-25T03:48:28.134+0000] {processor.py:161} INFO - Started process (PID=960) to work on /home/airflow/.local/lib/python3.12/site-packages/airflow/example_dags/example_subdag_operator.py
[2024-07-25T03:48:28.135+0000] {processor.py:830} INFO - Processing file /home/airflow/.local/lib/python3.12/site-packages/airflow/example_dags/example_subdag_operator.py for tasks to queue
[2024-07-25T03:48:28.136+0000] {logging_mixin.py:188} INFO - [2024-07-25T03:48:28.136+0000] {dagbag.py:545} INFO - Filling up the DagBag from /home/airflow/.local/lib/python3.12/site-packages/airflow/example_dags/example_subdag_operator.py
[2024-07-25T03:48:28.149+0000] {processor.py:840} INFO - DAG(s) 'example_subdag_operator.section-1', 'example_subdag_operator.section-2', 'example_subdag_operator' retrieved from /home/airflow/.local/lib/python3.12/site-packages/airflow/example_dags/example_subdag_operator.py
[2024-07-25T03:48:28.157+0000] {logging_mixin.py:188} INFO - [2024-07-25T03:48:28.157+0000] {dag.py:3089} INFO - Sync 3 DAGs
[2024-07-25T03:48:28.167+0000] {logging_mixin.py:188} INFO - [2024-07-25T03:48:28.167+0000] {dag.py:3947} INFO - Setting next_dagrun for example_subdag_operator to 2022-01-01 00:00:00+00:00, run_after=2022-01-01 00:00:00+00:00
[2024-07-25T03:48:28.169+0000] {logging_mixin.py:188} INFO - [2024-07-25T03:48:28.169+0000] {dag.py:3947} INFO - Setting next_dagrun for example_subdag_operator.section-1 to None, run_after=None
[2024-07-25T03:48:28.170+0000] {logging_mixin.py:188} INFO - [2024-07-25T03:48:28.169+0000] {dag.py:3947} INFO - Setting next_dagrun for example_subdag_operator.section-2 to None, run_after=None
[2024-07-25T03:48:28.173+0000] {logging_mixin.py:188} INFO - [2024-07-25T03:48:28.173+0000] {dag.py:3089} INFO - Sync 2 DAGs
[2024-07-25T03:48:28.175+0000] {logging_mixin.py:188} INFO - [2024-07-25T03:48:28.175+0000] {dag.py:3947} INFO - Setting next_dagrun for example_subdag_operator.section-1 to None, run_after=None
[2024-07-25T03:48:28.176+0000] {logging_mixin.py:188} INFO - [2024-07-25T03:48:28.175+0000] {dag.py:3947} INFO - Setting next_dagrun for example_subdag_operator.section-2 to None, run_after=None
[2024-07-25T03:48:28.180+0000] {processor.py:183} INFO - Processing /home/airflow/.local/lib/python3.12/site-packages/airflow/example_dags/example_subdag_operator.py took 0.050 seconds
[2024-07-25T03:48:58.361+0000] {processor.py:161} INFO - Started process (PID=1018) to work on /home/airflow/.local/lib/python3.12/site-packages/airflow/example_dags/example_subdag_operator.py
[2024-07-25T03:48:58.362+0000] {processor.py:830} INFO - Processing file /home/airflow/.local/lib/python3.12/site-packages/airflow/example_dags/example_subdag_operator.py for tasks to queue
[2024-07-25T03:48:58.363+0000] {logging_mixin.py:188} INFO - [2024-07-25T03:48:58.363+0000] {dagbag.py:545} INFO - Filling up the DagBag from /home/airflow/.local/lib/python3.12/site-packages/airflow/example_dags/example_subdag_operator.py
[2024-07-25T03:48:58.380+0000] {processor.py:840} INFO - DAG(s) 'example_subdag_operator.section-1', 'example_subdag_operator.section-2', 'example_subdag_operator' retrieved from /home/airflow/.local/lib/python3.12/site-packages/airflow/example_dags/example_subdag_operator.py
[2024-07-25T03:48:58.388+0000] {logging_mixin.py:188} INFO - [2024-07-25T03:48:58.388+0000] {dag.py:3089} INFO - Sync 3 DAGs
[2024-07-25T03:48:58.399+0000] {logging_mixin.py:188} INFO - [2024-07-25T03:48:58.399+0000] {dag.py:3947} INFO - Setting next_dagrun for example_subdag_operator to 2022-01-01 00:00:00+00:00, run_after=2022-01-01 00:00:00+00:00
[2024-07-25T03:48:58.401+0000] {logging_mixin.py:188} INFO - [2024-07-25T03:48:58.401+0000] {dag.py:3947} INFO - Setting next_dagrun for example_subdag_operator.section-1 to None, run_after=None
[2024-07-25T03:48:58.402+0000] {logging_mixin.py:188} INFO - [2024-07-25T03:48:58.402+0000] {dag.py:3947} INFO - Setting next_dagrun for example_subdag_operator.section-2 to None, run_after=None
[2024-07-25T03:48:58.406+0000] {logging_mixin.py:188} INFO - [2024-07-25T03:48:58.406+0000] {dag.py:3089} INFO - Sync 2 DAGs
[2024-07-25T03:48:58.409+0000] {logging_mixin.py:188} INFO - [2024-07-25T03:48:58.409+0000] {dag.py:3947} INFO - Setting next_dagrun for example_subdag_operator.section-1 to None, run_after=None
[2024-07-25T03:48:58.409+0000] {logging_mixin.py:188} INFO - [2024-07-25T03:48:58.409+0000] {dag.py:3947} INFO - Setting next_dagrun for example_subdag_operator.section-2 to None, run_after=None
[2024-07-25T03:48:58.414+0000] {processor.py:183} INFO - Processing /home/airflow/.local/lib/python3.12/site-packages/airflow/example_dags/example_subdag_operator.py took 0.057 seconds
[2024-07-25T03:49:28.800+0000] {processor.py:161} INFO - Started process (PID=1076) to work on /home/airflow/.local/lib/python3.12/site-packages/airflow/example_dags/example_subdag_operator.py
[2024-07-25T03:49:28.801+0000] {processor.py:830} INFO - Processing file /home/airflow/.local/lib/python3.12/site-packages/airflow/example_dags/example_subdag_operator.py for tasks to queue
[2024-07-25T03:49:28.802+0000] {logging_mixin.py:188} INFO - [2024-07-25T03:49:28.802+0000] {dagbag.py:545} INFO - Filling up the DagBag from /home/airflow/.local/lib/python3.12/site-packages/airflow/example_dags/example_subdag_operator.py
[2024-07-25T03:49:28.820+0000] {processor.py:840} INFO - DAG(s) 'example_subdag_operator.section-1', 'example_subdag_operator.section-2', 'example_subdag_operator' retrieved from /home/airflow/.local/lib/python3.12/site-packages/airflow/example_dags/example_subdag_operator.py
[2024-07-25T03:49:28.830+0000] {logging_mixin.py:188} INFO - [2024-07-25T03:49:28.830+0000] {dag.py:3089} INFO - Sync 3 DAGs
[2024-07-25T03:49:28.841+0000] {logging_mixin.py:188} INFO - [2024-07-25T03:49:28.841+0000] {dag.py:3947} INFO - Setting next_dagrun for example_subdag_operator to 2022-01-01 00:00:00+00:00, run_after=2022-01-01 00:00:00+00:00
[2024-07-25T03:49:28.843+0000] {logging_mixin.py:188} INFO - [2024-07-25T03:49:28.843+0000] {dag.py:3947} INFO - Setting next_dagrun for example_subdag_operator.section-1 to None, run_after=None
[2024-07-25T03:49:28.844+0000] {logging_mixin.py:188} INFO - [2024-07-25T03:49:28.844+0000] {dag.py:3947} INFO - Setting next_dagrun for example_subdag_operator.section-2 to None, run_after=None
[2024-07-25T03:49:28.849+0000] {logging_mixin.py:188} INFO - [2024-07-25T03:49:28.848+0000] {dag.py:3089} INFO - Sync 2 DAGs
[2024-07-25T03:49:28.851+0000] {logging_mixin.py:188} INFO - [2024-07-25T03:49:28.851+0000] {dag.py:3947} INFO - Setting next_dagrun for example_subdag_operator.section-1 to None, run_after=None
[2024-07-25T03:49:28.851+0000] {logging_mixin.py:188} INFO - [2024-07-25T03:49:28.851+0000] {dag.py:3947} INFO - Setting next_dagrun for example_subdag_operator.section-2 to None, run_after=None
[2024-07-25T03:49:28.856+0000] {processor.py:183} INFO - Processing /home/airflow/.local/lib/python3.12/site-packages/airflow/example_dags/example_subdag_operator.py took 0.059 seconds
[2024-07-25T03:49:59.107+0000] {processor.py:161} INFO - Started process (PID=1134) to work on /home/airflow/.local/lib/python3.12/site-packages/airflow/example_dags/example_subdag_operator.py
[2024-07-25T03:49:59.108+0000] {processor.py:830} INFO - Processing file /home/airflow/.local/lib/python3.12/site-packages/airflow/example_dags/example_subdag_operator.py for tasks to queue
[2024-07-25T03:49:59.109+0000] {logging_mixin.py:188} INFO - [2024-07-25T03:49:59.109+0000] {dagbag.py:545} INFO - Filling up the DagBag from /home/airflow/.local/lib/python3.12/site-packages/airflow/example_dags/example_subdag_operator.py
[2024-07-25T03:49:59.124+0000] {processor.py:840} INFO - DAG(s) 'example_subdag_operator.section-1', 'example_subdag_operator.section-2', 'example_subdag_operator' retrieved from /home/airflow/.local/lib/python3.12/site-packages/airflow/example_dags/example_subdag_operator.py
[2024-07-25T03:49:59.131+0000] {logging_mixin.py:188} INFO - [2024-07-25T03:49:59.131+0000] {dag.py:3089} INFO - Sync 3 DAGs
[2024-07-25T03:49:59.142+0000] {logging_mixin.py:188} INFO - [2024-07-25T03:49:59.141+0000] {dag.py:3947} INFO - Setting next_dagrun for example_subdag_operator to 2022-01-01 00:00:00+00:00, run_after=2022-01-01 00:00:00+00:00
[2024-07-25T03:49:59.143+0000] {logging_mixin.py:188} INFO - [2024-07-25T03:49:59.143+0000] {dag.py:3947} INFO - Setting next_dagrun for example_subdag_operator.section-1 to None, run_after=None
[2024-07-25T03:49:59.144+0000] {logging_mixin.py:188} INFO - [2024-07-25T03:49:59.144+0000] {dag.py:3947} INFO - Setting next_dagrun for example_subdag_operator.section-2 to None, run_after=None
[2024-07-25T03:49:59.147+0000] {logging_mixin.py:188} INFO - [2024-07-25T03:49:59.147+0000] {dag.py:3089} INFO - Sync 2 DAGs
[2024-07-25T03:49:59.149+0000] {logging_mixin.py:188} INFO - [2024-07-25T03:49:59.149+0000] {dag.py:3947} INFO - Setting next_dagrun for example_subdag_operator.section-1 to None, run_after=None
[2024-07-25T03:49:59.150+0000] {logging_mixin.py:188} INFO - [2024-07-25T03:49:59.150+0000] {dag.py:3947} INFO - Setting next_dagrun for example_subdag_operator.section-2 to None, run_after=None
[2024-07-25T03:49:59.154+0000] {processor.py:183} INFO - Processing /home/airflow/.local/lib/python3.12/site-packages/airflow/example_dags/example_subdag_operator.py took 0.051 seconds
[2024-07-25T03:50:29.312+0000] {processor.py:161} INFO - Started process (PID=1192) to work on /home/airflow/.local/lib/python3.12/site-packages/airflow/example_dags/example_subdag_operator.py
[2024-07-25T03:50:29.314+0000] {processor.py:830} INFO - Processing file /home/airflow/.local/lib/python3.12/site-packages/airflow/example_dags/example_subdag_operator.py for tasks to queue
[2024-07-25T03:50:29.316+0000] {logging_mixin.py:188} INFO - [2024-07-25T03:50:29.315+0000] {dagbag.py:545} INFO - Filling up the DagBag from /home/airflow/.local/lib/python3.12/site-packages/airflow/example_dags/example_subdag_operator.py
[2024-07-25T03:50:29.329+0000] {processor.py:840} INFO - DAG(s) 'example_subdag_operator.section-1', 'example_subdag_operator.section-2', 'example_subdag_operator' retrieved from /home/airflow/.local/lib/python3.12/site-packages/airflow/example_dags/example_subdag_operator.py
[2024-07-25T03:50:29.337+0000] {logging_mixin.py:188} INFO - [2024-07-25T03:50:29.337+0000] {dag.py:3089} INFO - Sync 3 DAGs
[2024-07-25T03:50:29.347+0000] {logging_mixin.py:188} INFO - [2024-07-25T03:50:29.347+0000] {dag.py:3947} INFO - Setting next_dagrun for example_subdag_operator to 2022-01-01 00:00:00+00:00, run_after=2022-01-01 00:00:00+00:00
[2024-07-25T03:50:29.349+0000] {logging_mixin.py:188} INFO - [2024-07-25T03:50:29.349+0000] {dag.py:3947} INFO - Setting next_dagrun for example_subdag_operator.section-1 to None, run_after=None
[2024-07-25T03:50:29.350+0000] {logging_mixin.py:188} INFO - [2024-07-25T03:50:29.350+0000] {dag.py:3947} INFO - Setting next_dagrun for example_subdag_operator.section-2 to None, run_after=None
[2024-07-25T03:50:29.353+0000] {logging_mixin.py:188} INFO - [2024-07-25T03:50:29.353+0000] {dag.py:3089} INFO - Sync 2 DAGs
[2024-07-25T03:50:29.356+0000] {logging_mixin.py:188} INFO - [2024-07-25T03:50:29.356+0000] {dag.py:3947} INFO - Setting next_dagrun for example_subdag_operator.section-1 to None, run_after=None
[2024-07-25T03:50:29.357+0000] {logging_mixin.py:188} INFO - [2024-07-25T03:50:29.357+0000] {dag.py:3947} INFO - Setting next_dagrun for example_subdag_operator.section-2 to None, run_after=None
[2024-07-25T03:50:29.362+0000] {processor.py:183} INFO - Processing /home/airflow/.local/lib/python3.12/site-packages/airflow/example_dags/example_subdag_operator.py took 0.054 seconds
[2024-07-25T03:50:59.504+0000] {processor.py:161} INFO - Started process (PID=1250) to work on /home/airflow/.local/lib/python3.12/site-packages/airflow/example_dags/example_subdag_operator.py
[2024-07-25T03:50:59.505+0000] {processor.py:830} INFO - Processing file /home/airflow/.local/lib/python3.12/site-packages/airflow/example_dags/example_subdag_operator.py for tasks to queue
[2024-07-25T03:50:59.507+0000] {logging_mixin.py:188} INFO - [2024-07-25T03:50:59.507+0000] {dagbag.py:545} INFO - Filling up the DagBag from /home/airflow/.local/lib/python3.12/site-packages/airflow/example_dags/example_subdag_operator.py
[2024-07-25T03:50:59.526+0000] {processor.py:840} INFO - DAG(s) 'example_subdag_operator.section-1', 'example_subdag_operator.section-2', 'example_subdag_operator' retrieved from /home/airflow/.local/lib/python3.12/site-packages/airflow/example_dags/example_subdag_operator.py
[2024-07-25T03:50:59.535+0000] {logging_mixin.py:188} INFO - [2024-07-25T03:50:59.535+0000] {dag.py:3089} INFO - Sync 3 DAGs
[2024-07-25T03:50:59.547+0000] {logging_mixin.py:188} INFO - [2024-07-25T03:50:59.546+0000] {dag.py:3947} INFO - Setting next_dagrun for example_subdag_operator to 2022-01-01 00:00:00+00:00, run_after=2022-01-01 00:00:00+00:00
[2024-07-25T03:50:59.549+0000] {logging_mixin.py:188} INFO - [2024-07-25T03:50:59.549+0000] {dag.py:3947} INFO - Setting next_dagrun for example_subdag_operator.section-1 to None, run_after=None
[2024-07-25T03:50:59.550+0000] {logging_mixin.py:188} INFO - [2024-07-25T03:50:59.549+0000] {dag.py:3947} INFO - Setting next_dagrun for example_subdag_operator.section-2 to None, run_after=None
[2024-07-25T03:50:59.554+0000] {logging_mixin.py:188} INFO - [2024-07-25T03:50:59.554+0000] {dag.py:3089} INFO - Sync 2 DAGs
[2024-07-25T03:50:59.556+0000] {logging_mixin.py:188} INFO - [2024-07-25T03:50:59.556+0000] {dag.py:3947} INFO - Setting next_dagrun for example_subdag_operator.section-1 to None, run_after=None
[2024-07-25T03:50:59.557+0000] {logging_mixin.py:188} INFO - [2024-07-25T03:50:59.557+0000] {dag.py:3947} INFO - Setting next_dagrun for example_subdag_operator.section-2 to None, run_after=None
[2024-07-25T03:50:59.562+0000] {processor.py:183} INFO - Processing /home/airflow/.local/lib/python3.12/site-packages/airflow/example_dags/example_subdag_operator.py took 0.063 seconds
[2024-07-25T03:51:29.748+0000] {processor.py:161} INFO - Started process (PID=1308) to work on /home/airflow/.local/lib/python3.12/site-packages/airflow/example_dags/example_subdag_operator.py
[2024-07-25T03:51:29.749+0000] {processor.py:830} INFO - Processing file /home/airflow/.local/lib/python3.12/site-packages/airflow/example_dags/example_subdag_operator.py for tasks to queue
[2024-07-25T03:51:29.750+0000] {logging_mixin.py:188} INFO - [2024-07-25T03:51:29.750+0000] {dagbag.py:545} INFO - Filling up the DagBag from /home/airflow/.local/lib/python3.12/site-packages/airflow/example_dags/example_subdag_operator.py
[2024-07-25T03:51:29.763+0000] {processor.py:840} INFO - DAG(s) 'example_subdag_operator.section-1', 'example_subdag_operator.section-2', 'example_subdag_operator' retrieved from /home/airflow/.local/lib/python3.12/site-packages/airflow/example_dags/example_subdag_operator.py
[2024-07-25T03:51:29.771+0000] {logging_mixin.py:188} INFO - [2024-07-25T03:51:29.771+0000] {dag.py:3089} INFO - Sync 3 DAGs
[2024-07-25T03:51:29.782+0000] {logging_mixin.py:188} INFO - [2024-07-25T03:51:29.782+0000] {dag.py:3947} INFO - Setting next_dagrun for example_subdag_operator to 2022-01-01 00:00:00+00:00, run_after=2022-01-01 00:00:00+00:00
[2024-07-25T03:51:29.785+0000] {logging_mixin.py:188} INFO - [2024-07-25T03:51:29.785+0000] {dag.py:3947} INFO - Setting next_dagrun for example_subdag_operator.section-1 to None, run_after=None
[2024-07-25T03:51:29.785+0000] {logging_mixin.py:188} INFO - [2024-07-25T03:51:29.785+0000] {dag.py:3947} INFO - Setting next_dagrun for example_subdag_operator.section-2 to None, run_after=None
[2024-07-25T03:51:29.789+0000] {logging_mixin.py:188} INFO - [2024-07-25T03:51:29.789+0000] {dag.py:3089} INFO - Sync 2 DAGs
[2024-07-25T03:51:29.791+0000] {logging_mixin.py:188} INFO - [2024-07-25T03:51:29.791+0000] {dag.py:3947} INFO - Setting next_dagrun for example_subdag_operator.section-1 to None, run_after=None
[2024-07-25T03:51:29.792+0000] {logging_mixin.py:188} INFO - [2024-07-25T03:51:29.792+0000] {dag.py:3947} INFO - Setting next_dagrun for example_subdag_operator.section-2 to None, run_after=None
[2024-07-25T03:51:29.796+0000] {processor.py:183} INFO - Processing /home/airflow/.local/lib/python3.12/site-packages/airflow/example_dags/example_subdag_operator.py took 0.053 seconds
[2024-07-25T03:51:59.859+0000] {processor.py:161} INFO - Started process (PID=1366) to work on /home/airflow/.local/lib/python3.12/site-packages/airflow/example_dags/example_subdag_operator.py
[2024-07-25T03:51:59.860+0000] {processor.py:830} INFO - Processing file /home/airflow/.local/lib/python3.12/site-packages/airflow/example_dags/example_subdag_operator.py for tasks to queue
[2024-07-25T03:51:59.862+0000] {logging_mixin.py:188} INFO - [2024-07-25T03:51:59.862+0000] {dagbag.py:545} INFO - Filling up the DagBag from /home/airflow/.local/lib/python3.12/site-packages/airflow/example_dags/example_subdag_operator.py
[2024-07-25T03:51:59.875+0000] {processor.py:840} INFO - DAG(s) 'example_subdag_operator.section-1', 'example_subdag_operator.section-2', 'example_subdag_operator' retrieved from /home/airflow/.local/lib/python3.12/site-packages/airflow/example_dags/example_subdag_operator.py
[2024-07-25T03:51:59.882+0000] {logging_mixin.py:188} INFO - [2024-07-25T03:51:59.882+0000] {dag.py:3089} INFO - Sync 3 DAGs
[2024-07-25T03:51:59.893+0000] {logging_mixin.py:188} INFO - [2024-07-25T03:51:59.893+0000] {dag.py:3947} INFO - Setting next_dagrun for example_subdag_operator to 2022-01-01 00:00:00+00:00, run_after=2022-01-01 00:00:00+00:00
[2024-07-25T03:51:59.895+0000] {logging_mixin.py:188} INFO - [2024-07-25T03:51:59.895+0000] {dag.py:3947} INFO - Setting next_dagrun for example_subdag_operator.section-1 to None, run_after=None
[2024-07-25T03:51:59.895+0000] {logging_mixin.py:188} INFO - [2024-07-25T03:51:59.895+0000] {dag.py:3947} INFO - Setting next_dagrun for example_subdag_operator.section-2 to None, run_after=None
[2024-07-25T03:51:59.898+0000] {logging_mixin.py:188} INFO - [2024-07-25T03:51:59.898+0000] {dag.py:3089} INFO - Sync 2 DAGs
[2024-07-25T03:51:59.901+0000] {logging_mixin.py:188} INFO - [2024-07-25T03:51:59.901+0000] {dag.py:3947} INFO - Setting next_dagrun for example_subdag_operator.section-1 to None, run_after=None
[2024-07-25T03:51:59.902+0000] {logging_mixin.py:188} INFO - [2024-07-25T03:51:59.901+0000] {dag.py:3947} INFO - Setting next_dagrun for example_subdag_operator.section-2 to None, run_after=None
[2024-07-25T03:51:59.906+0000] {processor.py:183} INFO - Processing /home/airflow/.local/lib/python3.12/site-packages/airflow/example_dags/example_subdag_operator.py took 0.051 seconds
[2024-07-25T03:52:30.082+0000] {processor.py:161} INFO - Started process (PID=1424) to work on /home/airflow/.local/lib/python3.12/site-packages/airflow/example_dags/example_subdag_operator.py
[2024-07-25T03:52:30.083+0000] {processor.py:830} INFO - Processing file /home/airflow/.local/lib/python3.12/site-packages/airflow/example_dags/example_subdag_operator.py for tasks to queue
[2024-07-25T03:52:30.085+0000] {logging_mixin.py:188} INFO - [2024-07-25T03:52:30.085+0000] {dagbag.py:545} INFO - Filling up the DagBag from /home/airflow/.local/lib/python3.12/site-packages/airflow/example_dags/example_subdag_operator.py
[2024-07-25T03:52:30.099+0000] {processor.py:840} INFO - DAG(s) 'example_subdag_operator.section-1', 'example_subdag_operator.section-2', 'example_subdag_operator' retrieved from /home/airflow/.local/lib/python3.12/site-packages/airflow/example_dags/example_subdag_operator.py
[2024-07-25T03:52:30.107+0000] {logging_mixin.py:188} INFO - [2024-07-25T03:52:30.106+0000] {dag.py:3089} INFO - Sync 3 DAGs
[2024-07-25T03:52:30.117+0000] {logging_mixin.py:188} INFO - [2024-07-25T03:52:30.117+0000] {dag.py:3947} INFO - Setting next_dagrun for example_subdag_operator to 2022-01-01 00:00:00+00:00, run_after=2022-01-01 00:00:00+00:00
[2024-07-25T03:52:30.119+0000] {logging_mixin.py:188} INFO - [2024-07-25T03:52:30.119+0000] {dag.py:3947} INFO - Setting next_dagrun for example_subdag_operator.section-1 to None, run_after=None
[2024-07-25T03:52:30.120+0000] {logging_mixin.py:188} INFO - [2024-07-25T03:52:30.120+0000] {dag.py:3947} INFO - Setting next_dagrun for example_subdag_operator.section-2 to None, run_after=None
[2024-07-25T03:52:30.123+0000] {logging_mixin.py:188} INFO - [2024-07-25T03:52:30.123+0000] {dag.py:3089} INFO - Sync 2 DAGs
[2024-07-25T03:52:30.126+0000] {logging_mixin.py:188} INFO - [2024-07-25T03:52:30.126+0000] {dag.py:3947} INFO - Setting next_dagrun for example_subdag_operator.section-1 to None, run_after=None
[2024-07-25T03:52:30.126+0000] {logging_mixin.py:188} INFO - [2024-07-25T03:52:30.126+0000] {dag.py:3947} INFO - Setting next_dagrun for example_subdag_operator.section-2 to None, run_after=None
[2024-07-25T03:52:30.130+0000] {processor.py:183} INFO - Processing /home/airflow/.local/lib/python3.12/site-packages/airflow/example_dags/example_subdag_operator.py took 0.052 seconds
[2024-07-25T04:03:45.596+0000] {processor.py:161} INFO - Started process (PID=32) to work on /home/airflow/.local/lib/python3.12/site-packages/airflow/example_dags/example_subdag_operator.py
[2024-07-25T04:03:45.598+0000] {processor.py:830} INFO - Processing file /home/airflow/.local/lib/python3.12/site-packages/airflow/example_dags/example_subdag_operator.py for tasks to queue
[2024-07-25T04:03:45.599+0000] {logging_mixin.py:188} INFO - [2024-07-25T04:03:45.599+0000] {dagbag.py:545} INFO - Filling up the DagBag from /home/airflow/.local/lib/python3.12/site-packages/airflow/example_dags/example_subdag_operator.py
[2024-07-25T04:03:45.618+0000] {processor.py:840} INFO - DAG(s) 'example_subdag_operator.section-1', 'example_subdag_operator.section-2', 'example_subdag_operator' retrieved from /home/airflow/.local/lib/python3.12/site-packages/airflow/example_dags/example_subdag_operator.py
[2024-07-25T04:03:45.620+0000] {logging_mixin.py:188} INFO - [2024-07-25T04:03:45.620+0000] {dag.py:3089} INFO - Sync 3 DAGs
[2024-07-25T04:03:45.636+0000] {logging_mixin.py:188} INFO - [2024-07-25T04:03:45.636+0000] {dag.py:3947} INFO - Setting next_dagrun for example_subdag_operator to 2022-01-01 00:00:00+00:00, run_after=2022-01-01 00:00:00+00:00
[2024-07-25T04:03:45.638+0000] {logging_mixin.py:188} INFO - [2024-07-25T04:03:45.638+0000] {dag.py:3947} INFO - Setting next_dagrun for example_subdag_operator.section-1 to None, run_after=None
[2024-07-25T04:03:45.639+0000] {logging_mixin.py:188} INFO - [2024-07-25T04:03:45.639+0000] {dag.py:3947} INFO - Setting next_dagrun for example_subdag_operator.section-2 to None, run_after=None
[2024-07-25T04:03:45.644+0000] {logging_mixin.py:188} INFO - [2024-07-25T04:03:45.644+0000] {dag.py:3089} INFO - Sync 2 DAGs
[2024-07-25T04:03:45.647+0000] {logging_mixin.py:188} INFO - [2024-07-25T04:03:45.647+0000] {dag.py:3947} INFO - Setting next_dagrun for example_subdag_operator.section-1 to None, run_after=None
[2024-07-25T04:03:45.647+0000] {logging_mixin.py:188} INFO - [2024-07-25T04:03:45.647+0000] {dag.py:3947} INFO - Setting next_dagrun for example_subdag_operator.section-2 to None, run_after=None
[2024-07-25T04:03:45.654+0000] {processor.py:183} INFO - Processing /home/airflow/.local/lib/python3.12/site-packages/airflow/example_dags/example_subdag_operator.py took 0.062 seconds
[2024-07-25T04:04:16.590+0000] {processor.py:161} INFO - Started process (PID=90) to work on /home/airflow/.local/lib/python3.12/site-packages/airflow/example_dags/example_subdag_operator.py
[2024-07-25T04:04:16.591+0000] {processor.py:830} INFO - Processing file /home/airflow/.local/lib/python3.12/site-packages/airflow/example_dags/example_subdag_operator.py for tasks to queue
[2024-07-25T04:04:16.592+0000] {logging_mixin.py:188} INFO - [2024-07-25T04:04:16.592+0000] {dagbag.py:545} INFO - Filling up the DagBag from /home/airflow/.local/lib/python3.12/site-packages/airflow/example_dags/example_subdag_operator.py
[2024-07-25T04:04:16.607+0000] {processor.py:840} INFO - DAG(s) 'example_subdag_operator.section-1', 'example_subdag_operator.section-2', 'example_subdag_operator' retrieved from /home/airflow/.local/lib/python3.12/site-packages/airflow/example_dags/example_subdag_operator.py
[2024-07-25T04:04:16.653+0000] {logging_mixin.py:188} INFO - [2024-07-25T04:04:16.653+0000] {dag.py:3089} INFO - Sync 3 DAGs
[2024-07-25T04:04:16.662+0000] {logging_mixin.py:188} INFO - [2024-07-25T04:04:16.662+0000] {dag.py:3947} INFO - Setting next_dagrun for example_subdag_operator to 2022-01-01 00:00:00+00:00, run_after=2022-01-01 00:00:00+00:00
[2024-07-25T04:04:16.664+0000] {logging_mixin.py:188} INFO - [2024-07-25T04:04:16.664+0000] {dag.py:3947} INFO - Setting next_dagrun for example_subdag_operator.section-1 to None, run_after=None
[2024-07-25T04:04:16.665+0000] {logging_mixin.py:188} INFO - [2024-07-25T04:04:16.665+0000] {dag.py:3947} INFO - Setting next_dagrun for example_subdag_operator.section-2 to None, run_after=None
[2024-07-25T04:04:16.669+0000] {logging_mixin.py:188} INFO - [2024-07-25T04:04:16.669+0000] {dag.py:3089} INFO - Sync 2 DAGs
[2024-07-25T04:04:16.671+0000] {logging_mixin.py:188} INFO - [2024-07-25T04:04:16.671+0000] {dag.py:3947} INFO - Setting next_dagrun for example_subdag_operator.section-1 to None, run_after=None
[2024-07-25T04:04:16.672+0000] {logging_mixin.py:188} INFO - [2024-07-25T04:04:16.672+0000] {dag.py:3947} INFO - Setting next_dagrun for example_subdag_operator.section-2 to None, run_after=None
[2024-07-25T04:04:16.677+0000] {processor.py:183} INFO - Processing /home/airflow/.local/lib/python3.12/site-packages/airflow/example_dags/example_subdag_operator.py took 0.090 seconds
[2024-07-25T04:04:47.232+0000] {processor.py:161} INFO - Started process (PID=148) to work on /home/airflow/.local/lib/python3.12/site-packages/airflow/example_dags/example_subdag_operator.py
[2024-07-25T04:04:47.234+0000] {processor.py:830} INFO - Processing file /home/airflow/.local/lib/python3.12/site-packages/airflow/example_dags/example_subdag_operator.py for tasks to queue
[2024-07-25T04:04:47.235+0000] {logging_mixin.py:188} INFO - [2024-07-25T04:04:47.235+0000] {dagbag.py:545} INFO - Filling up the DagBag from /home/airflow/.local/lib/python3.12/site-packages/airflow/example_dags/example_subdag_operator.py
[2024-07-25T04:04:47.259+0000] {processor.py:840} INFO - DAG(s) 'example_subdag_operator.section-1', 'example_subdag_operator.section-2', 'example_subdag_operator' retrieved from /home/airflow/.local/lib/python3.12/site-packages/airflow/example_dags/example_subdag_operator.py
[2024-07-25T04:04:47.267+0000] {logging_mixin.py:188} INFO - [2024-07-25T04:04:47.267+0000] {dag.py:3089} INFO - Sync 3 DAGs
[2024-07-25T04:04:47.277+0000] {logging_mixin.py:188} INFO - [2024-07-25T04:04:47.277+0000] {dag.py:3947} INFO - Setting next_dagrun for example_subdag_operator to 2022-01-01 00:00:00+00:00, run_after=2022-01-01 00:00:00+00:00
[2024-07-25T04:04:47.279+0000] {logging_mixin.py:188} INFO - [2024-07-25T04:04:47.279+0000] {dag.py:3947} INFO - Setting next_dagrun for example_subdag_operator.section-1 to None, run_after=None
[2024-07-25T04:04:47.280+0000] {logging_mixin.py:188} INFO - [2024-07-25T04:04:47.280+0000] {dag.py:3947} INFO - Setting next_dagrun for example_subdag_operator.section-2 to None, run_after=None
[2024-07-25T04:04:47.283+0000] {logging_mixin.py:188} INFO - [2024-07-25T04:04:47.283+0000] {dag.py:3089} INFO - Sync 2 DAGs
[2024-07-25T04:04:47.285+0000] {logging_mixin.py:188} INFO - [2024-07-25T04:04:47.285+0000] {dag.py:3947} INFO - Setting next_dagrun for example_subdag_operator.section-1 to None, run_after=None
[2024-07-25T04:04:47.285+0000] {logging_mixin.py:188} INFO - [2024-07-25T04:04:47.285+0000] {dag.py:3947} INFO - Setting next_dagrun for example_subdag_operator.section-2 to None, run_after=None
[2024-07-25T04:04:47.291+0000] {processor.py:183} INFO - Processing /home/airflow/.local/lib/python3.12/site-packages/airflow/example_dags/example_subdag_operator.py took 0.062 seconds
[2024-07-25T04:05:17.400+0000] {processor.py:161} INFO - Started process (PID=206) to work on /home/airflow/.local/lib/python3.12/site-packages/airflow/example_dags/example_subdag_operator.py
[2024-07-25T04:05:17.402+0000] {processor.py:830} INFO - Processing file /home/airflow/.local/lib/python3.12/site-packages/airflow/example_dags/example_subdag_operator.py for tasks to queue
[2024-07-25T04:05:17.403+0000] {logging_mixin.py:188} INFO - [2024-07-25T04:05:17.403+0000] {dagbag.py:545} INFO - Filling up the DagBag from /home/airflow/.local/lib/python3.12/site-packages/airflow/example_dags/example_subdag_operator.py
[2024-07-25T04:05:17.419+0000] {processor.py:840} INFO - DAG(s) 'example_subdag_operator.section-1', 'example_subdag_operator.section-2', 'example_subdag_operator' retrieved from /home/airflow/.local/lib/python3.12/site-packages/airflow/example_dags/example_subdag_operator.py
[2024-07-25T04:05:17.428+0000] {logging_mixin.py:188} INFO - [2024-07-25T04:05:17.428+0000] {dag.py:3089} INFO - Sync 3 DAGs
[2024-07-25T04:05:17.439+0000] {logging_mixin.py:188} INFO - [2024-07-25T04:05:17.439+0000] {dag.py:3947} INFO - Setting next_dagrun for example_subdag_operator to 2022-01-01 00:00:00+00:00, run_after=2022-01-01 00:00:00+00:00
[2024-07-25T04:05:17.441+0000] {logging_mixin.py:188} INFO - [2024-07-25T04:05:17.441+0000] {dag.py:3947} INFO - Setting next_dagrun for example_subdag_operator.section-1 to None, run_after=None
[2024-07-25T04:05:17.442+0000] {logging_mixin.py:188} INFO - [2024-07-25T04:05:17.442+0000] {dag.py:3947} INFO - Setting next_dagrun for example_subdag_operator.section-2 to None, run_after=None
[2024-07-25T04:05:17.445+0000] {logging_mixin.py:188} INFO - [2024-07-25T04:05:17.445+0000] {dag.py:3089} INFO - Sync 2 DAGs
[2024-07-25T04:05:17.447+0000] {logging_mixin.py:188} INFO - [2024-07-25T04:05:17.447+0000] {dag.py:3947} INFO - Setting next_dagrun for example_subdag_operator.section-1 to None, run_after=None
[2024-07-25T04:05:17.448+0000] {logging_mixin.py:188} INFO - [2024-07-25T04:05:17.448+0000] {dag.py:3947} INFO - Setting next_dagrun for example_subdag_operator.section-2 to None, run_after=None
[2024-07-25T04:05:17.453+0000] {processor.py:183} INFO - Processing /home/airflow/.local/lib/python3.12/site-packages/airflow/example_dags/example_subdag_operator.py took 0.057 seconds
[2024-07-25T04:05:47.669+0000] {processor.py:161} INFO - Started process (PID=264) to work on /home/airflow/.local/lib/python3.12/site-packages/airflow/example_dags/example_subdag_operator.py
[2024-07-25T04:05:47.670+0000] {processor.py:830} INFO - Processing file /home/airflow/.local/lib/python3.12/site-packages/airflow/example_dags/example_subdag_operator.py for tasks to queue
[2024-07-25T04:05:47.671+0000] {logging_mixin.py:188} INFO - [2024-07-25T04:05:47.671+0000] {dagbag.py:545} INFO - Filling up the DagBag from /home/airflow/.local/lib/python3.12/site-packages/airflow/example_dags/example_subdag_operator.py
[2024-07-25T04:05:47.686+0000] {processor.py:840} INFO - DAG(s) 'example_subdag_operator.section-1', 'example_subdag_operator.section-2', 'example_subdag_operator' retrieved from /home/airflow/.local/lib/python3.12/site-packages/airflow/example_dags/example_subdag_operator.py
[2024-07-25T04:05:47.693+0000] {logging_mixin.py:188} INFO - [2024-07-25T04:05:47.693+0000] {dag.py:3089} INFO - Sync 3 DAGs
[2024-07-25T04:05:47.703+0000] {logging_mixin.py:188} INFO - [2024-07-25T04:05:47.703+0000] {dag.py:3947} INFO - Setting next_dagrun for example_subdag_operator to 2022-01-01 00:00:00+00:00, run_after=2022-01-01 00:00:00+00:00
[2024-07-25T04:05:47.705+0000] {logging_mixin.py:188} INFO - [2024-07-25T04:05:47.705+0000] {dag.py:3947} INFO - Setting next_dagrun for example_subdag_operator.section-1 to None, run_after=None
[2024-07-25T04:05:47.706+0000] {logging_mixin.py:188} INFO - [2024-07-25T04:05:47.706+0000] {dag.py:3947} INFO - Setting next_dagrun for example_subdag_operator.section-2 to None, run_after=None
[2024-07-25T04:05:47.709+0000] {logging_mixin.py:188} INFO - [2024-07-25T04:05:47.709+0000] {dag.py:3089} INFO - Sync 2 DAGs
[2024-07-25T04:05:47.712+0000] {logging_mixin.py:188} INFO - [2024-07-25T04:05:47.712+0000] {dag.py:3947} INFO - Setting next_dagrun for example_subdag_operator.section-1 to None, run_after=None
[2024-07-25T04:05:47.713+0000] {logging_mixin.py:188} INFO - [2024-07-25T04:05:47.712+0000] {dag.py:3947} INFO - Setting next_dagrun for example_subdag_operator.section-2 to None, run_after=None
[2024-07-25T04:05:47.718+0000] {processor.py:183} INFO - Processing /home/airflow/.local/lib/python3.12/site-packages/airflow/example_dags/example_subdag_operator.py took 0.053 seconds
[2024-07-25T04:06:17.820+0000] {processor.py:161} INFO - Started process (PID=322) to work on /home/airflow/.local/lib/python3.12/site-packages/airflow/example_dags/example_subdag_operator.py
[2024-07-25T04:06:17.821+0000] {processor.py:830} INFO - Processing file /home/airflow/.local/lib/python3.12/site-packages/airflow/example_dags/example_subdag_operator.py for tasks to queue
[2024-07-25T04:06:17.823+0000] {logging_mixin.py:188} INFO - [2024-07-25T04:06:17.822+0000] {dagbag.py:545} INFO - Filling up the DagBag from /home/airflow/.local/lib/python3.12/site-packages/airflow/example_dags/example_subdag_operator.py
[2024-07-25T04:06:17.837+0000] {processor.py:840} INFO - DAG(s) 'example_subdag_operator.section-1', 'example_subdag_operator.section-2', 'example_subdag_operator' retrieved from /home/airflow/.local/lib/python3.12/site-packages/airflow/example_dags/example_subdag_operator.py
[2024-07-25T04:06:17.844+0000] {logging_mixin.py:188} INFO - [2024-07-25T04:06:17.844+0000] {dag.py:3089} INFO - Sync 3 DAGs
[2024-07-25T04:06:17.854+0000] {logging_mixin.py:188} INFO - [2024-07-25T04:06:17.854+0000] {dag.py:3947} INFO - Setting next_dagrun for example_subdag_operator to 2022-01-01 00:00:00+00:00, run_after=2022-01-01 00:00:00+00:00
[2024-07-25T04:06:17.856+0000] {logging_mixin.py:188} INFO - [2024-07-25T04:06:17.856+0000] {dag.py:3947} INFO - Setting next_dagrun for example_subdag_operator.section-1 to None, run_after=None
[2024-07-25T04:06:17.856+0000] {logging_mixin.py:188} INFO - [2024-07-25T04:06:17.856+0000] {dag.py:3947} INFO - Setting next_dagrun for example_subdag_operator.section-2 to None, run_after=None
[2024-07-25T04:06:17.860+0000] {logging_mixin.py:188} INFO - [2024-07-25T04:06:17.859+0000] {dag.py:3089} INFO - Sync 2 DAGs
[2024-07-25T04:06:17.862+0000] {logging_mixin.py:188} INFO - [2024-07-25T04:06:17.862+0000] {dag.py:3947} INFO - Setting next_dagrun for example_subdag_operator.section-1 to None, run_after=None
[2024-07-25T04:06:17.862+0000] {logging_mixin.py:188} INFO - [2024-07-25T04:06:17.862+0000] {dag.py:3947} INFO - Setting next_dagrun for example_subdag_operator.section-2 to None, run_after=None
[2024-07-25T04:06:17.867+0000] {processor.py:183} INFO - Processing /home/airflow/.local/lib/python3.12/site-packages/airflow/example_dags/example_subdag_operator.py took 0.050 seconds
[2024-07-25T04:06:48.159+0000] {processor.py:161} INFO - Started process (PID=380) to work on /home/airflow/.local/lib/python3.12/site-packages/airflow/example_dags/example_subdag_operator.py
[2024-07-25T04:06:48.160+0000] {processor.py:830} INFO - Processing file /home/airflow/.local/lib/python3.12/site-packages/airflow/example_dags/example_subdag_operator.py for tasks to queue
[2024-07-25T04:06:48.163+0000] {logging_mixin.py:188} INFO - [2024-07-25T04:06:48.162+0000] {dagbag.py:545} INFO - Filling up the DagBag from /home/airflow/.local/lib/python3.12/site-packages/airflow/example_dags/example_subdag_operator.py
[2024-07-25T04:06:48.181+0000] {processor.py:840} INFO - DAG(s) 'example_subdag_operator.section-1', 'example_subdag_operator.section-2', 'example_subdag_operator' retrieved from /home/airflow/.local/lib/python3.12/site-packages/airflow/example_dags/example_subdag_operator.py
[2024-07-25T04:06:48.189+0000] {logging_mixin.py:188} INFO - [2024-07-25T04:06:48.189+0000] {dag.py:3089} INFO - Sync 3 DAGs
[2024-07-25T04:06:48.201+0000] {logging_mixin.py:188} INFO - [2024-07-25T04:06:48.200+0000] {dag.py:3947} INFO - Setting next_dagrun for example_subdag_operator to 2022-01-01 00:00:00+00:00, run_after=2022-01-01 00:00:00+00:00
[2024-07-25T04:06:48.207+0000] {logging_mixin.py:188} INFO - [2024-07-25T04:06:48.207+0000] {dag.py:3947} INFO - Setting next_dagrun for example_subdag_operator.section-1 to None, run_after=None
[2024-07-25T04:06:48.208+0000] {logging_mixin.py:188} INFO - [2024-07-25T04:06:48.208+0000] {dag.py:3947} INFO - Setting next_dagrun for example_subdag_operator.section-2 to None, run_after=None
[2024-07-25T04:06:48.213+0000] {logging_mixin.py:188} INFO - [2024-07-25T04:06:48.213+0000] {dag.py:3089} INFO - Sync 2 DAGs
[2024-07-25T04:06:48.216+0000] {logging_mixin.py:188} INFO - [2024-07-25T04:06:48.216+0000] {dag.py:3947} INFO - Setting next_dagrun for example_subdag_operator.section-1 to None, run_after=None
[2024-07-25T04:06:48.217+0000] {logging_mixin.py:188} INFO - [2024-07-25T04:06:48.217+0000] {dag.py:3947} INFO - Setting next_dagrun for example_subdag_operator.section-2 to None, run_after=None
[2024-07-25T04:06:48.222+0000] {processor.py:183} INFO - Processing /home/airflow/.local/lib/python3.12/site-packages/airflow/example_dags/example_subdag_operator.py took 0.068 seconds
[2024-07-25T04:07:18.515+0000] {processor.py:161} INFO - Started process (PID=438) to work on /home/airflow/.local/lib/python3.12/site-packages/airflow/example_dags/example_subdag_operator.py
[2024-07-25T04:07:18.515+0000] {processor.py:830} INFO - Processing file /home/airflow/.local/lib/python3.12/site-packages/airflow/example_dags/example_subdag_operator.py for tasks to queue
[2024-07-25T04:07:18.517+0000] {logging_mixin.py:188} INFO - [2024-07-25T04:07:18.517+0000] {dagbag.py:545} INFO - Filling up the DagBag from /home/airflow/.local/lib/python3.12/site-packages/airflow/example_dags/example_subdag_operator.py
[2024-07-25T04:07:18.532+0000] {processor.py:840} INFO - DAG(s) 'example_subdag_operator.section-1', 'example_subdag_operator.section-2', 'example_subdag_operator' retrieved from /home/airflow/.local/lib/python3.12/site-packages/airflow/example_dags/example_subdag_operator.py
[2024-07-25T04:07:18.540+0000] {logging_mixin.py:188} INFO - [2024-07-25T04:07:18.539+0000] {dag.py:3089} INFO - Sync 3 DAGs
[2024-07-25T04:07:18.549+0000] {logging_mixin.py:188} INFO - [2024-07-25T04:07:18.549+0000] {dag.py:3947} INFO - Setting next_dagrun for example_subdag_operator to 2022-01-01 00:00:00+00:00, run_after=2022-01-01 00:00:00+00:00
[2024-07-25T04:07:18.551+0000] {logging_mixin.py:188} INFO - [2024-07-25T04:07:18.551+0000] {dag.py:3947} INFO - Setting next_dagrun for example_subdag_operator.section-1 to None, run_after=None
[2024-07-25T04:07:18.552+0000] {logging_mixin.py:188} INFO - [2024-07-25T04:07:18.552+0000] {dag.py:3947} INFO - Setting next_dagrun for example_subdag_operator.section-2 to None, run_after=None
[2024-07-25T04:07:18.555+0000] {logging_mixin.py:188} INFO - [2024-07-25T04:07:18.555+0000] {dag.py:3089} INFO - Sync 2 DAGs
[2024-07-25T04:07:18.558+0000] {logging_mixin.py:188} INFO - [2024-07-25T04:07:18.558+0000] {dag.py:3947} INFO - Setting next_dagrun for example_subdag_operator.section-1 to None, run_after=None
[2024-07-25T04:07:18.558+0000] {logging_mixin.py:188} INFO - [2024-07-25T04:07:18.558+0000] {dag.py:3947} INFO - Setting next_dagrun for example_subdag_operator.section-2 to None, run_after=None
[2024-07-25T04:07:18.563+0000] {processor.py:183} INFO - Processing /home/airflow/.local/lib/python3.12/site-packages/airflow/example_dags/example_subdag_operator.py took 0.052 seconds
[2024-07-25T04:07:48.617+0000] {processor.py:161} INFO - Started process (PID=496) to work on /home/airflow/.local/lib/python3.12/site-packages/airflow/example_dags/example_subdag_operator.py
[2024-07-25T04:07:48.618+0000] {processor.py:830} INFO - Processing file /home/airflow/.local/lib/python3.12/site-packages/airflow/example_dags/example_subdag_operator.py for tasks to queue
[2024-07-25T04:07:48.620+0000] {logging_mixin.py:188} INFO - [2024-07-25T04:07:48.619+0000] {dagbag.py:545} INFO - Filling up the DagBag from /home/airflow/.local/lib/python3.12/site-packages/airflow/example_dags/example_subdag_operator.py
[2024-07-25T04:07:48.637+0000] {processor.py:840} INFO - DAG(s) 'example_subdag_operator.section-1', 'example_subdag_operator.section-2', 'example_subdag_operator' retrieved from /home/airflow/.local/lib/python3.12/site-packages/airflow/example_dags/example_subdag_operator.py
[2024-07-25T04:07:48.645+0000] {logging_mixin.py:188} INFO - [2024-07-25T04:07:48.645+0000] {dag.py:3089} INFO - Sync 3 DAGs
[2024-07-25T04:07:48.658+0000] {logging_mixin.py:188} INFO - [2024-07-25T04:07:48.657+0000] {dag.py:3947} INFO - Setting next_dagrun for example_subdag_operator to 2022-01-01 00:00:00+00:00, run_after=2022-01-01 00:00:00+00:00
[2024-07-25T04:07:48.660+0000] {logging_mixin.py:188} INFO - [2024-07-25T04:07:48.660+0000] {dag.py:3947} INFO - Setting next_dagrun for example_subdag_operator.section-1 to None, run_after=None
[2024-07-25T04:07:48.661+0000] {logging_mixin.py:188} INFO - [2024-07-25T04:07:48.661+0000] {dag.py:3947} INFO - Setting next_dagrun for example_subdag_operator.section-2 to None, run_after=None
[2024-07-25T04:07:48.665+0000] {logging_mixin.py:188} INFO - [2024-07-25T04:07:48.665+0000] {dag.py:3089} INFO - Sync 2 DAGs
[2024-07-25T04:07:48.668+0000] {logging_mixin.py:188} INFO - [2024-07-25T04:07:48.668+0000] {dag.py:3947} INFO - Setting next_dagrun for example_subdag_operator.section-1 to None, run_after=None
[2024-07-25T04:07:48.668+0000] {logging_mixin.py:188} INFO - [2024-07-25T04:07:48.668+0000] {dag.py:3947} INFO - Setting next_dagrun for example_subdag_operator.section-2 to None, run_after=None
[2024-07-25T04:07:48.674+0000] {processor.py:183} INFO - Processing /home/airflow/.local/lib/python3.12/site-packages/airflow/example_dags/example_subdag_operator.py took 0.062 seconds
[2024-07-25T04:08:18.824+0000] {processor.py:161} INFO - Started process (PID=554) to work on /home/airflow/.local/lib/python3.12/site-packages/airflow/example_dags/example_subdag_operator.py
[2024-07-25T04:08:18.825+0000] {processor.py:830} INFO - Processing file /home/airflow/.local/lib/python3.12/site-packages/airflow/example_dags/example_subdag_operator.py for tasks to queue
[2024-07-25T04:08:18.826+0000] {logging_mixin.py:188} INFO - [2024-07-25T04:08:18.826+0000] {dagbag.py:545} INFO - Filling up the DagBag from /home/airflow/.local/lib/python3.12/site-packages/airflow/example_dags/example_subdag_operator.py
[2024-07-25T04:08:18.842+0000] {processor.py:840} INFO - DAG(s) 'example_subdag_operator.section-1', 'example_subdag_operator.section-2', 'example_subdag_operator' retrieved from /home/airflow/.local/lib/python3.12/site-packages/airflow/example_dags/example_subdag_operator.py
[2024-07-25T04:08:18.850+0000] {logging_mixin.py:188} INFO - [2024-07-25T04:08:18.850+0000] {dag.py:3089} INFO - Sync 3 DAGs
[2024-07-25T04:08:18.860+0000] {logging_mixin.py:188} INFO - [2024-07-25T04:08:18.860+0000] {dag.py:3947} INFO - Setting next_dagrun for example_subdag_operator to 2022-01-01 00:00:00+00:00, run_after=2022-01-01 00:00:00+00:00
[2024-07-25T04:08:18.863+0000] {logging_mixin.py:188} INFO - [2024-07-25T04:08:18.863+0000] {dag.py:3947} INFO - Setting next_dagrun for example_subdag_operator.section-1 to None, run_after=None
[2024-07-25T04:08:18.864+0000] {logging_mixin.py:188} INFO - [2024-07-25T04:08:18.863+0000] {dag.py:3947} INFO - Setting next_dagrun for example_subdag_operator.section-2 to None, run_after=None
[2024-07-25T04:08:18.867+0000] {logging_mixin.py:188} INFO - [2024-07-25T04:08:18.867+0000] {dag.py:3089} INFO - Sync 2 DAGs
[2024-07-25T04:08:18.870+0000] {logging_mixin.py:188} INFO - [2024-07-25T04:08:18.870+0000] {dag.py:3947} INFO - Setting next_dagrun for example_subdag_operator.section-1 to None, run_after=None
[2024-07-25T04:08:18.870+0000] {logging_mixin.py:188} INFO - [2024-07-25T04:08:18.870+0000] {dag.py:3947} INFO - Setting next_dagrun for example_subdag_operator.section-2 to None, run_after=None
[2024-07-25T04:08:18.876+0000] {processor.py:183} INFO - Processing /home/airflow/.local/lib/python3.12/site-packages/airflow/example_dags/example_subdag_operator.py took 0.056 seconds
[2024-07-25T04:08:49.019+0000] {processor.py:161} INFO - Started process (PID=612) to work on /home/airflow/.local/lib/python3.12/site-packages/airflow/example_dags/example_subdag_operator.py
[2024-07-25T04:08:49.020+0000] {processor.py:830} INFO - Processing file /home/airflow/.local/lib/python3.12/site-packages/airflow/example_dags/example_subdag_operator.py for tasks to queue
[2024-07-25T04:08:49.022+0000] {logging_mixin.py:188} INFO - [2024-07-25T04:08:49.021+0000] {dagbag.py:545} INFO - Filling up the DagBag from /home/airflow/.local/lib/python3.12/site-packages/airflow/example_dags/example_subdag_operator.py
[2024-07-25T04:08:49.044+0000] {processor.py:840} INFO - DAG(s) 'example_subdag_operator.section-1', 'example_subdag_operator.section-2', 'example_subdag_operator' retrieved from /home/airflow/.local/lib/python3.12/site-packages/airflow/example_dags/example_subdag_operator.py
[2024-07-25T04:08:49.051+0000] {logging_mixin.py:188} INFO - [2024-07-25T04:08:49.051+0000] {dag.py:3089} INFO - Sync 3 DAGs
[2024-07-25T04:08:49.061+0000] {logging_mixin.py:188} INFO - [2024-07-25T04:08:49.061+0000] {dag.py:3947} INFO - Setting next_dagrun for example_subdag_operator to 2022-01-01 00:00:00+00:00, run_after=2022-01-01 00:00:00+00:00
[2024-07-25T04:08:49.063+0000] {logging_mixin.py:188} INFO - [2024-07-25T04:08:49.063+0000] {dag.py:3947} INFO - Setting next_dagrun for example_subdag_operator.section-1 to None, run_after=None
[2024-07-25T04:08:49.064+0000] {logging_mixin.py:188} INFO - [2024-07-25T04:08:49.064+0000] {dag.py:3947} INFO - Setting next_dagrun for example_subdag_operator.section-2 to None, run_after=None
[2024-07-25T04:08:49.068+0000] {logging_mixin.py:188} INFO - [2024-07-25T04:08:49.068+0000] {dag.py:3089} INFO - Sync 2 DAGs
[2024-07-25T04:08:49.071+0000] {logging_mixin.py:188} INFO - [2024-07-25T04:08:49.071+0000] {dag.py:3947} INFO - Setting next_dagrun for example_subdag_operator.section-1 to None, run_after=None
[2024-07-25T04:08:49.071+0000] {logging_mixin.py:188} INFO - [2024-07-25T04:08:49.071+0000] {dag.py:3947} INFO - Setting next_dagrun for example_subdag_operator.section-2 to None, run_after=None
[2024-07-25T04:08:49.076+0000] {processor.py:183} INFO - Processing /home/airflow/.local/lib/python3.12/site-packages/airflow/example_dags/example_subdag_operator.py took 0.062 seconds
[2024-07-25T04:09:19.388+0000] {processor.py:161} INFO - Started process (PID=671) to work on /home/airflow/.local/lib/python3.12/site-packages/airflow/example_dags/example_subdag_operator.py
[2024-07-25T04:09:19.389+0000] {processor.py:830} INFO - Processing file /home/airflow/.local/lib/python3.12/site-packages/airflow/example_dags/example_subdag_operator.py for tasks to queue
[2024-07-25T04:09:19.390+0000] {logging_mixin.py:188} INFO - [2024-07-25T04:09:19.390+0000] {dagbag.py:545} INFO - Filling up the DagBag from /home/airflow/.local/lib/python3.12/site-packages/airflow/example_dags/example_subdag_operator.py
[2024-07-25T04:09:19.408+0000] {processor.py:840} INFO - DAG(s) 'example_subdag_operator.section-1', 'example_subdag_operator.section-2', 'example_subdag_operator' retrieved from /home/airflow/.local/lib/python3.12/site-packages/airflow/example_dags/example_subdag_operator.py
[2024-07-25T04:09:19.418+0000] {logging_mixin.py:188} INFO - [2024-07-25T04:09:19.418+0000] {dag.py:3089} INFO - Sync 3 DAGs
[2024-07-25T04:09:19.438+0000] {logging_mixin.py:188} INFO - [2024-07-25T04:09:19.438+0000] {dag.py:3947} INFO - Setting next_dagrun for example_subdag_operator to 2022-01-01 00:00:00+00:00, run_after=2022-01-01 00:00:00+00:00
[2024-07-25T04:09:19.441+0000] {logging_mixin.py:188} INFO - [2024-07-25T04:09:19.441+0000] {dag.py:3947} INFO - Setting next_dagrun for example_subdag_operator.section-1 to None, run_after=None
[2024-07-25T04:09:19.442+0000] {logging_mixin.py:188} INFO - [2024-07-25T04:09:19.441+0000] {dag.py:3947} INFO - Setting next_dagrun for example_subdag_operator.section-2 to None, run_after=None
[2024-07-25T04:09:19.446+0000] {logging_mixin.py:188} INFO - [2024-07-25T04:09:19.446+0000] {dag.py:3089} INFO - Sync 2 DAGs
[2024-07-25T04:09:19.449+0000] {logging_mixin.py:188} INFO - [2024-07-25T04:09:19.449+0000] {dag.py:3947} INFO - Setting next_dagrun for example_subdag_operator.section-1 to None, run_after=None
[2024-07-25T04:09:19.450+0000] {logging_mixin.py:188} INFO - [2024-07-25T04:09:19.450+0000] {dag.py:3947} INFO - Setting next_dagrun for example_subdag_operator.section-2 to None, run_after=None
[2024-07-25T04:09:19.456+0000] {processor.py:183} INFO - Processing /home/airflow/.local/lib/python3.12/site-packages/airflow/example_dags/example_subdag_operator.py took 0.072 seconds
[2024-07-25T04:09:49.661+0000] {processor.py:161} INFO - Started process (PID=729) to work on /home/airflow/.local/lib/python3.12/site-packages/airflow/example_dags/example_subdag_operator.py
[2024-07-25T04:09:49.662+0000] {processor.py:830} INFO - Processing file /home/airflow/.local/lib/python3.12/site-packages/airflow/example_dags/example_subdag_operator.py for tasks to queue
[2024-07-25T04:09:49.663+0000] {logging_mixin.py:188} INFO - [2024-07-25T04:09:49.663+0000] {dagbag.py:545} INFO - Filling up the DagBag from /home/airflow/.local/lib/python3.12/site-packages/airflow/example_dags/example_subdag_operator.py
[2024-07-25T04:09:49.678+0000] {processor.py:840} INFO - DAG(s) 'example_subdag_operator.section-1', 'example_subdag_operator.section-2', 'example_subdag_operator' retrieved from /home/airflow/.local/lib/python3.12/site-packages/airflow/example_dags/example_subdag_operator.py
[2024-07-25T04:09:49.686+0000] {logging_mixin.py:188} INFO - [2024-07-25T04:09:49.685+0000] {dag.py:3089} INFO - Sync 3 DAGs
[2024-07-25T04:09:49.696+0000] {logging_mixin.py:188} INFO - [2024-07-25T04:09:49.696+0000] {dag.py:3947} INFO - Setting next_dagrun for example_subdag_operator to 2022-01-01 00:00:00+00:00, run_after=2022-01-01 00:00:00+00:00
[2024-07-25T04:09:49.698+0000] {logging_mixin.py:188} INFO - [2024-07-25T04:09:49.698+0000] {dag.py:3947} INFO - Setting next_dagrun for example_subdag_operator.section-1 to None, run_after=None
[2024-07-25T04:09:49.698+0000] {logging_mixin.py:188} INFO - [2024-07-25T04:09:49.698+0000] {dag.py:3947} INFO - Setting next_dagrun for example_subdag_operator.section-2 to None, run_after=None
[2024-07-25T04:09:49.702+0000] {logging_mixin.py:188} INFO - [2024-07-25T04:09:49.702+0000] {dag.py:3089} INFO - Sync 2 DAGs
[2024-07-25T04:09:49.705+0000] {logging_mixin.py:188} INFO - [2024-07-25T04:09:49.705+0000] {dag.py:3947} INFO - Setting next_dagrun for example_subdag_operator.section-1 to None, run_after=None
[2024-07-25T04:09:49.705+0000] {logging_mixin.py:188} INFO - [2024-07-25T04:09:49.705+0000] {dag.py:3947} INFO - Setting next_dagrun for example_subdag_operator.section-2 to None, run_after=None
[2024-07-25T04:09:49.710+0000] {processor.py:183} INFO - Processing /home/airflow/.local/lib/python3.12/site-packages/airflow/example_dags/example_subdag_operator.py took 0.053 seconds
[2024-07-25T04:10:20.275+0000] {processor.py:161} INFO - Started process (PID=787) to work on /home/airflow/.local/lib/python3.12/site-packages/airflow/example_dags/example_subdag_operator.py
[2024-07-25T04:10:20.277+0000] {processor.py:830} INFO - Processing file /home/airflow/.local/lib/python3.12/site-packages/airflow/example_dags/example_subdag_operator.py for tasks to queue
[2024-07-25T04:10:20.280+0000] {logging_mixin.py:188} INFO - [2024-07-25T04:10:20.279+0000] {dagbag.py:545} INFO - Filling up the DagBag from /home/airflow/.local/lib/python3.12/site-packages/airflow/example_dags/example_subdag_operator.py
[2024-07-25T04:10:20.311+0000] {processor.py:840} INFO - DAG(s) 'example_subdag_operator.section-1', 'example_subdag_operator.section-2', 'example_subdag_operator' retrieved from /home/airflow/.local/lib/python3.12/site-packages/airflow/example_dags/example_subdag_operator.py
[2024-07-25T04:10:20.321+0000] {logging_mixin.py:188} INFO - [2024-07-25T04:10:20.321+0000] {dag.py:3089} INFO - Sync 3 DAGs
[2024-07-25T04:10:20.335+0000] {logging_mixin.py:188} INFO - [2024-07-25T04:10:20.335+0000] {dag.py:3947} INFO - Setting next_dagrun for example_subdag_operator to 2022-01-01 00:00:00+00:00, run_after=2022-01-01 00:00:00+00:00
[2024-07-25T04:10:20.338+0000] {logging_mixin.py:188} INFO - [2024-07-25T04:10:20.337+0000] {dag.py:3947} INFO - Setting next_dagrun for example_subdag_operator.section-1 to None, run_after=None
[2024-07-25T04:10:20.338+0000] {logging_mixin.py:188} INFO - [2024-07-25T04:10:20.338+0000] {dag.py:3947} INFO - Setting next_dagrun for example_subdag_operator.section-2 to None, run_after=None
[2024-07-25T04:10:20.342+0000] {logging_mixin.py:188} INFO - [2024-07-25T04:10:20.342+0000] {dag.py:3089} INFO - Sync 2 DAGs
[2024-07-25T04:10:20.345+0000] {logging_mixin.py:188} INFO - [2024-07-25T04:10:20.345+0000] {dag.py:3947} INFO - Setting next_dagrun for example_subdag_operator.section-1 to None, run_after=None
[2024-07-25T04:10:20.345+0000] {logging_mixin.py:188} INFO - [2024-07-25T04:10:20.345+0000] {dag.py:3947} INFO - Setting next_dagrun for example_subdag_operator.section-2 to None, run_after=None
[2024-07-25T04:10:20.350+0000] {processor.py:183} INFO - Processing /home/airflow/.local/lib/python3.12/site-packages/airflow/example_dags/example_subdag_operator.py took 0.082 seconds
[2024-07-25T04:10:50.520+0000] {processor.py:161} INFO - Started process (PID=845) to work on /home/airflow/.local/lib/python3.12/site-packages/airflow/example_dags/example_subdag_operator.py
[2024-07-25T04:10:50.522+0000] {processor.py:830} INFO - Processing file /home/airflow/.local/lib/python3.12/site-packages/airflow/example_dags/example_subdag_operator.py for tasks to queue
[2024-07-25T04:10:50.523+0000] {logging_mixin.py:188} INFO - [2024-07-25T04:10:50.523+0000] {dagbag.py:545} INFO - Filling up the DagBag from /home/airflow/.local/lib/python3.12/site-packages/airflow/example_dags/example_subdag_operator.py
[2024-07-25T04:10:50.540+0000] {processor.py:840} INFO - DAG(s) 'example_subdag_operator.section-1', 'example_subdag_operator.section-2', 'example_subdag_operator' retrieved from /home/airflow/.local/lib/python3.12/site-packages/airflow/example_dags/example_subdag_operator.py
[2024-07-25T04:10:50.548+0000] {logging_mixin.py:188} INFO - [2024-07-25T04:10:50.548+0000] {dag.py:3089} INFO - Sync 3 DAGs
[2024-07-25T04:10:50.561+0000] {logging_mixin.py:188} INFO - [2024-07-25T04:10:50.560+0000] {dag.py:3947} INFO - Setting next_dagrun for example_subdag_operator to 2022-01-01 00:00:00+00:00, run_after=2022-01-01 00:00:00+00:00
[2024-07-25T04:10:50.563+0000] {logging_mixin.py:188} INFO - [2024-07-25T04:10:50.563+0000] {dag.py:3947} INFO - Setting next_dagrun for example_subdag_operator.section-1 to None, run_after=None
[2024-07-25T04:10:50.564+0000] {logging_mixin.py:188} INFO - [2024-07-25T04:10:50.564+0000] {dag.py:3947} INFO - Setting next_dagrun for example_subdag_operator.section-2 to None, run_after=None
[2024-07-25T04:10:50.567+0000] {logging_mixin.py:188} INFO - [2024-07-25T04:10:50.567+0000] {dag.py:3089} INFO - Sync 2 DAGs
[2024-07-25T04:10:50.570+0000] {logging_mixin.py:188} INFO - [2024-07-25T04:10:50.570+0000] {dag.py:3947} INFO - Setting next_dagrun for example_subdag_operator.section-1 to None, run_after=None
[2024-07-25T04:10:50.570+0000] {logging_mixin.py:188} INFO - [2024-07-25T04:10:50.570+0000] {dag.py:3947} INFO - Setting next_dagrun for example_subdag_operator.section-2 to None, run_after=None
[2024-07-25T04:10:50.575+0000] {processor.py:183} INFO - Processing /home/airflow/.local/lib/python3.12/site-packages/airflow/example_dags/example_subdag_operator.py took 0.059 seconds
[2024-07-25T04:11:20.782+0000] {processor.py:161} INFO - Started process (PID=903) to work on /home/airflow/.local/lib/python3.12/site-packages/airflow/example_dags/example_subdag_operator.py
[2024-07-25T04:11:20.783+0000] {processor.py:830} INFO - Processing file /home/airflow/.local/lib/python3.12/site-packages/airflow/example_dags/example_subdag_operator.py for tasks to queue
[2024-07-25T04:11:20.784+0000] {logging_mixin.py:188} INFO - [2024-07-25T04:11:20.784+0000] {dagbag.py:545} INFO - Filling up the DagBag from /home/airflow/.local/lib/python3.12/site-packages/airflow/example_dags/example_subdag_operator.py
[2024-07-25T04:11:20.800+0000] {processor.py:840} INFO - DAG(s) 'example_subdag_operator.section-1', 'example_subdag_operator.section-2', 'example_subdag_operator' retrieved from /home/airflow/.local/lib/python3.12/site-packages/airflow/example_dags/example_subdag_operator.py
[2024-07-25T04:11:20.807+0000] {logging_mixin.py:188} INFO - [2024-07-25T04:11:20.807+0000] {dag.py:3089} INFO - Sync 3 DAGs
[2024-07-25T04:11:20.818+0000] {logging_mixin.py:188} INFO - [2024-07-25T04:11:20.817+0000] {dag.py:3947} INFO - Setting next_dagrun for example_subdag_operator to 2022-01-01 00:00:00+00:00, run_after=2022-01-01 00:00:00+00:00
[2024-07-25T04:11:20.819+0000] {logging_mixin.py:188} INFO - [2024-07-25T04:11:20.819+0000] {dag.py:3947} INFO - Setting next_dagrun for example_subdag_operator.section-1 to None, run_after=None
[2024-07-25T04:11:20.820+0000] {logging_mixin.py:188} INFO - [2024-07-25T04:11:20.820+0000] {dag.py:3947} INFO - Setting next_dagrun for example_subdag_operator.section-2 to None, run_after=None
[2024-07-25T04:11:20.824+0000] {logging_mixin.py:188} INFO - [2024-07-25T04:11:20.823+0000] {dag.py:3089} INFO - Sync 2 DAGs
[2024-07-25T04:11:20.826+0000] {logging_mixin.py:188} INFO - [2024-07-25T04:11:20.826+0000] {dag.py:3947} INFO - Setting next_dagrun for example_subdag_operator.section-1 to None, run_after=None
[2024-07-25T04:11:20.826+0000] {logging_mixin.py:188} INFO - [2024-07-25T04:11:20.826+0000] {dag.py:3947} INFO - Setting next_dagrun for example_subdag_operator.section-2 to None, run_after=None
[2024-07-25T04:11:20.831+0000] {processor.py:183} INFO - Processing /home/airflow/.local/lib/python3.12/site-packages/airflow/example_dags/example_subdag_operator.py took 0.052 seconds
[2024-07-25T04:11:50.890+0000] {processor.py:161} INFO - Started process (PID=961) to work on /home/airflow/.local/lib/python3.12/site-packages/airflow/example_dags/example_subdag_operator.py
[2024-07-25T04:11:50.891+0000] {processor.py:830} INFO - Processing file /home/airflow/.local/lib/python3.12/site-packages/airflow/example_dags/example_subdag_operator.py for tasks to queue
[2024-07-25T04:11:50.892+0000] {logging_mixin.py:188} INFO - [2024-07-25T04:11:50.892+0000] {dagbag.py:545} INFO - Filling up the DagBag from /home/airflow/.local/lib/python3.12/site-packages/airflow/example_dags/example_subdag_operator.py
[2024-07-25T04:11:50.906+0000] {processor.py:840} INFO - DAG(s) 'example_subdag_operator.section-1', 'example_subdag_operator.section-2', 'example_subdag_operator' retrieved from /home/airflow/.local/lib/python3.12/site-packages/airflow/example_dags/example_subdag_operator.py
[2024-07-25T04:11:50.913+0000] {logging_mixin.py:188} INFO - [2024-07-25T04:11:50.913+0000] {dag.py:3089} INFO - Sync 3 DAGs
[2024-07-25T04:11:50.924+0000] {logging_mixin.py:188} INFO - [2024-07-25T04:11:50.924+0000] {dag.py:3947} INFO - Setting next_dagrun for example_subdag_operator to 2022-01-01 00:00:00+00:00, run_after=2022-01-01 00:00:00+00:00
[2024-07-25T04:11:50.926+0000] {logging_mixin.py:188} INFO - [2024-07-25T04:11:50.926+0000] {dag.py:3947} INFO - Setting next_dagrun for example_subdag_operator.section-1 to None, run_after=None
[2024-07-25T04:11:50.926+0000] {logging_mixin.py:188} INFO - [2024-07-25T04:11:50.926+0000] {dag.py:3947} INFO - Setting next_dagrun for example_subdag_operator.section-2 to None, run_after=None
[2024-07-25T04:11:50.930+0000] {logging_mixin.py:188} INFO - [2024-07-25T04:11:50.930+0000] {dag.py:3089} INFO - Sync 2 DAGs
[2024-07-25T04:11:50.932+0000] {logging_mixin.py:188} INFO - [2024-07-25T04:11:50.932+0000] {dag.py:3947} INFO - Setting next_dagrun for example_subdag_operator.section-1 to None, run_after=None
[2024-07-25T04:11:50.932+0000] {logging_mixin.py:188} INFO - [2024-07-25T04:11:50.932+0000] {dag.py:3947} INFO - Setting next_dagrun for example_subdag_operator.section-2 to None, run_after=None
[2024-07-25T04:11:50.937+0000] {processor.py:183} INFO - Processing /home/airflow/.local/lib/python3.12/site-packages/airflow/example_dags/example_subdag_operator.py took 0.050 seconds
