[2024-07-25T03:40:24.922+0000] {processor.py:161} INFO - Started process (PID=61) to work on /home/airflow/.local/lib/python3.12/site-packages/airflow/example_dags/example_bash_decorator.py
[2024-07-25T03:40:24.923+0000] {processor.py:830} INFO - Processing file /home/airflow/.local/lib/python3.12/site-packages/airflow/example_dags/example_bash_decorator.py for tasks to queue
[2024-07-25T03:40:24.924+0000] {logging_mixin.py:188} INFO - [2024-07-25T03:40:24.924+0000] {dagbag.py:545} INFO - Filling up the DagBag from /home/airflow/.local/lib/python3.12/site-packages/airflow/example_dags/example_bash_decorator.py
[2024-07-25T03:40:24.937+0000] {processor.py:840} INFO - DAG(s) 'example_bash_decorator' retrieved from /home/airflow/.local/lib/python3.12/site-packages/airflow/example_dags/example_bash_decorator.py
[2024-07-25T03:40:24.949+0000] {logging_mixin.py:188} INFO - [2024-07-25T03:40:24.948+0000] {dag.py:3089} INFO - Sync 1 DAGs
[2024-07-25T03:40:24.958+0000] {logging_mixin.py:188} INFO - [2024-07-25T03:40:24.957+0000] {dag.py:3947} INFO - Setting next_dagrun for example_bash_decorator to None, run_after=None
[2024-07-25T03:40:24.973+0000] {processor.py:183} INFO - Processing /home/airflow/.local/lib/python3.12/site-packages/airflow/example_dags/example_bash_decorator.py took 0.055 seconds
[2024-07-25T03:40:55.940+0000] {processor.py:161} INFO - Started process (PID=119) to work on /home/airflow/.local/lib/python3.12/site-packages/airflow/example_dags/example_bash_decorator.py
[2024-07-25T03:40:55.941+0000] {processor.py:830} INFO - Processing file /home/airflow/.local/lib/python3.12/site-packages/airflow/example_dags/example_bash_decorator.py for tasks to queue
[2024-07-25T03:40:55.942+0000] {logging_mixin.py:188} INFO - [2024-07-25T03:40:55.942+0000] {dagbag.py:545} INFO - Filling up the DagBag from /home/airflow/.local/lib/python3.12/site-packages/airflow/example_dags/example_bash_decorator.py
[2024-07-25T03:40:55.950+0000] {processor.py:840} INFO - DAG(s) 'example_bash_decorator' retrieved from /home/airflow/.local/lib/python3.12/site-packages/airflow/example_dags/example_bash_decorator.py
[2024-07-25T03:40:56.037+0000] {logging_mixin.py:188} INFO - [2024-07-25T03:40:56.036+0000] {dag.py:3089} INFO - Sync 1 DAGs
[2024-07-25T03:40:56.043+0000] {logging_mixin.py:188} INFO - [2024-07-25T03:40:56.043+0000] {dag.py:3947} INFO - Setting next_dagrun for example_bash_decorator to None, run_after=None
[2024-07-25T03:40:56.054+0000] {processor.py:183} INFO - Processing /home/airflow/.local/lib/python3.12/site-packages/airflow/example_dags/example_bash_decorator.py took 0.117 seconds
[2024-07-25T03:41:27.071+0000] {processor.py:161} INFO - Started process (PID=177) to work on /home/airflow/.local/lib/python3.12/site-packages/airflow/example_dags/example_bash_decorator.py
[2024-07-25T03:41:27.073+0000] {processor.py:830} INFO - Processing file /home/airflow/.local/lib/python3.12/site-packages/airflow/example_dags/example_bash_decorator.py for tasks to queue
[2024-07-25T03:41:27.076+0000] {logging_mixin.py:188} INFO - [2024-07-25T03:41:27.076+0000] {dagbag.py:545} INFO - Filling up the DagBag from /home/airflow/.local/lib/python3.12/site-packages/airflow/example_dags/example_bash_decorator.py
[2024-07-25T03:41:27.092+0000] {processor.py:840} INFO - DAG(s) 'example_bash_decorator' retrieved from /home/airflow/.local/lib/python3.12/site-packages/airflow/example_dags/example_bash_decorator.py
[2024-07-25T03:41:27.107+0000] {logging_mixin.py:188} INFO - [2024-07-25T03:41:27.107+0000] {dag.py:3089} INFO - Sync 1 DAGs
[2024-07-25T03:41:27.114+0000] {logging_mixin.py:188} INFO - [2024-07-25T03:41:27.114+0000] {dag.py:3947} INFO - Setting next_dagrun for example_bash_decorator to None, run_after=None
[2024-07-25T03:41:27.125+0000] {processor.py:183} INFO - Processing /home/airflow/.local/lib/python3.12/site-packages/airflow/example_dags/example_bash_decorator.py took 0.062 seconds
[2024-07-25T03:41:57.182+0000] {processor.py:161} INFO - Started process (PID=235) to work on /home/airflow/.local/lib/python3.12/site-packages/airflow/example_dags/example_bash_decorator.py
[2024-07-25T03:41:57.184+0000] {processor.py:830} INFO - Processing file /home/airflow/.local/lib/python3.12/site-packages/airflow/example_dags/example_bash_decorator.py for tasks to queue
[2024-07-25T03:41:57.187+0000] {logging_mixin.py:188} INFO - [2024-07-25T03:41:57.186+0000] {dagbag.py:545} INFO - Filling up the DagBag from /home/airflow/.local/lib/python3.12/site-packages/airflow/example_dags/example_bash_decorator.py
[2024-07-25T03:41:57.200+0000] {processor.py:840} INFO - DAG(s) 'example_bash_decorator' retrieved from /home/airflow/.local/lib/python3.12/site-packages/airflow/example_dags/example_bash_decorator.py
[2024-07-25T03:41:57.221+0000] {logging_mixin.py:188} INFO - [2024-07-25T03:41:57.221+0000] {dag.py:3089} INFO - Sync 1 DAGs
[2024-07-25T03:41:57.228+0000] {logging_mixin.py:188} INFO - [2024-07-25T03:41:57.228+0000] {dag.py:3947} INFO - Setting next_dagrun for example_bash_decorator to None, run_after=None
[2024-07-25T03:41:57.239+0000] {processor.py:183} INFO - Processing /home/airflow/.local/lib/python3.12/site-packages/airflow/example_dags/example_bash_decorator.py took 0.067 seconds
[2024-07-25T03:42:28.139+0000] {processor.py:161} INFO - Started process (PID=293) to work on /home/airflow/.local/lib/python3.12/site-packages/airflow/example_dags/example_bash_decorator.py
[2024-07-25T03:42:28.140+0000] {processor.py:830} INFO - Processing file /home/airflow/.local/lib/python3.12/site-packages/airflow/example_dags/example_bash_decorator.py for tasks to queue
[2024-07-25T03:42:28.142+0000] {logging_mixin.py:188} INFO - [2024-07-25T03:42:28.142+0000] {dagbag.py:545} INFO - Filling up the DagBag from /home/airflow/.local/lib/python3.12/site-packages/airflow/example_dags/example_bash_decorator.py
[2024-07-25T03:42:28.156+0000] {processor.py:840} INFO - DAG(s) 'example_bash_decorator' retrieved from /home/airflow/.local/lib/python3.12/site-packages/airflow/example_dags/example_bash_decorator.py
[2024-07-25T03:42:28.175+0000] {logging_mixin.py:188} INFO - [2024-07-25T03:42:28.175+0000] {dag.py:3089} INFO - Sync 1 DAGs
[2024-07-25T03:42:28.184+0000] {logging_mixin.py:188} INFO - [2024-07-25T03:42:28.184+0000] {dag.py:3947} INFO - Setting next_dagrun for example_bash_decorator to None, run_after=None
[2024-07-25T03:42:28.197+0000] {processor.py:183} INFO - Processing /home/airflow/.local/lib/python3.12/site-packages/airflow/example_dags/example_bash_decorator.py took 0.068 seconds
[2024-07-25T03:42:58.425+0000] {processor.py:161} INFO - Started process (PID=351) to work on /home/airflow/.local/lib/python3.12/site-packages/airflow/example_dags/example_bash_decorator.py
[2024-07-25T03:42:58.426+0000] {processor.py:830} INFO - Processing file /home/airflow/.local/lib/python3.12/site-packages/airflow/example_dags/example_bash_decorator.py for tasks to queue
[2024-07-25T03:42:58.427+0000] {logging_mixin.py:188} INFO - [2024-07-25T03:42:58.427+0000] {dagbag.py:545} INFO - Filling up the DagBag from /home/airflow/.local/lib/python3.12/site-packages/airflow/example_dags/example_bash_decorator.py
[2024-07-25T03:42:58.437+0000] {processor.py:840} INFO - DAG(s) 'example_bash_decorator' retrieved from /home/airflow/.local/lib/python3.12/site-packages/airflow/example_dags/example_bash_decorator.py
[2024-07-25T03:42:58.456+0000] {logging_mixin.py:188} INFO - [2024-07-25T03:42:58.456+0000] {dag.py:3089} INFO - Sync 1 DAGs
[2024-07-25T03:42:58.465+0000] {logging_mixin.py:188} INFO - [2024-07-25T03:42:58.464+0000] {dag.py:3947} INFO - Setting next_dagrun for example_bash_decorator to None, run_after=None
[2024-07-25T03:42:58.477+0000] {processor.py:183} INFO - Processing /home/airflow/.local/lib/python3.12/site-packages/airflow/example_dags/example_bash_decorator.py took 0.057 seconds
[2024-07-25T03:43:28.721+0000] {processor.py:161} INFO - Started process (PID=409) to work on /home/airflow/.local/lib/python3.12/site-packages/airflow/example_dags/example_bash_decorator.py
[2024-07-25T03:43:28.723+0000] {processor.py:830} INFO - Processing file /home/airflow/.local/lib/python3.12/site-packages/airflow/example_dags/example_bash_decorator.py for tasks to queue
[2024-07-25T03:43:28.726+0000] {logging_mixin.py:188} INFO - [2024-07-25T03:43:28.725+0000] {dagbag.py:545} INFO - Filling up the DagBag from /home/airflow/.local/lib/python3.12/site-packages/airflow/example_dags/example_bash_decorator.py
[2024-07-25T03:43:28.737+0000] {processor.py:840} INFO - DAG(s) 'example_bash_decorator' retrieved from /home/airflow/.local/lib/python3.12/site-packages/airflow/example_dags/example_bash_decorator.py
[2024-07-25T03:43:28.754+0000] {logging_mixin.py:188} INFO - [2024-07-25T03:43:28.753+0000] {dag.py:3089} INFO - Sync 1 DAGs
[2024-07-25T03:43:28.761+0000] {logging_mixin.py:188} INFO - [2024-07-25T03:43:28.761+0000] {dag.py:3947} INFO - Setting next_dagrun for example_bash_decorator to None, run_after=None
[2024-07-25T03:43:28.770+0000] {processor.py:183} INFO - Processing /home/airflow/.local/lib/python3.12/site-packages/airflow/example_dags/example_bash_decorator.py took 0.057 seconds
[2024-07-25T03:43:59.034+0000] {processor.py:161} INFO - Started process (PID=467) to work on /home/airflow/.local/lib/python3.12/site-packages/airflow/example_dags/example_bash_decorator.py
[2024-07-25T03:43:59.035+0000] {processor.py:830} INFO - Processing file /home/airflow/.local/lib/python3.12/site-packages/airflow/example_dags/example_bash_decorator.py for tasks to queue
[2024-07-25T03:43:59.039+0000] {logging_mixin.py:188} INFO - [2024-07-25T03:43:59.038+0000] {dagbag.py:545} INFO - Filling up the DagBag from /home/airflow/.local/lib/python3.12/site-packages/airflow/example_dags/example_bash_decorator.py
[2024-07-25T03:43:59.059+0000] {processor.py:840} INFO - DAG(s) 'example_bash_decorator' retrieved from /home/airflow/.local/lib/python3.12/site-packages/airflow/example_dags/example_bash_decorator.py
[2024-07-25T03:43:59.080+0000] {logging_mixin.py:188} INFO - [2024-07-25T03:43:59.079+0000] {dag.py:3089} INFO - Sync 1 DAGs
[2024-07-25T03:43:59.086+0000] {logging_mixin.py:188} INFO - [2024-07-25T03:43:59.086+0000] {dag.py:3947} INFO - Setting next_dagrun for example_bash_decorator to None, run_after=None
[2024-07-25T03:43:59.097+0000] {processor.py:183} INFO - Processing /home/airflow/.local/lib/python3.12/site-packages/airflow/example_dags/example_bash_decorator.py took 0.073 seconds
[2024-07-25T03:44:29.366+0000] {processor.py:161} INFO - Started process (PID=525) to work on /home/airflow/.local/lib/python3.12/site-packages/airflow/example_dags/example_bash_decorator.py
[2024-07-25T03:44:29.367+0000] {processor.py:830} INFO - Processing file /home/airflow/.local/lib/python3.12/site-packages/airflow/example_dags/example_bash_decorator.py for tasks to queue
[2024-07-25T03:44:29.369+0000] {logging_mixin.py:188} INFO - [2024-07-25T03:44:29.368+0000] {dagbag.py:545} INFO - Filling up the DagBag from /home/airflow/.local/lib/python3.12/site-packages/airflow/example_dags/example_bash_decorator.py
[2024-07-25T03:44:29.378+0000] {processor.py:840} INFO - DAG(s) 'example_bash_decorator' retrieved from /home/airflow/.local/lib/python3.12/site-packages/airflow/example_dags/example_bash_decorator.py
[2024-07-25T03:44:29.395+0000] {logging_mixin.py:188} INFO - [2024-07-25T03:44:29.395+0000] {dag.py:3089} INFO - Sync 1 DAGs
[2024-07-25T03:44:29.402+0000] {logging_mixin.py:188} INFO - [2024-07-25T03:44:29.402+0000] {dag.py:3947} INFO - Setting next_dagrun for example_bash_decorator to None, run_after=None
[2024-07-25T03:44:29.411+0000] {processor.py:183} INFO - Processing /home/airflow/.local/lib/python3.12/site-packages/airflow/example_dags/example_bash_decorator.py took 0.049 seconds
[2024-07-25T03:44:59.478+0000] {processor.py:161} INFO - Started process (PID=583) to work on /home/airflow/.local/lib/python3.12/site-packages/airflow/example_dags/example_bash_decorator.py
[2024-07-25T03:44:59.479+0000] {processor.py:830} INFO - Processing file /home/airflow/.local/lib/python3.12/site-packages/airflow/example_dags/example_bash_decorator.py for tasks to queue
[2024-07-25T03:44:59.481+0000] {logging_mixin.py:188} INFO - [2024-07-25T03:44:59.481+0000] {dagbag.py:545} INFO - Filling up the DagBag from /home/airflow/.local/lib/python3.12/site-packages/airflow/example_dags/example_bash_decorator.py
[2024-07-25T03:44:59.493+0000] {processor.py:840} INFO - DAG(s) 'example_bash_decorator' retrieved from /home/airflow/.local/lib/python3.12/site-packages/airflow/example_dags/example_bash_decorator.py
[2024-07-25T03:44:59.510+0000] {logging_mixin.py:188} INFO - [2024-07-25T03:44:59.510+0000] {dag.py:3089} INFO - Sync 1 DAGs
[2024-07-25T03:44:59.519+0000] {logging_mixin.py:188} INFO - [2024-07-25T03:44:59.519+0000] {dag.py:3947} INFO - Setting next_dagrun for example_bash_decorator to None, run_after=None
[2024-07-25T03:44:59.532+0000] {processor.py:183} INFO - Processing /home/airflow/.local/lib/python3.12/site-packages/airflow/example_dags/example_bash_decorator.py took 0.060 seconds
[2024-07-25T03:45:29.791+0000] {processor.py:161} INFO - Started process (PID=641) to work on /home/airflow/.local/lib/python3.12/site-packages/airflow/example_dags/example_bash_decorator.py
[2024-07-25T03:45:29.792+0000] {processor.py:830} INFO - Processing file /home/airflow/.local/lib/python3.12/site-packages/airflow/example_dags/example_bash_decorator.py for tasks to queue
[2024-07-25T03:45:29.795+0000] {logging_mixin.py:188} INFO - [2024-07-25T03:45:29.794+0000] {dagbag.py:545} INFO - Filling up the DagBag from /home/airflow/.local/lib/python3.12/site-packages/airflow/example_dags/example_bash_decorator.py
[2024-07-25T03:45:29.806+0000] {processor.py:840} INFO - DAG(s) 'example_bash_decorator' retrieved from /home/airflow/.local/lib/python3.12/site-packages/airflow/example_dags/example_bash_decorator.py
[2024-07-25T03:45:29.825+0000] {logging_mixin.py:188} INFO - [2024-07-25T03:45:29.825+0000] {dag.py:3089} INFO - Sync 1 DAGs
[2024-07-25T03:45:29.833+0000] {logging_mixin.py:188} INFO - [2024-07-25T03:45:29.833+0000] {dag.py:3947} INFO - Setting next_dagrun for example_bash_decorator to None, run_after=None
[2024-07-25T03:45:29.843+0000] {processor.py:183} INFO - Processing /home/airflow/.local/lib/python3.12/site-packages/airflow/example_dags/example_bash_decorator.py took 0.059 seconds
[2024-07-25T03:46:00.075+0000] {processor.py:161} INFO - Started process (PID=699) to work on /home/airflow/.local/lib/python3.12/site-packages/airflow/example_dags/example_bash_decorator.py
[2024-07-25T03:46:00.076+0000] {processor.py:830} INFO - Processing file /home/airflow/.local/lib/python3.12/site-packages/airflow/example_dags/example_bash_decorator.py for tasks to queue
[2024-07-25T03:46:00.078+0000] {logging_mixin.py:188} INFO - [2024-07-25T03:46:00.078+0000] {dagbag.py:545} INFO - Filling up the DagBag from /home/airflow/.local/lib/python3.12/site-packages/airflow/example_dags/example_bash_decorator.py
[2024-07-25T03:46:00.089+0000] {processor.py:840} INFO - DAG(s) 'example_bash_decorator' retrieved from /home/airflow/.local/lib/python3.12/site-packages/airflow/example_dags/example_bash_decorator.py
[2024-07-25T03:46:00.106+0000] {logging_mixin.py:188} INFO - [2024-07-25T03:46:00.106+0000] {dag.py:3089} INFO - Sync 1 DAGs
[2024-07-25T03:46:00.113+0000] {logging_mixin.py:188} INFO - [2024-07-25T03:46:00.113+0000] {dag.py:3947} INFO - Setting next_dagrun for example_bash_decorator to None, run_after=None
[2024-07-25T03:46:00.122+0000] {processor.py:183} INFO - Processing /home/airflow/.local/lib/python3.12/site-packages/airflow/example_dags/example_bash_decorator.py took 0.054 seconds
[2024-07-25T03:46:30.298+0000] {processor.py:161} INFO - Started process (PID=757) to work on /home/airflow/.local/lib/python3.12/site-packages/airflow/example_dags/example_bash_decorator.py
[2024-07-25T03:46:30.299+0000] {processor.py:830} INFO - Processing file /home/airflow/.local/lib/python3.12/site-packages/airflow/example_dags/example_bash_decorator.py for tasks to queue
[2024-07-25T03:46:30.302+0000] {logging_mixin.py:188} INFO - [2024-07-25T03:46:30.301+0000] {dagbag.py:545} INFO - Filling up the DagBag from /home/airflow/.local/lib/python3.12/site-packages/airflow/example_dags/example_bash_decorator.py
[2024-07-25T03:46:30.315+0000] {processor.py:840} INFO - DAG(s) 'example_bash_decorator' retrieved from /home/airflow/.local/lib/python3.12/site-packages/airflow/example_dags/example_bash_decorator.py
[2024-07-25T03:46:30.331+0000] {logging_mixin.py:188} INFO - [2024-07-25T03:46:30.331+0000] {dag.py:3089} INFO - Sync 1 DAGs
[2024-07-25T03:46:30.338+0000] {logging_mixin.py:188} INFO - [2024-07-25T03:46:30.338+0000] {dag.py:3947} INFO - Setting next_dagrun for example_bash_decorator to None, run_after=None
[2024-07-25T03:46:30.348+0000] {processor.py:183} INFO - Processing /home/airflow/.local/lib/python3.12/site-packages/airflow/example_dags/example_bash_decorator.py took 0.059 seconds
[2024-07-25T03:47:00.794+0000] {processor.py:161} INFO - Started process (PID=815) to work on /home/airflow/.local/lib/python3.12/site-packages/airflow/example_dags/example_bash_decorator.py
[2024-07-25T03:47:00.796+0000] {processor.py:830} INFO - Processing file /home/airflow/.local/lib/python3.12/site-packages/airflow/example_dags/example_bash_decorator.py for tasks to queue
[2024-07-25T03:47:00.799+0000] {logging_mixin.py:188} INFO - [2024-07-25T03:47:00.798+0000] {dagbag.py:545} INFO - Filling up the DagBag from /home/airflow/.local/lib/python3.12/site-packages/airflow/example_dags/example_bash_decorator.py
[2024-07-25T03:47:00.814+0000] {processor.py:840} INFO - DAG(s) 'example_bash_decorator' retrieved from /home/airflow/.local/lib/python3.12/site-packages/airflow/example_dags/example_bash_decorator.py
[2024-07-25T03:47:00.831+0000] {logging_mixin.py:188} INFO - [2024-07-25T03:47:00.831+0000] {dag.py:3089} INFO - Sync 1 DAGs
[2024-07-25T03:47:00.838+0000] {logging_mixin.py:188} INFO - [2024-07-25T03:47:00.837+0000] {dag.py:3947} INFO - Setting next_dagrun for example_bash_decorator to None, run_after=None
[2024-07-25T03:47:00.847+0000] {processor.py:183} INFO - Processing /home/airflow/.local/lib/python3.12/site-packages/airflow/example_dags/example_bash_decorator.py took 0.062 seconds
[2024-07-25T03:47:30.951+0000] {processor.py:161} INFO - Started process (PID=873) to work on /home/airflow/.local/lib/python3.12/site-packages/airflow/example_dags/example_bash_decorator.py
[2024-07-25T03:47:30.952+0000] {processor.py:830} INFO - Processing file /home/airflow/.local/lib/python3.12/site-packages/airflow/example_dags/example_bash_decorator.py for tasks to queue
[2024-07-25T03:47:30.954+0000] {logging_mixin.py:188} INFO - [2024-07-25T03:47:30.954+0000] {dagbag.py:545} INFO - Filling up the DagBag from /home/airflow/.local/lib/python3.12/site-packages/airflow/example_dags/example_bash_decorator.py
[2024-07-25T03:47:30.964+0000] {processor.py:840} INFO - DAG(s) 'example_bash_decorator' retrieved from /home/airflow/.local/lib/python3.12/site-packages/airflow/example_dags/example_bash_decorator.py
[2024-07-25T03:47:30.981+0000] {logging_mixin.py:188} INFO - [2024-07-25T03:47:30.981+0000] {dag.py:3089} INFO - Sync 1 DAGs
[2024-07-25T03:47:30.988+0000] {logging_mixin.py:188} INFO - [2024-07-25T03:47:30.988+0000] {dag.py:3947} INFO - Setting next_dagrun for example_bash_decorator to None, run_after=None
[2024-07-25T03:47:30.997+0000] {processor.py:183} INFO - Processing /home/airflow/.local/lib/python3.12/site-packages/airflow/example_dags/example_bash_decorator.py took 0.053 seconds
[2024-07-25T03:48:01.082+0000] {processor.py:161} INFO - Started process (PID=931) to work on /home/airflow/.local/lib/python3.12/site-packages/airflow/example_dags/example_bash_decorator.py
[2024-07-25T03:48:01.082+0000] {processor.py:830} INFO - Processing file /home/airflow/.local/lib/python3.12/site-packages/airflow/example_dags/example_bash_decorator.py for tasks to queue
[2024-07-25T03:48:01.084+0000] {logging_mixin.py:188} INFO - [2024-07-25T03:48:01.084+0000] {dagbag.py:545} INFO - Filling up the DagBag from /home/airflow/.local/lib/python3.12/site-packages/airflow/example_dags/example_bash_decorator.py
[2024-07-25T03:48:01.091+0000] {processor.py:840} INFO - DAG(s) 'example_bash_decorator' retrieved from /home/airflow/.local/lib/python3.12/site-packages/airflow/example_dags/example_bash_decorator.py
[2024-07-25T03:48:01.104+0000] {logging_mixin.py:188} INFO - [2024-07-25T03:48:01.104+0000] {dag.py:3089} INFO - Sync 1 DAGs
[2024-07-25T03:48:01.111+0000] {logging_mixin.py:188} INFO - [2024-07-25T03:48:01.111+0000] {dag.py:3947} INFO - Setting next_dagrun for example_bash_decorator to None, run_after=None
[2024-07-25T03:48:01.121+0000] {processor.py:183} INFO - Processing /home/airflow/.local/lib/python3.12/site-packages/airflow/example_dags/example_bash_decorator.py took 0.043 seconds
[2024-07-25T03:48:31.359+0000] {processor.py:161} INFO - Started process (PID=989) to work on /home/airflow/.local/lib/python3.12/site-packages/airflow/example_dags/example_bash_decorator.py
[2024-07-25T03:48:31.359+0000] {processor.py:830} INFO - Processing file /home/airflow/.local/lib/python3.12/site-packages/airflow/example_dags/example_bash_decorator.py for tasks to queue
[2024-07-25T03:48:31.361+0000] {logging_mixin.py:188} INFO - [2024-07-25T03:48:31.360+0000] {dagbag.py:545} INFO - Filling up the DagBag from /home/airflow/.local/lib/python3.12/site-packages/airflow/example_dags/example_bash_decorator.py
[2024-07-25T03:48:31.368+0000] {processor.py:840} INFO - DAG(s) 'example_bash_decorator' retrieved from /home/airflow/.local/lib/python3.12/site-packages/airflow/example_dags/example_bash_decorator.py
[2024-07-25T03:48:31.381+0000] {logging_mixin.py:188} INFO - [2024-07-25T03:48:31.381+0000] {dag.py:3089} INFO - Sync 1 DAGs
[2024-07-25T03:48:31.388+0000] {logging_mixin.py:188} INFO - [2024-07-25T03:48:31.387+0000] {dag.py:3947} INFO - Setting next_dagrun for example_bash_decorator to None, run_after=None
[2024-07-25T03:48:31.397+0000] {processor.py:183} INFO - Processing /home/airflow/.local/lib/python3.12/site-packages/airflow/example_dags/example_bash_decorator.py took 0.042 seconds
[2024-07-25T03:49:01.722+0000] {processor.py:161} INFO - Started process (PID=1047) to work on /home/airflow/.local/lib/python3.12/site-packages/airflow/example_dags/example_bash_decorator.py
[2024-07-25T03:49:01.723+0000] {processor.py:830} INFO - Processing file /home/airflow/.local/lib/python3.12/site-packages/airflow/example_dags/example_bash_decorator.py for tasks to queue
[2024-07-25T03:49:01.724+0000] {logging_mixin.py:188} INFO - [2024-07-25T03:49:01.724+0000] {dagbag.py:545} INFO - Filling up the DagBag from /home/airflow/.local/lib/python3.12/site-packages/airflow/example_dags/example_bash_decorator.py
[2024-07-25T03:49:01.732+0000] {processor.py:840} INFO - DAG(s) 'example_bash_decorator' retrieved from /home/airflow/.local/lib/python3.12/site-packages/airflow/example_dags/example_bash_decorator.py
[2024-07-25T03:49:01.744+0000] {logging_mixin.py:188} INFO - [2024-07-25T03:49:01.744+0000] {dag.py:3089} INFO - Sync 1 DAGs
[2024-07-25T03:49:01.751+0000] {logging_mixin.py:188} INFO - [2024-07-25T03:49:01.751+0000] {dag.py:3947} INFO - Setting next_dagrun for example_bash_decorator to None, run_after=None
[2024-07-25T03:49:01.759+0000] {processor.py:183} INFO - Processing /home/airflow/.local/lib/python3.12/site-packages/airflow/example_dags/example_bash_decorator.py took 0.041 seconds
[2024-07-25T03:49:32.010+0000] {processor.py:161} INFO - Started process (PID=1105) to work on /home/airflow/.local/lib/python3.12/site-packages/airflow/example_dags/example_bash_decorator.py
[2024-07-25T03:49:32.011+0000] {processor.py:830} INFO - Processing file /home/airflow/.local/lib/python3.12/site-packages/airflow/example_dags/example_bash_decorator.py for tasks to queue
[2024-07-25T03:49:32.012+0000] {logging_mixin.py:188} INFO - [2024-07-25T03:49:32.012+0000] {dagbag.py:545} INFO - Filling up the DagBag from /home/airflow/.local/lib/python3.12/site-packages/airflow/example_dags/example_bash_decorator.py
[2024-07-25T03:49:32.020+0000] {processor.py:840} INFO - DAG(s) 'example_bash_decorator' retrieved from /home/airflow/.local/lib/python3.12/site-packages/airflow/example_dags/example_bash_decorator.py
[2024-07-25T03:49:32.033+0000] {logging_mixin.py:188} INFO - [2024-07-25T03:49:32.033+0000] {dag.py:3089} INFO - Sync 1 DAGs
[2024-07-25T03:49:32.039+0000] {logging_mixin.py:188} INFO - [2024-07-25T03:49:32.039+0000] {dag.py:3947} INFO - Setting next_dagrun for example_bash_decorator to None, run_after=None
[2024-07-25T03:49:32.047+0000] {processor.py:183} INFO - Processing /home/airflow/.local/lib/python3.12/site-packages/airflow/example_dags/example_bash_decorator.py took 0.040 seconds
[2024-07-25T03:50:02.289+0000] {processor.py:161} INFO - Started process (PID=1163) to work on /home/airflow/.local/lib/python3.12/site-packages/airflow/example_dags/example_bash_decorator.py
[2024-07-25T03:50:02.289+0000] {processor.py:830} INFO - Processing file /home/airflow/.local/lib/python3.12/site-packages/airflow/example_dags/example_bash_decorator.py for tasks to queue
[2024-07-25T03:50:02.291+0000] {logging_mixin.py:188} INFO - [2024-07-25T03:50:02.290+0000] {dagbag.py:545} INFO - Filling up the DagBag from /home/airflow/.local/lib/python3.12/site-packages/airflow/example_dags/example_bash_decorator.py
[2024-07-25T03:50:02.299+0000] {processor.py:840} INFO - DAG(s) 'example_bash_decorator' retrieved from /home/airflow/.local/lib/python3.12/site-packages/airflow/example_dags/example_bash_decorator.py
[2024-07-25T03:50:02.312+0000] {logging_mixin.py:188} INFO - [2024-07-25T03:50:02.312+0000] {dag.py:3089} INFO - Sync 1 DAGs
[2024-07-25T03:50:02.318+0000] {logging_mixin.py:188} INFO - [2024-07-25T03:50:02.318+0000] {dag.py:3947} INFO - Setting next_dagrun for example_bash_decorator to None, run_after=None
[2024-07-25T03:50:02.326+0000] {processor.py:183} INFO - Processing /home/airflow/.local/lib/python3.12/site-packages/airflow/example_dags/example_bash_decorator.py took 0.041 seconds
[2024-07-25T03:50:32.628+0000] {processor.py:161} INFO - Started process (PID=1221) to work on /home/airflow/.local/lib/python3.12/site-packages/airflow/example_dags/example_bash_decorator.py
[2024-07-25T03:50:32.629+0000] {processor.py:830} INFO - Processing file /home/airflow/.local/lib/python3.12/site-packages/airflow/example_dags/example_bash_decorator.py for tasks to queue
[2024-07-25T03:50:32.630+0000] {logging_mixin.py:188} INFO - [2024-07-25T03:50:32.630+0000] {dagbag.py:545} INFO - Filling up the DagBag from /home/airflow/.local/lib/python3.12/site-packages/airflow/example_dags/example_bash_decorator.py
[2024-07-25T03:50:32.639+0000] {processor.py:840} INFO - DAG(s) 'example_bash_decorator' retrieved from /home/airflow/.local/lib/python3.12/site-packages/airflow/example_dags/example_bash_decorator.py
[2024-07-25T03:50:32.654+0000] {logging_mixin.py:188} INFO - [2024-07-25T03:50:32.654+0000] {dag.py:3089} INFO - Sync 1 DAGs
[2024-07-25T03:50:32.661+0000] {logging_mixin.py:188} INFO - [2024-07-25T03:50:32.661+0000] {dag.py:3947} INFO - Setting next_dagrun for example_bash_decorator to None, run_after=None
[2024-07-25T03:50:32.671+0000] {processor.py:183} INFO - Processing /home/airflow/.local/lib/python3.12/site-packages/airflow/example_dags/example_bash_decorator.py took 0.048 seconds
[2024-07-25T03:51:03.751+0000] {processor.py:161} INFO - Started process (PID=1279) to work on /home/airflow/.local/lib/python3.12/site-packages/airflow/example_dags/example_bash_decorator.py
[2024-07-25T03:51:03.752+0000] {processor.py:830} INFO - Processing file /home/airflow/.local/lib/python3.12/site-packages/airflow/example_dags/example_bash_decorator.py for tasks to queue
[2024-07-25T03:51:03.754+0000] {logging_mixin.py:188} INFO - [2024-07-25T03:51:03.754+0000] {dagbag.py:545} INFO - Filling up the DagBag from /home/airflow/.local/lib/python3.12/site-packages/airflow/example_dags/example_bash_decorator.py
[2024-07-25T03:51:03.763+0000] {processor.py:840} INFO - DAG(s) 'example_bash_decorator' retrieved from /home/airflow/.local/lib/python3.12/site-packages/airflow/example_dags/example_bash_decorator.py
[2024-07-25T03:51:03.776+0000] {logging_mixin.py:188} INFO - [2024-07-25T03:51:03.776+0000] {dag.py:3089} INFO - Sync 1 DAGs
[2024-07-25T03:51:03.782+0000] {logging_mixin.py:188} INFO - [2024-07-25T03:51:03.782+0000] {dag.py:3947} INFO - Setting next_dagrun for example_bash_decorator to None, run_after=None
[2024-07-25T03:51:03.791+0000] {processor.py:183} INFO - Processing /home/airflow/.local/lib/python3.12/site-packages/airflow/example_dags/example_bash_decorator.py took 0.047 seconds
[2024-07-25T03:51:34.808+0000] {processor.py:161} INFO - Started process (PID=1337) to work on /home/airflow/.local/lib/python3.12/site-packages/airflow/example_dags/example_bash_decorator.py
[2024-07-25T03:51:34.809+0000] {processor.py:830} INFO - Processing file /home/airflow/.local/lib/python3.12/site-packages/airflow/example_dags/example_bash_decorator.py for tasks to queue
[2024-07-25T03:51:34.812+0000] {logging_mixin.py:188} INFO - [2024-07-25T03:51:34.811+0000] {dagbag.py:545} INFO - Filling up the DagBag from /home/airflow/.local/lib/python3.12/site-packages/airflow/example_dags/example_bash_decorator.py
[2024-07-25T03:51:34.824+0000] {processor.py:840} INFO - DAG(s) 'example_bash_decorator' retrieved from /home/airflow/.local/lib/python3.12/site-packages/airflow/example_dags/example_bash_decorator.py
[2024-07-25T03:51:34.840+0000] {logging_mixin.py:188} INFO - [2024-07-25T03:51:34.840+0000] {dag.py:3089} INFO - Sync 1 DAGs
[2024-07-25T03:51:34.847+0000] {logging_mixin.py:188} INFO - [2024-07-25T03:51:34.847+0000] {dag.py:3947} INFO - Setting next_dagrun for example_bash_decorator to None, run_after=None
[2024-07-25T03:51:34.856+0000] {processor.py:183} INFO - Processing /home/airflow/.local/lib/python3.12/site-packages/airflow/example_dags/example_bash_decorator.py took 0.055 seconds
[2024-07-25T03:52:04.916+0000] {processor.py:161} INFO - Started process (PID=1394) to work on /home/airflow/.local/lib/python3.12/site-packages/airflow/example_dags/example_bash_decorator.py
[2024-07-25T03:52:04.919+0000] {processor.py:830} INFO - Processing file /home/airflow/.local/lib/python3.12/site-packages/airflow/example_dags/example_bash_decorator.py for tasks to queue
[2024-07-25T03:52:04.922+0000] {logging_mixin.py:188} INFO - [2024-07-25T03:52:04.921+0000] {dagbag.py:545} INFO - Filling up the DagBag from /home/airflow/.local/lib/python3.12/site-packages/airflow/example_dags/example_bash_decorator.py
[2024-07-25T03:52:04.936+0000] {processor.py:840} INFO - DAG(s) 'example_bash_decorator' retrieved from /home/airflow/.local/lib/python3.12/site-packages/airflow/example_dags/example_bash_decorator.py
[2024-07-25T03:52:04.953+0000] {logging_mixin.py:188} INFO - [2024-07-25T03:52:04.953+0000] {dag.py:3089} INFO - Sync 1 DAGs
[2024-07-25T03:52:04.960+0000] {logging_mixin.py:188} INFO - [2024-07-25T03:52:04.960+0000] {dag.py:3947} INFO - Setting next_dagrun for example_bash_decorator to None, run_after=None
[2024-07-25T03:52:04.969+0000] {processor.py:183} INFO - Processing /home/airflow/.local/lib/python3.12/site-packages/airflow/example_dags/example_bash_decorator.py took 0.061 seconds
[2024-07-25T03:52:35.105+0000] {processor.py:161} INFO - Started process (PID=1452) to work on /home/airflow/.local/lib/python3.12/site-packages/airflow/example_dags/example_bash_decorator.py
[2024-07-25T03:52:35.107+0000] {processor.py:830} INFO - Processing file /home/airflow/.local/lib/python3.12/site-packages/airflow/example_dags/example_bash_decorator.py for tasks to queue
[2024-07-25T03:52:35.109+0000] {logging_mixin.py:188} INFO - [2024-07-25T03:52:35.109+0000] {dagbag.py:545} INFO - Filling up the DagBag from /home/airflow/.local/lib/python3.12/site-packages/airflow/example_dags/example_bash_decorator.py
[2024-07-25T03:52:35.121+0000] {processor.py:840} INFO - DAG(s) 'example_bash_decorator' retrieved from /home/airflow/.local/lib/python3.12/site-packages/airflow/example_dags/example_bash_decorator.py
[2024-07-25T03:52:35.138+0000] {logging_mixin.py:188} INFO - [2024-07-25T03:52:35.138+0000] {dag.py:3089} INFO - Sync 1 DAGs
[2024-07-25T03:52:35.145+0000] {logging_mixin.py:188} INFO - [2024-07-25T03:52:35.145+0000] {dag.py:3947} INFO - Setting next_dagrun for example_bash_decorator to None, run_after=None
[2024-07-25T03:52:35.155+0000] {processor.py:183} INFO - Processing /home/airflow/.local/lib/python3.12/site-packages/airflow/example_dags/example_bash_decorator.py took 0.059 seconds
[2024-07-25T04:03:47.073+0000] {processor.py:161} INFO - Started process (PID=61) to work on /home/airflow/.local/lib/python3.12/site-packages/airflow/example_dags/example_bash_decorator.py
[2024-07-25T04:03:47.074+0000] {processor.py:830} INFO - Processing file /home/airflow/.local/lib/python3.12/site-packages/airflow/example_dags/example_bash_decorator.py for tasks to queue
[2024-07-25T04:03:47.076+0000] {logging_mixin.py:188} INFO - [2024-07-25T04:03:47.076+0000] {dagbag.py:545} INFO - Filling up the DagBag from /home/airflow/.local/lib/python3.12/site-packages/airflow/example_dags/example_bash_decorator.py
[2024-07-25T04:03:47.089+0000] {processor.py:840} INFO - DAG(s) 'example_bash_decorator' retrieved from /home/airflow/.local/lib/python3.12/site-packages/airflow/example_dags/example_bash_decorator.py
[2024-07-25T04:03:47.101+0000] {logging_mixin.py:188} INFO - [2024-07-25T04:03:47.101+0000] {dag.py:3089} INFO - Sync 1 DAGs
[2024-07-25T04:03:47.111+0000] {logging_mixin.py:188} INFO - [2024-07-25T04:03:47.111+0000] {dag.py:3947} INFO - Setting next_dagrun for example_bash_decorator to None, run_after=None
[2024-07-25T04:03:47.163+0000] {processor.py:183} INFO - Processing /home/airflow/.local/lib/python3.12/site-packages/airflow/example_dags/example_bash_decorator.py took 0.109 seconds
[2024-07-25T04:04:18.763+0000] {processor.py:161} INFO - Started process (PID=119) to work on /home/airflow/.local/lib/python3.12/site-packages/airflow/example_dags/example_bash_decorator.py
[2024-07-25T04:04:18.765+0000] {processor.py:830} INFO - Processing file /home/airflow/.local/lib/python3.12/site-packages/airflow/example_dags/example_bash_decorator.py for tasks to queue
[2024-07-25T04:04:18.766+0000] {logging_mixin.py:188} INFO - [2024-07-25T04:04:18.766+0000] {dagbag.py:545} INFO - Filling up the DagBag from /home/airflow/.local/lib/python3.12/site-packages/airflow/example_dags/example_bash_decorator.py
[2024-07-25T04:04:18.775+0000] {processor.py:840} INFO - DAG(s) 'example_bash_decorator' retrieved from /home/airflow/.local/lib/python3.12/site-packages/airflow/example_dags/example_bash_decorator.py
[2024-07-25T04:04:18.841+0000] {logging_mixin.py:188} INFO - [2024-07-25T04:04:18.840+0000] {dag.py:3089} INFO - Sync 1 DAGs
[2024-07-25T04:04:18.847+0000] {logging_mixin.py:188} INFO - [2024-07-25T04:04:18.847+0000] {dag.py:3947} INFO - Setting next_dagrun for example_bash_decorator to None, run_after=None
[2024-07-25T04:04:18.857+0000] {processor.py:183} INFO - Processing /home/airflow/.local/lib/python3.12/site-packages/airflow/example_dags/example_bash_decorator.py took 0.099 seconds
[2024-07-25T04:04:49.406+0000] {processor.py:161} INFO - Started process (PID=177) to work on /home/airflow/.local/lib/python3.12/site-packages/airflow/example_dags/example_bash_decorator.py
[2024-07-25T04:04:49.407+0000] {processor.py:830} INFO - Processing file /home/airflow/.local/lib/python3.12/site-packages/airflow/example_dags/example_bash_decorator.py for tasks to queue
[2024-07-25T04:04:49.408+0000] {logging_mixin.py:188} INFO - [2024-07-25T04:04:49.408+0000] {dagbag.py:545} INFO - Filling up the DagBag from /home/airflow/.local/lib/python3.12/site-packages/airflow/example_dags/example_bash_decorator.py
[2024-07-25T04:04:49.416+0000] {processor.py:840} INFO - DAG(s) 'example_bash_decorator' retrieved from /home/airflow/.local/lib/python3.12/site-packages/airflow/example_dags/example_bash_decorator.py
[2024-07-25T04:04:49.429+0000] {logging_mixin.py:188} INFO - [2024-07-25T04:04:49.429+0000] {dag.py:3089} INFO - Sync 1 DAGs
[2024-07-25T04:04:49.436+0000] {logging_mixin.py:188} INFO - [2024-07-25T04:04:49.436+0000] {dag.py:3947} INFO - Setting next_dagrun for example_bash_decorator to None, run_after=None
[2024-07-25T04:04:49.445+0000] {processor.py:183} INFO - Processing /home/airflow/.local/lib/python3.12/site-packages/airflow/example_dags/example_bash_decorator.py took 0.043 seconds
[2024-07-25T04:05:19.576+0000] {processor.py:161} INFO - Started process (PID=235) to work on /home/airflow/.local/lib/python3.12/site-packages/airflow/example_dags/example_bash_decorator.py
[2024-07-25T04:05:19.577+0000] {processor.py:830} INFO - Processing file /home/airflow/.local/lib/python3.12/site-packages/airflow/example_dags/example_bash_decorator.py for tasks to queue
[2024-07-25T04:05:19.578+0000] {logging_mixin.py:188} INFO - [2024-07-25T04:05:19.578+0000] {dagbag.py:545} INFO - Filling up the DagBag from /home/airflow/.local/lib/python3.12/site-packages/airflow/example_dags/example_bash_decorator.py
[2024-07-25T04:05:19.586+0000] {processor.py:840} INFO - DAG(s) 'example_bash_decorator' retrieved from /home/airflow/.local/lib/python3.12/site-packages/airflow/example_dags/example_bash_decorator.py
[2024-07-25T04:05:19.598+0000] {logging_mixin.py:188} INFO - [2024-07-25T04:05:19.598+0000] {dag.py:3089} INFO - Sync 1 DAGs
[2024-07-25T04:05:19.604+0000] {logging_mixin.py:188} INFO - [2024-07-25T04:05:19.604+0000] {dag.py:3947} INFO - Setting next_dagrun for example_bash_decorator to None, run_after=None
[2024-07-25T04:05:19.613+0000] {processor.py:183} INFO - Processing /home/airflow/.local/lib/python3.12/site-packages/airflow/example_dags/example_bash_decorator.py took 0.041 seconds
[2024-07-25T04:05:49.826+0000] {processor.py:161} INFO - Started process (PID=293) to work on /home/airflow/.local/lib/python3.12/site-packages/airflow/example_dags/example_bash_decorator.py
[2024-07-25T04:05:49.826+0000] {processor.py:830} INFO - Processing file /home/airflow/.local/lib/python3.12/site-packages/airflow/example_dags/example_bash_decorator.py for tasks to queue
[2024-07-25T04:05:49.828+0000] {logging_mixin.py:188} INFO - [2024-07-25T04:05:49.828+0000] {dagbag.py:545} INFO - Filling up the DagBag from /home/airflow/.local/lib/python3.12/site-packages/airflow/example_dags/example_bash_decorator.py
[2024-07-25T04:05:49.835+0000] {processor.py:840} INFO - DAG(s) 'example_bash_decorator' retrieved from /home/airflow/.local/lib/python3.12/site-packages/airflow/example_dags/example_bash_decorator.py
[2024-07-25T04:05:49.848+0000] {logging_mixin.py:188} INFO - [2024-07-25T04:05:49.848+0000] {dag.py:3089} INFO - Sync 1 DAGs
[2024-07-25T04:05:49.854+0000] {logging_mixin.py:188} INFO - [2024-07-25T04:05:49.854+0000] {dag.py:3947} INFO - Setting next_dagrun for example_bash_decorator to None, run_after=None
[2024-07-25T04:05:49.864+0000] {processor.py:183} INFO - Processing /home/airflow/.local/lib/python3.12/site-packages/airflow/example_dags/example_bash_decorator.py took 0.042 seconds
[2024-07-25T04:06:20.815+0000] {processor.py:161} INFO - Started process (PID=351) to work on /home/airflow/.local/lib/python3.12/site-packages/airflow/example_dags/example_bash_decorator.py
[2024-07-25T04:06:20.815+0000] {processor.py:830} INFO - Processing file /home/airflow/.local/lib/python3.12/site-packages/airflow/example_dags/example_bash_decorator.py for tasks to queue
[2024-07-25T04:06:20.817+0000] {logging_mixin.py:188} INFO - [2024-07-25T04:06:20.816+0000] {dagbag.py:545} INFO - Filling up the DagBag from /home/airflow/.local/lib/python3.12/site-packages/airflow/example_dags/example_bash_decorator.py
[2024-07-25T04:06:20.824+0000] {processor.py:840} INFO - DAG(s) 'example_bash_decorator' retrieved from /home/airflow/.local/lib/python3.12/site-packages/airflow/example_dags/example_bash_decorator.py
[2024-07-25T04:06:20.837+0000] {logging_mixin.py:188} INFO - [2024-07-25T04:06:20.837+0000] {dag.py:3089} INFO - Sync 1 DAGs
[2024-07-25T04:06:20.844+0000] {logging_mixin.py:188} INFO - [2024-07-25T04:06:20.843+0000] {dag.py:3947} INFO - Setting next_dagrun for example_bash_decorator to None, run_after=None
[2024-07-25T04:06:20.852+0000] {processor.py:183} INFO - Processing /home/airflow/.local/lib/python3.12/site-packages/airflow/example_dags/example_bash_decorator.py took 0.042 seconds
[2024-07-25T04:06:51.242+0000] {processor.py:161} INFO - Started process (PID=409) to work on /home/airflow/.local/lib/python3.12/site-packages/airflow/example_dags/example_bash_decorator.py
[2024-07-25T04:06:51.243+0000] {processor.py:830} INFO - Processing file /home/airflow/.local/lib/python3.12/site-packages/airflow/example_dags/example_bash_decorator.py for tasks to queue
[2024-07-25T04:06:51.245+0000] {logging_mixin.py:188} INFO - [2024-07-25T04:06:51.244+0000] {dagbag.py:545} INFO - Filling up the DagBag from /home/airflow/.local/lib/python3.12/site-packages/airflow/example_dags/example_bash_decorator.py
[2024-07-25T04:06:51.252+0000] {processor.py:840} INFO - DAG(s) 'example_bash_decorator' retrieved from /home/airflow/.local/lib/python3.12/site-packages/airflow/example_dags/example_bash_decorator.py
[2024-07-25T04:06:51.265+0000] {logging_mixin.py:188} INFO - [2024-07-25T04:06:51.265+0000] {dag.py:3089} INFO - Sync 1 DAGs
[2024-07-25T04:06:51.271+0000] {logging_mixin.py:188} INFO - [2024-07-25T04:06:51.271+0000] {dag.py:3947} INFO - Setting next_dagrun for example_bash_decorator to None, run_after=None
[2024-07-25T04:06:51.281+0000] {processor.py:183} INFO - Processing /home/airflow/.local/lib/python3.12/site-packages/airflow/example_dags/example_bash_decorator.py took 0.042 seconds
[2024-07-25T04:07:21.645+0000] {processor.py:161} INFO - Started process (PID=467) to work on /home/airflow/.local/lib/python3.12/site-packages/airflow/example_dags/example_bash_decorator.py
[2024-07-25T04:07:21.646+0000] {processor.py:830} INFO - Processing file /home/airflow/.local/lib/python3.12/site-packages/airflow/example_dags/example_bash_decorator.py for tasks to queue
[2024-07-25T04:07:21.647+0000] {logging_mixin.py:188} INFO - [2024-07-25T04:07:21.647+0000] {dagbag.py:545} INFO - Filling up the DagBag from /home/airflow/.local/lib/python3.12/site-packages/airflow/example_dags/example_bash_decorator.py
[2024-07-25T04:07:21.655+0000] {processor.py:840} INFO - DAG(s) 'example_bash_decorator' retrieved from /home/airflow/.local/lib/python3.12/site-packages/airflow/example_dags/example_bash_decorator.py
[2024-07-25T04:07:21.668+0000] {logging_mixin.py:188} INFO - [2024-07-25T04:07:21.667+0000] {dag.py:3089} INFO - Sync 1 DAGs
[2024-07-25T04:07:21.674+0000] {logging_mixin.py:188} INFO - [2024-07-25T04:07:21.674+0000] {dag.py:3947} INFO - Setting next_dagrun for example_bash_decorator to None, run_after=None
[2024-07-25T04:07:21.684+0000] {processor.py:183} INFO - Processing /home/airflow/.local/lib/python3.12/site-packages/airflow/example_dags/example_bash_decorator.py took 0.042 seconds
[2024-07-25T04:07:51.787+0000] {processor.py:161} INFO - Started process (PID=525) to work on /home/airflow/.local/lib/python3.12/site-packages/airflow/example_dags/example_bash_decorator.py
[2024-07-25T04:07:51.787+0000] {processor.py:830} INFO - Processing file /home/airflow/.local/lib/python3.12/site-packages/airflow/example_dags/example_bash_decorator.py for tasks to queue
[2024-07-25T04:07:51.789+0000] {logging_mixin.py:188} INFO - [2024-07-25T04:07:51.789+0000] {dagbag.py:545} INFO - Filling up the DagBag from /home/airflow/.local/lib/python3.12/site-packages/airflow/example_dags/example_bash_decorator.py
[2024-07-25T04:07:51.796+0000] {processor.py:840} INFO - DAG(s) 'example_bash_decorator' retrieved from /home/airflow/.local/lib/python3.12/site-packages/airflow/example_dags/example_bash_decorator.py
[2024-07-25T04:07:51.809+0000] {logging_mixin.py:188} INFO - [2024-07-25T04:07:51.809+0000] {dag.py:3089} INFO - Sync 1 DAGs
[2024-07-25T04:07:51.816+0000] {logging_mixin.py:188} INFO - [2024-07-25T04:07:51.816+0000] {dag.py:3947} INFO - Setting next_dagrun for example_bash_decorator to None, run_after=None
[2024-07-25T04:07:51.825+0000] {processor.py:183} INFO - Processing /home/airflow/.local/lib/python3.12/site-packages/airflow/example_dags/example_bash_decorator.py took 0.042 seconds
[2024-07-25T04:08:21.948+0000] {processor.py:161} INFO - Started process (PID=583) to work on /home/airflow/.local/lib/python3.12/site-packages/airflow/example_dags/example_bash_decorator.py
[2024-07-25T04:08:21.949+0000] {processor.py:830} INFO - Processing file /home/airflow/.local/lib/python3.12/site-packages/airflow/example_dags/example_bash_decorator.py for tasks to queue
[2024-07-25T04:08:21.950+0000] {logging_mixin.py:188} INFO - [2024-07-25T04:08:21.950+0000] {dagbag.py:545} INFO - Filling up the DagBag from /home/airflow/.local/lib/python3.12/site-packages/airflow/example_dags/example_bash_decorator.py
[2024-07-25T04:08:21.958+0000] {processor.py:840} INFO - DAG(s) 'example_bash_decorator' retrieved from /home/airflow/.local/lib/python3.12/site-packages/airflow/example_dags/example_bash_decorator.py
[2024-07-25T04:08:21.971+0000] {logging_mixin.py:188} INFO - [2024-07-25T04:08:21.971+0000] {dag.py:3089} INFO - Sync 1 DAGs
[2024-07-25T04:08:21.978+0000] {logging_mixin.py:188} INFO - [2024-07-25T04:08:21.978+0000] {dag.py:3947} INFO - Setting next_dagrun for example_bash_decorator to None, run_after=None
[2024-07-25T04:08:21.987+0000] {processor.py:183} INFO - Processing /home/airflow/.local/lib/python3.12/site-packages/airflow/example_dags/example_bash_decorator.py took 0.042 seconds
[2024-07-25T04:08:52.037+0000] {processor.py:161} INFO - Started process (PID=641) to work on /home/airflow/.local/lib/python3.12/site-packages/airflow/example_dags/example_bash_decorator.py
[2024-07-25T04:08:52.037+0000] {processor.py:830} INFO - Processing file /home/airflow/.local/lib/python3.12/site-packages/airflow/example_dags/example_bash_decorator.py for tasks to queue
[2024-07-25T04:08:52.039+0000] {logging_mixin.py:188} INFO - [2024-07-25T04:08:52.039+0000] {dagbag.py:545} INFO - Filling up the DagBag from /home/airflow/.local/lib/python3.12/site-packages/airflow/example_dags/example_bash_decorator.py
[2024-07-25T04:08:52.046+0000] {processor.py:840} INFO - DAG(s) 'example_bash_decorator' retrieved from /home/airflow/.local/lib/python3.12/site-packages/airflow/example_dags/example_bash_decorator.py
[2024-07-25T04:08:52.060+0000] {logging_mixin.py:188} INFO - [2024-07-25T04:08:52.059+0000] {dag.py:3089} INFO - Sync 1 DAGs
[2024-07-25T04:08:52.066+0000] {logging_mixin.py:188} INFO - [2024-07-25T04:08:52.066+0000] {dag.py:3947} INFO - Setting next_dagrun for example_bash_decorator to None, run_after=None
[2024-07-25T04:08:52.075+0000] {processor.py:183} INFO - Processing /home/airflow/.local/lib/python3.12/site-packages/airflow/example_dags/example_bash_decorator.py took 0.042 seconds
[2024-07-25T04:09:22.567+0000] {processor.py:161} INFO - Started process (PID=700) to work on /home/airflow/.local/lib/python3.12/site-packages/airflow/example_dags/example_bash_decorator.py
[2024-07-25T04:09:22.568+0000] {processor.py:830} INFO - Processing file /home/airflow/.local/lib/python3.12/site-packages/airflow/example_dags/example_bash_decorator.py for tasks to queue
[2024-07-25T04:09:22.569+0000] {logging_mixin.py:188} INFO - [2024-07-25T04:09:22.569+0000] {dagbag.py:545} INFO - Filling up the DagBag from /home/airflow/.local/lib/python3.12/site-packages/airflow/example_dags/example_bash_decorator.py
[2024-07-25T04:09:22.577+0000] {processor.py:840} INFO - DAG(s) 'example_bash_decorator' retrieved from /home/airflow/.local/lib/python3.12/site-packages/airflow/example_dags/example_bash_decorator.py
[2024-07-25T04:09:22.592+0000] {logging_mixin.py:188} INFO - [2024-07-25T04:09:22.592+0000] {dag.py:3089} INFO - Sync 1 DAGs
[2024-07-25T04:09:22.599+0000] {logging_mixin.py:188} INFO - [2024-07-25T04:09:22.599+0000] {dag.py:3947} INFO - Setting next_dagrun for example_bash_decorator to None, run_after=None
[2024-07-25T04:09:22.611+0000] {processor.py:183} INFO - Processing /home/airflow/.local/lib/python3.12/site-packages/airflow/example_dags/example_bash_decorator.py took 0.048 seconds
[2024-07-25T04:09:52.715+0000] {processor.py:161} INFO - Started process (PID=758) to work on /home/airflow/.local/lib/python3.12/site-packages/airflow/example_dags/example_bash_decorator.py
[2024-07-25T04:09:52.716+0000] {processor.py:830} INFO - Processing file /home/airflow/.local/lib/python3.12/site-packages/airflow/example_dags/example_bash_decorator.py for tasks to queue
[2024-07-25T04:09:52.717+0000] {logging_mixin.py:188} INFO - [2024-07-25T04:09:52.717+0000] {dagbag.py:545} INFO - Filling up the DagBag from /home/airflow/.local/lib/python3.12/site-packages/airflow/example_dags/example_bash_decorator.py
[2024-07-25T04:09:52.725+0000] {processor.py:840} INFO - DAG(s) 'example_bash_decorator' retrieved from /home/airflow/.local/lib/python3.12/site-packages/airflow/example_dags/example_bash_decorator.py
[2024-07-25T04:09:52.738+0000] {logging_mixin.py:188} INFO - [2024-07-25T04:09:52.738+0000] {dag.py:3089} INFO - Sync 1 DAGs
[2024-07-25T04:09:52.745+0000] {logging_mixin.py:188} INFO - [2024-07-25T04:09:52.745+0000] {dag.py:3947} INFO - Setting next_dagrun for example_bash_decorator to None, run_after=None
[2024-07-25T04:09:52.756+0000] {processor.py:183} INFO - Processing /home/airflow/.local/lib/python3.12/site-packages/airflow/example_dags/example_bash_decorator.py took 0.045 seconds
[2024-07-25T04:10:23.482+0000] {processor.py:161} INFO - Started process (PID=816) to work on /home/airflow/.local/lib/python3.12/site-packages/airflow/example_dags/example_bash_decorator.py
[2024-07-25T04:10:23.483+0000] {processor.py:830} INFO - Processing file /home/airflow/.local/lib/python3.12/site-packages/airflow/example_dags/example_bash_decorator.py for tasks to queue
[2024-07-25T04:10:23.484+0000] {logging_mixin.py:188} INFO - [2024-07-25T04:10:23.484+0000] {dagbag.py:545} INFO - Filling up the DagBag from /home/airflow/.local/lib/python3.12/site-packages/airflow/example_dags/example_bash_decorator.py
[2024-07-25T04:10:23.491+0000] {processor.py:840} INFO - DAG(s) 'example_bash_decorator' retrieved from /home/airflow/.local/lib/python3.12/site-packages/airflow/example_dags/example_bash_decorator.py
[2024-07-25T04:10:23.505+0000] {logging_mixin.py:188} INFO - [2024-07-25T04:10:23.504+0000] {dag.py:3089} INFO - Sync 1 DAGs
[2024-07-25T04:10:23.511+0000] {logging_mixin.py:188} INFO - [2024-07-25T04:10:23.511+0000] {dag.py:3947} INFO - Setting next_dagrun for example_bash_decorator to None, run_after=None
[2024-07-25T04:10:23.519+0000] {processor.py:183} INFO - Processing /home/airflow/.local/lib/python3.12/site-packages/airflow/example_dags/example_bash_decorator.py took 0.041 seconds
[2024-07-25T04:10:53.724+0000] {processor.py:161} INFO - Started process (PID=874) to work on /home/airflow/.local/lib/python3.12/site-packages/airflow/example_dags/example_bash_decorator.py
[2024-07-25T04:10:53.725+0000] {processor.py:830} INFO - Processing file /home/airflow/.local/lib/python3.12/site-packages/airflow/example_dags/example_bash_decorator.py for tasks to queue
[2024-07-25T04:10:53.726+0000] {logging_mixin.py:188} INFO - [2024-07-25T04:10:53.726+0000] {dagbag.py:545} INFO - Filling up the DagBag from /home/airflow/.local/lib/python3.12/site-packages/airflow/example_dags/example_bash_decorator.py
[2024-07-25T04:10:53.734+0000] {processor.py:840} INFO - DAG(s) 'example_bash_decorator' retrieved from /home/airflow/.local/lib/python3.12/site-packages/airflow/example_dags/example_bash_decorator.py
[2024-07-25T04:10:53.747+0000] {logging_mixin.py:188} INFO - [2024-07-25T04:10:53.747+0000] {dag.py:3089} INFO - Sync 1 DAGs
[2024-07-25T04:10:53.754+0000] {logging_mixin.py:188} INFO - [2024-07-25T04:10:53.754+0000] {dag.py:3947} INFO - Setting next_dagrun for example_bash_decorator to None, run_after=None
[2024-07-25T04:10:53.762+0000] {processor.py:183} INFO - Processing /home/airflow/.local/lib/python3.12/site-packages/airflow/example_dags/example_bash_decorator.py took 0.042 seconds
[2024-07-25T04:11:23.923+0000] {processor.py:161} INFO - Started process (PID=932) to work on /home/airflow/.local/lib/python3.12/site-packages/airflow/example_dags/example_bash_decorator.py
[2024-07-25T04:11:23.924+0000] {processor.py:830} INFO - Processing file /home/airflow/.local/lib/python3.12/site-packages/airflow/example_dags/example_bash_decorator.py for tasks to queue
[2024-07-25T04:11:23.926+0000] {logging_mixin.py:188} INFO - [2024-07-25T04:11:23.926+0000] {dagbag.py:545} INFO - Filling up the DagBag from /home/airflow/.local/lib/python3.12/site-packages/airflow/example_dags/example_bash_decorator.py
[2024-07-25T04:11:23.935+0000] {processor.py:840} INFO - DAG(s) 'example_bash_decorator' retrieved from /home/airflow/.local/lib/python3.12/site-packages/airflow/example_dags/example_bash_decorator.py
[2024-07-25T04:11:23.947+0000] {logging_mixin.py:188} INFO - [2024-07-25T04:11:23.947+0000] {dag.py:3089} INFO - Sync 1 DAGs
[2024-07-25T04:11:23.954+0000] {logging_mixin.py:188} INFO - [2024-07-25T04:11:23.954+0000] {dag.py:3947} INFO - Setting next_dagrun for example_bash_decorator to None, run_after=None
[2024-07-25T04:11:23.964+0000] {processor.py:183} INFO - Processing /home/airflow/.local/lib/python3.12/site-packages/airflow/example_dags/example_bash_decorator.py took 0.048 seconds
