[2024-07-25T03:40:25.593+0000] {processor.py:161} INFO - Started process (PID=75) to work on /home/airflow/.local/lib/python3.12/site-packages/airflow/example_dags/example_xcomargs.py
[2024-07-25T03:40:25.595+0000] {processor.py:830} INFO - Processing file /home/airflow/.local/lib/python3.12/site-packages/airflow/example_dags/example_xcomargs.py for tasks to queue
[2024-07-25T03:40:25.597+0000] {logging_mixin.py:188} INFO - [2024-07-25T03:40:25.597+0000] {dagbag.py:545} INFO - Filling up the DagBag from /home/airflow/.local/lib/python3.12/site-packages/airflow/example_dags/example_xcomargs.py
[2024-07-25T03:40:25.606+0000] {processor.py:840} INFO - DAG(s) 'example_xcom_args', 'example_xcom_args_with_operators' retrieved from /home/airflow/.local/lib/python3.12/site-packages/airflow/example_dags/example_xcomargs.py
[2024-07-25T03:40:25.615+0000] {logging_mixin.py:188} INFO - [2024-07-25T03:40:25.614+0000] {dag.py:3089} INFO - Sync 2 DAGs
[2024-07-25T03:40:25.623+0000] {logging_mixin.py:188} INFO - [2024-07-25T03:40:25.623+0000] {dag.py:3947} INFO - Setting next_dagrun for example_xcom_args to None, run_after=None
[2024-07-25T03:40:25.626+0000] {logging_mixin.py:188} INFO - [2024-07-25T03:40:25.626+0000] {dag.py:3947} INFO - Setting next_dagrun for example_xcom_args_with_operators to None, run_after=None
[2024-07-25T03:40:25.639+0000] {processor.py:183} INFO - Processing /home/airflow/.local/lib/python3.12/site-packages/airflow/example_dags/example_xcomargs.py took 0.052 seconds
[2024-07-25T03:40:56.807+0000] {processor.py:161} INFO - Started process (PID=133) to work on /home/airflow/.local/lib/python3.12/site-packages/airflow/example_dags/example_xcomargs.py
[2024-07-25T03:40:56.808+0000] {processor.py:830} INFO - Processing file /home/airflow/.local/lib/python3.12/site-packages/airflow/example_dags/example_xcomargs.py for tasks to queue
[2024-07-25T03:40:56.809+0000] {logging_mixin.py:188} INFO - [2024-07-25T03:40:56.809+0000] {dagbag.py:545} INFO - Filling up the DagBag from /home/airflow/.local/lib/python3.12/site-packages/airflow/example_dags/example_xcomargs.py
[2024-07-25T03:40:56.814+0000] {processor.py:840} INFO - DAG(s) 'example_xcom_args_with_operators', 'example_xcom_args' retrieved from /home/airflow/.local/lib/python3.12/site-packages/airflow/example_dags/example_xcomargs.py
[2024-07-25T03:40:56.870+0000] {logging_mixin.py:188} INFO - [2024-07-25T03:40:56.869+0000] {dag.py:3089} INFO - Sync 2 DAGs
[2024-07-25T03:40:56.875+0000] {logging_mixin.py:188} INFO - [2024-07-25T03:40:56.875+0000] {dag.py:3947} INFO - Setting next_dagrun for example_xcom_args to None, run_after=None
[2024-07-25T03:40:56.876+0000] {logging_mixin.py:188} INFO - [2024-07-25T03:40:56.876+0000] {dag.py:3947} INFO - Setting next_dagrun for example_xcom_args_with_operators to None, run_after=None
[2024-07-25T03:40:56.884+0000] {processor.py:183} INFO - Processing /home/airflow/.local/lib/python3.12/site-packages/airflow/example_dags/example_xcomargs.py took 0.080 seconds
[2024-07-25T03:41:27.506+0000] {processor.py:161} INFO - Started process (PID=191) to work on /home/airflow/.local/lib/python3.12/site-packages/airflow/example_dags/example_xcomargs.py
[2024-07-25T03:41:27.507+0000] {processor.py:830} INFO - Processing file /home/airflow/.local/lib/python3.12/site-packages/airflow/example_dags/example_xcomargs.py for tasks to queue
[2024-07-25T03:41:27.508+0000] {logging_mixin.py:188} INFO - [2024-07-25T03:41:27.508+0000] {dagbag.py:545} INFO - Filling up the DagBag from /home/airflow/.local/lib/python3.12/site-packages/airflow/example_dags/example_xcomargs.py
[2024-07-25T03:41:27.513+0000] {processor.py:840} INFO - DAG(s) 'example_xcom_args', 'example_xcom_args_with_operators' retrieved from /home/airflow/.local/lib/python3.12/site-packages/airflow/example_dags/example_xcomargs.py
[2024-07-25T03:41:27.526+0000] {logging_mixin.py:188} INFO - [2024-07-25T03:41:27.526+0000] {dag.py:3089} INFO - Sync 2 DAGs
[2024-07-25T03:41:27.533+0000] {logging_mixin.py:188} INFO - [2024-07-25T03:41:27.533+0000] {dag.py:3947} INFO - Setting next_dagrun for example_xcom_args to None, run_after=None
[2024-07-25T03:41:27.535+0000] {logging_mixin.py:188} INFO - [2024-07-25T03:41:27.535+0000] {dag.py:3947} INFO - Setting next_dagrun for example_xcom_args_with_operators to None, run_after=None
[2024-07-25T03:41:27.543+0000] {processor.py:183} INFO - Processing /home/airflow/.local/lib/python3.12/site-packages/airflow/example_dags/example_xcomargs.py took 0.040 seconds
[2024-07-25T03:41:57.643+0000] {processor.py:161} INFO - Started process (PID=249) to work on /home/airflow/.local/lib/python3.12/site-packages/airflow/example_dags/example_xcomargs.py
[2024-07-25T03:41:57.644+0000] {processor.py:830} INFO - Processing file /home/airflow/.local/lib/python3.12/site-packages/airflow/example_dags/example_xcomargs.py for tasks to queue
[2024-07-25T03:41:57.645+0000] {logging_mixin.py:188} INFO - [2024-07-25T03:41:57.645+0000] {dagbag.py:545} INFO - Filling up the DagBag from /home/airflow/.local/lib/python3.12/site-packages/airflow/example_dags/example_xcomargs.py
[2024-07-25T03:41:57.650+0000] {processor.py:840} INFO - DAG(s) 'example_xcom_args_with_operators', 'example_xcom_args' retrieved from /home/airflow/.local/lib/python3.12/site-packages/airflow/example_dags/example_xcomargs.py
[2024-07-25T03:41:57.663+0000] {logging_mixin.py:188} INFO - [2024-07-25T03:41:57.663+0000] {dag.py:3089} INFO - Sync 2 DAGs
[2024-07-25T03:41:57.670+0000] {logging_mixin.py:188} INFO - [2024-07-25T03:41:57.670+0000] {dag.py:3947} INFO - Setting next_dagrun for example_xcom_args to None, run_after=None
[2024-07-25T03:41:57.672+0000] {logging_mixin.py:188} INFO - [2024-07-25T03:41:57.672+0000] {dag.py:3947} INFO - Setting next_dagrun for example_xcom_args_with_operators to None, run_after=None
[2024-07-25T03:41:57.681+0000] {processor.py:183} INFO - Processing /home/airflow/.local/lib/python3.12/site-packages/airflow/example_dags/example_xcomargs.py took 0.041 seconds
[2024-07-25T03:42:28.596+0000] {processor.py:161} INFO - Started process (PID=307) to work on /home/airflow/.local/lib/python3.12/site-packages/airflow/example_dags/example_xcomargs.py
[2024-07-25T03:42:28.597+0000] {processor.py:830} INFO - Processing file /home/airflow/.local/lib/python3.12/site-packages/airflow/example_dags/example_xcomargs.py for tasks to queue
[2024-07-25T03:42:28.598+0000] {logging_mixin.py:188} INFO - [2024-07-25T03:42:28.598+0000] {dagbag.py:545} INFO - Filling up the DagBag from /home/airflow/.local/lib/python3.12/site-packages/airflow/example_dags/example_xcomargs.py
[2024-07-25T03:42:28.603+0000] {processor.py:840} INFO - DAG(s) 'example_xcom_args_with_operators', 'example_xcom_args' retrieved from /home/airflow/.local/lib/python3.12/site-packages/airflow/example_dags/example_xcomargs.py
[2024-07-25T03:42:28.616+0000] {logging_mixin.py:188} INFO - [2024-07-25T03:42:28.616+0000] {dag.py:3089} INFO - Sync 2 DAGs
[2024-07-25T03:42:28.623+0000] {logging_mixin.py:188} INFO - [2024-07-25T03:42:28.623+0000] {dag.py:3947} INFO - Setting next_dagrun for example_xcom_args to None, run_after=None
[2024-07-25T03:42:28.626+0000] {logging_mixin.py:188} INFO - [2024-07-25T03:42:28.626+0000] {dag.py:3947} INFO - Setting next_dagrun for example_xcom_args_with_operators to None, run_after=None
[2024-07-25T03:42:28.634+0000] {processor.py:183} INFO - Processing /home/airflow/.local/lib/python3.12/site-packages/airflow/example_dags/example_xcomargs.py took 0.041 seconds
[2024-07-25T03:42:58.864+0000] {processor.py:161} INFO - Started process (PID=365) to work on /home/airflow/.local/lib/python3.12/site-packages/airflow/example_dags/example_xcomargs.py
[2024-07-25T03:42:58.865+0000] {processor.py:830} INFO - Processing file /home/airflow/.local/lib/python3.12/site-packages/airflow/example_dags/example_xcomargs.py for tasks to queue
[2024-07-25T03:42:58.866+0000] {logging_mixin.py:188} INFO - [2024-07-25T03:42:58.866+0000] {dagbag.py:545} INFO - Filling up the DagBag from /home/airflow/.local/lib/python3.12/site-packages/airflow/example_dags/example_xcomargs.py
[2024-07-25T03:42:58.871+0000] {processor.py:840} INFO - DAG(s) 'example_xcom_args', 'example_xcom_args_with_operators' retrieved from /home/airflow/.local/lib/python3.12/site-packages/airflow/example_dags/example_xcomargs.py
[2024-07-25T03:42:58.883+0000] {logging_mixin.py:188} INFO - [2024-07-25T03:42:58.882+0000] {dag.py:3089} INFO - Sync 2 DAGs
[2024-07-25T03:42:58.889+0000] {logging_mixin.py:188} INFO - [2024-07-25T03:42:58.889+0000] {dag.py:3947} INFO - Setting next_dagrun for example_xcom_args to None, run_after=None
[2024-07-25T03:42:58.891+0000] {logging_mixin.py:188} INFO - [2024-07-25T03:42:58.891+0000] {dag.py:3947} INFO - Setting next_dagrun for example_xcom_args_with_operators to None, run_after=None
[2024-07-25T03:42:58.899+0000] {processor.py:183} INFO - Processing /home/airflow/.local/lib/python3.12/site-packages/airflow/example_dags/example_xcomargs.py took 0.038 seconds
[2024-07-25T03:43:29.174+0000] {processor.py:161} INFO - Started process (PID=423) to work on /home/airflow/.local/lib/python3.12/site-packages/airflow/example_dags/example_xcomargs.py
[2024-07-25T03:43:29.174+0000] {processor.py:830} INFO - Processing file /home/airflow/.local/lib/python3.12/site-packages/airflow/example_dags/example_xcomargs.py for tasks to queue
[2024-07-25T03:43:29.176+0000] {logging_mixin.py:188} INFO - [2024-07-25T03:43:29.175+0000] {dagbag.py:545} INFO - Filling up the DagBag from /home/airflow/.local/lib/python3.12/site-packages/airflow/example_dags/example_xcomargs.py
[2024-07-25T03:43:29.180+0000] {processor.py:840} INFO - DAG(s) 'example_xcom_args', 'example_xcom_args_with_operators' retrieved from /home/airflow/.local/lib/python3.12/site-packages/airflow/example_dags/example_xcomargs.py
[2024-07-25T03:43:29.194+0000] {logging_mixin.py:188} INFO - [2024-07-25T03:43:29.193+0000] {dag.py:3089} INFO - Sync 2 DAGs
[2024-07-25T03:43:29.201+0000] {logging_mixin.py:188} INFO - [2024-07-25T03:43:29.200+0000] {dag.py:3947} INFO - Setting next_dagrun for example_xcom_args to None, run_after=None
[2024-07-25T03:43:29.203+0000] {logging_mixin.py:188} INFO - [2024-07-25T03:43:29.202+0000] {dag.py:3947} INFO - Setting next_dagrun for example_xcom_args_with_operators to None, run_after=None
[2024-07-25T03:43:29.211+0000] {processor.py:183} INFO - Processing /home/airflow/.local/lib/python3.12/site-packages/airflow/example_dags/example_xcomargs.py took 0.041 seconds
[2024-07-25T03:43:59.615+0000] {processor.py:161} INFO - Started process (PID=481) to work on /home/airflow/.local/lib/python3.12/site-packages/airflow/example_dags/example_xcomargs.py
[2024-07-25T03:43:59.617+0000] {processor.py:830} INFO - Processing file /home/airflow/.local/lib/python3.12/site-packages/airflow/example_dags/example_xcomargs.py for tasks to queue
[2024-07-25T03:43:59.618+0000] {logging_mixin.py:188} INFO - [2024-07-25T03:43:59.618+0000] {dagbag.py:545} INFO - Filling up the DagBag from /home/airflow/.local/lib/python3.12/site-packages/airflow/example_dags/example_xcomargs.py
[2024-07-25T03:43:59.624+0000] {processor.py:840} INFO - DAG(s) 'example_xcom_args_with_operators', 'example_xcom_args' retrieved from /home/airflow/.local/lib/python3.12/site-packages/airflow/example_dags/example_xcomargs.py
[2024-07-25T03:43:59.638+0000] {logging_mixin.py:188} INFO - [2024-07-25T03:43:59.637+0000] {dag.py:3089} INFO - Sync 2 DAGs
[2024-07-25T03:43:59.646+0000] {logging_mixin.py:188} INFO - [2024-07-25T03:43:59.646+0000] {dag.py:3947} INFO - Setting next_dagrun for example_xcom_args to None, run_after=None
[2024-07-25T03:43:59.648+0000] {logging_mixin.py:188} INFO - [2024-07-25T03:43:59.648+0000] {dag.py:3947} INFO - Setting next_dagrun for example_xcom_args_with_operators to None, run_after=None
[2024-07-25T03:43:59.657+0000] {processor.py:183} INFO - Processing /home/airflow/.local/lib/python3.12/site-packages/airflow/example_dags/example_xcomargs.py took 0.046 seconds
[2024-07-25T03:44:29.904+0000] {processor.py:161} INFO - Started process (PID=539) to work on /home/airflow/.local/lib/python3.12/site-packages/airflow/example_dags/example_xcomargs.py
[2024-07-25T03:44:29.905+0000] {processor.py:830} INFO - Processing file /home/airflow/.local/lib/python3.12/site-packages/airflow/example_dags/example_xcomargs.py for tasks to queue
[2024-07-25T03:44:29.906+0000] {logging_mixin.py:188} INFO - [2024-07-25T03:44:29.906+0000] {dagbag.py:545} INFO - Filling up the DagBag from /home/airflow/.local/lib/python3.12/site-packages/airflow/example_dags/example_xcomargs.py
[2024-07-25T03:44:29.911+0000] {processor.py:840} INFO - DAG(s) 'example_xcom_args', 'example_xcom_args_with_operators' retrieved from /home/airflow/.local/lib/python3.12/site-packages/airflow/example_dags/example_xcomargs.py
[2024-07-25T03:44:29.924+0000] {logging_mixin.py:188} INFO - [2024-07-25T03:44:29.923+0000] {dag.py:3089} INFO - Sync 2 DAGs
[2024-07-25T03:44:29.930+0000] {logging_mixin.py:188} INFO - [2024-07-25T03:44:29.930+0000] {dag.py:3947} INFO - Setting next_dagrun for example_xcom_args to None, run_after=None
[2024-07-25T03:44:29.932+0000] {logging_mixin.py:188} INFO - [2024-07-25T03:44:29.932+0000] {dag.py:3947} INFO - Setting next_dagrun for example_xcom_args_with_operators to None, run_after=None
[2024-07-25T03:44:29.939+0000] {processor.py:183} INFO - Processing /home/airflow/.local/lib/python3.12/site-packages/airflow/example_dags/example_xcomargs.py took 0.039 seconds
[2024-07-25T03:45:00.012+0000] {processor.py:161} INFO - Started process (PID=597) to work on /home/airflow/.local/lib/python3.12/site-packages/airflow/example_dags/example_xcomargs.py
[2024-07-25T03:45:00.013+0000] {processor.py:830} INFO - Processing file /home/airflow/.local/lib/python3.12/site-packages/airflow/example_dags/example_xcomargs.py for tasks to queue
[2024-07-25T03:45:00.014+0000] {logging_mixin.py:188} INFO - [2024-07-25T03:45:00.014+0000] {dagbag.py:545} INFO - Filling up the DagBag from /home/airflow/.local/lib/python3.12/site-packages/airflow/example_dags/example_xcomargs.py
[2024-07-25T03:45:00.020+0000] {processor.py:840} INFO - DAG(s) 'example_xcom_args', 'example_xcom_args_with_operators' retrieved from /home/airflow/.local/lib/python3.12/site-packages/airflow/example_dags/example_xcomargs.py
[2024-07-25T03:45:00.038+0000] {logging_mixin.py:188} INFO - [2024-07-25T03:45:00.038+0000] {dag.py:3089} INFO - Sync 2 DAGs
[2024-07-25T03:45:00.045+0000] {logging_mixin.py:188} INFO - [2024-07-25T03:45:00.045+0000] {dag.py:3947} INFO - Setting next_dagrun for example_xcom_args to None, run_after=None
[2024-07-25T03:45:00.048+0000] {logging_mixin.py:188} INFO - [2024-07-25T03:45:00.048+0000] {dag.py:3947} INFO - Setting next_dagrun for example_xcom_args_with_operators to None, run_after=None
[2024-07-25T03:45:00.067+0000] {processor.py:183} INFO - Processing /home/airflow/.local/lib/python3.12/site-packages/airflow/example_dags/example_xcomargs.py took 0.059 seconds
[2024-07-25T03:45:30.346+0000] {processor.py:161} INFO - Started process (PID=655) to work on /home/airflow/.local/lib/python3.12/site-packages/airflow/example_dags/example_xcomargs.py
[2024-07-25T03:45:30.347+0000] {processor.py:830} INFO - Processing file /home/airflow/.local/lib/python3.12/site-packages/airflow/example_dags/example_xcomargs.py for tasks to queue
[2024-07-25T03:45:30.348+0000] {logging_mixin.py:188} INFO - [2024-07-25T03:45:30.348+0000] {dagbag.py:545} INFO - Filling up the DagBag from /home/airflow/.local/lib/python3.12/site-packages/airflow/example_dags/example_xcomargs.py
[2024-07-25T03:45:30.353+0000] {processor.py:840} INFO - DAG(s) 'example_xcom_args', 'example_xcom_args_with_operators' retrieved from /home/airflow/.local/lib/python3.12/site-packages/airflow/example_dags/example_xcomargs.py
[2024-07-25T03:45:30.366+0000] {logging_mixin.py:188} INFO - [2024-07-25T03:45:30.366+0000] {dag.py:3089} INFO - Sync 2 DAGs
[2024-07-25T03:45:30.373+0000] {logging_mixin.py:188} INFO - [2024-07-25T03:45:30.373+0000] {dag.py:3947} INFO - Setting next_dagrun for example_xcom_args to None, run_after=None
[2024-07-25T03:45:30.376+0000] {logging_mixin.py:188} INFO - [2024-07-25T03:45:30.376+0000] {dag.py:3947} INFO - Setting next_dagrun for example_xcom_args_with_operators to None, run_after=None
[2024-07-25T03:45:30.385+0000] {processor.py:183} INFO - Processing /home/airflow/.local/lib/python3.12/site-packages/airflow/example_dags/example_xcomargs.py took 0.043 seconds
[2024-07-25T03:46:00.596+0000] {processor.py:161} INFO - Started process (PID=713) to work on /home/airflow/.local/lib/python3.12/site-packages/airflow/example_dags/example_xcomargs.py
[2024-07-25T03:46:00.597+0000] {processor.py:830} INFO - Processing file /home/airflow/.local/lib/python3.12/site-packages/airflow/example_dags/example_xcomargs.py for tasks to queue
[2024-07-25T03:46:00.598+0000] {logging_mixin.py:188} INFO - [2024-07-25T03:46:00.598+0000] {dagbag.py:545} INFO - Filling up the DagBag from /home/airflow/.local/lib/python3.12/site-packages/airflow/example_dags/example_xcomargs.py
[2024-07-25T03:46:00.603+0000] {processor.py:840} INFO - DAG(s) 'example_xcom_args', 'example_xcom_args_with_operators' retrieved from /home/airflow/.local/lib/python3.12/site-packages/airflow/example_dags/example_xcomargs.py
[2024-07-25T03:46:00.616+0000] {logging_mixin.py:188} INFO - [2024-07-25T03:46:00.616+0000] {dag.py:3089} INFO - Sync 2 DAGs
[2024-07-25T03:46:00.623+0000] {logging_mixin.py:188} INFO - [2024-07-25T03:46:00.622+0000] {dag.py:3947} INFO - Setting next_dagrun for example_xcom_args to None, run_after=None
[2024-07-25T03:46:00.624+0000] {logging_mixin.py:188} INFO - [2024-07-25T03:46:00.624+0000] {dag.py:3947} INFO - Setting next_dagrun for example_xcom_args_with_operators to None, run_after=None
[2024-07-25T03:46:00.633+0000] {processor.py:183} INFO - Processing /home/airflow/.local/lib/python3.12/site-packages/airflow/example_dags/example_xcomargs.py took 0.041 seconds
[2024-07-25T03:46:30.724+0000] {processor.py:161} INFO - Started process (PID=771) to work on /home/airflow/.local/lib/python3.12/site-packages/airflow/example_dags/example_xcomargs.py
[2024-07-25T03:46:30.725+0000] {processor.py:830} INFO - Processing file /home/airflow/.local/lib/python3.12/site-packages/airflow/example_dags/example_xcomargs.py for tasks to queue
[2024-07-25T03:46:30.726+0000] {logging_mixin.py:188} INFO - [2024-07-25T03:46:30.726+0000] {dagbag.py:545} INFO - Filling up the DagBag from /home/airflow/.local/lib/python3.12/site-packages/airflow/example_dags/example_xcomargs.py
[2024-07-25T03:46:30.731+0000] {processor.py:840} INFO - DAG(s) 'example_xcom_args', 'example_xcom_args_with_operators' retrieved from /home/airflow/.local/lib/python3.12/site-packages/airflow/example_dags/example_xcomargs.py
[2024-07-25T03:46:30.744+0000] {logging_mixin.py:188} INFO - [2024-07-25T03:46:30.744+0000] {dag.py:3089} INFO - Sync 2 DAGs
[2024-07-25T03:46:30.750+0000] {logging_mixin.py:188} INFO - [2024-07-25T03:46:30.750+0000] {dag.py:3947} INFO - Setting next_dagrun for example_xcom_args to None, run_after=None
[2024-07-25T03:46:30.752+0000] {logging_mixin.py:188} INFO - [2024-07-25T03:46:30.752+0000] {dag.py:3947} INFO - Setting next_dagrun for example_xcom_args_with_operators to None, run_after=None
[2024-07-25T03:46:30.760+0000] {processor.py:183} INFO - Processing /home/airflow/.local/lib/python3.12/site-packages/airflow/example_dags/example_xcomargs.py took 0.040 seconds
[2024-07-25T03:47:01.315+0000] {processor.py:161} INFO - Started process (PID=830) to work on /home/airflow/.local/lib/python3.12/site-packages/airflow/example_dags/example_xcomargs.py
[2024-07-25T03:47:01.316+0000] {processor.py:830} INFO - Processing file /home/airflow/.local/lib/python3.12/site-packages/airflow/example_dags/example_xcomargs.py for tasks to queue
[2024-07-25T03:47:01.318+0000] {logging_mixin.py:188} INFO - [2024-07-25T03:47:01.317+0000] {dagbag.py:545} INFO - Filling up the DagBag from /home/airflow/.local/lib/python3.12/site-packages/airflow/example_dags/example_xcomargs.py
[2024-07-25T03:47:01.324+0000] {processor.py:840} INFO - DAG(s) 'example_xcom_args', 'example_xcom_args_with_operators' retrieved from /home/airflow/.local/lib/python3.12/site-packages/airflow/example_dags/example_xcomargs.py
[2024-07-25T03:47:01.339+0000] {logging_mixin.py:188} INFO - [2024-07-25T03:47:01.339+0000] {dag.py:3089} INFO - Sync 2 DAGs
[2024-07-25T03:47:01.347+0000] {logging_mixin.py:188} INFO - [2024-07-25T03:47:01.347+0000] {dag.py:3947} INFO - Setting next_dagrun for example_xcom_args to None, run_after=None
[2024-07-25T03:47:01.350+0000] {logging_mixin.py:188} INFO - [2024-07-25T03:47:01.349+0000] {dag.py:3947} INFO - Setting next_dagrun for example_xcom_args_with_operators to None, run_after=None
[2024-07-25T03:47:01.364+0000] {processor.py:183} INFO - Processing /home/airflow/.local/lib/python3.12/site-packages/airflow/example_dags/example_xcomargs.py took 0.053 seconds
[2024-07-25T03:47:31.404+0000] {processor.py:161} INFO - Started process (PID=887) to work on /home/airflow/.local/lib/python3.12/site-packages/airflow/example_dags/example_xcomargs.py
[2024-07-25T03:47:31.405+0000] {processor.py:830} INFO - Processing file /home/airflow/.local/lib/python3.12/site-packages/airflow/example_dags/example_xcomargs.py for tasks to queue
[2024-07-25T03:47:31.406+0000] {logging_mixin.py:188} INFO - [2024-07-25T03:47:31.406+0000] {dagbag.py:545} INFO - Filling up the DagBag from /home/airflow/.local/lib/python3.12/site-packages/airflow/example_dags/example_xcomargs.py
[2024-07-25T03:47:31.411+0000] {processor.py:840} INFO - DAG(s) 'example_xcom_args_with_operators', 'example_xcom_args' retrieved from /home/airflow/.local/lib/python3.12/site-packages/airflow/example_dags/example_xcomargs.py
[2024-07-25T03:47:31.424+0000] {logging_mixin.py:188} INFO - [2024-07-25T03:47:31.424+0000] {dag.py:3089} INFO - Sync 2 DAGs
[2024-07-25T03:47:31.431+0000] {logging_mixin.py:188} INFO - [2024-07-25T03:47:31.431+0000] {dag.py:3947} INFO - Setting next_dagrun for example_xcom_args to None, run_after=None
[2024-07-25T03:47:31.433+0000] {logging_mixin.py:188} INFO - [2024-07-25T03:47:31.433+0000] {dag.py:3947} INFO - Setting next_dagrun for example_xcom_args_with_operators to None, run_after=None
[2024-07-25T03:47:31.442+0000] {processor.py:183} INFO - Processing /home/airflow/.local/lib/python3.12/site-packages/airflow/example_dags/example_xcomargs.py took 0.041 seconds
[2024-07-25T03:48:01.532+0000] {processor.py:161} INFO - Started process (PID=945) to work on /home/airflow/.local/lib/python3.12/site-packages/airflow/example_dags/example_xcomargs.py
[2024-07-25T03:48:01.533+0000] {processor.py:830} INFO - Processing file /home/airflow/.local/lib/python3.12/site-packages/airflow/example_dags/example_xcomargs.py for tasks to queue
[2024-07-25T03:48:01.535+0000] {logging_mixin.py:188} INFO - [2024-07-25T03:48:01.534+0000] {dagbag.py:545} INFO - Filling up the DagBag from /home/airflow/.local/lib/python3.12/site-packages/airflow/example_dags/example_xcomargs.py
[2024-07-25T03:48:01.540+0000] {processor.py:840} INFO - DAG(s) 'example_xcom_args_with_operators', 'example_xcom_args' retrieved from /home/airflow/.local/lib/python3.12/site-packages/airflow/example_dags/example_xcomargs.py
[2024-07-25T03:48:01.554+0000] {logging_mixin.py:188} INFO - [2024-07-25T03:48:01.554+0000] {dag.py:3089} INFO - Sync 2 DAGs
[2024-07-25T03:48:01.561+0000] {logging_mixin.py:188} INFO - [2024-07-25T03:48:01.561+0000] {dag.py:3947} INFO - Setting next_dagrun for example_xcom_args to None, run_after=None
[2024-07-25T03:48:01.563+0000] {logging_mixin.py:188} INFO - [2024-07-25T03:48:01.563+0000] {dag.py:3947} INFO - Setting next_dagrun for example_xcom_args_with_operators to None, run_after=None
[2024-07-25T03:48:01.571+0000] {processor.py:183} INFO - Processing /home/airflow/.local/lib/python3.12/site-packages/airflow/example_dags/example_xcomargs.py took 0.042 seconds
[2024-07-25T03:48:31.760+0000] {processor.py:161} INFO - Started process (PID=1003) to work on /home/airflow/.local/lib/python3.12/site-packages/airflow/example_dags/example_xcomargs.py
[2024-07-25T03:48:31.761+0000] {processor.py:830} INFO - Processing file /home/airflow/.local/lib/python3.12/site-packages/airflow/example_dags/example_xcomargs.py for tasks to queue
[2024-07-25T03:48:31.762+0000] {logging_mixin.py:188} INFO - [2024-07-25T03:48:31.762+0000] {dagbag.py:545} INFO - Filling up the DagBag from /home/airflow/.local/lib/python3.12/site-packages/airflow/example_dags/example_xcomargs.py
[2024-07-25T03:48:31.767+0000] {processor.py:840} INFO - DAG(s) 'example_xcom_args', 'example_xcom_args_with_operators' retrieved from /home/airflow/.local/lib/python3.12/site-packages/airflow/example_dags/example_xcomargs.py
[2024-07-25T03:48:31.780+0000] {logging_mixin.py:188} INFO - [2024-07-25T03:48:31.780+0000] {dag.py:3089} INFO - Sync 2 DAGs
[2024-07-25T03:48:31.787+0000] {logging_mixin.py:188} INFO - [2024-07-25T03:48:31.787+0000] {dag.py:3947} INFO - Setting next_dagrun for example_xcom_args to None, run_after=None
[2024-07-25T03:48:31.790+0000] {logging_mixin.py:188} INFO - [2024-07-25T03:48:31.789+0000] {dag.py:3947} INFO - Setting next_dagrun for example_xcom_args_with_operators to None, run_after=None
[2024-07-25T03:48:31.798+0000] {processor.py:183} INFO - Processing /home/airflow/.local/lib/python3.12/site-packages/airflow/example_dags/example_xcomargs.py took 0.041 seconds
[2024-07-25T03:49:02.248+0000] {processor.py:161} INFO - Started process (PID=1061) to work on /home/airflow/.local/lib/python3.12/site-packages/airflow/example_dags/example_xcomargs.py
[2024-07-25T03:49:02.250+0000] {processor.py:830} INFO - Processing file /home/airflow/.local/lib/python3.12/site-packages/airflow/example_dags/example_xcomargs.py for tasks to queue
[2024-07-25T03:49:02.252+0000] {logging_mixin.py:188} INFO - [2024-07-25T03:49:02.252+0000] {dagbag.py:545} INFO - Filling up the DagBag from /home/airflow/.local/lib/python3.12/site-packages/airflow/example_dags/example_xcomargs.py
[2024-07-25T03:49:02.258+0000] {processor.py:840} INFO - DAG(s) 'example_xcom_args', 'example_xcom_args_with_operators' retrieved from /home/airflow/.local/lib/python3.12/site-packages/airflow/example_dags/example_xcomargs.py
[2024-07-25T03:49:02.271+0000] {logging_mixin.py:188} INFO - [2024-07-25T03:49:02.271+0000] {dag.py:3089} INFO - Sync 2 DAGs
[2024-07-25T03:49:02.279+0000] {logging_mixin.py:188} INFO - [2024-07-25T03:49:02.279+0000] {dag.py:3947} INFO - Setting next_dagrun for example_xcom_args to None, run_after=None
[2024-07-25T03:49:02.281+0000] {logging_mixin.py:188} INFO - [2024-07-25T03:49:02.281+0000] {dag.py:3947} INFO - Setting next_dagrun for example_xcom_args_with_operators to None, run_after=None
[2024-07-25T03:49:02.290+0000] {processor.py:183} INFO - Processing /home/airflow/.local/lib/python3.12/site-packages/airflow/example_dags/example_xcomargs.py took 0.046 seconds
[2024-07-25T03:49:32.541+0000] {processor.py:161} INFO - Started process (PID=1119) to work on /home/airflow/.local/lib/python3.12/site-packages/airflow/example_dags/example_xcomargs.py
[2024-07-25T03:49:32.542+0000] {processor.py:830} INFO - Processing file /home/airflow/.local/lib/python3.12/site-packages/airflow/example_dags/example_xcomargs.py for tasks to queue
[2024-07-25T03:49:32.543+0000] {logging_mixin.py:188} INFO - [2024-07-25T03:49:32.543+0000] {dagbag.py:545} INFO - Filling up the DagBag from /home/airflow/.local/lib/python3.12/site-packages/airflow/example_dags/example_xcomargs.py
[2024-07-25T03:49:32.548+0000] {processor.py:840} INFO - DAG(s) 'example_xcom_args', 'example_xcom_args_with_operators' retrieved from /home/airflow/.local/lib/python3.12/site-packages/airflow/example_dags/example_xcomargs.py
[2024-07-25T03:49:32.560+0000] {logging_mixin.py:188} INFO - [2024-07-25T03:49:32.560+0000] {dag.py:3089} INFO - Sync 2 DAGs
[2024-07-25T03:49:32.567+0000] {logging_mixin.py:188} INFO - [2024-07-25T03:49:32.567+0000] {dag.py:3947} INFO - Setting next_dagrun for example_xcom_args to None, run_after=None
[2024-07-25T03:49:32.570+0000] {logging_mixin.py:188} INFO - [2024-07-25T03:49:32.569+0000] {dag.py:3947} INFO - Setting next_dagrun for example_xcom_args_with_operators to None, run_after=None
[2024-07-25T03:49:32.578+0000] {processor.py:183} INFO - Processing /home/airflow/.local/lib/python3.12/site-packages/airflow/example_dags/example_xcomargs.py took 0.041 seconds
[2024-07-25T03:50:02.729+0000] {processor.py:161} INFO - Started process (PID=1177) to work on /home/airflow/.local/lib/python3.12/site-packages/airflow/example_dags/example_xcomargs.py
[2024-07-25T03:50:02.730+0000] {processor.py:830} INFO - Processing file /home/airflow/.local/lib/python3.12/site-packages/airflow/example_dags/example_xcomargs.py for tasks to queue
[2024-07-25T03:50:02.731+0000] {logging_mixin.py:188} INFO - [2024-07-25T03:50:02.731+0000] {dagbag.py:545} INFO - Filling up the DagBag from /home/airflow/.local/lib/python3.12/site-packages/airflow/example_dags/example_xcomargs.py
[2024-07-25T03:50:02.736+0000] {processor.py:840} INFO - DAG(s) 'example_xcom_args', 'example_xcom_args_with_operators' retrieved from /home/airflow/.local/lib/python3.12/site-packages/airflow/example_dags/example_xcomargs.py
[2024-07-25T03:50:02.749+0000] {logging_mixin.py:188} INFO - [2024-07-25T03:50:02.749+0000] {dag.py:3089} INFO - Sync 2 DAGs
[2024-07-25T03:50:02.756+0000] {logging_mixin.py:188} INFO - [2024-07-25T03:50:02.755+0000] {dag.py:3947} INFO - Setting next_dagrun for example_xcom_args to None, run_after=None
[2024-07-25T03:50:02.758+0000] {logging_mixin.py:188} INFO - [2024-07-25T03:50:02.757+0000] {dag.py:3947} INFO - Setting next_dagrun for example_xcom_args_with_operators to None, run_after=None
[2024-07-25T03:50:02.766+0000] {processor.py:183} INFO - Processing /home/airflow/.local/lib/python3.12/site-packages/airflow/example_dags/example_xcomargs.py took 0.041 seconds
[2024-07-25T03:50:33.057+0000] {processor.py:161} INFO - Started process (PID=1235) to work on /home/airflow/.local/lib/python3.12/site-packages/airflow/example_dags/example_xcomargs.py
[2024-07-25T03:50:33.058+0000] {processor.py:830} INFO - Processing file /home/airflow/.local/lib/python3.12/site-packages/airflow/example_dags/example_xcomargs.py for tasks to queue
[2024-07-25T03:50:33.059+0000] {logging_mixin.py:188} INFO - [2024-07-25T03:50:33.059+0000] {dagbag.py:545} INFO - Filling up the DagBag from /home/airflow/.local/lib/python3.12/site-packages/airflow/example_dags/example_xcomargs.py
[2024-07-25T03:50:33.065+0000] {processor.py:840} INFO - DAG(s) 'example_xcom_args_with_operators', 'example_xcom_args' retrieved from /home/airflow/.local/lib/python3.12/site-packages/airflow/example_dags/example_xcomargs.py
[2024-07-25T03:50:33.087+0000] {logging_mixin.py:188} INFO - [2024-07-25T03:50:33.087+0000] {dag.py:3089} INFO - Sync 2 DAGs
[2024-07-25T03:50:33.096+0000] {logging_mixin.py:188} INFO - [2024-07-25T03:50:33.096+0000] {dag.py:3947} INFO - Setting next_dagrun for example_xcom_args to None, run_after=None
[2024-07-25T03:50:33.099+0000] {logging_mixin.py:188} INFO - [2024-07-25T03:50:33.099+0000] {dag.py:3947} INFO - Setting next_dagrun for example_xcom_args_with_operators to None, run_after=None
[2024-07-25T03:50:33.107+0000] {processor.py:183} INFO - Processing /home/airflow/.local/lib/python3.12/site-packages/airflow/example_dags/example_xcomargs.py took 0.054 seconds
[2024-07-25T03:51:04.200+0000] {processor.py:161} INFO - Started process (PID=1293) to work on /home/airflow/.local/lib/python3.12/site-packages/airflow/example_dags/example_xcomargs.py
[2024-07-25T03:51:04.200+0000] {processor.py:830} INFO - Processing file /home/airflow/.local/lib/python3.12/site-packages/airflow/example_dags/example_xcomargs.py for tasks to queue
[2024-07-25T03:51:04.202+0000] {logging_mixin.py:188} INFO - [2024-07-25T03:51:04.201+0000] {dagbag.py:545} INFO - Filling up the DagBag from /home/airflow/.local/lib/python3.12/site-packages/airflow/example_dags/example_xcomargs.py
[2024-07-25T03:51:04.206+0000] {processor.py:840} INFO - DAG(s) 'example_xcom_args_with_operators', 'example_xcom_args' retrieved from /home/airflow/.local/lib/python3.12/site-packages/airflow/example_dags/example_xcomargs.py
[2024-07-25T03:51:04.219+0000] {logging_mixin.py:188} INFO - [2024-07-25T03:51:04.219+0000] {dag.py:3089} INFO - Sync 2 DAGs
[2024-07-25T03:51:04.226+0000] {logging_mixin.py:188} INFO - [2024-07-25T03:51:04.226+0000] {dag.py:3947} INFO - Setting next_dagrun for example_xcom_args to None, run_after=None
[2024-07-25T03:51:04.228+0000] {logging_mixin.py:188} INFO - [2024-07-25T03:51:04.228+0000] {dag.py:3947} INFO - Setting next_dagrun for example_xcom_args_with_operators to None, run_after=None
[2024-07-25T03:51:04.236+0000] {processor.py:183} INFO - Processing /home/airflow/.local/lib/python3.12/site-packages/airflow/example_dags/example_xcomargs.py took 0.040 seconds
[2024-07-25T03:51:35.395+0000] {processor.py:161} INFO - Started process (PID=1351) to work on /home/airflow/.local/lib/python3.12/site-packages/airflow/example_dags/example_xcomargs.py
[2024-07-25T03:51:35.395+0000] {processor.py:830} INFO - Processing file /home/airflow/.local/lib/python3.12/site-packages/airflow/example_dags/example_xcomargs.py for tasks to queue
[2024-07-25T03:51:35.397+0000] {logging_mixin.py:188} INFO - [2024-07-25T03:51:35.396+0000] {dagbag.py:545} INFO - Filling up the DagBag from /home/airflow/.local/lib/python3.12/site-packages/airflow/example_dags/example_xcomargs.py
[2024-07-25T03:51:35.401+0000] {processor.py:840} INFO - DAG(s) 'example_xcom_args', 'example_xcom_args_with_operators' retrieved from /home/airflow/.local/lib/python3.12/site-packages/airflow/example_dags/example_xcomargs.py
[2024-07-25T03:51:35.415+0000] {logging_mixin.py:188} INFO - [2024-07-25T03:51:35.415+0000] {dag.py:3089} INFO - Sync 2 DAGs
[2024-07-25T03:51:35.422+0000] {logging_mixin.py:188} INFO - [2024-07-25T03:51:35.422+0000] {dag.py:3947} INFO - Setting next_dagrun for example_xcom_args to None, run_after=None
[2024-07-25T03:51:35.424+0000] {logging_mixin.py:188} INFO - [2024-07-25T03:51:35.424+0000] {dag.py:3947} INFO - Setting next_dagrun for example_xcom_args_with_operators to None, run_after=None
[2024-07-25T03:51:35.432+0000] {processor.py:183} INFO - Processing /home/airflow/.local/lib/python3.12/site-packages/airflow/example_dags/example_xcomargs.py took 0.041 seconds
[2024-07-25T03:52:06.550+0000] {processor.py:161} INFO - Started process (PID=1409) to work on /home/airflow/.local/lib/python3.12/site-packages/airflow/example_dags/example_xcomargs.py
[2024-07-25T03:52:06.551+0000] {processor.py:830} INFO - Processing file /home/airflow/.local/lib/python3.12/site-packages/airflow/example_dags/example_xcomargs.py for tasks to queue
[2024-07-25T03:52:06.553+0000] {logging_mixin.py:188} INFO - [2024-07-25T03:52:06.553+0000] {dagbag.py:545} INFO - Filling up the DagBag from /home/airflow/.local/lib/python3.12/site-packages/airflow/example_dags/example_xcomargs.py
[2024-07-25T03:52:06.558+0000] {processor.py:840} INFO - DAG(s) 'example_xcom_args_with_operators', 'example_xcom_args' retrieved from /home/airflow/.local/lib/python3.12/site-packages/airflow/example_dags/example_xcomargs.py
[2024-07-25T03:52:06.571+0000] {logging_mixin.py:188} INFO - [2024-07-25T03:52:06.571+0000] {dag.py:3089} INFO - Sync 2 DAGs
[2024-07-25T03:52:06.579+0000] {logging_mixin.py:188} INFO - [2024-07-25T03:52:06.578+0000] {dag.py:3947} INFO - Setting next_dagrun for example_xcom_args to None, run_after=None
[2024-07-25T03:52:06.581+0000] {logging_mixin.py:188} INFO - [2024-07-25T03:52:06.581+0000] {dag.py:3947} INFO - Setting next_dagrun for example_xcom_args_with_operators to None, run_after=None
[2024-07-25T03:52:06.591+0000] {processor.py:183} INFO - Processing /home/airflow/.local/lib/python3.12/site-packages/airflow/example_dags/example_xcomargs.py took 0.044 seconds
[2024-07-25T03:52:36.796+0000] {processor.py:161} INFO - Started process (PID=1467) to work on /home/airflow/.local/lib/python3.12/site-packages/airflow/example_dags/example_xcomargs.py
[2024-07-25T03:52:36.797+0000] {processor.py:830} INFO - Processing file /home/airflow/.local/lib/python3.12/site-packages/airflow/example_dags/example_xcomargs.py for tasks to queue
[2024-07-25T03:52:36.798+0000] {logging_mixin.py:188} INFO - [2024-07-25T03:52:36.798+0000] {dagbag.py:545} INFO - Filling up the DagBag from /home/airflow/.local/lib/python3.12/site-packages/airflow/example_dags/example_xcomargs.py
[2024-07-25T03:52:36.803+0000] {processor.py:840} INFO - DAG(s) 'example_xcom_args', 'example_xcom_args_with_operators' retrieved from /home/airflow/.local/lib/python3.12/site-packages/airflow/example_dags/example_xcomargs.py
[2024-07-25T03:52:36.816+0000] {logging_mixin.py:188} INFO - [2024-07-25T03:52:36.816+0000] {dag.py:3089} INFO - Sync 2 DAGs
[2024-07-25T03:52:36.823+0000] {logging_mixin.py:188} INFO - [2024-07-25T03:52:36.823+0000] {dag.py:3947} INFO - Setting next_dagrun for example_xcom_args to None, run_after=None
[2024-07-25T03:52:36.825+0000] {logging_mixin.py:188} INFO - [2024-07-25T03:52:36.825+0000] {dag.py:3947} INFO - Setting next_dagrun for example_xcom_args_with_operators to None, run_after=None
[2024-07-25T03:52:36.835+0000] {processor.py:183} INFO - Processing /home/airflow/.local/lib/python3.12/site-packages/airflow/example_dags/example_xcomargs.py took 0.042 seconds
[2024-07-25T04:03:47.855+0000] {processor.py:161} INFO - Started process (PID=75) to work on /home/airflow/.local/lib/python3.12/site-packages/airflow/example_dags/example_xcomargs.py
[2024-07-25T04:03:47.857+0000] {processor.py:830} INFO - Processing file /home/airflow/.local/lib/python3.12/site-packages/airflow/example_dags/example_xcomargs.py for tasks to queue
[2024-07-25T04:03:47.860+0000] {logging_mixin.py:188} INFO - [2024-07-25T04:03:47.860+0000] {dagbag.py:545} INFO - Filling up the DagBag from /home/airflow/.local/lib/python3.12/site-packages/airflow/example_dags/example_xcomargs.py
[2024-07-25T04:03:47.870+0000] {processor.py:840} INFO - DAG(s) 'example_xcom_args', 'example_xcom_args_with_operators' retrieved from /home/airflow/.local/lib/python3.12/site-packages/airflow/example_dags/example_xcomargs.py
[2024-07-25T04:03:47.887+0000] {logging_mixin.py:188} INFO - [2024-07-25T04:03:47.887+0000] {dag.py:3089} INFO - Sync 2 DAGs
[2024-07-25T04:03:47.899+0000] {logging_mixin.py:188} INFO - [2024-07-25T04:03:47.898+0000] {dag.py:3947} INFO - Setting next_dagrun for example_xcom_args to None, run_after=None
[2024-07-25T04:03:47.902+0000] {logging_mixin.py:188} INFO - [2024-07-25T04:03:47.902+0000] {dag.py:3947} INFO - Setting next_dagrun for example_xcom_args_with_operators to None, run_after=None
[2024-07-25T04:03:47.923+0000] {processor.py:183} INFO - Processing /home/airflow/.local/lib/python3.12/site-packages/airflow/example_dags/example_xcomargs.py took 0.075 seconds
[2024-07-25T04:04:19.650+0000] {processor.py:161} INFO - Started process (PID=133) to work on /home/airflow/.local/lib/python3.12/site-packages/airflow/example_dags/example_xcomargs.py
[2024-07-25T04:04:19.651+0000] {processor.py:830} INFO - Processing file /home/airflow/.local/lib/python3.12/site-packages/airflow/example_dags/example_xcomargs.py for tasks to queue
[2024-07-25T04:04:19.652+0000] {logging_mixin.py:188} INFO - [2024-07-25T04:04:19.652+0000] {dagbag.py:545} INFO - Filling up the DagBag from /home/airflow/.local/lib/python3.12/site-packages/airflow/example_dags/example_xcomargs.py
[2024-07-25T04:04:19.657+0000] {processor.py:840} INFO - DAG(s) 'example_xcom_args_with_operators', 'example_xcom_args' retrieved from /home/airflow/.local/lib/python3.12/site-packages/airflow/example_dags/example_xcomargs.py
[2024-07-25T04:04:19.724+0000] {logging_mixin.py:188} INFO - [2024-07-25T04:04:19.724+0000] {dag.py:3089} INFO - Sync 2 DAGs
[2024-07-25T04:04:19.729+0000] {logging_mixin.py:188} INFO - [2024-07-25T04:04:19.729+0000] {dag.py:3947} INFO - Setting next_dagrun for example_xcom_args to None, run_after=None
[2024-07-25T04:04:19.731+0000] {logging_mixin.py:188} INFO - [2024-07-25T04:04:19.731+0000] {dag.py:3947} INFO - Setting next_dagrun for example_xcom_args_with_operators to None, run_after=None
[2024-07-25T04:04:19.741+0000] {processor.py:183} INFO - Processing /home/airflow/.local/lib/python3.12/site-packages/airflow/example_dags/example_xcomargs.py took 0.094 seconds
[2024-07-25T04:04:49.864+0000] {processor.py:161} INFO - Started process (PID=194) to work on /home/airflow/.local/lib/python3.12/site-packages/airflow/example_dags/example_xcomargs.py
[2024-07-25T04:04:49.864+0000] {processor.py:830} INFO - Processing file /home/airflow/.local/lib/python3.12/site-packages/airflow/example_dags/example_xcomargs.py for tasks to queue
[2024-07-25T04:04:49.866+0000] {logging_mixin.py:188} INFO - [2024-07-25T04:04:49.866+0000] {dagbag.py:545} INFO - Filling up the DagBag from /home/airflow/.local/lib/python3.12/site-packages/airflow/example_dags/example_xcomargs.py
[2024-07-25T04:04:49.871+0000] {processor.py:840} INFO - DAG(s) 'example_xcom_args', 'example_xcom_args_with_operators' retrieved from /home/airflow/.local/lib/python3.12/site-packages/airflow/example_dags/example_xcomargs.py
[2024-07-25T04:04:49.885+0000] {logging_mixin.py:188} INFO - [2024-07-25T04:04:49.885+0000] {dag.py:3089} INFO - Sync 2 DAGs
[2024-07-25T04:04:49.892+0000] {logging_mixin.py:188} INFO - [2024-07-25T04:04:49.892+0000] {dag.py:3947} INFO - Setting next_dagrun for example_xcom_args to None, run_after=None
[2024-07-25T04:04:49.895+0000] {logging_mixin.py:188} INFO - [2024-07-25T04:04:49.894+0000] {dag.py:3947} INFO - Setting next_dagrun for example_xcom_args_with_operators to None, run_after=None
[2024-07-25T04:04:49.903+0000] {processor.py:183} INFO - Processing /home/airflow/.local/lib/python3.12/site-packages/airflow/example_dags/example_xcomargs.py took 0.043 seconds
[2024-07-25T04:05:20.048+0000] {processor.py:161} INFO - Started process (PID=249) to work on /home/airflow/.local/lib/python3.12/site-packages/airflow/example_dags/example_xcomargs.py
[2024-07-25T04:05:20.049+0000] {processor.py:830} INFO - Processing file /home/airflow/.local/lib/python3.12/site-packages/airflow/example_dags/example_xcomargs.py for tasks to queue
[2024-07-25T04:05:20.050+0000] {logging_mixin.py:188} INFO - [2024-07-25T04:05:20.050+0000] {dagbag.py:545} INFO - Filling up the DagBag from /home/airflow/.local/lib/python3.12/site-packages/airflow/example_dags/example_xcomargs.py
[2024-07-25T04:05:20.055+0000] {processor.py:840} INFO - DAG(s) 'example_xcom_args', 'example_xcom_args_with_operators' retrieved from /home/airflow/.local/lib/python3.12/site-packages/airflow/example_dags/example_xcomargs.py
[2024-07-25T04:05:20.073+0000] {logging_mixin.py:188} INFO - [2024-07-25T04:05:20.073+0000] {dag.py:3089} INFO - Sync 2 DAGs
[2024-07-25T04:05:20.084+0000] {logging_mixin.py:188} INFO - [2024-07-25T04:05:20.084+0000] {dag.py:3947} INFO - Setting next_dagrun for example_xcom_args to None, run_after=None
[2024-07-25T04:05:20.086+0000] {logging_mixin.py:188} INFO - [2024-07-25T04:05:20.086+0000] {dag.py:3947} INFO - Setting next_dagrun for example_xcom_args_with_operators to None, run_after=None
[2024-07-25T04:05:20.097+0000] {processor.py:183} INFO - Processing /home/airflow/.local/lib/python3.12/site-packages/airflow/example_dags/example_xcomargs.py took 0.053 seconds
[2024-07-25T04:05:50.271+0000] {processor.py:161} INFO - Started process (PID=307) to work on /home/airflow/.local/lib/python3.12/site-packages/airflow/example_dags/example_xcomargs.py
[2024-07-25T04:05:50.272+0000] {processor.py:830} INFO - Processing file /home/airflow/.local/lib/python3.12/site-packages/airflow/example_dags/example_xcomargs.py for tasks to queue
[2024-07-25T04:05:50.273+0000] {logging_mixin.py:188} INFO - [2024-07-25T04:05:50.273+0000] {dagbag.py:545} INFO - Filling up the DagBag from /home/airflow/.local/lib/python3.12/site-packages/airflow/example_dags/example_xcomargs.py
[2024-07-25T04:05:50.278+0000] {processor.py:840} INFO - DAG(s) 'example_xcom_args_with_operators', 'example_xcom_args' retrieved from /home/airflow/.local/lib/python3.12/site-packages/airflow/example_dags/example_xcomargs.py
[2024-07-25T04:05:50.291+0000] {logging_mixin.py:188} INFO - [2024-07-25T04:05:50.291+0000] {dag.py:3089} INFO - Sync 2 DAGs
[2024-07-25T04:05:50.298+0000] {logging_mixin.py:188} INFO - [2024-07-25T04:05:50.298+0000] {dag.py:3947} INFO - Setting next_dagrun for example_xcom_args to None, run_after=None
[2024-07-25T04:05:50.300+0000] {logging_mixin.py:188} INFO - [2024-07-25T04:05:50.300+0000] {dag.py:3947} INFO - Setting next_dagrun for example_xcom_args_with_operators to None, run_after=None
[2024-07-25T04:05:50.308+0000] {processor.py:183} INFO - Processing /home/airflow/.local/lib/python3.12/site-packages/airflow/example_dags/example_xcomargs.py took 0.041 seconds
[2024-07-25T04:06:21.222+0000] {processor.py:161} INFO - Started process (PID=365) to work on /home/airflow/.local/lib/python3.12/site-packages/airflow/example_dags/example_xcomargs.py
[2024-07-25T04:06:21.223+0000] {processor.py:830} INFO - Processing file /home/airflow/.local/lib/python3.12/site-packages/airflow/example_dags/example_xcomargs.py for tasks to queue
[2024-07-25T04:06:21.224+0000] {logging_mixin.py:188} INFO - [2024-07-25T04:06:21.224+0000] {dagbag.py:545} INFO - Filling up the DagBag from /home/airflow/.local/lib/python3.12/site-packages/airflow/example_dags/example_xcomargs.py
[2024-07-25T04:06:21.229+0000] {processor.py:840} INFO - DAG(s) 'example_xcom_args_with_operators', 'example_xcom_args' retrieved from /home/airflow/.local/lib/python3.12/site-packages/airflow/example_dags/example_xcomargs.py
[2024-07-25T04:06:21.242+0000] {logging_mixin.py:188} INFO - [2024-07-25T04:06:21.242+0000] {dag.py:3089} INFO - Sync 2 DAGs
[2024-07-25T04:06:21.249+0000] {logging_mixin.py:188} INFO - [2024-07-25T04:06:21.249+0000] {dag.py:3947} INFO - Setting next_dagrun for example_xcom_args to None, run_after=None
[2024-07-25T04:06:21.251+0000] {logging_mixin.py:188} INFO - [2024-07-25T04:06:21.251+0000] {dag.py:3947} INFO - Setting next_dagrun for example_xcom_args_with_operators to None, run_after=None
[2024-07-25T04:06:21.261+0000] {processor.py:183} INFO - Processing /home/airflow/.local/lib/python3.12/site-packages/airflow/example_dags/example_xcomargs.py took 0.042 seconds
[2024-07-25T04:06:51.643+0000] {processor.py:161} INFO - Started process (PID=423) to work on /home/airflow/.local/lib/python3.12/site-packages/airflow/example_dags/example_xcomargs.py
[2024-07-25T04:06:51.644+0000] {processor.py:830} INFO - Processing file /home/airflow/.local/lib/python3.12/site-packages/airflow/example_dags/example_xcomargs.py for tasks to queue
[2024-07-25T04:06:51.645+0000] {logging_mixin.py:188} INFO - [2024-07-25T04:06:51.645+0000] {dagbag.py:545} INFO - Filling up the DagBag from /home/airflow/.local/lib/python3.12/site-packages/airflow/example_dags/example_xcomargs.py
[2024-07-25T04:06:51.650+0000] {processor.py:840} INFO - DAG(s) 'example_xcom_args_with_operators', 'example_xcom_args' retrieved from /home/airflow/.local/lib/python3.12/site-packages/airflow/example_dags/example_xcomargs.py
[2024-07-25T04:06:51.663+0000] {logging_mixin.py:188} INFO - [2024-07-25T04:06:51.663+0000] {dag.py:3089} INFO - Sync 2 DAGs
[2024-07-25T04:06:51.670+0000] {logging_mixin.py:188} INFO - [2024-07-25T04:06:51.670+0000] {dag.py:3947} INFO - Setting next_dagrun for example_xcom_args to None, run_after=None
[2024-07-25T04:06:51.672+0000] {logging_mixin.py:188} INFO - [2024-07-25T04:06:51.672+0000] {dag.py:3947} INFO - Setting next_dagrun for example_xcom_args_with_operators to None, run_after=None
[2024-07-25T04:06:51.682+0000] {processor.py:183} INFO - Processing /home/airflow/.local/lib/python3.12/site-packages/airflow/example_dags/example_xcomargs.py took 0.042 seconds
[2024-07-25T04:07:22.076+0000] {processor.py:161} INFO - Started process (PID=481) to work on /home/airflow/.local/lib/python3.12/site-packages/airflow/example_dags/example_xcomargs.py
[2024-07-25T04:07:22.077+0000] {processor.py:830} INFO - Processing file /home/airflow/.local/lib/python3.12/site-packages/airflow/example_dags/example_xcomargs.py for tasks to queue
[2024-07-25T04:07:22.078+0000] {logging_mixin.py:188} INFO - [2024-07-25T04:07:22.078+0000] {dagbag.py:545} INFO - Filling up the DagBag from /home/airflow/.local/lib/python3.12/site-packages/airflow/example_dags/example_xcomargs.py
[2024-07-25T04:07:22.083+0000] {processor.py:840} INFO - DAG(s) 'example_xcom_args_with_operators', 'example_xcom_args' retrieved from /home/airflow/.local/lib/python3.12/site-packages/airflow/example_dags/example_xcomargs.py
[2024-07-25T04:07:22.097+0000] {logging_mixin.py:188} INFO - [2024-07-25T04:07:22.097+0000] {dag.py:3089} INFO - Sync 2 DAGs
[2024-07-25T04:07:22.104+0000] {logging_mixin.py:188} INFO - [2024-07-25T04:07:22.104+0000] {dag.py:3947} INFO - Setting next_dagrun for example_xcom_args to None, run_after=None
[2024-07-25T04:07:22.106+0000] {logging_mixin.py:188} INFO - [2024-07-25T04:07:22.106+0000] {dag.py:3947} INFO - Setting next_dagrun for example_xcom_args_with_operators to None, run_after=None
[2024-07-25T04:07:22.114+0000] {processor.py:183} INFO - Processing /home/airflow/.local/lib/python3.12/site-packages/airflow/example_dags/example_xcomargs.py took 0.041 seconds
[2024-07-25T04:07:52.284+0000] {processor.py:161} INFO - Started process (PID=539) to work on /home/airflow/.local/lib/python3.12/site-packages/airflow/example_dags/example_xcomargs.py
[2024-07-25T04:07:52.285+0000] {processor.py:830} INFO - Processing file /home/airflow/.local/lib/python3.12/site-packages/airflow/example_dags/example_xcomargs.py for tasks to queue
[2024-07-25T04:07:52.287+0000] {logging_mixin.py:188} INFO - [2024-07-25T04:07:52.286+0000] {dagbag.py:545} INFO - Filling up the DagBag from /home/airflow/.local/lib/python3.12/site-packages/airflow/example_dags/example_xcomargs.py
[2024-07-25T04:07:52.292+0000] {processor.py:840} INFO - DAG(s) 'example_xcom_args', 'example_xcom_args_with_operators' retrieved from /home/airflow/.local/lib/python3.12/site-packages/airflow/example_dags/example_xcomargs.py
[2024-07-25T04:07:52.304+0000] {logging_mixin.py:188} INFO - [2024-07-25T04:07:52.304+0000] {dag.py:3089} INFO - Sync 2 DAGs
[2024-07-25T04:07:52.311+0000] {logging_mixin.py:188} INFO - [2024-07-25T04:07:52.311+0000] {dag.py:3947} INFO - Setting next_dagrun for example_xcom_args to None, run_after=None
[2024-07-25T04:07:52.313+0000] {logging_mixin.py:188} INFO - [2024-07-25T04:07:52.313+0000] {dag.py:3947} INFO - Setting next_dagrun for example_xcom_args_with_operators to None, run_after=None
[2024-07-25T04:07:52.322+0000] {processor.py:183} INFO - Processing /home/airflow/.local/lib/python3.12/site-packages/airflow/example_dags/example_xcomargs.py took 0.041 seconds
[2024-07-25T04:08:22.348+0000] {processor.py:161} INFO - Started process (PID=597) to work on /home/airflow/.local/lib/python3.12/site-packages/airflow/example_dags/example_xcomargs.py
[2024-07-25T04:08:22.348+0000] {processor.py:830} INFO - Processing file /home/airflow/.local/lib/python3.12/site-packages/airflow/example_dags/example_xcomargs.py for tasks to queue
[2024-07-25T04:08:22.350+0000] {logging_mixin.py:188} INFO - [2024-07-25T04:08:22.349+0000] {dagbag.py:545} INFO - Filling up the DagBag from /home/airflow/.local/lib/python3.12/site-packages/airflow/example_dags/example_xcomargs.py
[2024-07-25T04:08:22.354+0000] {processor.py:840} INFO - DAG(s) 'example_xcom_args_with_operators', 'example_xcom_args' retrieved from /home/airflow/.local/lib/python3.12/site-packages/airflow/example_dags/example_xcomargs.py
[2024-07-25T04:08:22.367+0000] {logging_mixin.py:188} INFO - [2024-07-25T04:08:22.367+0000] {dag.py:3089} INFO - Sync 2 DAGs
[2024-07-25T04:08:22.374+0000] {logging_mixin.py:188} INFO - [2024-07-25T04:08:22.374+0000] {dag.py:3947} INFO - Setting next_dagrun for example_xcom_args to None, run_after=None
[2024-07-25T04:08:22.376+0000] {logging_mixin.py:188} INFO - [2024-07-25T04:08:22.376+0000] {dag.py:3947} INFO - Setting next_dagrun for example_xcom_args_with_operators to None, run_after=None
[2024-07-25T04:08:22.385+0000] {processor.py:183} INFO - Processing /home/airflow/.local/lib/python3.12/site-packages/airflow/example_dags/example_xcomargs.py took 0.041 seconds
[2024-07-25T04:08:52.496+0000] {processor.py:161} INFO - Started process (PID=655) to work on /home/airflow/.local/lib/python3.12/site-packages/airflow/example_dags/example_xcomargs.py
[2024-07-25T04:08:52.497+0000] {processor.py:830} INFO - Processing file /home/airflow/.local/lib/python3.12/site-packages/airflow/example_dags/example_xcomargs.py for tasks to queue
[2024-07-25T04:08:52.498+0000] {logging_mixin.py:188} INFO - [2024-07-25T04:08:52.498+0000] {dagbag.py:545} INFO - Filling up the DagBag from /home/airflow/.local/lib/python3.12/site-packages/airflow/example_dags/example_xcomargs.py
[2024-07-25T04:08:52.503+0000] {processor.py:840} INFO - DAG(s) 'example_xcom_args_with_operators', 'example_xcom_args' retrieved from /home/airflow/.local/lib/python3.12/site-packages/airflow/example_dags/example_xcomargs.py
[2024-07-25T04:08:52.517+0000] {logging_mixin.py:188} INFO - [2024-07-25T04:08:52.517+0000] {dag.py:3089} INFO - Sync 2 DAGs
[2024-07-25T04:08:52.524+0000] {logging_mixin.py:188} INFO - [2024-07-25T04:08:52.524+0000] {dag.py:3947} INFO - Setting next_dagrun for example_xcom_args to None, run_after=None
[2024-07-25T04:08:52.526+0000] {logging_mixin.py:188} INFO - [2024-07-25T04:08:52.526+0000] {dag.py:3947} INFO - Setting next_dagrun for example_xcom_args_with_operators to None, run_after=None
[2024-07-25T04:08:52.535+0000] {processor.py:183} INFO - Processing /home/airflow/.local/lib/python3.12/site-packages/airflow/example_dags/example_xcomargs.py took 0.043 seconds
[2024-07-25T04:09:23.093+0000] {processor.py:161} INFO - Started process (PID=714) to work on /home/airflow/.local/lib/python3.12/site-packages/airflow/example_dags/example_xcomargs.py
[2024-07-25T04:09:23.094+0000] {processor.py:830} INFO - Processing file /home/airflow/.local/lib/python3.12/site-packages/airflow/example_dags/example_xcomargs.py for tasks to queue
[2024-07-25T04:09:23.096+0000] {logging_mixin.py:188} INFO - [2024-07-25T04:09:23.095+0000] {dagbag.py:545} INFO - Filling up the DagBag from /home/airflow/.local/lib/python3.12/site-packages/airflow/example_dags/example_xcomargs.py
[2024-07-25T04:09:23.101+0000] {processor.py:840} INFO - DAG(s) 'example_xcom_args', 'example_xcom_args_with_operators' retrieved from /home/airflow/.local/lib/python3.12/site-packages/airflow/example_dags/example_xcomargs.py
[2024-07-25T04:09:23.118+0000] {logging_mixin.py:188} INFO - [2024-07-25T04:09:23.117+0000] {dag.py:3089} INFO - Sync 2 DAGs
[2024-07-25T04:09:23.125+0000] {logging_mixin.py:188} INFO - [2024-07-25T04:09:23.125+0000] {dag.py:3947} INFO - Setting next_dagrun for example_xcom_args to None, run_after=None
[2024-07-25T04:09:23.127+0000] {logging_mixin.py:188} INFO - [2024-07-25T04:09:23.127+0000] {dag.py:3947} INFO - Setting next_dagrun for example_xcom_args_with_operators to None, run_after=None
[2024-07-25T04:09:23.136+0000] {processor.py:183} INFO - Processing /home/airflow/.local/lib/python3.12/site-packages/airflow/example_dags/example_xcomargs.py took 0.047 seconds
[2024-07-25T04:09:53.194+0000] {processor.py:161} INFO - Started process (PID=772) to work on /home/airflow/.local/lib/python3.12/site-packages/airflow/example_dags/example_xcomargs.py
[2024-07-25T04:09:53.195+0000] {processor.py:830} INFO - Processing file /home/airflow/.local/lib/python3.12/site-packages/airflow/example_dags/example_xcomargs.py for tasks to queue
[2024-07-25T04:09:53.197+0000] {logging_mixin.py:188} INFO - [2024-07-25T04:09:53.197+0000] {dagbag.py:545} INFO - Filling up the DagBag from /home/airflow/.local/lib/python3.12/site-packages/airflow/example_dags/example_xcomargs.py
[2024-07-25T04:09:53.203+0000] {processor.py:840} INFO - DAG(s) 'example_xcom_args', 'example_xcom_args_with_operators' retrieved from /home/airflow/.local/lib/python3.12/site-packages/airflow/example_dags/example_xcomargs.py
[2024-07-25T04:09:53.220+0000] {logging_mixin.py:188} INFO - [2024-07-25T04:09:53.219+0000] {dag.py:3089} INFO - Sync 2 DAGs
[2024-07-25T04:09:53.228+0000] {logging_mixin.py:188} INFO - [2024-07-25T04:09:53.228+0000] {dag.py:3947} INFO - Setting next_dagrun for example_xcom_args to None, run_after=None
[2024-07-25T04:09:53.230+0000] {logging_mixin.py:188} INFO - [2024-07-25T04:09:53.230+0000] {dag.py:3947} INFO - Setting next_dagrun for example_xcom_args_with_operators to None, run_after=None
[2024-07-25T04:09:53.239+0000] {processor.py:183} INFO - Processing /home/airflow/.local/lib/python3.12/site-packages/airflow/example_dags/example_xcomargs.py took 0.050 seconds
[2024-07-25T04:10:23.963+0000] {processor.py:161} INFO - Started process (PID=830) to work on /home/airflow/.local/lib/python3.12/site-packages/airflow/example_dags/example_xcomargs.py
[2024-07-25T04:10:23.964+0000] {processor.py:830} INFO - Processing file /home/airflow/.local/lib/python3.12/site-packages/airflow/example_dags/example_xcomargs.py for tasks to queue
[2024-07-25T04:10:23.965+0000] {logging_mixin.py:188} INFO - [2024-07-25T04:10:23.965+0000] {dagbag.py:545} INFO - Filling up the DagBag from /home/airflow/.local/lib/python3.12/site-packages/airflow/example_dags/example_xcomargs.py
[2024-07-25T04:10:23.970+0000] {processor.py:840} INFO - DAG(s) 'example_xcom_args', 'example_xcom_args_with_operators' retrieved from /home/airflow/.local/lib/python3.12/site-packages/airflow/example_dags/example_xcomargs.py
[2024-07-25T04:10:23.984+0000] {logging_mixin.py:188} INFO - [2024-07-25T04:10:23.983+0000] {dag.py:3089} INFO - Sync 2 DAGs
[2024-07-25T04:10:23.990+0000] {logging_mixin.py:188} INFO - [2024-07-25T04:10:23.990+0000] {dag.py:3947} INFO - Setting next_dagrun for example_xcom_args to None, run_after=None
[2024-07-25T04:10:23.992+0000] {logging_mixin.py:188} INFO - [2024-07-25T04:10:23.992+0000] {dag.py:3947} INFO - Setting next_dagrun for example_xcom_args_with_operators to None, run_after=None
[2024-07-25T04:10:24.000+0000] {processor.py:183} INFO - Processing /home/airflow/.local/lib/python3.12/site-packages/airflow/example_dags/example_xcomargs.py took 0.041 seconds
[2024-07-25T04:10:54.179+0000] {processor.py:161} INFO - Started process (PID=888) to work on /home/airflow/.local/lib/python3.12/site-packages/airflow/example_dags/example_xcomargs.py
[2024-07-25T04:10:54.180+0000] {processor.py:830} INFO - Processing file /home/airflow/.local/lib/python3.12/site-packages/airflow/example_dags/example_xcomargs.py for tasks to queue
[2024-07-25T04:10:54.182+0000] {logging_mixin.py:188} INFO - [2024-07-25T04:10:54.182+0000] {dagbag.py:545} INFO - Filling up the DagBag from /home/airflow/.local/lib/python3.12/site-packages/airflow/example_dags/example_xcomargs.py
[2024-07-25T04:10:54.188+0000] {processor.py:840} INFO - DAG(s) 'example_xcom_args_with_operators', 'example_xcom_args' retrieved from /home/airflow/.local/lib/python3.12/site-packages/airflow/example_dags/example_xcomargs.py
[2024-07-25T04:10:54.205+0000] {logging_mixin.py:188} INFO - [2024-07-25T04:10:54.205+0000] {dag.py:3089} INFO - Sync 2 DAGs
[2024-07-25T04:10:54.213+0000] {logging_mixin.py:188} INFO - [2024-07-25T04:10:54.213+0000] {dag.py:3947} INFO - Setting next_dagrun for example_xcom_args to None, run_after=None
[2024-07-25T04:10:54.218+0000] {logging_mixin.py:188} INFO - [2024-07-25T04:10:54.217+0000] {dag.py:3947} INFO - Setting next_dagrun for example_xcom_args_with_operators to None, run_after=None
[2024-07-25T04:10:54.227+0000] {processor.py:183} INFO - Processing /home/airflow/.local/lib/python3.12/site-packages/airflow/example_dags/example_xcomargs.py took 0.054 seconds
[2024-07-25T04:11:24.391+0000] {processor.py:161} INFO - Started process (PID=946) to work on /home/airflow/.local/lib/python3.12/site-packages/airflow/example_dags/example_xcomargs.py
[2024-07-25T04:11:24.392+0000] {processor.py:830} INFO - Processing file /home/airflow/.local/lib/python3.12/site-packages/airflow/example_dags/example_xcomargs.py for tasks to queue
[2024-07-25T04:11:24.393+0000] {logging_mixin.py:188} INFO - [2024-07-25T04:11:24.393+0000] {dagbag.py:545} INFO - Filling up the DagBag from /home/airflow/.local/lib/python3.12/site-packages/airflow/example_dags/example_xcomargs.py
[2024-07-25T04:11:24.398+0000] {processor.py:840} INFO - DAG(s) 'example_xcom_args_with_operators', 'example_xcom_args' retrieved from /home/airflow/.local/lib/python3.12/site-packages/airflow/example_dags/example_xcomargs.py
[2024-07-25T04:11:24.412+0000] {logging_mixin.py:188} INFO - [2024-07-25T04:11:24.412+0000] {dag.py:3089} INFO - Sync 2 DAGs
[2024-07-25T04:11:24.418+0000] {logging_mixin.py:188} INFO - [2024-07-25T04:11:24.418+0000] {dag.py:3947} INFO - Setting next_dagrun for example_xcom_args to None, run_after=None
[2024-07-25T04:11:24.420+0000] {logging_mixin.py:188} INFO - [2024-07-25T04:11:24.420+0000] {dag.py:3947} INFO - Setting next_dagrun for example_xcom_args_with_operators to None, run_after=None
[2024-07-25T04:11:24.429+0000] {processor.py:183} INFO - Processing /home/airflow/.local/lib/python3.12/site-packages/airflow/example_dags/example_xcomargs.py took 0.041 seconds
