[2024-07-25T03:40:23.863+0000] {processor.py:161} INFO - Started process (PID=34) to work on /home/airflow/.local/lib/python3.12/site-packages/airflow/example_dags/example_sla_dag.py
[2024-07-25T03:40:23.864+0000] {processor.py:830} INFO - Processing file /home/airflow/.local/lib/python3.12/site-packages/airflow/example_dags/example_sla_dag.py for tasks to queue
[2024-07-25T03:40:23.865+0000] {logging_mixin.py:188} INFO - [2024-07-25T03:40:23.865+0000] {dagbag.py:545} INFO - Filling up the DagBag from /home/airflow/.local/lib/python3.12/site-packages/airflow/example_dags/example_sla_dag.py
[2024-07-25T03:40:23.870+0000] {processor.py:840} INFO - DAG(s) 'example_sla_dag' retrieved from /home/airflow/.local/lib/python3.12/site-packages/airflow/example_dags/example_sla_dag.py
[2024-07-25T03:40:23.877+0000] {logging_mixin.py:188} INFO - [2024-07-25T03:40:23.877+0000] {dag.py:3089} INFO - Sync 1 DAGs
[2024-07-25T03:40:23.891+0000] {logging_mixin.py:188} INFO - [2024-07-25T03:40:23.891+0000] {dag.py:3947} INFO - Setting next_dagrun for example_sla_dag to 2024-07-25 03:38:00+00:00, run_after=2024-07-25 03:40:00+00:00
[2024-07-25T03:40:23.900+0000] {processor.py:183} INFO - Processing /home/airflow/.local/lib/python3.12/site-packages/airflow/example_dags/example_sla_dag.py took 0.040 seconds
[2024-07-25T03:40:54.592+0000] {processor.py:161} INFO - Started process (PID=92) to work on /home/airflow/.local/lib/python3.12/site-packages/airflow/example_dags/example_sla_dag.py
[2024-07-25T03:40:54.593+0000] {processor.py:830} INFO - Processing file /home/airflow/.local/lib/python3.12/site-packages/airflow/example_dags/example_sla_dag.py for tasks to queue
[2024-07-25T03:40:54.594+0000] {logging_mixin.py:188} INFO - [2024-07-25T03:40:54.593+0000] {dagbag.py:545} INFO - Filling up the DagBag from /home/airflow/.local/lib/python3.12/site-packages/airflow/example_dags/example_sla_dag.py
[2024-07-25T03:40:54.599+0000] {processor.py:840} INFO - DAG(s) 'example_sla_dag' retrieved from /home/airflow/.local/lib/python3.12/site-packages/airflow/example_dags/example_sla_dag.py
[2024-07-25T03:40:54.652+0000] {logging_mixin.py:188} INFO - [2024-07-25T03:40:54.652+0000] {dag.py:3089} INFO - Sync 1 DAGs
[2024-07-25T03:40:54.661+0000] {logging_mixin.py:188} INFO - [2024-07-25T03:40:54.661+0000] {dag.py:3947} INFO - Setting next_dagrun for example_sla_dag to 2024-07-25 03:38:00+00:00, run_after=2024-07-25 03:40:00+00:00
[2024-07-25T03:40:54.671+0000] {processor.py:183} INFO - Processing /home/airflow/.local/lib/python3.12/site-packages/airflow/example_dags/example_sla_dag.py took 0.083 seconds
[2024-07-25T03:41:24.762+0000] {processor.py:161} INFO - Started process (PID=150) to work on /home/airflow/.local/lib/python3.12/site-packages/airflow/example_dags/example_sla_dag.py
[2024-07-25T03:41:24.762+0000] {processor.py:830} INFO - Processing file /home/airflow/.local/lib/python3.12/site-packages/airflow/example_dags/example_sla_dag.py for tasks to queue
[2024-07-25T03:41:24.763+0000] {logging_mixin.py:188} INFO - [2024-07-25T03:41:24.763+0000] {dagbag.py:545} INFO - Filling up the DagBag from /home/airflow/.local/lib/python3.12/site-packages/airflow/example_dags/example_sla_dag.py
[2024-07-25T03:41:24.768+0000] {processor.py:840} INFO - DAG(s) 'example_sla_dag' retrieved from /home/airflow/.local/lib/python3.12/site-packages/airflow/example_dags/example_sla_dag.py
[2024-07-25T03:41:24.780+0000] {logging_mixin.py:188} INFO - [2024-07-25T03:41:24.779+0000] {dag.py:3089} INFO - Sync 1 DAGs
[2024-07-25T03:41:24.791+0000] {logging_mixin.py:188} INFO - [2024-07-25T03:41:24.790+0000] {dag.py:3947} INFO - Setting next_dagrun for example_sla_dag to 2024-07-25 03:38:00+00:00, run_after=2024-07-25 03:40:00+00:00
[2024-07-25T03:41:24.799+0000] {processor.py:183} INFO - Processing /home/airflow/.local/lib/python3.12/site-packages/airflow/example_dags/example_sla_dag.py took 0.041 seconds
[2024-07-25T03:41:55.072+0000] {processor.py:161} INFO - Started process (PID=208) to work on /home/airflow/.local/lib/python3.12/site-packages/airflow/example_dags/example_sla_dag.py
[2024-07-25T03:41:55.072+0000] {processor.py:830} INFO - Processing file /home/airflow/.local/lib/python3.12/site-packages/airflow/example_dags/example_sla_dag.py for tasks to queue
[2024-07-25T03:41:55.074+0000] {logging_mixin.py:188} INFO - [2024-07-25T03:41:55.073+0000] {dagbag.py:545} INFO - Filling up the DagBag from /home/airflow/.local/lib/python3.12/site-packages/airflow/example_dags/example_sla_dag.py
[2024-07-25T03:41:55.079+0000] {processor.py:840} INFO - DAG(s) 'example_sla_dag' retrieved from /home/airflow/.local/lib/python3.12/site-packages/airflow/example_dags/example_sla_dag.py
[2024-07-25T03:41:55.090+0000] {logging_mixin.py:188} INFO - [2024-07-25T03:41:55.090+0000] {dag.py:3089} INFO - Sync 1 DAGs
[2024-07-25T03:41:55.101+0000] {logging_mixin.py:188} INFO - [2024-07-25T03:41:55.101+0000] {dag.py:3947} INFO - Setting next_dagrun for example_sla_dag to 2024-07-25 03:38:00+00:00, run_after=2024-07-25 03:40:00+00:00
[2024-07-25T03:41:55.109+0000] {processor.py:183} INFO - Processing /home/airflow/.local/lib/python3.12/site-packages/airflow/example_dags/example_sla_dag.py took 0.041 seconds
[2024-07-25T03:42:25.232+0000] {processor.py:161} INFO - Started process (PID=266) to work on /home/airflow/.local/lib/python3.12/site-packages/airflow/example_dags/example_sla_dag.py
[2024-07-25T03:42:25.233+0000] {processor.py:830} INFO - Processing file /home/airflow/.local/lib/python3.12/site-packages/airflow/example_dags/example_sla_dag.py for tasks to queue
[2024-07-25T03:42:25.234+0000] {logging_mixin.py:188} INFO - [2024-07-25T03:42:25.234+0000] {dagbag.py:545} INFO - Filling up the DagBag from /home/airflow/.local/lib/python3.12/site-packages/airflow/example_dags/example_sla_dag.py
[2024-07-25T03:42:25.239+0000] {processor.py:840} INFO - DAG(s) 'example_sla_dag' retrieved from /home/airflow/.local/lib/python3.12/site-packages/airflow/example_dags/example_sla_dag.py
[2024-07-25T03:42:25.250+0000] {logging_mixin.py:188} INFO - [2024-07-25T03:42:25.250+0000] {dag.py:3089} INFO - Sync 1 DAGs
[2024-07-25T03:42:25.261+0000] {logging_mixin.py:188} INFO - [2024-07-25T03:42:25.261+0000] {dag.py:3947} INFO - Setting next_dagrun for example_sla_dag to 2024-07-25 03:40:00+00:00, run_after=2024-07-25 03:42:00+00:00
[2024-07-25T03:42:25.270+0000] {processor.py:183} INFO - Processing /home/airflow/.local/lib/python3.12/site-packages/airflow/example_dags/example_sla_dag.py took 0.041 seconds
[2024-07-25T03:42:55.547+0000] {processor.py:161} INFO - Started process (PID=324) to work on /home/airflow/.local/lib/python3.12/site-packages/airflow/example_dags/example_sla_dag.py
[2024-07-25T03:42:55.548+0000] {processor.py:830} INFO - Processing file /home/airflow/.local/lib/python3.12/site-packages/airflow/example_dags/example_sla_dag.py for tasks to queue
[2024-07-25T03:42:55.549+0000] {logging_mixin.py:188} INFO - [2024-07-25T03:42:55.549+0000] {dagbag.py:545} INFO - Filling up the DagBag from /home/airflow/.local/lib/python3.12/site-packages/airflow/example_dags/example_sla_dag.py
[2024-07-25T03:42:55.555+0000] {processor.py:840} INFO - DAG(s) 'example_sla_dag' retrieved from /home/airflow/.local/lib/python3.12/site-packages/airflow/example_dags/example_sla_dag.py
[2024-07-25T03:42:55.566+0000] {logging_mixin.py:188} INFO - [2024-07-25T03:42:55.566+0000] {dag.py:3089} INFO - Sync 1 DAGs
[2024-07-25T03:42:55.577+0000] {logging_mixin.py:188} INFO - [2024-07-25T03:42:55.577+0000] {dag.py:3947} INFO - Setting next_dagrun for example_sla_dag to 2024-07-25 03:40:00+00:00, run_after=2024-07-25 03:42:00+00:00
[2024-07-25T03:42:55.587+0000] {processor.py:183} INFO - Processing /home/airflow/.local/lib/python3.12/site-packages/airflow/example_dags/example_sla_dag.py took 0.043 seconds
[2024-07-25T03:43:25.860+0000] {processor.py:161} INFO - Started process (PID=382) to work on /home/airflow/.local/lib/python3.12/site-packages/airflow/example_dags/example_sla_dag.py
[2024-07-25T03:43:25.861+0000] {processor.py:830} INFO - Processing file /home/airflow/.local/lib/python3.12/site-packages/airflow/example_dags/example_sla_dag.py for tasks to queue
[2024-07-25T03:43:25.862+0000] {logging_mixin.py:188} INFO - [2024-07-25T03:43:25.862+0000] {dagbag.py:545} INFO - Filling up the DagBag from /home/airflow/.local/lib/python3.12/site-packages/airflow/example_dags/example_sla_dag.py
[2024-07-25T03:43:25.867+0000] {processor.py:840} INFO - DAG(s) 'example_sla_dag' retrieved from /home/airflow/.local/lib/python3.12/site-packages/airflow/example_dags/example_sla_dag.py
[2024-07-25T03:43:25.879+0000] {logging_mixin.py:188} INFO - [2024-07-25T03:43:25.879+0000] {dag.py:3089} INFO - Sync 1 DAGs
[2024-07-25T03:43:25.891+0000] {logging_mixin.py:188} INFO - [2024-07-25T03:43:25.891+0000] {dag.py:3947} INFO - Setting next_dagrun for example_sla_dag to 2024-07-25 03:40:00+00:00, run_after=2024-07-25 03:42:00+00:00
[2024-07-25T03:43:25.900+0000] {processor.py:183} INFO - Processing /home/airflow/.local/lib/python3.12/site-packages/airflow/example_dags/example_sla_dag.py took 0.043 seconds
[2024-07-25T03:43:55.973+0000] {processor.py:161} INFO - Started process (PID=440) to work on /home/airflow/.local/lib/python3.12/site-packages/airflow/example_dags/example_sla_dag.py
[2024-07-25T03:43:55.974+0000] {processor.py:830} INFO - Processing file /home/airflow/.local/lib/python3.12/site-packages/airflow/example_dags/example_sla_dag.py for tasks to queue
[2024-07-25T03:43:55.976+0000] {logging_mixin.py:188} INFO - [2024-07-25T03:43:55.975+0000] {dagbag.py:545} INFO - Filling up the DagBag from /home/airflow/.local/lib/python3.12/site-packages/airflow/example_dags/example_sla_dag.py
[2024-07-25T03:43:55.981+0000] {processor.py:840} INFO - DAG(s) 'example_sla_dag' retrieved from /home/airflow/.local/lib/python3.12/site-packages/airflow/example_dags/example_sla_dag.py
[2024-07-25T03:43:55.993+0000] {logging_mixin.py:188} INFO - [2024-07-25T03:43:55.993+0000] {dag.py:3089} INFO - Sync 1 DAGs
[2024-07-25T03:43:56.005+0000] {logging_mixin.py:188} INFO - [2024-07-25T03:43:56.005+0000] {dag.py:3947} INFO - Setting next_dagrun for example_sla_dag to 2024-07-25 03:40:00+00:00, run_after=2024-07-25 03:42:00+00:00
[2024-07-25T03:43:56.015+0000] {processor.py:183} INFO - Processing /home/airflow/.local/lib/python3.12/site-packages/airflow/example_dags/example_sla_dag.py took 0.046 seconds
[2024-07-25T03:44:26.182+0000] {processor.py:161} INFO - Started process (PID=498) to work on /home/airflow/.local/lib/python3.12/site-packages/airflow/example_dags/example_sla_dag.py
[2024-07-25T03:44:26.182+0000] {processor.py:830} INFO - Processing file /home/airflow/.local/lib/python3.12/site-packages/airflow/example_dags/example_sla_dag.py for tasks to queue
[2024-07-25T03:44:26.184+0000] {logging_mixin.py:188} INFO - [2024-07-25T03:44:26.184+0000] {dagbag.py:545} INFO - Filling up the DagBag from /home/airflow/.local/lib/python3.12/site-packages/airflow/example_dags/example_sla_dag.py
[2024-07-25T03:44:26.189+0000] {processor.py:840} INFO - DAG(s) 'example_sla_dag' retrieved from /home/airflow/.local/lib/python3.12/site-packages/airflow/example_dags/example_sla_dag.py
[2024-07-25T03:44:26.200+0000] {logging_mixin.py:188} INFO - [2024-07-25T03:44:26.200+0000] {dag.py:3089} INFO - Sync 1 DAGs
[2024-07-25T03:44:26.212+0000] {logging_mixin.py:188} INFO - [2024-07-25T03:44:26.212+0000] {dag.py:3947} INFO - Setting next_dagrun for example_sla_dag to 2024-07-25 03:42:00+00:00, run_after=2024-07-25 03:44:00+00:00
[2024-07-25T03:44:26.220+0000] {processor.py:183} INFO - Processing /home/airflow/.local/lib/python3.12/site-packages/airflow/example_dags/example_sla_dag.py took 0.042 seconds
[2024-07-25T03:44:56.564+0000] {processor.py:161} INFO - Started process (PID=556) to work on /home/airflow/.local/lib/python3.12/site-packages/airflow/example_dags/example_sla_dag.py
[2024-07-25T03:44:56.564+0000] {processor.py:830} INFO - Processing file /home/airflow/.local/lib/python3.12/site-packages/airflow/example_dags/example_sla_dag.py for tasks to queue
[2024-07-25T03:44:56.566+0000] {logging_mixin.py:188} INFO - [2024-07-25T03:44:56.565+0000] {dagbag.py:545} INFO - Filling up the DagBag from /home/airflow/.local/lib/python3.12/site-packages/airflow/example_dags/example_sla_dag.py
[2024-07-25T03:44:56.571+0000] {processor.py:840} INFO - DAG(s) 'example_sla_dag' retrieved from /home/airflow/.local/lib/python3.12/site-packages/airflow/example_dags/example_sla_dag.py
[2024-07-25T03:44:56.581+0000] {logging_mixin.py:188} INFO - [2024-07-25T03:44:56.580+0000] {dag.py:3089} INFO - Sync 1 DAGs
[2024-07-25T03:44:56.593+0000] {logging_mixin.py:188} INFO - [2024-07-25T03:44:56.592+0000] {dag.py:3947} INFO - Setting next_dagrun for example_sla_dag to 2024-07-25 03:42:00+00:00, run_after=2024-07-25 03:44:00+00:00
[2024-07-25T03:44:56.602+0000] {processor.py:183} INFO - Processing /home/airflow/.local/lib/python3.12/site-packages/airflow/example_dags/example_sla_dag.py took 0.042 seconds
[2024-07-25T03:45:26.919+0000] {processor.py:161} INFO - Started process (PID=614) to work on /home/airflow/.local/lib/python3.12/site-packages/airflow/example_dags/example_sla_dag.py
[2024-07-25T03:45:26.919+0000] {processor.py:830} INFO - Processing file /home/airflow/.local/lib/python3.12/site-packages/airflow/example_dags/example_sla_dag.py for tasks to queue
[2024-07-25T03:45:26.921+0000] {logging_mixin.py:188} INFO - [2024-07-25T03:45:26.920+0000] {dagbag.py:545} INFO - Filling up the DagBag from /home/airflow/.local/lib/python3.12/site-packages/airflow/example_dags/example_sla_dag.py
[2024-07-25T03:45:26.926+0000] {processor.py:840} INFO - DAG(s) 'example_sla_dag' retrieved from /home/airflow/.local/lib/python3.12/site-packages/airflow/example_dags/example_sla_dag.py
[2024-07-25T03:45:26.937+0000] {logging_mixin.py:188} INFO - [2024-07-25T03:45:26.937+0000] {dag.py:3089} INFO - Sync 1 DAGs
[2024-07-25T03:45:26.949+0000] {logging_mixin.py:188} INFO - [2024-07-25T03:45:26.949+0000] {dag.py:3947} INFO - Setting next_dagrun for example_sla_dag to 2024-07-25 03:42:00+00:00, run_after=2024-07-25 03:44:00+00:00
[2024-07-25T03:45:26.958+0000] {processor.py:183} INFO - Processing /home/airflow/.local/lib/python3.12/site-packages/airflow/example_dags/example_sla_dag.py took 0.043 seconds
[2024-07-25T03:45:57.218+0000] {processor.py:161} INFO - Started process (PID=672) to work on /home/airflow/.local/lib/python3.12/site-packages/airflow/example_dags/example_sla_dag.py
[2024-07-25T03:45:57.219+0000] {processor.py:830} INFO - Processing file /home/airflow/.local/lib/python3.12/site-packages/airflow/example_dags/example_sla_dag.py for tasks to queue
[2024-07-25T03:45:57.220+0000] {logging_mixin.py:188} INFO - [2024-07-25T03:45:57.220+0000] {dagbag.py:545} INFO - Filling up the DagBag from /home/airflow/.local/lib/python3.12/site-packages/airflow/example_dags/example_sla_dag.py
[2024-07-25T03:45:57.225+0000] {processor.py:840} INFO - DAG(s) 'example_sla_dag' retrieved from /home/airflow/.local/lib/python3.12/site-packages/airflow/example_dags/example_sla_dag.py
[2024-07-25T03:45:57.236+0000] {logging_mixin.py:188} INFO - [2024-07-25T03:45:57.236+0000] {dag.py:3089} INFO - Sync 1 DAGs
[2024-07-25T03:45:57.247+0000] {logging_mixin.py:188} INFO - [2024-07-25T03:45:57.247+0000] {dag.py:3947} INFO - Setting next_dagrun for example_sla_dag to 2024-07-25 03:42:00+00:00, run_after=2024-07-25 03:44:00+00:00
[2024-07-25T03:45:57.256+0000] {processor.py:183} INFO - Processing /home/airflow/.local/lib/python3.12/site-packages/airflow/example_dags/example_sla_dag.py took 0.041 seconds
[2024-07-25T03:46:27.411+0000] {processor.py:161} INFO - Started process (PID=730) to work on /home/airflow/.local/lib/python3.12/site-packages/airflow/example_dags/example_sla_dag.py
[2024-07-25T03:46:27.412+0000] {processor.py:830} INFO - Processing file /home/airflow/.local/lib/python3.12/site-packages/airflow/example_dags/example_sla_dag.py for tasks to queue
[2024-07-25T03:46:27.413+0000] {logging_mixin.py:188} INFO - [2024-07-25T03:46:27.413+0000] {dagbag.py:545} INFO - Filling up the DagBag from /home/airflow/.local/lib/python3.12/site-packages/airflow/example_dags/example_sla_dag.py
[2024-07-25T03:46:27.418+0000] {processor.py:840} INFO - DAG(s) 'example_sla_dag' retrieved from /home/airflow/.local/lib/python3.12/site-packages/airflow/example_dags/example_sla_dag.py
[2024-07-25T03:46:27.431+0000] {logging_mixin.py:188} INFO - [2024-07-25T03:46:27.431+0000] {dag.py:3089} INFO - Sync 1 DAGs
[2024-07-25T03:46:27.442+0000] {logging_mixin.py:188} INFO - [2024-07-25T03:46:27.442+0000] {dag.py:3947} INFO - Setting next_dagrun for example_sla_dag to 2024-07-25 03:44:00+00:00, run_after=2024-07-25 03:46:00+00:00
[2024-07-25T03:46:27.452+0000] {processor.py:183} INFO - Processing /home/airflow/.local/lib/python3.12/site-packages/airflow/example_dags/example_sla_dag.py took 0.044 seconds
[2024-07-25T03:46:57.581+0000] {processor.py:161} INFO - Started process (PID=788) to work on /home/airflow/.local/lib/python3.12/site-packages/airflow/example_dags/example_sla_dag.py
[2024-07-25T03:46:57.581+0000] {processor.py:830} INFO - Processing file /home/airflow/.local/lib/python3.12/site-packages/airflow/example_dags/example_sla_dag.py for tasks to queue
[2024-07-25T03:46:57.583+0000] {logging_mixin.py:188} INFO - [2024-07-25T03:46:57.582+0000] {dagbag.py:545} INFO - Filling up the DagBag from /home/airflow/.local/lib/python3.12/site-packages/airflow/example_dags/example_sla_dag.py
[2024-07-25T03:46:57.588+0000] {processor.py:840} INFO - DAG(s) 'example_sla_dag' retrieved from /home/airflow/.local/lib/python3.12/site-packages/airflow/example_dags/example_sla_dag.py
[2024-07-25T03:46:57.599+0000] {logging_mixin.py:188} INFO - [2024-07-25T03:46:57.599+0000] {dag.py:3089} INFO - Sync 1 DAGs
[2024-07-25T03:46:57.610+0000] {logging_mixin.py:188} INFO - [2024-07-25T03:46:57.610+0000] {dag.py:3947} INFO - Setting next_dagrun for example_sla_dag to 2024-07-25 03:44:00+00:00, run_after=2024-07-25 03:46:00+00:00
[2024-07-25T03:46:57.619+0000] {processor.py:183} INFO - Processing /home/airflow/.local/lib/python3.12/site-packages/airflow/example_dags/example_sla_dag.py took 0.042 seconds
[2024-07-25T03:47:27.910+0000] {processor.py:161} INFO - Started process (PID=846) to work on /home/airflow/.local/lib/python3.12/site-packages/airflow/example_dags/example_sla_dag.py
[2024-07-25T03:47:27.911+0000] {processor.py:830} INFO - Processing file /home/airflow/.local/lib/python3.12/site-packages/airflow/example_dags/example_sla_dag.py for tasks to queue
[2024-07-25T03:47:27.912+0000] {logging_mixin.py:188} INFO - [2024-07-25T03:47:27.912+0000] {dagbag.py:545} INFO - Filling up the DagBag from /home/airflow/.local/lib/python3.12/site-packages/airflow/example_dags/example_sla_dag.py
[2024-07-25T03:47:27.917+0000] {processor.py:840} INFO - DAG(s) 'example_sla_dag' retrieved from /home/airflow/.local/lib/python3.12/site-packages/airflow/example_dags/example_sla_dag.py
[2024-07-25T03:47:27.926+0000] {logging_mixin.py:188} INFO - [2024-07-25T03:47:27.926+0000] {dag.py:3089} INFO - Sync 1 DAGs
[2024-07-25T03:47:27.938+0000] {logging_mixin.py:188} INFO - [2024-07-25T03:47:27.938+0000] {dag.py:3947} INFO - Setting next_dagrun for example_sla_dag to 2024-07-25 03:44:00+00:00, run_after=2024-07-25 03:46:00+00:00
[2024-07-25T03:47:27.947+0000] {processor.py:183} INFO - Processing /home/airflow/.local/lib/python3.12/site-packages/airflow/example_dags/example_sla_dag.py took 0.041 seconds
[2024-07-25T03:47:58.088+0000] {processor.py:161} INFO - Started process (PID=904) to work on /home/airflow/.local/lib/python3.12/site-packages/airflow/example_dags/example_sla_dag.py
[2024-07-25T03:47:58.089+0000] {processor.py:830} INFO - Processing file /home/airflow/.local/lib/python3.12/site-packages/airflow/example_dags/example_sla_dag.py for tasks to queue
[2024-07-25T03:47:58.090+0000] {logging_mixin.py:188} INFO - [2024-07-25T03:47:58.090+0000] {dagbag.py:545} INFO - Filling up the DagBag from /home/airflow/.local/lib/python3.12/site-packages/airflow/example_dags/example_sla_dag.py
[2024-07-25T03:47:58.097+0000] {processor.py:840} INFO - DAG(s) 'example_sla_dag' retrieved from /home/airflow/.local/lib/python3.12/site-packages/airflow/example_dags/example_sla_dag.py
[2024-07-25T03:47:58.109+0000] {logging_mixin.py:188} INFO - [2024-07-25T03:47:58.109+0000] {dag.py:3089} INFO - Sync 1 DAGs
[2024-07-25T03:47:58.123+0000] {logging_mixin.py:188} INFO - [2024-07-25T03:47:58.122+0000] {dag.py:3947} INFO - Setting next_dagrun for example_sla_dag to 2024-07-25 03:44:00+00:00, run_after=2024-07-25 03:46:00+00:00
[2024-07-25T03:47:58.132+0000] {processor.py:183} INFO - Processing /home/airflow/.local/lib/python3.12/site-packages/airflow/example_dags/example_sla_dag.py took 0.048 seconds
[2024-07-25T03:48:28.197+0000] {processor.py:161} INFO - Started process (PID=962) to work on /home/airflow/.local/lib/python3.12/site-packages/airflow/example_dags/example_sla_dag.py
[2024-07-25T03:48:28.198+0000] {processor.py:830} INFO - Processing file /home/airflow/.local/lib/python3.12/site-packages/airflow/example_dags/example_sla_dag.py for tasks to queue
[2024-07-25T03:48:28.199+0000] {logging_mixin.py:188} INFO - [2024-07-25T03:48:28.199+0000] {dagbag.py:545} INFO - Filling up the DagBag from /home/airflow/.local/lib/python3.12/site-packages/airflow/example_dags/example_sla_dag.py
[2024-07-25T03:48:28.204+0000] {processor.py:840} INFO - DAG(s) 'example_sla_dag' retrieved from /home/airflow/.local/lib/python3.12/site-packages/airflow/example_dags/example_sla_dag.py
[2024-07-25T03:48:28.215+0000] {logging_mixin.py:188} INFO - [2024-07-25T03:48:28.215+0000] {dag.py:3089} INFO - Sync 1 DAGs
[2024-07-25T03:48:28.226+0000] {logging_mixin.py:188} INFO - [2024-07-25T03:48:28.226+0000] {dag.py:3947} INFO - Setting next_dagrun for example_sla_dag to 2024-07-25 03:46:00+00:00, run_after=2024-07-25 03:48:00+00:00
[2024-07-25T03:48:28.235+0000] {processor.py:183} INFO - Processing /home/airflow/.local/lib/python3.12/site-packages/airflow/example_dags/example_sla_dag.py took 0.041 seconds
[2024-07-25T03:48:58.429+0000] {processor.py:161} INFO - Started process (PID=1020) to work on /home/airflow/.local/lib/python3.12/site-packages/airflow/example_dags/example_sla_dag.py
[2024-07-25T03:48:58.430+0000] {processor.py:830} INFO - Processing file /home/airflow/.local/lib/python3.12/site-packages/airflow/example_dags/example_sla_dag.py for tasks to queue
[2024-07-25T03:48:58.431+0000] {logging_mixin.py:188} INFO - [2024-07-25T03:48:58.431+0000] {dagbag.py:545} INFO - Filling up the DagBag from /home/airflow/.local/lib/python3.12/site-packages/airflow/example_dags/example_sla_dag.py
[2024-07-25T03:48:58.436+0000] {processor.py:840} INFO - DAG(s) 'example_sla_dag' retrieved from /home/airflow/.local/lib/python3.12/site-packages/airflow/example_dags/example_sla_dag.py
[2024-07-25T03:48:58.447+0000] {logging_mixin.py:188} INFO - [2024-07-25T03:48:58.447+0000] {dag.py:3089} INFO - Sync 1 DAGs
[2024-07-25T03:48:58.459+0000] {logging_mixin.py:188} INFO - [2024-07-25T03:48:58.458+0000] {dag.py:3947} INFO - Setting next_dagrun for example_sla_dag to 2024-07-25 03:46:00+00:00, run_after=2024-07-25 03:48:00+00:00
[2024-07-25T03:48:58.467+0000] {processor.py:183} INFO - Processing /home/airflow/.local/lib/python3.12/site-packages/airflow/example_dags/example_sla_dag.py took 0.042 seconds
[2024-07-25T03:49:28.868+0000] {processor.py:161} INFO - Started process (PID=1078) to work on /home/airflow/.local/lib/python3.12/site-packages/airflow/example_dags/example_sla_dag.py
[2024-07-25T03:49:28.869+0000] {processor.py:830} INFO - Processing file /home/airflow/.local/lib/python3.12/site-packages/airflow/example_dags/example_sla_dag.py for tasks to queue
[2024-07-25T03:49:28.870+0000] {logging_mixin.py:188} INFO - [2024-07-25T03:49:28.870+0000] {dagbag.py:545} INFO - Filling up the DagBag from /home/airflow/.local/lib/python3.12/site-packages/airflow/example_dags/example_sla_dag.py
[2024-07-25T03:49:28.875+0000] {processor.py:840} INFO - DAG(s) 'example_sla_dag' retrieved from /home/airflow/.local/lib/python3.12/site-packages/airflow/example_dags/example_sla_dag.py
[2024-07-25T03:49:28.886+0000] {logging_mixin.py:188} INFO - [2024-07-25T03:49:28.885+0000] {dag.py:3089} INFO - Sync 1 DAGs
[2024-07-25T03:49:28.897+0000] {logging_mixin.py:188} INFO - [2024-07-25T03:49:28.897+0000] {dag.py:3947} INFO - Setting next_dagrun for example_sla_dag to 2024-07-25 03:46:00+00:00, run_after=2024-07-25 03:48:00+00:00
[2024-07-25T03:49:28.906+0000] {processor.py:183} INFO - Processing /home/airflow/.local/lib/python3.12/site-packages/airflow/example_dags/example_sla_dag.py took 0.042 seconds
[2024-07-25T03:49:59.172+0000] {processor.py:161} INFO - Started process (PID=1136) to work on /home/airflow/.local/lib/python3.12/site-packages/airflow/example_dags/example_sla_dag.py
[2024-07-25T03:49:59.173+0000] {processor.py:830} INFO - Processing file /home/airflow/.local/lib/python3.12/site-packages/airflow/example_dags/example_sla_dag.py for tasks to queue
[2024-07-25T03:49:59.174+0000] {logging_mixin.py:188} INFO - [2024-07-25T03:49:59.173+0000] {dagbag.py:545} INFO - Filling up the DagBag from /home/airflow/.local/lib/python3.12/site-packages/airflow/example_dags/example_sla_dag.py
[2024-07-25T03:49:59.178+0000] {processor.py:840} INFO - DAG(s) 'example_sla_dag' retrieved from /home/airflow/.local/lib/python3.12/site-packages/airflow/example_dags/example_sla_dag.py
[2024-07-25T03:49:59.189+0000] {logging_mixin.py:188} INFO - [2024-07-25T03:49:59.189+0000] {dag.py:3089} INFO - Sync 1 DAGs
[2024-07-25T03:49:59.200+0000] {logging_mixin.py:188} INFO - [2024-07-25T03:49:59.200+0000] {dag.py:3947} INFO - Setting next_dagrun for example_sla_dag to 2024-07-25 03:46:00+00:00, run_after=2024-07-25 03:48:00+00:00
[2024-07-25T03:49:59.208+0000] {processor.py:183} INFO - Processing /home/airflow/.local/lib/python3.12/site-packages/airflow/example_dags/example_sla_dag.py took 0.040 seconds
[2024-07-25T03:50:29.381+0000] {processor.py:161} INFO - Started process (PID=1194) to work on /home/airflow/.local/lib/python3.12/site-packages/airflow/example_dags/example_sla_dag.py
[2024-07-25T03:50:29.382+0000] {processor.py:830} INFO - Processing file /home/airflow/.local/lib/python3.12/site-packages/airflow/example_dags/example_sla_dag.py for tasks to queue
[2024-07-25T03:50:29.383+0000] {logging_mixin.py:188} INFO - [2024-07-25T03:50:29.383+0000] {dagbag.py:545} INFO - Filling up the DagBag from /home/airflow/.local/lib/python3.12/site-packages/airflow/example_dags/example_sla_dag.py
[2024-07-25T03:50:29.388+0000] {processor.py:840} INFO - DAG(s) 'example_sla_dag' retrieved from /home/airflow/.local/lib/python3.12/site-packages/airflow/example_dags/example_sla_dag.py
[2024-07-25T03:50:29.400+0000] {logging_mixin.py:188} INFO - [2024-07-25T03:50:29.399+0000] {dag.py:3089} INFO - Sync 1 DAGs
[2024-07-25T03:50:29.411+0000] {logging_mixin.py:188} INFO - [2024-07-25T03:50:29.411+0000] {dag.py:3947} INFO - Setting next_dagrun for example_sla_dag to 2024-07-25 03:48:00+00:00, run_after=2024-07-25 03:50:00+00:00
[2024-07-25T03:50:29.420+0000] {processor.py:183} INFO - Processing /home/airflow/.local/lib/python3.12/site-packages/airflow/example_dags/example_sla_dag.py took 0.043 seconds
[2024-07-25T03:50:59.573+0000] {processor.py:161} INFO - Started process (PID=1252) to work on /home/airflow/.local/lib/python3.12/site-packages/airflow/example_dags/example_sla_dag.py
[2024-07-25T03:50:59.574+0000] {processor.py:830} INFO - Processing file /home/airflow/.local/lib/python3.12/site-packages/airflow/example_dags/example_sla_dag.py for tasks to queue
[2024-07-25T03:50:59.575+0000] {logging_mixin.py:188} INFO - [2024-07-25T03:50:59.575+0000] {dagbag.py:545} INFO - Filling up the DagBag from /home/airflow/.local/lib/python3.12/site-packages/airflow/example_dags/example_sla_dag.py
[2024-07-25T03:50:59.580+0000] {processor.py:840} INFO - DAG(s) 'example_sla_dag' retrieved from /home/airflow/.local/lib/python3.12/site-packages/airflow/example_dags/example_sla_dag.py
[2024-07-25T03:50:59.592+0000] {logging_mixin.py:188} INFO - [2024-07-25T03:50:59.591+0000] {dag.py:3089} INFO - Sync 1 DAGs
[2024-07-25T03:50:59.603+0000] {logging_mixin.py:188} INFO - [2024-07-25T03:50:59.603+0000] {dag.py:3947} INFO - Setting next_dagrun for example_sla_dag to 2024-07-25 03:48:00+00:00, run_after=2024-07-25 03:50:00+00:00
[2024-07-25T03:50:59.613+0000] {processor.py:183} INFO - Processing /home/airflow/.local/lib/python3.12/site-packages/airflow/example_dags/example_sla_dag.py took 0.044 seconds
[2024-07-25T03:51:29.871+0000] {processor.py:161} INFO - Started process (PID=1310) to work on /home/airflow/.local/lib/python3.12/site-packages/airflow/example_dags/example_sla_dag.py
[2024-07-25T03:51:29.872+0000] {processor.py:830} INFO - Processing file /home/airflow/.local/lib/python3.12/site-packages/airflow/example_dags/example_sla_dag.py for tasks to queue
[2024-07-25T03:51:29.873+0000] {logging_mixin.py:188} INFO - [2024-07-25T03:51:29.873+0000] {dagbag.py:545} INFO - Filling up the DagBag from /home/airflow/.local/lib/python3.12/site-packages/airflow/example_dags/example_sla_dag.py
[2024-07-25T03:51:29.879+0000] {processor.py:840} INFO - DAG(s) 'example_sla_dag' retrieved from /home/airflow/.local/lib/python3.12/site-packages/airflow/example_dags/example_sla_dag.py
[2024-07-25T03:51:29.890+0000] {logging_mixin.py:188} INFO - [2024-07-25T03:51:29.890+0000] {dag.py:3089} INFO - Sync 1 DAGs
[2024-07-25T03:51:29.903+0000] {logging_mixin.py:188} INFO - [2024-07-25T03:51:29.903+0000] {dag.py:3947} INFO - Setting next_dagrun for example_sla_dag to 2024-07-25 03:48:00+00:00, run_after=2024-07-25 03:50:00+00:00
[2024-07-25T03:51:29.913+0000] {processor.py:183} INFO - Processing /home/airflow/.local/lib/python3.12/site-packages/airflow/example_dags/example_sla_dag.py took 0.046 seconds
[2024-07-25T03:51:59.994+0000] {processor.py:161} INFO - Started process (PID=1368) to work on /home/airflow/.local/lib/python3.12/site-packages/airflow/example_dags/example_sla_dag.py
[2024-07-25T03:51:59.995+0000] {processor.py:830} INFO - Processing file /home/airflow/.local/lib/python3.12/site-packages/airflow/example_dags/example_sla_dag.py for tasks to queue
[2024-07-25T03:51:59.996+0000] {logging_mixin.py:188} INFO - [2024-07-25T03:51:59.996+0000] {dagbag.py:545} INFO - Filling up the DagBag from /home/airflow/.local/lib/python3.12/site-packages/airflow/example_dags/example_sla_dag.py
[2024-07-25T03:52:00.001+0000] {processor.py:840} INFO - DAG(s) 'example_sla_dag' retrieved from /home/airflow/.local/lib/python3.12/site-packages/airflow/example_dags/example_sla_dag.py
[2024-07-25T03:52:00.012+0000] {logging_mixin.py:188} INFO - [2024-07-25T03:52:00.012+0000] {dag.py:3089} INFO - Sync 1 DAGs
[2024-07-25T03:52:00.024+0000] {logging_mixin.py:188} INFO - [2024-07-25T03:52:00.024+0000] {dag.py:3947} INFO - Setting next_dagrun for example_sla_dag to 2024-07-25 03:50:00+00:00, run_after=2024-07-25 03:52:00+00:00
[2024-07-25T03:52:00.033+0000] {processor.py:183} INFO - Processing /home/airflow/.local/lib/python3.12/site-packages/airflow/example_dags/example_sla_dag.py took 0.044 seconds
[2024-07-25T03:52:30.149+0000] {processor.py:161} INFO - Started process (PID=1426) to work on /home/airflow/.local/lib/python3.12/site-packages/airflow/example_dags/example_sla_dag.py
[2024-07-25T03:52:30.150+0000] {processor.py:830} INFO - Processing file /home/airflow/.local/lib/python3.12/site-packages/airflow/example_dags/example_sla_dag.py for tasks to queue
[2024-07-25T03:52:30.152+0000] {logging_mixin.py:188} INFO - [2024-07-25T03:52:30.152+0000] {dagbag.py:545} INFO - Filling up the DagBag from /home/airflow/.local/lib/python3.12/site-packages/airflow/example_dags/example_sla_dag.py
[2024-07-25T03:52:30.156+0000] {processor.py:840} INFO - DAG(s) 'example_sla_dag' retrieved from /home/airflow/.local/lib/python3.12/site-packages/airflow/example_dags/example_sla_dag.py
[2024-07-25T03:52:30.167+0000] {logging_mixin.py:188} INFO - [2024-07-25T03:52:30.166+0000] {dag.py:3089} INFO - Sync 1 DAGs
[2024-07-25T03:52:30.178+0000] {logging_mixin.py:188} INFO - [2024-07-25T03:52:30.178+0000] {dag.py:3947} INFO - Setting next_dagrun for example_sla_dag to 2024-07-25 03:50:00+00:00, run_after=2024-07-25 03:52:00+00:00
[2024-07-25T03:52:30.186+0000] {processor.py:183} INFO - Processing /home/airflow/.local/lib/python3.12/site-packages/airflow/example_dags/example_sla_dag.py took 0.041 seconds
[2024-07-25T04:03:45.671+0000] {processor.py:161} INFO - Started process (PID=34) to work on /home/airflow/.local/lib/python3.12/site-packages/airflow/example_dags/example_sla_dag.py
[2024-07-25T04:03:45.684+0000] {processor.py:830} INFO - Processing file /home/airflow/.local/lib/python3.12/site-packages/airflow/example_dags/example_sla_dag.py for tasks to queue
[2024-07-25T04:03:45.694+0000] {logging_mixin.py:188} INFO - [2024-07-25T04:03:45.694+0000] {dagbag.py:545} INFO - Filling up the DagBag from /home/airflow/.local/lib/python3.12/site-packages/airflow/example_dags/example_sla_dag.py
[2024-07-25T04:03:45.707+0000] {processor.py:840} INFO - DAG(s) 'example_sla_dag' retrieved from /home/airflow/.local/lib/python3.12/site-packages/airflow/example_dags/example_sla_dag.py
[2024-07-25T04:03:45.728+0000] {logging_mixin.py:188} INFO - [2024-07-25T04:03:45.728+0000] {dag.py:3089} INFO - Sync 1 DAGs
[2024-07-25T04:03:45.753+0000] {logging_mixin.py:188} INFO - [2024-07-25T04:03:45.753+0000] {dag.py:3947} INFO - Setting next_dagrun for example_sla_dag to 2024-07-25 04:00:00+00:00, run_after=2024-07-25 04:02:00+00:00
[2024-07-25T04:03:45.764+0000] {processor.py:183} INFO - Processing /home/airflow/.local/lib/python3.12/site-packages/airflow/example_dags/example_sla_dag.py took 0.097 seconds
[2024-07-25T04:04:16.686+0000] {processor.py:161} INFO - Started process (PID=92) to work on /home/airflow/.local/lib/python3.12/site-packages/airflow/example_dags/example_sla_dag.py
[2024-07-25T04:04:16.687+0000] {processor.py:830} INFO - Processing file /home/airflow/.local/lib/python3.12/site-packages/airflow/example_dags/example_sla_dag.py for tasks to queue
[2024-07-25T04:04:16.689+0000] {logging_mixin.py:188} INFO - [2024-07-25T04:04:16.688+0000] {dagbag.py:545} INFO - Filling up the DagBag from /home/airflow/.local/lib/python3.12/site-packages/airflow/example_dags/example_sla_dag.py
[2024-07-25T04:04:16.694+0000] {processor.py:840} INFO - DAG(s) 'example_sla_dag' retrieved from /home/airflow/.local/lib/python3.12/site-packages/airflow/example_dags/example_sla_dag.py
[2024-07-25T04:04:16.748+0000] {logging_mixin.py:188} INFO - [2024-07-25T04:04:16.748+0000] {dag.py:3089} INFO - Sync 1 DAGs
[2024-07-25T04:04:16.758+0000] {logging_mixin.py:188} INFO - [2024-07-25T04:04:16.758+0000] {dag.py:3947} INFO - Setting next_dagrun for example_sla_dag to 2024-07-25 04:02:00+00:00, run_after=2024-07-25 04:04:00+00:00
[2024-07-25T04:04:16.770+0000] {processor.py:183} INFO - Processing /home/airflow/.local/lib/python3.12/site-packages/airflow/example_dags/example_sla_dag.py took 0.087 seconds
[2024-07-25T04:04:47.312+0000] {processor.py:161} INFO - Started process (PID=150) to work on /home/airflow/.local/lib/python3.12/site-packages/airflow/example_dags/example_sla_dag.py
[2024-07-25T04:04:47.313+0000] {processor.py:830} INFO - Processing file /home/airflow/.local/lib/python3.12/site-packages/airflow/example_dags/example_sla_dag.py for tasks to queue
[2024-07-25T04:04:47.314+0000] {logging_mixin.py:188} INFO - [2024-07-25T04:04:47.314+0000] {dagbag.py:545} INFO - Filling up the DagBag from /home/airflow/.local/lib/python3.12/site-packages/airflow/example_dags/example_sla_dag.py
[2024-07-25T04:04:47.319+0000] {processor.py:840} INFO - DAG(s) 'example_sla_dag' retrieved from /home/airflow/.local/lib/python3.12/site-packages/airflow/example_dags/example_sla_dag.py
[2024-07-25T04:04:47.330+0000] {logging_mixin.py:188} INFO - [2024-07-25T04:04:47.330+0000] {dag.py:3089} INFO - Sync 1 DAGs
[2024-07-25T04:04:47.342+0000] {logging_mixin.py:188} INFO - [2024-07-25T04:04:47.342+0000] {dag.py:3947} INFO - Setting next_dagrun for example_sla_dag to 2024-07-25 04:02:00+00:00, run_after=2024-07-25 04:04:00+00:00
[2024-07-25T04:04:47.351+0000] {processor.py:183} INFO - Processing /home/airflow/.local/lib/python3.12/site-packages/airflow/example_dags/example_sla_dag.py took 0.043 seconds
[2024-07-25T04:05:17.470+0000] {processor.py:161} INFO - Started process (PID=208) to work on /home/airflow/.local/lib/python3.12/site-packages/airflow/example_dags/example_sla_dag.py
[2024-07-25T04:05:17.471+0000] {processor.py:830} INFO - Processing file /home/airflow/.local/lib/python3.12/site-packages/airflow/example_dags/example_sla_dag.py for tasks to queue
[2024-07-25T04:05:17.472+0000] {logging_mixin.py:188} INFO - [2024-07-25T04:05:17.472+0000] {dagbag.py:545} INFO - Filling up the DagBag from /home/airflow/.local/lib/python3.12/site-packages/airflow/example_dags/example_sla_dag.py
[2024-07-25T04:05:17.477+0000] {processor.py:840} INFO - DAG(s) 'example_sla_dag' retrieved from /home/airflow/.local/lib/python3.12/site-packages/airflow/example_dags/example_sla_dag.py
[2024-07-25T04:05:17.488+0000] {logging_mixin.py:188} INFO - [2024-07-25T04:05:17.488+0000] {dag.py:3089} INFO - Sync 1 DAGs
[2024-07-25T04:05:17.499+0000] {logging_mixin.py:188} INFO - [2024-07-25T04:05:17.499+0000] {dag.py:3947} INFO - Setting next_dagrun for example_sla_dag to 2024-07-25 04:02:00+00:00, run_after=2024-07-25 04:04:00+00:00
[2024-07-25T04:05:17.507+0000] {processor.py:183} INFO - Processing /home/airflow/.local/lib/python3.12/site-packages/airflow/example_dags/example_sla_dag.py took 0.040 seconds
[2024-07-25T04:05:47.736+0000] {processor.py:161} INFO - Started process (PID=266) to work on /home/airflow/.local/lib/python3.12/site-packages/airflow/example_dags/example_sla_dag.py
[2024-07-25T04:05:47.737+0000] {processor.py:830} INFO - Processing file /home/airflow/.local/lib/python3.12/site-packages/airflow/example_dags/example_sla_dag.py for tasks to queue
[2024-07-25T04:05:47.739+0000] {logging_mixin.py:188} INFO - [2024-07-25T04:05:47.738+0000] {dagbag.py:545} INFO - Filling up the DagBag from /home/airflow/.local/lib/python3.12/site-packages/airflow/example_dags/example_sla_dag.py
[2024-07-25T04:05:47.744+0000] {processor.py:840} INFO - DAG(s) 'example_sla_dag' retrieved from /home/airflow/.local/lib/python3.12/site-packages/airflow/example_dags/example_sla_dag.py
[2024-07-25T04:05:47.754+0000] {logging_mixin.py:188} INFO - [2024-07-25T04:05:47.754+0000] {dag.py:3089} INFO - Sync 1 DAGs
[2024-07-25T04:05:47.766+0000] {logging_mixin.py:188} INFO - [2024-07-25T04:05:47.766+0000] {dag.py:3947} INFO - Setting next_dagrun for example_sla_dag to 2024-07-25 04:02:00+00:00, run_after=2024-07-25 04:04:00+00:00
[2024-07-25T04:05:47.777+0000] {processor.py:183} INFO - Processing /home/airflow/.local/lib/python3.12/site-packages/airflow/example_dags/example_sla_dag.py took 0.044 seconds
[2024-07-25T04:06:17.884+0000] {processor.py:161} INFO - Started process (PID=324) to work on /home/airflow/.local/lib/python3.12/site-packages/airflow/example_dags/example_sla_dag.py
[2024-07-25T04:06:17.885+0000] {processor.py:830} INFO - Processing file /home/airflow/.local/lib/python3.12/site-packages/airflow/example_dags/example_sla_dag.py for tasks to queue
[2024-07-25T04:06:17.886+0000] {logging_mixin.py:188} INFO - [2024-07-25T04:06:17.886+0000] {dagbag.py:545} INFO - Filling up the DagBag from /home/airflow/.local/lib/python3.12/site-packages/airflow/example_dags/example_sla_dag.py
[2024-07-25T04:06:17.891+0000] {processor.py:840} INFO - DAG(s) 'example_sla_dag' retrieved from /home/airflow/.local/lib/python3.12/site-packages/airflow/example_dags/example_sla_dag.py
[2024-07-25T04:06:17.902+0000] {logging_mixin.py:188} INFO - [2024-07-25T04:06:17.902+0000] {dag.py:3089} INFO - Sync 1 DAGs
[2024-07-25T04:06:17.912+0000] {logging_mixin.py:188} INFO - [2024-07-25T04:06:17.912+0000] {dag.py:3947} INFO - Setting next_dagrun for example_sla_dag to 2024-07-25 04:04:00+00:00, run_after=2024-07-25 04:06:00+00:00
[2024-07-25T04:06:17.921+0000] {processor.py:183} INFO - Processing /home/airflow/.local/lib/python3.12/site-packages/airflow/example_dags/example_sla_dag.py took 0.040 seconds
[2024-07-25T04:06:48.243+0000] {processor.py:161} INFO - Started process (PID=382) to work on /home/airflow/.local/lib/python3.12/site-packages/airflow/example_dags/example_sla_dag.py
[2024-07-25T04:06:48.244+0000] {processor.py:830} INFO - Processing file /home/airflow/.local/lib/python3.12/site-packages/airflow/example_dags/example_sla_dag.py for tasks to queue
[2024-07-25T04:06:48.246+0000] {logging_mixin.py:188} INFO - [2024-07-25T04:06:48.245+0000] {dagbag.py:545} INFO - Filling up the DagBag from /home/airflow/.local/lib/python3.12/site-packages/airflow/example_dags/example_sla_dag.py
[2024-07-25T04:06:48.251+0000] {processor.py:840} INFO - DAG(s) 'example_sla_dag' retrieved from /home/airflow/.local/lib/python3.12/site-packages/airflow/example_dags/example_sla_dag.py
[2024-07-25T04:06:48.266+0000] {logging_mixin.py:188} INFO - [2024-07-25T04:06:48.266+0000] {dag.py:3089} INFO - Sync 1 DAGs
[2024-07-25T04:06:48.279+0000] {logging_mixin.py:188} INFO - [2024-07-25T04:06:48.279+0000] {dag.py:3947} INFO - Setting next_dagrun for example_sla_dag to 2024-07-25 04:04:00+00:00, run_after=2024-07-25 04:06:00+00:00
[2024-07-25T04:06:48.289+0000] {processor.py:183} INFO - Processing /home/airflow/.local/lib/python3.12/site-packages/airflow/example_dags/example_sla_dag.py took 0.050 seconds
[2024-07-25T04:07:18.574+0000] {processor.py:161} INFO - Started process (PID=440) to work on /home/airflow/.local/lib/python3.12/site-packages/airflow/example_dags/example_sla_dag.py
[2024-07-25T04:07:18.575+0000] {processor.py:830} INFO - Processing file /home/airflow/.local/lib/python3.12/site-packages/airflow/example_dags/example_sla_dag.py for tasks to queue
[2024-07-25T04:07:18.577+0000] {logging_mixin.py:188} INFO - [2024-07-25T04:07:18.577+0000] {dagbag.py:545} INFO - Filling up the DagBag from /home/airflow/.local/lib/python3.12/site-packages/airflow/example_dags/example_sla_dag.py
[2024-07-25T04:07:18.582+0000] {processor.py:840} INFO - DAG(s) 'example_sla_dag' retrieved from /home/airflow/.local/lib/python3.12/site-packages/airflow/example_dags/example_sla_dag.py
[2024-07-25T04:07:18.594+0000] {logging_mixin.py:188} INFO - [2024-07-25T04:07:18.593+0000] {dag.py:3089} INFO - Sync 1 DAGs
[2024-07-25T04:07:18.605+0000] {logging_mixin.py:188} INFO - [2024-07-25T04:07:18.605+0000] {dag.py:3947} INFO - Setting next_dagrun for example_sla_dag to 2024-07-25 04:04:00+00:00, run_after=2024-07-25 04:06:00+00:00
[2024-07-25T04:07:18.614+0000] {processor.py:183} INFO - Processing /home/airflow/.local/lib/python3.12/site-packages/airflow/example_dags/example_sla_dag.py took 0.043 seconds
[2024-07-25T04:07:48.693+0000] {processor.py:161} INFO - Started process (PID=498) to work on /home/airflow/.local/lib/python3.12/site-packages/airflow/example_dags/example_sla_dag.py
[2024-07-25T04:07:48.694+0000] {processor.py:830} INFO - Processing file /home/airflow/.local/lib/python3.12/site-packages/airflow/example_dags/example_sla_dag.py for tasks to queue
[2024-07-25T04:07:48.697+0000] {logging_mixin.py:188} INFO - [2024-07-25T04:07:48.696+0000] {dagbag.py:545} INFO - Filling up the DagBag from /home/airflow/.local/lib/python3.12/site-packages/airflow/example_dags/example_sla_dag.py
[2024-07-25T04:07:48.703+0000] {processor.py:840} INFO - DAG(s) 'example_sla_dag' retrieved from /home/airflow/.local/lib/python3.12/site-packages/airflow/example_dags/example_sla_dag.py
[2024-07-25T04:07:48.716+0000] {logging_mixin.py:188} INFO - [2024-07-25T04:07:48.716+0000] {dag.py:3089} INFO - Sync 1 DAGs
[2024-07-25T04:07:48.732+0000] {logging_mixin.py:188} INFO - [2024-07-25T04:07:48.731+0000] {dag.py:3947} INFO - Setting next_dagrun for example_sla_dag to 2024-07-25 04:04:00+00:00, run_after=2024-07-25 04:06:00+00:00
[2024-07-25T04:07:48.741+0000] {processor.py:183} INFO - Processing /home/airflow/.local/lib/python3.12/site-packages/airflow/example_dags/example_sla_dag.py took 0.052 seconds
[2024-07-25T04:08:18.897+0000] {processor.py:161} INFO - Started process (PID=556) to work on /home/airflow/.local/lib/python3.12/site-packages/airflow/example_dags/example_sla_dag.py
[2024-07-25T04:08:18.897+0000] {processor.py:830} INFO - Processing file /home/airflow/.local/lib/python3.12/site-packages/airflow/example_dags/example_sla_dag.py for tasks to queue
[2024-07-25T04:08:18.898+0000] {logging_mixin.py:188} INFO - [2024-07-25T04:08:18.898+0000] {dagbag.py:545} INFO - Filling up the DagBag from /home/airflow/.local/lib/python3.12/site-packages/airflow/example_dags/example_sla_dag.py
[2024-07-25T04:08:18.904+0000] {processor.py:840} INFO - DAG(s) 'example_sla_dag' retrieved from /home/airflow/.local/lib/python3.12/site-packages/airflow/example_dags/example_sla_dag.py
[2024-07-25T04:08:18.916+0000] {logging_mixin.py:188} INFO - [2024-07-25T04:08:18.916+0000] {dag.py:3089} INFO - Sync 1 DAGs
[2024-07-25T04:08:18.933+0000] {logging_mixin.py:188} INFO - [2024-07-25T04:08:18.933+0000] {dag.py:3947} INFO - Setting next_dagrun for example_sla_dag to 2024-07-25 04:06:00+00:00, run_after=2024-07-25 04:08:00+00:00
[2024-07-25T04:08:18.944+0000] {processor.py:183} INFO - Processing /home/airflow/.local/lib/python3.12/site-packages/airflow/example_dags/example_sla_dag.py took 0.051 seconds
[2024-07-25T04:08:49.086+0000] {processor.py:161} INFO - Started process (PID=614) to work on /home/airflow/.local/lib/python3.12/site-packages/airflow/example_dags/example_sla_dag.py
[2024-07-25T04:08:49.087+0000] {processor.py:830} INFO - Processing file /home/airflow/.local/lib/python3.12/site-packages/airflow/example_dags/example_sla_dag.py for tasks to queue
[2024-07-25T04:08:49.088+0000] {logging_mixin.py:188} INFO - [2024-07-25T04:08:49.088+0000] {dagbag.py:545} INFO - Filling up the DagBag from /home/airflow/.local/lib/python3.12/site-packages/airflow/example_dags/example_sla_dag.py
[2024-07-25T04:08:49.094+0000] {processor.py:840} INFO - DAG(s) 'example_sla_dag' retrieved from /home/airflow/.local/lib/python3.12/site-packages/airflow/example_dags/example_sla_dag.py
[2024-07-25T04:08:49.105+0000] {logging_mixin.py:188} INFO - [2024-07-25T04:08:49.105+0000] {dag.py:3089} INFO - Sync 1 DAGs
[2024-07-25T04:08:49.118+0000] {logging_mixin.py:188} INFO - [2024-07-25T04:08:49.118+0000] {dag.py:3947} INFO - Setting next_dagrun for example_sla_dag to 2024-07-25 04:06:00+00:00, run_after=2024-07-25 04:08:00+00:00
[2024-07-25T04:08:49.127+0000] {processor.py:183} INFO - Processing /home/airflow/.local/lib/python3.12/site-packages/airflow/example_dags/example_sla_dag.py took 0.044 seconds
[2024-07-25T04:09:19.478+0000] {processor.py:161} INFO - Started process (PID=673) to work on /home/airflow/.local/lib/python3.12/site-packages/airflow/example_dags/example_sla_dag.py
[2024-07-25T04:09:19.479+0000] {processor.py:830} INFO - Processing file /home/airflow/.local/lib/python3.12/site-packages/airflow/example_dags/example_sla_dag.py for tasks to queue
[2024-07-25T04:09:19.481+0000] {logging_mixin.py:188} INFO - [2024-07-25T04:09:19.480+0000] {dagbag.py:545} INFO - Filling up the DagBag from /home/airflow/.local/lib/python3.12/site-packages/airflow/example_dags/example_sla_dag.py
[2024-07-25T04:09:19.490+0000] {processor.py:840} INFO - DAG(s) 'example_sla_dag' retrieved from /home/airflow/.local/lib/python3.12/site-packages/airflow/example_dags/example_sla_dag.py
[2024-07-25T04:09:19.502+0000] {logging_mixin.py:188} INFO - [2024-07-25T04:09:19.502+0000] {dag.py:3089} INFO - Sync 1 DAGs
[2024-07-25T04:09:19.515+0000] {logging_mixin.py:188} INFO - [2024-07-25T04:09:19.515+0000] {dag.py:3947} INFO - Setting next_dagrun for example_sla_dag to 2024-07-25 04:06:00+00:00, run_after=2024-07-25 04:08:00+00:00
[2024-07-25T04:09:19.527+0000] {processor.py:183} INFO - Processing /home/airflow/.local/lib/python3.12/site-packages/airflow/example_dags/example_sla_dag.py took 0.053 seconds
[2024-07-25T04:09:49.728+0000] {processor.py:161} INFO - Started process (PID=731) to work on /home/airflow/.local/lib/python3.12/site-packages/airflow/example_dags/example_sla_dag.py
[2024-07-25T04:09:49.729+0000] {processor.py:830} INFO - Processing file /home/airflow/.local/lib/python3.12/site-packages/airflow/example_dags/example_sla_dag.py for tasks to queue
[2024-07-25T04:09:49.730+0000] {logging_mixin.py:188} INFO - [2024-07-25T04:09:49.730+0000] {dagbag.py:545} INFO - Filling up the DagBag from /home/airflow/.local/lib/python3.12/site-packages/airflow/example_dags/example_sla_dag.py
[2024-07-25T04:09:49.735+0000] {processor.py:840} INFO - DAG(s) 'example_sla_dag' retrieved from /home/airflow/.local/lib/python3.12/site-packages/airflow/example_dags/example_sla_dag.py
[2024-07-25T04:09:49.746+0000] {logging_mixin.py:188} INFO - [2024-07-25T04:09:49.746+0000] {dag.py:3089} INFO - Sync 1 DAGs
[2024-07-25T04:09:49.757+0000] {logging_mixin.py:188} INFO - [2024-07-25T04:09:49.757+0000] {dag.py:3947} INFO - Setting next_dagrun for example_sla_dag to 2024-07-25 04:06:00+00:00, run_after=2024-07-25 04:08:00+00:00
[2024-07-25T04:09:49.768+0000] {processor.py:183} INFO - Processing /home/airflow/.local/lib/python3.12/site-packages/airflow/example_dags/example_sla_dag.py took 0.043 seconds
[2024-07-25T04:10:20.370+0000] {processor.py:161} INFO - Started process (PID=789) to work on /home/airflow/.local/lib/python3.12/site-packages/airflow/example_dags/example_sla_dag.py
[2024-07-25T04:10:20.371+0000] {processor.py:830} INFO - Processing file /home/airflow/.local/lib/python3.12/site-packages/airflow/example_dags/example_sla_dag.py for tasks to queue
[2024-07-25T04:10:20.372+0000] {logging_mixin.py:188} INFO - [2024-07-25T04:10:20.372+0000] {dagbag.py:545} INFO - Filling up the DagBag from /home/airflow/.local/lib/python3.12/site-packages/airflow/example_dags/example_sla_dag.py
[2024-07-25T04:10:20.378+0000] {processor.py:840} INFO - DAG(s) 'example_sla_dag' retrieved from /home/airflow/.local/lib/python3.12/site-packages/airflow/example_dags/example_sla_dag.py
[2024-07-25T04:10:20.389+0000] {logging_mixin.py:188} INFO - [2024-07-25T04:10:20.389+0000] {dag.py:3089} INFO - Sync 1 DAGs
[2024-07-25T04:10:20.401+0000] {logging_mixin.py:188} INFO - [2024-07-25T04:10:20.401+0000] {dag.py:3947} INFO - Setting next_dagrun for example_sla_dag to 2024-07-25 04:08:00+00:00, run_after=2024-07-25 04:10:00+00:00
[2024-07-25T04:10:20.411+0000] {processor.py:183} INFO - Processing /home/airflow/.local/lib/python3.12/site-packages/airflow/example_dags/example_sla_dag.py took 0.044 seconds
[2024-07-25T04:10:50.593+0000] {processor.py:161} INFO - Started process (PID=847) to work on /home/airflow/.local/lib/python3.12/site-packages/airflow/example_dags/example_sla_dag.py
[2024-07-25T04:10:50.594+0000] {processor.py:830} INFO - Processing file /home/airflow/.local/lib/python3.12/site-packages/airflow/example_dags/example_sla_dag.py for tasks to queue
[2024-07-25T04:10:50.595+0000] {logging_mixin.py:188} INFO - [2024-07-25T04:10:50.595+0000] {dagbag.py:545} INFO - Filling up the DagBag from /home/airflow/.local/lib/python3.12/site-packages/airflow/example_dags/example_sla_dag.py
[2024-07-25T04:10:50.600+0000] {processor.py:840} INFO - DAG(s) 'example_sla_dag' retrieved from /home/airflow/.local/lib/python3.12/site-packages/airflow/example_dags/example_sla_dag.py
[2024-07-25T04:10:50.611+0000] {logging_mixin.py:188} INFO - [2024-07-25T04:10:50.611+0000] {dag.py:3089} INFO - Sync 1 DAGs
[2024-07-25T04:10:50.622+0000] {logging_mixin.py:188} INFO - [2024-07-25T04:10:50.622+0000] {dag.py:3947} INFO - Setting next_dagrun for example_sla_dag to 2024-07-25 04:08:00+00:00, run_after=2024-07-25 04:10:00+00:00
[2024-07-25T04:10:50.631+0000] {processor.py:183} INFO - Processing /home/airflow/.local/lib/python3.12/site-packages/airflow/example_dags/example_sla_dag.py took 0.041 seconds
[2024-07-25T04:11:20.850+0000] {processor.py:161} INFO - Started process (PID=905) to work on /home/airflow/.local/lib/python3.12/site-packages/airflow/example_dags/example_sla_dag.py
[2024-07-25T04:11:20.851+0000] {processor.py:830} INFO - Processing file /home/airflow/.local/lib/python3.12/site-packages/airflow/example_dags/example_sla_dag.py for tasks to queue
[2024-07-25T04:11:20.852+0000] {logging_mixin.py:188} INFO - [2024-07-25T04:11:20.852+0000] {dagbag.py:545} INFO - Filling up the DagBag from /home/airflow/.local/lib/python3.12/site-packages/airflow/example_dags/example_sla_dag.py
[2024-07-25T04:11:20.857+0000] {processor.py:840} INFO - DAG(s) 'example_sla_dag' retrieved from /home/airflow/.local/lib/python3.12/site-packages/airflow/example_dags/example_sla_dag.py
[2024-07-25T04:11:20.868+0000] {logging_mixin.py:188} INFO - [2024-07-25T04:11:20.868+0000] {dag.py:3089} INFO - Sync 1 DAGs
[2024-07-25T04:11:20.879+0000] {logging_mixin.py:188} INFO - [2024-07-25T04:11:20.879+0000] {dag.py:3947} INFO - Setting next_dagrun for example_sla_dag to 2024-07-25 04:08:00+00:00, run_after=2024-07-25 04:10:00+00:00
[2024-07-25T04:11:20.887+0000] {processor.py:183} INFO - Processing /home/airflow/.local/lib/python3.12/site-packages/airflow/example_dags/example_sla_dag.py took 0.041 seconds
[2024-07-25T04:11:50.954+0000] {processor.py:161} INFO - Started process (PID=963) to work on /home/airflow/.local/lib/python3.12/site-packages/airflow/example_dags/example_sla_dag.py
[2024-07-25T04:11:50.955+0000] {processor.py:830} INFO - Processing file /home/airflow/.local/lib/python3.12/site-packages/airflow/example_dags/example_sla_dag.py for tasks to queue
[2024-07-25T04:11:50.956+0000] {logging_mixin.py:188} INFO - [2024-07-25T04:11:50.956+0000] {dagbag.py:545} INFO - Filling up the DagBag from /home/airflow/.local/lib/python3.12/site-packages/airflow/example_dags/example_sla_dag.py
[2024-07-25T04:11:50.961+0000] {processor.py:840} INFO - DAG(s) 'example_sla_dag' retrieved from /home/airflow/.local/lib/python3.12/site-packages/airflow/example_dags/example_sla_dag.py
[2024-07-25T04:11:50.971+0000] {logging_mixin.py:188} INFO - [2024-07-25T04:11:50.971+0000] {dag.py:3089} INFO - Sync 1 DAGs
[2024-07-25T04:11:50.982+0000] {logging_mixin.py:188} INFO - [2024-07-25T04:11:50.982+0000] {dag.py:3947} INFO - Setting next_dagrun for example_sla_dag to 2024-07-25 04:08:00+00:00, run_after=2024-07-25 04:10:00+00:00
[2024-07-25T04:11:50.990+0000] {processor.py:183} INFO - Processing /home/airflow/.local/lib/python3.12/site-packages/airflow/example_dags/example_sla_dag.py took 0.040 seconds
