[2024-07-25T03:40:24.572+0000] {processor.py:161} INFO - Started process (PID=51) to work on /home/airflow/.local/lib/python3.12/site-packages/airflow/example_dags/example_branch_python_dop_operator_3.py
[2024-07-25T03:40:24.574+0000] {processor.py:830} INFO - Processing file /home/airflow/.local/lib/python3.12/site-packages/airflow/example_dags/example_branch_python_dop_operator_3.py for tasks to queue
[2024-07-25T03:40:24.576+0000] {logging_mixin.py:188} INFO - [2024-07-25T03:40:24.576+0000] {dagbag.py:545} INFO - Filling up the DagBag from /home/airflow/.local/lib/python3.12/site-packages/airflow/example_dags/example_branch_python_dop_operator_3.py
[2024-07-25T03:40:24.589+0000] {processor.py:840} INFO - DAG(s) 'example_branch_dop_operator_v3' retrieved from /home/airflow/.local/lib/python3.12/site-packages/airflow/example_dags/example_branch_python_dop_operator_3.py
[2024-07-25T03:40:24.602+0000] {logging_mixin.py:188} INFO - [2024-07-25T03:40:24.602+0000] {dag.py:3089} INFO - Sync 1 DAGs
[2024-07-25T03:40:24.616+0000] {logging_mixin.py:188} INFO - [2024-07-25T03:40:24.616+0000] {dag.py:3947} INFO - Setting next_dagrun for example_branch_dop_operator_v3 to 2024-07-25 03:39:00+00:00, run_after=2024-07-25 03:40:00+00:00
[2024-07-25T03:40:24.629+0000] {processor.py:183} INFO - Processing /home/airflow/.local/lib/python3.12/site-packages/airflow/example_dags/example_branch_python_dop_operator_3.py took 0.067 seconds
[2024-07-25T03:40:55.476+0000] {processor.py:161} INFO - Started process (PID=109) to work on /home/airflow/.local/lib/python3.12/site-packages/airflow/example_dags/example_branch_python_dop_operator_3.py
[2024-07-25T03:40:55.476+0000] {processor.py:830} INFO - Processing file /home/airflow/.local/lib/python3.12/site-packages/airflow/example_dags/example_branch_python_dop_operator_3.py for tasks to queue
[2024-07-25T03:40:55.478+0000] {logging_mixin.py:188} INFO - [2024-07-25T03:40:55.478+0000] {dagbag.py:545} INFO - Filling up the DagBag from /home/airflow/.local/lib/python3.12/site-packages/airflow/example_dags/example_branch_python_dop_operator_3.py
[2024-07-25T03:40:55.483+0000] {processor.py:840} INFO - DAG(s) 'example_branch_dop_operator_v3' retrieved from /home/airflow/.local/lib/python3.12/site-packages/airflow/example_dags/example_branch_python_dop_operator_3.py
[2024-07-25T03:40:55.537+0000] {logging_mixin.py:188} INFO - [2024-07-25T03:40:55.537+0000] {dag.py:3089} INFO - Sync 1 DAGs
[2024-07-25T03:40:55.547+0000] {logging_mixin.py:188} INFO - [2024-07-25T03:40:55.547+0000] {dag.py:3947} INFO - Setting next_dagrun for example_branch_dop_operator_v3 to 2024-07-25 03:39:00+00:00, run_after=2024-07-25 03:40:00+00:00
[2024-07-25T03:40:55.557+0000] {processor.py:183} INFO - Processing /home/airflow/.local/lib/python3.12/site-packages/airflow/example_dags/example_branch_python_dop_operator_3.py took 0.085 seconds
[2024-07-25T03:41:25.609+0000] {processor.py:161} INFO - Started process (PID=167) to work on /home/airflow/.local/lib/python3.12/site-packages/airflow/example_dags/example_branch_python_dop_operator_3.py
[2024-07-25T03:41:25.610+0000] {processor.py:830} INFO - Processing file /home/airflow/.local/lib/python3.12/site-packages/airflow/example_dags/example_branch_python_dop_operator_3.py for tasks to queue
[2024-07-25T03:41:25.611+0000] {logging_mixin.py:188} INFO - [2024-07-25T03:41:25.611+0000] {dagbag.py:545} INFO - Filling up the DagBag from /home/airflow/.local/lib/python3.12/site-packages/airflow/example_dags/example_branch_python_dop_operator_3.py
[2024-07-25T03:41:25.616+0000] {processor.py:840} INFO - DAG(s) 'example_branch_dop_operator_v3' retrieved from /home/airflow/.local/lib/python3.12/site-packages/airflow/example_dags/example_branch_python_dop_operator_3.py
[2024-07-25T03:41:25.628+0000] {logging_mixin.py:188} INFO - [2024-07-25T03:41:25.628+0000] {dag.py:3089} INFO - Sync 1 DAGs
[2024-07-25T03:41:25.639+0000] {logging_mixin.py:188} INFO - [2024-07-25T03:41:25.639+0000] {dag.py:3947} INFO - Setting next_dagrun for example_branch_dop_operator_v3 to 2024-07-25 03:40:00+00:00, run_after=2024-07-25 03:41:00+00:00
[2024-07-25T03:41:25.647+0000] {processor.py:183} INFO - Processing /home/airflow/.local/lib/python3.12/site-packages/airflow/example_dags/example_branch_python_dop_operator_3.py took 0.042 seconds
[2024-07-25T03:41:55.728+0000] {processor.py:161} INFO - Started process (PID=225) to work on /home/airflow/.local/lib/python3.12/site-packages/airflow/example_dags/example_branch_python_dop_operator_3.py
[2024-07-25T03:41:55.729+0000] {processor.py:830} INFO - Processing file /home/airflow/.local/lib/python3.12/site-packages/airflow/example_dags/example_branch_python_dop_operator_3.py for tasks to queue
[2024-07-25T03:41:55.730+0000] {logging_mixin.py:188} INFO - [2024-07-25T03:41:55.730+0000] {dagbag.py:545} INFO - Filling up the DagBag from /home/airflow/.local/lib/python3.12/site-packages/airflow/example_dags/example_branch_python_dop_operator_3.py
[2024-07-25T03:41:55.735+0000] {processor.py:840} INFO - DAG(s) 'example_branch_dop_operator_v3' retrieved from /home/airflow/.local/lib/python3.12/site-packages/airflow/example_dags/example_branch_python_dop_operator_3.py
[2024-07-25T03:41:55.746+0000] {logging_mixin.py:188} INFO - [2024-07-25T03:41:55.746+0000] {dag.py:3089} INFO - Sync 1 DAGs
[2024-07-25T03:41:55.758+0000] {logging_mixin.py:188} INFO - [2024-07-25T03:41:55.758+0000] {dag.py:3947} INFO - Setting next_dagrun for example_branch_dop_operator_v3 to 2024-07-25 03:40:00+00:00, run_after=2024-07-25 03:41:00+00:00
[2024-07-25T03:41:55.766+0000] {processor.py:183} INFO - Processing /home/airflow/.local/lib/python3.12/site-packages/airflow/example_dags/example_branch_python_dop_operator_3.py took 0.042 seconds
[2024-07-25T03:42:26.770+0000] {processor.py:161} INFO - Started process (PID=283) to work on /home/airflow/.local/lib/python3.12/site-packages/airflow/example_dags/example_branch_python_dop_operator_3.py
[2024-07-25T03:42:26.771+0000] {processor.py:830} INFO - Processing file /home/airflow/.local/lib/python3.12/site-packages/airflow/example_dags/example_branch_python_dop_operator_3.py for tasks to queue
[2024-07-25T03:42:26.772+0000] {logging_mixin.py:188} INFO - [2024-07-25T03:42:26.772+0000] {dagbag.py:545} INFO - Filling up the DagBag from /home/airflow/.local/lib/python3.12/site-packages/airflow/example_dags/example_branch_python_dop_operator_3.py
[2024-07-25T03:42:26.778+0000] {processor.py:840} INFO - DAG(s) 'example_branch_dop_operator_v3' retrieved from /home/airflow/.local/lib/python3.12/site-packages/airflow/example_dags/example_branch_python_dop_operator_3.py
[2024-07-25T03:42:26.790+0000] {logging_mixin.py:188} INFO - [2024-07-25T03:42:26.790+0000] {dag.py:3089} INFO - Sync 1 DAGs
[2024-07-25T03:42:26.803+0000] {logging_mixin.py:188} INFO - [2024-07-25T03:42:26.803+0000] {dag.py:3947} INFO - Setting next_dagrun for example_branch_dop_operator_v3 to 2024-07-25 03:41:00+00:00, run_after=2024-07-25 03:42:00+00:00
[2024-07-25T03:42:26.815+0000] {processor.py:183} INFO - Processing /home/airflow/.local/lib/python3.12/site-packages/airflow/example_dags/example_branch_python_dop_operator_3.py took 0.049 seconds
[2024-07-25T03:42:57.136+0000] {processor.py:161} INFO - Started process (PID=341) to work on /home/airflow/.local/lib/python3.12/site-packages/airflow/example_dags/example_branch_python_dop_operator_3.py
[2024-07-25T03:42:57.137+0000] {processor.py:830} INFO - Processing file /home/airflow/.local/lib/python3.12/site-packages/airflow/example_dags/example_branch_python_dop_operator_3.py for tasks to queue
[2024-07-25T03:42:57.138+0000] {logging_mixin.py:188} INFO - [2024-07-25T03:42:57.138+0000] {dagbag.py:545} INFO - Filling up the DagBag from /home/airflow/.local/lib/python3.12/site-packages/airflow/example_dags/example_branch_python_dop_operator_3.py
[2024-07-25T03:42:57.143+0000] {processor.py:840} INFO - DAG(s) 'example_branch_dop_operator_v3' retrieved from /home/airflow/.local/lib/python3.12/site-packages/airflow/example_dags/example_branch_python_dop_operator_3.py
[2024-07-25T03:42:57.155+0000] {logging_mixin.py:188} INFO - [2024-07-25T03:42:57.155+0000] {dag.py:3089} INFO - Sync 1 DAGs
[2024-07-25T03:42:57.168+0000] {logging_mixin.py:188} INFO - [2024-07-25T03:42:57.168+0000] {dag.py:3947} INFO - Setting next_dagrun for example_branch_dop_operator_v3 to 2024-07-25 03:41:00+00:00, run_after=2024-07-25 03:42:00+00:00
[2024-07-25T03:42:57.177+0000] {processor.py:183} INFO - Processing /home/airflow/.local/lib/python3.12/site-packages/airflow/example_dags/example_branch_python_dop_operator_3.py took 0.044 seconds
[2024-07-25T03:43:27.419+0000] {processor.py:161} INFO - Started process (PID=399) to work on /home/airflow/.local/lib/python3.12/site-packages/airflow/example_dags/example_branch_python_dop_operator_3.py
[2024-07-25T03:43:27.419+0000] {processor.py:830} INFO - Processing file /home/airflow/.local/lib/python3.12/site-packages/airflow/example_dags/example_branch_python_dop_operator_3.py for tasks to queue
[2024-07-25T03:43:27.421+0000] {logging_mixin.py:188} INFO - [2024-07-25T03:43:27.420+0000] {dagbag.py:545} INFO - Filling up the DagBag from /home/airflow/.local/lib/python3.12/site-packages/airflow/example_dags/example_branch_python_dop_operator_3.py
[2024-07-25T03:43:27.425+0000] {processor.py:840} INFO - DAG(s) 'example_branch_dop_operator_v3' retrieved from /home/airflow/.local/lib/python3.12/site-packages/airflow/example_dags/example_branch_python_dop_operator_3.py
[2024-07-25T03:43:27.437+0000] {logging_mixin.py:188} INFO - [2024-07-25T03:43:27.437+0000] {dag.py:3089} INFO - Sync 1 DAGs
[2024-07-25T03:43:27.449+0000] {logging_mixin.py:188} INFO - [2024-07-25T03:43:27.449+0000] {dag.py:3947} INFO - Setting next_dagrun for example_branch_dop_operator_v3 to 2024-07-25 03:42:00+00:00, run_after=2024-07-25 03:43:00+00:00
[2024-07-25T03:43:27.458+0000] {processor.py:183} INFO - Processing /home/airflow/.local/lib/python3.12/site-packages/airflow/example_dags/example_branch_python_dop_operator_3.py took 0.043 seconds
[2024-07-25T03:43:57.723+0000] {processor.py:161} INFO - Started process (PID=457) to work on /home/airflow/.local/lib/python3.12/site-packages/airflow/example_dags/example_branch_python_dop_operator_3.py
[2024-07-25T03:43:57.723+0000] {processor.py:830} INFO - Processing file /home/airflow/.local/lib/python3.12/site-packages/airflow/example_dags/example_branch_python_dop_operator_3.py for tasks to queue
[2024-07-25T03:43:57.725+0000] {logging_mixin.py:188} INFO - [2024-07-25T03:43:57.725+0000] {dagbag.py:545} INFO - Filling up the DagBag from /home/airflow/.local/lib/python3.12/site-packages/airflow/example_dags/example_branch_python_dop_operator_3.py
[2024-07-25T03:43:57.731+0000] {processor.py:840} INFO - DAG(s) 'example_branch_dop_operator_v3' retrieved from /home/airflow/.local/lib/python3.12/site-packages/airflow/example_dags/example_branch_python_dop_operator_3.py
[2024-07-25T03:43:57.746+0000] {logging_mixin.py:188} INFO - [2024-07-25T03:43:57.746+0000] {dag.py:3089} INFO - Sync 1 DAGs
[2024-07-25T03:43:57.759+0000] {logging_mixin.py:188} INFO - [2024-07-25T03:43:57.759+0000] {dag.py:3947} INFO - Setting next_dagrun for example_branch_dop_operator_v3 to 2024-07-25 03:42:00+00:00, run_after=2024-07-25 03:43:00+00:00
[2024-07-25T03:43:57.768+0000] {processor.py:183} INFO - Processing /home/airflow/.local/lib/python3.12/site-packages/airflow/example_dags/example_branch_python_dop_operator_3.py took 0.049 seconds
[2024-07-25T03:44:27.900+0000] {processor.py:161} INFO - Started process (PID=515) to work on /home/airflow/.local/lib/python3.12/site-packages/airflow/example_dags/example_branch_python_dop_operator_3.py
[2024-07-25T03:44:27.901+0000] {processor.py:830} INFO - Processing file /home/airflow/.local/lib/python3.12/site-packages/airflow/example_dags/example_branch_python_dop_operator_3.py for tasks to queue
[2024-07-25T03:44:27.904+0000] {logging_mixin.py:188} INFO - [2024-07-25T03:44:27.903+0000] {dagbag.py:545} INFO - Filling up the DagBag from /home/airflow/.local/lib/python3.12/site-packages/airflow/example_dags/example_branch_python_dop_operator_3.py
[2024-07-25T03:44:27.914+0000] {processor.py:840} INFO - DAG(s) 'example_branch_dop_operator_v3' retrieved from /home/airflow/.local/lib/python3.12/site-packages/airflow/example_dags/example_branch_python_dop_operator_3.py
[2024-07-25T03:44:27.929+0000] {logging_mixin.py:188} INFO - [2024-07-25T03:44:27.929+0000] {dag.py:3089} INFO - Sync 1 DAGs
[2024-07-25T03:44:27.945+0000] {logging_mixin.py:188} INFO - [2024-07-25T03:44:27.945+0000] {dag.py:3947} INFO - Setting next_dagrun for example_branch_dop_operator_v3 to 2024-07-25 03:43:00+00:00, run_after=2024-07-25 03:44:00+00:00
[2024-07-25T03:44:27.959+0000] {processor.py:183} INFO - Processing /home/airflow/.local/lib/python3.12/site-packages/airflow/example_dags/example_branch_python_dop_operator_3.py took 0.063 seconds
[2024-07-25T03:44:58.194+0000] {processor.py:161} INFO - Started process (PID=573) to work on /home/airflow/.local/lib/python3.12/site-packages/airflow/example_dags/example_branch_python_dop_operator_3.py
[2024-07-25T03:44:58.194+0000] {processor.py:830} INFO - Processing file /home/airflow/.local/lib/python3.12/site-packages/airflow/example_dags/example_branch_python_dop_operator_3.py for tasks to queue
[2024-07-25T03:44:58.196+0000] {logging_mixin.py:188} INFO - [2024-07-25T03:44:58.195+0000] {dagbag.py:545} INFO - Filling up the DagBag from /home/airflow/.local/lib/python3.12/site-packages/airflow/example_dags/example_branch_python_dop_operator_3.py
[2024-07-25T03:44:58.201+0000] {processor.py:840} INFO - DAG(s) 'example_branch_dop_operator_v3' retrieved from /home/airflow/.local/lib/python3.12/site-packages/airflow/example_dags/example_branch_python_dop_operator_3.py
[2024-07-25T03:44:58.212+0000] {logging_mixin.py:188} INFO - [2024-07-25T03:44:58.212+0000] {dag.py:3089} INFO - Sync 1 DAGs
[2024-07-25T03:44:58.226+0000] {logging_mixin.py:188} INFO - [2024-07-25T03:44:58.226+0000] {dag.py:3947} INFO - Setting next_dagrun for example_branch_dop_operator_v3 to 2024-07-25 03:43:00+00:00, run_after=2024-07-25 03:44:00+00:00
[2024-07-25T03:44:58.236+0000] {processor.py:183} INFO - Processing /home/airflow/.local/lib/python3.12/site-packages/airflow/example_dags/example_branch_python_dop_operator_3.py took 0.046 seconds
[2024-07-25T03:45:28.499+0000] {processor.py:161} INFO - Started process (PID=631) to work on /home/airflow/.local/lib/python3.12/site-packages/airflow/example_dags/example_branch_python_dop_operator_3.py
[2024-07-25T03:45:28.500+0000] {processor.py:830} INFO - Processing file /home/airflow/.local/lib/python3.12/site-packages/airflow/example_dags/example_branch_python_dop_operator_3.py for tasks to queue
[2024-07-25T03:45:28.501+0000] {logging_mixin.py:188} INFO - [2024-07-25T03:45:28.501+0000] {dagbag.py:545} INFO - Filling up the DagBag from /home/airflow/.local/lib/python3.12/site-packages/airflow/example_dags/example_branch_python_dop_operator_3.py
[2024-07-25T03:45:28.507+0000] {processor.py:840} INFO - DAG(s) 'example_branch_dop_operator_v3' retrieved from /home/airflow/.local/lib/python3.12/site-packages/airflow/example_dags/example_branch_python_dop_operator_3.py
[2024-07-25T03:45:28.519+0000] {logging_mixin.py:188} INFO - [2024-07-25T03:45:28.519+0000] {dag.py:3089} INFO - Sync 1 DAGs
[2024-07-25T03:45:28.533+0000] {logging_mixin.py:188} INFO - [2024-07-25T03:45:28.533+0000] {dag.py:3947} INFO - Setting next_dagrun for example_branch_dop_operator_v3 to 2024-07-25 03:44:00+00:00, run_after=2024-07-25 03:45:00+00:00
[2024-07-25T03:45:28.543+0000] {processor.py:183} INFO - Processing /home/airflow/.local/lib/python3.12/site-packages/airflow/example_dags/example_branch_python_dop_operator_3.py took 0.048 seconds
[2024-07-25T03:45:58.785+0000] {processor.py:161} INFO - Started process (PID=689) to work on /home/airflow/.local/lib/python3.12/site-packages/airflow/example_dags/example_branch_python_dop_operator_3.py
[2024-07-25T03:45:58.786+0000] {processor.py:830} INFO - Processing file /home/airflow/.local/lib/python3.12/site-packages/airflow/example_dags/example_branch_python_dop_operator_3.py for tasks to queue
[2024-07-25T03:45:58.787+0000] {logging_mixin.py:188} INFO - [2024-07-25T03:45:58.787+0000] {dagbag.py:545} INFO - Filling up the DagBag from /home/airflow/.local/lib/python3.12/site-packages/airflow/example_dags/example_branch_python_dop_operator_3.py
[2024-07-25T03:45:58.792+0000] {processor.py:840} INFO - DAG(s) 'example_branch_dop_operator_v3' retrieved from /home/airflow/.local/lib/python3.12/site-packages/airflow/example_dags/example_branch_python_dop_operator_3.py
[2024-07-25T03:45:58.804+0000] {logging_mixin.py:188} INFO - [2024-07-25T03:45:58.804+0000] {dag.py:3089} INFO - Sync 1 DAGs
[2024-07-25T03:45:58.817+0000] {logging_mixin.py:188} INFO - [2024-07-25T03:45:58.817+0000] {dag.py:3947} INFO - Setting next_dagrun for example_branch_dop_operator_v3 to 2024-07-25 03:44:00+00:00, run_after=2024-07-25 03:45:00+00:00
[2024-07-25T03:45:58.826+0000] {processor.py:183} INFO - Processing /home/airflow/.local/lib/python3.12/site-packages/airflow/example_dags/example_branch_python_dop_operator_3.py took 0.045 seconds
[2024-07-25T03:46:28.984+0000] {processor.py:161} INFO - Started process (PID=747) to work on /home/airflow/.local/lib/python3.12/site-packages/airflow/example_dags/example_branch_python_dop_operator_3.py
[2024-07-25T03:46:28.985+0000] {processor.py:830} INFO - Processing file /home/airflow/.local/lib/python3.12/site-packages/airflow/example_dags/example_branch_python_dop_operator_3.py for tasks to queue
[2024-07-25T03:46:28.986+0000] {logging_mixin.py:188} INFO - [2024-07-25T03:46:28.986+0000] {dagbag.py:545} INFO - Filling up the DagBag from /home/airflow/.local/lib/python3.12/site-packages/airflow/example_dags/example_branch_python_dop_operator_3.py
[2024-07-25T03:46:28.992+0000] {processor.py:840} INFO - DAG(s) 'example_branch_dop_operator_v3' retrieved from /home/airflow/.local/lib/python3.12/site-packages/airflow/example_dags/example_branch_python_dop_operator_3.py
[2024-07-25T03:46:29.005+0000] {logging_mixin.py:188} INFO - [2024-07-25T03:46:29.005+0000] {dag.py:3089} INFO - Sync 1 DAGs
[2024-07-25T03:46:29.018+0000] {logging_mixin.py:188} INFO - [2024-07-25T03:46:29.018+0000] {dag.py:3947} INFO - Setting next_dagrun for example_branch_dop_operator_v3 to 2024-07-25 03:45:00+00:00, run_after=2024-07-25 03:46:00+00:00
[2024-07-25T03:46:29.028+0000] {processor.py:183} INFO - Processing /home/airflow/.local/lib/python3.12/site-packages/airflow/example_dags/example_branch_python_dop_operator_3.py took 0.048 seconds
[2024-07-25T03:46:59.359+0000] {processor.py:161} INFO - Started process (PID=805) to work on /home/airflow/.local/lib/python3.12/site-packages/airflow/example_dags/example_branch_python_dop_operator_3.py
[2024-07-25T03:46:59.359+0000] {processor.py:830} INFO - Processing file /home/airflow/.local/lib/python3.12/site-packages/airflow/example_dags/example_branch_python_dop_operator_3.py for tasks to queue
[2024-07-25T03:46:59.361+0000] {logging_mixin.py:188} INFO - [2024-07-25T03:46:59.360+0000] {dagbag.py:545} INFO - Filling up the DagBag from /home/airflow/.local/lib/python3.12/site-packages/airflow/example_dags/example_branch_python_dop_operator_3.py
[2024-07-25T03:46:59.366+0000] {processor.py:840} INFO - DAG(s) 'example_branch_dop_operator_v3' retrieved from /home/airflow/.local/lib/python3.12/site-packages/airflow/example_dags/example_branch_python_dop_operator_3.py
[2024-07-25T03:46:59.380+0000] {logging_mixin.py:188} INFO - [2024-07-25T03:46:59.379+0000] {dag.py:3089} INFO - Sync 1 DAGs
[2024-07-25T03:46:59.397+0000] {logging_mixin.py:188} INFO - [2024-07-25T03:46:59.397+0000] {dag.py:3947} INFO - Setting next_dagrun for example_branch_dop_operator_v3 to 2024-07-25 03:45:00+00:00, run_after=2024-07-25 03:46:00+00:00
[2024-07-25T03:46:59.409+0000] {processor.py:183} INFO - Processing /home/airflow/.local/lib/python3.12/site-packages/airflow/example_dags/example_branch_python_dop_operator_3.py took 0.054 seconds
[2024-07-25T03:47:29.668+0000] {processor.py:161} INFO - Started process (PID=863) to work on /home/airflow/.local/lib/python3.12/site-packages/airflow/example_dags/example_branch_python_dop_operator_3.py
[2024-07-25T03:47:29.669+0000] {processor.py:830} INFO - Processing file /home/airflow/.local/lib/python3.12/site-packages/airflow/example_dags/example_branch_python_dop_operator_3.py for tasks to queue
[2024-07-25T03:47:29.670+0000] {logging_mixin.py:188} INFO - [2024-07-25T03:47:29.670+0000] {dagbag.py:545} INFO - Filling up the DagBag from /home/airflow/.local/lib/python3.12/site-packages/airflow/example_dags/example_branch_python_dop_operator_3.py
[2024-07-25T03:47:29.675+0000] {processor.py:840} INFO - DAG(s) 'example_branch_dop_operator_v3' retrieved from /home/airflow/.local/lib/python3.12/site-packages/airflow/example_dags/example_branch_python_dop_operator_3.py
[2024-07-25T03:47:29.688+0000] {logging_mixin.py:188} INFO - [2024-07-25T03:47:29.688+0000] {dag.py:3089} INFO - Sync 1 DAGs
[2024-07-25T03:47:29.701+0000] {logging_mixin.py:188} INFO - [2024-07-25T03:47:29.700+0000] {dag.py:3947} INFO - Setting next_dagrun for example_branch_dop_operator_v3 to 2024-07-25 03:46:00+00:00, run_after=2024-07-25 03:47:00+00:00
[2024-07-25T03:47:29.710+0000] {processor.py:183} INFO - Processing /home/airflow/.local/lib/python3.12/site-packages/airflow/example_dags/example_branch_python_dop_operator_3.py took 0.046 seconds
[2024-07-25T03:48:00.723+0000] {processor.py:161} INFO - Started process (PID=921) to work on /home/airflow/.local/lib/python3.12/site-packages/airflow/example_dags/example_branch_python_dop_operator_3.py
[2024-07-25T03:48:00.724+0000] {processor.py:830} INFO - Processing file /home/airflow/.local/lib/python3.12/site-packages/airflow/example_dags/example_branch_python_dop_operator_3.py for tasks to queue
[2024-07-25T03:48:00.725+0000] {logging_mixin.py:188} INFO - [2024-07-25T03:48:00.725+0000] {dagbag.py:545} INFO - Filling up the DagBag from /home/airflow/.local/lib/python3.12/site-packages/airflow/example_dags/example_branch_python_dop_operator_3.py
[2024-07-25T03:48:00.732+0000] {processor.py:840} INFO - DAG(s) 'example_branch_dop_operator_v3' retrieved from /home/airflow/.local/lib/python3.12/site-packages/airflow/example_dags/example_branch_python_dop_operator_3.py
[2024-07-25T03:48:00.749+0000] {logging_mixin.py:188} INFO - [2024-07-25T03:48:00.749+0000] {dag.py:3089} INFO - Sync 1 DAGs
[2024-07-25T03:48:00.767+0000] {logging_mixin.py:188} INFO - [2024-07-25T03:48:00.767+0000] {dag.py:3947} INFO - Setting next_dagrun for example_branch_dop_operator_v3 to 2024-07-25 03:47:00+00:00, run_after=2024-07-25 03:48:00+00:00
[2024-07-25T03:48:00.778+0000] {processor.py:183} INFO - Processing /home/airflow/.local/lib/python3.12/site-packages/airflow/example_dags/example_branch_python_dop_operator_3.py took 0.059 seconds
[2024-07-25T03:48:30.841+0000] {processor.py:161} INFO - Started process (PID=978) to work on /home/airflow/.local/lib/python3.12/site-packages/airflow/example_dags/example_branch_python_dop_operator_3.py
[2024-07-25T03:48:30.842+0000] {processor.py:830} INFO - Processing file /home/airflow/.local/lib/python3.12/site-packages/airflow/example_dags/example_branch_python_dop_operator_3.py for tasks to queue
[2024-07-25T03:48:30.843+0000] {logging_mixin.py:188} INFO - [2024-07-25T03:48:30.843+0000] {dagbag.py:545} INFO - Filling up the DagBag from /home/airflow/.local/lib/python3.12/site-packages/airflow/example_dags/example_branch_python_dop_operator_3.py
[2024-07-25T03:48:30.848+0000] {processor.py:840} INFO - DAG(s) 'example_branch_dop_operator_v3' retrieved from /home/airflow/.local/lib/python3.12/site-packages/airflow/example_dags/example_branch_python_dop_operator_3.py
[2024-07-25T03:48:30.860+0000] {logging_mixin.py:188} INFO - [2024-07-25T03:48:30.860+0000] {dag.py:3089} INFO - Sync 1 DAGs
[2024-07-25T03:48:30.872+0000] {logging_mixin.py:188} INFO - [2024-07-25T03:48:30.872+0000] {dag.py:3947} INFO - Setting next_dagrun for example_branch_dop_operator_v3 to 2024-07-25 03:47:00+00:00, run_after=2024-07-25 03:48:00+00:00
[2024-07-25T03:48:30.880+0000] {processor.py:183} INFO - Processing /home/airflow/.local/lib/python3.12/site-packages/airflow/example_dags/example_branch_python_dop_operator_3.py took 0.043 seconds
[2024-07-25T03:49:00.952+0000] {processor.py:161} INFO - Started process (PID=1036) to work on /home/airflow/.local/lib/python3.12/site-packages/airflow/example_dags/example_branch_python_dop_operator_3.py
[2024-07-25T03:49:00.953+0000] {processor.py:830} INFO - Processing file /home/airflow/.local/lib/python3.12/site-packages/airflow/example_dags/example_branch_python_dop_operator_3.py for tasks to queue
[2024-07-25T03:49:00.954+0000] {logging_mixin.py:188} INFO - [2024-07-25T03:49:00.954+0000] {dagbag.py:545} INFO - Filling up the DagBag from /home/airflow/.local/lib/python3.12/site-packages/airflow/example_dags/example_branch_python_dop_operator_3.py
[2024-07-25T03:49:00.960+0000] {processor.py:840} INFO - DAG(s) 'example_branch_dop_operator_v3' retrieved from /home/airflow/.local/lib/python3.12/site-packages/airflow/example_dags/example_branch_python_dop_operator_3.py
[2024-07-25T03:49:00.973+0000] {logging_mixin.py:188} INFO - [2024-07-25T03:49:00.973+0000] {dag.py:3089} INFO - Sync 1 DAGs
[2024-07-25T03:49:00.986+0000] {logging_mixin.py:188} INFO - [2024-07-25T03:49:00.986+0000] {dag.py:3947} INFO - Setting next_dagrun for example_branch_dop_operator_v3 to 2024-07-25 03:48:00+00:00, run_after=2024-07-25 03:49:00+00:00
[2024-07-25T03:49:00.994+0000] {processor.py:183} INFO - Processing /home/airflow/.local/lib/python3.12/site-packages/airflow/example_dags/example_branch_python_dop_operator_3.py took 0.047 seconds
[2024-07-25T03:49:31.408+0000] {processor.py:161} INFO - Started process (PID=1094) to work on /home/airflow/.local/lib/python3.12/site-packages/airflow/example_dags/example_branch_python_dop_operator_3.py
[2024-07-25T03:49:31.409+0000] {processor.py:830} INFO - Processing file /home/airflow/.local/lib/python3.12/site-packages/airflow/example_dags/example_branch_python_dop_operator_3.py for tasks to queue
[2024-07-25T03:49:31.410+0000] {logging_mixin.py:188} INFO - [2024-07-25T03:49:31.410+0000] {dagbag.py:545} INFO - Filling up the DagBag from /home/airflow/.local/lib/python3.12/site-packages/airflow/example_dags/example_branch_python_dop_operator_3.py
[2024-07-25T03:49:31.415+0000] {processor.py:840} INFO - DAG(s) 'example_branch_dop_operator_v3' retrieved from /home/airflow/.local/lib/python3.12/site-packages/airflow/example_dags/example_branch_python_dop_operator_3.py
[2024-07-25T03:49:31.427+0000] {logging_mixin.py:188} INFO - [2024-07-25T03:49:31.427+0000] {dag.py:3089} INFO - Sync 1 DAGs
[2024-07-25T03:49:31.438+0000] {logging_mixin.py:188} INFO - [2024-07-25T03:49:31.438+0000] {dag.py:3947} INFO - Setting next_dagrun for example_branch_dop_operator_v3 to 2024-07-25 03:48:00+00:00, run_after=2024-07-25 03:49:00+00:00
[2024-07-25T03:49:31.446+0000] {processor.py:183} INFO - Processing /home/airflow/.local/lib/python3.12/site-packages/airflow/example_dags/example_branch_python_dop_operator_3.py took 0.041 seconds
[2024-07-25T03:50:01.734+0000] {processor.py:161} INFO - Started process (PID=1152) to work on /home/airflow/.local/lib/python3.12/site-packages/airflow/example_dags/example_branch_python_dop_operator_3.py
[2024-07-25T03:50:01.734+0000] {processor.py:830} INFO - Processing file /home/airflow/.local/lib/python3.12/site-packages/airflow/example_dags/example_branch_python_dop_operator_3.py for tasks to queue
[2024-07-25T03:50:01.736+0000] {logging_mixin.py:188} INFO - [2024-07-25T03:50:01.735+0000] {dagbag.py:545} INFO - Filling up the DagBag from /home/airflow/.local/lib/python3.12/site-packages/airflow/example_dags/example_branch_python_dop_operator_3.py
[2024-07-25T03:50:01.741+0000] {processor.py:840} INFO - DAG(s) 'example_branch_dop_operator_v3' retrieved from /home/airflow/.local/lib/python3.12/site-packages/airflow/example_dags/example_branch_python_dop_operator_3.py
[2024-07-25T03:50:01.752+0000] {logging_mixin.py:188} INFO - [2024-07-25T03:50:01.752+0000] {dag.py:3089} INFO - Sync 1 DAGs
[2024-07-25T03:50:01.764+0000] {logging_mixin.py:188} INFO - [2024-07-25T03:50:01.764+0000] {dag.py:3947} INFO - Setting next_dagrun for example_branch_dop_operator_v3 to 2024-07-25 03:49:00+00:00, run_after=2024-07-25 03:50:00+00:00
[2024-07-25T03:50:01.772+0000] {processor.py:183} INFO - Processing /home/airflow/.local/lib/python3.12/site-packages/airflow/example_dags/example_branch_python_dop_operator_3.py took 0.042 seconds
[2024-07-25T03:50:31.918+0000] {processor.py:161} INFO - Started process (PID=1210) to work on /home/airflow/.local/lib/python3.12/site-packages/airflow/example_dags/example_branch_python_dop_operator_3.py
[2024-07-25T03:50:31.919+0000] {processor.py:830} INFO - Processing file /home/airflow/.local/lib/python3.12/site-packages/airflow/example_dags/example_branch_python_dop_operator_3.py for tasks to queue
[2024-07-25T03:50:31.920+0000] {logging_mixin.py:188} INFO - [2024-07-25T03:50:31.920+0000] {dagbag.py:545} INFO - Filling up the DagBag from /home/airflow/.local/lib/python3.12/site-packages/airflow/example_dags/example_branch_python_dop_operator_3.py
[2024-07-25T03:50:31.925+0000] {processor.py:840} INFO - DAG(s) 'example_branch_dop_operator_v3' retrieved from /home/airflow/.local/lib/python3.12/site-packages/airflow/example_dags/example_branch_python_dop_operator_3.py
[2024-07-25T03:50:31.937+0000] {logging_mixin.py:188} INFO - [2024-07-25T03:50:31.937+0000] {dag.py:3089} INFO - Sync 1 DAGs
[2024-07-25T03:50:31.948+0000] {logging_mixin.py:188} INFO - [2024-07-25T03:50:31.948+0000] {dag.py:3947} INFO - Setting next_dagrun for example_branch_dop_operator_v3 to 2024-07-25 03:49:00+00:00, run_after=2024-07-25 03:50:00+00:00
[2024-07-25T03:50:31.956+0000] {processor.py:183} INFO - Processing /home/airflow/.local/lib/python3.12/site-packages/airflow/example_dags/example_branch_python_dop_operator_3.py took 0.041 seconds
[2024-07-25T03:51:02.234+0000] {processor.py:161} INFO - Started process (PID=1268) to work on /home/airflow/.local/lib/python3.12/site-packages/airflow/example_dags/example_branch_python_dop_operator_3.py
[2024-07-25T03:51:02.235+0000] {processor.py:830} INFO - Processing file /home/airflow/.local/lib/python3.12/site-packages/airflow/example_dags/example_branch_python_dop_operator_3.py for tasks to queue
[2024-07-25T03:51:02.236+0000] {logging_mixin.py:188} INFO - [2024-07-25T03:51:02.236+0000] {dagbag.py:545} INFO - Filling up the DagBag from /home/airflow/.local/lib/python3.12/site-packages/airflow/example_dags/example_branch_python_dop_operator_3.py
[2024-07-25T03:51:02.241+0000] {processor.py:840} INFO - DAG(s) 'example_branch_dop_operator_v3' retrieved from /home/airflow/.local/lib/python3.12/site-packages/airflow/example_dags/example_branch_python_dop_operator_3.py
[2024-07-25T03:51:02.253+0000] {logging_mixin.py:188} INFO - [2024-07-25T03:51:02.253+0000] {dag.py:3089} INFO - Sync 1 DAGs
[2024-07-25T03:51:02.264+0000] {logging_mixin.py:188} INFO - [2024-07-25T03:51:02.264+0000] {dag.py:3947} INFO - Setting next_dagrun for example_branch_dop_operator_v3 to 2024-07-25 03:50:00+00:00, run_after=2024-07-25 03:51:00+00:00
[2024-07-25T03:51:02.272+0000] {processor.py:183} INFO - Processing /home/airflow/.local/lib/python3.12/site-packages/airflow/example_dags/example_branch_python_dop_operator_3.py took 0.042 seconds
[2024-07-25T03:51:32.417+0000] {processor.py:161} INFO - Started process (PID=1326) to work on /home/airflow/.local/lib/python3.12/site-packages/airflow/example_dags/example_branch_python_dop_operator_3.py
[2024-07-25T03:51:32.418+0000] {processor.py:830} INFO - Processing file /home/airflow/.local/lib/python3.12/site-packages/airflow/example_dags/example_branch_python_dop_operator_3.py for tasks to queue
[2024-07-25T03:51:32.420+0000] {logging_mixin.py:188} INFO - [2024-07-25T03:51:32.420+0000] {dagbag.py:545} INFO - Filling up the DagBag from /home/airflow/.local/lib/python3.12/site-packages/airflow/example_dags/example_branch_python_dop_operator_3.py
[2024-07-25T03:51:32.426+0000] {processor.py:840} INFO - DAG(s) 'example_branch_dop_operator_v3' retrieved from /home/airflow/.local/lib/python3.12/site-packages/airflow/example_dags/example_branch_python_dop_operator_3.py
[2024-07-25T03:51:32.441+0000] {logging_mixin.py:188} INFO - [2024-07-25T03:51:32.441+0000] {dag.py:3089} INFO - Sync 1 DAGs
[2024-07-25T03:51:32.454+0000] {logging_mixin.py:188} INFO - [2024-07-25T03:51:32.453+0000] {dag.py:3947} INFO - Setting next_dagrun for example_branch_dop_operator_v3 to 2024-07-25 03:50:00+00:00, run_after=2024-07-25 03:51:00+00:00
[2024-07-25T03:51:32.462+0000] {processor.py:183} INFO - Processing /home/airflow/.local/lib/python3.12/site-packages/airflow/example_dags/example_branch_python_dop_operator_3.py took 0.048 seconds
[2024-07-25T03:52:02.550+0000] {processor.py:161} INFO - Started process (PID=1384) to work on /home/airflow/.local/lib/python3.12/site-packages/airflow/example_dags/example_branch_python_dop_operator_3.py
[2024-07-25T03:52:02.551+0000] {processor.py:830} INFO - Processing file /home/airflow/.local/lib/python3.12/site-packages/airflow/example_dags/example_branch_python_dop_operator_3.py for tasks to queue
[2024-07-25T03:52:02.552+0000] {logging_mixin.py:188} INFO - [2024-07-25T03:52:02.552+0000] {dagbag.py:545} INFO - Filling up the DagBag from /home/airflow/.local/lib/python3.12/site-packages/airflow/example_dags/example_branch_python_dop_operator_3.py
[2024-07-25T03:52:02.557+0000] {processor.py:840} INFO - DAG(s) 'example_branch_dop_operator_v3' retrieved from /home/airflow/.local/lib/python3.12/site-packages/airflow/example_dags/example_branch_python_dop_operator_3.py
[2024-07-25T03:52:02.569+0000] {logging_mixin.py:188} INFO - [2024-07-25T03:52:02.569+0000] {dag.py:3089} INFO - Sync 1 DAGs
[2024-07-25T03:52:02.580+0000] {logging_mixin.py:188} INFO - [2024-07-25T03:52:02.580+0000] {dag.py:3947} INFO - Setting next_dagrun for example_branch_dop_operator_v3 to 2024-07-25 03:51:00+00:00, run_after=2024-07-25 03:52:00+00:00
[2024-07-25T03:52:02.588+0000] {processor.py:183} INFO - Processing /home/airflow/.local/lib/python3.12/site-packages/airflow/example_dags/example_branch_python_dop_operator_3.py took 0.042 seconds
[2024-07-25T03:52:32.723+0000] {processor.py:161} INFO - Started process (PID=1442) to work on /home/airflow/.local/lib/python3.12/site-packages/airflow/example_dags/example_branch_python_dop_operator_3.py
[2024-07-25T03:52:32.724+0000] {processor.py:830} INFO - Processing file /home/airflow/.local/lib/python3.12/site-packages/airflow/example_dags/example_branch_python_dop_operator_3.py for tasks to queue
[2024-07-25T03:52:32.725+0000] {logging_mixin.py:188} INFO - [2024-07-25T03:52:32.725+0000] {dagbag.py:545} INFO - Filling up the DagBag from /home/airflow/.local/lib/python3.12/site-packages/airflow/example_dags/example_branch_python_dop_operator_3.py
[2024-07-25T03:52:32.730+0000] {processor.py:840} INFO - DAG(s) 'example_branch_dop_operator_v3' retrieved from /home/airflow/.local/lib/python3.12/site-packages/airflow/example_dags/example_branch_python_dop_operator_3.py
[2024-07-25T03:52:32.743+0000] {logging_mixin.py:188} INFO - [2024-07-25T03:52:32.742+0000] {dag.py:3089} INFO - Sync 1 DAGs
[2024-07-25T03:52:32.754+0000] {logging_mixin.py:188} INFO - [2024-07-25T03:52:32.754+0000] {dag.py:3947} INFO - Setting next_dagrun for example_branch_dop_operator_v3 to 2024-07-25 03:51:00+00:00, run_after=2024-07-25 03:52:00+00:00
[2024-07-25T03:52:32.762+0000] {processor.py:183} INFO - Processing /home/airflow/.local/lib/python3.12/site-packages/airflow/example_dags/example_branch_python_dop_operator_3.py took 0.043 seconds
[2024-07-25T04:03:46.617+0000] {processor.py:161} INFO - Started process (PID=51) to work on /home/airflow/.local/lib/python3.12/site-packages/airflow/example_dags/example_branch_python_dop_operator_3.py
[2024-07-25T04:03:46.619+0000] {processor.py:830} INFO - Processing file /home/airflow/.local/lib/python3.12/site-packages/airflow/example_dags/example_branch_python_dop_operator_3.py for tasks to queue
[2024-07-25T04:03:46.621+0000] {logging_mixin.py:188} INFO - [2024-07-25T04:03:46.621+0000] {dagbag.py:545} INFO - Filling up the DagBag from /home/airflow/.local/lib/python3.12/site-packages/airflow/example_dags/example_branch_python_dop_operator_3.py
[2024-07-25T04:03:46.629+0000] {processor.py:840} INFO - DAG(s) 'example_branch_dop_operator_v3' retrieved from /home/airflow/.local/lib/python3.12/site-packages/airflow/example_dags/example_branch_python_dop_operator_3.py
[2024-07-25T04:03:46.651+0000] {logging_mixin.py:188} INFO - [2024-07-25T04:03:46.651+0000] {dag.py:3089} INFO - Sync 1 DAGs
[2024-07-25T04:03:46.670+0000] {logging_mixin.py:188} INFO - [2024-07-25T04:03:46.670+0000] {dag.py:3947} INFO - Setting next_dagrun for example_branch_dop_operator_v3 to 2024-07-25 04:02:00+00:00, run_after=2024-07-25 04:03:00+00:00
[2024-07-25T04:03:46.683+0000] {processor.py:183} INFO - Processing /home/airflow/.local/lib/python3.12/site-packages/airflow/example_dags/example_branch_python_dop_operator_3.py took 0.071 seconds
[2024-07-25T04:04:17.702+0000] {processor.py:161} INFO - Started process (PID=109) to work on /home/airflow/.local/lib/python3.12/site-packages/airflow/example_dags/example_branch_python_dop_operator_3.py
[2024-07-25T04:04:17.702+0000] {processor.py:830} INFO - Processing file /home/airflow/.local/lib/python3.12/site-packages/airflow/example_dags/example_branch_python_dop_operator_3.py for tasks to queue
[2024-07-25T04:04:17.704+0000] {logging_mixin.py:188} INFO - [2024-07-25T04:04:17.703+0000] {dagbag.py:545} INFO - Filling up the DagBag from /home/airflow/.local/lib/python3.12/site-packages/airflow/example_dags/example_branch_python_dop_operator_3.py
[2024-07-25T04:04:17.708+0000] {processor.py:840} INFO - DAG(s) 'example_branch_dop_operator_v3' retrieved from /home/airflow/.local/lib/python3.12/site-packages/airflow/example_dags/example_branch_python_dop_operator_3.py
[2024-07-25T04:04:17.758+0000] {logging_mixin.py:188} INFO - [2024-07-25T04:04:17.758+0000] {dag.py:3089} INFO - Sync 1 DAGs
[2024-07-25T04:04:17.770+0000] {logging_mixin.py:188} INFO - [2024-07-25T04:04:17.770+0000] {dag.py:3947} INFO - Setting next_dagrun for example_branch_dop_operator_v3 to 2024-07-25 04:03:00+00:00, run_after=2024-07-25 04:04:00+00:00
[2024-07-25T04:04:17.779+0000] {processor.py:183} INFO - Processing /home/airflow/.local/lib/python3.12/site-packages/airflow/example_dags/example_branch_python_dop_operator_3.py took 0.081 seconds
[2024-07-25T04:04:48.011+0000] {processor.py:161} INFO - Started process (PID=167) to work on /home/airflow/.local/lib/python3.12/site-packages/airflow/example_dags/example_branch_python_dop_operator_3.py
[2024-07-25T04:04:48.012+0000] {processor.py:830} INFO - Processing file /home/airflow/.local/lib/python3.12/site-packages/airflow/example_dags/example_branch_python_dop_operator_3.py for tasks to queue
[2024-07-25T04:04:48.013+0000] {logging_mixin.py:188} INFO - [2024-07-25T04:04:48.013+0000] {dagbag.py:545} INFO - Filling up the DagBag from /home/airflow/.local/lib/python3.12/site-packages/airflow/example_dags/example_branch_python_dop_operator_3.py
[2024-07-25T04:04:48.018+0000] {processor.py:840} INFO - DAG(s) 'example_branch_dop_operator_v3' retrieved from /home/airflow/.local/lib/python3.12/site-packages/airflow/example_dags/example_branch_python_dop_operator_3.py
[2024-07-25T04:04:48.039+0000] {logging_mixin.py:188} INFO - [2024-07-25T04:04:48.038+0000] {dag.py:3089} INFO - Sync 1 DAGs
[2024-07-25T04:04:48.052+0000] {logging_mixin.py:188} INFO - [2024-07-25T04:04:48.052+0000] {dag.py:3947} INFO - Setting next_dagrun for example_branch_dop_operator_v3 to 2024-07-25 04:03:00+00:00, run_after=2024-07-25 04:04:00+00:00
[2024-07-25T04:04:48.060+0000] {processor.py:183} INFO - Processing /home/airflow/.local/lib/python3.12/site-packages/airflow/example_dags/example_branch_python_dop_operator_3.py took 0.052 seconds
[2024-07-25T04:05:18.179+0000] {processor.py:161} INFO - Started process (PID=225) to work on /home/airflow/.local/lib/python3.12/site-packages/airflow/example_dags/example_branch_python_dop_operator_3.py
[2024-07-25T04:05:18.180+0000] {processor.py:830} INFO - Processing file /home/airflow/.local/lib/python3.12/site-packages/airflow/example_dags/example_branch_python_dop_operator_3.py for tasks to queue
[2024-07-25T04:05:18.181+0000] {logging_mixin.py:188} INFO - [2024-07-25T04:05:18.181+0000] {dagbag.py:545} INFO - Filling up the DagBag from /home/airflow/.local/lib/python3.12/site-packages/airflow/example_dags/example_branch_python_dop_operator_3.py
[2024-07-25T04:05:18.186+0000] {processor.py:840} INFO - DAG(s) 'example_branch_dop_operator_v3' retrieved from /home/airflow/.local/lib/python3.12/site-packages/airflow/example_dags/example_branch_python_dop_operator_3.py
[2024-07-25T04:05:18.198+0000] {logging_mixin.py:188} INFO - [2024-07-25T04:05:18.198+0000] {dag.py:3089} INFO - Sync 1 DAGs
[2024-07-25T04:05:18.209+0000] {logging_mixin.py:188} INFO - [2024-07-25T04:05:18.209+0000] {dag.py:3947} INFO - Setting next_dagrun for example_branch_dop_operator_v3 to 2024-07-25 04:04:00+00:00, run_after=2024-07-25 04:05:00+00:00
[2024-07-25T04:05:18.218+0000] {processor.py:183} INFO - Processing /home/airflow/.local/lib/python3.12/site-packages/airflow/example_dags/example_branch_python_dop_operator_3.py took 0.043 seconds
[2024-07-25T04:05:48.388+0000] {processor.py:161} INFO - Started process (PID=283) to work on /home/airflow/.local/lib/python3.12/site-packages/airflow/example_dags/example_branch_python_dop_operator_3.py
[2024-07-25T04:05:48.388+0000] {processor.py:830} INFO - Processing file /home/airflow/.local/lib/python3.12/site-packages/airflow/example_dags/example_branch_python_dop_operator_3.py for tasks to queue
[2024-07-25T04:05:48.390+0000] {logging_mixin.py:188} INFO - [2024-07-25T04:05:48.390+0000] {dagbag.py:545} INFO - Filling up the DagBag from /home/airflow/.local/lib/python3.12/site-packages/airflow/example_dags/example_branch_python_dop_operator_3.py
[2024-07-25T04:05:48.394+0000] {processor.py:840} INFO - DAG(s) 'example_branch_dop_operator_v3' retrieved from /home/airflow/.local/lib/python3.12/site-packages/airflow/example_dags/example_branch_python_dop_operator_3.py
[2024-07-25T04:05:48.406+0000] {logging_mixin.py:188} INFO - [2024-07-25T04:05:48.406+0000] {dag.py:3089} INFO - Sync 1 DAGs
[2024-07-25T04:05:48.417+0000] {logging_mixin.py:188} INFO - [2024-07-25T04:05:48.417+0000] {dag.py:3947} INFO - Setting next_dagrun for example_branch_dop_operator_v3 to 2024-07-25 04:04:00+00:00, run_after=2024-07-25 04:05:00+00:00
[2024-07-25T04:05:48.426+0000] {processor.py:183} INFO - Processing /home/airflow/.local/lib/python3.12/site-packages/airflow/example_dags/example_branch_python_dop_operator_3.py took 0.042 seconds
[2024-07-25T04:06:19.442+0000] {processor.py:161} INFO - Started process (PID=341) to work on /home/airflow/.local/lib/python3.12/site-packages/airflow/example_dags/example_branch_python_dop_operator_3.py
[2024-07-25T04:06:19.443+0000] {processor.py:830} INFO - Processing file /home/airflow/.local/lib/python3.12/site-packages/airflow/example_dags/example_branch_python_dop_operator_3.py for tasks to queue
[2024-07-25T04:06:19.444+0000] {logging_mixin.py:188} INFO - [2024-07-25T04:06:19.444+0000] {dagbag.py:545} INFO - Filling up the DagBag from /home/airflow/.local/lib/python3.12/site-packages/airflow/example_dags/example_branch_python_dop_operator_3.py
[2024-07-25T04:06:19.449+0000] {processor.py:840} INFO - DAG(s) 'example_branch_dop_operator_v3' retrieved from /home/airflow/.local/lib/python3.12/site-packages/airflow/example_dags/example_branch_python_dop_operator_3.py
[2024-07-25T04:06:19.461+0000] {logging_mixin.py:188} INFO - [2024-07-25T04:06:19.461+0000] {dag.py:3089} INFO - Sync 1 DAGs
[2024-07-25T04:06:19.474+0000] {logging_mixin.py:188} INFO - [2024-07-25T04:06:19.474+0000] {dag.py:3947} INFO - Setting next_dagrun for example_branch_dop_operator_v3 to 2024-07-25 04:05:00+00:00, run_after=2024-07-25 04:06:00+00:00
[2024-07-25T04:06:19.483+0000] {processor.py:183} INFO - Processing /home/airflow/.local/lib/python3.12/site-packages/airflow/example_dags/example_branch_python_dop_operator_3.py took 0.044 seconds
[2024-07-25T04:06:49.932+0000] {processor.py:161} INFO - Started process (PID=399) to work on /home/airflow/.local/lib/python3.12/site-packages/airflow/example_dags/example_branch_python_dop_operator_3.py
[2024-07-25T04:06:49.933+0000] {processor.py:830} INFO - Processing file /home/airflow/.local/lib/python3.12/site-packages/airflow/example_dags/example_branch_python_dop_operator_3.py for tasks to queue
[2024-07-25T04:06:49.934+0000] {logging_mixin.py:188} INFO - [2024-07-25T04:06:49.934+0000] {dagbag.py:545} INFO - Filling up the DagBag from /home/airflow/.local/lib/python3.12/site-packages/airflow/example_dags/example_branch_python_dop_operator_3.py
[2024-07-25T04:06:49.939+0000] {processor.py:840} INFO - DAG(s) 'example_branch_dop_operator_v3' retrieved from /home/airflow/.local/lib/python3.12/site-packages/airflow/example_dags/example_branch_python_dop_operator_3.py
[2024-07-25T04:06:49.951+0000] {logging_mixin.py:188} INFO - [2024-07-25T04:06:49.951+0000] {dag.py:3089} INFO - Sync 1 DAGs
[2024-07-25T04:06:49.963+0000] {logging_mixin.py:188} INFO - [2024-07-25T04:06:49.963+0000] {dag.py:3947} INFO - Setting next_dagrun for example_branch_dop_operator_v3 to 2024-07-25 04:05:00+00:00, run_after=2024-07-25 04:06:00+00:00
[2024-07-25T04:06:49.972+0000] {processor.py:183} INFO - Processing /home/airflow/.local/lib/python3.12/site-packages/airflow/example_dags/example_branch_python_dop_operator_3.py took 0.044 seconds
[2024-07-25T04:07:20.274+0000] {processor.py:161} INFO - Started process (PID=457) to work on /home/airflow/.local/lib/python3.12/site-packages/airflow/example_dags/example_branch_python_dop_operator_3.py
[2024-07-25T04:07:20.275+0000] {processor.py:830} INFO - Processing file /home/airflow/.local/lib/python3.12/site-packages/airflow/example_dags/example_branch_python_dop_operator_3.py for tasks to queue
[2024-07-25T04:07:20.277+0000] {logging_mixin.py:188} INFO - [2024-07-25T04:07:20.276+0000] {dagbag.py:545} INFO - Filling up the DagBag from /home/airflow/.local/lib/python3.12/site-packages/airflow/example_dags/example_branch_python_dop_operator_3.py
[2024-07-25T04:07:20.281+0000] {processor.py:840} INFO - DAG(s) 'example_branch_dop_operator_v3' retrieved from /home/airflow/.local/lib/python3.12/site-packages/airflow/example_dags/example_branch_python_dop_operator_3.py
[2024-07-25T04:07:20.293+0000] {logging_mixin.py:188} INFO - [2024-07-25T04:07:20.293+0000] {dag.py:3089} INFO - Sync 1 DAGs
[2024-07-25T04:07:20.304+0000] {logging_mixin.py:188} INFO - [2024-07-25T04:07:20.304+0000] {dag.py:3947} INFO - Setting next_dagrun for example_branch_dop_operator_v3 to 2024-07-25 04:06:00+00:00, run_after=2024-07-25 04:07:00+00:00
[2024-07-25T04:07:20.313+0000] {processor.py:183} INFO - Processing /home/airflow/.local/lib/python3.12/site-packages/airflow/example_dags/example_branch_python_dop_operator_3.py took 0.042 seconds
[2024-07-25T04:07:50.477+0000] {processor.py:161} INFO - Started process (PID=515) to work on /home/airflow/.local/lib/python3.12/site-packages/airflow/example_dags/example_branch_python_dop_operator_3.py
[2024-07-25T04:07:50.478+0000] {processor.py:830} INFO - Processing file /home/airflow/.local/lib/python3.12/site-packages/airflow/example_dags/example_branch_python_dop_operator_3.py for tasks to queue
[2024-07-25T04:07:50.480+0000] {logging_mixin.py:188} INFO - [2024-07-25T04:07:50.479+0000] {dagbag.py:545} INFO - Filling up the DagBag from /home/airflow/.local/lib/python3.12/site-packages/airflow/example_dags/example_branch_python_dop_operator_3.py
[2024-07-25T04:07:50.485+0000] {processor.py:840} INFO - DAG(s) 'example_branch_dop_operator_v3' retrieved from /home/airflow/.local/lib/python3.12/site-packages/airflow/example_dags/example_branch_python_dop_operator_3.py
[2024-07-25T04:07:50.497+0000] {logging_mixin.py:188} INFO - [2024-07-25T04:07:50.497+0000] {dag.py:3089} INFO - Sync 1 DAGs
[2024-07-25T04:07:50.509+0000] {logging_mixin.py:188} INFO - [2024-07-25T04:07:50.509+0000] {dag.py:3947} INFO - Setting next_dagrun for example_branch_dop_operator_v3 to 2024-07-25 04:06:00+00:00, run_after=2024-07-25 04:07:00+00:00
[2024-07-25T04:07:50.519+0000] {processor.py:183} INFO - Processing /home/airflow/.local/lib/python3.12/site-packages/airflow/example_dags/example_branch_python_dop_operator_3.py took 0.049 seconds
[2024-07-25T04:08:20.601+0000] {processor.py:161} INFO - Started process (PID=573) to work on /home/airflow/.local/lib/python3.12/site-packages/airflow/example_dags/example_branch_python_dop_operator_3.py
[2024-07-25T04:08:20.602+0000] {processor.py:830} INFO - Processing file /home/airflow/.local/lib/python3.12/site-packages/airflow/example_dags/example_branch_python_dop_operator_3.py for tasks to queue
[2024-07-25T04:08:20.603+0000] {logging_mixin.py:188} INFO - [2024-07-25T04:08:20.603+0000] {dagbag.py:545} INFO - Filling up the DagBag from /home/airflow/.local/lib/python3.12/site-packages/airflow/example_dags/example_branch_python_dop_operator_3.py
[2024-07-25T04:08:20.609+0000] {processor.py:840} INFO - DAG(s) 'example_branch_dop_operator_v3' retrieved from /home/airflow/.local/lib/python3.12/site-packages/airflow/example_dags/example_branch_python_dop_operator_3.py
[2024-07-25T04:08:20.622+0000] {logging_mixin.py:188} INFO - [2024-07-25T04:08:20.622+0000] {dag.py:3089} INFO - Sync 1 DAGs
[2024-07-25T04:08:20.636+0000] {logging_mixin.py:188} INFO - [2024-07-25T04:08:20.635+0000] {dag.py:3947} INFO - Setting next_dagrun for example_branch_dop_operator_v3 to 2024-07-25 04:07:00+00:00, run_after=2024-07-25 04:08:00+00:00
[2024-07-25T04:08:20.645+0000] {processor.py:183} INFO - Processing /home/airflow/.local/lib/python3.12/site-packages/airflow/example_dags/example_branch_python_dop_operator_3.py took 0.048 seconds
[2024-07-25T04:08:51.658+0000] {processor.py:161} INFO - Started process (PID=631) to work on /home/airflow/.local/lib/python3.12/site-packages/airflow/example_dags/example_branch_python_dop_operator_3.py
[2024-07-25T04:08:51.661+0000] {processor.py:830} INFO - Processing file /home/airflow/.local/lib/python3.12/site-packages/airflow/example_dags/example_branch_python_dop_operator_3.py for tasks to queue
[2024-07-25T04:08:51.663+0000] {logging_mixin.py:188} INFO - [2024-07-25T04:08:51.663+0000] {dagbag.py:545} INFO - Filling up the DagBag from /home/airflow/.local/lib/python3.12/site-packages/airflow/example_dags/example_branch_python_dop_operator_3.py
[2024-07-25T04:08:51.670+0000] {processor.py:840} INFO - DAG(s) 'example_branch_dop_operator_v3' retrieved from /home/airflow/.local/lib/python3.12/site-packages/airflow/example_dags/example_branch_python_dop_operator_3.py
[2024-07-25T04:08:51.683+0000] {logging_mixin.py:188} INFO - [2024-07-25T04:08:51.683+0000] {dag.py:3089} INFO - Sync 1 DAGs
[2024-07-25T04:08:51.709+0000] {logging_mixin.py:188} INFO - [2024-07-25T04:08:51.709+0000] {dag.py:3947} INFO - Setting next_dagrun for example_branch_dop_operator_v3 to 2024-07-25 04:07:00+00:00, run_after=2024-07-25 04:08:00+00:00
[2024-07-25T04:08:51.745+0000] {processor.py:183} INFO - Processing /home/airflow/.local/lib/python3.12/site-packages/airflow/example_dags/example_branch_python_dop_operator_3.py took 0.094 seconds
[2024-07-25T04:09:22.130+0000] {processor.py:161} INFO - Started process (PID=690) to work on /home/airflow/.local/lib/python3.12/site-packages/airflow/example_dags/example_branch_python_dop_operator_3.py
[2024-07-25T04:09:22.131+0000] {processor.py:830} INFO - Processing file /home/airflow/.local/lib/python3.12/site-packages/airflow/example_dags/example_branch_python_dop_operator_3.py for tasks to queue
[2024-07-25T04:09:22.132+0000] {logging_mixin.py:188} INFO - [2024-07-25T04:09:22.132+0000] {dagbag.py:545} INFO - Filling up the DagBag from /home/airflow/.local/lib/python3.12/site-packages/airflow/example_dags/example_branch_python_dop_operator_3.py
[2024-07-25T04:09:22.138+0000] {processor.py:840} INFO - DAG(s) 'example_branch_dop_operator_v3' retrieved from /home/airflow/.local/lib/python3.12/site-packages/airflow/example_dags/example_branch_python_dop_operator_3.py
[2024-07-25T04:09:22.153+0000] {logging_mixin.py:188} INFO - [2024-07-25T04:09:22.152+0000] {dag.py:3089} INFO - Sync 1 DAGs
[2024-07-25T04:09:22.168+0000] {logging_mixin.py:188} INFO - [2024-07-25T04:09:22.168+0000] {dag.py:3947} INFO - Setting next_dagrun for example_branch_dop_operator_v3 to 2024-07-25 04:08:00+00:00, run_after=2024-07-25 04:09:00+00:00
[2024-07-25T04:09:22.180+0000] {processor.py:183} INFO - Processing /home/airflow/.local/lib/python3.12/site-packages/airflow/example_dags/example_branch_python_dop_operator_3.py took 0.053 seconds
[2024-07-25T04:09:52.393+0000] {processor.py:161} INFO - Started process (PID=748) to work on /home/airflow/.local/lib/python3.12/site-packages/airflow/example_dags/example_branch_python_dop_operator_3.py
[2024-07-25T04:09:52.394+0000] {processor.py:830} INFO - Processing file /home/airflow/.local/lib/python3.12/site-packages/airflow/example_dags/example_branch_python_dop_operator_3.py for tasks to queue
[2024-07-25T04:09:52.395+0000] {logging_mixin.py:188} INFO - [2024-07-25T04:09:52.395+0000] {dagbag.py:545} INFO - Filling up the DagBag from /home/airflow/.local/lib/python3.12/site-packages/airflow/example_dags/example_branch_python_dop_operator_3.py
[2024-07-25T04:09:52.401+0000] {processor.py:840} INFO - DAG(s) 'example_branch_dop_operator_v3' retrieved from /home/airflow/.local/lib/python3.12/site-packages/airflow/example_dags/example_branch_python_dop_operator_3.py
[2024-07-25T04:09:52.412+0000] {logging_mixin.py:188} INFO - [2024-07-25T04:09:52.412+0000] {dag.py:3089} INFO - Sync 1 DAGs
[2024-07-25T04:09:52.426+0000] {logging_mixin.py:188} INFO - [2024-07-25T04:09:52.426+0000] {dag.py:3947} INFO - Setting next_dagrun for example_branch_dop_operator_v3 to 2024-07-25 04:08:00+00:00, run_after=2024-07-25 04:09:00+00:00
[2024-07-25T04:09:52.436+0000] {processor.py:183} INFO - Processing /home/airflow/.local/lib/python3.12/site-packages/airflow/example_dags/example_branch_python_dop_operator_3.py took 0.047 seconds
[2024-07-25T04:10:23.058+0000] {processor.py:161} INFO - Started process (PID=806) to work on /home/airflow/.local/lib/python3.12/site-packages/airflow/example_dags/example_branch_python_dop_operator_3.py
[2024-07-25T04:10:23.059+0000] {processor.py:830} INFO - Processing file /home/airflow/.local/lib/python3.12/site-packages/airflow/example_dags/example_branch_python_dop_operator_3.py for tasks to queue
[2024-07-25T04:10:23.061+0000] {logging_mixin.py:188} INFO - [2024-07-25T04:10:23.061+0000] {dagbag.py:545} INFO - Filling up the DagBag from /home/airflow/.local/lib/python3.12/site-packages/airflow/example_dags/example_branch_python_dop_operator_3.py
[2024-07-25T04:10:23.067+0000] {processor.py:840} INFO - DAG(s) 'example_branch_dop_operator_v3' retrieved from /home/airflow/.local/lib/python3.12/site-packages/airflow/example_dags/example_branch_python_dop_operator_3.py
[2024-07-25T04:10:23.080+0000] {logging_mixin.py:188} INFO - [2024-07-25T04:10:23.080+0000] {dag.py:3089} INFO - Sync 1 DAGs
[2024-07-25T04:10:23.092+0000] {logging_mixin.py:188} INFO - [2024-07-25T04:10:23.092+0000] {dag.py:3947} INFO - Setting next_dagrun for example_branch_dop_operator_v3 to 2024-07-25 04:09:00+00:00, run_after=2024-07-25 04:10:00+00:00
[2024-07-25T04:10:23.103+0000] {processor.py:183} INFO - Processing /home/airflow/.local/lib/python3.12/site-packages/airflow/example_dags/example_branch_python_dop_operator_3.py took 0.049 seconds
[2024-07-25T04:10:53.196+0000] {processor.py:161} INFO - Started process (PID=863) to work on /home/airflow/.local/lib/python3.12/site-packages/airflow/example_dags/example_branch_python_dop_operator_3.py
[2024-07-25T04:10:53.198+0000] {processor.py:830} INFO - Processing file /home/airflow/.local/lib/python3.12/site-packages/airflow/example_dags/example_branch_python_dop_operator_3.py for tasks to queue
[2024-07-25T04:10:53.201+0000] {logging_mixin.py:188} INFO - [2024-07-25T04:10:53.200+0000] {dagbag.py:545} INFO - Filling up the DagBag from /home/airflow/.local/lib/python3.12/site-packages/airflow/example_dags/example_branch_python_dop_operator_3.py
[2024-07-25T04:10:53.211+0000] {processor.py:840} INFO - DAG(s) 'example_branch_dop_operator_v3' retrieved from /home/airflow/.local/lib/python3.12/site-packages/airflow/example_dags/example_branch_python_dop_operator_3.py
[2024-07-25T04:10:53.228+0000] {logging_mixin.py:188} INFO - [2024-07-25T04:10:53.228+0000] {dag.py:3089} INFO - Sync 1 DAGs
[2024-07-25T04:10:53.243+0000] {logging_mixin.py:188} INFO - [2024-07-25T04:10:53.242+0000] {dag.py:3947} INFO - Setting next_dagrun for example_branch_dop_operator_v3 to 2024-07-25 04:09:00+00:00, run_after=2024-07-25 04:10:00+00:00
[2024-07-25T04:10:53.252+0000] {processor.py:183} INFO - Processing /home/airflow/.local/lib/python3.12/site-packages/airflow/example_dags/example_branch_python_dop_operator_3.py took 0.064 seconds
[2024-07-25T04:11:23.392+0000] {processor.py:161} INFO - Started process (PID=921) to work on /home/airflow/.local/lib/python3.12/site-packages/airflow/example_dags/example_branch_python_dop_operator_3.py
[2024-07-25T04:11:23.393+0000] {processor.py:830} INFO - Processing file /home/airflow/.local/lib/python3.12/site-packages/airflow/example_dags/example_branch_python_dop_operator_3.py for tasks to queue
[2024-07-25T04:11:23.395+0000] {logging_mixin.py:188} INFO - [2024-07-25T04:11:23.395+0000] {dagbag.py:545} INFO - Filling up the DagBag from /home/airflow/.local/lib/python3.12/site-packages/airflow/example_dags/example_branch_python_dop_operator_3.py
[2024-07-25T04:11:23.403+0000] {processor.py:840} INFO - DAG(s) 'example_branch_dop_operator_v3' retrieved from /home/airflow/.local/lib/python3.12/site-packages/airflow/example_dags/example_branch_python_dop_operator_3.py
[2024-07-25T04:11:23.419+0000] {logging_mixin.py:188} INFO - [2024-07-25T04:11:23.419+0000] {dag.py:3089} INFO - Sync 1 DAGs
[2024-07-25T04:11:23.432+0000] {logging_mixin.py:188} INFO - [2024-07-25T04:11:23.432+0000] {dag.py:3947} INFO - Setting next_dagrun for example_branch_dop_operator_v3 to 2024-07-25 04:10:00+00:00, run_after=2024-07-25 04:11:00+00:00
[2024-07-25T04:11:23.443+0000] {processor.py:183} INFO - Processing /home/airflow/.local/lib/python3.12/site-packages/airflow/example_dags/example_branch_python_dop_operator_3.py took 0.058 seconds
