[2024-07-25T03:40:25.002+0000] {processor.py:161} INFO - Started process (PID=63) to work on /home/airflow/.local/lib/python3.12/site-packages/airflow/example_dags/example_sensors.py
[2024-07-25T03:40:25.003+0000] {processor.py:830} INFO - Processing file /home/airflow/.local/lib/python3.12/site-packages/airflow/example_dags/example_sensors.py for tasks to queue
[2024-07-25T03:40:25.006+0000] {logging_mixin.py:188} INFO - [2024-07-25T03:40:25.006+0000] {dagbag.py:545} INFO - Filling up the DagBag from /home/airflow/.local/lib/python3.12/site-packages/airflow/example_dags/example_sensors.py
[2024-07-25T03:40:25.015+0000] {processor.py:840} INFO - DAG(s) 'example_sensors' retrieved from /home/airflow/.local/lib/python3.12/site-packages/airflow/example_dags/example_sensors.py
[2024-07-25T03:40:25.026+0000] {logging_mixin.py:188} INFO - [2024-07-25T03:40:25.026+0000] {dag.py:3089} INFO - Sync 1 DAGs
[2024-07-25T03:40:25.035+0000] {logging_mixin.py:188} INFO - [2024-07-25T03:40:25.035+0000] {dag.py:3947} INFO - Setting next_dagrun for example_sensors to None, run_after=None
[2024-07-25T03:40:25.047+0000] {processor.py:183} INFO - Processing /home/airflow/.local/lib/python3.12/site-packages/airflow/example_dags/example_sensors.py took 0.053 seconds
[2024-07-25T03:40:56.101+0000] {processor.py:161} INFO - Started process (PID=121) to work on /home/airflow/.local/lib/python3.12/site-packages/airflow/example_dags/example_sensors.py
[2024-07-25T03:40:56.102+0000] {processor.py:830} INFO - Processing file /home/airflow/.local/lib/python3.12/site-packages/airflow/example_dags/example_sensors.py for tasks to queue
[2024-07-25T03:40:56.108+0000] {logging_mixin.py:188} INFO - [2024-07-25T03:40:56.108+0000] {dagbag.py:545} INFO - Filling up the DagBag from /home/airflow/.local/lib/python3.12/site-packages/airflow/example_dags/example_sensors.py
[2024-07-25T03:40:56.114+0000] {processor.py:840} INFO - DAG(s) 'example_sensors' retrieved from /home/airflow/.local/lib/python3.12/site-packages/airflow/example_dags/example_sensors.py
[2024-07-25T03:40:56.191+0000] {logging_mixin.py:188} INFO - [2024-07-25T03:40:56.191+0000] {dag.py:3089} INFO - Sync 1 DAGs
[2024-07-25T03:40:56.199+0000] {logging_mixin.py:188} INFO - [2024-07-25T03:40:56.199+0000] {dag.py:3947} INFO - Setting next_dagrun for example_sensors to None, run_after=None
[2024-07-25T03:40:56.209+0000] {processor.py:183} INFO - Processing /home/airflow/.local/lib/python3.12/site-packages/airflow/example_dags/example_sensors.py took 0.112 seconds
[2024-07-25T03:41:27.139+0000] {processor.py:161} INFO - Started process (PID=179) to work on /home/airflow/.local/lib/python3.12/site-packages/airflow/example_dags/example_sensors.py
[2024-07-25T03:41:27.140+0000] {processor.py:830} INFO - Processing file /home/airflow/.local/lib/python3.12/site-packages/airflow/example_dags/example_sensors.py for tasks to queue
[2024-07-25T03:41:27.141+0000] {logging_mixin.py:188} INFO - [2024-07-25T03:41:27.141+0000] {dagbag.py:545} INFO - Filling up the DagBag from /home/airflow/.local/lib/python3.12/site-packages/airflow/example_dags/example_sensors.py
[2024-07-25T03:41:27.146+0000] {processor.py:840} INFO - DAG(s) 'example_sensors' retrieved from /home/airflow/.local/lib/python3.12/site-packages/airflow/example_dags/example_sensors.py
[2024-07-25T03:41:27.160+0000] {logging_mixin.py:188} INFO - [2024-07-25T03:41:27.160+0000] {dag.py:3089} INFO - Sync 1 DAGs
[2024-07-25T03:41:27.167+0000] {logging_mixin.py:188} INFO - [2024-07-25T03:41:27.167+0000] {dag.py:3947} INFO - Setting next_dagrun for example_sensors to None, run_after=None
[2024-07-25T03:41:27.176+0000] {processor.py:183} INFO - Processing /home/airflow/.local/lib/python3.12/site-packages/airflow/example_dags/example_sensors.py took 0.040 seconds
[2024-07-25T03:41:57.254+0000] {processor.py:161} INFO - Started process (PID=237) to work on /home/airflow/.local/lib/python3.12/site-packages/airflow/example_dags/example_sensors.py
[2024-07-25T03:41:57.255+0000] {processor.py:830} INFO - Processing file /home/airflow/.local/lib/python3.12/site-packages/airflow/example_dags/example_sensors.py for tasks to queue
[2024-07-25T03:41:57.256+0000] {logging_mixin.py:188} INFO - [2024-07-25T03:41:57.256+0000] {dagbag.py:545} INFO - Filling up the DagBag from /home/airflow/.local/lib/python3.12/site-packages/airflow/example_dags/example_sensors.py
[2024-07-25T03:41:57.261+0000] {processor.py:840} INFO - DAG(s) 'example_sensors' retrieved from /home/airflow/.local/lib/python3.12/site-packages/airflow/example_dags/example_sensors.py
[2024-07-25T03:41:57.275+0000] {logging_mixin.py:188} INFO - [2024-07-25T03:41:57.275+0000] {dag.py:3089} INFO - Sync 1 DAGs
[2024-07-25T03:41:57.281+0000] {logging_mixin.py:188} INFO - [2024-07-25T03:41:57.281+0000] {dag.py:3947} INFO - Setting next_dagrun for example_sensors to None, run_after=None
[2024-07-25T03:41:57.289+0000] {processor.py:183} INFO - Processing /home/airflow/.local/lib/python3.12/site-packages/airflow/example_dags/example_sensors.py took 0.039 seconds
[2024-07-25T03:42:28.217+0000] {processor.py:161} INFO - Started process (PID=295) to work on /home/airflow/.local/lib/python3.12/site-packages/airflow/example_dags/example_sensors.py
[2024-07-25T03:42:28.218+0000] {processor.py:830} INFO - Processing file /home/airflow/.local/lib/python3.12/site-packages/airflow/example_dags/example_sensors.py for tasks to queue
[2024-07-25T03:42:28.220+0000] {logging_mixin.py:188} INFO - [2024-07-25T03:42:28.219+0000] {dagbag.py:545} INFO - Filling up the DagBag from /home/airflow/.local/lib/python3.12/site-packages/airflow/example_dags/example_sensors.py
[2024-07-25T03:42:28.226+0000] {processor.py:840} INFO - DAG(s) 'example_sensors' retrieved from /home/airflow/.local/lib/python3.12/site-packages/airflow/example_dags/example_sensors.py
[2024-07-25T03:42:28.242+0000] {logging_mixin.py:188} INFO - [2024-07-25T03:42:28.242+0000] {dag.py:3089} INFO - Sync 1 DAGs
[2024-07-25T03:42:28.249+0000] {logging_mixin.py:188} INFO - [2024-07-25T03:42:28.249+0000] {dag.py:3947} INFO - Setting next_dagrun for example_sensors to None, run_after=None
[2024-07-25T03:42:28.259+0000] {processor.py:183} INFO - Processing /home/airflow/.local/lib/python3.12/site-packages/airflow/example_dags/example_sensors.py took 0.046 seconds
[2024-07-25T03:42:58.493+0000] {processor.py:161} INFO - Started process (PID=353) to work on /home/airflow/.local/lib/python3.12/site-packages/airflow/example_dags/example_sensors.py
[2024-07-25T03:42:58.494+0000] {processor.py:830} INFO - Processing file /home/airflow/.local/lib/python3.12/site-packages/airflow/example_dags/example_sensors.py for tasks to queue
[2024-07-25T03:42:58.495+0000] {logging_mixin.py:188} INFO - [2024-07-25T03:42:58.494+0000] {dagbag.py:545} INFO - Filling up the DagBag from /home/airflow/.local/lib/python3.12/site-packages/airflow/example_dags/example_sensors.py
[2024-07-25T03:42:58.500+0000] {processor.py:840} INFO - DAG(s) 'example_sensors' retrieved from /home/airflow/.local/lib/python3.12/site-packages/airflow/example_dags/example_sensors.py
[2024-07-25T03:42:58.514+0000] {logging_mixin.py:188} INFO - [2024-07-25T03:42:58.513+0000] {dag.py:3089} INFO - Sync 1 DAGs
[2024-07-25T03:42:58.520+0000] {logging_mixin.py:188} INFO - [2024-07-25T03:42:58.520+0000] {dag.py:3947} INFO - Setting next_dagrun for example_sensors to None, run_after=None
[2024-07-25T03:42:58.530+0000] {processor.py:183} INFO - Processing /home/airflow/.local/lib/python3.12/site-packages/airflow/example_dags/example_sensors.py took 0.040 seconds
[2024-07-25T03:43:28.786+0000] {processor.py:161} INFO - Started process (PID=411) to work on /home/airflow/.local/lib/python3.12/site-packages/airflow/example_dags/example_sensors.py
[2024-07-25T03:43:28.787+0000] {processor.py:830} INFO - Processing file /home/airflow/.local/lib/python3.12/site-packages/airflow/example_dags/example_sensors.py for tasks to queue
[2024-07-25T03:43:28.788+0000] {logging_mixin.py:188} INFO - [2024-07-25T03:43:28.788+0000] {dagbag.py:545} INFO - Filling up the DagBag from /home/airflow/.local/lib/python3.12/site-packages/airflow/example_dags/example_sensors.py
[2024-07-25T03:43:28.793+0000] {processor.py:840} INFO - DAG(s) 'example_sensors' retrieved from /home/airflow/.local/lib/python3.12/site-packages/airflow/example_dags/example_sensors.py
[2024-07-25T03:43:28.807+0000] {logging_mixin.py:188} INFO - [2024-07-25T03:43:28.807+0000] {dag.py:3089} INFO - Sync 1 DAGs
[2024-07-25T03:43:28.813+0000] {logging_mixin.py:188} INFO - [2024-07-25T03:43:28.813+0000] {dag.py:3947} INFO - Setting next_dagrun for example_sensors to None, run_after=None
[2024-07-25T03:43:28.822+0000] {processor.py:183} INFO - Processing /home/airflow/.local/lib/python3.12/site-packages/airflow/example_dags/example_sensors.py took 0.040 seconds
[2024-07-25T03:43:59.112+0000] {processor.py:161} INFO - Started process (PID=469) to work on /home/airflow/.local/lib/python3.12/site-packages/airflow/example_dags/example_sensors.py
[2024-07-25T03:43:59.114+0000] {processor.py:830} INFO - Processing file /home/airflow/.local/lib/python3.12/site-packages/airflow/example_dags/example_sensors.py for tasks to queue
[2024-07-25T03:43:59.115+0000] {logging_mixin.py:188} INFO - [2024-07-25T03:43:59.115+0000] {dagbag.py:545} INFO - Filling up the DagBag from /home/airflow/.local/lib/python3.12/site-packages/airflow/example_dags/example_sensors.py
[2024-07-25T03:43:59.120+0000] {processor.py:840} INFO - DAG(s) 'example_sensors' retrieved from /home/airflow/.local/lib/python3.12/site-packages/airflow/example_dags/example_sensors.py
[2024-07-25T03:43:59.134+0000] {logging_mixin.py:188} INFO - [2024-07-25T03:43:59.134+0000] {dag.py:3089} INFO - Sync 1 DAGs
[2024-07-25T03:43:59.141+0000] {logging_mixin.py:188} INFO - [2024-07-25T03:43:59.141+0000] {dag.py:3947} INFO - Setting next_dagrun for example_sensors to None, run_after=None
[2024-07-25T03:43:59.150+0000] {processor.py:183} INFO - Processing /home/airflow/.local/lib/python3.12/site-packages/airflow/example_dags/example_sensors.py took 0.042 seconds
[2024-07-25T03:44:29.426+0000] {processor.py:161} INFO - Started process (PID=527) to work on /home/airflow/.local/lib/python3.12/site-packages/airflow/example_dags/example_sensors.py
[2024-07-25T03:44:29.426+0000] {processor.py:830} INFO - Processing file /home/airflow/.local/lib/python3.12/site-packages/airflow/example_dags/example_sensors.py for tasks to queue
[2024-07-25T03:44:29.428+0000] {logging_mixin.py:188} INFO - [2024-07-25T03:44:29.427+0000] {dagbag.py:545} INFO - Filling up the DagBag from /home/airflow/.local/lib/python3.12/site-packages/airflow/example_dags/example_sensors.py
[2024-07-25T03:44:29.433+0000] {processor.py:840} INFO - DAG(s) 'example_sensors' retrieved from /home/airflow/.local/lib/python3.12/site-packages/airflow/example_dags/example_sensors.py
[2024-07-25T03:44:29.446+0000] {logging_mixin.py:188} INFO - [2024-07-25T03:44:29.446+0000] {dag.py:3089} INFO - Sync 1 DAGs
[2024-07-25T03:44:29.452+0000] {logging_mixin.py:188} INFO - [2024-07-25T03:44:29.452+0000] {dag.py:3947} INFO - Setting next_dagrun for example_sensors to None, run_after=None
[2024-07-25T03:44:29.462+0000] {processor.py:183} INFO - Processing /home/airflow/.local/lib/python3.12/site-packages/airflow/example_dags/example_sensors.py took 0.039 seconds
[2024-07-25T03:44:59.547+0000] {processor.py:161} INFO - Started process (PID=585) to work on /home/airflow/.local/lib/python3.12/site-packages/airflow/example_dags/example_sensors.py
[2024-07-25T03:44:59.548+0000] {processor.py:830} INFO - Processing file /home/airflow/.local/lib/python3.12/site-packages/airflow/example_dags/example_sensors.py for tasks to queue
[2024-07-25T03:44:59.550+0000] {logging_mixin.py:188} INFO - [2024-07-25T03:44:59.550+0000] {dagbag.py:545} INFO - Filling up the DagBag from /home/airflow/.local/lib/python3.12/site-packages/airflow/example_dags/example_sensors.py
[2024-07-25T03:44:59.555+0000] {processor.py:840} INFO - DAG(s) 'example_sensors' retrieved from /home/airflow/.local/lib/python3.12/site-packages/airflow/example_dags/example_sensors.py
[2024-07-25T03:44:59.571+0000] {logging_mixin.py:188} INFO - [2024-07-25T03:44:59.571+0000] {dag.py:3089} INFO - Sync 1 DAGs
[2024-07-25T03:44:59.579+0000] {logging_mixin.py:188} INFO - [2024-07-25T03:44:59.579+0000] {dag.py:3947} INFO - Setting next_dagrun for example_sensors to None, run_after=None
[2024-07-25T03:44:59.598+0000] {processor.py:183} INFO - Processing /home/airflow/.local/lib/python3.12/site-packages/airflow/example_dags/example_sensors.py took 0.054 seconds
[2024-07-25T03:45:29.858+0000] {processor.py:161} INFO - Started process (PID=643) to work on /home/airflow/.local/lib/python3.12/site-packages/airflow/example_dags/example_sensors.py
[2024-07-25T03:45:29.858+0000] {processor.py:830} INFO - Processing file /home/airflow/.local/lib/python3.12/site-packages/airflow/example_dags/example_sensors.py for tasks to queue
[2024-07-25T03:45:29.860+0000] {logging_mixin.py:188} INFO - [2024-07-25T03:45:29.860+0000] {dagbag.py:545} INFO - Filling up the DagBag from /home/airflow/.local/lib/python3.12/site-packages/airflow/example_dags/example_sensors.py
[2024-07-25T03:45:29.865+0000] {processor.py:840} INFO - DAG(s) 'example_sensors' retrieved from /home/airflow/.local/lib/python3.12/site-packages/airflow/example_dags/example_sensors.py
[2024-07-25T03:45:29.879+0000] {logging_mixin.py:188} INFO - [2024-07-25T03:45:29.879+0000] {dag.py:3089} INFO - Sync 1 DAGs
[2024-07-25T03:45:29.886+0000] {logging_mixin.py:188} INFO - [2024-07-25T03:45:29.886+0000] {dag.py:3947} INFO - Setting next_dagrun for example_sensors to None, run_after=None
[2024-07-25T03:45:29.895+0000] {processor.py:183} INFO - Processing /home/airflow/.local/lib/python3.12/site-packages/airflow/example_dags/example_sensors.py took 0.041 seconds
[2024-07-25T03:46:00.137+0000] {processor.py:161} INFO - Started process (PID=701) to work on /home/airflow/.local/lib/python3.12/site-packages/airflow/example_dags/example_sensors.py
[2024-07-25T03:46:00.137+0000] {processor.py:830} INFO - Processing file /home/airflow/.local/lib/python3.12/site-packages/airflow/example_dags/example_sensors.py for tasks to queue
[2024-07-25T03:46:00.139+0000] {logging_mixin.py:188} INFO - [2024-07-25T03:46:00.138+0000] {dagbag.py:545} INFO - Filling up the DagBag from /home/airflow/.local/lib/python3.12/site-packages/airflow/example_dags/example_sensors.py
[2024-07-25T03:46:00.144+0000] {processor.py:840} INFO - DAG(s) 'example_sensors' retrieved from /home/airflow/.local/lib/python3.12/site-packages/airflow/example_dags/example_sensors.py
[2024-07-25T03:46:00.157+0000] {logging_mixin.py:188} INFO - [2024-07-25T03:46:00.157+0000] {dag.py:3089} INFO - Sync 1 DAGs
[2024-07-25T03:46:00.163+0000] {logging_mixin.py:188} INFO - [2024-07-25T03:46:00.163+0000] {dag.py:3947} INFO - Setting next_dagrun for example_sensors to None, run_after=None
[2024-07-25T03:46:00.172+0000] {processor.py:183} INFO - Processing /home/airflow/.local/lib/python3.12/site-packages/airflow/example_dags/example_sensors.py took 0.038 seconds
[2024-07-25T03:46:30.362+0000] {processor.py:161} INFO - Started process (PID=759) to work on /home/airflow/.local/lib/python3.12/site-packages/airflow/example_dags/example_sensors.py
[2024-07-25T03:46:30.363+0000] {processor.py:830} INFO - Processing file /home/airflow/.local/lib/python3.12/site-packages/airflow/example_dags/example_sensors.py for tasks to queue
[2024-07-25T03:46:30.365+0000] {logging_mixin.py:188} INFO - [2024-07-25T03:46:30.364+0000] {dagbag.py:545} INFO - Filling up the DagBag from /home/airflow/.local/lib/python3.12/site-packages/airflow/example_dags/example_sensors.py
[2024-07-25T03:46:30.369+0000] {processor.py:840} INFO - DAG(s) 'example_sensors' retrieved from /home/airflow/.local/lib/python3.12/site-packages/airflow/example_dags/example_sensors.py
[2024-07-25T03:46:30.383+0000] {logging_mixin.py:188} INFO - [2024-07-25T03:46:30.383+0000] {dag.py:3089} INFO - Sync 1 DAGs
[2024-07-25T03:46:30.389+0000] {logging_mixin.py:188} INFO - [2024-07-25T03:46:30.389+0000] {dag.py:3947} INFO - Setting next_dagrun for example_sensors to None, run_after=None
[2024-07-25T03:46:30.398+0000] {processor.py:183} INFO - Processing /home/airflow/.local/lib/python3.12/site-packages/airflow/example_dags/example_sensors.py took 0.039 seconds
[2024-07-25T03:47:00.862+0000] {processor.py:161} INFO - Started process (PID=817) to work on /home/airflow/.local/lib/python3.12/site-packages/airflow/example_dags/example_sensors.py
[2024-07-25T03:47:00.863+0000] {processor.py:830} INFO - Processing file /home/airflow/.local/lib/python3.12/site-packages/airflow/example_dags/example_sensors.py for tasks to queue
[2024-07-25T03:47:00.865+0000] {logging_mixin.py:188} INFO - [2024-07-25T03:47:00.864+0000] {dagbag.py:545} INFO - Filling up the DagBag from /home/airflow/.local/lib/python3.12/site-packages/airflow/example_dags/example_sensors.py
[2024-07-25T03:47:00.870+0000] {processor.py:840} INFO - DAG(s) 'example_sensors' retrieved from /home/airflow/.local/lib/python3.12/site-packages/airflow/example_dags/example_sensors.py
[2024-07-25T03:47:00.884+0000] {logging_mixin.py:188} INFO - [2024-07-25T03:47:00.884+0000] {dag.py:3089} INFO - Sync 1 DAGs
[2024-07-25T03:47:00.890+0000] {logging_mixin.py:188} INFO - [2024-07-25T03:47:00.890+0000] {dag.py:3947} INFO - Setting next_dagrun for example_sensors to None, run_after=None
[2024-07-25T03:47:00.899+0000] {processor.py:183} INFO - Processing /home/airflow/.local/lib/python3.12/site-packages/airflow/example_dags/example_sensors.py took 0.041 seconds
[2024-07-25T03:47:31.014+0000] {processor.py:161} INFO - Started process (PID=875) to work on /home/airflow/.local/lib/python3.12/site-packages/airflow/example_dags/example_sensors.py
[2024-07-25T03:47:31.015+0000] {processor.py:830} INFO - Processing file /home/airflow/.local/lib/python3.12/site-packages/airflow/example_dags/example_sensors.py for tasks to queue
[2024-07-25T03:47:31.017+0000] {logging_mixin.py:188} INFO - [2024-07-25T03:47:31.016+0000] {dagbag.py:545} INFO - Filling up the DagBag from /home/airflow/.local/lib/python3.12/site-packages/airflow/example_dags/example_sensors.py
[2024-07-25T03:47:31.022+0000] {processor.py:840} INFO - DAG(s) 'example_sensors' retrieved from /home/airflow/.local/lib/python3.12/site-packages/airflow/example_dags/example_sensors.py
[2024-07-25T03:47:31.040+0000] {logging_mixin.py:188} INFO - [2024-07-25T03:47:31.040+0000] {dag.py:3089} INFO - Sync 1 DAGs
[2024-07-25T03:47:31.049+0000] {logging_mixin.py:188} INFO - [2024-07-25T03:47:31.049+0000] {dag.py:3947} INFO - Setting next_dagrun for example_sensors to None, run_after=None
[2024-07-25T03:47:31.059+0000] {processor.py:183} INFO - Processing /home/airflow/.local/lib/python3.12/site-packages/airflow/example_dags/example_sensors.py took 0.049 seconds
[2024-07-25T03:48:01.138+0000] {processor.py:161} INFO - Started process (PID=933) to work on /home/airflow/.local/lib/python3.12/site-packages/airflow/example_dags/example_sensors.py
[2024-07-25T03:48:01.139+0000] {processor.py:830} INFO - Processing file /home/airflow/.local/lib/python3.12/site-packages/airflow/example_dags/example_sensors.py for tasks to queue
[2024-07-25T03:48:01.140+0000] {logging_mixin.py:188} INFO - [2024-07-25T03:48:01.140+0000] {dagbag.py:545} INFO - Filling up the DagBag from /home/airflow/.local/lib/python3.12/site-packages/airflow/example_dags/example_sensors.py
[2024-07-25T03:48:01.146+0000] {processor.py:840} INFO - DAG(s) 'example_sensors' retrieved from /home/airflow/.local/lib/python3.12/site-packages/airflow/example_dags/example_sensors.py
[2024-07-25T03:48:01.160+0000] {logging_mixin.py:188} INFO - [2024-07-25T03:48:01.160+0000] {dag.py:3089} INFO - Sync 1 DAGs
[2024-07-25T03:48:01.166+0000] {logging_mixin.py:188} INFO - [2024-07-25T03:48:01.166+0000] {dag.py:3947} INFO - Setting next_dagrun for example_sensors to None, run_after=None
[2024-07-25T03:48:01.176+0000] {processor.py:183} INFO - Processing /home/airflow/.local/lib/python3.12/site-packages/airflow/example_dags/example_sensors.py took 0.042 seconds
[2024-07-25T03:48:31.413+0000] {processor.py:161} INFO - Started process (PID=991) to work on /home/airflow/.local/lib/python3.12/site-packages/airflow/example_dags/example_sensors.py
[2024-07-25T03:48:31.413+0000] {processor.py:830} INFO - Processing file /home/airflow/.local/lib/python3.12/site-packages/airflow/example_dags/example_sensors.py for tasks to queue
[2024-07-25T03:48:31.415+0000] {logging_mixin.py:188} INFO - [2024-07-25T03:48:31.415+0000] {dagbag.py:545} INFO - Filling up the DagBag from /home/airflow/.local/lib/python3.12/site-packages/airflow/example_dags/example_sensors.py
[2024-07-25T03:48:31.420+0000] {processor.py:840} INFO - DAG(s) 'example_sensors' retrieved from /home/airflow/.local/lib/python3.12/site-packages/airflow/example_dags/example_sensors.py
[2024-07-25T03:48:31.434+0000] {logging_mixin.py:188} INFO - [2024-07-25T03:48:31.434+0000] {dag.py:3089} INFO - Sync 1 DAGs
[2024-07-25T03:48:31.441+0000] {logging_mixin.py:188} INFO - [2024-07-25T03:48:31.441+0000] {dag.py:3947} INFO - Setting next_dagrun for example_sensors to None, run_after=None
[2024-07-25T03:48:31.451+0000] {processor.py:183} INFO - Processing /home/airflow/.local/lib/python3.12/site-packages/airflow/example_dags/example_sensors.py took 0.042 seconds
[2024-07-25T03:49:01.778+0000] {processor.py:161} INFO - Started process (PID=1049) to work on /home/airflow/.local/lib/python3.12/site-packages/airflow/example_dags/example_sensors.py
[2024-07-25T03:49:01.779+0000] {processor.py:830} INFO - Processing file /home/airflow/.local/lib/python3.12/site-packages/airflow/example_dags/example_sensors.py for tasks to queue
[2024-07-25T03:49:01.780+0000] {logging_mixin.py:188} INFO - [2024-07-25T03:49:01.780+0000] {dagbag.py:545} INFO - Filling up the DagBag from /home/airflow/.local/lib/python3.12/site-packages/airflow/example_dags/example_sensors.py
[2024-07-25T03:49:01.784+0000] {processor.py:840} INFO - DAG(s) 'example_sensors' retrieved from /home/airflow/.local/lib/python3.12/site-packages/airflow/example_dags/example_sensors.py
[2024-07-25T03:49:01.797+0000] {logging_mixin.py:188} INFO - [2024-07-25T03:49:01.797+0000] {dag.py:3089} INFO - Sync 1 DAGs
[2024-07-25T03:49:01.803+0000] {logging_mixin.py:188} INFO - [2024-07-25T03:49:01.803+0000] {dag.py:3947} INFO - Setting next_dagrun for example_sensors to None, run_after=None
[2024-07-25T03:49:01.813+0000] {processor.py:183} INFO - Processing /home/airflow/.local/lib/python3.12/site-packages/airflow/example_dags/example_sensors.py took 0.039 seconds
[2024-07-25T03:49:32.078+0000] {processor.py:161} INFO - Started process (PID=1107) to work on /home/airflow/.local/lib/python3.12/site-packages/airflow/example_dags/example_sensors.py
[2024-07-25T03:49:32.087+0000] {processor.py:830} INFO - Processing file /home/airflow/.local/lib/python3.12/site-packages/airflow/example_dags/example_sensors.py for tasks to queue
[2024-07-25T03:49:32.108+0000] {logging_mixin.py:188} INFO - [2024-07-25T03:49:32.106+0000] {dagbag.py:545} INFO - Filling up the DagBag from /home/airflow/.local/lib/python3.12/site-packages/airflow/example_dags/example_sensors.py
[2024-07-25T03:49:32.120+0000] {processor.py:840} INFO - DAG(s) 'example_sensors' retrieved from /home/airflow/.local/lib/python3.12/site-packages/airflow/example_dags/example_sensors.py
[2024-07-25T03:49:32.148+0000] {logging_mixin.py:188} INFO - [2024-07-25T03:49:32.148+0000] {dag.py:3089} INFO - Sync 1 DAGs
[2024-07-25T03:49:32.155+0000] {logging_mixin.py:188} INFO - [2024-07-25T03:49:32.155+0000] {dag.py:3947} INFO - Setting next_dagrun for example_sensors to None, run_after=None
[2024-07-25T03:49:32.166+0000] {processor.py:183} INFO - Processing /home/airflow/.local/lib/python3.12/site-packages/airflow/example_dags/example_sensors.py took 0.094 seconds
[2024-07-25T03:50:02.344+0000] {processor.py:161} INFO - Started process (PID=1165) to work on /home/airflow/.local/lib/python3.12/site-packages/airflow/example_dags/example_sensors.py
[2024-07-25T03:50:02.345+0000] {processor.py:830} INFO - Processing file /home/airflow/.local/lib/python3.12/site-packages/airflow/example_dags/example_sensors.py for tasks to queue
[2024-07-25T03:50:02.346+0000] {logging_mixin.py:188} INFO - [2024-07-25T03:50:02.346+0000] {dagbag.py:545} INFO - Filling up the DagBag from /home/airflow/.local/lib/python3.12/site-packages/airflow/example_dags/example_sensors.py
[2024-07-25T03:50:02.351+0000] {processor.py:840} INFO - DAG(s) 'example_sensors' retrieved from /home/airflow/.local/lib/python3.12/site-packages/airflow/example_dags/example_sensors.py
[2024-07-25T03:50:02.363+0000] {logging_mixin.py:188} INFO - [2024-07-25T03:50:02.363+0000] {dag.py:3089} INFO - Sync 1 DAGs
[2024-07-25T03:50:02.369+0000] {logging_mixin.py:188} INFO - [2024-07-25T03:50:02.369+0000] {dag.py:3947} INFO - Setting next_dagrun for example_sensors to None, run_after=None
[2024-07-25T03:50:02.378+0000] {processor.py:183} INFO - Processing /home/airflow/.local/lib/python3.12/site-packages/airflow/example_dags/example_sensors.py took 0.037 seconds
[2024-07-25T03:50:32.688+0000] {processor.py:161} INFO - Started process (PID=1223) to work on /home/airflow/.local/lib/python3.12/site-packages/airflow/example_dags/example_sensors.py
[2024-07-25T03:50:32.689+0000] {processor.py:830} INFO - Processing file /home/airflow/.local/lib/python3.12/site-packages/airflow/example_dags/example_sensors.py for tasks to queue
[2024-07-25T03:50:32.690+0000] {logging_mixin.py:188} INFO - [2024-07-25T03:50:32.690+0000] {dagbag.py:545} INFO - Filling up the DagBag from /home/airflow/.local/lib/python3.12/site-packages/airflow/example_dags/example_sensors.py
[2024-07-25T03:50:32.695+0000] {processor.py:840} INFO - DAG(s) 'example_sensors' retrieved from /home/airflow/.local/lib/python3.12/site-packages/airflow/example_dags/example_sensors.py
[2024-07-25T03:50:32.710+0000] {logging_mixin.py:188} INFO - [2024-07-25T03:50:32.709+0000] {dag.py:3089} INFO - Sync 1 DAGs
[2024-07-25T03:50:32.717+0000] {logging_mixin.py:188} INFO - [2024-07-25T03:50:32.716+0000] {dag.py:3947} INFO - Setting next_dagrun for example_sensors to None, run_after=None
[2024-07-25T03:50:32.727+0000] {processor.py:183} INFO - Processing /home/airflow/.local/lib/python3.12/site-packages/airflow/example_dags/example_sensors.py took 0.043 seconds
[2024-07-25T03:51:03.822+0000] {processor.py:161} INFO - Started process (PID=1281) to work on /home/airflow/.local/lib/python3.12/site-packages/airflow/example_dags/example_sensors.py
[2024-07-25T03:51:03.823+0000] {processor.py:830} INFO - Processing file /home/airflow/.local/lib/python3.12/site-packages/airflow/example_dags/example_sensors.py for tasks to queue
[2024-07-25T03:51:03.824+0000] {logging_mixin.py:188} INFO - [2024-07-25T03:51:03.824+0000] {dagbag.py:545} INFO - Filling up the DagBag from /home/airflow/.local/lib/python3.12/site-packages/airflow/example_dags/example_sensors.py
[2024-07-25T03:51:03.829+0000] {processor.py:840} INFO - DAG(s) 'example_sensors' retrieved from /home/airflow/.local/lib/python3.12/site-packages/airflow/example_dags/example_sensors.py
[2024-07-25T03:51:03.842+0000] {logging_mixin.py:188} INFO - [2024-07-25T03:51:03.842+0000] {dag.py:3089} INFO - Sync 1 DAGs
[2024-07-25T03:51:03.849+0000] {logging_mixin.py:188} INFO - [2024-07-25T03:51:03.848+0000] {dag.py:3947} INFO - Setting next_dagrun for example_sensors to None, run_after=None
[2024-07-25T03:51:03.857+0000] {processor.py:183} INFO - Processing /home/airflow/.local/lib/python3.12/site-packages/airflow/example_dags/example_sensors.py took 0.039 seconds
[2024-07-25T03:51:34.934+0000] {processor.py:161} INFO - Started process (PID=1339) to work on /home/airflow/.local/lib/python3.12/site-packages/airflow/example_dags/example_sensors.py
[2024-07-25T03:51:34.935+0000] {processor.py:830} INFO - Processing file /home/airflow/.local/lib/python3.12/site-packages/airflow/example_dags/example_sensors.py for tasks to queue
[2024-07-25T03:51:34.937+0000] {logging_mixin.py:188} INFO - [2024-07-25T03:51:34.936+0000] {dagbag.py:545} INFO - Filling up the DagBag from /home/airflow/.local/lib/python3.12/site-packages/airflow/example_dags/example_sensors.py
[2024-07-25T03:51:34.945+0000] {processor.py:840} INFO - DAG(s) 'example_sensors' retrieved from /home/airflow/.local/lib/python3.12/site-packages/airflow/example_dags/example_sensors.py
[2024-07-25T03:51:34.971+0000] {logging_mixin.py:188} INFO - [2024-07-25T03:51:34.971+0000] {dag.py:3089} INFO - Sync 1 DAGs
[2024-07-25T03:51:34.982+0000] {logging_mixin.py:188} INFO - [2024-07-25T03:51:34.982+0000] {dag.py:3947} INFO - Setting next_dagrun for example_sensors to None, run_after=None
[2024-07-25T03:51:34.995+0000] {processor.py:183} INFO - Processing /home/airflow/.local/lib/python3.12/site-packages/airflow/example_dags/example_sensors.py took 0.066 seconds
[2024-07-25T03:52:06.032+0000] {processor.py:161} INFO - Started process (PID=1397) to work on /home/airflow/.local/lib/python3.12/site-packages/airflow/example_dags/example_sensors.py
[2024-07-25T03:52:06.034+0000] {processor.py:830} INFO - Processing file /home/airflow/.local/lib/python3.12/site-packages/airflow/example_dags/example_sensors.py for tasks to queue
[2024-07-25T03:52:06.036+0000] {logging_mixin.py:188} INFO - [2024-07-25T03:52:06.036+0000] {dagbag.py:545} INFO - Filling up the DagBag from /home/airflow/.local/lib/python3.12/site-packages/airflow/example_dags/example_sensors.py
[2024-07-25T03:52:06.044+0000] {processor.py:840} INFO - DAG(s) 'example_sensors' retrieved from /home/airflow/.local/lib/python3.12/site-packages/airflow/example_dags/example_sensors.py
[2024-07-25T03:52:06.064+0000] {logging_mixin.py:188} INFO - [2024-07-25T03:52:06.064+0000] {dag.py:3089} INFO - Sync 1 DAGs
[2024-07-25T03:52:06.071+0000] {logging_mixin.py:188} INFO - [2024-07-25T03:52:06.071+0000] {dag.py:3947} INFO - Setting next_dagrun for example_sensors to None, run_after=None
[2024-07-25T03:52:06.081+0000] {processor.py:183} INFO - Processing /home/airflow/.local/lib/python3.12/site-packages/airflow/example_dags/example_sensors.py took 0.057 seconds
[2024-07-25T03:52:36.212+0000] {processor.py:161} INFO - Started process (PID=1454) to work on /home/airflow/.local/lib/python3.12/site-packages/airflow/example_dags/example_sensors.py
[2024-07-25T03:52:36.215+0000] {processor.py:830} INFO - Processing file /home/airflow/.local/lib/python3.12/site-packages/airflow/example_dags/example_sensors.py for tasks to queue
[2024-07-25T03:52:36.218+0000] {logging_mixin.py:188} INFO - [2024-07-25T03:52:36.218+0000] {dagbag.py:545} INFO - Filling up the DagBag from /home/airflow/.local/lib/python3.12/site-packages/airflow/example_dags/example_sensors.py
[2024-07-25T03:52:36.229+0000] {processor.py:840} INFO - DAG(s) 'example_sensors' retrieved from /home/airflow/.local/lib/python3.12/site-packages/airflow/example_dags/example_sensors.py
[2024-07-25T03:52:36.247+0000] {logging_mixin.py:188} INFO - [2024-07-25T03:52:36.247+0000] {dag.py:3089} INFO - Sync 1 DAGs
[2024-07-25T03:52:36.255+0000] {logging_mixin.py:188} INFO - [2024-07-25T03:52:36.254+0000] {dag.py:3947} INFO - Setting next_dagrun for example_sensors to None, run_after=None
[2024-07-25T03:52:36.263+0000] {processor.py:183} INFO - Processing /home/airflow/.local/lib/python3.12/site-packages/airflow/example_dags/example_sensors.py took 0.061 seconds
[2024-07-25T04:03:47.205+0000] {processor.py:161} INFO - Started process (PID=63) to work on /home/airflow/.local/lib/python3.12/site-packages/airflow/example_dags/example_sensors.py
[2024-07-25T04:03:47.212+0000] {processor.py:830} INFO - Processing file /home/airflow/.local/lib/python3.12/site-packages/airflow/example_dags/example_sensors.py for tasks to queue
[2024-07-25T04:03:47.215+0000] {logging_mixin.py:188} INFO - [2024-07-25T04:03:47.215+0000] {dagbag.py:545} INFO - Filling up the DagBag from /home/airflow/.local/lib/python3.12/site-packages/airflow/example_dags/example_sensors.py
[2024-07-25T04:03:47.224+0000] {processor.py:840} INFO - DAG(s) 'example_sensors' retrieved from /home/airflow/.local/lib/python3.12/site-packages/airflow/example_dags/example_sensors.py
[2024-07-25T04:03:47.239+0000] {logging_mixin.py:188} INFO - [2024-07-25T04:03:47.239+0000] {dag.py:3089} INFO - Sync 1 DAGs
[2024-07-25T04:03:47.249+0000] {logging_mixin.py:188} INFO - [2024-07-25T04:03:47.248+0000] {dag.py:3947} INFO - Setting next_dagrun for example_sensors to None, run_after=None
[2024-07-25T04:03:47.262+0000] {processor.py:183} INFO - Processing /home/airflow/.local/lib/python3.12/site-packages/airflow/example_dags/example_sensors.py took 0.069 seconds
[2024-07-25T04:04:18.876+0000] {processor.py:161} INFO - Started process (PID=121) to work on /home/airflow/.local/lib/python3.12/site-packages/airflow/example_dags/example_sensors.py
[2024-07-25T04:04:18.877+0000] {processor.py:830} INFO - Processing file /home/airflow/.local/lib/python3.12/site-packages/airflow/example_dags/example_sensors.py for tasks to queue
[2024-07-25T04:04:18.878+0000] {logging_mixin.py:188} INFO - [2024-07-25T04:04:18.878+0000] {dagbag.py:545} INFO - Filling up the DagBag from /home/airflow/.local/lib/python3.12/site-packages/airflow/example_dags/example_sensors.py
[2024-07-25T04:04:18.884+0000] {processor.py:840} INFO - DAG(s) 'example_sensors' retrieved from /home/airflow/.local/lib/python3.12/site-packages/airflow/example_dags/example_sensors.py
[2024-07-25T04:04:18.946+0000] {logging_mixin.py:188} INFO - [2024-07-25T04:04:18.946+0000] {dag.py:3089} INFO - Sync 1 DAGs
[2024-07-25T04:04:18.957+0000] {logging_mixin.py:188} INFO - [2024-07-25T04:04:18.957+0000] {dag.py:3947} INFO - Setting next_dagrun for example_sensors to None, run_after=None
[2024-07-25T04:04:18.969+0000] {processor.py:183} INFO - Processing /home/airflow/.local/lib/python3.12/site-packages/airflow/example_dags/example_sensors.py took 0.097 seconds
[2024-07-25T04:04:49.461+0000] {processor.py:161} INFO - Started process (PID=179) to work on /home/airflow/.local/lib/python3.12/site-packages/airflow/example_dags/example_sensors.py
[2024-07-25T04:04:49.462+0000] {processor.py:830} INFO - Processing file /home/airflow/.local/lib/python3.12/site-packages/airflow/example_dags/example_sensors.py for tasks to queue
[2024-07-25T04:04:49.463+0000] {logging_mixin.py:188} INFO - [2024-07-25T04:04:49.463+0000] {dagbag.py:545} INFO - Filling up the DagBag from /home/airflow/.local/lib/python3.12/site-packages/airflow/example_dags/example_sensors.py
[2024-07-25T04:04:49.469+0000] {processor.py:840} INFO - DAG(s) 'example_sensors' retrieved from /home/airflow/.local/lib/python3.12/site-packages/airflow/example_dags/example_sensors.py
[2024-07-25T04:04:49.483+0000] {logging_mixin.py:188} INFO - [2024-07-25T04:04:49.483+0000] {dag.py:3089} INFO - Sync 1 DAGs
[2024-07-25T04:04:49.490+0000] {logging_mixin.py:188} INFO - [2024-07-25T04:04:49.490+0000] {dag.py:3947} INFO - Setting next_dagrun for example_sensors to None, run_after=None
[2024-07-25T04:04:49.499+0000] {processor.py:183} INFO - Processing /home/airflow/.local/lib/python3.12/site-packages/airflow/example_dags/example_sensors.py took 0.042 seconds
[2024-07-25T04:05:19.632+0000] {processor.py:161} INFO - Started process (PID=237) to work on /home/airflow/.local/lib/python3.12/site-packages/airflow/example_dags/example_sensors.py
[2024-07-25T04:05:19.633+0000] {processor.py:830} INFO - Processing file /home/airflow/.local/lib/python3.12/site-packages/airflow/example_dags/example_sensors.py for tasks to queue
[2024-07-25T04:05:19.634+0000] {logging_mixin.py:188} INFO - [2024-07-25T04:05:19.634+0000] {dagbag.py:545} INFO - Filling up the DagBag from /home/airflow/.local/lib/python3.12/site-packages/airflow/example_dags/example_sensors.py
[2024-07-25T04:05:19.638+0000] {processor.py:840} INFO - DAG(s) 'example_sensors' retrieved from /home/airflow/.local/lib/python3.12/site-packages/airflow/example_dags/example_sensors.py
[2024-07-25T04:05:19.651+0000] {logging_mixin.py:188} INFO - [2024-07-25T04:05:19.651+0000] {dag.py:3089} INFO - Sync 1 DAGs
[2024-07-25T04:05:19.657+0000] {logging_mixin.py:188} INFO - [2024-07-25T04:05:19.657+0000] {dag.py:3947} INFO - Setting next_dagrun for example_sensors to None, run_after=None
[2024-07-25T04:05:19.666+0000] {processor.py:183} INFO - Processing /home/airflow/.local/lib/python3.12/site-packages/airflow/example_dags/example_sensors.py took 0.038 seconds
[2024-07-25T04:05:49.880+0000] {processor.py:161} INFO - Started process (PID=295) to work on /home/airflow/.local/lib/python3.12/site-packages/airflow/example_dags/example_sensors.py
[2024-07-25T04:05:49.881+0000] {processor.py:830} INFO - Processing file /home/airflow/.local/lib/python3.12/site-packages/airflow/example_dags/example_sensors.py for tasks to queue
[2024-07-25T04:05:49.882+0000] {logging_mixin.py:188} INFO - [2024-07-25T04:05:49.882+0000] {dagbag.py:545} INFO - Filling up the DagBag from /home/airflow/.local/lib/python3.12/site-packages/airflow/example_dags/example_sensors.py
[2024-07-25T04:05:49.887+0000] {processor.py:840} INFO - DAG(s) 'example_sensors' retrieved from /home/airflow/.local/lib/python3.12/site-packages/airflow/example_dags/example_sensors.py
[2024-07-25T04:05:49.901+0000] {logging_mixin.py:188} INFO - [2024-07-25T04:05:49.901+0000] {dag.py:3089} INFO - Sync 1 DAGs
[2024-07-25T04:05:49.907+0000] {logging_mixin.py:188} INFO - [2024-07-25T04:05:49.907+0000] {dag.py:3947} INFO - Setting next_dagrun for example_sensors to None, run_after=None
[2024-07-25T04:05:49.916+0000] {processor.py:183} INFO - Processing /home/airflow/.local/lib/python3.12/site-packages/airflow/example_dags/example_sensors.py took 0.039 seconds
[2024-07-25T04:06:20.867+0000] {processor.py:161} INFO - Started process (PID=353) to work on /home/airflow/.local/lib/python3.12/site-packages/airflow/example_dags/example_sensors.py
[2024-07-25T04:06:20.868+0000] {processor.py:830} INFO - Processing file /home/airflow/.local/lib/python3.12/site-packages/airflow/example_dags/example_sensors.py for tasks to queue
[2024-07-25T04:06:20.869+0000] {logging_mixin.py:188} INFO - [2024-07-25T04:06:20.869+0000] {dagbag.py:545} INFO - Filling up the DagBag from /home/airflow/.local/lib/python3.12/site-packages/airflow/example_dags/example_sensors.py
[2024-07-25T04:06:20.874+0000] {processor.py:840} INFO - DAG(s) 'example_sensors' retrieved from /home/airflow/.local/lib/python3.12/site-packages/airflow/example_dags/example_sensors.py
[2024-07-25T04:06:20.888+0000] {logging_mixin.py:188} INFO - [2024-07-25T04:06:20.888+0000] {dag.py:3089} INFO - Sync 1 DAGs
[2024-07-25T04:06:20.894+0000] {logging_mixin.py:188} INFO - [2024-07-25T04:06:20.894+0000] {dag.py:3947} INFO - Setting next_dagrun for example_sensors to None, run_after=None
[2024-07-25T04:06:20.903+0000] {processor.py:183} INFO - Processing /home/airflow/.local/lib/python3.12/site-packages/airflow/example_dags/example_sensors.py took 0.039 seconds
[2024-07-25T04:06:51.297+0000] {processor.py:161} INFO - Started process (PID=411) to work on /home/airflow/.local/lib/python3.12/site-packages/airflow/example_dags/example_sensors.py
[2024-07-25T04:06:51.298+0000] {processor.py:830} INFO - Processing file /home/airflow/.local/lib/python3.12/site-packages/airflow/example_dags/example_sensors.py for tasks to queue
[2024-07-25T04:06:51.299+0000] {logging_mixin.py:188} INFO - [2024-07-25T04:06:51.299+0000] {dagbag.py:545} INFO - Filling up the DagBag from /home/airflow/.local/lib/python3.12/site-packages/airflow/example_dags/example_sensors.py
[2024-07-25T04:06:51.305+0000] {processor.py:840} INFO - DAG(s) 'example_sensors' retrieved from /home/airflow/.local/lib/python3.12/site-packages/airflow/example_dags/example_sensors.py
[2024-07-25T04:06:51.319+0000] {logging_mixin.py:188} INFO - [2024-07-25T04:06:51.319+0000] {dag.py:3089} INFO - Sync 1 DAGs
[2024-07-25T04:06:51.326+0000] {logging_mixin.py:188} INFO - [2024-07-25T04:06:51.325+0000] {dag.py:3947} INFO - Setting next_dagrun for example_sensors to None, run_after=None
[2024-07-25T04:06:51.335+0000] {processor.py:183} INFO - Processing /home/airflow/.local/lib/python3.12/site-packages/airflow/example_dags/example_sensors.py took 0.041 seconds
[2024-07-25T04:07:21.699+0000] {processor.py:161} INFO - Started process (PID=469) to work on /home/airflow/.local/lib/python3.12/site-packages/airflow/example_dags/example_sensors.py
[2024-07-25T04:07:21.700+0000] {processor.py:830} INFO - Processing file /home/airflow/.local/lib/python3.12/site-packages/airflow/example_dags/example_sensors.py for tasks to queue
[2024-07-25T04:07:21.702+0000] {logging_mixin.py:188} INFO - [2024-07-25T04:07:21.701+0000] {dagbag.py:545} INFO - Filling up the DagBag from /home/airflow/.local/lib/python3.12/site-packages/airflow/example_dags/example_sensors.py
[2024-07-25T04:07:21.707+0000] {processor.py:840} INFO - DAG(s) 'example_sensors' retrieved from /home/airflow/.local/lib/python3.12/site-packages/airflow/example_dags/example_sensors.py
[2024-07-25T04:07:21.721+0000] {logging_mixin.py:188} INFO - [2024-07-25T04:07:21.721+0000] {dag.py:3089} INFO - Sync 1 DAGs
[2024-07-25T04:07:21.728+0000] {logging_mixin.py:188} INFO - [2024-07-25T04:07:21.728+0000] {dag.py:3947} INFO - Setting next_dagrun for example_sensors to None, run_after=None
[2024-07-25T04:07:21.737+0000] {processor.py:183} INFO - Processing /home/airflow/.local/lib/python3.12/site-packages/airflow/example_dags/example_sensors.py took 0.042 seconds
[2024-07-25T04:07:51.841+0000] {processor.py:161} INFO - Started process (PID=527) to work on /home/airflow/.local/lib/python3.12/site-packages/airflow/example_dags/example_sensors.py
[2024-07-25T04:07:51.842+0000] {processor.py:830} INFO - Processing file /home/airflow/.local/lib/python3.12/site-packages/airflow/example_dags/example_sensors.py for tasks to queue
[2024-07-25T04:07:51.843+0000] {logging_mixin.py:188} INFO - [2024-07-25T04:07:51.843+0000] {dagbag.py:545} INFO - Filling up the DagBag from /home/airflow/.local/lib/python3.12/site-packages/airflow/example_dags/example_sensors.py
[2024-07-25T04:07:51.848+0000] {processor.py:840} INFO - DAG(s) 'example_sensors' retrieved from /home/airflow/.local/lib/python3.12/site-packages/airflow/example_dags/example_sensors.py
[2024-07-25T04:07:51.862+0000] {logging_mixin.py:188} INFO - [2024-07-25T04:07:51.861+0000] {dag.py:3089} INFO - Sync 1 DAGs
[2024-07-25T04:07:51.868+0000] {logging_mixin.py:188} INFO - [2024-07-25T04:07:51.868+0000] {dag.py:3947} INFO - Setting next_dagrun for example_sensors to None, run_after=None
[2024-07-25T04:07:51.878+0000] {processor.py:183} INFO - Processing /home/airflow/.local/lib/python3.12/site-packages/airflow/example_dags/example_sensors.py took 0.041 seconds
[2024-07-25T04:08:22.004+0000] {processor.py:161} INFO - Started process (PID=585) to work on /home/airflow/.local/lib/python3.12/site-packages/airflow/example_dags/example_sensors.py
[2024-07-25T04:08:22.005+0000] {processor.py:830} INFO - Processing file /home/airflow/.local/lib/python3.12/site-packages/airflow/example_dags/example_sensors.py for tasks to queue
[2024-07-25T04:08:22.006+0000] {logging_mixin.py:188} INFO - [2024-07-25T04:08:22.006+0000] {dagbag.py:545} INFO - Filling up the DagBag from /home/airflow/.local/lib/python3.12/site-packages/airflow/example_dags/example_sensors.py
[2024-07-25T04:08:22.011+0000] {processor.py:840} INFO - DAG(s) 'example_sensors' retrieved from /home/airflow/.local/lib/python3.12/site-packages/airflow/example_dags/example_sensors.py
[2024-07-25T04:08:22.025+0000] {logging_mixin.py:188} INFO - [2024-07-25T04:08:22.025+0000] {dag.py:3089} INFO - Sync 1 DAGs
[2024-07-25T04:08:22.032+0000] {logging_mixin.py:188} INFO - [2024-07-25T04:08:22.032+0000] {dag.py:3947} INFO - Setting next_dagrun for example_sensors to None, run_after=None
[2024-07-25T04:08:22.041+0000] {processor.py:183} INFO - Processing /home/airflow/.local/lib/python3.12/site-packages/airflow/example_dags/example_sensors.py took 0.041 seconds
[2024-07-25T04:08:52.092+0000] {processor.py:161} INFO - Started process (PID=643) to work on /home/airflow/.local/lib/python3.12/site-packages/airflow/example_dags/example_sensors.py
[2024-07-25T04:08:52.093+0000] {processor.py:830} INFO - Processing file /home/airflow/.local/lib/python3.12/site-packages/airflow/example_dags/example_sensors.py for tasks to queue
[2024-07-25T04:08:52.095+0000] {logging_mixin.py:188} INFO - [2024-07-25T04:08:52.094+0000] {dagbag.py:545} INFO - Filling up the DagBag from /home/airflow/.local/lib/python3.12/site-packages/airflow/example_dags/example_sensors.py
[2024-07-25T04:08:52.100+0000] {processor.py:840} INFO - DAG(s) 'example_sensors' retrieved from /home/airflow/.local/lib/python3.12/site-packages/airflow/example_dags/example_sensors.py
[2024-07-25T04:08:52.113+0000] {logging_mixin.py:188} INFO - [2024-07-25T04:08:52.113+0000] {dag.py:3089} INFO - Sync 1 DAGs
[2024-07-25T04:08:52.121+0000] {logging_mixin.py:188} INFO - [2024-07-25T04:08:52.121+0000] {dag.py:3947} INFO - Setting next_dagrun for example_sensors to None, run_after=None
[2024-07-25T04:08:52.132+0000] {processor.py:183} INFO - Processing /home/airflow/.local/lib/python3.12/site-packages/airflow/example_dags/example_sensors.py took 0.043 seconds
[2024-07-25T04:09:22.629+0000] {processor.py:161} INFO - Started process (PID=702) to work on /home/airflow/.local/lib/python3.12/site-packages/airflow/example_dags/example_sensors.py
[2024-07-25T04:09:22.630+0000] {processor.py:830} INFO - Processing file /home/airflow/.local/lib/python3.12/site-packages/airflow/example_dags/example_sensors.py for tasks to queue
[2024-07-25T04:09:22.631+0000] {logging_mixin.py:188} INFO - [2024-07-25T04:09:22.631+0000] {dagbag.py:545} INFO - Filling up the DagBag from /home/airflow/.local/lib/python3.12/site-packages/airflow/example_dags/example_sensors.py
[2024-07-25T04:09:22.637+0000] {processor.py:840} INFO - DAG(s) 'example_sensors' retrieved from /home/airflow/.local/lib/python3.12/site-packages/airflow/example_dags/example_sensors.py
[2024-07-25T04:09:22.653+0000] {logging_mixin.py:188} INFO - [2024-07-25T04:09:22.653+0000] {dag.py:3089} INFO - Sync 1 DAGs
[2024-07-25T04:09:22.660+0000] {logging_mixin.py:188} INFO - [2024-07-25T04:09:22.660+0000] {dag.py:3947} INFO - Setting next_dagrun for example_sensors to None, run_after=None
[2024-07-25T04:09:22.671+0000] {processor.py:183} INFO - Processing /home/airflow/.local/lib/python3.12/site-packages/airflow/example_dags/example_sensors.py took 0.047 seconds
[2024-07-25T04:09:52.773+0000] {processor.py:161} INFO - Started process (PID=760) to work on /home/airflow/.local/lib/python3.12/site-packages/airflow/example_dags/example_sensors.py
[2024-07-25T04:09:52.774+0000] {processor.py:830} INFO - Processing file /home/airflow/.local/lib/python3.12/site-packages/airflow/example_dags/example_sensors.py for tasks to queue
[2024-07-25T04:09:52.776+0000] {logging_mixin.py:188} INFO - [2024-07-25T04:09:52.775+0000] {dagbag.py:545} INFO - Filling up the DagBag from /home/airflow/.local/lib/python3.12/site-packages/airflow/example_dags/example_sensors.py
[2024-07-25T04:09:52.781+0000] {processor.py:840} INFO - DAG(s) 'example_sensors' retrieved from /home/airflow/.local/lib/python3.12/site-packages/airflow/example_dags/example_sensors.py
[2024-07-25T04:09:52.796+0000] {logging_mixin.py:188} INFO - [2024-07-25T04:09:52.796+0000] {dag.py:3089} INFO - Sync 1 DAGs
[2024-07-25T04:09:52.803+0000] {logging_mixin.py:188} INFO - [2024-07-25T04:09:52.802+0000] {dag.py:3947} INFO - Setting next_dagrun for example_sensors to None, run_after=None
[2024-07-25T04:09:52.813+0000] {processor.py:183} INFO - Processing /home/airflow/.local/lib/python3.12/site-packages/airflow/example_dags/example_sensors.py took 0.043 seconds
[2024-07-25T04:10:23.538+0000] {processor.py:161} INFO - Started process (PID=818) to work on /home/airflow/.local/lib/python3.12/site-packages/airflow/example_dags/example_sensors.py
[2024-07-25T04:10:23.538+0000] {processor.py:830} INFO - Processing file /home/airflow/.local/lib/python3.12/site-packages/airflow/example_dags/example_sensors.py for tasks to queue
[2024-07-25T04:10:23.539+0000] {logging_mixin.py:188} INFO - [2024-07-25T04:10:23.539+0000] {dagbag.py:545} INFO - Filling up the DagBag from /home/airflow/.local/lib/python3.12/site-packages/airflow/example_dags/example_sensors.py
[2024-07-25T04:10:23.544+0000] {processor.py:840} INFO - DAG(s) 'example_sensors' retrieved from /home/airflow/.local/lib/python3.12/site-packages/airflow/example_dags/example_sensors.py
[2024-07-25T04:10:23.558+0000] {logging_mixin.py:188} INFO - [2024-07-25T04:10:23.558+0000] {dag.py:3089} INFO - Sync 1 DAGs
[2024-07-25T04:10:23.569+0000] {logging_mixin.py:188} INFO - [2024-07-25T04:10:23.568+0000] {dag.py:3947} INFO - Setting next_dagrun for example_sensors to None, run_after=None
[2024-07-25T04:10:23.610+0000] {processor.py:183} INFO - Processing /home/airflow/.local/lib/python3.12/site-packages/airflow/example_dags/example_sensors.py took 0.076 seconds
[2024-07-25T04:10:53.781+0000] {processor.py:161} INFO - Started process (PID=876) to work on /home/airflow/.local/lib/python3.12/site-packages/airflow/example_dags/example_sensors.py
[2024-07-25T04:10:53.782+0000] {processor.py:830} INFO - Processing file /home/airflow/.local/lib/python3.12/site-packages/airflow/example_dags/example_sensors.py for tasks to queue
[2024-07-25T04:10:53.783+0000] {logging_mixin.py:188} INFO - [2024-07-25T04:10:53.783+0000] {dagbag.py:545} INFO - Filling up the DagBag from /home/airflow/.local/lib/python3.12/site-packages/airflow/example_dags/example_sensors.py
[2024-07-25T04:10:53.788+0000] {processor.py:840} INFO - DAG(s) 'example_sensors' retrieved from /home/airflow/.local/lib/python3.12/site-packages/airflow/example_dags/example_sensors.py
[2024-07-25T04:10:53.802+0000] {logging_mixin.py:188} INFO - [2024-07-25T04:10:53.802+0000] {dag.py:3089} INFO - Sync 1 DAGs
[2024-07-25T04:10:53.808+0000] {logging_mixin.py:188} INFO - [2024-07-25T04:10:53.808+0000] {dag.py:3947} INFO - Setting next_dagrun for example_sensors to None, run_after=None
[2024-07-25T04:10:53.817+0000] {processor.py:183} INFO - Processing /home/airflow/.local/lib/python3.12/site-packages/airflow/example_dags/example_sensors.py took 0.040 seconds
[2024-07-25T04:11:23.979+0000] {processor.py:161} INFO - Started process (PID=934) to work on /home/airflow/.local/lib/python3.12/site-packages/airflow/example_dags/example_sensors.py
[2024-07-25T04:11:23.980+0000] {processor.py:830} INFO - Processing file /home/airflow/.local/lib/python3.12/site-packages/airflow/example_dags/example_sensors.py for tasks to queue
[2024-07-25T04:11:23.981+0000] {logging_mixin.py:188} INFO - [2024-07-25T04:11:23.981+0000] {dagbag.py:545} INFO - Filling up the DagBag from /home/airflow/.local/lib/python3.12/site-packages/airflow/example_dags/example_sensors.py
[2024-07-25T04:11:23.986+0000] {processor.py:840} INFO - DAG(s) 'example_sensors' retrieved from /home/airflow/.local/lib/python3.12/site-packages/airflow/example_dags/example_sensors.py
[2024-07-25T04:11:23.999+0000] {logging_mixin.py:188} INFO - [2024-07-25T04:11:23.999+0000] {dag.py:3089} INFO - Sync 1 DAGs
[2024-07-25T04:11:24.006+0000] {logging_mixin.py:188} INFO - [2024-07-25T04:11:24.006+0000] {dag.py:3947} INFO - Setting next_dagrun for example_sensors to None, run_after=None
[2024-07-25T04:11:24.015+0000] {processor.py:183} INFO - Processing /home/airflow/.local/lib/python3.12/site-packages/airflow/example_dags/example_sensors.py took 0.039 seconds
