[2024-07-25T03:40:24.196+0000] {processor.py:161} INFO - Started process (PID=43) to work on /home/airflow/.local/lib/python3.12/site-packages/airflow/example_dags/example_latest_only_with_trigger.py
[2024-07-25T03:40:24.197+0000] {processor.py:830} INFO - Processing file /home/airflow/.local/lib/python3.12/site-packages/airflow/example_dags/example_latest_only_with_trigger.py for tasks to queue
[2024-07-25T03:40:24.198+0000] {logging_mixin.py:188} INFO - [2024-07-25T03:40:24.198+0000] {dagbag.py:545} INFO - Filling up the DagBag from /home/airflow/.local/lib/python3.12/site-packages/airflow/example_dags/example_latest_only_with_trigger.py
[2024-07-25T03:40:24.203+0000] {processor.py:840} INFO - DAG(s) 'latest_only_with_trigger' retrieved from /home/airflow/.local/lib/python3.12/site-packages/airflow/example_dags/example_latest_only_with_trigger.py
[2024-07-25T03:40:24.211+0000] {logging_mixin.py:188} INFO - [2024-07-25T03:40:24.211+0000] {dag.py:3089} INFO - Sync 1 DAGs
[2024-07-25T03:40:24.225+0000] {logging_mixin.py:188} INFO - [2024-07-25T03:40:24.225+0000] {dag.py:3947} INFO - Setting next_dagrun for latest_only_with_trigger to 2024-07-24 20:00:00+00:00, run_after=2024-07-25 00:00:00+00:00
[2024-07-25T03:40:24.235+0000] {processor.py:183} INFO - Processing /home/airflow/.local/lib/python3.12/site-packages/airflow/example_dags/example_latest_only_with_trigger.py took 0.044 seconds
[2024-07-25T03:40:55.072+0000] {processor.py:161} INFO - Started process (PID=101) to work on /home/airflow/.local/lib/python3.12/site-packages/airflow/example_dags/example_latest_only_with_trigger.py
[2024-07-25T03:40:55.073+0000] {processor.py:830} INFO - Processing file /home/airflow/.local/lib/python3.12/site-packages/airflow/example_dags/example_latest_only_with_trigger.py for tasks to queue
[2024-07-25T03:40:55.074+0000] {logging_mixin.py:188} INFO - [2024-07-25T03:40:55.074+0000] {dagbag.py:545} INFO - Filling up the DagBag from /home/airflow/.local/lib/python3.12/site-packages/airflow/example_dags/example_latest_only_with_trigger.py
[2024-07-25T03:40:55.078+0000] {processor.py:840} INFO - DAG(s) 'latest_only_with_trigger' retrieved from /home/airflow/.local/lib/python3.12/site-packages/airflow/example_dags/example_latest_only_with_trigger.py
[2024-07-25T03:40:55.132+0000] {logging_mixin.py:188} INFO - [2024-07-25T03:40:55.132+0000] {dag.py:3089} INFO - Sync 1 DAGs
[2024-07-25T03:40:55.141+0000] {logging_mixin.py:188} INFO - [2024-07-25T03:40:55.141+0000] {dag.py:3947} INFO - Setting next_dagrun for latest_only_with_trigger to 2024-07-24 20:00:00+00:00, run_after=2024-07-25 00:00:00+00:00
[2024-07-25T03:40:55.150+0000] {processor.py:183} INFO - Processing /home/airflow/.local/lib/python3.12/site-packages/airflow/example_dags/example_latest_only_with_trigger.py took 0.081 seconds
[2024-07-25T03:41:25.170+0000] {processor.py:161} INFO - Started process (PID=159) to work on /home/airflow/.local/lib/python3.12/site-packages/airflow/example_dags/example_latest_only_with_trigger.py
[2024-07-25T03:41:25.171+0000] {processor.py:830} INFO - Processing file /home/airflow/.local/lib/python3.12/site-packages/airflow/example_dags/example_latest_only_with_trigger.py for tasks to queue
[2024-07-25T03:41:25.172+0000] {logging_mixin.py:188} INFO - [2024-07-25T03:41:25.172+0000] {dagbag.py:545} INFO - Filling up the DagBag from /home/airflow/.local/lib/python3.12/site-packages/airflow/example_dags/example_latest_only_with_trigger.py
[2024-07-25T03:41:25.175+0000] {processor.py:840} INFO - DAG(s) 'latest_only_with_trigger' retrieved from /home/airflow/.local/lib/python3.12/site-packages/airflow/example_dags/example_latest_only_with_trigger.py
[2024-07-25T03:41:25.188+0000] {logging_mixin.py:188} INFO - [2024-07-25T03:41:25.187+0000] {dag.py:3089} INFO - Sync 1 DAGs
[2024-07-25T03:41:25.198+0000] {logging_mixin.py:188} INFO - [2024-07-25T03:41:25.198+0000] {dag.py:3947} INFO - Setting next_dagrun for latest_only_with_trigger to 2024-07-24 20:00:00+00:00, run_after=2024-07-25 00:00:00+00:00
[2024-07-25T03:41:25.206+0000] {processor.py:183} INFO - Processing /home/airflow/.local/lib/python3.12/site-packages/airflow/example_dags/example_latest_only_with_trigger.py took 0.040 seconds
[2024-07-25T03:41:55.383+0000] {processor.py:161} INFO - Started process (PID=217) to work on /home/airflow/.local/lib/python3.12/site-packages/airflow/example_dags/example_latest_only_with_trigger.py
[2024-07-25T03:41:55.384+0000] {processor.py:830} INFO - Processing file /home/airflow/.local/lib/python3.12/site-packages/airflow/example_dags/example_latest_only_with_trigger.py for tasks to queue
[2024-07-25T03:41:55.385+0000] {logging_mixin.py:188} INFO - [2024-07-25T03:41:55.385+0000] {dagbag.py:545} INFO - Filling up the DagBag from /home/airflow/.local/lib/python3.12/site-packages/airflow/example_dags/example_latest_only_with_trigger.py
[2024-07-25T03:41:55.389+0000] {processor.py:840} INFO - DAG(s) 'latest_only_with_trigger' retrieved from /home/airflow/.local/lib/python3.12/site-packages/airflow/example_dags/example_latest_only_with_trigger.py
[2024-07-25T03:41:55.402+0000] {logging_mixin.py:188} INFO - [2024-07-25T03:41:55.402+0000] {dag.py:3089} INFO - Sync 1 DAGs
[2024-07-25T03:41:55.412+0000] {logging_mixin.py:188} INFO - [2024-07-25T03:41:55.412+0000] {dag.py:3947} INFO - Setting next_dagrun for latest_only_with_trigger to 2024-07-24 20:00:00+00:00, run_after=2024-07-25 00:00:00+00:00
[2024-07-25T03:41:55.422+0000] {processor.py:183} INFO - Processing /home/airflow/.local/lib/python3.12/site-packages/airflow/example_dags/example_latest_only_with_trigger.py took 0.043 seconds
[2024-07-25T03:42:25.486+0000] {processor.py:161} INFO - Started process (PID=275) to work on /home/airflow/.local/lib/python3.12/site-packages/airflow/example_dags/example_latest_only_with_trigger.py
[2024-07-25T03:42:25.487+0000] {processor.py:830} INFO - Processing file /home/airflow/.local/lib/python3.12/site-packages/airflow/example_dags/example_latest_only_with_trigger.py for tasks to queue
[2024-07-25T03:42:25.488+0000] {logging_mixin.py:188} INFO - [2024-07-25T03:42:25.488+0000] {dagbag.py:545} INFO - Filling up the DagBag from /home/airflow/.local/lib/python3.12/site-packages/airflow/example_dags/example_latest_only_with_trigger.py
[2024-07-25T03:42:25.492+0000] {processor.py:840} INFO - DAG(s) 'latest_only_with_trigger' retrieved from /home/airflow/.local/lib/python3.12/site-packages/airflow/example_dags/example_latest_only_with_trigger.py
[2024-07-25T03:42:25.504+0000] {logging_mixin.py:188} INFO - [2024-07-25T03:42:25.503+0000] {dag.py:3089} INFO - Sync 1 DAGs
[2024-07-25T03:42:25.515+0000] {logging_mixin.py:188} INFO - [2024-07-25T03:42:25.515+0000] {dag.py:3947} INFO - Setting next_dagrun for latest_only_with_trigger to 2024-07-24 20:00:00+00:00, run_after=2024-07-25 00:00:00+00:00
[2024-07-25T03:42:25.524+0000] {processor.py:183} INFO - Processing /home/airflow/.local/lib/python3.12/site-packages/airflow/example_dags/example_latest_only_with_trigger.py took 0.041 seconds
[2024-07-25T03:42:55.838+0000] {processor.py:161} INFO - Started process (PID=333) to work on /home/airflow/.local/lib/python3.12/site-packages/airflow/example_dags/example_latest_only_with_trigger.py
[2024-07-25T03:42:55.839+0000] {processor.py:830} INFO - Processing file /home/airflow/.local/lib/python3.12/site-packages/airflow/example_dags/example_latest_only_with_trigger.py for tasks to queue
[2024-07-25T03:42:55.841+0000] {logging_mixin.py:188} INFO - [2024-07-25T03:42:55.841+0000] {dagbag.py:545} INFO - Filling up the DagBag from /home/airflow/.local/lib/python3.12/site-packages/airflow/example_dags/example_latest_only_with_trigger.py
[2024-07-25T03:42:55.845+0000] {processor.py:840} INFO - DAG(s) 'latest_only_with_trigger' retrieved from /home/airflow/.local/lib/python3.12/site-packages/airflow/example_dags/example_latest_only_with_trigger.py
[2024-07-25T03:42:55.857+0000] {logging_mixin.py:188} INFO - [2024-07-25T03:42:55.857+0000] {dag.py:3089} INFO - Sync 1 DAGs
[2024-07-25T03:42:55.868+0000] {logging_mixin.py:188} INFO - [2024-07-25T03:42:55.868+0000] {dag.py:3947} INFO - Setting next_dagrun for latest_only_with_trigger to 2024-07-24 20:00:00+00:00, run_after=2024-07-25 00:00:00+00:00
[2024-07-25T03:42:55.877+0000] {processor.py:183} INFO - Processing /home/airflow/.local/lib/python3.12/site-packages/airflow/example_dags/example_latest_only_with_trigger.py took 0.043 seconds
[2024-07-25T03:43:26.119+0000] {processor.py:161} INFO - Started process (PID=391) to work on /home/airflow/.local/lib/python3.12/site-packages/airflow/example_dags/example_latest_only_with_trigger.py
[2024-07-25T03:43:26.120+0000] {processor.py:830} INFO - Processing file /home/airflow/.local/lib/python3.12/site-packages/airflow/example_dags/example_latest_only_with_trigger.py for tasks to queue
[2024-07-25T03:43:26.121+0000] {logging_mixin.py:188} INFO - [2024-07-25T03:43:26.121+0000] {dagbag.py:545} INFO - Filling up the DagBag from /home/airflow/.local/lib/python3.12/site-packages/airflow/example_dags/example_latest_only_with_trigger.py
[2024-07-25T03:43:26.125+0000] {processor.py:840} INFO - DAG(s) 'latest_only_with_trigger' retrieved from /home/airflow/.local/lib/python3.12/site-packages/airflow/example_dags/example_latest_only_with_trigger.py
[2024-07-25T03:43:26.137+0000] {logging_mixin.py:188} INFO - [2024-07-25T03:43:26.137+0000] {dag.py:3089} INFO - Sync 1 DAGs
[2024-07-25T03:43:26.148+0000] {logging_mixin.py:188} INFO - [2024-07-25T03:43:26.148+0000] {dag.py:3947} INFO - Setting next_dagrun for latest_only_with_trigger to 2024-07-24 20:00:00+00:00, run_after=2024-07-25 00:00:00+00:00
[2024-07-25T03:43:26.158+0000] {processor.py:183} INFO - Processing /home/airflow/.local/lib/python3.12/site-packages/airflow/example_dags/example_latest_only_with_trigger.py took 0.042 seconds
[2024-07-25T03:43:56.354+0000] {processor.py:161} INFO - Started process (PID=449) to work on /home/airflow/.local/lib/python3.12/site-packages/airflow/example_dags/example_latest_only_with_trigger.py
[2024-07-25T03:43:56.355+0000] {processor.py:830} INFO - Processing file /home/airflow/.local/lib/python3.12/site-packages/airflow/example_dags/example_latest_only_with_trigger.py for tasks to queue
[2024-07-25T03:43:56.357+0000] {logging_mixin.py:188} INFO - [2024-07-25T03:43:56.356+0000] {dagbag.py:545} INFO - Filling up the DagBag from /home/airflow/.local/lib/python3.12/site-packages/airflow/example_dags/example_latest_only_with_trigger.py
[2024-07-25T03:43:56.361+0000] {processor.py:840} INFO - DAG(s) 'latest_only_with_trigger' retrieved from /home/airflow/.local/lib/python3.12/site-packages/airflow/example_dags/example_latest_only_with_trigger.py
[2024-07-25T03:43:56.379+0000] {logging_mixin.py:188} INFO - [2024-07-25T03:43:56.379+0000] {dag.py:3089} INFO - Sync 1 DAGs
[2024-07-25T03:43:56.390+0000] {logging_mixin.py:188} INFO - [2024-07-25T03:43:56.390+0000] {dag.py:3947} INFO - Setting next_dagrun for latest_only_with_trigger to 2024-07-24 20:00:00+00:00, run_after=2024-07-25 00:00:00+00:00
[2024-07-25T03:43:56.400+0000] {processor.py:183} INFO - Processing /home/airflow/.local/lib/python3.12/site-packages/airflow/example_dags/example_latest_only_with_trigger.py took 0.050 seconds
[2024-07-25T03:44:26.445+0000] {processor.py:161} INFO - Started process (PID=507) to work on /home/airflow/.local/lib/python3.12/site-packages/airflow/example_dags/example_latest_only_with_trigger.py
[2024-07-25T03:44:26.445+0000] {processor.py:830} INFO - Processing file /home/airflow/.local/lib/python3.12/site-packages/airflow/example_dags/example_latest_only_with_trigger.py for tasks to queue
[2024-07-25T03:44:26.447+0000] {logging_mixin.py:188} INFO - [2024-07-25T03:44:26.446+0000] {dagbag.py:545} INFO - Filling up the DagBag from /home/airflow/.local/lib/python3.12/site-packages/airflow/example_dags/example_latest_only_with_trigger.py
[2024-07-25T03:44:26.450+0000] {processor.py:840} INFO - DAG(s) 'latest_only_with_trigger' retrieved from /home/airflow/.local/lib/python3.12/site-packages/airflow/example_dags/example_latest_only_with_trigger.py
[2024-07-25T03:44:26.468+0000] {logging_mixin.py:188} INFO - [2024-07-25T03:44:26.468+0000] {dag.py:3089} INFO - Sync 1 DAGs
[2024-07-25T03:44:26.480+0000] {logging_mixin.py:188} INFO - [2024-07-25T03:44:26.480+0000] {dag.py:3947} INFO - Setting next_dagrun for latest_only_with_trigger to 2024-07-24 20:00:00+00:00, run_after=2024-07-25 00:00:00+00:00
[2024-07-25T03:44:26.490+0000] {processor.py:183} INFO - Processing /home/airflow/.local/lib/python3.12/site-packages/airflow/example_dags/example_latest_only_with_trigger.py took 0.049 seconds
[2024-07-25T03:44:56.890+0000] {processor.py:161} INFO - Started process (PID=565) to work on /home/airflow/.local/lib/python3.12/site-packages/airflow/example_dags/example_latest_only_with_trigger.py
[2024-07-25T03:44:56.891+0000] {processor.py:830} INFO - Processing file /home/airflow/.local/lib/python3.12/site-packages/airflow/example_dags/example_latest_only_with_trigger.py for tasks to queue
[2024-07-25T03:44:56.892+0000] {logging_mixin.py:188} INFO - [2024-07-25T03:44:56.892+0000] {dagbag.py:545} INFO - Filling up the DagBag from /home/airflow/.local/lib/python3.12/site-packages/airflow/example_dags/example_latest_only_with_trigger.py
[2024-07-25T03:44:56.896+0000] {processor.py:840} INFO - DAG(s) 'latest_only_with_trigger' retrieved from /home/airflow/.local/lib/python3.12/site-packages/airflow/example_dags/example_latest_only_with_trigger.py
[2024-07-25T03:44:56.907+0000] {logging_mixin.py:188} INFO - [2024-07-25T03:44:56.907+0000] {dag.py:3089} INFO - Sync 1 DAGs
[2024-07-25T03:44:56.918+0000] {logging_mixin.py:188} INFO - [2024-07-25T03:44:56.918+0000] {dag.py:3947} INFO - Setting next_dagrun for latest_only_with_trigger to 2024-07-24 20:00:00+00:00, run_after=2024-07-25 00:00:00+00:00
[2024-07-25T03:44:56.926+0000] {processor.py:183} INFO - Processing /home/airflow/.local/lib/python3.12/site-packages/airflow/example_dags/example_latest_only_with_trigger.py took 0.040 seconds
[2024-07-25T03:45:27.177+0000] {processor.py:161} INFO - Started process (PID=623) to work on /home/airflow/.local/lib/python3.12/site-packages/airflow/example_dags/example_latest_only_with_trigger.py
[2024-07-25T03:45:27.178+0000] {processor.py:830} INFO - Processing file /home/airflow/.local/lib/python3.12/site-packages/airflow/example_dags/example_latest_only_with_trigger.py for tasks to queue
[2024-07-25T03:45:27.179+0000] {logging_mixin.py:188} INFO - [2024-07-25T03:45:27.179+0000] {dagbag.py:545} INFO - Filling up the DagBag from /home/airflow/.local/lib/python3.12/site-packages/airflow/example_dags/example_latest_only_with_trigger.py
[2024-07-25T03:45:27.182+0000] {processor.py:840} INFO - DAG(s) 'latest_only_with_trigger' retrieved from /home/airflow/.local/lib/python3.12/site-packages/airflow/example_dags/example_latest_only_with_trigger.py
[2024-07-25T03:45:27.194+0000] {logging_mixin.py:188} INFO - [2024-07-25T03:45:27.194+0000] {dag.py:3089} INFO - Sync 1 DAGs
[2024-07-25T03:45:27.205+0000] {logging_mixin.py:188} INFO - [2024-07-25T03:45:27.205+0000] {dag.py:3947} INFO - Setting next_dagrun for latest_only_with_trigger to 2024-07-24 20:00:00+00:00, run_after=2024-07-25 00:00:00+00:00
[2024-07-25T03:45:27.215+0000] {processor.py:183} INFO - Processing /home/airflow/.local/lib/python3.12/site-packages/airflow/example_dags/example_latest_only_with_trigger.py took 0.041 seconds
[2024-07-25T03:45:57.480+0000] {processor.py:161} INFO - Started process (PID=681) to work on /home/airflow/.local/lib/python3.12/site-packages/airflow/example_dags/example_latest_only_with_trigger.py
[2024-07-25T03:45:57.481+0000] {processor.py:830} INFO - Processing file /home/airflow/.local/lib/python3.12/site-packages/airflow/example_dags/example_latest_only_with_trigger.py for tasks to queue
[2024-07-25T03:45:57.482+0000] {logging_mixin.py:188} INFO - [2024-07-25T03:45:57.482+0000] {dagbag.py:545} INFO - Filling up the DagBag from /home/airflow/.local/lib/python3.12/site-packages/airflow/example_dags/example_latest_only_with_trigger.py
[2024-07-25T03:45:57.486+0000] {processor.py:840} INFO - DAG(s) 'latest_only_with_trigger' retrieved from /home/airflow/.local/lib/python3.12/site-packages/airflow/example_dags/example_latest_only_with_trigger.py
[2024-07-25T03:45:57.497+0000] {logging_mixin.py:188} INFO - [2024-07-25T03:45:57.497+0000] {dag.py:3089} INFO - Sync 1 DAGs
[2024-07-25T03:45:57.509+0000] {logging_mixin.py:188} INFO - [2024-07-25T03:45:57.509+0000] {dag.py:3947} INFO - Setting next_dagrun for latest_only_with_trigger to 2024-07-24 20:00:00+00:00, run_after=2024-07-25 00:00:00+00:00
[2024-07-25T03:45:57.518+0000] {processor.py:183} INFO - Processing /home/airflow/.local/lib/python3.12/site-packages/airflow/example_dags/example_latest_only_with_trigger.py took 0.042 seconds
[2024-07-25T03:46:27.685+0000] {processor.py:161} INFO - Started process (PID=739) to work on /home/airflow/.local/lib/python3.12/site-packages/airflow/example_dags/example_latest_only_with_trigger.py
[2024-07-25T03:46:27.686+0000] {processor.py:830} INFO - Processing file /home/airflow/.local/lib/python3.12/site-packages/airflow/example_dags/example_latest_only_with_trigger.py for tasks to queue
[2024-07-25T03:46:27.687+0000] {logging_mixin.py:188} INFO - [2024-07-25T03:46:27.687+0000] {dagbag.py:545} INFO - Filling up the DagBag from /home/airflow/.local/lib/python3.12/site-packages/airflow/example_dags/example_latest_only_with_trigger.py
[2024-07-25T03:46:27.691+0000] {processor.py:840} INFO - DAG(s) 'latest_only_with_trigger' retrieved from /home/airflow/.local/lib/python3.12/site-packages/airflow/example_dags/example_latest_only_with_trigger.py
[2024-07-25T03:46:27.704+0000] {logging_mixin.py:188} INFO - [2024-07-25T03:46:27.704+0000] {dag.py:3089} INFO - Sync 1 DAGs
[2024-07-25T03:46:27.715+0000] {logging_mixin.py:188} INFO - [2024-07-25T03:46:27.715+0000] {dag.py:3947} INFO - Setting next_dagrun for latest_only_with_trigger to 2024-07-24 20:00:00+00:00, run_after=2024-07-25 00:00:00+00:00
[2024-07-25T03:46:27.726+0000] {processor.py:183} INFO - Processing /home/airflow/.local/lib/python3.12/site-packages/airflow/example_dags/example_latest_only_with_trigger.py took 0.044 seconds
[2024-07-25T03:46:57.845+0000] {processor.py:161} INFO - Started process (PID=797) to work on /home/airflow/.local/lib/python3.12/site-packages/airflow/example_dags/example_latest_only_with_trigger.py
[2024-07-25T03:46:57.845+0000] {processor.py:830} INFO - Processing file /home/airflow/.local/lib/python3.12/site-packages/airflow/example_dags/example_latest_only_with_trigger.py for tasks to queue
[2024-07-25T03:46:57.847+0000] {logging_mixin.py:188} INFO - [2024-07-25T03:46:57.846+0000] {dagbag.py:545} INFO - Filling up the DagBag from /home/airflow/.local/lib/python3.12/site-packages/airflow/example_dags/example_latest_only_with_trigger.py
[2024-07-25T03:46:57.850+0000] {processor.py:840} INFO - DAG(s) 'latest_only_with_trigger' retrieved from /home/airflow/.local/lib/python3.12/site-packages/airflow/example_dags/example_latest_only_with_trigger.py
[2024-07-25T03:46:57.862+0000] {logging_mixin.py:188} INFO - [2024-07-25T03:46:57.862+0000] {dag.py:3089} INFO - Sync 1 DAGs
[2024-07-25T03:46:57.874+0000] {logging_mixin.py:188} INFO - [2024-07-25T03:46:57.873+0000] {dag.py:3947} INFO - Setting next_dagrun for latest_only_with_trigger to 2024-07-24 20:00:00+00:00, run_after=2024-07-25 00:00:00+00:00
[2024-07-25T03:46:57.883+0000] {processor.py:183} INFO - Processing /home/airflow/.local/lib/python3.12/site-packages/airflow/example_dags/example_latest_only_with_trigger.py took 0.042 seconds
[2024-07-25T03:47:28.243+0000] {processor.py:161} INFO - Started process (PID=855) to work on /home/airflow/.local/lib/python3.12/site-packages/airflow/example_dags/example_latest_only_with_trigger.py
[2024-07-25T03:47:28.244+0000] {processor.py:830} INFO - Processing file /home/airflow/.local/lib/python3.12/site-packages/airflow/example_dags/example_latest_only_with_trigger.py for tasks to queue
[2024-07-25T03:47:28.245+0000] {logging_mixin.py:188} INFO - [2024-07-25T03:47:28.245+0000] {dagbag.py:545} INFO - Filling up the DagBag from /home/airflow/.local/lib/python3.12/site-packages/airflow/example_dags/example_latest_only_with_trigger.py
[2024-07-25T03:47:28.249+0000] {processor.py:840} INFO - DAG(s) 'latest_only_with_trigger' retrieved from /home/airflow/.local/lib/python3.12/site-packages/airflow/example_dags/example_latest_only_with_trigger.py
[2024-07-25T03:47:28.261+0000] {logging_mixin.py:188} INFO - [2024-07-25T03:47:28.261+0000] {dag.py:3089} INFO - Sync 1 DAGs
[2024-07-25T03:47:28.272+0000] {logging_mixin.py:188} INFO - [2024-07-25T03:47:28.272+0000] {dag.py:3947} INFO - Setting next_dagrun for latest_only_with_trigger to 2024-07-24 20:00:00+00:00, run_after=2024-07-25 00:00:00+00:00
[2024-07-25T03:47:28.281+0000] {processor.py:183} INFO - Processing /home/airflow/.local/lib/python3.12/site-packages/airflow/example_dags/example_latest_only_with_trigger.py took 0.042 seconds
[2024-07-25T03:47:58.359+0000] {processor.py:161} INFO - Started process (PID=913) to work on /home/airflow/.local/lib/python3.12/site-packages/airflow/example_dags/example_latest_only_with_trigger.py
[2024-07-25T03:47:58.360+0000] {processor.py:830} INFO - Processing file /home/airflow/.local/lib/python3.12/site-packages/airflow/example_dags/example_latest_only_with_trigger.py for tasks to queue
[2024-07-25T03:47:58.361+0000] {logging_mixin.py:188} INFO - [2024-07-25T03:47:58.361+0000] {dagbag.py:545} INFO - Filling up the DagBag from /home/airflow/.local/lib/python3.12/site-packages/airflow/example_dags/example_latest_only_with_trigger.py
[2024-07-25T03:47:58.365+0000] {processor.py:840} INFO - DAG(s) 'latest_only_with_trigger' retrieved from /home/airflow/.local/lib/python3.12/site-packages/airflow/example_dags/example_latest_only_with_trigger.py
[2024-07-25T03:47:58.377+0000] {logging_mixin.py:188} INFO - [2024-07-25T03:47:58.377+0000] {dag.py:3089} INFO - Sync 1 DAGs
[2024-07-25T03:47:58.388+0000] {logging_mixin.py:188} INFO - [2024-07-25T03:47:58.388+0000] {dag.py:3947} INFO - Setting next_dagrun for latest_only_with_trigger to 2024-07-24 20:00:00+00:00, run_after=2024-07-25 00:00:00+00:00
[2024-07-25T03:47:58.397+0000] {processor.py:183} INFO - Processing /home/airflow/.local/lib/python3.12/site-packages/airflow/example_dags/example_latest_only_with_trigger.py took 0.041 seconds
[2024-07-25T03:48:28.510+0000] {processor.py:161} INFO - Started process (PID=971) to work on /home/airflow/.local/lib/python3.12/site-packages/airflow/example_dags/example_latest_only_with_trigger.py
[2024-07-25T03:48:28.511+0000] {processor.py:830} INFO - Processing file /home/airflow/.local/lib/python3.12/site-packages/airflow/example_dags/example_latest_only_with_trigger.py for tasks to queue
[2024-07-25T03:48:28.512+0000] {logging_mixin.py:188} INFO - [2024-07-25T03:48:28.512+0000] {dagbag.py:545} INFO - Filling up the DagBag from /home/airflow/.local/lib/python3.12/site-packages/airflow/example_dags/example_latest_only_with_trigger.py
[2024-07-25T03:48:28.515+0000] {processor.py:840} INFO - DAG(s) 'latest_only_with_trigger' retrieved from /home/airflow/.local/lib/python3.12/site-packages/airflow/example_dags/example_latest_only_with_trigger.py
[2024-07-25T03:48:28.527+0000] {logging_mixin.py:188} INFO - [2024-07-25T03:48:28.527+0000] {dag.py:3089} INFO - Sync 1 DAGs
[2024-07-25T03:48:28.538+0000] {logging_mixin.py:188} INFO - [2024-07-25T03:48:28.538+0000] {dag.py:3947} INFO - Setting next_dagrun for latest_only_with_trigger to 2024-07-24 20:00:00+00:00, run_after=2024-07-25 00:00:00+00:00
[2024-07-25T03:48:28.547+0000] {processor.py:183} INFO - Processing /home/airflow/.local/lib/python3.12/site-packages/airflow/example_dags/example_latest_only_with_trigger.py took 0.041 seconds
[2024-07-25T03:48:58.702+0000] {processor.py:161} INFO - Started process (PID=1029) to work on /home/airflow/.local/lib/python3.12/site-packages/airflow/example_dags/example_latest_only_with_trigger.py
[2024-07-25T03:48:58.702+0000] {processor.py:830} INFO - Processing file /home/airflow/.local/lib/python3.12/site-packages/airflow/example_dags/example_latest_only_with_trigger.py for tasks to queue
[2024-07-25T03:48:58.704+0000] {logging_mixin.py:188} INFO - [2024-07-25T03:48:58.704+0000] {dagbag.py:545} INFO - Filling up the DagBag from /home/airflow/.local/lib/python3.12/site-packages/airflow/example_dags/example_latest_only_with_trigger.py
[2024-07-25T03:48:58.708+0000] {processor.py:840} INFO - DAG(s) 'latest_only_with_trigger' retrieved from /home/airflow/.local/lib/python3.12/site-packages/airflow/example_dags/example_latest_only_with_trigger.py
[2024-07-25T03:48:58.720+0000] {logging_mixin.py:188} INFO - [2024-07-25T03:48:58.720+0000] {dag.py:3089} INFO - Sync 1 DAGs
[2024-07-25T03:48:58.732+0000] {logging_mixin.py:188} INFO - [2024-07-25T03:48:58.732+0000] {dag.py:3947} INFO - Setting next_dagrun for latest_only_with_trigger to 2024-07-24 20:00:00+00:00, run_after=2024-07-25 00:00:00+00:00
[2024-07-25T03:48:58.741+0000] {processor.py:183} INFO - Processing /home/airflow/.local/lib/python3.12/site-packages/airflow/example_dags/example_latest_only_with_trigger.py took 0.043 seconds
[2024-07-25T03:49:29.129+0000] {processor.py:161} INFO - Started process (PID=1087) to work on /home/airflow/.local/lib/python3.12/site-packages/airflow/example_dags/example_latest_only_with_trigger.py
[2024-07-25T03:49:29.130+0000] {processor.py:830} INFO - Processing file /home/airflow/.local/lib/python3.12/site-packages/airflow/example_dags/example_latest_only_with_trigger.py for tasks to queue
[2024-07-25T03:49:29.131+0000] {logging_mixin.py:188} INFO - [2024-07-25T03:49:29.131+0000] {dagbag.py:545} INFO - Filling up the DagBag from /home/airflow/.local/lib/python3.12/site-packages/airflow/example_dags/example_latest_only_with_trigger.py
[2024-07-25T03:49:29.135+0000] {processor.py:840} INFO - DAG(s) 'latest_only_with_trigger' retrieved from /home/airflow/.local/lib/python3.12/site-packages/airflow/example_dags/example_latest_only_with_trigger.py
[2024-07-25T03:49:29.147+0000] {logging_mixin.py:188} INFO - [2024-07-25T03:49:29.147+0000] {dag.py:3089} INFO - Sync 1 DAGs
[2024-07-25T03:49:29.158+0000] {logging_mixin.py:188} INFO - [2024-07-25T03:49:29.158+0000] {dag.py:3947} INFO - Setting next_dagrun for latest_only_with_trigger to 2024-07-24 20:00:00+00:00, run_after=2024-07-25 00:00:00+00:00
[2024-07-25T03:49:29.167+0000] {processor.py:183} INFO - Processing /home/airflow/.local/lib/python3.12/site-packages/airflow/example_dags/example_latest_only_with_trigger.py took 0.042 seconds
[2024-07-25T03:49:59.509+0000] {processor.py:161} INFO - Started process (PID=1145) to work on /home/airflow/.local/lib/python3.12/site-packages/airflow/example_dags/example_latest_only_with_trigger.py
[2024-07-25T03:49:59.510+0000] {processor.py:830} INFO - Processing file /home/airflow/.local/lib/python3.12/site-packages/airflow/example_dags/example_latest_only_with_trigger.py for tasks to queue
[2024-07-25T03:49:59.512+0000] {logging_mixin.py:188} INFO - [2024-07-25T03:49:59.512+0000] {dagbag.py:545} INFO - Filling up the DagBag from /home/airflow/.local/lib/python3.12/site-packages/airflow/example_dags/example_latest_only_with_trigger.py
[2024-07-25T03:49:59.516+0000] {processor.py:840} INFO - DAG(s) 'latest_only_with_trigger' retrieved from /home/airflow/.local/lib/python3.12/site-packages/airflow/example_dags/example_latest_only_with_trigger.py
[2024-07-25T03:49:59.528+0000] {logging_mixin.py:188} INFO - [2024-07-25T03:49:59.528+0000] {dag.py:3089} INFO - Sync 1 DAGs
[2024-07-25T03:49:59.538+0000] {logging_mixin.py:188} INFO - [2024-07-25T03:49:59.538+0000] {dag.py:3947} INFO - Setting next_dagrun for latest_only_with_trigger to 2024-07-24 20:00:00+00:00, run_after=2024-07-25 00:00:00+00:00
[2024-07-25T03:49:59.546+0000] {processor.py:183} INFO - Processing /home/airflow/.local/lib/python3.12/site-packages/airflow/example_dags/example_latest_only_with_trigger.py took 0.041 seconds
[2024-07-25T03:50:29.660+0000] {processor.py:161} INFO - Started process (PID=1203) to work on /home/airflow/.local/lib/python3.12/site-packages/airflow/example_dags/example_latest_only_with_trigger.py
[2024-07-25T03:50:29.660+0000] {processor.py:830} INFO - Processing file /home/airflow/.local/lib/python3.12/site-packages/airflow/example_dags/example_latest_only_with_trigger.py for tasks to queue
[2024-07-25T03:50:29.662+0000] {logging_mixin.py:188} INFO - [2024-07-25T03:50:29.661+0000] {dagbag.py:545} INFO - Filling up the DagBag from /home/airflow/.local/lib/python3.12/site-packages/airflow/example_dags/example_latest_only_with_trigger.py
[2024-07-25T03:50:29.666+0000] {processor.py:840} INFO - DAG(s) 'latest_only_with_trigger' retrieved from /home/airflow/.local/lib/python3.12/site-packages/airflow/example_dags/example_latest_only_with_trigger.py
[2024-07-25T03:50:29.678+0000] {logging_mixin.py:188} INFO - [2024-07-25T03:50:29.678+0000] {dag.py:3089} INFO - Sync 1 DAGs
[2024-07-25T03:50:29.695+0000] {logging_mixin.py:188} INFO - [2024-07-25T03:50:29.695+0000] {dag.py:3947} INFO - Setting next_dagrun for latest_only_with_trigger to 2024-07-24 20:00:00+00:00, run_after=2024-07-25 00:00:00+00:00
[2024-07-25T03:50:29.705+0000] {processor.py:183} INFO - Processing /home/airflow/.local/lib/python3.12/site-packages/airflow/example_dags/example_latest_only_with_trigger.py took 0.049 seconds
[2024-07-25T03:50:59.915+0000] {processor.py:161} INFO - Started process (PID=1261) to work on /home/airflow/.local/lib/python3.12/site-packages/airflow/example_dags/example_latest_only_with_trigger.py
[2024-07-25T03:50:59.915+0000] {processor.py:830} INFO - Processing file /home/airflow/.local/lib/python3.12/site-packages/airflow/example_dags/example_latest_only_with_trigger.py for tasks to queue
[2024-07-25T03:50:59.917+0000] {logging_mixin.py:188} INFO - [2024-07-25T03:50:59.916+0000] {dagbag.py:545} INFO - Filling up the DagBag from /home/airflow/.local/lib/python3.12/site-packages/airflow/example_dags/example_latest_only_with_trigger.py
[2024-07-25T03:50:59.920+0000] {processor.py:840} INFO - DAG(s) 'latest_only_with_trigger' retrieved from /home/airflow/.local/lib/python3.12/site-packages/airflow/example_dags/example_latest_only_with_trigger.py
[2024-07-25T03:50:59.932+0000] {logging_mixin.py:188} INFO - [2024-07-25T03:50:59.932+0000] {dag.py:3089} INFO - Sync 1 DAGs
[2024-07-25T03:50:59.943+0000] {logging_mixin.py:188} INFO - [2024-07-25T03:50:59.942+0000] {dag.py:3947} INFO - Setting next_dagrun for latest_only_with_trigger to 2024-07-24 20:00:00+00:00, run_after=2024-07-25 00:00:00+00:00
[2024-07-25T03:50:59.952+0000] {processor.py:183} INFO - Processing /home/airflow/.local/lib/python3.12/site-packages/airflow/example_dags/example_latest_only_with_trigger.py took 0.041 seconds
[2024-07-25T03:51:30.142+0000] {processor.py:161} INFO - Started process (PID=1319) to work on /home/airflow/.local/lib/python3.12/site-packages/airflow/example_dags/example_latest_only_with_trigger.py
[2024-07-25T03:51:30.143+0000] {processor.py:830} INFO - Processing file /home/airflow/.local/lib/python3.12/site-packages/airflow/example_dags/example_latest_only_with_trigger.py for tasks to queue
[2024-07-25T03:51:30.145+0000] {logging_mixin.py:188} INFO - [2024-07-25T03:51:30.144+0000] {dagbag.py:545} INFO - Filling up the DagBag from /home/airflow/.local/lib/python3.12/site-packages/airflow/example_dags/example_latest_only_with_trigger.py
[2024-07-25T03:51:30.148+0000] {processor.py:840} INFO - DAG(s) 'latest_only_with_trigger' retrieved from /home/airflow/.local/lib/python3.12/site-packages/airflow/example_dags/example_latest_only_with_trigger.py
[2024-07-25T03:51:30.160+0000] {logging_mixin.py:188} INFO - [2024-07-25T03:51:30.160+0000] {dag.py:3089} INFO - Sync 1 DAGs
[2024-07-25T03:51:30.171+0000] {logging_mixin.py:188} INFO - [2024-07-25T03:51:30.171+0000] {dag.py:3947} INFO - Setting next_dagrun for latest_only_with_trigger to 2024-07-24 20:00:00+00:00, run_after=2024-07-25 00:00:00+00:00
[2024-07-25T03:51:30.180+0000] {processor.py:183} INFO - Processing /home/airflow/.local/lib/python3.12/site-packages/airflow/example_dags/example_latest_only_with_trigger.py took 0.042 seconds
[2024-07-25T03:52:00.289+0000] {processor.py:161} INFO - Started process (PID=1377) to work on /home/airflow/.local/lib/python3.12/site-packages/airflow/example_dags/example_latest_only_with_trigger.py
[2024-07-25T03:52:00.290+0000] {processor.py:830} INFO - Processing file /home/airflow/.local/lib/python3.12/site-packages/airflow/example_dags/example_latest_only_with_trigger.py for tasks to queue
[2024-07-25T03:52:00.292+0000] {logging_mixin.py:188} INFO - [2024-07-25T03:52:00.291+0000] {dagbag.py:545} INFO - Filling up the DagBag from /home/airflow/.local/lib/python3.12/site-packages/airflow/example_dags/example_latest_only_with_trigger.py
[2024-07-25T03:52:00.295+0000] {processor.py:840} INFO - DAG(s) 'latest_only_with_trigger' retrieved from /home/airflow/.local/lib/python3.12/site-packages/airflow/example_dags/example_latest_only_with_trigger.py
[2024-07-25T03:52:00.307+0000] {logging_mixin.py:188} INFO - [2024-07-25T03:52:00.307+0000] {dag.py:3089} INFO - Sync 1 DAGs
[2024-07-25T03:52:00.319+0000] {logging_mixin.py:188} INFO - [2024-07-25T03:52:00.318+0000] {dag.py:3947} INFO - Setting next_dagrun for latest_only_with_trigger to 2024-07-24 20:00:00+00:00, run_after=2024-07-25 00:00:00+00:00
[2024-07-25T03:52:00.329+0000] {processor.py:183} INFO - Processing /home/airflow/.local/lib/python3.12/site-packages/airflow/example_dags/example_latest_only_with_trigger.py took 0.043 seconds
[2024-07-25T03:52:30.470+0000] {processor.py:161} INFO - Started process (PID=1435) to work on /home/airflow/.local/lib/python3.12/site-packages/airflow/example_dags/example_latest_only_with_trigger.py
[2024-07-25T03:52:30.470+0000] {processor.py:830} INFO - Processing file /home/airflow/.local/lib/python3.12/site-packages/airflow/example_dags/example_latest_only_with_trigger.py for tasks to queue
[2024-07-25T03:52:30.472+0000] {logging_mixin.py:188} INFO - [2024-07-25T03:52:30.472+0000] {dagbag.py:545} INFO - Filling up the DagBag from /home/airflow/.local/lib/python3.12/site-packages/airflow/example_dags/example_latest_only_with_trigger.py
[2024-07-25T03:52:30.475+0000] {processor.py:840} INFO - DAG(s) 'latest_only_with_trigger' retrieved from /home/airflow/.local/lib/python3.12/site-packages/airflow/example_dags/example_latest_only_with_trigger.py
[2024-07-25T03:52:30.487+0000] {logging_mixin.py:188} INFO - [2024-07-25T03:52:30.487+0000] {dag.py:3089} INFO - Sync 1 DAGs
[2024-07-25T03:52:30.497+0000] {logging_mixin.py:188} INFO - [2024-07-25T03:52:30.497+0000] {dag.py:3947} INFO - Setting next_dagrun for latest_only_with_trigger to 2024-07-24 20:00:00+00:00, run_after=2024-07-25 00:00:00+00:00
[2024-07-25T03:52:30.506+0000] {processor.py:183} INFO - Processing /home/airflow/.local/lib/python3.12/site-packages/airflow/example_dags/example_latest_only_with_trigger.py took 0.040 seconds
[2024-07-25T04:03:46.002+0000] {processor.py:161} INFO - Started process (PID=43) to work on /home/airflow/.local/lib/python3.12/site-packages/airflow/example_dags/example_latest_only_with_trigger.py
[2024-07-25T04:03:46.003+0000] {processor.py:830} INFO - Processing file /home/airflow/.local/lib/python3.12/site-packages/airflow/example_dags/example_latest_only_with_trigger.py for tasks to queue
[2024-07-25T04:03:46.006+0000] {logging_mixin.py:188} INFO - [2024-07-25T04:03:46.005+0000] {dagbag.py:545} INFO - Filling up the DagBag from /home/airflow/.local/lib/python3.12/site-packages/airflow/example_dags/example_latest_only_with_trigger.py
[2024-07-25T04:03:46.015+0000] {processor.py:840} INFO - DAG(s) 'latest_only_with_trigger' retrieved from /home/airflow/.local/lib/python3.12/site-packages/airflow/example_dags/example_latest_only_with_trigger.py
[2024-07-25T04:03:46.030+0000] {logging_mixin.py:188} INFO - [2024-07-25T04:03:46.030+0000] {dag.py:3089} INFO - Sync 1 DAGs
[2024-07-25T04:03:46.054+0000] {logging_mixin.py:188} INFO - [2024-07-25T04:03:46.054+0000] {dag.py:3947} INFO - Setting next_dagrun for latest_only_with_trigger to 2024-07-25 00:00:00+00:00, run_after=2024-07-25 04:00:00+00:00
[2024-07-25T04:03:46.069+0000] {processor.py:183} INFO - Processing /home/airflow/.local/lib/python3.12/site-packages/airflow/example_dags/example_latest_only_with_trigger.py took 0.073 seconds
[2024-07-25T04:04:17.155+0000] {processor.py:161} INFO - Started process (PID=101) to work on /home/airflow/.local/lib/python3.12/site-packages/airflow/example_dags/example_latest_only_with_trigger.py
[2024-07-25T04:04:17.156+0000] {processor.py:830} INFO - Processing file /home/airflow/.local/lib/python3.12/site-packages/airflow/example_dags/example_latest_only_with_trigger.py for tasks to queue
[2024-07-25T04:04:17.158+0000] {logging_mixin.py:188} INFO - [2024-07-25T04:04:17.157+0000] {dagbag.py:545} INFO - Filling up the DagBag from /home/airflow/.local/lib/python3.12/site-packages/airflow/example_dags/example_latest_only_with_trigger.py
[2024-07-25T04:04:17.161+0000] {processor.py:840} INFO - DAG(s) 'latest_only_with_trigger' retrieved from /home/airflow/.local/lib/python3.12/site-packages/airflow/example_dags/example_latest_only_with_trigger.py
[2024-07-25T04:04:17.212+0000] {logging_mixin.py:188} INFO - [2024-07-25T04:04:17.212+0000] {dag.py:3089} INFO - Sync 1 DAGs
[2024-07-25T04:04:17.223+0000] {logging_mixin.py:188} INFO - [2024-07-25T04:04:17.223+0000] {dag.py:3947} INFO - Setting next_dagrun for latest_only_with_trigger to 2024-07-25 00:00:00+00:00, run_after=2024-07-25 04:00:00+00:00
[2024-07-25T04:04:17.234+0000] {processor.py:183} INFO - Processing /home/airflow/.local/lib/python3.12/site-packages/airflow/example_dags/example_latest_only_with_trigger.py took 0.083 seconds
[2024-07-25T04:04:47.629+0000] {processor.py:161} INFO - Started process (PID=159) to work on /home/airflow/.local/lib/python3.12/site-packages/airflow/example_dags/example_latest_only_with_trigger.py
[2024-07-25T04:04:47.630+0000] {processor.py:830} INFO - Processing file /home/airflow/.local/lib/python3.12/site-packages/airflow/example_dags/example_latest_only_with_trigger.py for tasks to queue
[2024-07-25T04:04:47.631+0000] {logging_mixin.py:188} INFO - [2024-07-25T04:04:47.631+0000] {dagbag.py:545} INFO - Filling up the DagBag from /home/airflow/.local/lib/python3.12/site-packages/airflow/example_dags/example_latest_only_with_trigger.py
[2024-07-25T04:04:47.635+0000] {processor.py:840} INFO - DAG(s) 'latest_only_with_trigger' retrieved from /home/airflow/.local/lib/python3.12/site-packages/airflow/example_dags/example_latest_only_with_trigger.py
[2024-07-25T04:04:47.647+0000] {logging_mixin.py:188} INFO - [2024-07-25T04:04:47.647+0000] {dag.py:3089} INFO - Sync 1 DAGs
[2024-07-25T04:04:47.658+0000] {logging_mixin.py:188} INFO - [2024-07-25T04:04:47.658+0000] {dag.py:3947} INFO - Setting next_dagrun for latest_only_with_trigger to 2024-07-25 00:00:00+00:00, run_after=2024-07-25 04:00:00+00:00
[2024-07-25T04:04:47.667+0000] {processor.py:183} INFO - Processing /home/airflow/.local/lib/python3.12/site-packages/airflow/example_dags/example_latest_only_with_trigger.py took 0.042 seconds
[2024-07-25T04:05:17.790+0000] {processor.py:161} INFO - Started process (PID=217) to work on /home/airflow/.local/lib/python3.12/site-packages/airflow/example_dags/example_latest_only_with_trigger.py
[2024-07-25T04:05:17.791+0000] {processor.py:830} INFO - Processing file /home/airflow/.local/lib/python3.12/site-packages/airflow/example_dags/example_latest_only_with_trigger.py for tasks to queue
[2024-07-25T04:05:17.792+0000] {logging_mixin.py:188} INFO - [2024-07-25T04:05:17.792+0000] {dagbag.py:545} INFO - Filling up the DagBag from /home/airflow/.local/lib/python3.12/site-packages/airflow/example_dags/example_latest_only_with_trigger.py
[2024-07-25T04:05:17.795+0000] {processor.py:840} INFO - DAG(s) 'latest_only_with_trigger' retrieved from /home/airflow/.local/lib/python3.12/site-packages/airflow/example_dags/example_latest_only_with_trigger.py
[2024-07-25T04:05:17.808+0000] {logging_mixin.py:188} INFO - [2024-07-25T04:05:17.808+0000] {dag.py:3089} INFO - Sync 1 DAGs
[2024-07-25T04:05:17.819+0000] {logging_mixin.py:188} INFO - [2024-07-25T04:05:17.818+0000] {dag.py:3947} INFO - Setting next_dagrun for latest_only_with_trigger to 2024-07-25 00:00:00+00:00, run_after=2024-07-25 04:00:00+00:00
[2024-07-25T04:05:17.828+0000] {processor.py:183} INFO - Processing /home/airflow/.local/lib/python3.12/site-packages/airflow/example_dags/example_latest_only_with_trigger.py took 0.042 seconds
[2024-07-25T04:05:48.059+0000] {processor.py:161} INFO - Started process (PID=275) to work on /home/airflow/.local/lib/python3.12/site-packages/airflow/example_dags/example_latest_only_with_trigger.py
[2024-07-25T04:05:48.060+0000] {processor.py:830} INFO - Processing file /home/airflow/.local/lib/python3.12/site-packages/airflow/example_dags/example_latest_only_with_trigger.py for tasks to queue
[2024-07-25T04:05:48.062+0000] {logging_mixin.py:188} INFO - [2024-07-25T04:05:48.061+0000] {dagbag.py:545} INFO - Filling up the DagBag from /home/airflow/.local/lib/python3.12/site-packages/airflow/example_dags/example_latest_only_with_trigger.py
[2024-07-25T04:05:48.065+0000] {processor.py:840} INFO - DAG(s) 'latest_only_with_trigger' retrieved from /home/airflow/.local/lib/python3.12/site-packages/airflow/example_dags/example_latest_only_with_trigger.py
[2024-07-25T04:05:48.079+0000] {logging_mixin.py:188} INFO - [2024-07-25T04:05:48.078+0000] {dag.py:3089} INFO - Sync 1 DAGs
[2024-07-25T04:05:48.089+0000] {logging_mixin.py:188} INFO - [2024-07-25T04:05:48.089+0000] {dag.py:3947} INFO - Setting next_dagrun for latest_only_with_trigger to 2024-07-25 00:00:00+00:00, run_after=2024-07-25 04:00:00+00:00
[2024-07-25T04:05:48.098+0000] {processor.py:183} INFO - Processing /home/airflow/.local/lib/python3.12/site-packages/airflow/example_dags/example_latest_only_with_trigger.py took 0.043 seconds
[2024-07-25T04:06:18.143+0000] {processor.py:161} INFO - Started process (PID=333) to work on /home/airflow/.local/lib/python3.12/site-packages/airflow/example_dags/example_latest_only_with_trigger.py
[2024-07-25T04:06:18.144+0000] {processor.py:830} INFO - Processing file /home/airflow/.local/lib/python3.12/site-packages/airflow/example_dags/example_latest_only_with_trigger.py for tasks to queue
[2024-07-25T04:06:18.145+0000] {logging_mixin.py:188} INFO - [2024-07-25T04:06:18.145+0000] {dagbag.py:545} INFO - Filling up the DagBag from /home/airflow/.local/lib/python3.12/site-packages/airflow/example_dags/example_latest_only_with_trigger.py
[2024-07-25T04:06:18.149+0000] {processor.py:840} INFO - DAG(s) 'latest_only_with_trigger' retrieved from /home/airflow/.local/lib/python3.12/site-packages/airflow/example_dags/example_latest_only_with_trigger.py
[2024-07-25T04:06:18.161+0000] {logging_mixin.py:188} INFO - [2024-07-25T04:06:18.160+0000] {dag.py:3089} INFO - Sync 1 DAGs
[2024-07-25T04:06:18.172+0000] {logging_mixin.py:188} INFO - [2024-07-25T04:06:18.171+0000] {dag.py:3947} INFO - Setting next_dagrun for latest_only_with_trigger to 2024-07-25 00:00:00+00:00, run_after=2024-07-25 04:00:00+00:00
[2024-07-25T04:06:18.181+0000] {processor.py:183} INFO - Processing /home/airflow/.local/lib/python3.12/site-packages/airflow/example_dags/example_latest_only_with_trigger.py took 0.041 seconds
[2024-07-25T04:06:48.598+0000] {processor.py:161} INFO - Started process (PID=391) to work on /home/airflow/.local/lib/python3.12/site-packages/airflow/example_dags/example_latest_only_with_trigger.py
[2024-07-25T04:06:48.599+0000] {processor.py:830} INFO - Processing file /home/airflow/.local/lib/python3.12/site-packages/airflow/example_dags/example_latest_only_with_trigger.py for tasks to queue
[2024-07-25T04:06:48.600+0000] {logging_mixin.py:188} INFO - [2024-07-25T04:06:48.600+0000] {dagbag.py:545} INFO - Filling up the DagBag from /home/airflow/.local/lib/python3.12/site-packages/airflow/example_dags/example_latest_only_with_trigger.py
[2024-07-25T04:06:48.604+0000] {processor.py:840} INFO - DAG(s) 'latest_only_with_trigger' retrieved from /home/airflow/.local/lib/python3.12/site-packages/airflow/example_dags/example_latest_only_with_trigger.py
[2024-07-25T04:06:48.616+0000] {logging_mixin.py:188} INFO - [2024-07-25T04:06:48.616+0000] {dag.py:3089} INFO - Sync 1 DAGs
[2024-07-25T04:06:48.627+0000] {logging_mixin.py:188} INFO - [2024-07-25T04:06:48.627+0000] {dag.py:3947} INFO - Setting next_dagrun for latest_only_with_trigger to 2024-07-25 00:00:00+00:00, run_after=2024-07-25 04:00:00+00:00
[2024-07-25T04:06:48.636+0000] {processor.py:183} INFO - Processing /home/airflow/.local/lib/python3.12/site-packages/airflow/example_dags/example_latest_only_with_trigger.py took 0.041 seconds
[2024-07-25T04:07:18.902+0000] {processor.py:161} INFO - Started process (PID=449) to work on /home/airflow/.local/lib/python3.12/site-packages/airflow/example_dags/example_latest_only_with_trigger.py
[2024-07-25T04:07:18.903+0000] {processor.py:830} INFO - Processing file /home/airflow/.local/lib/python3.12/site-packages/airflow/example_dags/example_latest_only_with_trigger.py for tasks to queue
[2024-07-25T04:07:18.904+0000] {logging_mixin.py:188} INFO - [2024-07-25T04:07:18.904+0000] {dagbag.py:545} INFO - Filling up the DagBag from /home/airflow/.local/lib/python3.12/site-packages/airflow/example_dags/example_latest_only_with_trigger.py
[2024-07-25T04:07:18.908+0000] {processor.py:840} INFO - DAG(s) 'latest_only_with_trigger' retrieved from /home/airflow/.local/lib/python3.12/site-packages/airflow/example_dags/example_latest_only_with_trigger.py
[2024-07-25T04:07:18.921+0000] {logging_mixin.py:188} INFO - [2024-07-25T04:07:18.921+0000] {dag.py:3089} INFO - Sync 1 DAGs
[2024-07-25T04:07:18.932+0000] {logging_mixin.py:188} INFO - [2024-07-25T04:07:18.932+0000] {dag.py:3947} INFO - Setting next_dagrun for latest_only_with_trigger to 2024-07-25 00:00:00+00:00, run_after=2024-07-25 04:00:00+00:00
[2024-07-25T04:07:18.941+0000] {processor.py:183} INFO - Processing /home/airflow/.local/lib/python3.12/site-packages/airflow/example_dags/example_latest_only_with_trigger.py took 0.042 seconds
[2024-07-25T04:07:48.979+0000] {processor.py:161} INFO - Started process (PID=507) to work on /home/airflow/.local/lib/python3.12/site-packages/airflow/example_dags/example_latest_only_with_trigger.py
[2024-07-25T04:07:48.980+0000] {processor.py:830} INFO - Processing file /home/airflow/.local/lib/python3.12/site-packages/airflow/example_dags/example_latest_only_with_trigger.py for tasks to queue
[2024-07-25T04:07:48.981+0000] {logging_mixin.py:188} INFO - [2024-07-25T04:07:48.981+0000] {dagbag.py:545} INFO - Filling up the DagBag from /home/airflow/.local/lib/python3.12/site-packages/airflow/example_dags/example_latest_only_with_trigger.py
[2024-07-25T04:07:48.985+0000] {processor.py:840} INFO - DAG(s) 'latest_only_with_trigger' retrieved from /home/airflow/.local/lib/python3.12/site-packages/airflow/example_dags/example_latest_only_with_trigger.py
[2024-07-25T04:07:48.997+0000] {logging_mixin.py:188} INFO - [2024-07-25T04:07:48.997+0000] {dag.py:3089} INFO - Sync 1 DAGs
[2024-07-25T04:07:49.008+0000] {logging_mixin.py:188} INFO - [2024-07-25T04:07:49.007+0000] {dag.py:3947} INFO - Setting next_dagrun for latest_only_with_trigger to 2024-07-25 00:00:00+00:00, run_after=2024-07-25 04:00:00+00:00
[2024-07-25T04:07:49.017+0000] {processor.py:183} INFO - Processing /home/airflow/.local/lib/python3.12/site-packages/airflow/example_dags/example_latest_only_with_trigger.py took 0.041 seconds
[2024-07-25T04:08:19.269+0000] {processor.py:161} INFO - Started process (PID=565) to work on /home/airflow/.local/lib/python3.12/site-packages/airflow/example_dags/example_latest_only_with_trigger.py
[2024-07-25T04:08:19.270+0000] {processor.py:830} INFO - Processing file /home/airflow/.local/lib/python3.12/site-packages/airflow/example_dags/example_latest_only_with_trigger.py for tasks to queue
[2024-07-25T04:08:19.272+0000] {logging_mixin.py:188} INFO - [2024-07-25T04:08:19.271+0000] {dagbag.py:545} INFO - Filling up the DagBag from /home/airflow/.local/lib/python3.12/site-packages/airflow/example_dags/example_latest_only_with_trigger.py
[2024-07-25T04:08:19.275+0000] {processor.py:840} INFO - DAG(s) 'latest_only_with_trigger' retrieved from /home/airflow/.local/lib/python3.12/site-packages/airflow/example_dags/example_latest_only_with_trigger.py
[2024-07-25T04:08:19.288+0000] {logging_mixin.py:188} INFO - [2024-07-25T04:08:19.288+0000] {dag.py:3089} INFO - Sync 1 DAGs
[2024-07-25T04:08:19.299+0000] {logging_mixin.py:188} INFO - [2024-07-25T04:08:19.299+0000] {dag.py:3947} INFO - Setting next_dagrun for latest_only_with_trigger to 2024-07-25 00:00:00+00:00, run_after=2024-07-25 04:00:00+00:00
[2024-07-25T04:08:19.309+0000] {processor.py:183} INFO - Processing /home/airflow/.local/lib/python3.12/site-packages/airflow/example_dags/example_latest_only_with_trigger.py took 0.043 seconds
[2024-07-25T04:08:49.409+0000] {processor.py:161} INFO - Started process (PID=623) to work on /home/airflow/.local/lib/python3.12/site-packages/airflow/example_dags/example_latest_only_with_trigger.py
[2024-07-25T04:08:49.409+0000] {processor.py:830} INFO - Processing file /home/airflow/.local/lib/python3.12/site-packages/airflow/example_dags/example_latest_only_with_trigger.py for tasks to queue
[2024-07-25T04:08:49.411+0000] {logging_mixin.py:188} INFO - [2024-07-25T04:08:49.411+0000] {dagbag.py:545} INFO - Filling up the DagBag from /home/airflow/.local/lib/python3.12/site-packages/airflow/example_dags/example_latest_only_with_trigger.py
[2024-07-25T04:08:49.415+0000] {processor.py:840} INFO - DAG(s) 'latest_only_with_trigger' retrieved from /home/airflow/.local/lib/python3.12/site-packages/airflow/example_dags/example_latest_only_with_trigger.py
[2024-07-25T04:08:49.427+0000] {logging_mixin.py:188} INFO - [2024-07-25T04:08:49.427+0000] {dag.py:3089} INFO - Sync 1 DAGs
[2024-07-25T04:08:49.438+0000] {logging_mixin.py:188} INFO - [2024-07-25T04:08:49.438+0000] {dag.py:3947} INFO - Setting next_dagrun for latest_only_with_trigger to 2024-07-25 00:00:00+00:00, run_after=2024-07-25 04:00:00+00:00
[2024-07-25T04:08:49.447+0000] {processor.py:183} INFO - Processing /home/airflow/.local/lib/python3.12/site-packages/airflow/example_dags/example_latest_only_with_trigger.py took 0.042 seconds
[2024-07-25T04:09:19.838+0000] {processor.py:161} INFO - Started process (PID=682) to work on /home/airflow/.local/lib/python3.12/site-packages/airflow/example_dags/example_latest_only_with_trigger.py
[2024-07-25T04:09:19.839+0000] {processor.py:830} INFO - Processing file /home/airflow/.local/lib/python3.12/site-packages/airflow/example_dags/example_latest_only_with_trigger.py for tasks to queue
[2024-07-25T04:09:19.840+0000] {logging_mixin.py:188} INFO - [2024-07-25T04:09:19.840+0000] {dagbag.py:545} INFO - Filling up the DagBag from /home/airflow/.local/lib/python3.12/site-packages/airflow/example_dags/example_latest_only_with_trigger.py
[2024-07-25T04:09:19.844+0000] {processor.py:840} INFO - DAG(s) 'latest_only_with_trigger' retrieved from /home/airflow/.local/lib/python3.12/site-packages/airflow/example_dags/example_latest_only_with_trigger.py
[2024-07-25T04:09:19.857+0000] {logging_mixin.py:188} INFO - [2024-07-25T04:09:19.857+0000] {dag.py:3089} INFO - Sync 1 DAGs
[2024-07-25T04:09:19.868+0000] {logging_mixin.py:188} INFO - [2024-07-25T04:09:19.868+0000] {dag.py:3947} INFO - Setting next_dagrun for latest_only_with_trigger to 2024-07-25 00:00:00+00:00, run_after=2024-07-25 04:00:00+00:00
[2024-07-25T04:09:19.878+0000] {processor.py:183} INFO - Processing /home/airflow/.local/lib/python3.12/site-packages/airflow/example_dags/example_latest_only_with_trigger.py took 0.044 seconds
[2024-07-25T04:09:50.052+0000] {processor.py:161} INFO - Started process (PID=740) to work on /home/airflow/.local/lib/python3.12/site-packages/airflow/example_dags/example_latest_only_with_trigger.py
[2024-07-25T04:09:50.053+0000] {processor.py:830} INFO - Processing file /home/airflow/.local/lib/python3.12/site-packages/airflow/example_dags/example_latest_only_with_trigger.py for tasks to queue
[2024-07-25T04:09:50.055+0000] {logging_mixin.py:188} INFO - [2024-07-25T04:09:50.054+0000] {dagbag.py:545} INFO - Filling up the DagBag from /home/airflow/.local/lib/python3.12/site-packages/airflow/example_dags/example_latest_only_with_trigger.py
[2024-07-25T04:09:50.058+0000] {processor.py:840} INFO - DAG(s) 'latest_only_with_trigger' retrieved from /home/airflow/.local/lib/python3.12/site-packages/airflow/example_dags/example_latest_only_with_trigger.py
[2024-07-25T04:09:50.070+0000] {logging_mixin.py:188} INFO - [2024-07-25T04:09:50.070+0000] {dag.py:3089} INFO - Sync 1 DAGs
[2024-07-25T04:09:50.081+0000] {logging_mixin.py:188} INFO - [2024-07-25T04:09:50.081+0000] {dag.py:3947} INFO - Setting next_dagrun for latest_only_with_trigger to 2024-07-25 00:00:00+00:00, run_after=2024-07-25 04:00:00+00:00
[2024-07-25T04:09:50.089+0000] {processor.py:183} INFO - Processing /home/airflow/.local/lib/python3.12/site-packages/airflow/example_dags/example_latest_only_with_trigger.py took 0.041 seconds
[2024-07-25T04:10:20.695+0000] {processor.py:161} INFO - Started process (PID=798) to work on /home/airflow/.local/lib/python3.12/site-packages/airflow/example_dags/example_latest_only_with_trigger.py
[2024-07-25T04:10:20.696+0000] {processor.py:830} INFO - Processing file /home/airflow/.local/lib/python3.12/site-packages/airflow/example_dags/example_latest_only_with_trigger.py for tasks to queue
[2024-07-25T04:10:20.697+0000] {logging_mixin.py:188} INFO - [2024-07-25T04:10:20.697+0000] {dagbag.py:545} INFO - Filling up the DagBag from /home/airflow/.local/lib/python3.12/site-packages/airflow/example_dags/example_latest_only_with_trigger.py
[2024-07-25T04:10:20.701+0000] {processor.py:840} INFO - DAG(s) 'latest_only_with_trigger' retrieved from /home/airflow/.local/lib/python3.12/site-packages/airflow/example_dags/example_latest_only_with_trigger.py
[2024-07-25T04:10:20.712+0000] {logging_mixin.py:188} INFO - [2024-07-25T04:10:20.712+0000] {dag.py:3089} INFO - Sync 1 DAGs
[2024-07-25T04:10:20.723+0000] {logging_mixin.py:188} INFO - [2024-07-25T04:10:20.722+0000] {dag.py:3947} INFO - Setting next_dagrun for latest_only_with_trigger to 2024-07-25 00:00:00+00:00, run_after=2024-07-25 04:00:00+00:00
[2024-07-25T04:10:20.731+0000] {processor.py:183} INFO - Processing /home/airflow/.local/lib/python3.12/site-packages/airflow/example_dags/example_latest_only_with_trigger.py took 0.040 seconds
[2024-07-25T04:10:50.923+0000] {processor.py:161} INFO - Started process (PID=856) to work on /home/airflow/.local/lib/python3.12/site-packages/airflow/example_dags/example_latest_only_with_trigger.py
[2024-07-25T04:10:50.924+0000] {processor.py:830} INFO - Processing file /home/airflow/.local/lib/python3.12/site-packages/airflow/example_dags/example_latest_only_with_trigger.py for tasks to queue
[2024-07-25T04:10:50.925+0000] {logging_mixin.py:188} INFO - [2024-07-25T04:10:50.925+0000] {dagbag.py:545} INFO - Filling up the DagBag from /home/airflow/.local/lib/python3.12/site-packages/airflow/example_dags/example_latest_only_with_trigger.py
[2024-07-25T04:10:50.929+0000] {processor.py:840} INFO - DAG(s) 'latest_only_with_trigger' retrieved from /home/airflow/.local/lib/python3.12/site-packages/airflow/example_dags/example_latest_only_with_trigger.py
[2024-07-25T04:10:50.941+0000] {logging_mixin.py:188} INFO - [2024-07-25T04:10:50.941+0000] {dag.py:3089} INFO - Sync 1 DAGs
[2024-07-25T04:10:50.952+0000] {logging_mixin.py:188} INFO - [2024-07-25T04:10:50.951+0000] {dag.py:3947} INFO - Setting next_dagrun for latest_only_with_trigger to 2024-07-25 00:00:00+00:00, run_after=2024-07-25 04:00:00+00:00
[2024-07-25T04:10:50.961+0000] {processor.py:183} INFO - Processing /home/airflow/.local/lib/python3.12/site-packages/airflow/example_dags/example_latest_only_with_trigger.py took 0.041 seconds
[2024-07-25T04:11:21.177+0000] {processor.py:161} INFO - Started process (PID=914) to work on /home/airflow/.local/lib/python3.12/site-packages/airflow/example_dags/example_latest_only_with_trigger.py
[2024-07-25T04:11:21.177+0000] {processor.py:830} INFO - Processing file /home/airflow/.local/lib/python3.12/site-packages/airflow/example_dags/example_latest_only_with_trigger.py for tasks to queue
[2024-07-25T04:11:21.179+0000] {logging_mixin.py:188} INFO - [2024-07-25T04:11:21.178+0000] {dagbag.py:545} INFO - Filling up the DagBag from /home/airflow/.local/lib/python3.12/site-packages/airflow/example_dags/example_latest_only_with_trigger.py
[2024-07-25T04:11:21.182+0000] {processor.py:840} INFO - DAG(s) 'latest_only_with_trigger' retrieved from /home/airflow/.local/lib/python3.12/site-packages/airflow/example_dags/example_latest_only_with_trigger.py
[2024-07-25T04:11:21.195+0000] {logging_mixin.py:188} INFO - [2024-07-25T04:11:21.195+0000] {dag.py:3089} INFO - Sync 1 DAGs
[2024-07-25T04:11:21.205+0000] {logging_mixin.py:188} INFO - [2024-07-25T04:11:21.205+0000] {dag.py:3947} INFO - Setting next_dagrun for latest_only_with_trigger to 2024-07-25 00:00:00+00:00, run_after=2024-07-25 04:00:00+00:00
[2024-07-25T04:11:21.215+0000] {processor.py:183} INFO - Processing /home/airflow/.local/lib/python3.12/site-packages/airflow/example_dags/example_latest_only_with_trigger.py took 0.042 seconds
[2024-07-25T04:11:51.314+0000] {processor.py:161} INFO - Started process (PID=972) to work on /home/airflow/.local/lib/python3.12/site-packages/airflow/example_dags/example_latest_only_with_trigger.py
[2024-07-25T04:11:51.314+0000] {processor.py:830} INFO - Processing file /home/airflow/.local/lib/python3.12/site-packages/airflow/example_dags/example_latest_only_with_trigger.py for tasks to queue
[2024-07-25T04:11:51.316+0000] {logging_mixin.py:188} INFO - [2024-07-25T04:11:51.315+0000] {dagbag.py:545} INFO - Filling up the DagBag from /home/airflow/.local/lib/python3.12/site-packages/airflow/example_dags/example_latest_only_with_trigger.py
[2024-07-25T04:11:51.319+0000] {processor.py:840} INFO - DAG(s) 'latest_only_with_trigger' retrieved from /home/airflow/.local/lib/python3.12/site-packages/airflow/example_dags/example_latest_only_with_trigger.py
[2024-07-25T04:11:51.331+0000] {logging_mixin.py:188} INFO - [2024-07-25T04:11:51.331+0000] {dag.py:3089} INFO - Sync 1 DAGs
[2024-07-25T04:11:51.341+0000] {logging_mixin.py:188} INFO - [2024-07-25T04:11:51.341+0000] {dag.py:3947} INFO - Setting next_dagrun for latest_only_with_trigger to 2024-07-25 00:00:00+00:00, run_after=2024-07-25 04:00:00+00:00
[2024-07-25T04:11:51.350+0000] {processor.py:183} INFO - Processing /home/airflow/.local/lib/python3.12/site-packages/airflow/example_dags/example_latest_only_with_trigger.py took 0.041 seconds
