[2024-07-25T03:40:24.104+0000] {processor.py:161} INFO - Started process (PID=40) to work on /home/airflow/.local/lib/python3.12/site-packages/airflow/example_dags/example_python_decorator.py
[2024-07-25T03:40:24.104+0000] {processor.py:830} INFO - Processing file /home/airflow/.local/lib/python3.12/site-packages/airflow/example_dags/example_python_decorator.py for tasks to queue
[2024-07-25T03:40:24.106+0000] {logging_mixin.py:188} INFO - [2024-07-25T03:40:24.105+0000] {dagbag.py:545} INFO - Filling up the DagBag from /home/airflow/.local/lib/python3.12/site-packages/airflow/example_dags/example_python_decorator.py
[2024-07-25T03:40:24.117+0000] {processor.py:840} INFO - DAG(s) 'example_python_decorator' retrieved from /home/airflow/.local/lib/python3.12/site-packages/airflow/example_dags/example_python_decorator.py
[2024-07-25T03:40:24.127+0000] {logging_mixin.py:188} INFO - [2024-07-25T03:40:24.127+0000] {dag.py:3089} INFO - Sync 1 DAGs
[2024-07-25T03:40:24.137+0000] {logging_mixin.py:188} INFO - [2024-07-25T03:40:24.136+0000] {dag.py:3947} INFO - Setting next_dagrun for example_python_decorator to None, run_after=None
[2024-07-25T03:40:24.147+0000] {processor.py:183} INFO - Processing /home/airflow/.local/lib/python3.12/site-packages/airflow/example_dags/example_python_decorator.py took 0.047 seconds
[2024-07-25T03:40:54.902+0000] {processor.py:161} INFO - Started process (PID=98) to work on /home/airflow/.local/lib/python3.12/site-packages/airflow/example_dags/example_python_decorator.py
[2024-07-25T03:40:54.903+0000] {processor.py:830} INFO - Processing file /home/airflow/.local/lib/python3.12/site-packages/airflow/example_dags/example_python_decorator.py for tasks to queue
[2024-07-25T03:40:54.904+0000] {logging_mixin.py:188} INFO - [2024-07-25T03:40:54.904+0000] {dagbag.py:545} INFO - Filling up the DagBag from /home/airflow/.local/lib/python3.12/site-packages/airflow/example_dags/example_python_decorator.py
[2024-07-25T03:40:54.912+0000] {processor.py:840} INFO - DAG(s) 'example_python_decorator' retrieved from /home/airflow/.local/lib/python3.12/site-packages/airflow/example_dags/example_python_decorator.py
[2024-07-25T03:40:54.965+0000] {logging_mixin.py:188} INFO - [2024-07-25T03:40:54.965+0000] {dag.py:3089} INFO - Sync 1 DAGs
[2024-07-25T03:40:54.970+0000] {logging_mixin.py:188} INFO - [2024-07-25T03:40:54.970+0000] {dag.py:3947} INFO - Setting next_dagrun for example_python_decorator to None, run_after=None
[2024-07-25T03:40:54.980+0000] {processor.py:183} INFO - Processing /home/airflow/.local/lib/python3.12/site-packages/airflow/example_dags/example_python_decorator.py took 0.081 seconds
[2024-07-25T03:41:25.031+0000] {processor.py:161} INFO - Started process (PID=156) to work on /home/airflow/.local/lib/python3.12/site-packages/airflow/example_dags/example_python_decorator.py
[2024-07-25T03:41:25.032+0000] {processor.py:830} INFO - Processing file /home/airflow/.local/lib/python3.12/site-packages/airflow/example_dags/example_python_decorator.py for tasks to queue
[2024-07-25T03:41:25.033+0000] {logging_mixin.py:188} INFO - [2024-07-25T03:41:25.033+0000] {dagbag.py:545} INFO - Filling up the DagBag from /home/airflow/.local/lib/python3.12/site-packages/airflow/example_dags/example_python_decorator.py
[2024-07-25T03:41:25.040+0000] {processor.py:840} INFO - DAG(s) 'example_python_decorator' retrieved from /home/airflow/.local/lib/python3.12/site-packages/airflow/example_dags/example_python_decorator.py
[2024-07-25T03:41:25.052+0000] {logging_mixin.py:188} INFO - [2024-07-25T03:41:25.052+0000] {dag.py:3089} INFO - Sync 1 DAGs
[2024-07-25T03:41:25.058+0000] {logging_mixin.py:188} INFO - [2024-07-25T03:41:25.058+0000] {dag.py:3947} INFO - Setting next_dagrun for example_python_decorator to None, run_after=None
[2024-07-25T03:41:25.066+0000] {processor.py:183} INFO - Processing /home/airflow/.local/lib/python3.12/site-packages/airflow/example_dags/example_python_decorator.py took 0.039 seconds
[2024-07-25T03:41:55.278+0000] {processor.py:161} INFO - Started process (PID=214) to work on /home/airflow/.local/lib/python3.12/site-packages/airflow/example_dags/example_python_decorator.py
[2024-07-25T03:41:55.279+0000] {processor.py:830} INFO - Processing file /home/airflow/.local/lib/python3.12/site-packages/airflow/example_dags/example_python_decorator.py for tasks to queue
[2024-07-25T03:41:55.280+0000] {logging_mixin.py:188} INFO - [2024-07-25T03:41:55.280+0000] {dagbag.py:545} INFO - Filling up the DagBag from /home/airflow/.local/lib/python3.12/site-packages/airflow/example_dags/example_python_decorator.py
[2024-07-25T03:41:55.287+0000] {processor.py:840} INFO - DAG(s) 'example_python_decorator' retrieved from /home/airflow/.local/lib/python3.12/site-packages/airflow/example_dags/example_python_decorator.py
[2024-07-25T03:41:55.300+0000] {logging_mixin.py:188} INFO - [2024-07-25T03:41:55.300+0000] {dag.py:3089} INFO - Sync 1 DAGs
[2024-07-25T03:41:55.306+0000] {logging_mixin.py:188} INFO - [2024-07-25T03:41:55.306+0000] {dag.py:3947} INFO - Setting next_dagrun for example_python_decorator to None, run_after=None
[2024-07-25T03:41:55.316+0000] {processor.py:183} INFO - Processing /home/airflow/.local/lib/python3.12/site-packages/airflow/example_dags/example_python_decorator.py took 0.042 seconds
[2024-07-25T03:42:25.404+0000] {processor.py:161} INFO - Started process (PID=272) to work on /home/airflow/.local/lib/python3.12/site-packages/airflow/example_dags/example_python_decorator.py
[2024-07-25T03:42:25.404+0000] {processor.py:830} INFO - Processing file /home/airflow/.local/lib/python3.12/site-packages/airflow/example_dags/example_python_decorator.py for tasks to queue
[2024-07-25T03:42:25.406+0000] {logging_mixin.py:188} INFO - [2024-07-25T03:42:25.405+0000] {dagbag.py:545} INFO - Filling up the DagBag from /home/airflow/.local/lib/python3.12/site-packages/airflow/example_dags/example_python_decorator.py
[2024-07-25T03:42:25.412+0000] {processor.py:840} INFO - DAG(s) 'example_python_decorator' retrieved from /home/airflow/.local/lib/python3.12/site-packages/airflow/example_dags/example_python_decorator.py
[2024-07-25T03:42:25.425+0000] {logging_mixin.py:188} INFO - [2024-07-25T03:42:25.425+0000] {dag.py:3089} INFO - Sync 1 DAGs
[2024-07-25T03:42:25.431+0000] {logging_mixin.py:188} INFO - [2024-07-25T03:42:25.431+0000] {dag.py:3947} INFO - Setting next_dagrun for example_python_decorator to None, run_after=None
[2024-07-25T03:42:25.440+0000] {processor.py:183} INFO - Processing /home/airflow/.local/lib/python3.12/site-packages/airflow/example_dags/example_python_decorator.py took 0.040 seconds
[2024-07-25T03:42:55.737+0000] {processor.py:161} INFO - Started process (PID=330) to work on /home/airflow/.local/lib/python3.12/site-packages/airflow/example_dags/example_python_decorator.py
[2024-07-25T03:42:55.738+0000] {processor.py:830} INFO - Processing file /home/airflow/.local/lib/python3.12/site-packages/airflow/example_dags/example_python_decorator.py for tasks to queue
[2024-07-25T03:42:55.740+0000] {logging_mixin.py:188} INFO - [2024-07-25T03:42:55.739+0000] {dagbag.py:545} INFO - Filling up the DagBag from /home/airflow/.local/lib/python3.12/site-packages/airflow/example_dags/example_python_decorator.py
[2024-07-25T03:42:55.748+0000] {processor.py:840} INFO - DAG(s) 'example_python_decorator' retrieved from /home/airflow/.local/lib/python3.12/site-packages/airflow/example_dags/example_python_decorator.py
[2024-07-25T03:42:55.762+0000] {logging_mixin.py:188} INFO - [2024-07-25T03:42:55.762+0000] {dag.py:3089} INFO - Sync 1 DAGs
[2024-07-25T03:42:55.768+0000] {logging_mixin.py:188} INFO - [2024-07-25T03:42:55.768+0000] {dag.py:3947} INFO - Setting next_dagrun for example_python_decorator to None, run_after=None
[2024-07-25T03:42:55.780+0000] {processor.py:183} INFO - Processing /home/airflow/.local/lib/python3.12/site-packages/airflow/example_dags/example_python_decorator.py took 0.047 seconds
[2024-07-25T03:43:26.036+0000] {processor.py:161} INFO - Started process (PID=388) to work on /home/airflow/.local/lib/python3.12/site-packages/airflow/example_dags/example_python_decorator.py
[2024-07-25T03:43:26.036+0000] {processor.py:830} INFO - Processing file /home/airflow/.local/lib/python3.12/site-packages/airflow/example_dags/example_python_decorator.py for tasks to queue
[2024-07-25T03:43:26.038+0000] {logging_mixin.py:188} INFO - [2024-07-25T03:43:26.037+0000] {dagbag.py:545} INFO - Filling up the DagBag from /home/airflow/.local/lib/python3.12/site-packages/airflow/example_dags/example_python_decorator.py
[2024-07-25T03:43:26.045+0000] {processor.py:840} INFO - DAG(s) 'example_python_decorator' retrieved from /home/airflow/.local/lib/python3.12/site-packages/airflow/example_dags/example_python_decorator.py
[2024-07-25T03:43:26.057+0000] {logging_mixin.py:188} INFO - [2024-07-25T03:43:26.057+0000] {dag.py:3089} INFO - Sync 1 DAGs
[2024-07-25T03:43:26.064+0000] {logging_mixin.py:188} INFO - [2024-07-25T03:43:26.064+0000] {dag.py:3947} INFO - Setting next_dagrun for example_python_decorator to None, run_after=None
[2024-07-25T03:43:26.074+0000] {processor.py:183} INFO - Processing /home/airflow/.local/lib/python3.12/site-packages/airflow/example_dags/example_python_decorator.py took 0.042 seconds
[2024-07-25T03:43:56.226+0000] {processor.py:161} INFO - Started process (PID=446) to work on /home/airflow/.local/lib/python3.12/site-packages/airflow/example_dags/example_python_decorator.py
[2024-07-25T03:43:56.227+0000] {processor.py:830} INFO - Processing file /home/airflow/.local/lib/python3.12/site-packages/airflow/example_dags/example_python_decorator.py for tasks to queue
[2024-07-25T03:43:56.229+0000] {logging_mixin.py:188} INFO - [2024-07-25T03:43:56.229+0000] {dagbag.py:545} INFO - Filling up the DagBag from /home/airflow/.local/lib/python3.12/site-packages/airflow/example_dags/example_python_decorator.py
[2024-07-25T03:43:56.242+0000] {processor.py:840} INFO - DAG(s) 'example_python_decorator' retrieved from /home/airflow/.local/lib/python3.12/site-packages/airflow/example_dags/example_python_decorator.py
[2024-07-25T03:43:56.257+0000] {logging_mixin.py:188} INFO - [2024-07-25T03:43:56.257+0000] {dag.py:3089} INFO - Sync 1 DAGs
[2024-07-25T03:43:56.265+0000] {logging_mixin.py:188} INFO - [2024-07-25T03:43:56.265+0000] {dag.py:3947} INFO - Setting next_dagrun for example_python_decorator to None, run_after=None
[2024-07-25T03:43:56.276+0000] {processor.py:183} INFO - Processing /home/airflow/.local/lib/python3.12/site-packages/airflow/example_dags/example_python_decorator.py took 0.055 seconds
[2024-07-25T03:44:26.362+0000] {processor.py:161} INFO - Started process (PID=504) to work on /home/airflow/.local/lib/python3.12/site-packages/airflow/example_dags/example_python_decorator.py
[2024-07-25T03:44:26.363+0000] {processor.py:830} INFO - Processing file /home/airflow/.local/lib/python3.12/site-packages/airflow/example_dags/example_python_decorator.py for tasks to queue
[2024-07-25T03:44:26.364+0000] {logging_mixin.py:188} INFO - [2024-07-25T03:44:26.364+0000] {dagbag.py:545} INFO - Filling up the DagBag from /home/airflow/.local/lib/python3.12/site-packages/airflow/example_dags/example_python_decorator.py
[2024-07-25T03:44:26.373+0000] {processor.py:840} INFO - DAG(s) 'example_python_decorator' retrieved from /home/airflow/.local/lib/python3.12/site-packages/airflow/example_dags/example_python_decorator.py
[2024-07-25T03:44:26.387+0000] {logging_mixin.py:188} INFO - [2024-07-25T03:44:26.387+0000] {dag.py:3089} INFO - Sync 1 DAGs
[2024-07-25T03:44:26.394+0000] {logging_mixin.py:188} INFO - [2024-07-25T03:44:26.394+0000] {dag.py:3947} INFO - Setting next_dagrun for example_python_decorator to None, run_after=None
[2024-07-25T03:44:26.404+0000] {processor.py:183} INFO - Processing /home/airflow/.local/lib/python3.12/site-packages/airflow/example_dags/example_python_decorator.py took 0.046 seconds
[2024-07-25T03:44:56.785+0000] {processor.py:161} INFO - Started process (PID=562) to work on /home/airflow/.local/lib/python3.12/site-packages/airflow/example_dags/example_python_decorator.py
[2024-07-25T03:44:56.786+0000] {processor.py:830} INFO - Processing file /home/airflow/.local/lib/python3.12/site-packages/airflow/example_dags/example_python_decorator.py for tasks to queue
[2024-07-25T03:44:56.787+0000] {logging_mixin.py:188} INFO - [2024-07-25T03:44:56.787+0000] {dagbag.py:545} INFO - Filling up the DagBag from /home/airflow/.local/lib/python3.12/site-packages/airflow/example_dags/example_python_decorator.py
[2024-07-25T03:44:56.796+0000] {processor.py:840} INFO - DAG(s) 'example_python_decorator' retrieved from /home/airflow/.local/lib/python3.12/site-packages/airflow/example_dags/example_python_decorator.py
[2024-07-25T03:44:56.809+0000] {logging_mixin.py:188} INFO - [2024-07-25T03:44:56.809+0000] {dag.py:3089} INFO - Sync 1 DAGs
[2024-07-25T03:44:56.815+0000] {logging_mixin.py:188} INFO - [2024-07-25T03:44:56.815+0000] {dag.py:3947} INFO - Setting next_dagrun for example_python_decorator to None, run_after=None
[2024-07-25T03:44:56.823+0000] {processor.py:183} INFO - Processing /home/airflow/.local/lib/python3.12/site-packages/airflow/example_dags/example_python_decorator.py took 0.042 seconds
[2024-07-25T03:45:27.094+0000] {processor.py:161} INFO - Started process (PID=620) to work on /home/airflow/.local/lib/python3.12/site-packages/airflow/example_dags/example_python_decorator.py
[2024-07-25T03:45:27.095+0000] {processor.py:830} INFO - Processing file /home/airflow/.local/lib/python3.12/site-packages/airflow/example_dags/example_python_decorator.py for tasks to queue
[2024-07-25T03:45:27.096+0000] {logging_mixin.py:188} INFO - [2024-07-25T03:45:27.096+0000] {dagbag.py:545} INFO - Filling up the DagBag from /home/airflow/.local/lib/python3.12/site-packages/airflow/example_dags/example_python_decorator.py
[2024-07-25T03:45:27.104+0000] {processor.py:840} INFO - DAG(s) 'example_python_decorator' retrieved from /home/airflow/.local/lib/python3.12/site-packages/airflow/example_dags/example_python_decorator.py
[2024-07-25T03:45:27.116+0000] {logging_mixin.py:188} INFO - [2024-07-25T03:45:27.116+0000] {dag.py:3089} INFO - Sync 1 DAGs
[2024-07-25T03:45:27.123+0000] {logging_mixin.py:188} INFO - [2024-07-25T03:45:27.123+0000] {dag.py:3947} INFO - Setting next_dagrun for example_python_decorator to None, run_after=None
[2024-07-25T03:45:27.133+0000] {processor.py:183} INFO - Processing /home/airflow/.local/lib/python3.12/site-packages/airflow/example_dags/example_python_decorator.py took 0.042 seconds
[2024-07-25T03:45:57.396+0000] {processor.py:161} INFO - Started process (PID=678) to work on /home/airflow/.local/lib/python3.12/site-packages/airflow/example_dags/example_python_decorator.py
[2024-07-25T03:45:57.396+0000] {processor.py:830} INFO - Processing file /home/airflow/.local/lib/python3.12/site-packages/airflow/example_dags/example_python_decorator.py for tasks to queue
[2024-07-25T03:45:57.398+0000] {logging_mixin.py:188} INFO - [2024-07-25T03:45:57.398+0000] {dagbag.py:545} INFO - Filling up the DagBag from /home/airflow/.local/lib/python3.12/site-packages/airflow/example_dags/example_python_decorator.py
[2024-07-25T03:45:57.405+0000] {processor.py:840} INFO - DAG(s) 'example_python_decorator' retrieved from /home/airflow/.local/lib/python3.12/site-packages/airflow/example_dags/example_python_decorator.py
[2024-07-25T03:45:57.417+0000] {logging_mixin.py:188} INFO - [2024-07-25T03:45:57.417+0000] {dag.py:3089} INFO - Sync 1 DAGs
[2024-07-25T03:45:57.424+0000] {logging_mixin.py:188} INFO - [2024-07-25T03:45:57.424+0000] {dag.py:3947} INFO - Setting next_dagrun for example_python_decorator to None, run_after=None
[2024-07-25T03:45:57.434+0000] {processor.py:183} INFO - Processing /home/airflow/.local/lib/python3.12/site-packages/airflow/example_dags/example_python_decorator.py took 0.042 seconds
[2024-07-25T03:46:27.596+0000] {processor.py:161} INFO - Started process (PID=736) to work on /home/airflow/.local/lib/python3.12/site-packages/airflow/example_dags/example_python_decorator.py
[2024-07-25T03:46:27.597+0000] {processor.py:830} INFO - Processing file /home/airflow/.local/lib/python3.12/site-packages/airflow/example_dags/example_python_decorator.py for tasks to queue
[2024-07-25T03:46:27.599+0000] {logging_mixin.py:188} INFO - [2024-07-25T03:46:27.598+0000] {dagbag.py:545} INFO - Filling up the DagBag from /home/airflow/.local/lib/python3.12/site-packages/airflow/example_dags/example_python_decorator.py
[2024-07-25T03:46:27.607+0000] {processor.py:840} INFO - DAG(s) 'example_python_decorator' retrieved from /home/airflow/.local/lib/python3.12/site-packages/airflow/example_dags/example_python_decorator.py
[2024-07-25T03:46:27.621+0000] {logging_mixin.py:188} INFO - [2024-07-25T03:46:27.621+0000] {dag.py:3089} INFO - Sync 1 DAGs
[2024-07-25T03:46:27.628+0000] {logging_mixin.py:188} INFO - [2024-07-25T03:46:27.628+0000] {dag.py:3947} INFO - Setting next_dagrun for example_python_decorator to None, run_after=None
[2024-07-25T03:46:27.639+0000] {processor.py:183} INFO - Processing /home/airflow/.local/lib/python3.12/site-packages/airflow/example_dags/example_python_decorator.py took 0.047 seconds
[2024-07-25T03:46:57.761+0000] {processor.py:161} INFO - Started process (PID=794) to work on /home/airflow/.local/lib/python3.12/site-packages/airflow/example_dags/example_python_decorator.py
[2024-07-25T03:46:57.762+0000] {processor.py:830} INFO - Processing file /home/airflow/.local/lib/python3.12/site-packages/airflow/example_dags/example_python_decorator.py for tasks to queue
[2024-07-25T03:46:57.763+0000] {logging_mixin.py:188} INFO - [2024-07-25T03:46:57.763+0000] {dagbag.py:545} INFO - Filling up the DagBag from /home/airflow/.local/lib/python3.12/site-packages/airflow/example_dags/example_python_decorator.py
[2024-07-25T03:46:57.771+0000] {processor.py:840} INFO - DAG(s) 'example_python_decorator' retrieved from /home/airflow/.local/lib/python3.12/site-packages/airflow/example_dags/example_python_decorator.py
[2024-07-25T03:46:57.784+0000] {logging_mixin.py:188} INFO - [2024-07-25T03:46:57.784+0000] {dag.py:3089} INFO - Sync 1 DAGs
[2024-07-25T03:46:57.791+0000] {logging_mixin.py:188} INFO - [2024-07-25T03:46:57.791+0000] {dag.py:3947} INFO - Setting next_dagrun for example_python_decorator to None, run_after=None
[2024-07-25T03:46:57.801+0000] {processor.py:183} INFO - Processing /home/airflow/.local/lib/python3.12/site-packages/airflow/example_dags/example_python_decorator.py took 0.043 seconds
[2024-07-25T03:47:28.159+0000] {processor.py:161} INFO - Started process (PID=852) to work on /home/airflow/.local/lib/python3.12/site-packages/airflow/example_dags/example_python_decorator.py
[2024-07-25T03:47:28.160+0000] {processor.py:830} INFO - Processing file /home/airflow/.local/lib/python3.12/site-packages/airflow/example_dags/example_python_decorator.py for tasks to queue
[2024-07-25T03:47:28.161+0000] {logging_mixin.py:188} INFO - [2024-07-25T03:47:28.161+0000] {dagbag.py:545} INFO - Filling up the DagBag from /home/airflow/.local/lib/python3.12/site-packages/airflow/example_dags/example_python_decorator.py
[2024-07-25T03:47:28.169+0000] {processor.py:840} INFO - DAG(s) 'example_python_decorator' retrieved from /home/airflow/.local/lib/python3.12/site-packages/airflow/example_dags/example_python_decorator.py
[2024-07-25T03:47:28.182+0000] {logging_mixin.py:188} INFO - [2024-07-25T03:47:28.182+0000] {dag.py:3089} INFO - Sync 1 DAGs
[2024-07-25T03:47:28.188+0000] {logging_mixin.py:188} INFO - [2024-07-25T03:47:28.188+0000] {dag.py:3947} INFO - Setting next_dagrun for example_python_decorator to None, run_after=None
[2024-07-25T03:47:28.198+0000] {processor.py:183} INFO - Processing /home/airflow/.local/lib/python3.12/site-packages/airflow/example_dags/example_python_decorator.py took 0.043 seconds
[2024-07-25T03:47:58.277+0000] {processor.py:161} INFO - Started process (PID=910) to work on /home/airflow/.local/lib/python3.12/site-packages/airflow/example_dags/example_python_decorator.py
[2024-07-25T03:47:58.278+0000] {processor.py:830} INFO - Processing file /home/airflow/.local/lib/python3.12/site-packages/airflow/example_dags/example_python_decorator.py for tasks to queue
[2024-07-25T03:47:58.279+0000] {logging_mixin.py:188} INFO - [2024-07-25T03:47:58.279+0000] {dagbag.py:545} INFO - Filling up the DagBag from /home/airflow/.local/lib/python3.12/site-packages/airflow/example_dags/example_python_decorator.py
[2024-07-25T03:47:58.287+0000] {processor.py:840} INFO - DAG(s) 'example_python_decorator' retrieved from /home/airflow/.local/lib/python3.12/site-packages/airflow/example_dags/example_python_decorator.py
[2024-07-25T03:47:58.300+0000] {logging_mixin.py:188} INFO - [2024-07-25T03:47:58.300+0000] {dag.py:3089} INFO - Sync 1 DAGs
[2024-07-25T03:47:58.307+0000] {logging_mixin.py:188} INFO - [2024-07-25T03:47:58.307+0000] {dag.py:3947} INFO - Setting next_dagrun for example_python_decorator to None, run_after=None
[2024-07-25T03:47:58.316+0000] {processor.py:183} INFO - Processing /home/airflow/.local/lib/python3.12/site-packages/airflow/example_dags/example_python_decorator.py took 0.043 seconds
[2024-07-25T03:48:28.421+0000] {processor.py:161} INFO - Started process (PID=968) to work on /home/airflow/.local/lib/python3.12/site-packages/airflow/example_dags/example_python_decorator.py
[2024-07-25T03:48:28.422+0000] {processor.py:830} INFO - Processing file /home/airflow/.local/lib/python3.12/site-packages/airflow/example_dags/example_python_decorator.py for tasks to queue
[2024-07-25T03:48:28.423+0000] {logging_mixin.py:188} INFO - [2024-07-25T03:48:28.423+0000] {dagbag.py:545} INFO - Filling up the DagBag from /home/airflow/.local/lib/python3.12/site-packages/airflow/example_dags/example_python_decorator.py
[2024-07-25T03:48:28.431+0000] {processor.py:840} INFO - DAG(s) 'example_python_decorator' retrieved from /home/airflow/.local/lib/python3.12/site-packages/airflow/example_dags/example_python_decorator.py
[2024-07-25T03:48:28.443+0000] {logging_mixin.py:188} INFO - [2024-07-25T03:48:28.443+0000] {dag.py:3089} INFO - Sync 1 DAGs
[2024-07-25T03:48:28.449+0000] {logging_mixin.py:188} INFO - [2024-07-25T03:48:28.449+0000] {dag.py:3947} INFO - Setting next_dagrun for example_python_decorator to None, run_after=None
[2024-07-25T03:48:28.458+0000] {processor.py:183} INFO - Processing /home/airflow/.local/lib/python3.12/site-packages/airflow/example_dags/example_python_decorator.py took 0.041 seconds
[2024-07-25T03:48:58.620+0000] {processor.py:161} INFO - Started process (PID=1026) to work on /home/airflow/.local/lib/python3.12/site-packages/airflow/example_dags/example_python_decorator.py
[2024-07-25T03:48:58.620+0000] {processor.py:830} INFO - Processing file /home/airflow/.local/lib/python3.12/site-packages/airflow/example_dags/example_python_decorator.py for tasks to queue
[2024-07-25T03:48:58.622+0000] {logging_mixin.py:188} INFO - [2024-07-25T03:48:58.621+0000] {dagbag.py:545} INFO - Filling up the DagBag from /home/airflow/.local/lib/python3.12/site-packages/airflow/example_dags/example_python_decorator.py
[2024-07-25T03:48:58.630+0000] {processor.py:840} INFO - DAG(s) 'example_python_decorator' retrieved from /home/airflow/.local/lib/python3.12/site-packages/airflow/example_dags/example_python_decorator.py
[2024-07-25T03:48:58.643+0000] {logging_mixin.py:188} INFO - [2024-07-25T03:48:58.643+0000] {dag.py:3089} INFO - Sync 1 DAGs
[2024-07-25T03:48:58.650+0000] {logging_mixin.py:188} INFO - [2024-07-25T03:48:58.650+0000] {dag.py:3947} INFO - Setting next_dagrun for example_python_decorator to None, run_after=None
[2024-07-25T03:48:58.660+0000] {processor.py:183} INFO - Processing /home/airflow/.local/lib/python3.12/site-packages/airflow/example_dags/example_python_decorator.py took 0.045 seconds
[2024-07-25T03:49:29.046+0000] {processor.py:161} INFO - Started process (PID=1084) to work on /home/airflow/.local/lib/python3.12/site-packages/airflow/example_dags/example_python_decorator.py
[2024-07-25T03:49:29.047+0000] {processor.py:830} INFO - Processing file /home/airflow/.local/lib/python3.12/site-packages/airflow/example_dags/example_python_decorator.py for tasks to queue
[2024-07-25T03:49:29.048+0000] {logging_mixin.py:188} INFO - [2024-07-25T03:49:29.048+0000] {dagbag.py:545} INFO - Filling up the DagBag from /home/airflow/.local/lib/python3.12/site-packages/airflow/example_dags/example_python_decorator.py
[2024-07-25T03:49:29.056+0000] {processor.py:840} INFO - DAG(s) 'example_python_decorator' retrieved from /home/airflow/.local/lib/python3.12/site-packages/airflow/example_dags/example_python_decorator.py
[2024-07-25T03:49:29.069+0000] {logging_mixin.py:188} INFO - [2024-07-25T03:49:29.069+0000] {dag.py:3089} INFO - Sync 1 DAGs
[2024-07-25T03:49:29.076+0000] {logging_mixin.py:188} INFO - [2024-07-25T03:49:29.076+0000] {dag.py:3947} INFO - Setting next_dagrun for example_python_decorator to None, run_after=None
[2024-07-25T03:49:29.085+0000] {processor.py:183} INFO - Processing /home/airflow/.local/lib/python3.12/site-packages/airflow/example_dags/example_python_decorator.py took 0.043 seconds
[2024-07-25T03:49:59.387+0000] {processor.py:161} INFO - Started process (PID=1142) to work on /home/airflow/.local/lib/python3.12/site-packages/airflow/example_dags/example_python_decorator.py
[2024-07-25T03:49:59.388+0000] {processor.py:830} INFO - Processing file /home/airflow/.local/lib/python3.12/site-packages/airflow/example_dags/example_python_decorator.py for tasks to queue
[2024-07-25T03:49:59.389+0000] {logging_mixin.py:188} INFO - [2024-07-25T03:49:59.389+0000] {dagbag.py:545} INFO - Filling up the DagBag from /home/airflow/.local/lib/python3.12/site-packages/airflow/example_dags/example_python_decorator.py
[2024-07-25T03:49:59.397+0000] {processor.py:840} INFO - DAG(s) 'example_python_decorator' retrieved from /home/airflow/.local/lib/python3.12/site-packages/airflow/example_dags/example_python_decorator.py
[2024-07-25T03:49:59.410+0000] {logging_mixin.py:188} INFO - [2024-07-25T03:49:59.410+0000] {dag.py:3089} INFO - Sync 1 DAGs
[2024-07-25T03:49:59.416+0000] {logging_mixin.py:188} INFO - [2024-07-25T03:49:59.416+0000] {dag.py:3947} INFO - Setting next_dagrun for example_python_decorator to None, run_after=None
[2024-07-25T03:49:59.426+0000] {processor.py:183} INFO - Processing /home/airflow/.local/lib/python3.12/site-packages/airflow/example_dags/example_python_decorator.py took 0.042 seconds
[2024-07-25T03:50:29.582+0000] {processor.py:161} INFO - Started process (PID=1200) to work on /home/airflow/.local/lib/python3.12/site-packages/airflow/example_dags/example_python_decorator.py
[2024-07-25T03:50:29.583+0000] {processor.py:830} INFO - Processing file /home/airflow/.local/lib/python3.12/site-packages/airflow/example_dags/example_python_decorator.py for tasks to queue
[2024-07-25T03:50:29.585+0000] {logging_mixin.py:188} INFO - [2024-07-25T03:50:29.584+0000] {dagbag.py:545} INFO - Filling up the DagBag from /home/airflow/.local/lib/python3.12/site-packages/airflow/example_dags/example_python_decorator.py
[2024-07-25T03:50:29.593+0000] {processor.py:840} INFO - DAG(s) 'example_python_decorator' retrieved from /home/airflow/.local/lib/python3.12/site-packages/airflow/example_dags/example_python_decorator.py
[2024-07-25T03:50:29.606+0000] {logging_mixin.py:188} INFO - [2024-07-25T03:50:29.606+0000] {dag.py:3089} INFO - Sync 1 DAGs
[2024-07-25T03:50:29.613+0000] {logging_mixin.py:188} INFO - [2024-07-25T03:50:29.613+0000] {dag.py:3947} INFO - Setting next_dagrun for example_python_decorator to None, run_after=None
[2024-07-25T03:50:29.623+0000] {processor.py:183} INFO - Processing /home/airflow/.local/lib/python3.12/site-packages/airflow/example_dags/example_python_decorator.py took 0.044 seconds
[2024-07-25T03:50:59.806+0000] {processor.py:161} INFO - Started process (PID=1258) to work on /home/airflow/.local/lib/python3.12/site-packages/airflow/example_dags/example_python_decorator.py
[2024-07-25T03:50:59.807+0000] {processor.py:830} INFO - Processing file /home/airflow/.local/lib/python3.12/site-packages/airflow/example_dags/example_python_decorator.py for tasks to queue
[2024-07-25T03:50:59.808+0000] {logging_mixin.py:188} INFO - [2024-07-25T03:50:59.808+0000] {dagbag.py:545} INFO - Filling up the DagBag from /home/airflow/.local/lib/python3.12/site-packages/airflow/example_dags/example_python_decorator.py
[2024-07-25T03:50:59.816+0000] {processor.py:840} INFO - DAG(s) 'example_python_decorator' retrieved from /home/airflow/.local/lib/python3.12/site-packages/airflow/example_dags/example_python_decorator.py
[2024-07-25T03:50:59.830+0000] {logging_mixin.py:188} INFO - [2024-07-25T03:50:59.830+0000] {dag.py:3089} INFO - Sync 1 DAGs
[2024-07-25T03:50:59.837+0000] {logging_mixin.py:188} INFO - [2024-07-25T03:50:59.837+0000] {dag.py:3947} INFO - Setting next_dagrun for example_python_decorator to None, run_after=None
[2024-07-25T03:50:59.847+0000] {processor.py:183} INFO - Processing /home/airflow/.local/lib/python3.12/site-packages/airflow/example_dags/example_python_decorator.py took 0.045 seconds
[2024-07-25T03:51:30.056+0000] {processor.py:161} INFO - Started process (PID=1316) to work on /home/airflow/.local/lib/python3.12/site-packages/airflow/example_dags/example_python_decorator.py
[2024-07-25T03:51:30.057+0000] {processor.py:830} INFO - Processing file /home/airflow/.local/lib/python3.12/site-packages/airflow/example_dags/example_python_decorator.py for tasks to queue
[2024-07-25T03:51:30.058+0000] {logging_mixin.py:188} INFO - [2024-07-25T03:51:30.057+0000] {dagbag.py:545} INFO - Filling up the DagBag from /home/airflow/.local/lib/python3.12/site-packages/airflow/example_dags/example_python_decorator.py
[2024-07-25T03:51:30.066+0000] {processor.py:840} INFO - DAG(s) 'example_python_decorator' retrieved from /home/airflow/.local/lib/python3.12/site-packages/airflow/example_dags/example_python_decorator.py
[2024-07-25T03:51:30.078+0000] {logging_mixin.py:188} INFO - [2024-07-25T03:51:30.077+0000] {dag.py:3089} INFO - Sync 1 DAGs
[2024-07-25T03:51:30.084+0000] {logging_mixin.py:188} INFO - [2024-07-25T03:51:30.084+0000] {dag.py:3947} INFO - Setting next_dagrun for example_python_decorator to None, run_after=None
[2024-07-25T03:51:30.093+0000] {processor.py:183} INFO - Processing /home/airflow/.local/lib/python3.12/site-packages/airflow/example_dags/example_python_decorator.py took 0.041 seconds
[2024-07-25T03:52:00.198+0000] {processor.py:161} INFO - Started process (PID=1374) to work on /home/airflow/.local/lib/python3.12/site-packages/airflow/example_dags/example_python_decorator.py
[2024-07-25T03:52:00.199+0000] {processor.py:830} INFO - Processing file /home/airflow/.local/lib/python3.12/site-packages/airflow/example_dags/example_python_decorator.py for tasks to queue
[2024-07-25T03:52:00.200+0000] {logging_mixin.py:188} INFO - [2024-07-25T03:52:00.200+0000] {dagbag.py:545} INFO - Filling up the DagBag from /home/airflow/.local/lib/python3.12/site-packages/airflow/example_dags/example_python_decorator.py
[2024-07-25T03:52:00.208+0000] {processor.py:840} INFO - DAG(s) 'example_python_decorator' retrieved from /home/airflow/.local/lib/python3.12/site-packages/airflow/example_dags/example_python_decorator.py
[2024-07-25T03:52:00.220+0000] {logging_mixin.py:188} INFO - [2024-07-25T03:52:00.220+0000] {dag.py:3089} INFO - Sync 1 DAGs
[2024-07-25T03:52:00.227+0000] {logging_mixin.py:188} INFO - [2024-07-25T03:52:00.227+0000] {dag.py:3947} INFO - Setting next_dagrun for example_python_decorator to None, run_after=None
[2024-07-25T03:52:00.236+0000] {processor.py:183} INFO - Processing /home/airflow/.local/lib/python3.12/site-packages/airflow/example_dags/example_python_decorator.py took 0.042 seconds
[2024-07-25T03:52:30.378+0000] {processor.py:161} INFO - Started process (PID=1432) to work on /home/airflow/.local/lib/python3.12/site-packages/airflow/example_dags/example_python_decorator.py
[2024-07-25T03:52:30.379+0000] {processor.py:830} INFO - Processing file /home/airflow/.local/lib/python3.12/site-packages/airflow/example_dags/example_python_decorator.py for tasks to queue
[2024-07-25T03:52:30.380+0000] {logging_mixin.py:188} INFO - [2024-07-25T03:52:30.380+0000] {dagbag.py:545} INFO - Filling up the DagBag from /home/airflow/.local/lib/python3.12/site-packages/airflow/example_dags/example_python_decorator.py
[2024-07-25T03:52:30.389+0000] {processor.py:840} INFO - DAG(s) 'example_python_decorator' retrieved from /home/airflow/.local/lib/python3.12/site-packages/airflow/example_dags/example_python_decorator.py
[2024-07-25T03:52:30.402+0000] {logging_mixin.py:188} INFO - [2024-07-25T03:52:30.402+0000] {dag.py:3089} INFO - Sync 1 DAGs
[2024-07-25T03:52:30.409+0000] {logging_mixin.py:188} INFO - [2024-07-25T03:52:30.408+0000] {dag.py:3947} INFO - Setting next_dagrun for example_python_decorator to None, run_after=None
[2024-07-25T03:52:30.418+0000] {processor.py:183} INFO - Processing /home/airflow/.local/lib/python3.12/site-packages/airflow/example_dags/example_python_decorator.py took 0.043 seconds
[2024-07-25T04:03:45.902+0000] {processor.py:161} INFO - Started process (PID=40) to work on /home/airflow/.local/lib/python3.12/site-packages/airflow/example_dags/example_python_decorator.py
[2024-07-25T04:03:45.903+0000] {processor.py:830} INFO - Processing file /home/airflow/.local/lib/python3.12/site-packages/airflow/example_dags/example_python_decorator.py for tasks to queue
[2024-07-25T04:03:45.904+0000] {logging_mixin.py:188} INFO - [2024-07-25T04:03:45.904+0000] {dagbag.py:545} INFO - Filling up the DagBag from /home/airflow/.local/lib/python3.12/site-packages/airflow/example_dags/example_python_decorator.py
[2024-07-25T04:03:45.917+0000] {processor.py:840} INFO - DAG(s) 'example_python_decorator' retrieved from /home/airflow/.local/lib/python3.12/site-packages/airflow/example_dags/example_python_decorator.py
[2024-07-25T04:03:45.925+0000] {logging_mixin.py:188} INFO - [2024-07-25T04:03:45.925+0000] {dag.py:3089} INFO - Sync 1 DAGs
[2024-07-25T04:03:45.937+0000] {logging_mixin.py:188} INFO - [2024-07-25T04:03:45.937+0000] {dag.py:3947} INFO - Setting next_dagrun for example_python_decorator to None, run_after=None
[2024-07-25T04:03:45.949+0000] {processor.py:183} INFO - Processing /home/airflow/.local/lib/python3.12/site-packages/airflow/example_dags/example_python_decorator.py took 0.050 seconds
[2024-07-25T04:04:16.982+0000] {processor.py:161} INFO - Started process (PID=98) to work on /home/airflow/.local/lib/python3.12/site-packages/airflow/example_dags/example_python_decorator.py
[2024-07-25T04:04:16.982+0000] {processor.py:830} INFO - Processing file /home/airflow/.local/lib/python3.12/site-packages/airflow/example_dags/example_python_decorator.py for tasks to queue
[2024-07-25T04:04:16.984+0000] {logging_mixin.py:188} INFO - [2024-07-25T04:04:16.983+0000] {dagbag.py:545} INFO - Filling up the DagBag from /home/airflow/.local/lib/python3.12/site-packages/airflow/example_dags/example_python_decorator.py
[2024-07-25T04:04:16.992+0000] {processor.py:840} INFO - DAG(s) 'example_python_decorator' retrieved from /home/airflow/.local/lib/python3.12/site-packages/airflow/example_dags/example_python_decorator.py
[2024-07-25T04:04:17.041+0000] {logging_mixin.py:188} INFO - [2024-07-25T04:04:17.041+0000] {dag.py:3089} INFO - Sync 1 DAGs
[2024-07-25T04:04:17.046+0000] {logging_mixin.py:188} INFO - [2024-07-25T04:04:17.046+0000] {dag.py:3947} INFO - Setting next_dagrun for example_python_decorator to None, run_after=None
[2024-07-25T04:04:17.055+0000] {processor.py:183} INFO - Processing /home/airflow/.local/lib/python3.12/site-packages/airflow/example_dags/example_python_decorator.py took 0.077 seconds
[2024-07-25T04:04:47.528+0000] {processor.py:161} INFO - Started process (PID=156) to work on /home/airflow/.local/lib/python3.12/site-packages/airflow/example_dags/example_python_decorator.py
[2024-07-25T04:04:47.529+0000] {processor.py:830} INFO - Processing file /home/airflow/.local/lib/python3.12/site-packages/airflow/example_dags/example_python_decorator.py for tasks to queue
[2024-07-25T04:04:47.530+0000] {logging_mixin.py:188} INFO - [2024-07-25T04:04:47.530+0000] {dagbag.py:545} INFO - Filling up the DagBag from /home/airflow/.local/lib/python3.12/site-packages/airflow/example_dags/example_python_decorator.py
[2024-07-25T04:04:47.539+0000] {processor.py:840} INFO - DAG(s) 'example_python_decorator' retrieved from /home/airflow/.local/lib/python3.12/site-packages/airflow/example_dags/example_python_decorator.py
[2024-07-25T04:04:47.551+0000] {logging_mixin.py:188} INFO - [2024-07-25T04:04:47.551+0000] {dag.py:3089} INFO - Sync 1 DAGs
[2024-07-25T04:04:47.557+0000] {logging_mixin.py:188} INFO - [2024-07-25T04:04:47.557+0000] {dag.py:3947} INFO - Setting next_dagrun for example_python_decorator to None, run_after=None
[2024-07-25T04:04:47.566+0000] {processor.py:183} INFO - Processing /home/airflow/.local/lib/python3.12/site-packages/airflow/example_dags/example_python_decorator.py took 0.041 seconds
[2024-07-25T04:05:17.688+0000] {processor.py:161} INFO - Started process (PID=214) to work on /home/airflow/.local/lib/python3.12/site-packages/airflow/example_dags/example_python_decorator.py
[2024-07-25T04:05:17.689+0000] {processor.py:830} INFO - Processing file /home/airflow/.local/lib/python3.12/site-packages/airflow/example_dags/example_python_decorator.py for tasks to queue
[2024-07-25T04:05:17.690+0000] {logging_mixin.py:188} INFO - [2024-07-25T04:05:17.690+0000] {dagbag.py:545} INFO - Filling up the DagBag from /home/airflow/.local/lib/python3.12/site-packages/airflow/example_dags/example_python_decorator.py
[2024-07-25T04:05:17.698+0000] {processor.py:840} INFO - DAG(s) 'example_python_decorator' retrieved from /home/airflow/.local/lib/python3.12/site-packages/airflow/example_dags/example_python_decorator.py
[2024-07-25T04:05:17.711+0000] {logging_mixin.py:188} INFO - [2024-07-25T04:05:17.711+0000] {dag.py:3089} INFO - Sync 1 DAGs
[2024-07-25T04:05:17.717+0000] {logging_mixin.py:188} INFO - [2024-07-25T04:05:17.717+0000] {dag.py:3947} INFO - Setting next_dagrun for example_python_decorator to None, run_after=None
[2024-07-25T04:05:17.726+0000] {processor.py:183} INFO - Processing /home/airflow/.local/lib/python3.12/site-packages/airflow/example_dags/example_python_decorator.py took 0.041 seconds
[2024-07-25T04:05:47.956+0000] {processor.py:161} INFO - Started process (PID=272) to work on /home/airflow/.local/lib/python3.12/site-packages/airflow/example_dags/example_python_decorator.py
[2024-07-25T04:05:47.957+0000] {processor.py:830} INFO - Processing file /home/airflow/.local/lib/python3.12/site-packages/airflow/example_dags/example_python_decorator.py for tasks to queue
[2024-07-25T04:05:47.959+0000] {logging_mixin.py:188} INFO - [2024-07-25T04:05:47.958+0000] {dagbag.py:545} INFO - Filling up the DagBag from /home/airflow/.local/lib/python3.12/site-packages/airflow/example_dags/example_python_decorator.py
[2024-07-25T04:05:47.967+0000] {processor.py:840} INFO - DAG(s) 'example_python_decorator' retrieved from /home/airflow/.local/lib/python3.12/site-packages/airflow/example_dags/example_python_decorator.py
[2024-07-25T04:05:47.980+0000] {logging_mixin.py:188} INFO - [2024-07-25T04:05:47.980+0000] {dag.py:3089} INFO - Sync 1 DAGs
[2024-07-25T04:05:47.986+0000] {logging_mixin.py:188} INFO - [2024-07-25T04:05:47.986+0000] {dag.py:3947} INFO - Setting next_dagrun for example_python_decorator to None, run_after=None
[2024-07-25T04:05:47.995+0000] {processor.py:183} INFO - Processing /home/airflow/.local/lib/python3.12/site-packages/airflow/example_dags/example_python_decorator.py took 0.042 seconds
[2024-07-25T04:06:18.059+0000] {processor.py:161} INFO - Started process (PID=330) to work on /home/airflow/.local/lib/python3.12/site-packages/airflow/example_dags/example_python_decorator.py
[2024-07-25T04:06:18.060+0000] {processor.py:830} INFO - Processing file /home/airflow/.local/lib/python3.12/site-packages/airflow/example_dags/example_python_decorator.py for tasks to queue
[2024-07-25T04:06:18.061+0000] {logging_mixin.py:188} INFO - [2024-07-25T04:06:18.061+0000] {dagbag.py:545} INFO - Filling up the DagBag from /home/airflow/.local/lib/python3.12/site-packages/airflow/example_dags/example_python_decorator.py
[2024-07-25T04:06:18.068+0000] {processor.py:840} INFO - DAG(s) 'example_python_decorator' retrieved from /home/airflow/.local/lib/python3.12/site-packages/airflow/example_dags/example_python_decorator.py
[2024-07-25T04:06:18.081+0000] {logging_mixin.py:188} INFO - [2024-07-25T04:06:18.081+0000] {dag.py:3089} INFO - Sync 1 DAGs
[2024-07-25T04:06:18.088+0000] {logging_mixin.py:188} INFO - [2024-07-25T04:06:18.087+0000] {dag.py:3947} INFO - Setting next_dagrun for example_python_decorator to None, run_after=None
[2024-07-25T04:06:18.098+0000] {processor.py:183} INFO - Processing /home/airflow/.local/lib/python3.12/site-packages/airflow/example_dags/example_python_decorator.py took 0.042 seconds
[2024-07-25T04:06:48.482+0000] {processor.py:161} INFO - Started process (PID=388) to work on /home/airflow/.local/lib/python3.12/site-packages/airflow/example_dags/example_python_decorator.py
[2024-07-25T04:06:48.483+0000] {processor.py:830} INFO - Processing file /home/airflow/.local/lib/python3.12/site-packages/airflow/example_dags/example_python_decorator.py for tasks to queue
[2024-07-25T04:06:48.484+0000] {logging_mixin.py:188} INFO - [2024-07-25T04:06:48.484+0000] {dagbag.py:545} INFO - Filling up the DagBag from /home/airflow/.local/lib/python3.12/site-packages/airflow/example_dags/example_python_decorator.py
[2024-07-25T04:06:48.497+0000] {processor.py:840} INFO - DAG(s) 'example_python_decorator' retrieved from /home/airflow/.local/lib/python3.12/site-packages/airflow/example_dags/example_python_decorator.py
[2024-07-25T04:06:48.512+0000] {logging_mixin.py:188} INFO - [2024-07-25T04:06:48.511+0000] {dag.py:3089} INFO - Sync 1 DAGs
[2024-07-25T04:06:48.518+0000] {logging_mixin.py:188} INFO - [2024-07-25T04:06:48.518+0000] {dag.py:3947} INFO - Setting next_dagrun for example_python_decorator to None, run_after=None
[2024-07-25T04:06:48.528+0000] {processor.py:183} INFO - Processing /home/airflow/.local/lib/python3.12/site-packages/airflow/example_dags/example_python_decorator.py took 0.050 seconds
[2024-07-25T04:07:18.795+0000] {processor.py:161} INFO - Started process (PID=446) to work on /home/airflow/.local/lib/python3.12/site-packages/airflow/example_dags/example_python_decorator.py
[2024-07-25T04:07:18.796+0000] {processor.py:830} INFO - Processing file /home/airflow/.local/lib/python3.12/site-packages/airflow/example_dags/example_python_decorator.py for tasks to queue
[2024-07-25T04:07:18.797+0000] {logging_mixin.py:188} INFO - [2024-07-25T04:07:18.797+0000] {dagbag.py:545} INFO - Filling up the DagBag from /home/airflow/.local/lib/python3.12/site-packages/airflow/example_dags/example_python_decorator.py
[2024-07-25T04:07:18.806+0000] {processor.py:840} INFO - DAG(s) 'example_python_decorator' retrieved from /home/airflow/.local/lib/python3.12/site-packages/airflow/example_dags/example_python_decorator.py
[2024-07-25T04:07:18.819+0000] {logging_mixin.py:188} INFO - [2024-07-25T04:07:18.819+0000] {dag.py:3089} INFO - Sync 1 DAGs
[2024-07-25T04:07:18.825+0000] {logging_mixin.py:188} INFO - [2024-07-25T04:07:18.825+0000] {dag.py:3947} INFO - Setting next_dagrun for example_python_decorator to None, run_after=None
[2024-07-25T04:07:18.835+0000] {processor.py:183} INFO - Processing /home/airflow/.local/lib/python3.12/site-packages/airflow/example_dags/example_python_decorator.py took 0.043 seconds
[2024-07-25T04:07:48.902+0000] {processor.py:161} INFO - Started process (PID=504) to work on /home/airflow/.local/lib/python3.12/site-packages/airflow/example_dags/example_python_decorator.py
[2024-07-25T04:07:48.903+0000] {processor.py:830} INFO - Processing file /home/airflow/.local/lib/python3.12/site-packages/airflow/example_dags/example_python_decorator.py for tasks to queue
[2024-07-25T04:07:48.905+0000] {logging_mixin.py:188} INFO - [2024-07-25T04:07:48.904+0000] {dagbag.py:545} INFO - Filling up the DagBag from /home/airflow/.local/lib/python3.12/site-packages/airflow/example_dags/example_python_decorator.py
[2024-07-25T04:07:48.922+0000] {processor.py:840} INFO - DAG(s) 'example_python_decorator' retrieved from /home/airflow/.local/lib/python3.12/site-packages/airflow/example_dags/example_python_decorator.py
[2024-07-25T04:07:48.936+0000] {logging_mixin.py:188} INFO - [2024-07-25T04:07:48.936+0000] {dag.py:3089} INFO - Sync 1 DAGs
[2024-07-25T04:07:48.942+0000] {logging_mixin.py:188} INFO - [2024-07-25T04:07:48.942+0000] {dag.py:3947} INFO - Setting next_dagrun for example_python_decorator to None, run_after=None
[2024-07-25T04:07:48.952+0000] {processor.py:183} INFO - Processing /home/airflow/.local/lib/python3.12/site-packages/airflow/example_dags/example_python_decorator.py took 0.054 seconds
[2024-07-25T04:08:19.149+0000] {processor.py:161} INFO - Started process (PID=562) to work on /home/airflow/.local/lib/python3.12/site-packages/airflow/example_dags/example_python_decorator.py
[2024-07-25T04:08:19.151+0000] {processor.py:830} INFO - Processing file /home/airflow/.local/lib/python3.12/site-packages/airflow/example_dags/example_python_decorator.py for tasks to queue
[2024-07-25T04:08:19.154+0000] {logging_mixin.py:188} INFO - [2024-07-25T04:08:19.153+0000] {dagbag.py:545} INFO - Filling up the DagBag from /home/airflow/.local/lib/python3.12/site-packages/airflow/example_dags/example_python_decorator.py
[2024-07-25T04:08:19.164+0000] {processor.py:840} INFO - DAG(s) 'example_python_decorator' retrieved from /home/airflow/.local/lib/python3.12/site-packages/airflow/example_dags/example_python_decorator.py
[2024-07-25T04:08:19.178+0000] {logging_mixin.py:188} INFO - [2024-07-25T04:08:19.178+0000] {dag.py:3089} INFO - Sync 1 DAGs
[2024-07-25T04:08:19.185+0000] {logging_mixin.py:188} INFO - [2024-07-25T04:08:19.185+0000] {dag.py:3947} INFO - Setting next_dagrun for example_python_decorator to None, run_after=None
[2024-07-25T04:08:19.195+0000] {processor.py:183} INFO - Processing /home/airflow/.local/lib/python3.12/site-packages/airflow/example_dags/example_python_decorator.py took 0.050 seconds
[2024-07-25T04:08:49.305+0000] {processor.py:161} INFO - Started process (PID=620) to work on /home/airflow/.local/lib/python3.12/site-packages/airflow/example_dags/example_python_decorator.py
[2024-07-25T04:08:49.306+0000] {processor.py:830} INFO - Processing file /home/airflow/.local/lib/python3.12/site-packages/airflow/example_dags/example_python_decorator.py for tasks to queue
[2024-07-25T04:08:49.307+0000] {logging_mixin.py:188} INFO - [2024-07-25T04:08:49.307+0000] {dagbag.py:545} INFO - Filling up the DagBag from /home/airflow/.local/lib/python3.12/site-packages/airflow/example_dags/example_python_decorator.py
[2024-07-25T04:08:49.316+0000] {processor.py:840} INFO - DAG(s) 'example_python_decorator' retrieved from /home/airflow/.local/lib/python3.12/site-packages/airflow/example_dags/example_python_decorator.py
[2024-07-25T04:08:49.328+0000] {logging_mixin.py:188} INFO - [2024-07-25T04:08:49.328+0000] {dag.py:3089} INFO - Sync 1 DAGs
[2024-07-25T04:08:49.335+0000] {logging_mixin.py:188} INFO - [2024-07-25T04:08:49.335+0000] {dag.py:3947} INFO - Setting next_dagrun for example_python_decorator to None, run_after=None
[2024-07-25T04:08:49.344+0000] {processor.py:183} INFO - Processing /home/airflow/.local/lib/python3.12/site-packages/airflow/example_dags/example_python_decorator.py took 0.043 seconds
[2024-07-25T04:09:19.741+0000] {processor.py:161} INFO - Started process (PID=679) to work on /home/airflow/.local/lib/python3.12/site-packages/airflow/example_dags/example_python_decorator.py
[2024-07-25T04:09:19.742+0000] {processor.py:830} INFO - Processing file /home/airflow/.local/lib/python3.12/site-packages/airflow/example_dags/example_python_decorator.py for tasks to queue
[2024-07-25T04:09:19.744+0000] {logging_mixin.py:188} INFO - [2024-07-25T04:09:19.743+0000] {dagbag.py:545} INFO - Filling up the DagBag from /home/airflow/.local/lib/python3.12/site-packages/airflow/example_dags/example_python_decorator.py
[2024-07-25T04:09:19.754+0000] {processor.py:840} INFO - DAG(s) 'example_python_decorator' retrieved from /home/airflow/.local/lib/python3.12/site-packages/airflow/example_dags/example_python_decorator.py
[2024-07-25T04:09:19.768+0000] {logging_mixin.py:188} INFO - [2024-07-25T04:09:19.768+0000] {dag.py:3089} INFO - Sync 1 DAGs
[2024-07-25T04:09:19.776+0000] {logging_mixin.py:188} INFO - [2024-07-25T04:09:19.776+0000] {dag.py:3947} INFO - Setting next_dagrun for example_python_decorator to None, run_after=None
[2024-07-25T04:09:19.787+0000] {processor.py:183} INFO - Processing /home/airflow/.local/lib/python3.12/site-packages/airflow/example_dags/example_python_decorator.py took 0.050 seconds
[2024-07-25T04:09:49.951+0000] {processor.py:161} INFO - Started process (PID=737) to work on /home/airflow/.local/lib/python3.12/site-packages/airflow/example_dags/example_python_decorator.py
[2024-07-25T04:09:49.952+0000] {processor.py:830} INFO - Processing file /home/airflow/.local/lib/python3.12/site-packages/airflow/example_dags/example_python_decorator.py for tasks to queue
[2024-07-25T04:09:49.953+0000] {logging_mixin.py:188} INFO - [2024-07-25T04:09:49.953+0000] {dagbag.py:545} INFO - Filling up the DagBag from /home/airflow/.local/lib/python3.12/site-packages/airflow/example_dags/example_python_decorator.py
[2024-07-25T04:09:49.962+0000] {processor.py:840} INFO - DAG(s) 'example_python_decorator' retrieved from /home/airflow/.local/lib/python3.12/site-packages/airflow/example_dags/example_python_decorator.py
[2024-07-25T04:09:49.974+0000] {logging_mixin.py:188} INFO - [2024-07-25T04:09:49.974+0000] {dag.py:3089} INFO - Sync 1 DAGs
[2024-07-25T04:09:49.980+0000] {logging_mixin.py:188} INFO - [2024-07-25T04:09:49.980+0000] {dag.py:3947} INFO - Setting next_dagrun for example_python_decorator to None, run_after=None
[2024-07-25T04:09:49.989+0000] {processor.py:183} INFO - Processing /home/airflow/.local/lib/python3.12/site-packages/airflow/example_dags/example_python_decorator.py took 0.041 seconds
[2024-07-25T04:10:20.592+0000] {processor.py:161} INFO - Started process (PID=795) to work on /home/airflow/.local/lib/python3.12/site-packages/airflow/example_dags/example_python_decorator.py
[2024-07-25T04:10:20.593+0000] {processor.py:830} INFO - Processing file /home/airflow/.local/lib/python3.12/site-packages/airflow/example_dags/example_python_decorator.py for tasks to queue
[2024-07-25T04:10:20.594+0000] {logging_mixin.py:188} INFO - [2024-07-25T04:10:20.594+0000] {dagbag.py:545} INFO - Filling up the DagBag from /home/airflow/.local/lib/python3.12/site-packages/airflow/example_dags/example_python_decorator.py
[2024-07-25T04:10:20.603+0000] {processor.py:840} INFO - DAG(s) 'example_python_decorator' retrieved from /home/airflow/.local/lib/python3.12/site-packages/airflow/example_dags/example_python_decorator.py
[2024-07-25T04:10:20.616+0000] {logging_mixin.py:188} INFO - [2024-07-25T04:10:20.616+0000] {dag.py:3089} INFO - Sync 1 DAGs
[2024-07-25T04:10:20.622+0000] {logging_mixin.py:188} INFO - [2024-07-25T04:10:20.622+0000] {dag.py:3947} INFO - Setting next_dagrun for example_python_decorator to None, run_after=None
[2024-07-25T04:10:20.631+0000] {processor.py:183} INFO - Processing /home/airflow/.local/lib/python3.12/site-packages/airflow/example_dags/example_python_decorator.py took 0.042 seconds
[2024-07-25T04:10:50.819+0000] {processor.py:161} INFO - Started process (PID=853) to work on /home/airflow/.local/lib/python3.12/site-packages/airflow/example_dags/example_python_decorator.py
[2024-07-25T04:10:50.820+0000] {processor.py:830} INFO - Processing file /home/airflow/.local/lib/python3.12/site-packages/airflow/example_dags/example_python_decorator.py for tasks to queue
[2024-07-25T04:10:50.821+0000] {logging_mixin.py:188} INFO - [2024-07-25T04:10:50.821+0000] {dagbag.py:545} INFO - Filling up the DagBag from /home/airflow/.local/lib/python3.12/site-packages/airflow/example_dags/example_python_decorator.py
[2024-07-25T04:10:50.830+0000] {processor.py:840} INFO - DAG(s) 'example_python_decorator' retrieved from /home/airflow/.local/lib/python3.12/site-packages/airflow/example_dags/example_python_decorator.py
[2024-07-25T04:10:50.843+0000] {logging_mixin.py:188} INFO - [2024-07-25T04:10:50.843+0000] {dag.py:3089} INFO - Sync 1 DAGs
[2024-07-25T04:10:50.849+0000] {logging_mixin.py:188} INFO - [2024-07-25T04:10:50.849+0000] {dag.py:3947} INFO - Setting next_dagrun for example_python_decorator to None, run_after=None
[2024-07-25T04:10:50.858+0000] {processor.py:183} INFO - Processing /home/airflow/.local/lib/python3.12/site-packages/airflow/example_dags/example_python_decorator.py took 0.043 seconds
[2024-07-25T04:11:21.074+0000] {processor.py:161} INFO - Started process (PID=911) to work on /home/airflow/.local/lib/python3.12/site-packages/airflow/example_dags/example_python_decorator.py
[2024-07-25T04:11:21.074+0000] {processor.py:830} INFO - Processing file /home/airflow/.local/lib/python3.12/site-packages/airflow/example_dags/example_python_decorator.py for tasks to queue
[2024-07-25T04:11:21.076+0000] {logging_mixin.py:188} INFO - [2024-07-25T04:11:21.076+0000] {dagbag.py:545} INFO - Filling up the DagBag from /home/airflow/.local/lib/python3.12/site-packages/airflow/example_dags/example_python_decorator.py
[2024-07-25T04:11:21.084+0000] {processor.py:840} INFO - DAG(s) 'example_python_decorator' retrieved from /home/airflow/.local/lib/python3.12/site-packages/airflow/example_dags/example_python_decorator.py
[2024-07-25T04:11:21.097+0000] {logging_mixin.py:188} INFO - [2024-07-25T04:11:21.097+0000] {dag.py:3089} INFO - Sync 1 DAGs
[2024-07-25T04:11:21.104+0000] {logging_mixin.py:188} INFO - [2024-07-25T04:11:21.104+0000] {dag.py:3947} INFO - Setting next_dagrun for example_python_decorator to None, run_after=None
[2024-07-25T04:11:21.112+0000] {processor.py:183} INFO - Processing /home/airflow/.local/lib/python3.12/site-packages/airflow/example_dags/example_python_decorator.py took 0.042 seconds
[2024-07-25T04:11:51.215+0000] {processor.py:161} INFO - Started process (PID=969) to work on /home/airflow/.local/lib/python3.12/site-packages/airflow/example_dags/example_python_decorator.py
[2024-07-25T04:11:51.216+0000] {processor.py:830} INFO - Processing file /home/airflow/.local/lib/python3.12/site-packages/airflow/example_dags/example_python_decorator.py for tasks to queue
[2024-07-25T04:11:51.217+0000] {logging_mixin.py:188} INFO - [2024-07-25T04:11:51.217+0000] {dagbag.py:545} INFO - Filling up the DagBag from /home/airflow/.local/lib/python3.12/site-packages/airflow/example_dags/example_python_decorator.py
[2024-07-25T04:11:51.225+0000] {processor.py:840} INFO - DAG(s) 'example_python_decorator' retrieved from /home/airflow/.local/lib/python3.12/site-packages/airflow/example_dags/example_python_decorator.py
[2024-07-25T04:11:51.236+0000] {logging_mixin.py:188} INFO - [2024-07-25T04:11:51.236+0000] {dag.py:3089} INFO - Sync 1 DAGs
[2024-07-25T04:11:51.242+0000] {logging_mixin.py:188} INFO - [2024-07-25T04:11:51.242+0000] {dag.py:3947} INFO - Setting next_dagrun for example_python_decorator to None, run_after=None
[2024-07-25T04:11:51.251+0000] {processor.py:183} INFO - Processing /home/airflow/.local/lib/python3.12/site-packages/airflow/example_dags/example_python_decorator.py took 0.040 seconds
