[2024-07-25T03:40:24.163+0000] {processor.py:161} INFO - Started process (PID=42) to work on /home/airflow/.local/lib/python3.12/site-packages/airflow/example_dags/example_display_name.py
[2024-07-25T03:40:24.164+0000] {processor.py:830} INFO - Processing file /home/airflow/.local/lib/python3.12/site-packages/airflow/example_dags/example_display_name.py for tasks to queue
[2024-07-25T03:40:24.165+0000] {logging_mixin.py:188} INFO - [2024-07-25T03:40:24.165+0000] {dagbag.py:545} INFO - Filling up the DagBag from /home/airflow/.local/lib/python3.12/site-packages/airflow/example_dags/example_display_name.py
[2024-07-25T03:40:24.169+0000] {processor.py:840} INFO - DAG(s) 'example_display_name' retrieved from /home/airflow/.local/lib/python3.12/site-packages/airflow/example_dags/example_display_name.py
[2024-07-25T03:40:24.176+0000] {logging_mixin.py:188} INFO - [2024-07-25T03:40:24.176+0000] {dag.py:3089} INFO - Sync 1 DAGs
[2024-07-25T03:40:24.186+0000] {logging_mixin.py:188} INFO - [2024-07-25T03:40:24.186+0000] {dag.py:3947} INFO - Setting next_dagrun for example_display_name to None, run_after=None
[2024-07-25T03:40:24.197+0000] {processor.py:183} INFO - Processing /home/airflow/.local/lib/python3.12/site-packages/airflow/example_dags/example_display_name.py took 0.038 seconds
[2024-07-25T03:40:54.996+0000] {processor.py:161} INFO - Started process (PID=100) to work on /home/airflow/.local/lib/python3.12/site-packages/airflow/example_dags/example_display_name.py
[2024-07-25T03:40:54.997+0000] {processor.py:830} INFO - Processing file /home/airflow/.local/lib/python3.12/site-packages/airflow/example_dags/example_display_name.py for tasks to queue
[2024-07-25T03:40:54.998+0000] {logging_mixin.py:188} INFO - [2024-07-25T03:40:54.998+0000] {dagbag.py:545} INFO - Filling up the DagBag from /home/airflow/.local/lib/python3.12/site-packages/airflow/example_dags/example_display_name.py
[2024-07-25T03:40:55.002+0000] {processor.py:840} INFO - DAG(s) 'example_display_name' retrieved from /home/airflow/.local/lib/python3.12/site-packages/airflow/example_dags/example_display_name.py
[2024-07-25T03:40:55.055+0000] {logging_mixin.py:188} INFO - [2024-07-25T03:40:55.055+0000] {dag.py:3089} INFO - Sync 1 DAGs
[2024-07-25T03:40:55.060+0000] {logging_mixin.py:188} INFO - [2024-07-25T03:40:55.060+0000] {dag.py:3947} INFO - Setting next_dagrun for example_display_name to None, run_after=None
[2024-07-25T03:40:55.069+0000] {processor.py:183} INFO - Processing /home/airflow/.local/lib/python3.12/site-packages/airflow/example_dags/example_display_name.py took 0.076 seconds
[2024-07-25T03:41:25.124+0000] {processor.py:161} INFO - Started process (PID=158) to work on /home/airflow/.local/lib/python3.12/site-packages/airflow/example_dags/example_display_name.py
[2024-07-25T03:41:25.125+0000] {processor.py:830} INFO - Processing file /home/airflow/.local/lib/python3.12/site-packages/airflow/example_dags/example_display_name.py for tasks to queue
[2024-07-25T03:41:25.126+0000] {logging_mixin.py:188} INFO - [2024-07-25T03:41:25.126+0000] {dagbag.py:545} INFO - Filling up the DagBag from /home/airflow/.local/lib/python3.12/site-packages/airflow/example_dags/example_display_name.py
[2024-07-25T03:41:25.129+0000] {processor.py:840} INFO - DAG(s) 'example_display_name' retrieved from /home/airflow/.local/lib/python3.12/site-packages/airflow/example_dags/example_display_name.py
[2024-07-25T03:41:25.141+0000] {logging_mixin.py:188} INFO - [2024-07-25T03:41:25.140+0000] {dag.py:3089} INFO - Sync 1 DAGs
[2024-07-25T03:41:25.147+0000] {logging_mixin.py:188} INFO - [2024-07-25T03:41:25.147+0000] {dag.py:3947} INFO - Setting next_dagrun for example_display_name to None, run_after=None
[2024-07-25T03:41:25.155+0000] {processor.py:183} INFO - Processing /home/airflow/.local/lib/python3.12/site-packages/airflow/example_dags/example_display_name.py took 0.034 seconds
[2024-07-25T03:41:55.335+0000] {processor.py:161} INFO - Started process (PID=216) to work on /home/airflow/.local/lib/python3.12/site-packages/airflow/example_dags/example_display_name.py
[2024-07-25T03:41:55.336+0000] {processor.py:830} INFO - Processing file /home/airflow/.local/lib/python3.12/site-packages/airflow/example_dags/example_display_name.py for tasks to queue
[2024-07-25T03:41:55.338+0000] {logging_mixin.py:188} INFO - [2024-07-25T03:41:55.337+0000] {dagbag.py:545} INFO - Filling up the DagBag from /home/airflow/.local/lib/python3.12/site-packages/airflow/example_dags/example_display_name.py
[2024-07-25T03:41:55.341+0000] {processor.py:840} INFO - DAG(s) 'example_display_name' retrieved from /home/airflow/.local/lib/python3.12/site-packages/airflow/example_dags/example_display_name.py
[2024-07-25T03:41:55.353+0000] {logging_mixin.py:188} INFO - [2024-07-25T03:41:55.353+0000] {dag.py:3089} INFO - Sync 1 DAGs
[2024-07-25T03:41:55.359+0000] {logging_mixin.py:188} INFO - [2024-07-25T03:41:55.359+0000] {dag.py:3947} INFO - Setting next_dagrun for example_display_name to None, run_after=None
[2024-07-25T03:41:55.368+0000] {processor.py:183} INFO - Processing /home/airflow/.local/lib/python3.12/site-packages/airflow/example_dags/example_display_name.py took 0.036 seconds
[2024-07-25T03:42:25.456+0000] {processor.py:161} INFO - Started process (PID=274) to work on /home/airflow/.local/lib/python3.12/site-packages/airflow/example_dags/example_display_name.py
[2024-07-25T03:42:25.456+0000] {processor.py:830} INFO - Processing file /home/airflow/.local/lib/python3.12/site-packages/airflow/example_dags/example_display_name.py for tasks to queue
[2024-07-25T03:42:25.457+0000] {logging_mixin.py:188} INFO - [2024-07-25T03:42:25.457+0000] {dagbag.py:545} INFO - Filling up the DagBag from /home/airflow/.local/lib/python3.12/site-packages/airflow/example_dags/example_display_name.py
[2024-07-25T03:42:25.461+0000] {processor.py:840} INFO - DAG(s) 'example_display_name' retrieved from /home/airflow/.local/lib/python3.12/site-packages/airflow/example_dags/example_display_name.py
[2024-07-25T03:42:25.472+0000] {logging_mixin.py:188} INFO - [2024-07-25T03:42:25.472+0000] {dag.py:3089} INFO - Sync 1 DAGs
[2024-07-25T03:42:25.478+0000] {logging_mixin.py:188} INFO - [2024-07-25T03:42:25.478+0000] {dag.py:3947} INFO - Setting next_dagrun for example_display_name to None, run_after=None
[2024-07-25T03:42:25.487+0000] {processor.py:183} INFO - Processing /home/airflow/.local/lib/python3.12/site-packages/airflow/example_dags/example_display_name.py took 0.035 seconds
[2024-07-25T03:42:55.798+0000] {processor.py:161} INFO - Started process (PID=332) to work on /home/airflow/.local/lib/python3.12/site-packages/airflow/example_dags/example_display_name.py
[2024-07-25T03:42:55.799+0000] {processor.py:830} INFO - Processing file /home/airflow/.local/lib/python3.12/site-packages/airflow/example_dags/example_display_name.py for tasks to queue
[2024-07-25T03:42:55.800+0000] {logging_mixin.py:188} INFO - [2024-07-25T03:42:55.800+0000] {dagbag.py:545} INFO - Filling up the DagBag from /home/airflow/.local/lib/python3.12/site-packages/airflow/example_dags/example_display_name.py
[2024-07-25T03:42:55.804+0000] {processor.py:840} INFO - DAG(s) 'example_display_name' retrieved from /home/airflow/.local/lib/python3.12/site-packages/airflow/example_dags/example_display_name.py
[2024-07-25T03:42:55.816+0000] {logging_mixin.py:188} INFO - [2024-07-25T03:42:55.816+0000] {dag.py:3089} INFO - Sync 1 DAGs
[2024-07-25T03:42:55.823+0000] {logging_mixin.py:188} INFO - [2024-07-25T03:42:55.823+0000] {dag.py:3947} INFO - Setting next_dagrun for example_display_name to None, run_after=None
[2024-07-25T03:42:55.833+0000] {processor.py:183} INFO - Processing /home/airflow/.local/lib/python3.12/site-packages/airflow/example_dags/example_display_name.py took 0.039 seconds
[2024-07-25T03:43:26.090+0000] {processor.py:161} INFO - Started process (PID=390) to work on /home/airflow/.local/lib/python3.12/site-packages/airflow/example_dags/example_display_name.py
[2024-07-25T03:43:26.090+0000] {processor.py:830} INFO - Processing file /home/airflow/.local/lib/python3.12/site-packages/airflow/example_dags/example_display_name.py for tasks to queue
[2024-07-25T03:43:26.091+0000] {logging_mixin.py:188} INFO - [2024-07-25T03:43:26.091+0000] {dagbag.py:545} INFO - Filling up the DagBag from /home/airflow/.local/lib/python3.12/site-packages/airflow/example_dags/example_display_name.py
[2024-07-25T03:43:26.095+0000] {processor.py:840} INFO - DAG(s) 'example_display_name' retrieved from /home/airflow/.local/lib/python3.12/site-packages/airflow/example_dags/example_display_name.py
[2024-07-25T03:43:26.107+0000] {logging_mixin.py:188} INFO - [2024-07-25T03:43:26.107+0000] {dag.py:3089} INFO - Sync 1 DAGs
[2024-07-25T03:43:26.113+0000] {logging_mixin.py:188} INFO - [2024-07-25T03:43:26.113+0000] {dag.py:3947} INFO - Setting next_dagrun for example_display_name to None, run_after=None
[2024-07-25T03:43:26.123+0000] {processor.py:183} INFO - Processing /home/airflow/.local/lib/python3.12/site-packages/airflow/example_dags/example_display_name.py took 0.037 seconds
[2024-07-25T03:43:56.299+0000] {processor.py:161} INFO - Started process (PID=448) to work on /home/airflow/.local/lib/python3.12/site-packages/airflow/example_dags/example_display_name.py
[2024-07-25T03:43:56.300+0000] {processor.py:830} INFO - Processing file /home/airflow/.local/lib/python3.12/site-packages/airflow/example_dags/example_display_name.py for tasks to queue
[2024-07-25T03:43:56.301+0000] {logging_mixin.py:188} INFO - [2024-07-25T03:43:56.301+0000] {dagbag.py:545} INFO - Filling up the DagBag from /home/airflow/.local/lib/python3.12/site-packages/airflow/example_dags/example_display_name.py
[2024-07-25T03:43:56.306+0000] {processor.py:840} INFO - DAG(s) 'example_display_name' retrieved from /home/airflow/.local/lib/python3.12/site-packages/airflow/example_dags/example_display_name.py
[2024-07-25T03:43:56.320+0000] {logging_mixin.py:188} INFO - [2024-07-25T03:43:56.319+0000] {dag.py:3089} INFO - Sync 1 DAGs
[2024-07-25T03:43:56.327+0000] {logging_mixin.py:188} INFO - [2024-07-25T03:43:56.327+0000] {dag.py:3947} INFO - Setting next_dagrun for example_display_name to None, run_after=None
[2024-07-25T03:43:56.338+0000] {processor.py:183} INFO - Processing /home/airflow/.local/lib/python3.12/site-packages/airflow/example_dags/example_display_name.py took 0.043 seconds
[2024-07-25T03:44:26.420+0000] {processor.py:161} INFO - Started process (PID=506) to work on /home/airflow/.local/lib/python3.12/site-packages/airflow/example_dags/example_display_name.py
[2024-07-25T03:44:26.420+0000] {processor.py:830} INFO - Processing file /home/airflow/.local/lib/python3.12/site-packages/airflow/example_dags/example_display_name.py for tasks to queue
[2024-07-25T03:44:26.422+0000] {logging_mixin.py:188} INFO - [2024-07-25T03:44:26.421+0000] {dagbag.py:545} INFO - Filling up the DagBag from /home/airflow/.local/lib/python3.12/site-packages/airflow/example_dags/example_display_name.py
[2024-07-25T03:44:26.425+0000] {processor.py:840} INFO - DAG(s) 'example_display_name' retrieved from /home/airflow/.local/lib/python3.12/site-packages/airflow/example_dags/example_display_name.py
[2024-07-25T03:44:26.437+0000] {logging_mixin.py:188} INFO - [2024-07-25T03:44:26.437+0000] {dag.py:3089} INFO - Sync 1 DAGs
[2024-07-25T03:44:26.444+0000] {logging_mixin.py:188} INFO - [2024-07-25T03:44:26.444+0000] {dag.py:3947} INFO - Setting next_dagrun for example_display_name to None, run_after=None
[2024-07-25T03:44:26.454+0000] {processor.py:183} INFO - Processing /home/airflow/.local/lib/python3.12/site-packages/airflow/example_dags/example_display_name.py took 0.037 seconds
[2024-07-25T03:44:56.842+0000] {processor.py:161} INFO - Started process (PID=564) to work on /home/airflow/.local/lib/python3.12/site-packages/airflow/example_dags/example_display_name.py
[2024-07-25T03:44:56.843+0000] {processor.py:830} INFO - Processing file /home/airflow/.local/lib/python3.12/site-packages/airflow/example_dags/example_display_name.py for tasks to queue
[2024-07-25T03:44:56.844+0000] {logging_mixin.py:188} INFO - [2024-07-25T03:44:56.844+0000] {dagbag.py:545} INFO - Filling up the DagBag from /home/airflow/.local/lib/python3.12/site-packages/airflow/example_dags/example_display_name.py
[2024-07-25T03:44:56.848+0000] {processor.py:840} INFO - DAG(s) 'example_display_name' retrieved from /home/airflow/.local/lib/python3.12/site-packages/airflow/example_dags/example_display_name.py
[2024-07-25T03:44:56.857+0000] {logging_mixin.py:188} INFO - [2024-07-25T03:44:56.857+0000] {dag.py:3089} INFO - Sync 1 DAGs
[2024-07-25T03:44:56.863+0000] {logging_mixin.py:188} INFO - [2024-07-25T03:44:56.863+0000] {dag.py:3947} INFO - Setting next_dagrun for example_display_name to None, run_after=None
[2024-07-25T03:44:56.873+0000] {processor.py:183} INFO - Processing /home/airflow/.local/lib/python3.12/site-packages/airflow/example_dags/example_display_name.py took 0.035 seconds
[2024-07-25T03:45:27.148+0000] {processor.py:161} INFO - Started process (PID=622) to work on /home/airflow/.local/lib/python3.12/site-packages/airflow/example_dags/example_display_name.py
[2024-07-25T03:45:27.149+0000] {processor.py:830} INFO - Processing file /home/airflow/.local/lib/python3.12/site-packages/airflow/example_dags/example_display_name.py for tasks to queue
[2024-07-25T03:45:27.150+0000] {logging_mixin.py:188} INFO - [2024-07-25T03:45:27.150+0000] {dagbag.py:545} INFO - Filling up the DagBag from /home/airflow/.local/lib/python3.12/site-packages/airflow/example_dags/example_display_name.py
[2024-07-25T03:45:27.154+0000] {processor.py:840} INFO - DAG(s) 'example_display_name' retrieved from /home/airflow/.local/lib/python3.12/site-packages/airflow/example_dags/example_display_name.py
[2024-07-25T03:45:27.165+0000] {logging_mixin.py:188} INFO - [2024-07-25T03:45:27.165+0000] {dag.py:3089} INFO - Sync 1 DAGs
[2024-07-25T03:45:27.172+0000] {logging_mixin.py:188} INFO - [2024-07-25T03:45:27.172+0000] {dag.py:3947} INFO - Setting next_dagrun for example_display_name to None, run_after=None
[2024-07-25T03:45:27.182+0000] {processor.py:183} INFO - Processing /home/airflow/.local/lib/python3.12/site-packages/airflow/example_dags/example_display_name.py took 0.037 seconds
[2024-07-25T03:45:57.449+0000] {processor.py:161} INFO - Started process (PID=680) to work on /home/airflow/.local/lib/python3.12/site-packages/airflow/example_dags/example_display_name.py
[2024-07-25T03:45:57.450+0000] {processor.py:830} INFO - Processing file /home/airflow/.local/lib/python3.12/site-packages/airflow/example_dags/example_display_name.py for tasks to queue
[2024-07-25T03:45:57.451+0000] {logging_mixin.py:188} INFO - [2024-07-25T03:45:57.451+0000] {dagbag.py:545} INFO - Filling up the DagBag from /home/airflow/.local/lib/python3.12/site-packages/airflow/example_dags/example_display_name.py
[2024-07-25T03:45:57.455+0000] {processor.py:840} INFO - DAG(s) 'example_display_name' retrieved from /home/airflow/.local/lib/python3.12/site-packages/airflow/example_dags/example_display_name.py
[2024-07-25T03:45:57.467+0000] {logging_mixin.py:188} INFO - [2024-07-25T03:45:57.467+0000] {dag.py:3089} INFO - Sync 1 DAGs
[2024-07-25T03:45:57.474+0000] {logging_mixin.py:188} INFO - [2024-07-25T03:45:57.474+0000] {dag.py:3947} INFO - Setting next_dagrun for example_display_name to None, run_after=None
[2024-07-25T03:45:57.484+0000] {processor.py:183} INFO - Processing /home/airflow/.local/lib/python3.12/site-packages/airflow/example_dags/example_display_name.py took 0.038 seconds
[2024-07-25T03:46:27.655+0000] {processor.py:161} INFO - Started process (PID=738) to work on /home/airflow/.local/lib/python3.12/site-packages/airflow/example_dags/example_display_name.py
[2024-07-25T03:46:27.656+0000] {processor.py:830} INFO - Processing file /home/airflow/.local/lib/python3.12/site-packages/airflow/example_dags/example_display_name.py for tasks to queue
[2024-07-25T03:46:27.657+0000] {logging_mixin.py:188} INFO - [2024-07-25T03:46:27.657+0000] {dagbag.py:545} INFO - Filling up the DagBag from /home/airflow/.local/lib/python3.12/site-packages/airflow/example_dags/example_display_name.py
[2024-07-25T03:46:27.660+0000] {processor.py:840} INFO - DAG(s) 'example_display_name' retrieved from /home/airflow/.local/lib/python3.12/site-packages/airflow/example_dags/example_display_name.py
[2024-07-25T03:46:27.673+0000] {logging_mixin.py:188} INFO - [2024-07-25T03:46:27.672+0000] {dag.py:3089} INFO - Sync 1 DAGs
[2024-07-25T03:46:27.679+0000] {logging_mixin.py:188} INFO - [2024-07-25T03:46:27.679+0000] {dag.py:3947} INFO - Setting next_dagrun for example_display_name to None, run_after=None
[2024-07-25T03:46:27.689+0000] {processor.py:183} INFO - Processing /home/airflow/.local/lib/python3.12/site-packages/airflow/example_dags/example_display_name.py took 0.038 seconds
[2024-07-25T03:46:57.816+0000] {processor.py:161} INFO - Started process (PID=796) to work on /home/airflow/.local/lib/python3.12/site-packages/airflow/example_dags/example_display_name.py
[2024-07-25T03:46:57.817+0000] {processor.py:830} INFO - Processing file /home/airflow/.local/lib/python3.12/site-packages/airflow/example_dags/example_display_name.py for tasks to queue
[2024-07-25T03:46:57.818+0000] {logging_mixin.py:188} INFO - [2024-07-25T03:46:57.818+0000] {dagbag.py:545} INFO - Filling up the DagBag from /home/airflow/.local/lib/python3.12/site-packages/airflow/example_dags/example_display_name.py
[2024-07-25T03:46:57.822+0000] {processor.py:840} INFO - DAG(s) 'example_display_name' retrieved from /home/airflow/.local/lib/python3.12/site-packages/airflow/example_dags/example_display_name.py
[2024-07-25T03:46:57.834+0000] {logging_mixin.py:188} INFO - [2024-07-25T03:46:57.833+0000] {dag.py:3089} INFO - Sync 1 DAGs
[2024-07-25T03:46:57.840+0000] {logging_mixin.py:188} INFO - [2024-07-25T03:46:57.840+0000] {dag.py:3947} INFO - Setting next_dagrun for example_display_name to None, run_after=None
[2024-07-25T03:46:57.850+0000] {processor.py:183} INFO - Processing /home/airflow/.local/lib/python3.12/site-packages/airflow/example_dags/example_display_name.py took 0.037 seconds
[2024-07-25T03:47:28.213+0000] {processor.py:161} INFO - Started process (PID=854) to work on /home/airflow/.local/lib/python3.12/site-packages/airflow/example_dags/example_display_name.py
[2024-07-25T03:47:28.213+0000] {processor.py:830} INFO - Processing file /home/airflow/.local/lib/python3.12/site-packages/airflow/example_dags/example_display_name.py for tasks to queue
[2024-07-25T03:47:28.215+0000] {logging_mixin.py:188} INFO - [2024-07-25T03:47:28.214+0000] {dagbag.py:545} INFO - Filling up the DagBag from /home/airflow/.local/lib/python3.12/site-packages/airflow/example_dags/example_display_name.py
[2024-07-25T03:47:28.218+0000] {processor.py:840} INFO - DAG(s) 'example_display_name' retrieved from /home/airflow/.local/lib/python3.12/site-packages/airflow/example_dags/example_display_name.py
[2024-07-25T03:47:28.230+0000] {logging_mixin.py:188} INFO - [2024-07-25T03:47:28.229+0000] {dag.py:3089} INFO - Sync 1 DAGs
[2024-07-25T03:47:28.236+0000] {logging_mixin.py:188} INFO - [2024-07-25T03:47:28.236+0000] {dag.py:3947} INFO - Setting next_dagrun for example_display_name to None, run_after=None
[2024-07-25T03:47:28.246+0000] {processor.py:183} INFO - Processing /home/airflow/.local/lib/python3.12/site-packages/airflow/example_dags/example_display_name.py took 0.037 seconds
[2024-07-25T03:47:58.331+0000] {processor.py:161} INFO - Started process (PID=912) to work on /home/airflow/.local/lib/python3.12/site-packages/airflow/example_dags/example_display_name.py
[2024-07-25T03:47:58.332+0000] {processor.py:830} INFO - Processing file /home/airflow/.local/lib/python3.12/site-packages/airflow/example_dags/example_display_name.py for tasks to queue
[2024-07-25T03:47:58.333+0000] {logging_mixin.py:188} INFO - [2024-07-25T03:47:58.333+0000] {dagbag.py:545} INFO - Filling up the DagBag from /home/airflow/.local/lib/python3.12/site-packages/airflow/example_dags/example_display_name.py
[2024-07-25T03:47:58.337+0000] {processor.py:840} INFO - DAG(s) 'example_display_name' retrieved from /home/airflow/.local/lib/python3.12/site-packages/airflow/example_dags/example_display_name.py
[2024-07-25T03:47:58.349+0000] {logging_mixin.py:188} INFO - [2024-07-25T03:47:58.348+0000] {dag.py:3089} INFO - Sync 1 DAGs
[2024-07-25T03:47:58.355+0000] {logging_mixin.py:188} INFO - [2024-07-25T03:47:58.355+0000] {dag.py:3947} INFO - Setting next_dagrun for example_display_name to None, run_after=None
[2024-07-25T03:47:58.365+0000] {processor.py:183} INFO - Processing /home/airflow/.local/lib/python3.12/site-packages/airflow/example_dags/example_display_name.py took 0.037 seconds
[2024-07-25T03:48:28.474+0000] {processor.py:161} INFO - Started process (PID=970) to work on /home/airflow/.local/lib/python3.12/site-packages/airflow/example_dags/example_display_name.py
[2024-07-25T03:48:28.475+0000] {processor.py:830} INFO - Processing file /home/airflow/.local/lib/python3.12/site-packages/airflow/example_dags/example_display_name.py for tasks to queue
[2024-07-25T03:48:28.476+0000] {logging_mixin.py:188} INFO - [2024-07-25T03:48:28.476+0000] {dagbag.py:545} INFO - Filling up the DagBag from /home/airflow/.local/lib/python3.12/site-packages/airflow/example_dags/example_display_name.py
[2024-07-25T03:48:28.480+0000] {processor.py:840} INFO - DAG(s) 'example_display_name' retrieved from /home/airflow/.local/lib/python3.12/site-packages/airflow/example_dags/example_display_name.py
[2024-07-25T03:48:28.491+0000] {logging_mixin.py:188} INFO - [2024-07-25T03:48:28.491+0000] {dag.py:3089} INFO - Sync 1 DAGs
[2024-07-25T03:48:28.497+0000] {logging_mixin.py:188} INFO - [2024-07-25T03:48:28.497+0000] {dag.py:3947} INFO - Setting next_dagrun for example_display_name to None, run_after=None
[2024-07-25T03:48:28.506+0000] {processor.py:183} INFO - Processing /home/airflow/.local/lib/python3.12/site-packages/airflow/example_dags/example_display_name.py took 0.036 seconds
[2024-07-25T03:48:58.676+0000] {processor.py:161} INFO - Started process (PID=1028) to work on /home/airflow/.local/lib/python3.12/site-packages/airflow/example_dags/example_display_name.py
[2024-07-25T03:48:58.677+0000] {processor.py:830} INFO - Processing file /home/airflow/.local/lib/python3.12/site-packages/airflow/example_dags/example_display_name.py for tasks to queue
[2024-07-25T03:48:58.678+0000] {logging_mixin.py:188} INFO - [2024-07-25T03:48:58.678+0000] {dagbag.py:545} INFO - Filling up the DagBag from /home/airflow/.local/lib/python3.12/site-packages/airflow/example_dags/example_display_name.py
[2024-07-25T03:48:58.682+0000] {processor.py:840} INFO - DAG(s) 'example_display_name' retrieved from /home/airflow/.local/lib/python3.12/site-packages/airflow/example_dags/example_display_name.py
[2024-07-25T03:48:58.694+0000] {logging_mixin.py:188} INFO - [2024-07-25T03:48:58.694+0000] {dag.py:3089} INFO - Sync 1 DAGs
[2024-07-25T03:48:58.701+0000] {logging_mixin.py:188} INFO - [2024-07-25T03:48:58.701+0000] {dag.py:3947} INFO - Setting next_dagrun for example_display_name to None, run_after=None
[2024-07-25T03:48:58.712+0000] {processor.py:183} INFO - Processing /home/airflow/.local/lib/python3.12/site-packages/airflow/example_dags/example_display_name.py took 0.039 seconds
[2024-07-25T03:49:29.101+0000] {processor.py:161} INFO - Started process (PID=1086) to work on /home/airflow/.local/lib/python3.12/site-packages/airflow/example_dags/example_display_name.py
[2024-07-25T03:49:29.102+0000] {processor.py:830} INFO - Processing file /home/airflow/.local/lib/python3.12/site-packages/airflow/example_dags/example_display_name.py for tasks to queue
[2024-07-25T03:49:29.103+0000] {logging_mixin.py:188} INFO - [2024-07-25T03:49:29.103+0000] {dagbag.py:545} INFO - Filling up the DagBag from /home/airflow/.local/lib/python3.12/site-packages/airflow/example_dags/example_display_name.py
[2024-07-25T03:49:29.107+0000] {processor.py:840} INFO - DAG(s) 'example_display_name' retrieved from /home/airflow/.local/lib/python3.12/site-packages/airflow/example_dags/example_display_name.py
[2024-07-25T03:49:29.119+0000] {logging_mixin.py:188} INFO - [2024-07-25T03:49:29.119+0000] {dag.py:3089} INFO - Sync 1 DAGs
[2024-07-25T03:49:29.125+0000] {logging_mixin.py:188} INFO - [2024-07-25T03:49:29.125+0000] {dag.py:3947} INFO - Setting next_dagrun for example_display_name to None, run_after=None
[2024-07-25T03:49:29.135+0000] {processor.py:183} INFO - Processing /home/airflow/.local/lib/python3.12/site-packages/airflow/example_dags/example_display_name.py took 0.037 seconds
[2024-07-25T03:49:59.447+0000] {processor.py:161} INFO - Started process (PID=1144) to work on /home/airflow/.local/lib/python3.12/site-packages/airflow/example_dags/example_display_name.py
[2024-07-25T03:49:59.448+0000] {processor.py:830} INFO - Processing file /home/airflow/.local/lib/python3.12/site-packages/airflow/example_dags/example_display_name.py for tasks to queue
[2024-07-25T03:49:59.450+0000] {logging_mixin.py:188} INFO - [2024-07-25T03:49:59.450+0000] {dagbag.py:545} INFO - Filling up the DagBag from /home/airflow/.local/lib/python3.12/site-packages/airflow/example_dags/example_display_name.py
[2024-07-25T03:49:59.454+0000] {processor.py:840} INFO - DAG(s) 'example_display_name' retrieved from /home/airflow/.local/lib/python3.12/site-packages/airflow/example_dags/example_display_name.py
[2024-07-25T03:49:59.466+0000] {logging_mixin.py:188} INFO - [2024-07-25T03:49:59.465+0000] {dag.py:3089} INFO - Sync 1 DAGs
[2024-07-25T03:49:59.473+0000] {logging_mixin.py:188} INFO - [2024-07-25T03:49:59.473+0000] {dag.py:3947} INFO - Setting next_dagrun for example_display_name to None, run_after=None
[2024-07-25T03:49:59.486+0000] {processor.py:183} INFO - Processing /home/airflow/.local/lib/python3.12/site-packages/airflow/example_dags/example_display_name.py took 0.045 seconds
[2024-07-25T03:50:29.638+0000] {processor.py:161} INFO - Started process (PID=1202) to work on /home/airflow/.local/lib/python3.12/site-packages/airflow/example_dags/example_display_name.py
[2024-07-25T03:50:29.639+0000] {processor.py:830} INFO - Processing file /home/airflow/.local/lib/python3.12/site-packages/airflow/example_dags/example_display_name.py for tasks to queue
[2024-07-25T03:50:29.640+0000] {logging_mixin.py:188} INFO - [2024-07-25T03:50:29.640+0000] {dagbag.py:545} INFO - Filling up the DagBag from /home/airflow/.local/lib/python3.12/site-packages/airflow/example_dags/example_display_name.py
[2024-07-25T03:50:29.644+0000] {processor.py:840} INFO - DAG(s) 'example_display_name' retrieved from /home/airflow/.local/lib/python3.12/site-packages/airflow/example_dags/example_display_name.py
[2024-07-25T03:50:29.656+0000] {logging_mixin.py:188} INFO - [2024-07-25T03:50:29.656+0000] {dag.py:3089} INFO - Sync 1 DAGs
[2024-07-25T03:50:29.663+0000] {logging_mixin.py:188} INFO - [2024-07-25T03:50:29.663+0000] {dag.py:3947} INFO - Setting next_dagrun for example_display_name to None, run_after=None
[2024-07-25T03:50:29.672+0000] {processor.py:183} INFO - Processing /home/airflow/.local/lib/python3.12/site-packages/airflow/example_dags/example_display_name.py took 0.037 seconds
[2024-07-25T03:50:59.912+0000] {processor.py:161} INFO - Started process (PID=1260) to work on /home/airflow/.local/lib/python3.12/site-packages/airflow/example_dags/example_display_name.py
[2024-07-25T03:50:59.913+0000] {processor.py:830} INFO - Processing file /home/airflow/.local/lib/python3.12/site-packages/airflow/example_dags/example_display_name.py for tasks to queue
[2024-07-25T03:50:59.914+0000] {logging_mixin.py:188} INFO - [2024-07-25T03:50:59.914+0000] {dagbag.py:545} INFO - Filling up the DagBag from /home/airflow/.local/lib/python3.12/site-packages/airflow/example_dags/example_display_name.py
[2024-07-25T03:50:59.918+0000] {processor.py:840} INFO - DAG(s) 'example_display_name' retrieved from /home/airflow/.local/lib/python3.12/site-packages/airflow/example_dags/example_display_name.py
[2024-07-25T03:50:59.930+0000] {logging_mixin.py:188} INFO - [2024-07-25T03:50:59.930+0000] {dag.py:3089} INFO - Sync 1 DAGs
[2024-07-25T03:50:59.937+0000] {logging_mixin.py:188} INFO - [2024-07-25T03:50:59.937+0000] {dag.py:3947} INFO - Setting next_dagrun for example_display_name to None, run_after=None
[2024-07-25T03:50:59.946+0000] {processor.py:183} INFO - Processing /home/airflow/.local/lib/python3.12/site-packages/airflow/example_dags/example_display_name.py took 0.038 seconds
[2024-07-25T03:51:30.108+0000] {processor.py:161} INFO - Started process (PID=1318) to work on /home/airflow/.local/lib/python3.12/site-packages/airflow/example_dags/example_display_name.py
[2024-07-25T03:51:30.109+0000] {processor.py:830} INFO - Processing file /home/airflow/.local/lib/python3.12/site-packages/airflow/example_dags/example_display_name.py for tasks to queue
[2024-07-25T03:51:30.111+0000] {logging_mixin.py:188} INFO - [2024-07-25T03:51:30.110+0000] {dagbag.py:545} INFO - Filling up the DagBag from /home/airflow/.local/lib/python3.12/site-packages/airflow/example_dags/example_display_name.py
[2024-07-25T03:51:30.114+0000] {processor.py:840} INFO - DAG(s) 'example_display_name' retrieved from /home/airflow/.local/lib/python3.12/site-packages/airflow/example_dags/example_display_name.py
[2024-07-25T03:51:30.125+0000] {logging_mixin.py:188} INFO - [2024-07-25T03:51:30.125+0000] {dag.py:3089} INFO - Sync 1 DAGs
[2024-07-25T03:51:30.132+0000] {logging_mixin.py:188} INFO - [2024-07-25T03:51:30.132+0000] {dag.py:3947} INFO - Setting next_dagrun for example_display_name to None, run_after=None
[2024-07-25T03:51:30.142+0000] {processor.py:183} INFO - Processing /home/airflow/.local/lib/python3.12/site-packages/airflow/example_dags/example_display_name.py took 0.037 seconds
[2024-07-25T03:52:00.252+0000] {processor.py:161} INFO - Started process (PID=1376) to work on /home/airflow/.local/lib/python3.12/site-packages/airflow/example_dags/example_display_name.py
[2024-07-25T03:52:00.252+0000] {processor.py:830} INFO - Processing file /home/airflow/.local/lib/python3.12/site-packages/airflow/example_dags/example_display_name.py for tasks to queue
[2024-07-25T03:52:00.254+0000] {logging_mixin.py:188} INFO - [2024-07-25T03:52:00.253+0000] {dagbag.py:545} INFO - Filling up the DagBag from /home/airflow/.local/lib/python3.12/site-packages/airflow/example_dags/example_display_name.py
[2024-07-25T03:52:00.257+0000] {processor.py:840} INFO - DAG(s) 'example_display_name' retrieved from /home/airflow/.local/lib/python3.12/site-packages/airflow/example_dags/example_display_name.py
[2024-07-25T03:52:00.269+0000] {logging_mixin.py:188} INFO - [2024-07-25T03:52:00.269+0000] {dag.py:3089} INFO - Sync 1 DAGs
[2024-07-25T03:52:00.275+0000] {logging_mixin.py:188} INFO - [2024-07-25T03:52:00.275+0000] {dag.py:3947} INFO - Setting next_dagrun for example_display_name to None, run_after=None
[2024-07-25T03:52:00.285+0000] {processor.py:183} INFO - Processing /home/airflow/.local/lib/python3.12/site-packages/airflow/example_dags/example_display_name.py took 0.037 seconds
[2024-07-25T03:52:30.433+0000] {processor.py:161} INFO - Started process (PID=1434) to work on /home/airflow/.local/lib/python3.12/site-packages/airflow/example_dags/example_display_name.py
[2024-07-25T03:52:30.434+0000] {processor.py:830} INFO - Processing file /home/airflow/.local/lib/python3.12/site-packages/airflow/example_dags/example_display_name.py for tasks to queue
[2024-07-25T03:52:30.435+0000] {logging_mixin.py:188} INFO - [2024-07-25T03:52:30.435+0000] {dagbag.py:545} INFO - Filling up the DagBag from /home/airflow/.local/lib/python3.12/site-packages/airflow/example_dags/example_display_name.py
[2024-07-25T03:52:30.439+0000] {processor.py:840} INFO - DAG(s) 'example_display_name' retrieved from /home/airflow/.local/lib/python3.12/site-packages/airflow/example_dags/example_display_name.py
[2024-07-25T03:52:30.450+0000] {logging_mixin.py:188} INFO - [2024-07-25T03:52:30.450+0000] {dag.py:3089} INFO - Sync 1 DAGs
[2024-07-25T03:52:30.457+0000] {logging_mixin.py:188} INFO - [2024-07-25T03:52:30.457+0000] {dag.py:3947} INFO - Setting next_dagrun for example_display_name to None, run_after=None
[2024-07-25T03:52:30.465+0000] {processor.py:183} INFO - Processing /home/airflow/.local/lib/python3.12/site-packages/airflow/example_dags/example_display_name.py took 0.036 seconds
[2024-07-25T04:03:45.966+0000] {processor.py:161} INFO - Started process (PID=42) to work on /home/airflow/.local/lib/python3.12/site-packages/airflow/example_dags/example_display_name.py
[2024-07-25T04:03:45.968+0000] {processor.py:830} INFO - Processing file /home/airflow/.local/lib/python3.12/site-packages/airflow/example_dags/example_display_name.py for tasks to queue
[2024-07-25T04:03:45.970+0000] {logging_mixin.py:188} INFO - [2024-07-25T04:03:45.970+0000] {dagbag.py:545} INFO - Filling up the DagBag from /home/airflow/.local/lib/python3.12/site-packages/airflow/example_dags/example_display_name.py
[2024-07-25T04:03:45.977+0000] {processor.py:840} INFO - DAG(s) 'example_display_name' retrieved from /home/airflow/.local/lib/python3.12/site-packages/airflow/example_dags/example_display_name.py
[2024-07-25T04:03:45.987+0000] {logging_mixin.py:188} INFO - [2024-07-25T04:03:45.987+0000] {dag.py:3089} INFO - Sync 1 DAGs
[2024-07-25T04:03:45.997+0000] {logging_mixin.py:188} INFO - [2024-07-25T04:03:45.997+0000] {dag.py:3947} INFO - Setting next_dagrun for example_display_name to None, run_after=None
[2024-07-25T04:03:46.011+0000] {processor.py:183} INFO - Processing /home/airflow/.local/lib/python3.12/site-packages/airflow/example_dags/example_display_name.py took 0.048 seconds
[2024-07-25T04:04:17.072+0000] {processor.py:161} INFO - Started process (PID=100) to work on /home/airflow/.local/lib/python3.12/site-packages/airflow/example_dags/example_display_name.py
[2024-07-25T04:04:17.073+0000] {processor.py:830} INFO - Processing file /home/airflow/.local/lib/python3.12/site-packages/airflow/example_dags/example_display_name.py for tasks to queue
[2024-07-25T04:04:17.074+0000] {logging_mixin.py:188} INFO - [2024-07-25T04:04:17.074+0000] {dagbag.py:545} INFO - Filling up the DagBag from /home/airflow/.local/lib/python3.12/site-packages/airflow/example_dags/example_display_name.py
[2024-07-25T04:04:17.077+0000] {processor.py:840} INFO - DAG(s) 'example_display_name' retrieved from /home/airflow/.local/lib/python3.12/site-packages/airflow/example_dags/example_display_name.py
[2024-07-25T04:04:17.126+0000] {logging_mixin.py:188} INFO - [2024-07-25T04:04:17.126+0000] {dag.py:3089} INFO - Sync 1 DAGs
[2024-07-25T04:04:17.131+0000] {logging_mixin.py:188} INFO - [2024-07-25T04:04:17.131+0000] {dag.py:3947} INFO - Setting next_dagrun for example_display_name to None, run_after=None
[2024-07-25T04:04:17.140+0000] {processor.py:183} INFO - Processing /home/airflow/.local/lib/python3.12/site-packages/airflow/example_dags/example_display_name.py took 0.071 seconds
[2024-07-25T04:04:47.583+0000] {processor.py:161} INFO - Started process (PID=158) to work on /home/airflow/.local/lib/python3.12/site-packages/airflow/example_dags/example_display_name.py
[2024-07-25T04:04:47.584+0000] {processor.py:830} INFO - Processing file /home/airflow/.local/lib/python3.12/site-packages/airflow/example_dags/example_display_name.py for tasks to queue
[2024-07-25T04:04:47.585+0000] {logging_mixin.py:188} INFO - [2024-07-25T04:04:47.585+0000] {dagbag.py:545} INFO - Filling up the DagBag from /home/airflow/.local/lib/python3.12/site-packages/airflow/example_dags/example_display_name.py
[2024-07-25T04:04:47.588+0000] {processor.py:840} INFO - DAG(s) 'example_display_name' retrieved from /home/airflow/.local/lib/python3.12/site-packages/airflow/example_dags/example_display_name.py
[2024-07-25T04:04:47.599+0000] {logging_mixin.py:188} INFO - [2024-07-25T04:04:47.598+0000] {dag.py:3089} INFO - Sync 1 DAGs
[2024-07-25T04:04:47.605+0000] {logging_mixin.py:188} INFO - [2024-07-25T04:04:47.605+0000] {dag.py:3947} INFO - Setting next_dagrun for example_display_name to None, run_after=None
[2024-07-25T04:04:47.614+0000] {processor.py:183} INFO - Processing /home/airflow/.local/lib/python3.12/site-packages/airflow/example_dags/example_display_name.py took 0.034 seconds
[2024-07-25T04:05:17.743+0000] {processor.py:161} INFO - Started process (PID=216) to work on /home/airflow/.local/lib/python3.12/site-packages/airflow/example_dags/example_display_name.py
[2024-07-25T04:05:17.744+0000] {processor.py:830} INFO - Processing file /home/airflow/.local/lib/python3.12/site-packages/airflow/example_dags/example_display_name.py for tasks to queue
[2024-07-25T04:05:17.745+0000] {logging_mixin.py:188} INFO - [2024-07-25T04:05:17.745+0000] {dagbag.py:545} INFO - Filling up the DagBag from /home/airflow/.local/lib/python3.12/site-packages/airflow/example_dags/example_display_name.py
[2024-07-25T04:05:17.749+0000] {processor.py:840} INFO - DAG(s) 'example_display_name' retrieved from /home/airflow/.local/lib/python3.12/site-packages/airflow/example_dags/example_display_name.py
[2024-07-25T04:05:17.759+0000] {logging_mixin.py:188} INFO - [2024-07-25T04:05:17.759+0000] {dag.py:3089} INFO - Sync 1 DAGs
[2024-07-25T04:05:17.765+0000] {logging_mixin.py:188} INFO - [2024-07-25T04:05:17.765+0000] {dag.py:3947} INFO - Setting next_dagrun for example_display_name to None, run_after=None
[2024-07-25T04:05:17.775+0000] {processor.py:183} INFO - Processing /home/airflow/.local/lib/python3.12/site-packages/airflow/example_dags/example_display_name.py took 0.035 seconds
[2024-07-25T04:05:48.013+0000] {processor.py:161} INFO - Started process (PID=274) to work on /home/airflow/.local/lib/python3.12/site-packages/airflow/example_dags/example_display_name.py
[2024-07-25T04:05:48.013+0000] {processor.py:830} INFO - Processing file /home/airflow/.local/lib/python3.12/site-packages/airflow/example_dags/example_display_name.py for tasks to queue
[2024-07-25T04:05:48.014+0000] {logging_mixin.py:188} INFO - [2024-07-25T04:05:48.014+0000] {dagbag.py:545} INFO - Filling up the DagBag from /home/airflow/.local/lib/python3.12/site-packages/airflow/example_dags/example_display_name.py
[2024-07-25T04:05:48.018+0000] {processor.py:840} INFO - DAG(s) 'example_display_name' retrieved from /home/airflow/.local/lib/python3.12/site-packages/airflow/example_dags/example_display_name.py
[2024-07-25T04:05:48.029+0000] {logging_mixin.py:188} INFO - [2024-07-25T04:05:48.029+0000] {dag.py:3089} INFO - Sync 1 DAGs
[2024-07-25T04:05:48.035+0000] {logging_mixin.py:188} INFO - [2024-07-25T04:05:48.035+0000] {dag.py:3947} INFO - Setting next_dagrun for example_display_name to None, run_after=None
[2024-07-25T04:05:48.044+0000] {processor.py:183} INFO - Processing /home/airflow/.local/lib/python3.12/site-packages/airflow/example_dags/example_display_name.py took 0.034 seconds
[2024-07-25T04:06:18.114+0000] {processor.py:161} INFO - Started process (PID=332) to work on /home/airflow/.local/lib/python3.12/site-packages/airflow/example_dags/example_display_name.py
[2024-07-25T04:06:18.115+0000] {processor.py:830} INFO - Processing file /home/airflow/.local/lib/python3.12/site-packages/airflow/example_dags/example_display_name.py for tasks to queue
[2024-07-25T04:06:18.116+0000] {logging_mixin.py:188} INFO - [2024-07-25T04:06:18.116+0000] {dagbag.py:545} INFO - Filling up the DagBag from /home/airflow/.local/lib/python3.12/site-packages/airflow/example_dags/example_display_name.py
[2024-07-25T04:06:18.120+0000] {processor.py:840} INFO - DAG(s) 'example_display_name' retrieved from /home/airflow/.local/lib/python3.12/site-packages/airflow/example_dags/example_display_name.py
[2024-07-25T04:06:18.132+0000] {logging_mixin.py:188} INFO - [2024-07-25T04:06:18.132+0000] {dag.py:3089} INFO - Sync 1 DAGs
[2024-07-25T04:06:18.138+0000] {logging_mixin.py:188} INFO - [2024-07-25T04:06:18.138+0000] {dag.py:3947} INFO - Setting next_dagrun for example_display_name to None, run_after=None
[2024-07-25T04:06:18.148+0000] {processor.py:183} INFO - Processing /home/airflow/.local/lib/python3.12/site-packages/airflow/example_dags/example_display_name.py took 0.037 seconds
[2024-07-25T04:06:48.547+0000] {processor.py:161} INFO - Started process (PID=390) to work on /home/airflow/.local/lib/python3.12/site-packages/airflow/example_dags/example_display_name.py
[2024-07-25T04:06:48.548+0000] {processor.py:830} INFO - Processing file /home/airflow/.local/lib/python3.12/site-packages/airflow/example_dags/example_display_name.py for tasks to queue
[2024-07-25T04:06:48.550+0000] {logging_mixin.py:188} INFO - [2024-07-25T04:06:48.549+0000] {dagbag.py:545} INFO - Filling up the DagBag from /home/airflow/.local/lib/python3.12/site-packages/airflow/example_dags/example_display_name.py
[2024-07-25T04:06:48.554+0000] {processor.py:840} INFO - DAG(s) 'example_display_name' retrieved from /home/airflow/.local/lib/python3.12/site-packages/airflow/example_dags/example_display_name.py
[2024-07-25T04:06:48.565+0000] {logging_mixin.py:188} INFO - [2024-07-25T04:06:48.564+0000] {dag.py:3089} INFO - Sync 1 DAGs
[2024-07-25T04:06:48.571+0000] {logging_mixin.py:188} INFO - [2024-07-25T04:06:48.571+0000] {dag.py:3947} INFO - Setting next_dagrun for example_display_name to None, run_after=None
[2024-07-25T04:06:48.580+0000] {processor.py:183} INFO - Processing /home/airflow/.local/lib/python3.12/site-packages/airflow/example_dags/example_display_name.py took 0.037 seconds
[2024-07-25T04:07:18.853+0000] {processor.py:161} INFO - Started process (PID=448) to work on /home/airflow/.local/lib/python3.12/site-packages/airflow/example_dags/example_display_name.py
[2024-07-25T04:07:18.854+0000] {processor.py:830} INFO - Processing file /home/airflow/.local/lib/python3.12/site-packages/airflow/example_dags/example_display_name.py for tasks to queue
[2024-07-25T04:07:18.855+0000] {logging_mixin.py:188} INFO - [2024-07-25T04:07:18.855+0000] {dagbag.py:545} INFO - Filling up the DagBag from /home/airflow/.local/lib/python3.12/site-packages/airflow/example_dags/example_display_name.py
[2024-07-25T04:07:18.859+0000] {processor.py:840} INFO - DAG(s) 'example_display_name' retrieved from /home/airflow/.local/lib/python3.12/site-packages/airflow/example_dags/example_display_name.py
[2024-07-25T04:07:18.872+0000] {logging_mixin.py:188} INFO - [2024-07-25T04:07:18.872+0000] {dag.py:3089} INFO - Sync 1 DAGs
[2024-07-25T04:07:18.878+0000] {logging_mixin.py:188} INFO - [2024-07-25T04:07:18.878+0000] {dag.py:3947} INFO - Setting next_dagrun for example_display_name to None, run_after=None
[2024-07-25T04:07:18.887+0000] {processor.py:183} INFO - Processing /home/airflow/.local/lib/python3.12/site-packages/airflow/example_dags/example_display_name.py took 0.037 seconds
[2024-07-25T04:07:48.967+0000] {processor.py:161} INFO - Started process (PID=506) to work on /home/airflow/.local/lib/python3.12/site-packages/airflow/example_dags/example_display_name.py
[2024-07-25T04:07:48.968+0000] {processor.py:830} INFO - Processing file /home/airflow/.local/lib/python3.12/site-packages/airflow/example_dags/example_display_name.py for tasks to queue
[2024-07-25T04:07:48.970+0000] {logging_mixin.py:188} INFO - [2024-07-25T04:07:48.969+0000] {dagbag.py:545} INFO - Filling up the DagBag from /home/airflow/.local/lib/python3.12/site-packages/airflow/example_dags/example_display_name.py
[2024-07-25T04:07:48.973+0000] {processor.py:840} INFO - DAG(s) 'example_display_name' retrieved from /home/airflow/.local/lib/python3.12/site-packages/airflow/example_dags/example_display_name.py
[2024-07-25T04:07:48.985+0000] {logging_mixin.py:188} INFO - [2024-07-25T04:07:48.985+0000] {dag.py:3089} INFO - Sync 1 DAGs
[2024-07-25T04:07:48.991+0000] {logging_mixin.py:188} INFO - [2024-07-25T04:07:48.991+0000] {dag.py:3947} INFO - Setting next_dagrun for example_display_name to None, run_after=None
[2024-07-25T04:07:49.001+0000] {processor.py:183} INFO - Processing /home/airflow/.local/lib/python3.12/site-packages/airflow/example_dags/example_display_name.py took 0.037 seconds
[2024-07-25T04:08:19.214+0000] {processor.py:161} INFO - Started process (PID=564) to work on /home/airflow/.local/lib/python3.12/site-packages/airflow/example_dags/example_display_name.py
[2024-07-25T04:08:19.215+0000] {processor.py:830} INFO - Processing file /home/airflow/.local/lib/python3.12/site-packages/airflow/example_dags/example_display_name.py for tasks to queue
[2024-07-25T04:08:19.216+0000] {logging_mixin.py:188} INFO - [2024-07-25T04:08:19.216+0000] {dagbag.py:545} INFO - Filling up the DagBag from /home/airflow/.local/lib/python3.12/site-packages/airflow/example_dags/example_display_name.py
[2024-07-25T04:08:19.220+0000] {processor.py:840} INFO - DAG(s) 'example_display_name' retrieved from /home/airflow/.local/lib/python3.12/site-packages/airflow/example_dags/example_display_name.py
[2024-07-25T04:08:19.231+0000] {logging_mixin.py:188} INFO - [2024-07-25T04:08:19.231+0000] {dag.py:3089} INFO - Sync 1 DAGs
[2024-07-25T04:08:19.238+0000] {logging_mixin.py:188} INFO - [2024-07-25T04:08:19.238+0000] {dag.py:3947} INFO - Setting next_dagrun for example_display_name to None, run_after=None
[2024-07-25T04:08:19.250+0000] {processor.py:183} INFO - Processing /home/airflow/.local/lib/python3.12/site-packages/airflow/example_dags/example_display_name.py took 0.039 seconds
[2024-07-25T04:08:49.362+0000] {processor.py:161} INFO - Started process (PID=622) to work on /home/airflow/.local/lib/python3.12/site-packages/airflow/example_dags/example_display_name.py
[2024-07-25T04:08:49.362+0000] {processor.py:830} INFO - Processing file /home/airflow/.local/lib/python3.12/site-packages/airflow/example_dags/example_display_name.py for tasks to queue
[2024-07-25T04:08:49.364+0000] {logging_mixin.py:188} INFO - [2024-07-25T04:08:49.364+0000] {dagbag.py:545} INFO - Filling up the DagBag from /home/airflow/.local/lib/python3.12/site-packages/airflow/example_dags/example_display_name.py
[2024-07-25T04:08:49.368+0000] {processor.py:840} INFO - DAG(s) 'example_display_name' retrieved from /home/airflow/.local/lib/python3.12/site-packages/airflow/example_dags/example_display_name.py
[2024-07-25T04:08:49.379+0000] {logging_mixin.py:188} INFO - [2024-07-25T04:08:49.379+0000] {dag.py:3089} INFO - Sync 1 DAGs
[2024-07-25T04:08:49.385+0000] {logging_mixin.py:188} INFO - [2024-07-25T04:08:49.385+0000] {dag.py:3947} INFO - Setting next_dagrun for example_display_name to None, run_after=None
[2024-07-25T04:08:49.394+0000] {processor.py:183} INFO - Processing /home/airflow/.local/lib/python3.12/site-packages/airflow/example_dags/example_display_name.py took 0.035 seconds
[2024-07-25T04:09:19.804+0000] {processor.py:161} INFO - Started process (PID=681) to work on /home/airflow/.local/lib/python3.12/site-packages/airflow/example_dags/example_display_name.py
[2024-07-25T04:09:19.804+0000] {processor.py:830} INFO - Processing file /home/airflow/.local/lib/python3.12/site-packages/airflow/example_dags/example_display_name.py for tasks to queue
[2024-07-25T04:09:19.806+0000] {logging_mixin.py:188} INFO - [2024-07-25T04:09:19.805+0000] {dagbag.py:545} INFO - Filling up the DagBag from /home/airflow/.local/lib/python3.12/site-packages/airflow/example_dags/example_display_name.py
[2024-07-25T04:09:19.810+0000] {processor.py:840} INFO - DAG(s) 'example_display_name' retrieved from /home/airflow/.local/lib/python3.12/site-packages/airflow/example_dags/example_display_name.py
[2024-07-25T04:09:19.821+0000] {logging_mixin.py:188} INFO - [2024-07-25T04:09:19.821+0000] {dag.py:3089} INFO - Sync 1 DAGs
[2024-07-25T04:09:19.828+0000] {logging_mixin.py:188} INFO - [2024-07-25T04:09:19.828+0000] {dag.py:3947} INFO - Setting next_dagrun for example_display_name to None, run_after=None
[2024-07-25T04:09:19.838+0000] {processor.py:183} INFO - Processing /home/airflow/.local/lib/python3.12/site-packages/airflow/example_dags/example_display_name.py took 0.039 seconds
[2024-07-25T04:09:50.006+0000] {processor.py:161} INFO - Started process (PID=739) to work on /home/airflow/.local/lib/python3.12/site-packages/airflow/example_dags/example_display_name.py
[2024-07-25T04:09:50.007+0000] {processor.py:830} INFO - Processing file /home/airflow/.local/lib/python3.12/site-packages/airflow/example_dags/example_display_name.py for tasks to queue
[2024-07-25T04:09:50.008+0000] {logging_mixin.py:188} INFO - [2024-07-25T04:09:50.008+0000] {dagbag.py:545} INFO - Filling up the DagBag from /home/airflow/.local/lib/python3.12/site-packages/airflow/example_dags/example_display_name.py
[2024-07-25T04:09:50.011+0000] {processor.py:840} INFO - DAG(s) 'example_display_name' retrieved from /home/airflow/.local/lib/python3.12/site-packages/airflow/example_dags/example_display_name.py
[2024-07-25T04:09:50.022+0000] {logging_mixin.py:188} INFO - [2024-07-25T04:09:50.022+0000] {dag.py:3089} INFO - Sync 1 DAGs
[2024-07-25T04:09:50.028+0000] {logging_mixin.py:188} INFO - [2024-07-25T04:09:50.028+0000] {dag.py:3947} INFO - Setting next_dagrun for example_display_name to None, run_after=None
[2024-07-25T04:09:50.037+0000] {processor.py:183} INFO - Processing /home/airflow/.local/lib/python3.12/site-packages/airflow/example_dags/example_display_name.py took 0.035 seconds
[2024-07-25T04:10:20.649+0000] {processor.py:161} INFO - Started process (PID=797) to work on /home/airflow/.local/lib/python3.12/site-packages/airflow/example_dags/example_display_name.py
[2024-07-25T04:10:20.650+0000] {processor.py:830} INFO - Processing file /home/airflow/.local/lib/python3.12/site-packages/airflow/example_dags/example_display_name.py for tasks to queue
[2024-07-25T04:10:20.651+0000] {logging_mixin.py:188} INFO - [2024-07-25T04:10:20.651+0000] {dagbag.py:545} INFO - Filling up the DagBag from /home/airflow/.local/lib/python3.12/site-packages/airflow/example_dags/example_display_name.py
[2024-07-25T04:10:20.654+0000] {processor.py:840} INFO - DAG(s) 'example_display_name' retrieved from /home/airflow/.local/lib/python3.12/site-packages/airflow/example_dags/example_display_name.py
[2024-07-25T04:10:20.665+0000] {logging_mixin.py:188} INFO - [2024-07-25T04:10:20.665+0000] {dag.py:3089} INFO - Sync 1 DAGs
[2024-07-25T04:10:20.671+0000] {logging_mixin.py:188} INFO - [2024-07-25T04:10:20.671+0000] {dag.py:3947} INFO - Setting next_dagrun for example_display_name to None, run_after=None
[2024-07-25T04:10:20.681+0000] {processor.py:183} INFO - Processing /home/airflow/.local/lib/python3.12/site-packages/airflow/example_dags/example_display_name.py took 0.035 seconds
[2024-07-25T04:10:50.877+0000] {processor.py:161} INFO - Started process (PID=855) to work on /home/airflow/.local/lib/python3.12/site-packages/airflow/example_dags/example_display_name.py
[2024-07-25T04:10:50.878+0000] {processor.py:830} INFO - Processing file /home/airflow/.local/lib/python3.12/site-packages/airflow/example_dags/example_display_name.py for tasks to queue
[2024-07-25T04:10:50.879+0000] {logging_mixin.py:188} INFO - [2024-07-25T04:10:50.879+0000] {dagbag.py:545} INFO - Filling up the DagBag from /home/airflow/.local/lib/python3.12/site-packages/airflow/example_dags/example_display_name.py
[2024-07-25T04:10:50.883+0000] {processor.py:840} INFO - DAG(s) 'example_display_name' retrieved from /home/airflow/.local/lib/python3.12/site-packages/airflow/example_dags/example_display_name.py
[2024-07-25T04:10:50.893+0000] {logging_mixin.py:188} INFO - [2024-07-25T04:10:50.893+0000] {dag.py:3089} INFO - Sync 1 DAGs
[2024-07-25T04:10:50.899+0000] {logging_mixin.py:188} INFO - [2024-07-25T04:10:50.899+0000] {dag.py:3947} INFO - Setting next_dagrun for example_display_name to None, run_after=None
[2024-07-25T04:10:50.908+0000] {processor.py:183} INFO - Processing /home/airflow/.local/lib/python3.12/site-packages/airflow/example_dags/example_display_name.py took 0.035 seconds
[2024-07-25T04:11:21.130+0000] {processor.py:161} INFO - Started process (PID=913) to work on /home/airflow/.local/lib/python3.12/site-packages/airflow/example_dags/example_display_name.py
[2024-07-25T04:11:21.131+0000] {processor.py:830} INFO - Processing file /home/airflow/.local/lib/python3.12/site-packages/airflow/example_dags/example_display_name.py for tasks to queue
[2024-07-25T04:11:21.132+0000] {logging_mixin.py:188} INFO - [2024-07-25T04:11:21.132+0000] {dagbag.py:545} INFO - Filling up the DagBag from /home/airflow/.local/lib/python3.12/site-packages/airflow/example_dags/example_display_name.py
[2024-07-25T04:11:21.136+0000] {processor.py:840} INFO - DAG(s) 'example_display_name' retrieved from /home/airflow/.local/lib/python3.12/site-packages/airflow/example_dags/example_display_name.py
[2024-07-25T04:11:21.146+0000] {logging_mixin.py:188} INFO - [2024-07-25T04:11:21.146+0000] {dag.py:3089} INFO - Sync 1 DAGs
[2024-07-25T04:11:21.152+0000] {logging_mixin.py:188} INFO - [2024-07-25T04:11:21.152+0000] {dag.py:3947} INFO - Setting next_dagrun for example_display_name to None, run_after=None
[2024-07-25T04:11:21.161+0000] {processor.py:183} INFO - Processing /home/airflow/.local/lib/python3.12/site-packages/airflow/example_dags/example_display_name.py took 0.035 seconds
[2024-07-25T04:11:51.266+0000] {processor.py:161} INFO - Started process (PID=971) to work on /home/airflow/.local/lib/python3.12/site-packages/airflow/example_dags/example_display_name.py
[2024-07-25T04:11:51.267+0000] {processor.py:830} INFO - Processing file /home/airflow/.local/lib/python3.12/site-packages/airflow/example_dags/example_display_name.py for tasks to queue
[2024-07-25T04:11:51.268+0000] {logging_mixin.py:188} INFO - [2024-07-25T04:11:51.268+0000] {dagbag.py:545} INFO - Filling up the DagBag from /home/airflow/.local/lib/python3.12/site-packages/airflow/example_dags/example_display_name.py
[2024-07-25T04:11:51.271+0000] {processor.py:840} INFO - DAG(s) 'example_display_name' retrieved from /home/airflow/.local/lib/python3.12/site-packages/airflow/example_dags/example_display_name.py
[2024-07-25T04:11:51.284+0000] {logging_mixin.py:188} INFO - [2024-07-25T04:11:51.283+0000] {dag.py:3089} INFO - Sync 1 DAGs
[2024-07-25T04:11:51.290+0000] {logging_mixin.py:188} INFO - [2024-07-25T04:11:51.290+0000] {dag.py:3947} INFO - Setting next_dagrun for example_display_name to None, run_after=None
[2024-07-25T04:11:51.298+0000] {processor.py:183} INFO - Processing /home/airflow/.local/lib/python3.12/site-packages/airflow/example_dags/example_display_name.py took 0.036 seconds
