[2024-07-25T03:40:24.357+0000] {processor.py:161} INFO - Started process (PID=47) to work on /home/airflow/.local/lib/python3.12/site-packages/airflow/example_dags/example_complex.py
[2024-07-25T03:40:24.358+0000] {processor.py:830} INFO - Processing file /home/airflow/.local/lib/python3.12/site-packages/airflow/example_dags/example_complex.py for tasks to queue
[2024-07-25T03:40:24.360+0000] {logging_mixin.py:188} INFO - [2024-07-25T03:40:24.360+0000] {dagbag.py:545} INFO - Filling up the DagBag from /home/airflow/.local/lib/python3.12/site-packages/airflow/example_dags/example_complex.py
[2024-07-25T03:40:24.372+0000] {processor.py:840} INFO - DAG(s) 'example_complex' retrieved from /home/airflow/.local/lib/python3.12/site-packages/airflow/example_dags/example_complex.py
[2024-07-25T03:40:24.380+0000] {logging_mixin.py:188} INFO - [2024-07-25T03:40:24.380+0000] {dag.py:3089} INFO - Sync 1 DAGs
[2024-07-25T03:40:24.389+0000] {logging_mixin.py:188} INFO - [2024-07-25T03:40:24.389+0000] {dag.py:3947} INFO - Setting next_dagrun for example_complex to None, run_after=None
[2024-07-25T03:40:24.401+0000] {processor.py:183} INFO - Processing /home/airflow/.local/lib/python3.12/site-packages/airflow/example_dags/example_complex.py took 0.049 seconds
[2024-07-25T03:40:55.276+0000] {processor.py:161} INFO - Started process (PID=105) to work on /home/airflow/.local/lib/python3.12/site-packages/airflow/example_dags/example_complex.py
[2024-07-25T03:40:55.277+0000] {processor.py:830} INFO - Processing file /home/airflow/.local/lib/python3.12/site-packages/airflow/example_dags/example_complex.py for tasks to queue
[2024-07-25T03:40:55.278+0000] {logging_mixin.py:188} INFO - [2024-07-25T03:40:55.278+0000] {dagbag.py:545} INFO - Filling up the DagBag from /home/airflow/.local/lib/python3.12/site-packages/airflow/example_dags/example_complex.py
[2024-07-25T03:40:55.283+0000] {processor.py:840} INFO - DAG(s) 'example_complex' retrieved from /home/airflow/.local/lib/python3.12/site-packages/airflow/example_dags/example_complex.py
[2024-07-25T03:40:55.340+0000] {logging_mixin.py:188} INFO - [2024-07-25T03:40:55.340+0000] {dag.py:3089} INFO - Sync 1 DAGs
[2024-07-25T03:40:55.346+0000] {logging_mixin.py:188} INFO - [2024-07-25T03:40:55.345+0000] {dag.py:3947} INFO - Setting next_dagrun for example_complex to None, run_after=None
[2024-07-25T03:40:55.355+0000] {processor.py:183} INFO - Processing /home/airflow/.local/lib/python3.12/site-packages/airflow/example_dags/example_complex.py took 0.084 seconds
[2024-07-25T03:41:25.439+0000] {processor.py:161} INFO - Started process (PID=163) to work on /home/airflow/.local/lib/python3.12/site-packages/airflow/example_dags/example_complex.py
[2024-07-25T03:41:25.440+0000] {processor.py:830} INFO - Processing file /home/airflow/.local/lib/python3.12/site-packages/airflow/example_dags/example_complex.py for tasks to queue
[2024-07-25T03:41:25.441+0000] {logging_mixin.py:188} INFO - [2024-07-25T03:41:25.441+0000] {dagbag.py:545} INFO - Filling up the DagBag from /home/airflow/.local/lib/python3.12/site-packages/airflow/example_dags/example_complex.py
[2024-07-25T03:41:25.447+0000] {processor.py:840} INFO - DAG(s) 'example_complex' retrieved from /home/airflow/.local/lib/python3.12/site-packages/airflow/example_dags/example_complex.py
[2024-07-25T03:41:25.462+0000] {logging_mixin.py:188} INFO - [2024-07-25T03:41:25.462+0000] {dag.py:3089} INFO - Sync 1 DAGs
[2024-07-25T03:41:25.468+0000] {logging_mixin.py:188} INFO - [2024-07-25T03:41:25.468+0000] {dag.py:3947} INFO - Setting next_dagrun for example_complex to None, run_after=None
[2024-07-25T03:41:25.477+0000] {processor.py:183} INFO - Processing /home/airflow/.local/lib/python3.12/site-packages/airflow/example_dags/example_complex.py took 0.041 seconds
[2024-07-25T03:41:55.615+0000] {processor.py:161} INFO - Started process (PID=221) to work on /home/airflow/.local/lib/python3.12/site-packages/airflow/example_dags/example_complex.py
[2024-07-25T03:41:55.616+0000] {processor.py:830} INFO - Processing file /home/airflow/.local/lib/python3.12/site-packages/airflow/example_dags/example_complex.py for tasks to queue
[2024-07-25T03:41:55.617+0000] {logging_mixin.py:188} INFO - [2024-07-25T03:41:55.617+0000] {dagbag.py:545} INFO - Filling up the DagBag from /home/airflow/.local/lib/python3.12/site-packages/airflow/example_dags/example_complex.py
[2024-07-25T03:41:55.623+0000] {processor.py:840} INFO - DAG(s) 'example_complex' retrieved from /home/airflow/.local/lib/python3.12/site-packages/airflow/example_dags/example_complex.py
[2024-07-25T03:41:55.639+0000] {logging_mixin.py:188} INFO - [2024-07-25T03:41:55.639+0000] {dag.py:3089} INFO - Sync 1 DAGs
[2024-07-25T03:41:55.645+0000] {logging_mixin.py:188} INFO - [2024-07-25T03:41:55.645+0000] {dag.py:3947} INFO - Setting next_dagrun for example_complex to None, run_after=None
[2024-07-25T03:41:55.655+0000] {processor.py:183} INFO - Processing /home/airflow/.local/lib/python3.12/site-packages/airflow/example_dags/example_complex.py took 0.043 seconds
[2024-07-25T03:42:26.599+0000] {processor.py:161} INFO - Started process (PID=279) to work on /home/airflow/.local/lib/python3.12/site-packages/airflow/example_dags/example_complex.py
[2024-07-25T03:42:26.600+0000] {processor.py:830} INFO - Processing file /home/airflow/.local/lib/python3.12/site-packages/airflow/example_dags/example_complex.py for tasks to queue
[2024-07-25T03:42:26.602+0000] {logging_mixin.py:188} INFO - [2024-07-25T03:42:26.602+0000] {dagbag.py:545} INFO - Filling up the DagBag from /home/airflow/.local/lib/python3.12/site-packages/airflow/example_dags/example_complex.py
[2024-07-25T03:42:26.611+0000] {processor.py:840} INFO - DAG(s) 'example_complex' retrieved from /home/airflow/.local/lib/python3.12/site-packages/airflow/example_dags/example_complex.py
[2024-07-25T03:42:26.631+0000] {logging_mixin.py:188} INFO - [2024-07-25T03:42:26.631+0000] {dag.py:3089} INFO - Sync 1 DAGs
[2024-07-25T03:42:26.638+0000] {logging_mixin.py:188} INFO - [2024-07-25T03:42:26.637+0000] {dag.py:3947} INFO - Setting next_dagrun for example_complex to None, run_after=None
[2024-07-25T03:42:26.648+0000] {processor.py:183} INFO - Processing /home/airflow/.local/lib/python3.12/site-packages/airflow/example_dags/example_complex.py took 0.055 seconds
[2024-07-25T03:42:56.939+0000] {processor.py:161} INFO - Started process (PID=337) to work on /home/airflow/.local/lib/python3.12/site-packages/airflow/example_dags/example_complex.py
[2024-07-25T03:42:56.940+0000] {processor.py:830} INFO - Processing file /home/airflow/.local/lib/python3.12/site-packages/airflow/example_dags/example_complex.py for tasks to queue
[2024-07-25T03:42:56.942+0000] {logging_mixin.py:188} INFO - [2024-07-25T03:42:56.942+0000] {dagbag.py:545} INFO - Filling up the DagBag from /home/airflow/.local/lib/python3.12/site-packages/airflow/example_dags/example_complex.py
[2024-07-25T03:42:56.953+0000] {processor.py:840} INFO - DAG(s) 'example_complex' retrieved from /home/airflow/.local/lib/python3.12/site-packages/airflow/example_dags/example_complex.py
[2024-07-25T03:42:56.975+0000] {logging_mixin.py:188} INFO - [2024-07-25T03:42:56.975+0000] {dag.py:3089} INFO - Sync 1 DAGs
[2024-07-25T03:42:56.984+0000] {logging_mixin.py:188} INFO - [2024-07-25T03:42:56.983+0000] {dag.py:3947} INFO - Setting next_dagrun for example_complex to None, run_after=None
[2024-07-25T03:42:56.995+0000] {processor.py:183} INFO - Processing /home/airflow/.local/lib/python3.12/site-packages/airflow/example_dags/example_complex.py took 0.061 seconds
[2024-07-25T03:43:27.239+0000] {processor.py:161} INFO - Started process (PID=395) to work on /home/airflow/.local/lib/python3.12/site-packages/airflow/example_dags/example_complex.py
[2024-07-25T03:43:27.240+0000] {processor.py:830} INFO - Processing file /home/airflow/.local/lib/python3.12/site-packages/airflow/example_dags/example_complex.py for tasks to queue
[2024-07-25T03:43:27.242+0000] {logging_mixin.py:188} INFO - [2024-07-25T03:43:27.242+0000] {dagbag.py:545} INFO - Filling up the DagBag from /home/airflow/.local/lib/python3.12/site-packages/airflow/example_dags/example_complex.py
[2024-07-25T03:43:27.250+0000] {processor.py:840} INFO - DAG(s) 'example_complex' retrieved from /home/airflow/.local/lib/python3.12/site-packages/airflow/example_dags/example_complex.py
[2024-07-25T03:43:27.270+0000] {logging_mixin.py:188} INFO - [2024-07-25T03:43:27.270+0000] {dag.py:3089} INFO - Sync 1 DAGs
[2024-07-25T03:43:27.277+0000] {logging_mixin.py:188} INFO - [2024-07-25T03:43:27.277+0000] {dag.py:3947} INFO - Setting next_dagrun for example_complex to None, run_after=None
[2024-07-25T03:43:27.288+0000] {processor.py:183} INFO - Processing /home/airflow/.local/lib/python3.12/site-packages/airflow/example_dags/example_complex.py took 0.056 seconds
[2024-07-25T03:43:57.460+0000] {processor.py:161} INFO - Started process (PID=453) to work on /home/airflow/.local/lib/python3.12/site-packages/airflow/example_dags/example_complex.py
[2024-07-25T03:43:57.461+0000] {processor.py:830} INFO - Processing file /home/airflow/.local/lib/python3.12/site-packages/airflow/example_dags/example_complex.py for tasks to queue
[2024-07-25T03:43:57.463+0000] {logging_mixin.py:188} INFO - [2024-07-25T03:43:57.463+0000] {dagbag.py:545} INFO - Filling up the DagBag from /home/airflow/.local/lib/python3.12/site-packages/airflow/example_dags/example_complex.py
[2024-07-25T03:43:57.471+0000] {processor.py:840} INFO - DAG(s) 'example_complex' retrieved from /home/airflow/.local/lib/python3.12/site-packages/airflow/example_dags/example_complex.py
[2024-07-25T03:43:57.495+0000] {logging_mixin.py:188} INFO - [2024-07-25T03:43:57.495+0000] {dag.py:3089} INFO - Sync 1 DAGs
[2024-07-25T03:43:57.504+0000] {logging_mixin.py:188} INFO - [2024-07-25T03:43:57.504+0000] {dag.py:3947} INFO - Setting next_dagrun for example_complex to None, run_after=None
[2024-07-25T03:43:57.515+0000] {processor.py:183} INFO - Processing /home/airflow/.local/lib/python3.12/site-packages/airflow/example_dags/example_complex.py took 0.060 seconds
[2024-07-25T03:44:27.543+0000] {processor.py:161} INFO - Started process (PID=510) to work on /home/airflow/.local/lib/python3.12/site-packages/airflow/example_dags/example_complex.py
[2024-07-25T03:44:27.544+0000] {processor.py:830} INFO - Processing file /home/airflow/.local/lib/python3.12/site-packages/airflow/example_dags/example_complex.py for tasks to queue
[2024-07-25T03:44:27.546+0000] {logging_mixin.py:188} INFO - [2024-07-25T03:44:27.546+0000] {dagbag.py:545} INFO - Filling up the DagBag from /home/airflow/.local/lib/python3.12/site-packages/airflow/example_dags/example_complex.py
[2024-07-25T03:44:27.553+0000] {processor.py:840} INFO - DAG(s) 'example_complex' retrieved from /home/airflow/.local/lib/python3.12/site-packages/airflow/example_dags/example_complex.py
[2024-07-25T03:44:27.583+0000] {logging_mixin.py:188} INFO - [2024-07-25T03:44:27.583+0000] {dag.py:3089} INFO - Sync 1 DAGs
[2024-07-25T03:44:27.594+0000] {logging_mixin.py:188} INFO - [2024-07-25T03:44:27.594+0000] {dag.py:3947} INFO - Setting next_dagrun for example_complex to None, run_after=None
[2024-07-25T03:44:27.613+0000] {processor.py:183} INFO - Processing /home/airflow/.local/lib/python3.12/site-packages/airflow/example_dags/example_complex.py took 0.076 seconds
[2024-07-25T03:44:57.999+0000] {processor.py:161} INFO - Started process (PID=569) to work on /home/airflow/.local/lib/python3.12/site-packages/airflow/example_dags/example_complex.py
[2024-07-25T03:44:58.001+0000] {processor.py:830} INFO - Processing file /home/airflow/.local/lib/python3.12/site-packages/airflow/example_dags/example_complex.py for tasks to queue
[2024-07-25T03:44:58.003+0000] {logging_mixin.py:188} INFO - [2024-07-25T03:44:58.003+0000] {dagbag.py:545} INFO - Filling up the DagBag from /home/airflow/.local/lib/python3.12/site-packages/airflow/example_dags/example_complex.py
[2024-07-25T03:44:58.013+0000] {processor.py:840} INFO - DAG(s) 'example_complex' retrieved from /home/airflow/.local/lib/python3.12/site-packages/airflow/example_dags/example_complex.py
[2024-07-25T03:44:58.034+0000] {logging_mixin.py:188} INFO - [2024-07-25T03:44:58.034+0000] {dag.py:3089} INFO - Sync 1 DAGs
[2024-07-25T03:44:58.041+0000] {logging_mixin.py:188} INFO - [2024-07-25T03:44:58.041+0000] {dag.py:3947} INFO - Setting next_dagrun for example_complex to None, run_after=None
[2024-07-25T03:44:58.051+0000] {processor.py:183} INFO - Processing /home/airflow/.local/lib/python3.12/site-packages/airflow/example_dags/example_complex.py took 0.061 seconds
[2024-07-25T03:45:28.284+0000] {processor.py:161} INFO - Started process (PID=627) to work on /home/airflow/.local/lib/python3.12/site-packages/airflow/example_dags/example_complex.py
[2024-07-25T03:45:28.286+0000] {processor.py:830} INFO - Processing file /home/airflow/.local/lib/python3.12/site-packages/airflow/example_dags/example_complex.py for tasks to queue
[2024-07-25T03:45:28.288+0000] {logging_mixin.py:188} INFO - [2024-07-25T03:45:28.287+0000] {dagbag.py:545} INFO - Filling up the DagBag from /home/airflow/.local/lib/python3.12/site-packages/airflow/example_dags/example_complex.py
[2024-07-25T03:45:28.297+0000] {processor.py:840} INFO - DAG(s) 'example_complex' retrieved from /home/airflow/.local/lib/python3.12/site-packages/airflow/example_dags/example_complex.py
[2024-07-25T03:45:28.321+0000] {logging_mixin.py:188} INFO - [2024-07-25T03:45:28.321+0000] {dag.py:3089} INFO - Sync 1 DAGs
[2024-07-25T03:45:28.329+0000] {logging_mixin.py:188} INFO - [2024-07-25T03:45:28.329+0000] {dag.py:3947} INFO - Setting next_dagrun for example_complex to None, run_after=None
[2024-07-25T03:45:28.340+0000] {processor.py:183} INFO - Processing /home/airflow/.local/lib/python3.12/site-packages/airflow/example_dags/example_complex.py took 0.063 seconds
[2024-07-25T03:45:58.598+0000] {processor.py:161} INFO - Started process (PID=685) to work on /home/airflow/.local/lib/python3.12/site-packages/airflow/example_dags/example_complex.py
[2024-07-25T03:45:58.599+0000] {processor.py:830} INFO - Processing file /home/airflow/.local/lib/python3.12/site-packages/airflow/example_dags/example_complex.py for tasks to queue
[2024-07-25T03:45:58.602+0000] {logging_mixin.py:188} INFO - [2024-07-25T03:45:58.601+0000] {dagbag.py:545} INFO - Filling up the DagBag from /home/airflow/.local/lib/python3.12/site-packages/airflow/example_dags/example_complex.py
[2024-07-25T03:45:58.610+0000] {processor.py:840} INFO - DAG(s) 'example_complex' retrieved from /home/airflow/.local/lib/python3.12/site-packages/airflow/example_dags/example_complex.py
[2024-07-25T03:45:58.631+0000] {logging_mixin.py:188} INFO - [2024-07-25T03:45:58.631+0000] {dag.py:3089} INFO - Sync 1 DAGs
[2024-07-25T03:45:58.639+0000] {logging_mixin.py:188} INFO - [2024-07-25T03:45:58.639+0000] {dag.py:3947} INFO - Setting next_dagrun for example_complex to None, run_after=None
[2024-07-25T03:45:58.649+0000] {processor.py:183} INFO - Processing /home/airflow/.local/lib/python3.12/site-packages/airflow/example_dags/example_complex.py took 0.058 seconds
[2024-07-25T03:46:28.795+0000] {processor.py:161} INFO - Started process (PID=743) to work on /home/airflow/.local/lib/python3.12/site-packages/airflow/example_dags/example_complex.py
[2024-07-25T03:46:28.797+0000] {processor.py:830} INFO - Processing file /home/airflow/.local/lib/python3.12/site-packages/airflow/example_dags/example_complex.py for tasks to queue
[2024-07-25T03:46:28.799+0000] {logging_mixin.py:188} INFO - [2024-07-25T03:46:28.799+0000] {dagbag.py:545} INFO - Filling up the DagBag from /home/airflow/.local/lib/python3.12/site-packages/airflow/example_dags/example_complex.py
[2024-07-25T03:46:28.809+0000] {processor.py:840} INFO - DAG(s) 'example_complex' retrieved from /home/airflow/.local/lib/python3.12/site-packages/airflow/example_dags/example_complex.py
[2024-07-25T03:46:28.832+0000] {logging_mixin.py:188} INFO - [2024-07-25T03:46:28.832+0000] {dag.py:3089} INFO - Sync 1 DAGs
[2024-07-25T03:46:28.840+0000] {logging_mixin.py:188} INFO - [2024-07-25T03:46:28.840+0000] {dag.py:3947} INFO - Setting next_dagrun for example_complex to None, run_after=None
[2024-07-25T03:46:28.851+0000] {processor.py:183} INFO - Processing /home/airflow/.local/lib/python3.12/site-packages/airflow/example_dags/example_complex.py took 0.063 seconds
[2024-07-25T03:46:58.959+0000] {processor.py:161} INFO - Started process (PID=800) to work on /home/airflow/.local/lib/python3.12/site-packages/airflow/example_dags/example_complex.py
[2024-07-25T03:46:58.960+0000] {processor.py:830} INFO - Processing file /home/airflow/.local/lib/python3.12/site-packages/airflow/example_dags/example_complex.py for tasks to queue
[2024-07-25T03:46:58.962+0000] {logging_mixin.py:188} INFO - [2024-07-25T03:46:58.962+0000] {dagbag.py:545} INFO - Filling up the DagBag from /home/airflow/.local/lib/python3.12/site-packages/airflow/example_dags/example_complex.py
[2024-07-25T03:46:58.971+0000] {processor.py:840} INFO - DAG(s) 'example_complex' retrieved from /home/airflow/.local/lib/python3.12/site-packages/airflow/example_dags/example_complex.py
[2024-07-25T03:46:58.994+0000] {logging_mixin.py:188} INFO - [2024-07-25T03:46:58.994+0000] {dag.py:3089} INFO - Sync 1 DAGs
[2024-07-25T03:46:59.002+0000] {logging_mixin.py:188} INFO - [2024-07-25T03:46:59.001+0000] {dag.py:3947} INFO - Setting next_dagrun for example_complex to None, run_after=None
[2024-07-25T03:46:59.012+0000] {processor.py:183} INFO - Processing /home/airflow/.local/lib/python3.12/site-packages/airflow/example_dags/example_complex.py took 0.060 seconds
[2024-07-25T03:47:29.346+0000] {processor.py:161} INFO - Started process (PID=859) to work on /home/airflow/.local/lib/python3.12/site-packages/airflow/example_dags/example_complex.py
[2024-07-25T03:47:29.347+0000] {processor.py:830} INFO - Processing file /home/airflow/.local/lib/python3.12/site-packages/airflow/example_dags/example_complex.py for tasks to queue
[2024-07-25T03:47:29.349+0000] {logging_mixin.py:188} INFO - [2024-07-25T03:47:29.349+0000] {dagbag.py:545} INFO - Filling up the DagBag from /home/airflow/.local/lib/python3.12/site-packages/airflow/example_dags/example_complex.py
[2024-07-25T03:47:29.356+0000] {processor.py:840} INFO - DAG(s) 'example_complex' retrieved from /home/airflow/.local/lib/python3.12/site-packages/airflow/example_dags/example_complex.py
[2024-07-25T03:47:29.384+0000] {logging_mixin.py:188} INFO - [2024-07-25T03:47:29.383+0000] {dag.py:3089} INFO - Sync 1 DAGs
[2024-07-25T03:47:29.393+0000] {logging_mixin.py:188} INFO - [2024-07-25T03:47:29.392+0000] {dag.py:3947} INFO - Setting next_dagrun for example_complex to None, run_after=None
[2024-07-25T03:47:29.406+0000] {processor.py:183} INFO - Processing /home/airflow/.local/lib/python3.12/site-packages/airflow/example_dags/example_complex.py took 0.065 seconds
[2024-07-25T03:47:59.449+0000] {processor.py:161} INFO - Started process (PID=916) to work on /home/airflow/.local/lib/python3.12/site-packages/airflow/example_dags/example_complex.py
[2024-07-25T03:47:59.451+0000] {processor.py:830} INFO - Processing file /home/airflow/.local/lib/python3.12/site-packages/airflow/example_dags/example_complex.py for tasks to queue
[2024-07-25T03:47:59.452+0000] {logging_mixin.py:188} INFO - [2024-07-25T03:47:59.452+0000] {dagbag.py:545} INFO - Filling up the DagBag from /home/airflow/.local/lib/python3.12/site-packages/airflow/example_dags/example_complex.py
[2024-07-25T03:47:59.459+0000] {processor.py:840} INFO - DAG(s) 'example_complex' retrieved from /home/airflow/.local/lib/python3.12/site-packages/airflow/example_dags/example_complex.py
[2024-07-25T03:47:59.479+0000] {logging_mixin.py:188} INFO - [2024-07-25T03:47:59.478+0000] {dag.py:3089} INFO - Sync 1 DAGs
[2024-07-25T03:47:59.490+0000] {logging_mixin.py:188} INFO - [2024-07-25T03:47:59.490+0000] {dag.py:3947} INFO - Setting next_dagrun for example_complex to None, run_after=None
[2024-07-25T03:47:59.503+0000] {processor.py:183} INFO - Processing /home/airflow/.local/lib/python3.12/site-packages/airflow/example_dags/example_complex.py took 0.059 seconds
[2024-07-25T03:48:29.589+0000] {processor.py:161} INFO - Started process (PID=974) to work on /home/airflow/.local/lib/python3.12/site-packages/airflow/example_dags/example_complex.py
[2024-07-25T03:48:29.590+0000] {processor.py:830} INFO - Processing file /home/airflow/.local/lib/python3.12/site-packages/airflow/example_dags/example_complex.py for tasks to queue
[2024-07-25T03:48:29.592+0000] {logging_mixin.py:188} INFO - [2024-07-25T03:48:29.592+0000] {dagbag.py:545} INFO - Filling up the DagBag from /home/airflow/.local/lib/python3.12/site-packages/airflow/example_dags/example_complex.py
[2024-07-25T03:48:29.598+0000] {processor.py:840} INFO - DAG(s) 'example_complex' retrieved from /home/airflow/.local/lib/python3.12/site-packages/airflow/example_dags/example_complex.py
[2024-07-25T03:48:29.614+0000] {logging_mixin.py:188} INFO - [2024-07-25T03:48:29.614+0000] {dag.py:3089} INFO - Sync 1 DAGs
[2024-07-25T03:48:29.620+0000] {logging_mixin.py:188} INFO - [2024-07-25T03:48:29.620+0000] {dag.py:3947} INFO - Setting next_dagrun for example_complex to None, run_after=None
[2024-07-25T03:48:29.630+0000] {processor.py:183} INFO - Processing /home/airflow/.local/lib/python3.12/site-packages/airflow/example_dags/example_complex.py took 0.047 seconds
[2024-07-25T03:48:59.828+0000] {processor.py:161} INFO - Started process (PID=1032) to work on /home/airflow/.local/lib/python3.12/site-packages/airflow/example_dags/example_complex.py
[2024-07-25T03:48:59.830+0000] {processor.py:830} INFO - Processing file /home/airflow/.local/lib/python3.12/site-packages/airflow/example_dags/example_complex.py for tasks to queue
[2024-07-25T03:48:59.832+0000] {logging_mixin.py:188} INFO - [2024-07-25T03:48:59.832+0000] {dagbag.py:545} INFO - Filling up the DagBag from /home/airflow/.local/lib/python3.12/site-packages/airflow/example_dags/example_complex.py
[2024-07-25T03:48:59.841+0000] {processor.py:840} INFO - DAG(s) 'example_complex' retrieved from /home/airflow/.local/lib/python3.12/site-packages/airflow/example_dags/example_complex.py
[2024-07-25T03:48:59.863+0000] {logging_mixin.py:188} INFO - [2024-07-25T03:48:59.863+0000] {dag.py:3089} INFO - Sync 1 DAGs
[2024-07-25T03:48:59.870+0000] {logging_mixin.py:188} INFO - [2024-07-25T03:48:59.870+0000] {dag.py:3947} INFO - Setting next_dagrun for example_complex to None, run_after=None
[2024-07-25T03:48:59.880+0000] {processor.py:183} INFO - Processing /home/airflow/.local/lib/python3.12/site-packages/airflow/example_dags/example_complex.py took 0.061 seconds
[2024-07-25T03:49:30.249+0000] {processor.py:161} INFO - Started process (PID=1090) to work on /home/airflow/.local/lib/python3.12/site-packages/airflow/example_dags/example_complex.py
[2024-07-25T03:49:30.250+0000] {processor.py:830} INFO - Processing file /home/airflow/.local/lib/python3.12/site-packages/airflow/example_dags/example_complex.py for tasks to queue
[2024-07-25T03:49:30.252+0000] {logging_mixin.py:188} INFO - [2024-07-25T03:49:30.252+0000] {dagbag.py:545} INFO - Filling up the DagBag from /home/airflow/.local/lib/python3.12/site-packages/airflow/example_dags/example_complex.py
[2024-07-25T03:49:30.261+0000] {processor.py:840} INFO - DAG(s) 'example_complex' retrieved from /home/airflow/.local/lib/python3.12/site-packages/airflow/example_dags/example_complex.py
[2024-07-25T03:49:30.283+0000] {logging_mixin.py:188} INFO - [2024-07-25T03:49:30.282+0000] {dag.py:3089} INFO - Sync 1 DAGs
[2024-07-25T03:49:30.290+0000] {logging_mixin.py:188} INFO - [2024-07-25T03:49:30.289+0000] {dag.py:3947} INFO - Setting next_dagrun for example_complex to None, run_after=None
[2024-07-25T03:49:30.299+0000] {processor.py:183} INFO - Processing /home/airflow/.local/lib/python3.12/site-packages/airflow/example_dags/example_complex.py took 0.059 seconds
[2024-07-25T03:50:00.599+0000] {processor.py:161} INFO - Started process (PID=1148) to work on /home/airflow/.local/lib/python3.12/site-packages/airflow/example_dags/example_complex.py
[2024-07-25T03:50:00.600+0000] {processor.py:830} INFO - Processing file /home/airflow/.local/lib/python3.12/site-packages/airflow/example_dags/example_complex.py for tasks to queue
[2024-07-25T03:50:00.602+0000] {logging_mixin.py:188} INFO - [2024-07-25T03:50:00.602+0000] {dagbag.py:545} INFO - Filling up the DagBag from /home/airflow/.local/lib/python3.12/site-packages/airflow/example_dags/example_complex.py
[2024-07-25T03:50:00.611+0000] {processor.py:840} INFO - DAG(s) 'example_complex' retrieved from /home/airflow/.local/lib/python3.12/site-packages/airflow/example_dags/example_complex.py
[2024-07-25T03:50:00.632+0000] {logging_mixin.py:188} INFO - [2024-07-25T03:50:00.632+0000] {dag.py:3089} INFO - Sync 1 DAGs
[2024-07-25T03:50:00.639+0000] {logging_mixin.py:188} INFO - [2024-07-25T03:50:00.638+0000] {dag.py:3947} INFO - Setting next_dagrun for example_complex to None, run_after=None
[2024-07-25T03:50:00.648+0000] {processor.py:183} INFO - Processing /home/airflow/.local/lib/python3.12/site-packages/airflow/example_dags/example_complex.py took 0.058 seconds
[2024-07-25T03:50:30.802+0000] {processor.py:161} INFO - Started process (PID=1206) to work on /home/airflow/.local/lib/python3.12/site-packages/airflow/example_dags/example_complex.py
[2024-07-25T03:50:30.805+0000] {processor.py:830} INFO - Processing file /home/airflow/.local/lib/python3.12/site-packages/airflow/example_dags/example_complex.py for tasks to queue
[2024-07-25T03:50:30.807+0000] {logging_mixin.py:188} INFO - [2024-07-25T03:50:30.807+0000] {dagbag.py:545} INFO - Filling up the DagBag from /home/airflow/.local/lib/python3.12/site-packages/airflow/example_dags/example_complex.py
[2024-07-25T03:50:30.818+0000] {processor.py:840} INFO - DAG(s) 'example_complex' retrieved from /home/airflow/.local/lib/python3.12/site-packages/airflow/example_dags/example_complex.py
[2024-07-25T03:50:30.840+0000] {logging_mixin.py:188} INFO - [2024-07-25T03:50:30.839+0000] {dag.py:3089} INFO - Sync 1 DAGs
[2024-07-25T03:50:30.847+0000] {logging_mixin.py:188} INFO - [2024-07-25T03:50:30.847+0000] {dag.py:3947} INFO - Setting next_dagrun for example_complex to None, run_after=None
[2024-07-25T03:50:30.858+0000] {processor.py:183} INFO - Processing /home/airflow/.local/lib/python3.12/site-packages/airflow/example_dags/example_complex.py took 0.067 seconds
[2024-07-25T03:51:01.065+0000] {processor.py:161} INFO - Started process (PID=1264) to work on /home/airflow/.local/lib/python3.12/site-packages/airflow/example_dags/example_complex.py
[2024-07-25T03:51:01.067+0000] {processor.py:830} INFO - Processing file /home/airflow/.local/lib/python3.12/site-packages/airflow/example_dags/example_complex.py for tasks to queue
[2024-07-25T03:51:01.069+0000] {logging_mixin.py:188} INFO - [2024-07-25T03:51:01.069+0000] {dagbag.py:545} INFO - Filling up the DagBag from /home/airflow/.local/lib/python3.12/site-packages/airflow/example_dags/example_complex.py
[2024-07-25T03:51:01.080+0000] {processor.py:840} INFO - DAG(s) 'example_complex' retrieved from /home/airflow/.local/lib/python3.12/site-packages/airflow/example_dags/example_complex.py
[2024-07-25T03:51:01.102+0000] {logging_mixin.py:188} INFO - [2024-07-25T03:51:01.102+0000] {dag.py:3089} INFO - Sync 1 DAGs
[2024-07-25T03:51:01.109+0000] {logging_mixin.py:188} INFO - [2024-07-25T03:51:01.109+0000] {dag.py:3947} INFO - Setting next_dagrun for example_complex to None, run_after=None
[2024-07-25T03:51:01.120+0000] {processor.py:183} INFO - Processing /home/airflow/.local/lib/python3.12/site-packages/airflow/example_dags/example_complex.py took 0.064 seconds
[2024-07-25T03:51:31.252+0000] {processor.py:161} INFO - Started process (PID=1322) to work on /home/airflow/.local/lib/python3.12/site-packages/airflow/example_dags/example_complex.py
[2024-07-25T03:51:31.255+0000] {processor.py:830} INFO - Processing file /home/airflow/.local/lib/python3.12/site-packages/airflow/example_dags/example_complex.py for tasks to queue
[2024-07-25T03:51:31.257+0000] {logging_mixin.py:188} INFO - [2024-07-25T03:51:31.257+0000] {dagbag.py:545} INFO - Filling up the DagBag from /home/airflow/.local/lib/python3.12/site-packages/airflow/example_dags/example_complex.py
[2024-07-25T03:51:31.266+0000] {processor.py:840} INFO - DAG(s) 'example_complex' retrieved from /home/airflow/.local/lib/python3.12/site-packages/airflow/example_dags/example_complex.py
[2024-07-25T03:51:31.290+0000] {logging_mixin.py:188} INFO - [2024-07-25T03:51:31.290+0000] {dag.py:3089} INFO - Sync 1 DAGs
[2024-07-25T03:51:31.298+0000] {logging_mixin.py:188} INFO - [2024-07-25T03:51:31.298+0000] {dag.py:3947} INFO - Setting next_dagrun for example_complex to None, run_after=None
[2024-07-25T03:51:31.309+0000] {processor.py:183} INFO - Processing /home/airflow/.local/lib/python3.12/site-packages/airflow/example_dags/example_complex.py took 0.066 seconds
[2024-07-25T03:52:01.396+0000] {processor.py:161} INFO - Started process (PID=1380) to work on /home/airflow/.local/lib/python3.12/site-packages/airflow/example_dags/example_complex.py
[2024-07-25T03:52:01.398+0000] {processor.py:830} INFO - Processing file /home/airflow/.local/lib/python3.12/site-packages/airflow/example_dags/example_complex.py for tasks to queue
[2024-07-25T03:52:01.400+0000] {logging_mixin.py:188} INFO - [2024-07-25T03:52:01.399+0000] {dagbag.py:545} INFO - Filling up the DagBag from /home/airflow/.local/lib/python3.12/site-packages/airflow/example_dags/example_complex.py
[2024-07-25T03:52:01.410+0000] {processor.py:840} INFO - DAG(s) 'example_complex' retrieved from /home/airflow/.local/lib/python3.12/site-packages/airflow/example_dags/example_complex.py
[2024-07-25T03:52:01.432+0000] {logging_mixin.py:188} INFO - [2024-07-25T03:52:01.431+0000] {dag.py:3089} INFO - Sync 1 DAGs
[2024-07-25T03:52:01.438+0000] {logging_mixin.py:188} INFO - [2024-07-25T03:52:01.438+0000] {dag.py:3947} INFO - Setting next_dagrun for example_complex to None, run_after=None
[2024-07-25T03:52:01.448+0000] {processor.py:183} INFO - Processing /home/airflow/.local/lib/python3.12/site-packages/airflow/example_dags/example_complex.py took 0.060 seconds
[2024-07-25T03:52:31.590+0000] {processor.py:161} INFO - Started process (PID=1438) to work on /home/airflow/.local/lib/python3.12/site-packages/airflow/example_dags/example_complex.py
[2024-07-25T03:52:31.593+0000] {processor.py:830} INFO - Processing file /home/airflow/.local/lib/python3.12/site-packages/airflow/example_dags/example_complex.py for tasks to queue
[2024-07-25T03:52:31.596+0000] {logging_mixin.py:188} INFO - [2024-07-25T03:52:31.595+0000] {dagbag.py:545} INFO - Filling up the DagBag from /home/airflow/.local/lib/python3.12/site-packages/airflow/example_dags/example_complex.py
[2024-07-25T03:52:31.607+0000] {processor.py:840} INFO - DAG(s) 'example_complex' retrieved from /home/airflow/.local/lib/python3.12/site-packages/airflow/example_dags/example_complex.py
[2024-07-25T03:52:31.629+0000] {logging_mixin.py:188} INFO - [2024-07-25T03:52:31.629+0000] {dag.py:3089} INFO - Sync 1 DAGs
[2024-07-25T03:52:31.636+0000] {logging_mixin.py:188} INFO - [2024-07-25T03:52:31.636+0000] {dag.py:3947} INFO - Setting next_dagrun for example_complex to None, run_after=None
[2024-07-25T03:52:31.646+0000] {processor.py:183} INFO - Processing /home/airflow/.local/lib/python3.12/site-packages/airflow/example_dags/example_complex.py took 0.065 seconds
[2024-07-25T04:03:46.385+0000] {processor.py:161} INFO - Started process (PID=47) to work on /home/airflow/.local/lib/python3.12/site-packages/airflow/example_dags/example_complex.py
[2024-07-25T04:03:46.386+0000] {processor.py:830} INFO - Processing file /home/airflow/.local/lib/python3.12/site-packages/airflow/example_dags/example_complex.py for tasks to queue
[2024-07-25T04:03:46.387+0000] {logging_mixin.py:188} INFO - [2024-07-25T04:03:46.387+0000] {dagbag.py:545} INFO - Filling up the DagBag from /home/airflow/.local/lib/python3.12/site-packages/airflow/example_dags/example_complex.py
[2024-07-25T04:03:46.398+0000] {processor.py:840} INFO - DAG(s) 'example_complex' retrieved from /home/airflow/.local/lib/python3.12/site-packages/airflow/example_dags/example_complex.py
[2024-07-25T04:03:46.410+0000] {logging_mixin.py:188} INFO - [2024-07-25T04:03:46.410+0000] {dag.py:3089} INFO - Sync 1 DAGs
[2024-07-25T04:03:46.423+0000] {logging_mixin.py:188} INFO - [2024-07-25T04:03:46.423+0000] {dag.py:3947} INFO - Setting next_dagrun for example_complex to None, run_after=None
[2024-07-25T04:03:46.438+0000] {processor.py:183} INFO - Processing /home/airflow/.local/lib/python3.12/site-packages/airflow/example_dags/example_complex.py took 0.058 seconds
[2024-07-25T04:04:17.453+0000] {processor.py:161} INFO - Started process (PID=105) to work on /home/airflow/.local/lib/python3.12/site-packages/airflow/example_dags/example_complex.py
[2024-07-25T04:04:17.454+0000] {processor.py:830} INFO - Processing file /home/airflow/.local/lib/python3.12/site-packages/airflow/example_dags/example_complex.py for tasks to queue
[2024-07-25T04:04:17.456+0000] {logging_mixin.py:188} INFO - [2024-07-25T04:04:17.456+0000] {dagbag.py:545} INFO - Filling up the DagBag from /home/airflow/.local/lib/python3.12/site-packages/airflow/example_dags/example_complex.py
[2024-07-25T04:04:17.467+0000] {processor.py:840} INFO - DAG(s) 'example_complex' retrieved from /home/airflow/.local/lib/python3.12/site-packages/airflow/example_dags/example_complex.py
[2024-07-25T04:04:17.543+0000] {logging_mixin.py:188} INFO - [2024-07-25T04:04:17.543+0000] {dag.py:3089} INFO - Sync 1 DAGs
[2024-07-25T04:04:17.549+0000] {logging_mixin.py:188} INFO - [2024-07-25T04:04:17.549+0000] {dag.py:3947} INFO - Setting next_dagrun for example_complex to None, run_after=None
[2024-07-25T04:04:17.566+0000] {processor.py:183} INFO - Processing /home/airflow/.local/lib/python3.12/site-packages/airflow/example_dags/example_complex.py took 0.119 seconds
[2024-07-25T04:04:47.895+0000] {processor.py:161} INFO - Started process (PID=163) to work on /home/airflow/.local/lib/python3.12/site-packages/airflow/example_dags/example_complex.py
[2024-07-25T04:04:47.896+0000] {processor.py:830} INFO - Processing file /home/airflow/.local/lib/python3.12/site-packages/airflow/example_dags/example_complex.py for tasks to queue
[2024-07-25T04:04:47.897+0000] {logging_mixin.py:188} INFO - [2024-07-25T04:04:47.897+0000] {dagbag.py:545} INFO - Filling up the DagBag from /home/airflow/.local/lib/python3.12/site-packages/airflow/example_dags/example_complex.py
[2024-07-25T04:04:47.903+0000] {processor.py:840} INFO - DAG(s) 'example_complex' retrieved from /home/airflow/.local/lib/python3.12/site-packages/airflow/example_dags/example_complex.py
[2024-07-25T04:04:47.918+0000] {logging_mixin.py:188} INFO - [2024-07-25T04:04:47.918+0000] {dag.py:3089} INFO - Sync 1 DAGs
[2024-07-25T04:04:47.924+0000] {logging_mixin.py:188} INFO - [2024-07-25T04:04:47.924+0000] {dag.py:3947} INFO - Setting next_dagrun for example_complex to None, run_after=None
[2024-07-25T04:04:47.934+0000] {processor.py:183} INFO - Processing /home/airflow/.local/lib/python3.12/site-packages/airflow/example_dags/example_complex.py took 0.043 seconds
[2024-07-25T04:05:18.005+0000] {processor.py:161} INFO - Started process (PID=221) to work on /home/airflow/.local/lib/python3.12/site-packages/airflow/example_dags/example_complex.py
[2024-07-25T04:05:18.006+0000] {processor.py:830} INFO - Processing file /home/airflow/.local/lib/python3.12/site-packages/airflow/example_dags/example_complex.py for tasks to queue
[2024-07-25T04:05:18.007+0000] {logging_mixin.py:188} INFO - [2024-07-25T04:05:18.007+0000] {dagbag.py:545} INFO - Filling up the DagBag from /home/airflow/.local/lib/python3.12/site-packages/airflow/example_dags/example_complex.py
[2024-07-25T04:05:18.012+0000] {processor.py:840} INFO - DAG(s) 'example_complex' retrieved from /home/airflow/.local/lib/python3.12/site-packages/airflow/example_dags/example_complex.py
[2024-07-25T04:05:18.027+0000] {logging_mixin.py:188} INFO - [2024-07-25T04:05:18.027+0000] {dag.py:3089} INFO - Sync 1 DAGs
[2024-07-25T04:05:18.034+0000] {logging_mixin.py:188} INFO - [2024-07-25T04:05:18.034+0000] {dag.py:3947} INFO - Setting next_dagrun for example_complex to None, run_after=None
[2024-07-25T04:05:18.042+0000] {processor.py:183} INFO - Processing /home/airflow/.local/lib/python3.12/site-packages/airflow/example_dags/example_complex.py took 0.041 seconds
[2024-07-25T04:05:48.273+0000] {processor.py:161} INFO - Started process (PID=279) to work on /home/airflow/.local/lib/python3.12/site-packages/airflow/example_dags/example_complex.py
[2024-07-25T04:05:48.274+0000] {processor.py:830} INFO - Processing file /home/airflow/.local/lib/python3.12/site-packages/airflow/example_dags/example_complex.py for tasks to queue
[2024-07-25T04:05:48.275+0000] {logging_mixin.py:188} INFO - [2024-07-25T04:05:48.275+0000] {dagbag.py:545} INFO - Filling up the DagBag from /home/airflow/.local/lib/python3.12/site-packages/airflow/example_dags/example_complex.py
[2024-07-25T04:05:48.280+0000] {processor.py:840} INFO - DAG(s) 'example_complex' retrieved from /home/airflow/.local/lib/python3.12/site-packages/airflow/example_dags/example_complex.py
[2024-07-25T04:05:48.295+0000] {logging_mixin.py:188} INFO - [2024-07-25T04:05:48.295+0000] {dag.py:3089} INFO - Sync 1 DAGs
[2024-07-25T04:05:48.301+0000] {logging_mixin.py:188} INFO - [2024-07-25T04:05:48.301+0000] {dag.py:3947} INFO - Setting next_dagrun for example_complex to None, run_after=None
[2024-07-25T04:05:48.310+0000] {processor.py:183} INFO - Processing /home/airflow/.local/lib/python3.12/site-packages/airflow/example_dags/example_complex.py took 0.041 seconds
[2024-07-25T04:06:19.295+0000] {processor.py:161} INFO - Started process (PID=337) to work on /home/airflow/.local/lib/python3.12/site-packages/airflow/example_dags/example_complex.py
[2024-07-25T04:06:19.296+0000] {processor.py:830} INFO - Processing file /home/airflow/.local/lib/python3.12/site-packages/airflow/example_dags/example_complex.py for tasks to queue
[2024-07-25T04:06:19.297+0000] {logging_mixin.py:188} INFO - [2024-07-25T04:06:19.297+0000] {dagbag.py:545} INFO - Filling up the DagBag from /home/airflow/.local/lib/python3.12/site-packages/airflow/example_dags/example_complex.py
[2024-07-25T04:06:19.302+0000] {processor.py:840} INFO - DAG(s) 'example_complex' retrieved from /home/airflow/.local/lib/python3.12/site-packages/airflow/example_dags/example_complex.py
[2024-07-25T04:06:19.318+0000] {logging_mixin.py:188} INFO - [2024-07-25T04:06:19.318+0000] {dag.py:3089} INFO - Sync 1 DAGs
[2024-07-25T04:06:19.325+0000] {logging_mixin.py:188} INFO - [2024-07-25T04:06:19.325+0000] {dag.py:3947} INFO - Setting next_dagrun for example_complex to None, run_after=None
[2024-07-25T04:06:19.335+0000] {processor.py:183} INFO - Processing /home/airflow/.local/lib/python3.12/site-packages/airflow/example_dags/example_complex.py took 0.043 seconds
[2024-07-25T04:06:49.769+0000] {processor.py:161} INFO - Started process (PID=395) to work on /home/airflow/.local/lib/python3.12/site-packages/airflow/example_dags/example_complex.py
[2024-07-25T04:06:49.770+0000] {processor.py:830} INFO - Processing file /home/airflow/.local/lib/python3.12/site-packages/airflow/example_dags/example_complex.py for tasks to queue
[2024-07-25T04:06:49.771+0000] {logging_mixin.py:188} INFO - [2024-07-25T04:06:49.771+0000] {dagbag.py:545} INFO - Filling up the DagBag from /home/airflow/.local/lib/python3.12/site-packages/airflow/example_dags/example_complex.py
[2024-07-25T04:06:49.777+0000] {processor.py:840} INFO - DAG(s) 'example_complex' retrieved from /home/airflow/.local/lib/python3.12/site-packages/airflow/example_dags/example_complex.py
[2024-07-25T04:06:49.793+0000] {logging_mixin.py:188} INFO - [2024-07-25T04:06:49.793+0000] {dag.py:3089} INFO - Sync 1 DAGs
[2024-07-25T04:06:49.800+0000] {logging_mixin.py:188} INFO - [2024-07-25T04:06:49.800+0000] {dag.py:3947} INFO - Setting next_dagrun for example_complex to None, run_after=None
[2024-07-25T04:06:49.810+0000] {processor.py:183} INFO - Processing /home/airflow/.local/lib/python3.12/site-packages/airflow/example_dags/example_complex.py took 0.045 seconds
[2024-07-25T04:07:20.079+0000] {processor.py:161} INFO - Started process (PID=453) to work on /home/airflow/.local/lib/python3.12/site-packages/airflow/example_dags/example_complex.py
[2024-07-25T04:07:20.079+0000] {processor.py:830} INFO - Processing file /home/airflow/.local/lib/python3.12/site-packages/airflow/example_dags/example_complex.py for tasks to queue
[2024-07-25T04:07:20.081+0000] {logging_mixin.py:188} INFO - [2024-07-25T04:07:20.080+0000] {dagbag.py:545} INFO - Filling up the DagBag from /home/airflow/.local/lib/python3.12/site-packages/airflow/example_dags/example_complex.py
[2024-07-25T04:07:20.087+0000] {processor.py:840} INFO - DAG(s) 'example_complex' retrieved from /home/airflow/.local/lib/python3.12/site-packages/airflow/example_dags/example_complex.py
[2024-07-25T04:07:20.103+0000] {logging_mixin.py:188} INFO - [2024-07-25T04:07:20.102+0000] {dag.py:3089} INFO - Sync 1 DAGs
[2024-07-25T04:07:20.109+0000] {logging_mixin.py:188} INFO - [2024-07-25T04:07:20.109+0000] {dag.py:3947} INFO - Setting next_dagrun for example_complex to None, run_after=None
[2024-07-25T04:07:20.119+0000] {processor.py:183} INFO - Processing /home/airflow/.local/lib/python3.12/site-packages/airflow/example_dags/example_complex.py took 0.045 seconds
[2024-07-25T04:07:50.180+0000] {processor.py:161} INFO - Started process (PID=510) to work on /home/airflow/.local/lib/python3.12/site-packages/airflow/example_dags/example_complex.py
[2024-07-25T04:07:50.181+0000] {processor.py:830} INFO - Processing file /home/airflow/.local/lib/python3.12/site-packages/airflow/example_dags/example_complex.py for tasks to queue
[2024-07-25T04:07:50.182+0000] {logging_mixin.py:188} INFO - [2024-07-25T04:07:50.182+0000] {dagbag.py:545} INFO - Filling up the DagBag from /home/airflow/.local/lib/python3.12/site-packages/airflow/example_dags/example_complex.py
[2024-07-25T04:07:50.187+0000] {processor.py:840} INFO - DAG(s) 'example_complex' retrieved from /home/airflow/.local/lib/python3.12/site-packages/airflow/example_dags/example_complex.py
[2024-07-25T04:07:50.210+0000] {logging_mixin.py:188} INFO - [2024-07-25T04:07:50.210+0000] {dag.py:3089} INFO - Sync 1 DAGs
[2024-07-25T04:07:50.216+0000] {logging_mixin.py:188} INFO - [2024-07-25T04:07:50.216+0000] {dag.py:3947} INFO - Setting next_dagrun for example_complex to None, run_after=None
[2024-07-25T04:07:50.228+0000] {processor.py:183} INFO - Processing /home/airflow/.local/lib/python3.12/site-packages/airflow/example_dags/example_complex.py took 0.051 seconds
[2024-07-25T04:08:20.338+0000] {processor.py:161} INFO - Started process (PID=568) to work on /home/airflow/.local/lib/python3.12/site-packages/airflow/example_dags/example_complex.py
[2024-07-25T04:08:20.339+0000] {processor.py:830} INFO - Processing file /home/airflow/.local/lib/python3.12/site-packages/airflow/example_dags/example_complex.py for tasks to queue
[2024-07-25T04:08:20.341+0000] {logging_mixin.py:188} INFO - [2024-07-25T04:08:20.341+0000] {dagbag.py:545} INFO - Filling up the DagBag from /home/airflow/.local/lib/python3.12/site-packages/airflow/example_dags/example_complex.py
[2024-07-25T04:08:20.349+0000] {processor.py:840} INFO - DAG(s) 'example_complex' retrieved from /home/airflow/.local/lib/python3.12/site-packages/airflow/example_dags/example_complex.py
[2024-07-25T04:08:20.367+0000] {logging_mixin.py:188} INFO - [2024-07-25T04:08:20.367+0000] {dag.py:3089} INFO - Sync 1 DAGs
[2024-07-25T04:08:20.374+0000] {logging_mixin.py:188} INFO - [2024-07-25T04:08:20.374+0000] {dag.py:3947} INFO - Setting next_dagrun for example_complex to None, run_after=None
[2024-07-25T04:08:20.384+0000] {processor.py:183} INFO - Processing /home/airflow/.local/lib/python3.12/site-packages/airflow/example_dags/example_complex.py took 0.050 seconds
[2024-07-25T04:08:50.425+0000] {processor.py:161} INFO - Started process (PID=626) to work on /home/airflow/.local/lib/python3.12/site-packages/airflow/example_dags/example_complex.py
[2024-07-25T04:08:50.425+0000] {processor.py:830} INFO - Processing file /home/airflow/.local/lib/python3.12/site-packages/airflow/example_dags/example_complex.py for tasks to queue
[2024-07-25T04:08:50.427+0000] {logging_mixin.py:188} INFO - [2024-07-25T04:08:50.427+0000] {dagbag.py:545} INFO - Filling up the DagBag from /home/airflow/.local/lib/python3.12/site-packages/airflow/example_dags/example_complex.py
[2024-07-25T04:08:50.432+0000] {processor.py:840} INFO - DAG(s) 'example_complex' retrieved from /home/airflow/.local/lib/python3.12/site-packages/airflow/example_dags/example_complex.py
[2024-07-25T04:08:50.449+0000] {logging_mixin.py:188} INFO - [2024-07-25T04:08:50.448+0000] {dag.py:3089} INFO - Sync 1 DAGs
[2024-07-25T04:08:50.456+0000] {logging_mixin.py:188} INFO - [2024-07-25T04:08:50.456+0000] {dag.py:3947} INFO - Setting next_dagrun for example_complex to None, run_after=None
[2024-07-25T04:08:50.466+0000] {processor.py:183} INFO - Processing /home/airflow/.local/lib/python3.12/site-packages/airflow/example_dags/example_complex.py took 0.045 seconds
[2024-07-25T04:09:20.919+0000] {processor.py:161} INFO - Started process (PID=685) to work on /home/airflow/.local/lib/python3.12/site-packages/airflow/example_dags/example_complex.py
[2024-07-25T04:09:20.921+0000] {processor.py:830} INFO - Processing file /home/airflow/.local/lib/python3.12/site-packages/airflow/example_dags/example_complex.py for tasks to queue
[2024-07-25T04:09:20.923+0000] {logging_mixin.py:188} INFO - [2024-07-25T04:09:20.922+0000] {dagbag.py:545} INFO - Filling up the DagBag from /home/airflow/.local/lib/python3.12/site-packages/airflow/example_dags/example_complex.py
[2024-07-25T04:09:20.931+0000] {processor.py:840} INFO - DAG(s) 'example_complex' retrieved from /home/airflow/.local/lib/python3.12/site-packages/airflow/example_dags/example_complex.py
[2024-07-25T04:09:20.948+0000] {logging_mixin.py:188} INFO - [2024-07-25T04:09:20.948+0000] {dag.py:3089} INFO - Sync 1 DAGs
[2024-07-25T04:09:20.955+0000] {logging_mixin.py:188} INFO - [2024-07-25T04:09:20.955+0000] {dag.py:3947} INFO - Setting next_dagrun for example_complex to None, run_after=None
[2024-07-25T04:09:20.966+0000] {processor.py:183} INFO - Processing /home/airflow/.local/lib/python3.12/site-packages/airflow/example_dags/example_complex.py took 0.052 seconds
[2024-07-25T04:09:51.145+0000] {processor.py:161} INFO - Started process (PID=743) to work on /home/airflow/.local/lib/python3.12/site-packages/airflow/example_dags/example_complex.py
[2024-07-25T04:09:51.146+0000] {processor.py:830} INFO - Processing file /home/airflow/.local/lib/python3.12/site-packages/airflow/example_dags/example_complex.py for tasks to queue
[2024-07-25T04:09:51.148+0000] {logging_mixin.py:188} INFO - [2024-07-25T04:09:51.147+0000] {dagbag.py:545} INFO - Filling up the DagBag from /home/airflow/.local/lib/python3.12/site-packages/airflow/example_dags/example_complex.py
[2024-07-25T04:09:51.155+0000] {processor.py:840} INFO - DAG(s) 'example_complex' retrieved from /home/airflow/.local/lib/python3.12/site-packages/airflow/example_dags/example_complex.py
[2024-07-25T04:09:51.174+0000] {logging_mixin.py:188} INFO - [2024-07-25T04:09:51.174+0000] {dag.py:3089} INFO - Sync 1 DAGs
[2024-07-25T04:09:51.181+0000] {logging_mixin.py:188} INFO - [2024-07-25T04:09:51.181+0000] {dag.py:3947} INFO - Setting next_dagrun for example_complex to None, run_after=None
[2024-07-25T04:09:51.190+0000] {processor.py:183} INFO - Processing /home/airflow/.local/lib/python3.12/site-packages/airflow/example_dags/example_complex.py took 0.052 seconds
[2024-07-25T04:10:21.806+0000] {processor.py:161} INFO - Started process (PID=801) to work on /home/airflow/.local/lib/python3.12/site-packages/airflow/example_dags/example_complex.py
[2024-07-25T04:10:21.807+0000] {processor.py:830} INFO - Processing file /home/airflow/.local/lib/python3.12/site-packages/airflow/example_dags/example_complex.py for tasks to queue
[2024-07-25T04:10:21.810+0000] {logging_mixin.py:188} INFO - [2024-07-25T04:10:21.809+0000] {dagbag.py:545} INFO - Filling up the DagBag from /home/airflow/.local/lib/python3.12/site-packages/airflow/example_dags/example_complex.py
[2024-07-25T04:10:21.819+0000] {processor.py:840} INFO - DAG(s) 'example_complex' retrieved from /home/airflow/.local/lib/python3.12/site-packages/airflow/example_dags/example_complex.py
[2024-07-25T04:10:21.838+0000] {logging_mixin.py:188} INFO - [2024-07-25T04:10:21.838+0000] {dag.py:3089} INFO - Sync 1 DAGs
[2024-07-25T04:10:21.845+0000] {logging_mixin.py:188} INFO - [2024-07-25T04:10:21.845+0000] {dag.py:3947} INFO - Setting next_dagrun for example_complex to None, run_after=None
[2024-07-25T04:10:21.856+0000] {processor.py:183} INFO - Processing /home/airflow/.local/lib/python3.12/site-packages/airflow/example_dags/example_complex.py took 0.058 seconds
[2024-07-25T04:10:52.031+0000] {processor.py:161} INFO - Started process (PID=859) to work on /home/airflow/.local/lib/python3.12/site-packages/airflow/example_dags/example_complex.py
[2024-07-25T04:10:52.032+0000] {processor.py:830} INFO - Processing file /home/airflow/.local/lib/python3.12/site-packages/airflow/example_dags/example_complex.py for tasks to queue
[2024-07-25T04:10:52.035+0000] {logging_mixin.py:188} INFO - [2024-07-25T04:10:52.034+0000] {dagbag.py:545} INFO - Filling up the DagBag from /home/airflow/.local/lib/python3.12/site-packages/airflow/example_dags/example_complex.py
[2024-07-25T04:10:52.044+0000] {processor.py:840} INFO - DAG(s) 'example_complex' retrieved from /home/airflow/.local/lib/python3.12/site-packages/airflow/example_dags/example_complex.py
[2024-07-25T04:10:52.062+0000] {logging_mixin.py:188} INFO - [2024-07-25T04:10:52.062+0000] {dag.py:3089} INFO - Sync 1 DAGs
[2024-07-25T04:10:52.069+0000] {logging_mixin.py:188} INFO - [2024-07-25T04:10:52.069+0000] {dag.py:3947} INFO - Setting next_dagrun for example_complex to None, run_after=None
[2024-07-25T04:10:52.079+0000] {processor.py:183} INFO - Processing /home/airflow/.local/lib/python3.12/site-packages/airflow/example_dags/example_complex.py took 0.056 seconds
[2024-07-25T04:11:22.229+0000] {processor.py:161} INFO - Started process (PID=917) to work on /home/airflow/.local/lib/python3.12/site-packages/airflow/example_dags/example_complex.py
[2024-07-25T04:11:22.230+0000] {processor.py:830} INFO - Processing file /home/airflow/.local/lib/python3.12/site-packages/airflow/example_dags/example_complex.py for tasks to queue
[2024-07-25T04:11:22.232+0000] {logging_mixin.py:188} INFO - [2024-07-25T04:11:22.232+0000] {dagbag.py:545} INFO - Filling up the DagBag from /home/airflow/.local/lib/python3.12/site-packages/airflow/example_dags/example_complex.py
[2024-07-25T04:11:22.242+0000] {processor.py:840} INFO - DAG(s) 'example_complex' retrieved from /home/airflow/.local/lib/python3.12/site-packages/airflow/example_dags/example_complex.py
[2024-07-25T04:11:22.261+0000] {logging_mixin.py:188} INFO - [2024-07-25T04:11:22.261+0000] {dag.py:3089} INFO - Sync 1 DAGs
[2024-07-25T04:11:22.269+0000] {logging_mixin.py:188} INFO - [2024-07-25T04:11:22.268+0000] {dag.py:3947} INFO - Setting next_dagrun for example_complex to None, run_after=None
[2024-07-25T04:11:22.278+0000] {processor.py:183} INFO - Processing /home/airflow/.local/lib/python3.12/site-packages/airflow/example_dags/example_complex.py took 0.056 seconds
[2024-07-25T04:11:52.378+0000] {processor.py:161} INFO - Started process (PID=975) to work on /home/airflow/.local/lib/python3.12/site-packages/airflow/example_dags/example_complex.py
[2024-07-25T04:11:52.381+0000] {processor.py:830} INFO - Processing file /home/airflow/.local/lib/python3.12/site-packages/airflow/example_dags/example_complex.py for tasks to queue
[2024-07-25T04:11:52.383+0000] {logging_mixin.py:188} INFO - [2024-07-25T04:11:52.383+0000] {dagbag.py:545} INFO - Filling up the DagBag from /home/airflow/.local/lib/python3.12/site-packages/airflow/example_dags/example_complex.py
[2024-07-25T04:11:52.395+0000] {processor.py:840} INFO - DAG(s) 'example_complex' retrieved from /home/airflow/.local/lib/python3.12/site-packages/airflow/example_dags/example_complex.py
[2024-07-25T04:11:52.426+0000] {logging_mixin.py:188} INFO - [2024-07-25T04:11:52.426+0000] {dag.py:3089} INFO - Sync 1 DAGs
[2024-07-25T04:11:52.436+0000] {logging_mixin.py:188} INFO - [2024-07-25T04:11:52.436+0000] {dag.py:3947} INFO - Setting next_dagrun for example_complex to None, run_after=None
[2024-07-25T04:11:52.467+0000] {processor.py:183} INFO - Processing /home/airflow/.local/lib/python3.12/site-packages/airflow/example_dags/example_complex.py took 0.097 seconds
