[2024-07-25T03:40:24.860+0000] {processor.py:161} INFO - Started process (PID=59) to work on /home/airflow/.local/lib/python3.12/site-packages/airflow/example_dags/example_external_task_marker_dag.py
[2024-07-25T03:40:24.861+0000] {processor.py:830} INFO - Processing file /home/airflow/.local/lib/python3.12/site-packages/airflow/example_dags/example_external_task_marker_dag.py for tasks to queue
[2024-07-25T03:40:24.863+0000] {logging_mixin.py:188} INFO - [2024-07-25T03:40:24.863+0000] {dagbag.py:545} INFO - Filling up the DagBag from /home/airflow/.local/lib/python3.12/site-packages/airflow/example_dags/example_external_task_marker_dag.py
[2024-07-25T03:40:24.871+0000] {processor.py:840} INFO - DAG(s) 'example_external_task_marker_parent', 'example_external_task_marker_child' retrieved from /home/airflow/.local/lib/python3.12/site-packages/airflow/example_dags/example_external_task_marker_dag.py
[2024-07-25T03:40:24.884+0000] {logging_mixin.py:188} INFO - [2024-07-25T03:40:24.884+0000] {dag.py:3089} INFO - Sync 2 DAGs
[2024-07-25T03:40:24.892+0000] {logging_mixin.py:188} INFO - [2024-07-25T03:40:24.892+0000] {dag.py:3947} INFO - Setting next_dagrun for example_external_task_marker_child to None, run_after=None
[2024-07-25T03:40:24.895+0000] {logging_mixin.py:188} INFO - [2024-07-25T03:40:24.894+0000] {dag.py:3947} INFO - Setting next_dagrun for example_external_task_marker_parent to None, run_after=None
[2024-07-25T03:40:24.904+0000] {processor.py:183} INFO - Processing /home/airflow/.local/lib/python3.12/site-packages/airflow/example_dags/example_external_task_marker_dag.py took 0.051 seconds
[2024-07-25T03:40:55.846+0000] {processor.py:161} INFO - Started process (PID=117) to work on /home/airflow/.local/lib/python3.12/site-packages/airflow/example_dags/example_external_task_marker_dag.py
[2024-07-25T03:40:55.846+0000] {processor.py:830} INFO - Processing file /home/airflow/.local/lib/python3.12/site-packages/airflow/example_dags/example_external_task_marker_dag.py for tasks to queue
[2024-07-25T03:40:55.847+0000] {logging_mixin.py:188} INFO - [2024-07-25T03:40:55.847+0000] {dagbag.py:545} INFO - Filling up the DagBag from /home/airflow/.local/lib/python3.12/site-packages/airflow/example_dags/example_external_task_marker_dag.py
[2024-07-25T03:40:55.851+0000] {processor.py:840} INFO - DAG(s) 'example_external_task_marker_child', 'example_external_task_marker_parent' retrieved from /home/airflow/.local/lib/python3.12/site-packages/airflow/example_dags/example_external_task_marker_dag.py
[2024-07-25T03:40:55.909+0000] {logging_mixin.py:188} INFO - [2024-07-25T03:40:55.909+0000] {dag.py:3089} INFO - Sync 2 DAGs
[2024-07-25T03:40:55.916+0000] {logging_mixin.py:188} INFO - [2024-07-25T03:40:55.915+0000] {dag.py:3947} INFO - Setting next_dagrun for example_external_task_marker_child to None, run_after=None
[2024-07-25T03:40:55.917+0000] {logging_mixin.py:188} INFO - [2024-07-25T03:40:55.917+0000] {dag.py:3947} INFO - Setting next_dagrun for example_external_task_marker_parent to None, run_after=None
[2024-07-25T03:40:55.925+0000] {processor.py:183} INFO - Processing /home/airflow/.local/lib/python3.12/site-packages/airflow/example_dags/example_external_task_marker_dag.py took 0.083 seconds
[2024-07-25T03:41:25.967+0000] {processor.py:161} INFO - Started process (PID=175) to work on /home/airflow/.local/lib/python3.12/site-packages/airflow/example_dags/example_external_task_marker_dag.py
[2024-07-25T03:41:25.968+0000] {processor.py:830} INFO - Processing file /home/airflow/.local/lib/python3.12/site-packages/airflow/example_dags/example_external_task_marker_dag.py for tasks to queue
[2024-07-25T03:41:25.969+0000] {logging_mixin.py:188} INFO - [2024-07-25T03:41:25.969+0000] {dagbag.py:545} INFO - Filling up the DagBag from /home/airflow/.local/lib/python3.12/site-packages/airflow/example_dags/example_external_task_marker_dag.py
[2024-07-25T03:41:25.974+0000] {processor.py:840} INFO - DAG(s) 'example_external_task_marker_parent', 'example_external_task_marker_child' retrieved from /home/airflow/.local/lib/python3.12/site-packages/airflow/example_dags/example_external_task_marker_dag.py
[2024-07-25T03:41:25.991+0000] {logging_mixin.py:188} INFO - [2024-07-25T03:41:25.991+0000] {dag.py:3089} INFO - Sync 2 DAGs
[2024-07-25T03:41:26.003+0000] {logging_mixin.py:188} INFO - [2024-07-25T03:41:26.003+0000] {dag.py:3947} INFO - Setting next_dagrun for example_external_task_marker_child to None, run_after=None
[2024-07-25T03:41:26.005+0000] {logging_mixin.py:188} INFO - [2024-07-25T03:41:26.005+0000] {dag.py:3947} INFO - Setting next_dagrun for example_external_task_marker_parent to None, run_after=None
[2024-07-25T03:41:26.014+0000] {processor.py:183} INFO - Processing /home/airflow/.local/lib/python3.12/site-packages/airflow/example_dags/example_external_task_marker_dag.py took 0.050 seconds
[2024-07-25T03:41:56.043+0000] {processor.py:161} INFO - Started process (PID=233) to work on /home/airflow/.local/lib/python3.12/site-packages/airflow/example_dags/example_external_task_marker_dag.py
[2024-07-25T03:41:56.044+0000] {processor.py:830} INFO - Processing file /home/airflow/.local/lib/python3.12/site-packages/airflow/example_dags/example_external_task_marker_dag.py for tasks to queue
[2024-07-25T03:41:56.045+0000] {logging_mixin.py:188} INFO - [2024-07-25T03:41:56.045+0000] {dagbag.py:545} INFO - Filling up the DagBag from /home/airflow/.local/lib/python3.12/site-packages/airflow/example_dags/example_external_task_marker_dag.py
[2024-07-25T03:41:56.050+0000] {processor.py:840} INFO - DAG(s) 'example_external_task_marker_child', 'example_external_task_marker_parent' retrieved from /home/airflow/.local/lib/python3.12/site-packages/airflow/example_dags/example_external_task_marker_dag.py
[2024-07-25T03:41:56.064+0000] {logging_mixin.py:188} INFO - [2024-07-25T03:41:56.064+0000] {dag.py:3089} INFO - Sync 2 DAGs
[2024-07-25T03:41:56.071+0000] {logging_mixin.py:188} INFO - [2024-07-25T03:41:56.071+0000] {dag.py:3947} INFO - Setting next_dagrun for example_external_task_marker_child to None, run_after=None
[2024-07-25T03:41:56.073+0000] {logging_mixin.py:188} INFO - [2024-07-25T03:41:56.073+0000] {dag.py:3947} INFO - Setting next_dagrun for example_external_task_marker_parent to None, run_after=None
[2024-07-25T03:41:56.082+0000] {processor.py:183} INFO - Processing /home/airflow/.local/lib/python3.12/site-packages/airflow/example_dags/example_external_task_marker_dag.py took 0.042 seconds
[2024-07-25T03:42:27.046+0000] {processor.py:161} INFO - Started process (PID=291) to work on /home/airflow/.local/lib/python3.12/site-packages/airflow/example_dags/example_external_task_marker_dag.py
[2024-07-25T03:42:27.047+0000] {processor.py:830} INFO - Processing file /home/airflow/.local/lib/python3.12/site-packages/airflow/example_dags/example_external_task_marker_dag.py for tasks to queue
[2024-07-25T03:42:27.049+0000] {logging_mixin.py:188} INFO - [2024-07-25T03:42:27.049+0000] {dagbag.py:545} INFO - Filling up the DagBag from /home/airflow/.local/lib/python3.12/site-packages/airflow/example_dags/example_external_task_marker_dag.py
[2024-07-25T03:42:27.054+0000] {processor.py:840} INFO - DAG(s) 'example_external_task_marker_child', 'example_external_task_marker_parent' retrieved from /home/airflow/.local/lib/python3.12/site-packages/airflow/example_dags/example_external_task_marker_dag.py
[2024-07-25T03:42:27.070+0000] {logging_mixin.py:188} INFO - [2024-07-25T03:42:27.069+0000] {dag.py:3089} INFO - Sync 2 DAGs
[2024-07-25T03:42:27.077+0000] {logging_mixin.py:188} INFO - [2024-07-25T03:42:27.077+0000] {dag.py:3947} INFO - Setting next_dagrun for example_external_task_marker_child to None, run_after=None
[2024-07-25T03:42:27.080+0000] {logging_mixin.py:188} INFO - [2024-07-25T03:42:27.080+0000] {dag.py:3947} INFO - Setting next_dagrun for example_external_task_marker_parent to None, run_after=None
[2024-07-25T03:42:27.090+0000] {processor.py:183} INFO - Processing /home/airflow/.local/lib/python3.12/site-packages/airflow/example_dags/example_external_task_marker_dag.py took 0.047 seconds
[2024-07-25T03:42:57.349+0000] {processor.py:161} INFO - Started process (PID=349) to work on /home/airflow/.local/lib/python3.12/site-packages/airflow/example_dags/example_external_task_marker_dag.py
[2024-07-25T03:42:57.350+0000] {processor.py:830} INFO - Processing file /home/airflow/.local/lib/python3.12/site-packages/airflow/example_dags/example_external_task_marker_dag.py for tasks to queue
[2024-07-25T03:42:57.351+0000] {logging_mixin.py:188} INFO - [2024-07-25T03:42:57.351+0000] {dagbag.py:545} INFO - Filling up the DagBag from /home/airflow/.local/lib/python3.12/site-packages/airflow/example_dags/example_external_task_marker_dag.py
[2024-07-25T03:42:57.355+0000] {processor.py:840} INFO - DAG(s) 'example_external_task_marker_child', 'example_external_task_marker_parent' retrieved from /home/airflow/.local/lib/python3.12/site-packages/airflow/example_dags/example_external_task_marker_dag.py
[2024-07-25T03:42:57.368+0000] {logging_mixin.py:188} INFO - [2024-07-25T03:42:57.368+0000] {dag.py:3089} INFO - Sync 2 DAGs
[2024-07-25T03:42:57.375+0000] {logging_mixin.py:188} INFO - [2024-07-25T03:42:57.375+0000] {dag.py:3947} INFO - Setting next_dagrun for example_external_task_marker_child to None, run_after=None
[2024-07-25T03:42:57.377+0000] {logging_mixin.py:188} INFO - [2024-07-25T03:42:57.377+0000] {dag.py:3947} INFO - Setting next_dagrun for example_external_task_marker_parent to None, run_after=None
[2024-07-25T03:42:57.384+0000] {processor.py:183} INFO - Processing /home/airflow/.local/lib/python3.12/site-packages/airflow/example_dags/example_external_task_marker_dag.py took 0.039 seconds
[2024-07-25T03:43:27.628+0000] {processor.py:161} INFO - Started process (PID=407) to work on /home/airflow/.local/lib/python3.12/site-packages/airflow/example_dags/example_external_task_marker_dag.py
[2024-07-25T03:43:27.629+0000] {processor.py:830} INFO - Processing file /home/airflow/.local/lib/python3.12/site-packages/airflow/example_dags/example_external_task_marker_dag.py for tasks to queue
[2024-07-25T03:43:27.630+0000] {logging_mixin.py:188} INFO - [2024-07-25T03:43:27.630+0000] {dagbag.py:545} INFO - Filling up the DagBag from /home/airflow/.local/lib/python3.12/site-packages/airflow/example_dags/example_external_task_marker_dag.py
[2024-07-25T03:43:27.634+0000] {processor.py:840} INFO - DAG(s) 'example_external_task_marker_parent', 'example_external_task_marker_child' retrieved from /home/airflow/.local/lib/python3.12/site-packages/airflow/example_dags/example_external_task_marker_dag.py
[2024-07-25T03:43:27.647+0000] {logging_mixin.py:188} INFO - [2024-07-25T03:43:27.646+0000] {dag.py:3089} INFO - Sync 2 DAGs
[2024-07-25T03:43:27.653+0000] {logging_mixin.py:188} INFO - [2024-07-25T03:43:27.653+0000] {dag.py:3947} INFO - Setting next_dagrun for example_external_task_marker_child to None, run_after=None
[2024-07-25T03:43:27.655+0000] {logging_mixin.py:188} INFO - [2024-07-25T03:43:27.655+0000] {dag.py:3947} INFO - Setting next_dagrun for example_external_task_marker_parent to None, run_after=None
[2024-07-25T03:43:27.663+0000] {processor.py:183} INFO - Processing /home/airflow/.local/lib/python3.12/site-packages/airflow/example_dags/example_external_task_marker_dag.py took 0.038 seconds
[2024-07-25T03:43:57.939+0000] {processor.py:161} INFO - Started process (PID=465) to work on /home/airflow/.local/lib/python3.12/site-packages/airflow/example_dags/example_external_task_marker_dag.py
[2024-07-25T03:43:57.940+0000] {processor.py:830} INFO - Processing file /home/airflow/.local/lib/python3.12/site-packages/airflow/example_dags/example_external_task_marker_dag.py for tasks to queue
[2024-07-25T03:43:57.941+0000] {logging_mixin.py:188} INFO - [2024-07-25T03:43:57.941+0000] {dagbag.py:545} INFO - Filling up the DagBag from /home/airflow/.local/lib/python3.12/site-packages/airflow/example_dags/example_external_task_marker_dag.py
[2024-07-25T03:43:57.944+0000] {processor.py:840} INFO - DAG(s) 'example_external_task_marker_child', 'example_external_task_marker_parent' retrieved from /home/airflow/.local/lib/python3.12/site-packages/airflow/example_dags/example_external_task_marker_dag.py
[2024-07-25T03:43:57.958+0000] {logging_mixin.py:188} INFO - [2024-07-25T03:43:57.958+0000] {dag.py:3089} INFO - Sync 2 DAGs
[2024-07-25T03:43:57.965+0000] {logging_mixin.py:188} INFO - [2024-07-25T03:43:57.965+0000] {dag.py:3947} INFO - Setting next_dagrun for example_external_task_marker_child to None, run_after=None
[2024-07-25T03:43:57.967+0000] {logging_mixin.py:188} INFO - [2024-07-25T03:43:57.967+0000] {dag.py:3947} INFO - Setting next_dagrun for example_external_task_marker_parent to None, run_after=None
[2024-07-25T03:43:57.976+0000] {processor.py:183} INFO - Processing /home/airflow/.local/lib/python3.12/site-packages/airflow/example_dags/example_external_task_marker_dag.py took 0.041 seconds
[2024-07-25T03:44:28.295+0000] {processor.py:161} INFO - Started process (PID=523) to work on /home/airflow/.local/lib/python3.12/site-packages/airflow/example_dags/example_external_task_marker_dag.py
[2024-07-25T03:44:28.296+0000] {processor.py:830} INFO - Processing file /home/airflow/.local/lib/python3.12/site-packages/airflow/example_dags/example_external_task_marker_dag.py for tasks to queue
[2024-07-25T03:44:28.297+0000] {logging_mixin.py:188} INFO - [2024-07-25T03:44:28.297+0000] {dagbag.py:545} INFO - Filling up the DagBag from /home/airflow/.local/lib/python3.12/site-packages/airflow/example_dags/example_external_task_marker_dag.py
[2024-07-25T03:44:28.302+0000] {processor.py:840} INFO - DAG(s) 'example_external_task_marker_child', 'example_external_task_marker_parent' retrieved from /home/airflow/.local/lib/python3.12/site-packages/airflow/example_dags/example_external_task_marker_dag.py
[2024-07-25T03:44:28.319+0000] {logging_mixin.py:188} INFO - [2024-07-25T03:44:28.318+0000] {dag.py:3089} INFO - Sync 2 DAGs
[2024-07-25T03:44:28.329+0000] {logging_mixin.py:188} INFO - [2024-07-25T03:44:28.328+0000] {dag.py:3947} INFO - Setting next_dagrun for example_external_task_marker_child to None, run_after=None
[2024-07-25T03:44:28.331+0000] {logging_mixin.py:188} INFO - [2024-07-25T03:44:28.331+0000] {dag.py:3947} INFO - Setting next_dagrun for example_external_task_marker_parent to None, run_after=None
[2024-07-25T03:44:28.340+0000] {processor.py:183} INFO - Processing /home/airflow/.local/lib/python3.12/site-packages/airflow/example_dags/example_external_task_marker_dag.py took 0.049 seconds
[2024-07-25T03:44:58.412+0000] {processor.py:161} INFO - Started process (PID=581) to work on /home/airflow/.local/lib/python3.12/site-packages/airflow/example_dags/example_external_task_marker_dag.py
[2024-07-25T03:44:58.413+0000] {processor.py:830} INFO - Processing file /home/airflow/.local/lib/python3.12/site-packages/airflow/example_dags/example_external_task_marker_dag.py for tasks to queue
[2024-07-25T03:44:58.414+0000] {logging_mixin.py:188} INFO - [2024-07-25T03:44:58.414+0000] {dagbag.py:545} INFO - Filling up the DagBag from /home/airflow/.local/lib/python3.12/site-packages/airflow/example_dags/example_external_task_marker_dag.py
[2024-07-25T03:44:58.418+0000] {processor.py:840} INFO - DAG(s) 'example_external_task_marker_child', 'example_external_task_marker_parent' retrieved from /home/airflow/.local/lib/python3.12/site-packages/airflow/example_dags/example_external_task_marker_dag.py
[2024-07-25T03:44:58.432+0000] {logging_mixin.py:188} INFO - [2024-07-25T03:44:58.431+0000] {dag.py:3089} INFO - Sync 2 DAGs
[2024-07-25T03:44:58.439+0000] {logging_mixin.py:188} INFO - [2024-07-25T03:44:58.439+0000] {dag.py:3947} INFO - Setting next_dagrun for example_external_task_marker_child to None, run_after=None
[2024-07-25T03:44:58.441+0000] {logging_mixin.py:188} INFO - [2024-07-25T03:44:58.441+0000] {dag.py:3947} INFO - Setting next_dagrun for example_external_task_marker_parent to None, run_after=None
[2024-07-25T03:44:58.451+0000] {processor.py:183} INFO - Processing /home/airflow/.local/lib/python3.12/site-packages/airflow/example_dags/example_external_task_marker_dag.py took 0.042 seconds
[2024-07-25T03:45:28.718+0000] {processor.py:161} INFO - Started process (PID=639) to work on /home/airflow/.local/lib/python3.12/site-packages/airflow/example_dags/example_external_task_marker_dag.py
[2024-07-25T03:45:28.719+0000] {processor.py:830} INFO - Processing file /home/airflow/.local/lib/python3.12/site-packages/airflow/example_dags/example_external_task_marker_dag.py for tasks to queue
[2024-07-25T03:45:28.720+0000] {logging_mixin.py:188} INFO - [2024-07-25T03:45:28.720+0000] {dagbag.py:545} INFO - Filling up the DagBag from /home/airflow/.local/lib/python3.12/site-packages/airflow/example_dags/example_external_task_marker_dag.py
[2024-07-25T03:45:28.724+0000] {processor.py:840} INFO - DAG(s) 'example_external_task_marker_parent', 'example_external_task_marker_child' retrieved from /home/airflow/.local/lib/python3.12/site-packages/airflow/example_dags/example_external_task_marker_dag.py
[2024-07-25T03:45:28.738+0000] {logging_mixin.py:188} INFO - [2024-07-25T03:45:28.738+0000] {dag.py:3089} INFO - Sync 2 DAGs
[2024-07-25T03:45:28.745+0000] {logging_mixin.py:188} INFO - [2024-07-25T03:45:28.745+0000] {dag.py:3947} INFO - Setting next_dagrun for example_external_task_marker_child to None, run_after=None
[2024-07-25T03:45:28.747+0000] {logging_mixin.py:188} INFO - [2024-07-25T03:45:28.747+0000] {dag.py:3947} INFO - Setting next_dagrun for example_external_task_marker_parent to None, run_after=None
[2024-07-25T03:45:28.755+0000] {processor.py:183} INFO - Processing /home/airflow/.local/lib/python3.12/site-packages/airflow/example_dags/example_external_task_marker_dag.py took 0.040 seconds
[2024-07-25T03:45:58.995+0000] {processor.py:161} INFO - Started process (PID=697) to work on /home/airflow/.local/lib/python3.12/site-packages/airflow/example_dags/example_external_task_marker_dag.py
[2024-07-25T03:45:58.996+0000] {processor.py:830} INFO - Processing file /home/airflow/.local/lib/python3.12/site-packages/airflow/example_dags/example_external_task_marker_dag.py for tasks to queue
[2024-07-25T03:45:58.997+0000] {logging_mixin.py:188} INFO - [2024-07-25T03:45:58.997+0000] {dagbag.py:545} INFO - Filling up the DagBag from /home/airflow/.local/lib/python3.12/site-packages/airflow/example_dags/example_external_task_marker_dag.py
[2024-07-25T03:45:59.001+0000] {processor.py:840} INFO - DAG(s) 'example_external_task_marker_child', 'example_external_task_marker_parent' retrieved from /home/airflow/.local/lib/python3.12/site-packages/airflow/example_dags/example_external_task_marker_dag.py
[2024-07-25T03:45:59.013+0000] {logging_mixin.py:188} INFO - [2024-07-25T03:45:59.013+0000] {dag.py:3089} INFO - Sync 2 DAGs
[2024-07-25T03:45:59.019+0000] {logging_mixin.py:188} INFO - [2024-07-25T03:45:59.019+0000] {dag.py:3947} INFO - Setting next_dagrun for example_external_task_marker_child to None, run_after=None
[2024-07-25T03:45:59.021+0000] {logging_mixin.py:188} INFO - [2024-07-25T03:45:59.021+0000] {dag.py:3947} INFO - Setting next_dagrun for example_external_task_marker_parent to None, run_after=None
[2024-07-25T03:45:59.029+0000] {processor.py:183} INFO - Processing /home/airflow/.local/lib/python3.12/site-packages/airflow/example_dags/example_external_task_marker_dag.py took 0.038 seconds
[2024-07-25T03:46:29.203+0000] {processor.py:161} INFO - Started process (PID=755) to work on /home/airflow/.local/lib/python3.12/site-packages/airflow/example_dags/example_external_task_marker_dag.py
[2024-07-25T03:46:29.204+0000] {processor.py:830} INFO - Processing file /home/airflow/.local/lib/python3.12/site-packages/airflow/example_dags/example_external_task_marker_dag.py for tasks to queue
[2024-07-25T03:46:29.205+0000] {logging_mixin.py:188} INFO - [2024-07-25T03:46:29.205+0000] {dagbag.py:545} INFO - Filling up the DagBag from /home/airflow/.local/lib/python3.12/site-packages/airflow/example_dags/example_external_task_marker_dag.py
[2024-07-25T03:46:29.209+0000] {processor.py:840} INFO - DAG(s) 'example_external_task_marker_child', 'example_external_task_marker_parent' retrieved from /home/airflow/.local/lib/python3.12/site-packages/airflow/example_dags/example_external_task_marker_dag.py
[2024-07-25T03:46:29.223+0000] {logging_mixin.py:188} INFO - [2024-07-25T03:46:29.222+0000] {dag.py:3089} INFO - Sync 2 DAGs
[2024-07-25T03:46:29.229+0000] {logging_mixin.py:188} INFO - [2024-07-25T03:46:29.229+0000] {dag.py:3947} INFO - Setting next_dagrun for example_external_task_marker_child to None, run_after=None
[2024-07-25T03:46:29.231+0000] {logging_mixin.py:188} INFO - [2024-07-25T03:46:29.231+0000] {dag.py:3947} INFO - Setting next_dagrun for example_external_task_marker_parent to None, run_after=None
[2024-07-25T03:46:29.239+0000] {processor.py:183} INFO - Processing /home/airflow/.local/lib/python3.12/site-packages/airflow/example_dags/example_external_task_marker_dag.py took 0.039 seconds
[2024-07-25T03:46:59.700+0000] {processor.py:161} INFO - Started process (PID=813) to work on /home/airflow/.local/lib/python3.12/site-packages/airflow/example_dags/example_external_task_marker_dag.py
[2024-07-25T03:46:59.700+0000] {processor.py:830} INFO - Processing file /home/airflow/.local/lib/python3.12/site-packages/airflow/example_dags/example_external_task_marker_dag.py for tasks to queue
[2024-07-25T03:46:59.702+0000] {logging_mixin.py:188} INFO - [2024-07-25T03:46:59.701+0000] {dagbag.py:545} INFO - Filling up the DagBag from /home/airflow/.local/lib/python3.12/site-packages/airflow/example_dags/example_external_task_marker_dag.py
[2024-07-25T03:46:59.706+0000] {processor.py:840} INFO - DAG(s) 'example_external_task_marker_parent', 'example_external_task_marker_child' retrieved from /home/airflow/.local/lib/python3.12/site-packages/airflow/example_dags/example_external_task_marker_dag.py
[2024-07-25T03:46:59.720+0000] {logging_mixin.py:188} INFO - [2024-07-25T03:46:59.720+0000] {dag.py:3089} INFO - Sync 2 DAGs
[2024-07-25T03:46:59.727+0000] {logging_mixin.py:188} INFO - [2024-07-25T03:46:59.727+0000] {dag.py:3947} INFO - Setting next_dagrun for example_external_task_marker_child to None, run_after=None
[2024-07-25T03:46:59.729+0000] {logging_mixin.py:188} INFO - [2024-07-25T03:46:59.729+0000] {dag.py:3947} INFO - Setting next_dagrun for example_external_task_marker_parent to None, run_after=None
[2024-07-25T03:46:59.738+0000] {processor.py:183} INFO - Processing /home/airflow/.local/lib/python3.12/site-packages/airflow/example_dags/example_external_task_marker_dag.py took 0.042 seconds
[2024-07-25T03:47:29.881+0000] {processor.py:161} INFO - Started process (PID=871) to work on /home/airflow/.local/lib/python3.12/site-packages/airflow/example_dags/example_external_task_marker_dag.py
[2024-07-25T03:47:29.882+0000] {processor.py:830} INFO - Processing file /home/airflow/.local/lib/python3.12/site-packages/airflow/example_dags/example_external_task_marker_dag.py for tasks to queue
[2024-07-25T03:47:29.883+0000] {logging_mixin.py:188} INFO - [2024-07-25T03:47:29.883+0000] {dagbag.py:545} INFO - Filling up the DagBag from /home/airflow/.local/lib/python3.12/site-packages/airflow/example_dags/example_external_task_marker_dag.py
[2024-07-25T03:47:29.887+0000] {processor.py:840} INFO - DAG(s) 'example_external_task_marker_child', 'example_external_task_marker_parent' retrieved from /home/airflow/.local/lib/python3.12/site-packages/airflow/example_dags/example_external_task_marker_dag.py
[2024-07-25T03:47:29.902+0000] {logging_mixin.py:188} INFO - [2024-07-25T03:47:29.902+0000] {dag.py:3089} INFO - Sync 2 DAGs
[2024-07-25T03:47:29.911+0000] {logging_mixin.py:188} INFO - [2024-07-25T03:47:29.911+0000] {dag.py:3947} INFO - Setting next_dagrun for example_external_task_marker_child to None, run_after=None
[2024-07-25T03:47:29.914+0000] {logging_mixin.py:188} INFO - [2024-07-25T03:47:29.913+0000] {dag.py:3947} INFO - Setting next_dagrun for example_external_task_marker_parent to None, run_after=None
[2024-07-25T03:47:29.923+0000] {processor.py:183} INFO - Processing /home/airflow/.local/lib/python3.12/site-packages/airflow/example_dags/example_external_task_marker_dag.py took 0.045 seconds
[2024-07-25T03:48:01.026+0000] {processor.py:161} INFO - Started process (PID=929) to work on /home/airflow/.local/lib/python3.12/site-packages/airflow/example_dags/example_external_task_marker_dag.py
[2024-07-25T03:48:01.027+0000] {processor.py:830} INFO - Processing file /home/airflow/.local/lib/python3.12/site-packages/airflow/example_dags/example_external_task_marker_dag.py for tasks to queue
[2024-07-25T03:48:01.028+0000] {logging_mixin.py:188} INFO - [2024-07-25T03:48:01.028+0000] {dagbag.py:545} INFO - Filling up the DagBag from /home/airflow/.local/lib/python3.12/site-packages/airflow/example_dags/example_external_task_marker_dag.py
[2024-07-25T03:48:01.032+0000] {processor.py:840} INFO - DAG(s) 'example_external_task_marker_child', 'example_external_task_marker_parent' retrieved from /home/airflow/.local/lib/python3.12/site-packages/airflow/example_dags/example_external_task_marker_dag.py
[2024-07-25T03:48:01.046+0000] {logging_mixin.py:188} INFO - [2024-07-25T03:48:01.046+0000] {dag.py:3089} INFO - Sync 2 DAGs
[2024-07-25T03:48:01.053+0000] {logging_mixin.py:188} INFO - [2024-07-25T03:48:01.053+0000] {dag.py:3947} INFO - Setting next_dagrun for example_external_task_marker_child to None, run_after=None
[2024-07-25T03:48:01.055+0000] {logging_mixin.py:188} INFO - [2024-07-25T03:48:01.055+0000] {dag.py:3947} INFO - Setting next_dagrun for example_external_task_marker_parent to None, run_after=None
[2024-07-25T03:48:01.064+0000] {processor.py:183} INFO - Processing /home/airflow/.local/lib/python3.12/site-packages/airflow/example_dags/example_external_task_marker_dag.py took 0.042 seconds
[2024-07-25T03:48:31.305+0000] {processor.py:161} INFO - Started process (PID=987) to work on /home/airflow/.local/lib/python3.12/site-packages/airflow/example_dags/example_external_task_marker_dag.py
[2024-07-25T03:48:31.306+0000] {processor.py:830} INFO - Processing file /home/airflow/.local/lib/python3.12/site-packages/airflow/example_dags/example_external_task_marker_dag.py for tasks to queue
[2024-07-25T03:48:31.308+0000] {logging_mixin.py:188} INFO - [2024-07-25T03:48:31.307+0000] {dagbag.py:545} INFO - Filling up the DagBag from /home/airflow/.local/lib/python3.12/site-packages/airflow/example_dags/example_external_task_marker_dag.py
[2024-07-25T03:48:31.312+0000] {processor.py:840} INFO - DAG(s) 'example_external_task_marker_child', 'example_external_task_marker_parent' retrieved from /home/airflow/.local/lib/python3.12/site-packages/airflow/example_dags/example_external_task_marker_dag.py
[2024-07-25T03:48:31.326+0000] {logging_mixin.py:188} INFO - [2024-07-25T03:48:31.326+0000] {dag.py:3089} INFO - Sync 2 DAGs
[2024-07-25T03:48:31.332+0000] {logging_mixin.py:188} INFO - [2024-07-25T03:48:31.332+0000] {dag.py:3947} INFO - Setting next_dagrun for example_external_task_marker_child to None, run_after=None
[2024-07-25T03:48:31.334+0000] {logging_mixin.py:188} INFO - [2024-07-25T03:48:31.334+0000] {dag.py:3947} INFO - Setting next_dagrun for example_external_task_marker_parent to None, run_after=None
[2024-07-25T03:48:31.342+0000] {processor.py:183} INFO - Processing /home/airflow/.local/lib/python3.12/site-packages/airflow/example_dags/example_external_task_marker_dag.py took 0.041 seconds
[2024-07-25T03:49:01.667+0000] {processor.py:161} INFO - Started process (PID=1045) to work on /home/airflow/.local/lib/python3.12/site-packages/airflow/example_dags/example_external_task_marker_dag.py
[2024-07-25T03:49:01.668+0000] {processor.py:830} INFO - Processing file /home/airflow/.local/lib/python3.12/site-packages/airflow/example_dags/example_external_task_marker_dag.py for tasks to queue
[2024-07-25T03:49:01.669+0000] {logging_mixin.py:188} INFO - [2024-07-25T03:49:01.669+0000] {dagbag.py:545} INFO - Filling up the DagBag from /home/airflow/.local/lib/python3.12/site-packages/airflow/example_dags/example_external_task_marker_dag.py
[2024-07-25T03:49:01.673+0000] {processor.py:840} INFO - DAG(s) 'example_external_task_marker_child', 'example_external_task_marker_parent' retrieved from /home/airflow/.local/lib/python3.12/site-packages/airflow/example_dags/example_external_task_marker_dag.py
[2024-07-25T03:49:01.686+0000] {logging_mixin.py:188} INFO - [2024-07-25T03:49:01.686+0000] {dag.py:3089} INFO - Sync 2 DAGs
[2024-07-25T03:49:01.694+0000] {logging_mixin.py:188} INFO - [2024-07-25T03:49:01.694+0000] {dag.py:3947} INFO - Setting next_dagrun for example_external_task_marker_child to None, run_after=None
[2024-07-25T03:49:01.697+0000] {logging_mixin.py:188} INFO - [2024-07-25T03:49:01.697+0000] {dag.py:3947} INFO - Setting next_dagrun for example_external_task_marker_parent to None, run_after=None
[2024-07-25T03:49:01.705+0000] {processor.py:183} INFO - Processing /home/airflow/.local/lib/python3.12/site-packages/airflow/example_dags/example_external_task_marker_dag.py took 0.043 seconds
[2024-07-25T03:49:31.959+0000] {processor.py:161} INFO - Started process (PID=1103) to work on /home/airflow/.local/lib/python3.12/site-packages/airflow/example_dags/example_external_task_marker_dag.py
[2024-07-25T03:49:31.960+0000] {processor.py:830} INFO - Processing file /home/airflow/.local/lib/python3.12/site-packages/airflow/example_dags/example_external_task_marker_dag.py for tasks to queue
[2024-07-25T03:49:31.962+0000] {logging_mixin.py:188} INFO - [2024-07-25T03:49:31.961+0000] {dagbag.py:545} INFO - Filling up the DagBag from /home/airflow/.local/lib/python3.12/site-packages/airflow/example_dags/example_external_task_marker_dag.py
[2024-07-25T03:49:31.966+0000] {processor.py:840} INFO - DAG(s) 'example_external_task_marker_child', 'example_external_task_marker_parent' retrieved from /home/airflow/.local/lib/python3.12/site-packages/airflow/example_dags/example_external_task_marker_dag.py
[2024-07-25T03:49:31.979+0000] {logging_mixin.py:188} INFO - [2024-07-25T03:49:31.978+0000] {dag.py:3089} INFO - Sync 2 DAGs
[2024-07-25T03:49:31.986+0000] {logging_mixin.py:188} INFO - [2024-07-25T03:49:31.985+0000] {dag.py:3947} INFO - Setting next_dagrun for example_external_task_marker_child to None, run_after=None
[2024-07-25T03:49:31.987+0000] {logging_mixin.py:188} INFO - [2024-07-25T03:49:31.987+0000] {dag.py:3947} INFO - Setting next_dagrun for example_external_task_marker_parent to None, run_after=None
[2024-07-25T03:49:31.995+0000] {processor.py:183} INFO - Processing /home/airflow/.local/lib/python3.12/site-packages/airflow/example_dags/example_external_task_marker_dag.py took 0.040 seconds
[2024-07-25T03:50:02.238+0000] {processor.py:161} INFO - Started process (PID=1161) to work on /home/airflow/.local/lib/python3.12/site-packages/airflow/example_dags/example_external_task_marker_dag.py
[2024-07-25T03:50:02.239+0000] {processor.py:830} INFO - Processing file /home/airflow/.local/lib/python3.12/site-packages/airflow/example_dags/example_external_task_marker_dag.py for tasks to queue
[2024-07-25T03:50:02.241+0000] {logging_mixin.py:188} INFO - [2024-07-25T03:50:02.240+0000] {dagbag.py:545} INFO - Filling up the DagBag from /home/airflow/.local/lib/python3.12/site-packages/airflow/example_dags/example_external_task_marker_dag.py
[2024-07-25T03:50:02.244+0000] {processor.py:840} INFO - DAG(s) 'example_external_task_marker_child', 'example_external_task_marker_parent' retrieved from /home/airflow/.local/lib/python3.12/site-packages/airflow/example_dags/example_external_task_marker_dag.py
[2024-07-25T03:50:02.258+0000] {logging_mixin.py:188} INFO - [2024-07-25T03:50:02.257+0000] {dag.py:3089} INFO - Sync 2 DAGs
[2024-07-25T03:50:02.264+0000] {logging_mixin.py:188} INFO - [2024-07-25T03:50:02.264+0000] {dag.py:3947} INFO - Setting next_dagrun for example_external_task_marker_child to None, run_after=None
[2024-07-25T03:50:02.266+0000] {logging_mixin.py:188} INFO - [2024-07-25T03:50:02.266+0000] {dag.py:3947} INFO - Setting next_dagrun for example_external_task_marker_parent to None, run_after=None
[2024-07-25T03:50:02.274+0000] {processor.py:183} INFO - Processing /home/airflow/.local/lib/python3.12/site-packages/airflow/example_dags/example_external_task_marker_dag.py took 0.039 seconds
[2024-07-25T03:50:32.559+0000] {processor.py:161} INFO - Started process (PID=1219) to work on /home/airflow/.local/lib/python3.12/site-packages/airflow/example_dags/example_external_task_marker_dag.py
[2024-07-25T03:50:32.559+0000] {processor.py:830} INFO - Processing file /home/airflow/.local/lib/python3.12/site-packages/airflow/example_dags/example_external_task_marker_dag.py for tasks to queue
[2024-07-25T03:50:32.561+0000] {logging_mixin.py:188} INFO - [2024-07-25T03:50:32.561+0000] {dagbag.py:545} INFO - Filling up the DagBag from /home/airflow/.local/lib/python3.12/site-packages/airflow/example_dags/example_external_task_marker_dag.py
[2024-07-25T03:50:32.565+0000] {processor.py:840} INFO - DAG(s) 'example_external_task_marker_child', 'example_external_task_marker_parent' retrieved from /home/airflow/.local/lib/python3.12/site-packages/airflow/example_dags/example_external_task_marker_dag.py
[2024-07-25T03:50:32.579+0000] {logging_mixin.py:188} INFO - [2024-07-25T03:50:32.579+0000] {dag.py:3089} INFO - Sync 2 DAGs
[2024-07-25T03:50:32.587+0000] {logging_mixin.py:188} INFO - [2024-07-25T03:50:32.587+0000] {dag.py:3947} INFO - Setting next_dagrun for example_external_task_marker_child to None, run_after=None
[2024-07-25T03:50:32.589+0000] {logging_mixin.py:188} INFO - [2024-07-25T03:50:32.589+0000] {dag.py:3947} INFO - Setting next_dagrun for example_external_task_marker_parent to None, run_after=None
[2024-07-25T03:50:32.599+0000] {processor.py:183} INFO - Processing /home/airflow/.local/lib/python3.12/site-packages/airflow/example_dags/example_external_task_marker_dag.py took 0.044 seconds
[2024-07-25T03:51:03.619+0000] {processor.py:161} INFO - Started process (PID=1277) to work on /home/airflow/.local/lib/python3.12/site-packages/airflow/example_dags/example_external_task_marker_dag.py
[2024-07-25T03:51:03.620+0000] {processor.py:830} INFO - Processing file /home/airflow/.local/lib/python3.12/site-packages/airflow/example_dags/example_external_task_marker_dag.py for tasks to queue
[2024-07-25T03:51:03.621+0000] {logging_mixin.py:188} INFO - [2024-07-25T03:51:03.621+0000] {dagbag.py:545} INFO - Filling up the DagBag from /home/airflow/.local/lib/python3.12/site-packages/airflow/example_dags/example_external_task_marker_dag.py
[2024-07-25T03:51:03.625+0000] {processor.py:840} INFO - DAG(s) 'example_external_task_marker_child', 'example_external_task_marker_parent' retrieved from /home/airflow/.local/lib/python3.12/site-packages/airflow/example_dags/example_external_task_marker_dag.py
[2024-07-25T03:51:03.637+0000] {logging_mixin.py:188} INFO - [2024-07-25T03:51:03.637+0000] {dag.py:3089} INFO - Sync 2 DAGs
[2024-07-25T03:51:03.645+0000] {logging_mixin.py:188} INFO - [2024-07-25T03:51:03.645+0000] {dag.py:3947} INFO - Setting next_dagrun for example_external_task_marker_child to None, run_after=None
[2024-07-25T03:51:03.647+0000] {logging_mixin.py:188} INFO - [2024-07-25T03:51:03.647+0000] {dag.py:3947} INFO - Setting next_dagrun for example_external_task_marker_parent to None, run_after=None
[2024-07-25T03:51:03.660+0000] {processor.py:183} INFO - Processing /home/airflow/.local/lib/python3.12/site-packages/airflow/example_dags/example_external_task_marker_dag.py took 0.044 seconds
[2024-07-25T03:51:33.706+0000] {processor.py:161} INFO - Started process (PID=1334) to work on /home/airflow/.local/lib/python3.12/site-packages/airflow/example_dags/example_external_task_marker_dag.py
[2024-07-25T03:51:33.707+0000] {processor.py:830} INFO - Processing file /home/airflow/.local/lib/python3.12/site-packages/airflow/example_dags/example_external_task_marker_dag.py for tasks to queue
[2024-07-25T03:51:33.709+0000] {logging_mixin.py:188} INFO - [2024-07-25T03:51:33.709+0000] {dagbag.py:545} INFO - Filling up the DagBag from /home/airflow/.local/lib/python3.12/site-packages/airflow/example_dags/example_external_task_marker_dag.py
[2024-07-25T03:51:33.713+0000] {processor.py:840} INFO - DAG(s) 'example_external_task_marker_child', 'example_external_task_marker_parent' retrieved from /home/airflow/.local/lib/python3.12/site-packages/airflow/example_dags/example_external_task_marker_dag.py
[2024-07-25T03:51:33.728+0000] {logging_mixin.py:188} INFO - [2024-07-25T03:51:33.727+0000] {dag.py:3089} INFO - Sync 2 DAGs
[2024-07-25T03:51:33.734+0000] {logging_mixin.py:188} INFO - [2024-07-25T03:51:33.734+0000] {dag.py:3947} INFO - Setting next_dagrun for example_external_task_marker_child to None, run_after=None
[2024-07-25T03:51:33.736+0000] {logging_mixin.py:188} INFO - [2024-07-25T03:51:33.736+0000] {dag.py:3947} INFO - Setting next_dagrun for example_external_task_marker_parent to None, run_after=None
[2024-07-25T03:51:33.744+0000] {processor.py:183} INFO - Processing /home/airflow/.local/lib/python3.12/site-packages/airflow/example_dags/example_external_task_marker_dag.py took 0.043 seconds
[2024-07-25T03:52:03.813+0000] {processor.py:161} INFO - Started process (PID=1392) to work on /home/airflow/.local/lib/python3.12/site-packages/airflow/example_dags/example_external_task_marker_dag.py
[2024-07-25T03:52:03.814+0000] {processor.py:830} INFO - Processing file /home/airflow/.local/lib/python3.12/site-packages/airflow/example_dags/example_external_task_marker_dag.py for tasks to queue
[2024-07-25T03:52:03.817+0000] {logging_mixin.py:188} INFO - [2024-07-25T03:52:03.816+0000] {dagbag.py:545} INFO - Filling up the DagBag from /home/airflow/.local/lib/python3.12/site-packages/airflow/example_dags/example_external_task_marker_dag.py
[2024-07-25T03:52:03.823+0000] {processor.py:840} INFO - DAG(s) 'example_external_task_marker_parent', 'example_external_task_marker_child' retrieved from /home/airflow/.local/lib/python3.12/site-packages/airflow/example_dags/example_external_task_marker_dag.py
[2024-07-25T03:52:03.842+0000] {logging_mixin.py:188} INFO - [2024-07-25T03:52:03.842+0000] {dag.py:3089} INFO - Sync 2 DAGs
[2024-07-25T03:52:03.849+0000] {logging_mixin.py:188} INFO - [2024-07-25T03:52:03.849+0000] {dag.py:3947} INFO - Setting next_dagrun for example_external_task_marker_child to None, run_after=None
[2024-07-25T03:52:03.852+0000] {logging_mixin.py:188} INFO - [2024-07-25T03:52:03.852+0000] {dag.py:3947} INFO - Setting next_dagrun for example_external_task_marker_parent to None, run_after=None
[2024-07-25T03:52:03.861+0000] {processor.py:183} INFO - Processing /home/airflow/.local/lib/python3.12/site-packages/airflow/example_dags/example_external_task_marker_dag.py took 0.055 seconds
[2024-07-25T03:52:33.992+0000] {processor.py:161} INFO - Started process (PID=1450) to work on /home/airflow/.local/lib/python3.12/site-packages/airflow/example_dags/example_external_task_marker_dag.py
[2024-07-25T03:52:33.994+0000] {processor.py:830} INFO - Processing file /home/airflow/.local/lib/python3.12/site-packages/airflow/example_dags/example_external_task_marker_dag.py for tasks to queue
[2024-07-25T03:52:33.996+0000] {logging_mixin.py:188} INFO - [2024-07-25T03:52:33.995+0000] {dagbag.py:545} INFO - Filling up the DagBag from /home/airflow/.local/lib/python3.12/site-packages/airflow/example_dags/example_external_task_marker_dag.py
[2024-07-25T03:52:34.002+0000] {processor.py:840} INFO - DAG(s) 'example_external_task_marker_parent', 'example_external_task_marker_child' retrieved from /home/airflow/.local/lib/python3.12/site-packages/airflow/example_dags/example_external_task_marker_dag.py
[2024-07-25T03:52:34.019+0000] {logging_mixin.py:188} INFO - [2024-07-25T03:52:34.018+0000] {dag.py:3089} INFO - Sync 2 DAGs
[2024-07-25T03:52:34.026+0000] {logging_mixin.py:188} INFO - [2024-07-25T03:52:34.026+0000] {dag.py:3947} INFO - Setting next_dagrun for example_external_task_marker_child to None, run_after=None
[2024-07-25T03:52:34.028+0000] {logging_mixin.py:188} INFO - [2024-07-25T03:52:34.028+0000] {dag.py:3947} INFO - Setting next_dagrun for example_external_task_marker_parent to None, run_after=None
[2024-07-25T03:52:34.037+0000] {processor.py:183} INFO - Processing /home/airflow/.local/lib/python3.12/site-packages/airflow/example_dags/example_external_task_marker_dag.py took 0.052 seconds
[2024-07-25T04:03:46.985+0000] {processor.py:161} INFO - Started process (PID=59) to work on /home/airflow/.local/lib/python3.12/site-packages/airflow/example_dags/example_external_task_marker_dag.py
[2024-07-25T04:03:46.986+0000] {processor.py:830} INFO - Processing file /home/airflow/.local/lib/python3.12/site-packages/airflow/example_dags/example_external_task_marker_dag.py for tasks to queue
[2024-07-25T04:03:46.988+0000] {logging_mixin.py:188} INFO - [2024-07-25T04:03:46.988+0000] {dagbag.py:545} INFO - Filling up the DagBag from /home/airflow/.local/lib/python3.12/site-packages/airflow/example_dags/example_external_task_marker_dag.py
[2024-07-25T04:03:46.996+0000] {processor.py:840} INFO - DAG(s) 'example_external_task_marker_parent', 'example_external_task_marker_child' retrieved from /home/airflow/.local/lib/python3.12/site-packages/airflow/example_dags/example_external_task_marker_dag.py
[2024-07-25T04:03:47.009+0000] {logging_mixin.py:188} INFO - [2024-07-25T04:03:47.009+0000] {dag.py:3089} INFO - Sync 2 DAGs
[2024-07-25T04:03:47.021+0000] {logging_mixin.py:188} INFO - [2024-07-25T04:03:47.021+0000] {dag.py:3947} INFO - Setting next_dagrun for example_external_task_marker_child to None, run_after=None
[2024-07-25T04:03:47.025+0000] {logging_mixin.py:188} INFO - [2024-07-25T04:03:47.025+0000] {dag.py:3947} INFO - Setting next_dagrun for example_external_task_marker_parent to None, run_after=None
[2024-07-25T04:03:47.039+0000] {processor.py:183} INFO - Processing /home/airflow/.local/lib/python3.12/site-packages/airflow/example_dags/example_external_task_marker_dag.py took 0.061 seconds
[2024-07-25T04:04:18.553+0000] {processor.py:161} INFO - Started process (PID=117) to work on /home/airflow/.local/lib/python3.12/site-packages/airflow/example_dags/example_external_task_marker_dag.py
[2024-07-25T04:04:18.554+0000] {processor.py:830} INFO - Processing file /home/airflow/.local/lib/python3.12/site-packages/airflow/example_dags/example_external_task_marker_dag.py for tasks to queue
[2024-07-25T04:04:18.557+0000] {logging_mixin.py:188} INFO - [2024-07-25T04:04:18.556+0000] {dagbag.py:545} INFO - Filling up the DagBag from /home/airflow/.local/lib/python3.12/site-packages/airflow/example_dags/example_external_task_marker_dag.py
[2024-07-25T04:04:18.566+0000] {processor.py:840} INFO - DAG(s) 'example_external_task_marker_parent', 'example_external_task_marker_child' retrieved from /home/airflow/.local/lib/python3.12/site-packages/airflow/example_dags/example_external_task_marker_dag.py
[2024-07-25T04:04:18.646+0000] {logging_mixin.py:188} INFO - [2024-07-25T04:04:18.646+0000] {dag.py:3089} INFO - Sync 2 DAGs
[2024-07-25T04:04:18.659+0000] {logging_mixin.py:188} INFO - [2024-07-25T04:04:18.659+0000] {dag.py:3947} INFO - Setting next_dagrun for example_external_task_marker_child to None, run_after=None
[2024-07-25T04:04:18.662+0000] {logging_mixin.py:188} INFO - [2024-07-25T04:04:18.661+0000] {dag.py:3947} INFO - Setting next_dagrun for example_external_task_marker_parent to None, run_after=None
[2024-07-25T04:04:18.718+0000] {processor.py:183} INFO - Processing /home/airflow/.local/lib/python3.12/site-packages/airflow/example_dags/example_external_task_marker_dag.py took 0.172 seconds
[2024-07-25T04:04:49.350+0000] {processor.py:161} INFO - Started process (PID=175) to work on /home/airflow/.local/lib/python3.12/site-packages/airflow/example_dags/example_external_task_marker_dag.py
[2024-07-25T04:04:49.352+0000] {processor.py:830} INFO - Processing file /home/airflow/.local/lib/python3.12/site-packages/airflow/example_dags/example_external_task_marker_dag.py for tasks to queue
[2024-07-25T04:04:49.353+0000] {logging_mixin.py:188} INFO - [2024-07-25T04:04:49.353+0000] {dagbag.py:545} INFO - Filling up the DagBag from /home/airflow/.local/lib/python3.12/site-packages/airflow/example_dags/example_external_task_marker_dag.py
[2024-07-25T04:04:49.358+0000] {processor.py:840} INFO - DAG(s) 'example_external_task_marker_child', 'example_external_task_marker_parent' retrieved from /home/airflow/.local/lib/python3.12/site-packages/airflow/example_dags/example_external_task_marker_dag.py
[2024-07-25T04:04:49.372+0000] {logging_mixin.py:188} INFO - [2024-07-25T04:04:49.372+0000] {dag.py:3089} INFO - Sync 2 DAGs
[2024-07-25T04:04:49.379+0000] {logging_mixin.py:188} INFO - [2024-07-25T04:04:49.379+0000] {dag.py:3947} INFO - Setting next_dagrun for example_external_task_marker_child to None, run_after=None
[2024-07-25T04:04:49.382+0000] {logging_mixin.py:188} INFO - [2024-07-25T04:04:49.381+0000] {dag.py:3947} INFO - Setting next_dagrun for example_external_task_marker_parent to None, run_after=None
[2024-07-25T04:04:49.390+0000] {processor.py:183} INFO - Processing /home/airflow/.local/lib/python3.12/site-packages/airflow/example_dags/example_external_task_marker_dag.py took 0.044 seconds
[2024-07-25T04:05:19.474+0000] {processor.py:161} INFO - Started process (PID=233) to work on /home/airflow/.local/lib/python3.12/site-packages/airflow/example_dags/example_external_task_marker_dag.py
[2024-07-25T04:05:19.475+0000] {processor.py:830} INFO - Processing file /home/airflow/.local/lib/python3.12/site-packages/airflow/example_dags/example_external_task_marker_dag.py for tasks to queue
[2024-07-25T04:05:19.476+0000] {logging_mixin.py:188} INFO - [2024-07-25T04:05:19.476+0000] {dagbag.py:545} INFO - Filling up the DagBag from /home/airflow/.local/lib/python3.12/site-packages/airflow/example_dags/example_external_task_marker_dag.py
[2024-07-25T04:05:19.479+0000] {processor.py:840} INFO - DAG(s) 'example_external_task_marker_child', 'example_external_task_marker_parent' retrieved from /home/airflow/.local/lib/python3.12/site-packages/airflow/example_dags/example_external_task_marker_dag.py
[2024-07-25T04:05:19.492+0000] {logging_mixin.py:188} INFO - [2024-07-25T04:05:19.492+0000] {dag.py:3089} INFO - Sync 2 DAGs
[2024-07-25T04:05:19.498+0000] {logging_mixin.py:188} INFO - [2024-07-25T04:05:19.498+0000] {dag.py:3947} INFO - Setting next_dagrun for example_external_task_marker_child to None, run_after=None
[2024-07-25T04:05:19.500+0000] {logging_mixin.py:188} INFO - [2024-07-25T04:05:19.500+0000] {dag.py:3947} INFO - Setting next_dagrun for example_external_task_marker_parent to None, run_after=None
[2024-07-25T04:05:19.509+0000] {processor.py:183} INFO - Processing /home/airflow/.local/lib/python3.12/site-packages/airflow/example_dags/example_external_task_marker_dag.py took 0.038 seconds
[2024-07-25T04:05:49.718+0000] {processor.py:161} INFO - Started process (PID=291) to work on /home/airflow/.local/lib/python3.12/site-packages/airflow/example_dags/example_external_task_marker_dag.py
[2024-07-25T04:05:49.719+0000] {processor.py:830} INFO - Processing file /home/airflow/.local/lib/python3.12/site-packages/airflow/example_dags/example_external_task_marker_dag.py for tasks to queue
[2024-07-25T04:05:49.720+0000] {logging_mixin.py:188} INFO - [2024-07-25T04:05:49.720+0000] {dagbag.py:545} INFO - Filling up the DagBag from /home/airflow/.local/lib/python3.12/site-packages/airflow/example_dags/example_external_task_marker_dag.py
[2024-07-25T04:05:49.723+0000] {processor.py:840} INFO - DAG(s) 'example_external_task_marker_parent', 'example_external_task_marker_child' retrieved from /home/airflow/.local/lib/python3.12/site-packages/airflow/example_dags/example_external_task_marker_dag.py
[2024-07-25T04:05:49.736+0000] {logging_mixin.py:188} INFO - [2024-07-25T04:05:49.736+0000] {dag.py:3089} INFO - Sync 2 DAGs
[2024-07-25T04:05:49.742+0000] {logging_mixin.py:188} INFO - [2024-07-25T04:05:49.742+0000] {dag.py:3947} INFO - Setting next_dagrun for example_external_task_marker_child to None, run_after=None
[2024-07-25T04:05:49.744+0000] {logging_mixin.py:188} INFO - [2024-07-25T04:05:49.744+0000] {dag.py:3947} INFO - Setting next_dagrun for example_external_task_marker_parent to None, run_after=None
[2024-07-25T04:05:49.753+0000] {processor.py:183} INFO - Processing /home/airflow/.local/lib/python3.12/site-packages/airflow/example_dags/example_external_task_marker_dag.py took 0.038 seconds
[2024-07-25T04:06:20.712+0000] {processor.py:161} INFO - Started process (PID=349) to work on /home/airflow/.local/lib/python3.12/site-packages/airflow/example_dags/example_external_task_marker_dag.py
[2024-07-25T04:06:20.712+0000] {processor.py:830} INFO - Processing file /home/airflow/.local/lib/python3.12/site-packages/airflow/example_dags/example_external_task_marker_dag.py for tasks to queue
[2024-07-25T04:06:20.713+0000] {logging_mixin.py:188} INFO - [2024-07-25T04:06:20.713+0000] {dagbag.py:545} INFO - Filling up the DagBag from /home/airflow/.local/lib/python3.12/site-packages/airflow/example_dags/example_external_task_marker_dag.py
[2024-07-25T04:06:20.717+0000] {processor.py:840} INFO - DAG(s) 'example_external_task_marker_parent', 'example_external_task_marker_child' retrieved from /home/airflow/.local/lib/python3.12/site-packages/airflow/example_dags/example_external_task_marker_dag.py
[2024-07-25T04:06:20.729+0000] {logging_mixin.py:188} INFO - [2024-07-25T04:06:20.729+0000] {dag.py:3089} INFO - Sync 2 DAGs
[2024-07-25T04:06:20.736+0000] {logging_mixin.py:188} INFO - [2024-07-25T04:06:20.736+0000] {dag.py:3947} INFO - Setting next_dagrun for example_external_task_marker_child to None, run_after=None
[2024-07-25T04:06:20.738+0000] {logging_mixin.py:188} INFO - [2024-07-25T04:06:20.738+0000] {dag.py:3947} INFO - Setting next_dagrun for example_external_task_marker_parent to None, run_after=None
[2024-07-25T04:06:20.746+0000] {processor.py:183} INFO - Processing /home/airflow/.local/lib/python3.12/site-packages/airflow/example_dags/example_external_task_marker_dag.py took 0.038 seconds
[2024-07-25T04:06:51.188+0000] {processor.py:161} INFO - Started process (PID=407) to work on /home/airflow/.local/lib/python3.12/site-packages/airflow/example_dags/example_external_task_marker_dag.py
[2024-07-25T04:06:51.189+0000] {processor.py:830} INFO - Processing file /home/airflow/.local/lib/python3.12/site-packages/airflow/example_dags/example_external_task_marker_dag.py for tasks to queue
[2024-07-25T04:06:51.191+0000] {logging_mixin.py:188} INFO - [2024-07-25T04:06:51.191+0000] {dagbag.py:545} INFO - Filling up the DagBag from /home/airflow/.local/lib/python3.12/site-packages/airflow/example_dags/example_external_task_marker_dag.py
[2024-07-25T04:06:51.195+0000] {processor.py:840} INFO - DAG(s) 'example_external_task_marker_child', 'example_external_task_marker_parent' retrieved from /home/airflow/.local/lib/python3.12/site-packages/airflow/example_dags/example_external_task_marker_dag.py
[2024-07-25T04:06:51.208+0000] {logging_mixin.py:188} INFO - [2024-07-25T04:06:51.208+0000] {dag.py:3089} INFO - Sync 2 DAGs
[2024-07-25T04:06:51.215+0000] {logging_mixin.py:188} INFO - [2024-07-25T04:06:51.215+0000] {dag.py:3947} INFO - Setting next_dagrun for example_external_task_marker_child to None, run_after=None
[2024-07-25T04:06:51.218+0000] {logging_mixin.py:188} INFO - [2024-07-25T04:06:51.217+0000] {dag.py:3947} INFO - Setting next_dagrun for example_external_task_marker_parent to None, run_after=None
[2024-07-25T04:06:51.226+0000] {processor.py:183} INFO - Processing /home/airflow/.local/lib/python3.12/site-packages/airflow/example_dags/example_external_task_marker_dag.py took 0.042 seconds
[2024-07-25T04:07:21.593+0000] {processor.py:161} INFO - Started process (PID=465) to work on /home/airflow/.local/lib/python3.12/site-packages/airflow/example_dags/example_external_task_marker_dag.py
[2024-07-25T04:07:21.593+0000] {processor.py:830} INFO - Processing file /home/airflow/.local/lib/python3.12/site-packages/airflow/example_dags/example_external_task_marker_dag.py for tasks to queue
[2024-07-25T04:07:21.595+0000] {logging_mixin.py:188} INFO - [2024-07-25T04:07:21.594+0000] {dagbag.py:545} INFO - Filling up the DagBag from /home/airflow/.local/lib/python3.12/site-packages/airflow/example_dags/example_external_task_marker_dag.py
[2024-07-25T04:07:21.599+0000] {processor.py:840} INFO - DAG(s) 'example_external_task_marker_parent', 'example_external_task_marker_child' retrieved from /home/airflow/.local/lib/python3.12/site-packages/airflow/example_dags/example_external_task_marker_dag.py
[2024-07-25T04:07:21.612+0000] {logging_mixin.py:188} INFO - [2024-07-25T04:07:21.612+0000] {dag.py:3089} INFO - Sync 2 DAGs
[2024-07-25T04:07:21.619+0000] {logging_mixin.py:188} INFO - [2024-07-25T04:07:21.619+0000] {dag.py:3947} INFO - Setting next_dagrun for example_external_task_marker_child to None, run_after=None
[2024-07-25T04:07:21.621+0000] {logging_mixin.py:188} INFO - [2024-07-25T04:07:21.621+0000] {dag.py:3947} INFO - Setting next_dagrun for example_external_task_marker_parent to None, run_after=None
[2024-07-25T04:07:21.630+0000] {processor.py:183} INFO - Processing /home/airflow/.local/lib/python3.12/site-packages/airflow/example_dags/example_external_task_marker_dag.py took 0.041 seconds
[2024-07-25T04:07:51.734+0000] {processor.py:161} INFO - Started process (PID=523) to work on /home/airflow/.local/lib/python3.12/site-packages/airflow/example_dags/example_external_task_marker_dag.py
[2024-07-25T04:07:51.735+0000] {processor.py:830} INFO - Processing file /home/airflow/.local/lib/python3.12/site-packages/airflow/example_dags/example_external_task_marker_dag.py for tasks to queue
[2024-07-25T04:07:51.736+0000] {logging_mixin.py:188} INFO - [2024-07-25T04:07:51.736+0000] {dagbag.py:545} INFO - Filling up the DagBag from /home/airflow/.local/lib/python3.12/site-packages/airflow/example_dags/example_external_task_marker_dag.py
[2024-07-25T04:07:51.740+0000] {processor.py:840} INFO - DAG(s) 'example_external_task_marker_parent', 'example_external_task_marker_child' retrieved from /home/airflow/.local/lib/python3.12/site-packages/airflow/example_dags/example_external_task_marker_dag.py
[2024-07-25T04:07:51.753+0000] {logging_mixin.py:188} INFO - [2024-07-25T04:07:51.753+0000] {dag.py:3089} INFO - Sync 2 DAGs
[2024-07-25T04:07:51.761+0000] {logging_mixin.py:188} INFO - [2024-07-25T04:07:51.760+0000] {dag.py:3947} INFO - Setting next_dagrun for example_external_task_marker_child to None, run_after=None
[2024-07-25T04:07:51.763+0000] {logging_mixin.py:188} INFO - [2024-07-25T04:07:51.762+0000] {dag.py:3947} INFO - Setting next_dagrun for example_external_task_marker_parent to None, run_after=None
[2024-07-25T04:07:51.771+0000] {processor.py:183} INFO - Processing /home/airflow/.local/lib/python3.12/site-packages/airflow/example_dags/example_external_task_marker_dag.py took 0.041 seconds
[2024-07-25T04:08:21.896+0000] {processor.py:161} INFO - Started process (PID=581) to work on /home/airflow/.local/lib/python3.12/site-packages/airflow/example_dags/example_external_task_marker_dag.py
[2024-07-25T04:08:21.897+0000] {processor.py:830} INFO - Processing file /home/airflow/.local/lib/python3.12/site-packages/airflow/example_dags/example_external_task_marker_dag.py for tasks to queue
[2024-07-25T04:08:21.898+0000] {logging_mixin.py:188} INFO - [2024-07-25T04:08:21.898+0000] {dagbag.py:545} INFO - Filling up the DagBag from /home/airflow/.local/lib/python3.12/site-packages/airflow/example_dags/example_external_task_marker_dag.py
[2024-07-25T04:08:21.902+0000] {processor.py:840} INFO - DAG(s) 'example_external_task_marker_parent', 'example_external_task_marker_child' retrieved from /home/airflow/.local/lib/python3.12/site-packages/airflow/example_dags/example_external_task_marker_dag.py
[2024-07-25T04:08:21.916+0000] {logging_mixin.py:188} INFO - [2024-07-25T04:08:21.915+0000] {dag.py:3089} INFO - Sync 2 DAGs
[2024-07-25T04:08:21.923+0000] {logging_mixin.py:188} INFO - [2024-07-25T04:08:21.922+0000] {dag.py:3947} INFO - Setting next_dagrun for example_external_task_marker_child to None, run_after=None
[2024-07-25T04:08:21.925+0000] {logging_mixin.py:188} INFO - [2024-07-25T04:08:21.925+0000] {dag.py:3947} INFO - Setting next_dagrun for example_external_task_marker_parent to None, run_after=None
[2024-07-25T04:08:21.933+0000] {processor.py:183} INFO - Processing /home/airflow/.local/lib/python3.12/site-packages/airflow/example_dags/example_external_task_marker_dag.py took 0.041 seconds
[2024-07-25T04:08:51.984+0000] {processor.py:161} INFO - Started process (PID=639) to work on /home/airflow/.local/lib/python3.12/site-packages/airflow/example_dags/example_external_task_marker_dag.py
[2024-07-25T04:08:51.985+0000] {processor.py:830} INFO - Processing file /home/airflow/.local/lib/python3.12/site-packages/airflow/example_dags/example_external_task_marker_dag.py for tasks to queue
[2024-07-25T04:08:51.986+0000] {logging_mixin.py:188} INFO - [2024-07-25T04:08:51.986+0000] {dagbag.py:545} INFO - Filling up the DagBag from /home/airflow/.local/lib/python3.12/site-packages/airflow/example_dags/example_external_task_marker_dag.py
[2024-07-25T04:08:51.990+0000] {processor.py:840} INFO - DAG(s) 'example_external_task_marker_parent', 'example_external_task_marker_child' retrieved from /home/airflow/.local/lib/python3.12/site-packages/airflow/example_dags/example_external_task_marker_dag.py
[2024-07-25T04:08:52.002+0000] {logging_mixin.py:188} INFO - [2024-07-25T04:08:52.002+0000] {dag.py:3089} INFO - Sync 2 DAGs
[2024-07-25T04:08:52.009+0000] {logging_mixin.py:188} INFO - [2024-07-25T04:08:52.009+0000] {dag.py:3947} INFO - Setting next_dagrun for example_external_task_marker_child to None, run_after=None
[2024-07-25T04:08:52.011+0000] {logging_mixin.py:188} INFO - [2024-07-25T04:08:52.011+0000] {dag.py:3947} INFO - Setting next_dagrun for example_external_task_marker_parent to None, run_after=None
[2024-07-25T04:08:52.020+0000] {processor.py:183} INFO - Processing /home/airflow/.local/lib/python3.12/site-packages/airflow/example_dags/example_external_task_marker_dag.py took 0.040 seconds
[2024-07-25T04:09:22.447+0000] {processor.py:161} INFO - Started process (PID=698) to work on /home/airflow/.local/lib/python3.12/site-packages/airflow/example_dags/example_external_task_marker_dag.py
[2024-07-25T04:09:22.447+0000] {processor.py:830} INFO - Processing file /home/airflow/.local/lib/python3.12/site-packages/airflow/example_dags/example_external_task_marker_dag.py for tasks to queue
[2024-07-25T04:09:22.449+0000] {logging_mixin.py:188} INFO - [2024-07-25T04:09:22.449+0000] {dagbag.py:545} INFO - Filling up the DagBag from /home/airflow/.local/lib/python3.12/site-packages/airflow/example_dags/example_external_task_marker_dag.py
[2024-07-25T04:09:22.453+0000] {processor.py:840} INFO - DAG(s) 'example_external_task_marker_parent', 'example_external_task_marker_child' retrieved from /home/airflow/.local/lib/python3.12/site-packages/airflow/example_dags/example_external_task_marker_dag.py
[2024-07-25T04:09:22.470+0000] {logging_mixin.py:188} INFO - [2024-07-25T04:09:22.470+0000] {dag.py:3089} INFO - Sync 2 DAGs
[2024-07-25T04:09:22.478+0000] {logging_mixin.py:188} INFO - [2024-07-25T04:09:22.478+0000] {dag.py:3947} INFO - Setting next_dagrun for example_external_task_marker_child to None, run_after=None
[2024-07-25T04:09:22.480+0000] {logging_mixin.py:188} INFO - [2024-07-25T04:09:22.480+0000] {dag.py:3947} INFO - Setting next_dagrun for example_external_task_marker_parent to None, run_after=None
[2024-07-25T04:09:22.491+0000] {processor.py:183} INFO - Processing /home/airflow/.local/lib/python3.12/site-packages/airflow/example_dags/example_external_task_marker_dag.py took 0.049 seconds
[2024-07-25T04:09:52.660+0000] {processor.py:161} INFO - Started process (PID=756) to work on /home/airflow/.local/lib/python3.12/site-packages/airflow/example_dags/example_external_task_marker_dag.py
[2024-07-25T04:09:52.661+0000] {processor.py:830} INFO - Processing file /home/airflow/.local/lib/python3.12/site-packages/airflow/example_dags/example_external_task_marker_dag.py for tasks to queue
[2024-07-25T04:09:52.662+0000] {logging_mixin.py:188} INFO - [2024-07-25T04:09:52.662+0000] {dagbag.py:545} INFO - Filling up the DagBag from /home/airflow/.local/lib/python3.12/site-packages/airflow/example_dags/example_external_task_marker_dag.py
[2024-07-25T04:09:52.666+0000] {processor.py:840} INFO - DAG(s) 'example_external_task_marker_child', 'example_external_task_marker_parent' retrieved from /home/airflow/.local/lib/python3.12/site-packages/airflow/example_dags/example_external_task_marker_dag.py
[2024-07-25T04:09:52.680+0000] {logging_mixin.py:188} INFO - [2024-07-25T04:09:52.680+0000] {dag.py:3089} INFO - Sync 2 DAGs
[2024-07-25T04:09:52.687+0000] {logging_mixin.py:188} INFO - [2024-07-25T04:09:52.687+0000] {dag.py:3947} INFO - Setting next_dagrun for example_external_task_marker_child to None, run_after=None
[2024-07-25T04:09:52.690+0000] {logging_mixin.py:188} INFO - [2024-07-25T04:09:52.690+0000] {dag.py:3947} INFO - Setting next_dagrun for example_external_task_marker_parent to None, run_after=None
[2024-07-25T04:09:52.699+0000] {processor.py:183} INFO - Processing /home/airflow/.local/lib/python3.12/site-packages/airflow/example_dags/example_external_task_marker_dag.py took 0.042 seconds
[2024-07-25T04:10:23.430+0000] {processor.py:161} INFO - Started process (PID=814) to work on /home/airflow/.local/lib/python3.12/site-packages/airflow/example_dags/example_external_task_marker_dag.py
[2024-07-25T04:10:23.431+0000] {processor.py:830} INFO - Processing file /home/airflow/.local/lib/python3.12/site-packages/airflow/example_dags/example_external_task_marker_dag.py for tasks to queue
[2024-07-25T04:10:23.432+0000] {logging_mixin.py:188} INFO - [2024-07-25T04:10:23.432+0000] {dagbag.py:545} INFO - Filling up the DagBag from /home/airflow/.local/lib/python3.12/site-packages/airflow/example_dags/example_external_task_marker_dag.py
[2024-07-25T04:10:23.436+0000] {processor.py:840} INFO - DAG(s) 'example_external_task_marker_parent', 'example_external_task_marker_child' retrieved from /home/airflow/.local/lib/python3.12/site-packages/airflow/example_dags/example_external_task_marker_dag.py
[2024-07-25T04:10:23.450+0000] {logging_mixin.py:188} INFO - [2024-07-25T04:10:23.450+0000] {dag.py:3089} INFO - Sync 2 DAGs
[2024-07-25T04:10:23.457+0000] {logging_mixin.py:188} INFO - [2024-07-25T04:10:23.457+0000] {dag.py:3947} INFO - Setting next_dagrun for example_external_task_marker_child to None, run_after=None
[2024-07-25T04:10:23.459+0000] {logging_mixin.py:188} INFO - [2024-07-25T04:10:23.459+0000] {dag.py:3947} INFO - Setting next_dagrun for example_external_task_marker_parent to None, run_after=None
[2024-07-25T04:10:23.467+0000] {processor.py:183} INFO - Processing /home/airflow/.local/lib/python3.12/site-packages/airflow/example_dags/example_external_task_marker_dag.py took 0.041 seconds
[2024-07-25T04:10:53.672+0000] {processor.py:161} INFO - Started process (PID=872) to work on /home/airflow/.local/lib/python3.12/site-packages/airflow/example_dags/example_external_task_marker_dag.py
[2024-07-25T04:10:53.673+0000] {processor.py:830} INFO - Processing file /home/airflow/.local/lib/python3.12/site-packages/airflow/example_dags/example_external_task_marker_dag.py for tasks to queue
[2024-07-25T04:10:53.674+0000] {logging_mixin.py:188} INFO - [2024-07-25T04:10:53.674+0000] {dagbag.py:545} INFO - Filling up the DagBag from /home/airflow/.local/lib/python3.12/site-packages/airflow/example_dags/example_external_task_marker_dag.py
[2024-07-25T04:10:53.678+0000] {processor.py:840} INFO - DAG(s) 'example_external_task_marker_parent', 'example_external_task_marker_child' retrieved from /home/airflow/.local/lib/python3.12/site-packages/airflow/example_dags/example_external_task_marker_dag.py
[2024-07-25T04:10:53.692+0000] {logging_mixin.py:188} INFO - [2024-07-25T04:10:53.692+0000] {dag.py:3089} INFO - Sync 2 DAGs
[2024-07-25T04:10:53.699+0000] {logging_mixin.py:188} INFO - [2024-07-25T04:10:53.699+0000] {dag.py:3947} INFO - Setting next_dagrun for example_external_task_marker_child to None, run_after=None
[2024-07-25T04:10:53.701+0000] {logging_mixin.py:188} INFO - [2024-07-25T04:10:53.701+0000] {dag.py:3947} INFO - Setting next_dagrun for example_external_task_marker_parent to None, run_after=None
[2024-07-25T04:10:53.709+0000] {processor.py:183} INFO - Processing /home/airflow/.local/lib/python3.12/site-packages/airflow/example_dags/example_external_task_marker_dag.py took 0.041 seconds
[2024-07-25T04:11:23.779+0000] {processor.py:161} INFO - Started process (PID=930) to work on /home/airflow/.local/lib/python3.12/site-packages/airflow/example_dags/example_external_task_marker_dag.py
[2024-07-25T04:11:23.780+0000] {processor.py:830} INFO - Processing file /home/airflow/.local/lib/python3.12/site-packages/airflow/example_dags/example_external_task_marker_dag.py for tasks to queue
[2024-07-25T04:11:23.782+0000] {logging_mixin.py:188} INFO - [2024-07-25T04:11:23.782+0000] {dagbag.py:545} INFO - Filling up the DagBag from /home/airflow/.local/lib/python3.12/site-packages/airflow/example_dags/example_external_task_marker_dag.py
[2024-07-25T04:11:23.786+0000] {processor.py:840} INFO - DAG(s) 'example_external_task_marker_parent', 'example_external_task_marker_child' retrieved from /home/airflow/.local/lib/python3.12/site-packages/airflow/example_dags/example_external_task_marker_dag.py
[2024-07-25T04:11:23.803+0000] {logging_mixin.py:188} INFO - [2024-07-25T04:11:23.803+0000] {dag.py:3089} INFO - Sync 2 DAGs
[2024-07-25T04:11:23.813+0000] {logging_mixin.py:188} INFO - [2024-07-25T04:11:23.813+0000] {dag.py:3947} INFO - Setting next_dagrun for example_external_task_marker_child to None, run_after=None
[2024-07-25T04:11:23.815+0000] {logging_mixin.py:188} INFO - [2024-07-25T04:11:23.815+0000] {dag.py:3947} INFO - Setting next_dagrun for example_external_task_marker_parent to None, run_after=None
[2024-07-25T04:11:23.826+0000] {processor.py:183} INFO - Processing /home/airflow/.local/lib/python3.12/site-packages/airflow/example_dags/example_external_task_marker_dag.py took 0.050 seconds
