[2024-07-25T03:40:24.214+0000] {processor.py:161} INFO - Started process (PID=44) to work on /home/airflow/.local/lib/python3.12/site-packages/airflow/example_dags/example_skip_dag.py
[2024-07-25T03:40:24.215+0000] {processor.py:830} INFO - Processing file /home/airflow/.local/lib/python3.12/site-packages/airflow/example_dags/example_skip_dag.py for tasks to queue
[2024-07-25T03:40:24.216+0000] {logging_mixin.py:188} INFO - [2024-07-25T03:40:24.216+0000] {dagbag.py:545} INFO - Filling up the DagBag from /home/airflow/.local/lib/python3.12/site-packages/airflow/example_dags/example_skip_dag.py
[2024-07-25T03:40:24.221+0000] {processor.py:840} INFO - DAG(s) 'example_skip_dag' retrieved from /home/airflow/.local/lib/python3.12/site-packages/airflow/example_dags/example_skip_dag.py
[2024-07-25T03:40:24.229+0000] {logging_mixin.py:188} INFO - [2024-07-25T03:40:24.229+0000] {dag.py:3089} INFO - Sync 1 DAGs
[2024-07-25T03:40:24.245+0000] {logging_mixin.py:188} INFO - [2024-07-25T03:40:24.245+0000] {dag.py:3947} INFO - Setting next_dagrun for example_skip_dag to 2024-07-24 00:00:00+00:00, run_after=2024-07-25 00:00:00+00:00
[2024-07-25T03:40:24.257+0000] {processor.py:183} INFO - Processing /home/airflow/.local/lib/python3.12/site-packages/airflow/example_dags/example_skip_dag.py took 0.046 seconds
[2024-07-25T03:40:55.086+0000] {processor.py:161} INFO - Started process (PID=102) to work on /home/airflow/.local/lib/python3.12/site-packages/airflow/example_dags/example_skip_dag.py
[2024-07-25T03:40:55.086+0000] {processor.py:830} INFO - Processing file /home/airflow/.local/lib/python3.12/site-packages/airflow/example_dags/example_skip_dag.py for tasks to queue
[2024-07-25T03:40:55.088+0000] {logging_mixin.py:188} INFO - [2024-07-25T03:40:55.087+0000] {dagbag.py:545} INFO - Filling up the DagBag from /home/airflow/.local/lib/python3.12/site-packages/airflow/example_dags/example_skip_dag.py
[2024-07-25T03:40:55.092+0000] {processor.py:840} INFO - DAG(s) 'example_skip_dag' retrieved from /home/airflow/.local/lib/python3.12/site-packages/airflow/example_dags/example_skip_dag.py
[2024-07-25T03:40:55.145+0000] {logging_mixin.py:188} INFO - [2024-07-25T03:40:55.144+0000] {dag.py:3089} INFO - Sync 1 DAGs
[2024-07-25T03:40:55.154+0000] {logging_mixin.py:188} INFO - [2024-07-25T03:40:55.154+0000] {dag.py:3947} INFO - Setting next_dagrun for example_skip_dag to 2024-07-24 00:00:00+00:00, run_after=2024-07-25 00:00:00+00:00
[2024-07-25T03:40:55.162+0000] {processor.py:183} INFO - Processing /home/airflow/.local/lib/python3.12/site-packages/airflow/example_dags/example_skip_dag.py took 0.080 seconds
[2024-07-25T03:41:25.221+0000] {processor.py:161} INFO - Started process (PID=160) to work on /home/airflow/.local/lib/python3.12/site-packages/airflow/example_dags/example_skip_dag.py
[2024-07-25T03:41:25.221+0000] {processor.py:830} INFO - Processing file /home/airflow/.local/lib/python3.12/site-packages/airflow/example_dags/example_skip_dag.py for tasks to queue
[2024-07-25T03:41:25.223+0000] {logging_mixin.py:188} INFO - [2024-07-25T03:41:25.222+0000] {dagbag.py:545} INFO - Filling up the DagBag from /home/airflow/.local/lib/python3.12/site-packages/airflow/example_dags/example_skip_dag.py
[2024-07-25T03:41:25.226+0000] {processor.py:840} INFO - DAG(s) 'example_skip_dag' retrieved from /home/airflow/.local/lib/python3.12/site-packages/airflow/example_dags/example_skip_dag.py
[2024-07-25T03:41:25.238+0000] {logging_mixin.py:188} INFO - [2024-07-25T03:41:25.237+0000] {dag.py:3089} INFO - Sync 1 DAGs
[2024-07-25T03:41:25.247+0000] {logging_mixin.py:188} INFO - [2024-07-25T03:41:25.247+0000] {dag.py:3947} INFO - Setting next_dagrun for example_skip_dag to 2024-07-24 00:00:00+00:00, run_after=2024-07-25 00:00:00+00:00
[2024-07-25T03:41:25.255+0000] {processor.py:183} INFO - Processing /home/airflow/.local/lib/python3.12/site-packages/airflow/example_dags/example_skip_dag.py took 0.038 seconds
[2024-07-25T03:41:55.385+0000] {processor.py:161} INFO - Started process (PID=218) to work on /home/airflow/.local/lib/python3.12/site-packages/airflow/example_dags/example_skip_dag.py
[2024-07-25T03:41:55.386+0000] {processor.py:830} INFO - Processing file /home/airflow/.local/lib/python3.12/site-packages/airflow/example_dags/example_skip_dag.py for tasks to queue
[2024-07-25T03:41:55.387+0000] {logging_mixin.py:188} INFO - [2024-07-25T03:41:55.387+0000] {dagbag.py:545} INFO - Filling up the DagBag from /home/airflow/.local/lib/python3.12/site-packages/airflow/example_dags/example_skip_dag.py
[2024-07-25T03:41:55.391+0000] {processor.py:840} INFO - DAG(s) 'example_skip_dag' retrieved from /home/airflow/.local/lib/python3.12/site-packages/airflow/example_dags/example_skip_dag.py
[2024-07-25T03:41:55.402+0000] {logging_mixin.py:188} INFO - [2024-07-25T03:41:55.402+0000] {dag.py:3089} INFO - Sync 1 DAGs
[2024-07-25T03:41:55.413+0000] {logging_mixin.py:188} INFO - [2024-07-25T03:41:55.413+0000] {dag.py:3947} INFO - Setting next_dagrun for example_skip_dag to 2024-07-24 00:00:00+00:00, run_after=2024-07-25 00:00:00+00:00
[2024-07-25T03:41:55.422+0000] {processor.py:183} INFO - Processing /home/airflow/.local/lib/python3.12/site-packages/airflow/example_dags/example_skip_dag.py took 0.040 seconds
[2024-07-25T03:42:25.503+0000] {processor.py:161} INFO - Started process (PID=276) to work on /home/airflow/.local/lib/python3.12/site-packages/airflow/example_dags/example_skip_dag.py
[2024-07-25T03:42:25.504+0000] {processor.py:830} INFO - Processing file /home/airflow/.local/lib/python3.12/site-packages/airflow/example_dags/example_skip_dag.py for tasks to queue
[2024-07-25T03:42:25.505+0000] {logging_mixin.py:188} INFO - [2024-07-25T03:42:25.505+0000] {dagbag.py:545} INFO - Filling up the DagBag from /home/airflow/.local/lib/python3.12/site-packages/airflow/example_dags/example_skip_dag.py
[2024-07-25T03:42:25.510+0000] {processor.py:840} INFO - DAG(s) 'example_skip_dag' retrieved from /home/airflow/.local/lib/python3.12/site-packages/airflow/example_dags/example_skip_dag.py
[2024-07-25T03:42:25.522+0000] {logging_mixin.py:188} INFO - [2024-07-25T03:42:25.522+0000] {dag.py:3089} INFO - Sync 1 DAGs
[2024-07-25T03:42:25.532+0000] {logging_mixin.py:188} INFO - [2024-07-25T03:42:25.532+0000] {dag.py:3947} INFO - Setting next_dagrun for example_skip_dag to 2024-07-24 00:00:00+00:00, run_after=2024-07-25 00:00:00+00:00
[2024-07-25T03:42:25.542+0000] {processor.py:183} INFO - Processing /home/airflow/.local/lib/python3.12/site-packages/airflow/example_dags/example_skip_dag.py took 0.042 seconds
[2024-07-25T03:42:55.850+0000] {processor.py:161} INFO - Started process (PID=334) to work on /home/airflow/.local/lib/python3.12/site-packages/airflow/example_dags/example_skip_dag.py
[2024-07-25T03:42:55.851+0000] {processor.py:830} INFO - Processing file /home/airflow/.local/lib/python3.12/site-packages/airflow/example_dags/example_skip_dag.py for tasks to queue
[2024-07-25T03:42:55.852+0000] {logging_mixin.py:188} INFO - [2024-07-25T03:42:55.852+0000] {dagbag.py:545} INFO - Filling up the DagBag from /home/airflow/.local/lib/python3.12/site-packages/airflow/example_dags/example_skip_dag.py
[2024-07-25T03:42:55.856+0000] {processor.py:840} INFO - DAG(s) 'example_skip_dag' retrieved from /home/airflow/.local/lib/python3.12/site-packages/airflow/example_dags/example_skip_dag.py
[2024-07-25T03:42:55.869+0000] {logging_mixin.py:188} INFO - [2024-07-25T03:42:55.869+0000] {dag.py:3089} INFO - Sync 1 DAGs
[2024-07-25T03:42:55.880+0000] {logging_mixin.py:188} INFO - [2024-07-25T03:42:55.880+0000] {dag.py:3947} INFO - Setting next_dagrun for example_skip_dag to 2024-07-24 00:00:00+00:00, run_after=2024-07-25 00:00:00+00:00
[2024-07-25T03:42:55.890+0000] {processor.py:183} INFO - Processing /home/airflow/.local/lib/python3.12/site-packages/airflow/example_dags/example_skip_dag.py took 0.044 seconds
[2024-07-25T03:43:26.138+0000] {processor.py:161} INFO - Started process (PID=392) to work on /home/airflow/.local/lib/python3.12/site-packages/airflow/example_dags/example_skip_dag.py
[2024-07-25T03:43:26.139+0000] {processor.py:830} INFO - Processing file /home/airflow/.local/lib/python3.12/site-packages/airflow/example_dags/example_skip_dag.py for tasks to queue
[2024-07-25T03:43:26.140+0000] {logging_mixin.py:188} INFO - [2024-07-25T03:43:26.140+0000] {dagbag.py:545} INFO - Filling up the DagBag from /home/airflow/.local/lib/python3.12/site-packages/airflow/example_dags/example_skip_dag.py
[2024-07-25T03:43:26.144+0000] {processor.py:840} INFO - DAG(s) 'example_skip_dag' retrieved from /home/airflow/.local/lib/python3.12/site-packages/airflow/example_dags/example_skip_dag.py
[2024-07-25T03:43:26.156+0000] {logging_mixin.py:188} INFO - [2024-07-25T03:43:26.156+0000] {dag.py:3089} INFO - Sync 1 DAGs
[2024-07-25T03:43:26.167+0000] {logging_mixin.py:188} INFO - [2024-07-25T03:43:26.167+0000] {dag.py:3947} INFO - Setting next_dagrun for example_skip_dag to 2024-07-24 00:00:00+00:00, run_after=2024-07-25 00:00:00+00:00
[2024-07-25T03:43:26.178+0000] {processor.py:183} INFO - Processing /home/airflow/.local/lib/python3.12/site-packages/airflow/example_dags/example_skip_dag.py took 0.043 seconds
[2024-07-25T03:43:56.358+0000] {processor.py:161} INFO - Started process (PID=450) to work on /home/airflow/.local/lib/python3.12/site-packages/airflow/example_dags/example_skip_dag.py
[2024-07-25T03:43:56.358+0000] {processor.py:830} INFO - Processing file /home/airflow/.local/lib/python3.12/site-packages/airflow/example_dags/example_skip_dag.py for tasks to queue
[2024-07-25T03:43:56.359+0000] {logging_mixin.py:188} INFO - [2024-07-25T03:43:56.359+0000] {dagbag.py:545} INFO - Filling up the DagBag from /home/airflow/.local/lib/python3.12/site-packages/airflow/example_dags/example_skip_dag.py
[2024-07-25T03:43:56.367+0000] {processor.py:840} INFO - DAG(s) 'example_skip_dag' retrieved from /home/airflow/.local/lib/python3.12/site-packages/airflow/example_dags/example_skip_dag.py
[2024-07-25T03:43:56.381+0000] {logging_mixin.py:188} INFO - [2024-07-25T03:43:56.381+0000] {dag.py:3089} INFO - Sync 1 DAGs
[2024-07-25T03:43:56.392+0000] {logging_mixin.py:188} INFO - [2024-07-25T03:43:56.392+0000] {dag.py:3947} INFO - Setting next_dagrun for example_skip_dag to 2024-07-24 00:00:00+00:00, run_after=2024-07-25 00:00:00+00:00
[2024-07-25T03:43:56.401+0000] {processor.py:183} INFO - Processing /home/airflow/.local/lib/python3.12/site-packages/airflow/example_dags/example_skip_dag.py took 0.047 seconds
[2024-07-25T03:44:26.473+0000] {processor.py:161} INFO - Started process (PID=508) to work on /home/airflow/.local/lib/python3.12/site-packages/airflow/example_dags/example_skip_dag.py
[2024-07-25T03:44:26.474+0000] {processor.py:830} INFO - Processing file /home/airflow/.local/lib/python3.12/site-packages/airflow/example_dags/example_skip_dag.py for tasks to queue
[2024-07-25T03:44:26.475+0000] {logging_mixin.py:188} INFO - [2024-07-25T03:44:26.475+0000] {dagbag.py:545} INFO - Filling up the DagBag from /home/airflow/.local/lib/python3.12/site-packages/airflow/example_dags/example_skip_dag.py
[2024-07-25T03:44:26.479+0000] {processor.py:840} INFO - DAG(s) 'example_skip_dag' retrieved from /home/airflow/.local/lib/python3.12/site-packages/airflow/example_dags/example_skip_dag.py
[2024-07-25T03:44:26.493+0000] {logging_mixin.py:188} INFO - [2024-07-25T03:44:26.493+0000] {dag.py:3089} INFO - Sync 1 DAGs
[2024-07-25T03:44:26.505+0000] {logging_mixin.py:188} INFO - [2024-07-25T03:44:26.505+0000] {dag.py:3947} INFO - Setting next_dagrun for example_skip_dag to 2024-07-24 00:00:00+00:00, run_after=2024-07-25 00:00:00+00:00
[2024-07-25T03:44:26.515+0000] {processor.py:183} INFO - Processing /home/airflow/.local/lib/python3.12/site-packages/airflow/example_dags/example_skip_dag.py took 0.046 seconds
[2024-07-25T03:44:56.942+0000] {processor.py:161} INFO - Started process (PID=566) to work on /home/airflow/.local/lib/python3.12/site-packages/airflow/example_dags/example_skip_dag.py
[2024-07-25T03:44:56.943+0000] {processor.py:830} INFO - Processing file /home/airflow/.local/lib/python3.12/site-packages/airflow/example_dags/example_skip_dag.py for tasks to queue
[2024-07-25T03:44:56.944+0000] {logging_mixin.py:188} INFO - [2024-07-25T03:44:56.944+0000] {dagbag.py:545} INFO - Filling up the DagBag from /home/airflow/.local/lib/python3.12/site-packages/airflow/example_dags/example_skip_dag.py
[2024-07-25T03:44:56.949+0000] {processor.py:840} INFO - DAG(s) 'example_skip_dag' retrieved from /home/airflow/.local/lib/python3.12/site-packages/airflow/example_dags/example_skip_dag.py
[2024-07-25T03:44:56.961+0000] {logging_mixin.py:188} INFO - [2024-07-25T03:44:56.960+0000] {dag.py:3089} INFO - Sync 1 DAGs
[2024-07-25T03:44:56.974+0000] {logging_mixin.py:188} INFO - [2024-07-25T03:44:56.974+0000] {dag.py:3947} INFO - Setting next_dagrun for example_skip_dag to 2024-07-24 00:00:00+00:00, run_after=2024-07-25 00:00:00+00:00
[2024-07-25T03:44:56.985+0000] {processor.py:183} INFO - Processing /home/airflow/.local/lib/python3.12/site-packages/airflow/example_dags/example_skip_dag.py took 0.047 seconds
[2024-07-25T03:45:27.197+0000] {processor.py:161} INFO - Started process (PID=624) to work on /home/airflow/.local/lib/python3.12/site-packages/airflow/example_dags/example_skip_dag.py
[2024-07-25T03:45:27.198+0000] {processor.py:830} INFO - Processing file /home/airflow/.local/lib/python3.12/site-packages/airflow/example_dags/example_skip_dag.py for tasks to queue
[2024-07-25T03:45:27.199+0000] {logging_mixin.py:188} INFO - [2024-07-25T03:45:27.199+0000] {dagbag.py:545} INFO - Filling up the DagBag from /home/airflow/.local/lib/python3.12/site-packages/airflow/example_dags/example_skip_dag.py
[2024-07-25T03:45:27.202+0000] {processor.py:840} INFO - DAG(s) 'example_skip_dag' retrieved from /home/airflow/.local/lib/python3.12/site-packages/airflow/example_dags/example_skip_dag.py
[2024-07-25T03:45:27.215+0000] {logging_mixin.py:188} INFO - [2024-07-25T03:45:27.214+0000] {dag.py:3089} INFO - Sync 1 DAGs
[2024-07-25T03:45:27.226+0000] {logging_mixin.py:188} INFO - [2024-07-25T03:45:27.226+0000] {dag.py:3947} INFO - Setting next_dagrun for example_skip_dag to 2024-07-24 00:00:00+00:00, run_after=2024-07-25 00:00:00+00:00
[2024-07-25T03:45:27.236+0000] {processor.py:183} INFO - Processing /home/airflow/.local/lib/python3.12/site-packages/airflow/example_dags/example_skip_dag.py took 0.042 seconds
[2024-07-25T03:45:57.500+0000] {processor.py:161} INFO - Started process (PID=682) to work on /home/airflow/.local/lib/python3.12/site-packages/airflow/example_dags/example_skip_dag.py
[2024-07-25T03:45:57.500+0000] {processor.py:830} INFO - Processing file /home/airflow/.local/lib/python3.12/site-packages/airflow/example_dags/example_skip_dag.py for tasks to queue
[2024-07-25T03:45:57.502+0000] {logging_mixin.py:188} INFO - [2024-07-25T03:45:57.501+0000] {dagbag.py:545} INFO - Filling up the DagBag from /home/airflow/.local/lib/python3.12/site-packages/airflow/example_dags/example_skip_dag.py
[2024-07-25T03:45:57.505+0000] {processor.py:840} INFO - DAG(s) 'example_skip_dag' retrieved from /home/airflow/.local/lib/python3.12/site-packages/airflow/example_dags/example_skip_dag.py
[2024-07-25T03:45:57.518+0000] {logging_mixin.py:188} INFO - [2024-07-25T03:45:57.517+0000] {dag.py:3089} INFO - Sync 1 DAGs
[2024-07-25T03:45:57.529+0000] {logging_mixin.py:188} INFO - [2024-07-25T03:45:57.529+0000] {dag.py:3947} INFO - Setting next_dagrun for example_skip_dag to 2024-07-24 00:00:00+00:00, run_after=2024-07-25 00:00:00+00:00
[2024-07-25T03:45:57.538+0000] {processor.py:183} INFO - Processing /home/airflow/.local/lib/python3.12/site-packages/airflow/example_dags/example_skip_dag.py took 0.043 seconds
[2024-07-25T03:46:27.705+0000] {processor.py:161} INFO - Started process (PID=740) to work on /home/airflow/.local/lib/python3.12/site-packages/airflow/example_dags/example_skip_dag.py
[2024-07-25T03:46:27.706+0000] {processor.py:830} INFO - Processing file /home/airflow/.local/lib/python3.12/site-packages/airflow/example_dags/example_skip_dag.py for tasks to queue
[2024-07-25T03:46:27.707+0000] {logging_mixin.py:188} INFO - [2024-07-25T03:46:27.707+0000] {dagbag.py:545} INFO - Filling up the DagBag from /home/airflow/.local/lib/python3.12/site-packages/airflow/example_dags/example_skip_dag.py
[2024-07-25T03:46:27.711+0000] {processor.py:840} INFO - DAG(s) 'example_skip_dag' retrieved from /home/airflow/.local/lib/python3.12/site-packages/airflow/example_dags/example_skip_dag.py
[2024-07-25T03:46:27.724+0000] {logging_mixin.py:188} INFO - [2024-07-25T03:46:27.724+0000] {dag.py:3089} INFO - Sync 1 DAGs
[2024-07-25T03:46:27.735+0000] {logging_mixin.py:188} INFO - [2024-07-25T03:46:27.735+0000] {dag.py:3947} INFO - Setting next_dagrun for example_skip_dag to 2024-07-24 00:00:00+00:00, run_after=2024-07-25 00:00:00+00:00
[2024-07-25T03:46:27.745+0000] {processor.py:183} INFO - Processing /home/airflow/.local/lib/python3.12/site-packages/airflow/example_dags/example_skip_dag.py took 0.044 seconds
[2024-07-25T03:46:57.865+0000] {processor.py:161} INFO - Started process (PID=798) to work on /home/airflow/.local/lib/python3.12/site-packages/airflow/example_dags/example_skip_dag.py
[2024-07-25T03:46:57.866+0000] {processor.py:830} INFO - Processing file /home/airflow/.local/lib/python3.12/site-packages/airflow/example_dags/example_skip_dag.py for tasks to queue
[2024-07-25T03:46:57.867+0000] {logging_mixin.py:188} INFO - [2024-07-25T03:46:57.867+0000] {dagbag.py:545} INFO - Filling up the DagBag from /home/airflow/.local/lib/python3.12/site-packages/airflow/example_dags/example_skip_dag.py
[2024-07-25T03:46:57.871+0000] {processor.py:840} INFO - DAG(s) 'example_skip_dag' retrieved from /home/airflow/.local/lib/python3.12/site-packages/airflow/example_dags/example_skip_dag.py
[2024-07-25T03:46:57.883+0000] {logging_mixin.py:188} INFO - [2024-07-25T03:46:57.883+0000] {dag.py:3089} INFO - Sync 1 DAGs
[2024-07-25T03:46:57.894+0000] {logging_mixin.py:188} INFO - [2024-07-25T03:46:57.894+0000] {dag.py:3947} INFO - Setting next_dagrun for example_skip_dag to 2024-07-24 00:00:00+00:00, run_after=2024-07-25 00:00:00+00:00
[2024-07-25T03:46:57.905+0000] {processor.py:183} INFO - Processing /home/airflow/.local/lib/python3.12/site-packages/airflow/example_dags/example_skip_dag.py took 0.043 seconds
[2024-07-25T03:47:28.261+0000] {processor.py:161} INFO - Started process (PID=856) to work on /home/airflow/.local/lib/python3.12/site-packages/airflow/example_dags/example_skip_dag.py
[2024-07-25T03:47:28.262+0000] {processor.py:830} INFO - Processing file /home/airflow/.local/lib/python3.12/site-packages/airflow/example_dags/example_skip_dag.py for tasks to queue
[2024-07-25T03:47:28.263+0000] {logging_mixin.py:188} INFO - [2024-07-25T03:47:28.263+0000] {dagbag.py:545} INFO - Filling up the DagBag from /home/airflow/.local/lib/python3.12/site-packages/airflow/example_dags/example_skip_dag.py
[2024-07-25T03:47:28.267+0000] {processor.py:840} INFO - DAG(s) 'example_skip_dag' retrieved from /home/airflow/.local/lib/python3.12/site-packages/airflow/example_dags/example_skip_dag.py
[2024-07-25T03:47:28.279+0000] {logging_mixin.py:188} INFO - [2024-07-25T03:47:28.278+0000] {dag.py:3089} INFO - Sync 1 DAGs
[2024-07-25T03:47:28.290+0000] {logging_mixin.py:188} INFO - [2024-07-25T03:47:28.289+0000] {dag.py:3947} INFO - Setting next_dagrun for example_skip_dag to 2024-07-24 00:00:00+00:00, run_after=2024-07-25 00:00:00+00:00
[2024-07-25T03:47:28.299+0000] {processor.py:183} INFO - Processing /home/airflow/.local/lib/python3.12/site-packages/airflow/example_dags/example_skip_dag.py took 0.042 seconds
[2024-07-25T03:47:58.380+0000] {processor.py:161} INFO - Started process (PID=914) to work on /home/airflow/.local/lib/python3.12/site-packages/airflow/example_dags/example_skip_dag.py
[2024-07-25T03:47:58.381+0000] {processor.py:830} INFO - Processing file /home/airflow/.local/lib/python3.12/site-packages/airflow/example_dags/example_skip_dag.py for tasks to queue
[2024-07-25T03:47:58.383+0000] {logging_mixin.py:188} INFO - [2024-07-25T03:47:58.382+0000] {dagbag.py:545} INFO - Filling up the DagBag from /home/airflow/.local/lib/python3.12/site-packages/airflow/example_dags/example_skip_dag.py
[2024-07-25T03:47:58.387+0000] {processor.py:840} INFO - DAG(s) 'example_skip_dag' retrieved from /home/airflow/.local/lib/python3.12/site-packages/airflow/example_dags/example_skip_dag.py
[2024-07-25T03:47:58.398+0000] {logging_mixin.py:188} INFO - [2024-07-25T03:47:58.398+0000] {dag.py:3089} INFO - Sync 1 DAGs
[2024-07-25T03:47:58.410+0000] {logging_mixin.py:188} INFO - [2024-07-25T03:47:58.410+0000] {dag.py:3947} INFO - Setting next_dagrun for example_skip_dag to 2024-07-24 00:00:00+00:00, run_after=2024-07-25 00:00:00+00:00
[2024-07-25T03:47:58.419+0000] {processor.py:183} INFO - Processing /home/airflow/.local/lib/python3.12/site-packages/airflow/example_dags/example_skip_dag.py took 0.042 seconds
[2024-07-25T03:48:28.522+0000] {processor.py:161} INFO - Started process (PID=972) to work on /home/airflow/.local/lib/python3.12/site-packages/airflow/example_dags/example_skip_dag.py
[2024-07-25T03:48:28.523+0000] {processor.py:830} INFO - Processing file /home/airflow/.local/lib/python3.12/site-packages/airflow/example_dags/example_skip_dag.py for tasks to queue
[2024-07-25T03:48:28.524+0000] {logging_mixin.py:188} INFO - [2024-07-25T03:48:28.524+0000] {dagbag.py:545} INFO - Filling up the DagBag from /home/airflow/.local/lib/python3.12/site-packages/airflow/example_dags/example_skip_dag.py
[2024-07-25T03:48:28.528+0000] {processor.py:840} INFO - DAG(s) 'example_skip_dag' retrieved from /home/airflow/.local/lib/python3.12/site-packages/airflow/example_dags/example_skip_dag.py
[2024-07-25T03:48:28.539+0000] {logging_mixin.py:188} INFO - [2024-07-25T03:48:28.539+0000] {dag.py:3089} INFO - Sync 1 DAGs
[2024-07-25T03:48:28.550+0000] {logging_mixin.py:188} INFO - [2024-07-25T03:48:28.550+0000] {dag.py:3947} INFO - Setting next_dagrun for example_skip_dag to 2024-07-24 00:00:00+00:00, run_after=2024-07-25 00:00:00+00:00
[2024-07-25T03:48:28.559+0000] {processor.py:183} INFO - Processing /home/airflow/.local/lib/python3.12/site-packages/airflow/example_dags/example_skip_dag.py took 0.040 seconds
[2024-07-25T03:48:58.728+0000] {processor.py:161} INFO - Started process (PID=1030) to work on /home/airflow/.local/lib/python3.12/site-packages/airflow/example_dags/example_skip_dag.py
[2024-07-25T03:48:58.729+0000] {processor.py:830} INFO - Processing file /home/airflow/.local/lib/python3.12/site-packages/airflow/example_dags/example_skip_dag.py for tasks to queue
[2024-07-25T03:48:58.730+0000] {logging_mixin.py:188} INFO - [2024-07-25T03:48:58.730+0000] {dagbag.py:545} INFO - Filling up the DagBag from /home/airflow/.local/lib/python3.12/site-packages/airflow/example_dags/example_skip_dag.py
[2024-07-25T03:48:58.734+0000] {processor.py:840} INFO - DAG(s) 'example_skip_dag' retrieved from /home/airflow/.local/lib/python3.12/site-packages/airflow/example_dags/example_skip_dag.py
[2024-07-25T03:48:58.746+0000] {logging_mixin.py:188} INFO - [2024-07-25T03:48:58.746+0000] {dag.py:3089} INFO - Sync 1 DAGs
[2024-07-25T03:48:58.758+0000] {logging_mixin.py:188} INFO - [2024-07-25T03:48:58.758+0000] {dag.py:3947} INFO - Setting next_dagrun for example_skip_dag to 2024-07-24 00:00:00+00:00, run_after=2024-07-25 00:00:00+00:00
[2024-07-25T03:48:58.768+0000] {processor.py:183} INFO - Processing /home/airflow/.local/lib/python3.12/site-packages/airflow/example_dags/example_skip_dag.py took 0.043 seconds
[2024-07-25T03:49:29.151+0000] {processor.py:161} INFO - Started process (PID=1088) to work on /home/airflow/.local/lib/python3.12/site-packages/airflow/example_dags/example_skip_dag.py
[2024-07-25T03:49:29.152+0000] {processor.py:830} INFO - Processing file /home/airflow/.local/lib/python3.12/site-packages/airflow/example_dags/example_skip_dag.py for tasks to queue
[2024-07-25T03:49:29.153+0000] {logging_mixin.py:188} INFO - [2024-07-25T03:49:29.153+0000] {dagbag.py:545} INFO - Filling up the DagBag from /home/airflow/.local/lib/python3.12/site-packages/airflow/example_dags/example_skip_dag.py
[2024-07-25T03:49:29.157+0000] {processor.py:840} INFO - DAG(s) 'example_skip_dag' retrieved from /home/airflow/.local/lib/python3.12/site-packages/airflow/example_dags/example_skip_dag.py
[2024-07-25T03:49:29.169+0000] {logging_mixin.py:188} INFO - [2024-07-25T03:49:29.169+0000] {dag.py:3089} INFO - Sync 1 DAGs
[2024-07-25T03:49:29.180+0000] {logging_mixin.py:188} INFO - [2024-07-25T03:49:29.180+0000] {dag.py:3947} INFO - Setting next_dagrun for example_skip_dag to 2024-07-24 00:00:00+00:00, run_after=2024-07-25 00:00:00+00:00
[2024-07-25T03:49:29.190+0000] {processor.py:183} INFO - Processing /home/airflow/.local/lib/python3.12/site-packages/airflow/example_dags/example_skip_dag.py took 0.043 seconds
[2024-07-25T03:49:59.561+0000] {processor.py:161} INFO - Started process (PID=1146) to work on /home/airflow/.local/lib/python3.12/site-packages/airflow/example_dags/example_skip_dag.py
[2024-07-25T03:49:59.562+0000] {processor.py:830} INFO - Processing file /home/airflow/.local/lib/python3.12/site-packages/airflow/example_dags/example_skip_dag.py for tasks to queue
[2024-07-25T03:49:59.563+0000] {logging_mixin.py:188} INFO - [2024-07-25T03:49:59.563+0000] {dagbag.py:545} INFO - Filling up the DagBag from /home/airflow/.local/lib/python3.12/site-packages/airflow/example_dags/example_skip_dag.py
[2024-07-25T03:49:59.567+0000] {processor.py:840} INFO - DAG(s) 'example_skip_dag' retrieved from /home/airflow/.local/lib/python3.12/site-packages/airflow/example_dags/example_skip_dag.py
[2024-07-25T03:49:59.579+0000] {logging_mixin.py:188} INFO - [2024-07-25T03:49:59.579+0000] {dag.py:3089} INFO - Sync 1 DAGs
[2024-07-25T03:49:59.589+0000] {logging_mixin.py:188} INFO - [2024-07-25T03:49:59.589+0000] {dag.py:3947} INFO - Setting next_dagrun for example_skip_dag to 2024-07-24 00:00:00+00:00, run_after=2024-07-25 00:00:00+00:00
[2024-07-25T03:49:59.598+0000] {processor.py:183} INFO - Processing /home/airflow/.local/lib/python3.12/site-packages/airflow/example_dags/example_skip_dag.py took 0.041 seconds
[2024-07-25T03:50:29.695+0000] {processor.py:161} INFO - Started process (PID=1204) to work on /home/airflow/.local/lib/python3.12/site-packages/airflow/example_dags/example_skip_dag.py
[2024-07-25T03:50:29.696+0000] {processor.py:830} INFO - Processing file /home/airflow/.local/lib/python3.12/site-packages/airflow/example_dags/example_skip_dag.py for tasks to queue
[2024-07-25T03:50:29.697+0000] {logging_mixin.py:188} INFO - [2024-07-25T03:50:29.697+0000] {dagbag.py:545} INFO - Filling up the DagBag from /home/airflow/.local/lib/python3.12/site-packages/airflow/example_dags/example_skip_dag.py
[2024-07-25T03:50:29.702+0000] {processor.py:840} INFO - DAG(s) 'example_skip_dag' retrieved from /home/airflow/.local/lib/python3.12/site-packages/airflow/example_dags/example_skip_dag.py
[2024-07-25T03:50:29.716+0000] {logging_mixin.py:188} INFO - [2024-07-25T03:50:29.715+0000] {dag.py:3089} INFO - Sync 1 DAGs
[2024-07-25T03:50:29.728+0000] {logging_mixin.py:188} INFO - [2024-07-25T03:50:29.728+0000] {dag.py:3947} INFO - Setting next_dagrun for example_skip_dag to 2024-07-24 00:00:00+00:00, run_after=2024-07-25 00:00:00+00:00
[2024-07-25T03:50:29.738+0000] {processor.py:183} INFO - Processing /home/airflow/.local/lib/python3.12/site-packages/airflow/example_dags/example_skip_dag.py took 0.047 seconds
[2024-07-25T03:50:59.963+0000] {processor.py:161} INFO - Started process (PID=1262) to work on /home/airflow/.local/lib/python3.12/site-packages/airflow/example_dags/example_skip_dag.py
[2024-07-25T03:50:59.964+0000] {processor.py:830} INFO - Processing file /home/airflow/.local/lib/python3.12/site-packages/airflow/example_dags/example_skip_dag.py for tasks to queue
[2024-07-25T03:50:59.965+0000] {logging_mixin.py:188} INFO - [2024-07-25T03:50:59.965+0000] {dagbag.py:545} INFO - Filling up the DagBag from /home/airflow/.local/lib/python3.12/site-packages/airflow/example_dags/example_skip_dag.py
[2024-07-25T03:50:59.969+0000] {processor.py:840} INFO - DAG(s) 'example_skip_dag' retrieved from /home/airflow/.local/lib/python3.12/site-packages/airflow/example_dags/example_skip_dag.py
[2024-07-25T03:50:59.981+0000] {logging_mixin.py:188} INFO - [2024-07-25T03:50:59.980+0000] {dag.py:3089} INFO - Sync 1 DAGs
[2024-07-25T03:50:59.993+0000] {logging_mixin.py:188} INFO - [2024-07-25T03:50:59.993+0000] {dag.py:3947} INFO - Setting next_dagrun for example_skip_dag to 2024-07-24 00:00:00+00:00, run_after=2024-07-25 00:00:00+00:00
[2024-07-25T03:51:00.008+0000] {processor.py:183} INFO - Processing /home/airflow/.local/lib/python3.12/site-packages/airflow/example_dags/example_skip_dag.py took 0.049 seconds
[2024-07-25T03:51:30.158+0000] {processor.py:161} INFO - Started process (PID=1320) to work on /home/airflow/.local/lib/python3.12/site-packages/airflow/example_dags/example_skip_dag.py
[2024-07-25T03:51:30.158+0000] {processor.py:830} INFO - Processing file /home/airflow/.local/lib/python3.12/site-packages/airflow/example_dags/example_skip_dag.py for tasks to queue
[2024-07-25T03:51:30.160+0000] {logging_mixin.py:188} INFO - [2024-07-25T03:51:30.159+0000] {dagbag.py:545} INFO - Filling up the DagBag from /home/airflow/.local/lib/python3.12/site-packages/airflow/example_dags/example_skip_dag.py
[2024-07-25T03:51:30.163+0000] {processor.py:840} INFO - DAG(s) 'example_skip_dag' retrieved from /home/airflow/.local/lib/python3.12/site-packages/airflow/example_dags/example_skip_dag.py
[2024-07-25T03:51:30.175+0000] {logging_mixin.py:188} INFO - [2024-07-25T03:51:30.175+0000] {dag.py:3089} INFO - Sync 1 DAGs
[2024-07-25T03:51:30.187+0000] {logging_mixin.py:188} INFO - [2024-07-25T03:51:30.187+0000] {dag.py:3947} INFO - Setting next_dagrun for example_skip_dag to 2024-07-24 00:00:00+00:00, run_after=2024-07-25 00:00:00+00:00
[2024-07-25T03:51:30.196+0000] {processor.py:183} INFO - Processing /home/airflow/.local/lib/python3.12/site-packages/airflow/example_dags/example_skip_dag.py took 0.042 seconds
[2024-07-25T03:52:00.300+0000] {processor.py:161} INFO - Started process (PID=1378) to work on /home/airflow/.local/lib/python3.12/site-packages/airflow/example_dags/example_skip_dag.py
[2024-07-25T03:52:00.301+0000] {processor.py:830} INFO - Processing file /home/airflow/.local/lib/python3.12/site-packages/airflow/example_dags/example_skip_dag.py for tasks to queue
[2024-07-25T03:52:00.303+0000] {logging_mixin.py:188} INFO - [2024-07-25T03:52:00.302+0000] {dagbag.py:545} INFO - Filling up the DagBag from /home/airflow/.local/lib/python3.12/site-packages/airflow/example_dags/example_skip_dag.py
[2024-07-25T03:52:00.306+0000] {processor.py:840} INFO - DAG(s) 'example_skip_dag' retrieved from /home/airflow/.local/lib/python3.12/site-packages/airflow/example_dags/example_skip_dag.py
[2024-07-25T03:52:00.319+0000] {logging_mixin.py:188} INFO - [2024-07-25T03:52:00.318+0000] {dag.py:3089} INFO - Sync 1 DAGs
[2024-07-25T03:52:00.329+0000] {logging_mixin.py:188} INFO - [2024-07-25T03:52:00.329+0000] {dag.py:3947} INFO - Setting next_dagrun for example_skip_dag to 2024-07-24 00:00:00+00:00, run_after=2024-07-25 00:00:00+00:00
[2024-07-25T03:52:00.340+0000] {processor.py:183} INFO - Processing /home/airflow/.local/lib/python3.12/site-packages/airflow/example_dags/example_skip_dag.py took 0.043 seconds
[2024-07-25T03:52:30.481+0000] {processor.py:161} INFO - Started process (PID=1436) to work on /home/airflow/.local/lib/python3.12/site-packages/airflow/example_dags/example_skip_dag.py
[2024-07-25T03:52:30.482+0000] {processor.py:830} INFO - Processing file /home/airflow/.local/lib/python3.12/site-packages/airflow/example_dags/example_skip_dag.py for tasks to queue
[2024-07-25T03:52:30.483+0000] {logging_mixin.py:188} INFO - [2024-07-25T03:52:30.483+0000] {dagbag.py:545} INFO - Filling up the DagBag from /home/airflow/.local/lib/python3.12/site-packages/airflow/example_dags/example_skip_dag.py
[2024-07-25T03:52:30.487+0000] {processor.py:840} INFO - DAG(s) 'example_skip_dag' retrieved from /home/airflow/.local/lib/python3.12/site-packages/airflow/example_dags/example_skip_dag.py
[2024-07-25T03:52:30.498+0000] {logging_mixin.py:188} INFO - [2024-07-25T03:52:30.498+0000] {dag.py:3089} INFO - Sync 1 DAGs
[2024-07-25T03:52:30.508+0000] {logging_mixin.py:188} INFO - [2024-07-25T03:52:30.508+0000] {dag.py:3947} INFO - Setting next_dagrun for example_skip_dag to 2024-07-24 00:00:00+00:00, run_after=2024-07-25 00:00:00+00:00
[2024-07-25T03:52:30.517+0000] {processor.py:183} INFO - Processing /home/airflow/.local/lib/python3.12/site-packages/airflow/example_dags/example_skip_dag.py took 0.040 seconds
[2024-07-25T04:03:46.037+0000] {processor.py:161} INFO - Started process (PID=44) to work on /home/airflow/.local/lib/python3.12/site-packages/airflow/example_dags/example_skip_dag.py
[2024-07-25T04:03:46.038+0000] {processor.py:830} INFO - Processing file /home/airflow/.local/lib/python3.12/site-packages/airflow/example_dags/example_skip_dag.py for tasks to queue
[2024-07-25T04:03:46.041+0000] {logging_mixin.py:188} INFO - [2024-07-25T04:03:46.040+0000] {dagbag.py:545} INFO - Filling up the DagBag from /home/airflow/.local/lib/python3.12/site-packages/airflow/example_dags/example_skip_dag.py
[2024-07-25T04:03:46.049+0000] {processor.py:840} INFO - DAG(s) 'example_skip_dag' retrieved from /home/airflow/.local/lib/python3.12/site-packages/airflow/example_dags/example_skip_dag.py
[2024-07-25T04:03:46.062+0000] {logging_mixin.py:188} INFO - [2024-07-25T04:03:46.062+0000] {dag.py:3089} INFO - Sync 1 DAGs
[2024-07-25T04:03:46.082+0000] {logging_mixin.py:188} INFO - [2024-07-25T04:03:46.081+0000] {dag.py:3947} INFO - Setting next_dagrun for example_skip_dag to 2024-07-24 00:00:00+00:00, run_after=2024-07-25 00:00:00+00:00
[2024-07-25T04:03:46.162+0000] {processor.py:183} INFO - Processing /home/airflow/.local/lib/python3.12/site-packages/airflow/example_dags/example_skip_dag.py took 0.132 seconds
[2024-07-25T04:04:17.158+0000] {processor.py:161} INFO - Started process (PID=102) to work on /home/airflow/.local/lib/python3.12/site-packages/airflow/example_dags/example_skip_dag.py
[2024-07-25T04:04:17.159+0000] {processor.py:830} INFO - Processing file /home/airflow/.local/lib/python3.12/site-packages/airflow/example_dags/example_skip_dag.py for tasks to queue
[2024-07-25T04:04:17.160+0000] {logging_mixin.py:188} INFO - [2024-07-25T04:04:17.160+0000] {dagbag.py:545} INFO - Filling up the DagBag from /home/airflow/.local/lib/python3.12/site-packages/airflow/example_dags/example_skip_dag.py
[2024-07-25T04:04:17.164+0000] {processor.py:840} INFO - DAG(s) 'example_skip_dag' retrieved from /home/airflow/.local/lib/python3.12/site-packages/airflow/example_dags/example_skip_dag.py
[2024-07-25T04:04:17.212+0000] {logging_mixin.py:188} INFO - [2024-07-25T04:04:17.212+0000] {dag.py:3089} INFO - Sync 1 DAGs
[2024-07-25T04:04:17.223+0000] {logging_mixin.py:188} INFO - [2024-07-25T04:04:17.223+0000] {dag.py:3947} INFO - Setting next_dagrun for example_skip_dag to 2024-07-24 00:00:00+00:00, run_after=2024-07-25 00:00:00+00:00
[2024-07-25T04:04:17.234+0000] {processor.py:183} INFO - Processing /home/airflow/.local/lib/python3.12/site-packages/airflow/example_dags/example_skip_dag.py took 0.080 seconds
[2024-07-25T04:04:47.632+0000] {processor.py:161} INFO - Started process (PID=160) to work on /home/airflow/.local/lib/python3.12/site-packages/airflow/example_dags/example_skip_dag.py
[2024-07-25T04:04:47.633+0000] {processor.py:830} INFO - Processing file /home/airflow/.local/lib/python3.12/site-packages/airflow/example_dags/example_skip_dag.py for tasks to queue
[2024-07-25T04:04:47.634+0000] {logging_mixin.py:188} INFO - [2024-07-25T04:04:47.634+0000] {dagbag.py:545} INFO - Filling up the DagBag from /home/airflow/.local/lib/python3.12/site-packages/airflow/example_dags/example_skip_dag.py
[2024-07-25T04:04:47.637+0000] {processor.py:840} INFO - DAG(s) 'example_skip_dag' retrieved from /home/airflow/.local/lib/python3.12/site-packages/airflow/example_dags/example_skip_dag.py
[2024-07-25T04:04:47.648+0000] {logging_mixin.py:188} INFO - [2024-07-25T04:04:47.648+0000] {dag.py:3089} INFO - Sync 1 DAGs
[2024-07-25T04:04:47.658+0000] {logging_mixin.py:188} INFO - [2024-07-25T04:04:47.658+0000] {dag.py:3947} INFO - Setting next_dagrun for example_skip_dag to 2024-07-24 00:00:00+00:00, run_after=2024-07-25 00:00:00+00:00
[2024-07-25T04:04:47.667+0000] {processor.py:183} INFO - Processing /home/airflow/.local/lib/python3.12/site-packages/airflow/example_dags/example_skip_dag.py took 0.039 seconds
[2024-07-25T04:05:17.793+0000] {processor.py:161} INFO - Started process (PID=218) to work on /home/airflow/.local/lib/python3.12/site-packages/airflow/example_dags/example_skip_dag.py
[2024-07-25T04:05:17.793+0000] {processor.py:830} INFO - Processing file /home/airflow/.local/lib/python3.12/site-packages/airflow/example_dags/example_skip_dag.py for tasks to queue
[2024-07-25T04:05:17.795+0000] {logging_mixin.py:188} INFO - [2024-07-25T04:05:17.794+0000] {dagbag.py:545} INFO - Filling up the DagBag from /home/airflow/.local/lib/python3.12/site-packages/airflow/example_dags/example_skip_dag.py
[2024-07-25T04:05:17.798+0000] {processor.py:840} INFO - DAG(s) 'example_skip_dag' retrieved from /home/airflow/.local/lib/python3.12/site-packages/airflow/example_dags/example_skip_dag.py
[2024-07-25T04:05:17.809+0000] {logging_mixin.py:188} INFO - [2024-07-25T04:05:17.809+0000] {dag.py:3089} INFO - Sync 1 DAGs
[2024-07-25T04:05:17.820+0000] {logging_mixin.py:188} INFO - [2024-07-25T04:05:17.820+0000] {dag.py:3947} INFO - Setting next_dagrun for example_skip_dag to 2024-07-24 00:00:00+00:00, run_after=2024-07-25 00:00:00+00:00
[2024-07-25T04:05:17.828+0000] {processor.py:183} INFO - Processing /home/airflow/.local/lib/python3.12/site-packages/airflow/example_dags/example_skip_dag.py took 0.039 seconds
[2024-07-25T04:05:48.062+0000] {processor.py:161} INFO - Started process (PID=276) to work on /home/airflow/.local/lib/python3.12/site-packages/airflow/example_dags/example_skip_dag.py
[2024-07-25T04:05:48.063+0000] {processor.py:830} INFO - Processing file /home/airflow/.local/lib/python3.12/site-packages/airflow/example_dags/example_skip_dag.py for tasks to queue
[2024-07-25T04:05:48.064+0000] {logging_mixin.py:188} INFO - [2024-07-25T04:05:48.064+0000] {dagbag.py:545} INFO - Filling up the DagBag from /home/airflow/.local/lib/python3.12/site-packages/airflow/example_dags/example_skip_dag.py
[2024-07-25T04:05:48.068+0000] {processor.py:840} INFO - DAG(s) 'example_skip_dag' retrieved from /home/airflow/.local/lib/python3.12/site-packages/airflow/example_dags/example_skip_dag.py
[2024-07-25T04:05:48.081+0000] {logging_mixin.py:188} INFO - [2024-07-25T04:05:48.081+0000] {dag.py:3089} INFO - Sync 1 DAGs
[2024-07-25T04:05:48.091+0000] {logging_mixin.py:188} INFO - [2024-07-25T04:05:48.091+0000] {dag.py:3947} INFO - Setting next_dagrun for example_skip_dag to 2024-07-24 00:00:00+00:00, run_after=2024-07-25 00:00:00+00:00
[2024-07-25T04:05:48.099+0000] {processor.py:183} INFO - Processing /home/airflow/.local/lib/python3.12/site-packages/airflow/example_dags/example_skip_dag.py took 0.040 seconds
[2024-07-25T04:06:18.163+0000] {processor.py:161} INFO - Started process (PID=334) to work on /home/airflow/.local/lib/python3.12/site-packages/airflow/example_dags/example_skip_dag.py
[2024-07-25T04:06:18.163+0000] {processor.py:830} INFO - Processing file /home/airflow/.local/lib/python3.12/site-packages/airflow/example_dags/example_skip_dag.py for tasks to queue
[2024-07-25T04:06:18.165+0000] {logging_mixin.py:188} INFO - [2024-07-25T04:06:18.165+0000] {dagbag.py:545} INFO - Filling up the DagBag from /home/airflow/.local/lib/python3.12/site-packages/airflow/example_dags/example_skip_dag.py
[2024-07-25T04:06:18.169+0000] {processor.py:840} INFO - DAG(s) 'example_skip_dag' retrieved from /home/airflow/.local/lib/python3.12/site-packages/airflow/example_dags/example_skip_dag.py
[2024-07-25T04:06:18.181+0000] {logging_mixin.py:188} INFO - [2024-07-25T04:06:18.181+0000] {dag.py:3089} INFO - Sync 1 DAGs
[2024-07-25T04:06:18.192+0000] {logging_mixin.py:188} INFO - [2024-07-25T04:06:18.192+0000] {dag.py:3947} INFO - Setting next_dagrun for example_skip_dag to 2024-07-24 00:00:00+00:00, run_after=2024-07-25 00:00:00+00:00
[2024-07-25T04:06:18.201+0000] {processor.py:183} INFO - Processing /home/airflow/.local/lib/python3.12/site-packages/airflow/example_dags/example_skip_dag.py took 0.042 seconds
[2024-07-25T04:06:48.651+0000] {processor.py:161} INFO - Started process (PID=392) to work on /home/airflow/.local/lib/python3.12/site-packages/airflow/example_dags/example_skip_dag.py
[2024-07-25T04:06:48.652+0000] {processor.py:830} INFO - Processing file /home/airflow/.local/lib/python3.12/site-packages/airflow/example_dags/example_skip_dag.py for tasks to queue
[2024-07-25T04:06:48.654+0000] {logging_mixin.py:188} INFO - [2024-07-25T04:06:48.653+0000] {dagbag.py:545} INFO - Filling up the DagBag from /home/airflow/.local/lib/python3.12/site-packages/airflow/example_dags/example_skip_dag.py
[2024-07-25T04:06:48.658+0000] {processor.py:840} INFO - DAG(s) 'example_skip_dag' retrieved from /home/airflow/.local/lib/python3.12/site-packages/airflow/example_dags/example_skip_dag.py
[2024-07-25T04:06:48.671+0000] {logging_mixin.py:188} INFO - [2024-07-25T04:06:48.671+0000] {dag.py:3089} INFO - Sync 1 DAGs
[2024-07-25T04:06:48.683+0000] {logging_mixin.py:188} INFO - [2024-07-25T04:06:48.683+0000] {dag.py:3947} INFO - Setting next_dagrun for example_skip_dag to 2024-07-24 00:00:00+00:00, run_after=2024-07-25 00:00:00+00:00
[2024-07-25T04:06:48.693+0000] {processor.py:183} INFO - Processing /home/airflow/.local/lib/python3.12/site-packages/airflow/example_dags/example_skip_dag.py took 0.045 seconds
[2024-07-25T04:07:18.956+0000] {processor.py:161} INFO - Started process (PID=450) to work on /home/airflow/.local/lib/python3.12/site-packages/airflow/example_dags/example_skip_dag.py
[2024-07-25T04:07:18.957+0000] {processor.py:830} INFO - Processing file /home/airflow/.local/lib/python3.12/site-packages/airflow/example_dags/example_skip_dag.py for tasks to queue
[2024-07-25T04:07:18.958+0000] {logging_mixin.py:188} INFO - [2024-07-25T04:07:18.958+0000] {dagbag.py:545} INFO - Filling up the DagBag from /home/airflow/.local/lib/python3.12/site-packages/airflow/example_dags/example_skip_dag.py
[2024-07-25T04:07:18.963+0000] {processor.py:840} INFO - DAG(s) 'example_skip_dag' retrieved from /home/airflow/.local/lib/python3.12/site-packages/airflow/example_dags/example_skip_dag.py
[2024-07-25T04:07:18.975+0000] {logging_mixin.py:188} INFO - [2024-07-25T04:07:18.975+0000] {dag.py:3089} INFO - Sync 1 DAGs
[2024-07-25T04:07:18.987+0000] {logging_mixin.py:188} INFO - [2024-07-25T04:07:18.987+0000] {dag.py:3947} INFO - Setting next_dagrun for example_skip_dag to 2024-07-24 00:00:00+00:00, run_after=2024-07-25 00:00:00+00:00
[2024-07-25T04:07:18.996+0000] {processor.py:183} INFO - Processing /home/airflow/.local/lib/python3.12/site-packages/airflow/example_dags/example_skip_dag.py took 0.044 seconds
[2024-07-25T04:07:49.016+0000] {processor.py:161} INFO - Started process (PID=508) to work on /home/airflow/.local/lib/python3.12/site-packages/airflow/example_dags/example_skip_dag.py
[2024-07-25T04:07:49.017+0000] {processor.py:830} INFO - Processing file /home/airflow/.local/lib/python3.12/site-packages/airflow/example_dags/example_skip_dag.py for tasks to queue
[2024-07-25T04:07:49.019+0000] {logging_mixin.py:188} INFO - [2024-07-25T04:07:49.019+0000] {dagbag.py:545} INFO - Filling up the DagBag from /home/airflow/.local/lib/python3.12/site-packages/airflow/example_dags/example_skip_dag.py
[2024-07-25T04:07:49.023+0000] {processor.py:840} INFO - DAG(s) 'example_skip_dag' retrieved from /home/airflow/.local/lib/python3.12/site-packages/airflow/example_dags/example_skip_dag.py
[2024-07-25T04:07:49.034+0000] {logging_mixin.py:188} INFO - [2024-07-25T04:07:49.034+0000] {dag.py:3089} INFO - Sync 1 DAGs
[2024-07-25T04:07:49.045+0000] {logging_mixin.py:188} INFO - [2024-07-25T04:07:49.045+0000] {dag.py:3947} INFO - Setting next_dagrun for example_skip_dag to 2024-07-24 00:00:00+00:00, run_after=2024-07-25 00:00:00+00:00
[2024-07-25T04:07:49.053+0000] {processor.py:183} INFO - Processing /home/airflow/.local/lib/python3.12/site-packages/airflow/example_dags/example_skip_dag.py took 0.040 seconds
[2024-07-25T04:08:19.325+0000] {processor.py:161} INFO - Started process (PID=566) to work on /home/airflow/.local/lib/python3.12/site-packages/airflow/example_dags/example_skip_dag.py
[2024-07-25T04:08:19.326+0000] {processor.py:830} INFO - Processing file /home/airflow/.local/lib/python3.12/site-packages/airflow/example_dags/example_skip_dag.py for tasks to queue
[2024-07-25T04:08:19.327+0000] {logging_mixin.py:188} INFO - [2024-07-25T04:08:19.327+0000] {dagbag.py:545} INFO - Filling up the DagBag from /home/airflow/.local/lib/python3.12/site-packages/airflow/example_dags/example_skip_dag.py
[2024-07-25T04:08:19.331+0000] {processor.py:840} INFO - DAG(s) 'example_skip_dag' retrieved from /home/airflow/.local/lib/python3.12/site-packages/airflow/example_dags/example_skip_dag.py
[2024-07-25T04:08:19.344+0000] {logging_mixin.py:188} INFO - [2024-07-25T04:08:19.344+0000] {dag.py:3089} INFO - Sync 1 DAGs
[2024-07-25T04:08:19.354+0000] {logging_mixin.py:188} INFO - [2024-07-25T04:08:19.354+0000] {dag.py:3947} INFO - Setting next_dagrun for example_skip_dag to 2024-07-24 00:00:00+00:00, run_after=2024-07-25 00:00:00+00:00
[2024-07-25T04:08:19.367+0000] {processor.py:183} INFO - Processing /home/airflow/.local/lib/python3.12/site-packages/airflow/example_dags/example_skip_dag.py took 0.046 seconds
[2024-07-25T04:08:49.411+0000] {processor.py:161} INFO - Started process (PID=624) to work on /home/airflow/.local/lib/python3.12/site-packages/airflow/example_dags/example_skip_dag.py
[2024-07-25T04:08:49.412+0000] {processor.py:830} INFO - Processing file /home/airflow/.local/lib/python3.12/site-packages/airflow/example_dags/example_skip_dag.py for tasks to queue
[2024-07-25T04:08:49.413+0000] {logging_mixin.py:188} INFO - [2024-07-25T04:08:49.413+0000] {dagbag.py:545} INFO - Filling up the DagBag from /home/airflow/.local/lib/python3.12/site-packages/airflow/example_dags/example_skip_dag.py
[2024-07-25T04:08:49.417+0000] {processor.py:840} INFO - DAG(s) 'example_skip_dag' retrieved from /home/airflow/.local/lib/python3.12/site-packages/airflow/example_dags/example_skip_dag.py
[2024-07-25T04:08:49.428+0000] {logging_mixin.py:188} INFO - [2024-07-25T04:08:49.428+0000] {dag.py:3089} INFO - Sync 1 DAGs
[2024-07-25T04:08:49.438+0000] {logging_mixin.py:188} INFO - [2024-07-25T04:08:49.438+0000] {dag.py:3947} INFO - Setting next_dagrun for example_skip_dag to 2024-07-24 00:00:00+00:00, run_after=2024-07-25 00:00:00+00:00
[2024-07-25T04:08:49.447+0000] {processor.py:183} INFO - Processing /home/airflow/.local/lib/python3.12/site-packages/airflow/example_dags/example_skip_dag.py took 0.039 seconds
[2024-07-25T04:09:19.855+0000] {processor.py:161} INFO - Started process (PID=683) to work on /home/airflow/.local/lib/python3.12/site-packages/airflow/example_dags/example_skip_dag.py
[2024-07-25T04:09:19.856+0000] {processor.py:830} INFO - Processing file /home/airflow/.local/lib/python3.12/site-packages/airflow/example_dags/example_skip_dag.py for tasks to queue
[2024-07-25T04:09:19.858+0000] {logging_mixin.py:188} INFO - [2024-07-25T04:09:19.857+0000] {dagbag.py:545} INFO - Filling up the DagBag from /home/airflow/.local/lib/python3.12/site-packages/airflow/example_dags/example_skip_dag.py
[2024-07-25T04:09:19.862+0000] {processor.py:840} INFO - DAG(s) 'example_skip_dag' retrieved from /home/airflow/.local/lib/python3.12/site-packages/airflow/example_dags/example_skip_dag.py
[2024-07-25T04:09:19.874+0000] {logging_mixin.py:188} INFO - [2024-07-25T04:09:19.874+0000] {dag.py:3089} INFO - Sync 1 DAGs
[2024-07-25T04:09:19.886+0000] {logging_mixin.py:188} INFO - [2024-07-25T04:09:19.886+0000] {dag.py:3947} INFO - Setting next_dagrun for example_skip_dag to 2024-07-24 00:00:00+00:00, run_after=2024-07-25 00:00:00+00:00
[2024-07-25T04:09:19.896+0000] {processor.py:183} INFO - Processing /home/airflow/.local/lib/python3.12/site-packages/airflow/example_dags/example_skip_dag.py took 0.045 seconds
[2024-07-25T04:09:50.104+0000] {processor.py:161} INFO - Started process (PID=741) to work on /home/airflow/.local/lib/python3.12/site-packages/airflow/example_dags/example_skip_dag.py
[2024-07-25T04:09:50.105+0000] {processor.py:830} INFO - Processing file /home/airflow/.local/lib/python3.12/site-packages/airflow/example_dags/example_skip_dag.py for tasks to queue
[2024-07-25T04:09:50.106+0000] {logging_mixin.py:188} INFO - [2024-07-25T04:09:50.106+0000] {dagbag.py:545} INFO - Filling up the DagBag from /home/airflow/.local/lib/python3.12/site-packages/airflow/example_dags/example_skip_dag.py
[2024-07-25T04:09:50.110+0000] {processor.py:840} INFO - DAG(s) 'example_skip_dag' retrieved from /home/airflow/.local/lib/python3.12/site-packages/airflow/example_dags/example_skip_dag.py
[2024-07-25T04:09:50.122+0000] {logging_mixin.py:188} INFO - [2024-07-25T04:09:50.122+0000] {dag.py:3089} INFO - Sync 1 DAGs
[2024-07-25T04:09:50.132+0000] {logging_mixin.py:188} INFO - [2024-07-25T04:09:50.132+0000] {dag.py:3947} INFO - Setting next_dagrun for example_skip_dag to 2024-07-24 00:00:00+00:00, run_after=2024-07-25 00:00:00+00:00
[2024-07-25T04:09:50.141+0000] {processor.py:183} INFO - Processing /home/airflow/.local/lib/python3.12/site-packages/airflow/example_dags/example_skip_dag.py took 0.040 seconds
[2024-07-25T04:10:20.746+0000] {processor.py:161} INFO - Started process (PID=799) to work on /home/airflow/.local/lib/python3.12/site-packages/airflow/example_dags/example_skip_dag.py
[2024-07-25T04:10:20.747+0000] {processor.py:830} INFO - Processing file /home/airflow/.local/lib/python3.12/site-packages/airflow/example_dags/example_skip_dag.py for tasks to queue
[2024-07-25T04:10:20.748+0000] {logging_mixin.py:188} INFO - [2024-07-25T04:10:20.748+0000] {dagbag.py:545} INFO - Filling up the DagBag from /home/airflow/.local/lib/python3.12/site-packages/airflow/example_dags/example_skip_dag.py
[2024-07-25T04:10:20.752+0000] {processor.py:840} INFO - DAG(s) 'example_skip_dag' retrieved from /home/airflow/.local/lib/python3.12/site-packages/airflow/example_dags/example_skip_dag.py
[2024-07-25T04:10:20.765+0000] {logging_mixin.py:188} INFO - [2024-07-25T04:10:20.765+0000] {dag.py:3089} INFO - Sync 1 DAGs
[2024-07-25T04:10:20.781+0000] {logging_mixin.py:188} INFO - [2024-07-25T04:10:20.781+0000] {dag.py:3947} INFO - Setting next_dagrun for example_skip_dag to 2024-07-24 00:00:00+00:00, run_after=2024-07-25 00:00:00+00:00
[2024-07-25T04:10:20.794+0000] {processor.py:183} INFO - Processing /home/airflow/.local/lib/python3.12/site-packages/airflow/example_dags/example_skip_dag.py took 0.051 seconds
[2024-07-25T04:10:50.975+0000] {processor.py:161} INFO - Started process (PID=857) to work on /home/airflow/.local/lib/python3.12/site-packages/airflow/example_dags/example_skip_dag.py
[2024-07-25T04:10:50.976+0000] {processor.py:830} INFO - Processing file /home/airflow/.local/lib/python3.12/site-packages/airflow/example_dags/example_skip_dag.py for tasks to queue
[2024-07-25T04:10:50.977+0000] {logging_mixin.py:188} INFO - [2024-07-25T04:10:50.977+0000] {dagbag.py:545} INFO - Filling up the DagBag from /home/airflow/.local/lib/python3.12/site-packages/airflow/example_dags/example_skip_dag.py
[2024-07-25T04:10:50.981+0000] {processor.py:840} INFO - DAG(s) 'example_skip_dag' retrieved from /home/airflow/.local/lib/python3.12/site-packages/airflow/example_dags/example_skip_dag.py
[2024-07-25T04:10:50.993+0000] {logging_mixin.py:188} INFO - [2024-07-25T04:10:50.993+0000] {dag.py:3089} INFO - Sync 1 DAGs
[2024-07-25T04:10:51.003+0000] {logging_mixin.py:188} INFO - [2024-07-25T04:10:51.003+0000] {dag.py:3947} INFO - Setting next_dagrun for example_skip_dag to 2024-07-24 00:00:00+00:00, run_after=2024-07-25 00:00:00+00:00
[2024-07-25T04:10:51.012+0000] {processor.py:183} INFO - Processing /home/airflow/.local/lib/python3.12/site-packages/airflow/example_dags/example_skip_dag.py took 0.040 seconds
[2024-07-25T04:11:21.179+0000] {processor.py:161} INFO - Started process (PID=915) to work on /home/airflow/.local/lib/python3.12/site-packages/airflow/example_dags/example_skip_dag.py
[2024-07-25T04:11:21.180+0000] {processor.py:830} INFO - Processing file /home/airflow/.local/lib/python3.12/site-packages/airflow/example_dags/example_skip_dag.py for tasks to queue
[2024-07-25T04:11:21.181+0000] {logging_mixin.py:188} INFO - [2024-07-25T04:11:21.181+0000] {dagbag.py:545} INFO - Filling up the DagBag from /home/airflow/.local/lib/python3.12/site-packages/airflow/example_dags/example_skip_dag.py
[2024-07-25T04:11:21.185+0000] {processor.py:840} INFO - DAG(s) 'example_skip_dag' retrieved from /home/airflow/.local/lib/python3.12/site-packages/airflow/example_dags/example_skip_dag.py
[2024-07-25T04:11:21.197+0000] {logging_mixin.py:188} INFO - [2024-07-25T04:11:21.196+0000] {dag.py:3089} INFO - Sync 1 DAGs
[2024-07-25T04:11:21.206+0000] {logging_mixin.py:188} INFO - [2024-07-25T04:11:21.206+0000] {dag.py:3947} INFO - Setting next_dagrun for example_skip_dag to 2024-07-24 00:00:00+00:00, run_after=2024-07-25 00:00:00+00:00
[2024-07-25T04:11:21.215+0000] {processor.py:183} INFO - Processing /home/airflow/.local/lib/python3.12/site-packages/airflow/example_dags/example_skip_dag.py took 0.039 seconds
[2024-07-25T04:11:51.317+0000] {processor.py:161} INFO - Started process (PID=973) to work on /home/airflow/.local/lib/python3.12/site-packages/airflow/example_dags/example_skip_dag.py
[2024-07-25T04:11:51.317+0000] {processor.py:830} INFO - Processing file /home/airflow/.local/lib/python3.12/site-packages/airflow/example_dags/example_skip_dag.py for tasks to queue
[2024-07-25T04:11:51.319+0000] {logging_mixin.py:188} INFO - [2024-07-25T04:11:51.318+0000] {dagbag.py:545} INFO - Filling up the DagBag from /home/airflow/.local/lib/python3.12/site-packages/airflow/example_dags/example_skip_dag.py
[2024-07-25T04:11:51.322+0000] {processor.py:840} INFO - DAG(s) 'example_skip_dag' retrieved from /home/airflow/.local/lib/python3.12/site-packages/airflow/example_dags/example_skip_dag.py
[2024-07-25T04:11:51.333+0000] {logging_mixin.py:188} INFO - [2024-07-25T04:11:51.333+0000] {dag.py:3089} INFO - Sync 1 DAGs
[2024-07-25T04:11:51.343+0000] {logging_mixin.py:188} INFO - [2024-07-25T04:11:51.343+0000] {dag.py:3947} INFO - Setting next_dagrun for example_skip_dag to 2024-07-24 00:00:00+00:00, run_after=2024-07-25 00:00:00+00:00
[2024-07-25T04:11:51.352+0000] {processor.py:183} INFO - Processing /home/airflow/.local/lib/python3.12/site-packages/airflow/example_dags/example_skip_dag.py took 0.039 seconds
