[2024-07-25T03:40:24.623+0000] {processor.py:161} INFO - Started process (PID=52) to work on /home/airflow/.local/lib/python3.12/site-packages/airflow/example_dags/example_params_trigger_ui.py
[2024-07-25T03:40:24.625+0000] {processor.py:830} INFO - Processing file /home/airflow/.local/lib/python3.12/site-packages/airflow/example_dags/example_params_trigger_ui.py for tasks to queue
[2024-07-25T03:40:24.628+0000] {logging_mixin.py:188} INFO - [2024-07-25T03:40:24.627+0000] {dagbag.py:545} INFO - Filling up the DagBag from /home/airflow/.local/lib/python3.12/site-packages/airflow/example_dags/example_params_trigger_ui.py
[2024-07-25T03:40:24.635+0000] {processor.py:840} INFO - DAG(s) 'example_params_trigger_ui' retrieved from /home/airflow/.local/lib/python3.12/site-packages/airflow/example_dags/example_params_trigger_ui.py
[2024-07-25T03:40:24.642+0000] {logging_mixin.py:188} INFO - [2024-07-25T03:40:24.642+0000] {dag.py:3089} INFO - Sync 1 DAGs
[2024-07-25T03:40:24.650+0000] {logging_mixin.py:188} INFO - [2024-07-25T03:40:24.650+0000] {dag.py:3947} INFO - Setting next_dagrun for example_params_trigger_ui to None, run_after=None
[2024-07-25T03:40:24.664+0000] {processor.py:183} INFO - Processing /home/airflow/.local/lib/python3.12/site-packages/airflow/example_dags/example_params_trigger_ui.py took 0.048 seconds
[2024-07-25T03:40:55.511+0000] {processor.py:161} INFO - Started process (PID=110) to work on /home/airflow/.local/lib/python3.12/site-packages/airflow/example_dags/example_params_trigger_ui.py
[2024-07-25T03:40:55.512+0000] {processor.py:830} INFO - Processing file /home/airflow/.local/lib/python3.12/site-packages/airflow/example_dags/example_params_trigger_ui.py for tasks to queue
[2024-07-25T03:40:55.513+0000] {logging_mixin.py:188} INFO - [2024-07-25T03:40:55.513+0000] {dagbag.py:545} INFO - Filling up the DagBag from /home/airflow/.local/lib/python3.12/site-packages/airflow/example_dags/example_params_trigger_ui.py
[2024-07-25T03:40:55.518+0000] {processor.py:840} INFO - DAG(s) 'example_params_trigger_ui' retrieved from /home/airflow/.local/lib/python3.12/site-packages/airflow/example_dags/example_params_trigger_ui.py
[2024-07-25T03:40:55.580+0000] {logging_mixin.py:188} INFO - [2024-07-25T03:40:55.580+0000] {dag.py:3089} INFO - Sync 1 DAGs
[2024-07-25T03:40:55.586+0000] {logging_mixin.py:188} INFO - [2024-07-25T03:40:55.586+0000] {dag.py:3947} INFO - Setting next_dagrun for example_params_trigger_ui to None, run_after=None
[2024-07-25T03:40:55.596+0000] {processor.py:183} INFO - Processing /home/airflow/.local/lib/python3.12/site-packages/airflow/example_dags/example_params_trigger_ui.py took 0.088 seconds
[2024-07-25T03:41:25.663+0000] {processor.py:161} INFO - Started process (PID=168) to work on /home/airflow/.local/lib/python3.12/site-packages/airflow/example_dags/example_params_trigger_ui.py
[2024-07-25T03:41:25.663+0000] {processor.py:830} INFO - Processing file /home/airflow/.local/lib/python3.12/site-packages/airflow/example_dags/example_params_trigger_ui.py for tasks to queue
[2024-07-25T03:41:25.665+0000] {logging_mixin.py:188} INFO - [2024-07-25T03:41:25.665+0000] {dagbag.py:545} INFO - Filling up the DagBag from /home/airflow/.local/lib/python3.12/site-packages/airflow/example_dags/example_params_trigger_ui.py
[2024-07-25T03:41:25.670+0000] {processor.py:840} INFO - DAG(s) 'example_params_trigger_ui' retrieved from /home/airflow/.local/lib/python3.12/site-packages/airflow/example_dags/example_params_trigger_ui.py
[2024-07-25T03:41:25.690+0000] {logging_mixin.py:188} INFO - [2024-07-25T03:41:25.690+0000] {dag.py:3089} INFO - Sync 1 DAGs
[2024-07-25T03:41:25.697+0000] {logging_mixin.py:188} INFO - [2024-07-25T03:41:25.697+0000] {dag.py:3947} INFO - Setting next_dagrun for example_params_trigger_ui to None, run_after=None
[2024-07-25T03:41:25.705+0000] {processor.py:183} INFO - Processing /home/airflow/.local/lib/python3.12/site-packages/airflow/example_dags/example_params_trigger_ui.py took 0.047 seconds
[2024-07-25T03:41:55.782+0000] {processor.py:161} INFO - Started process (PID=226) to work on /home/airflow/.local/lib/python3.12/site-packages/airflow/example_dags/example_params_trigger_ui.py
[2024-07-25T03:41:55.783+0000] {processor.py:830} INFO - Processing file /home/airflow/.local/lib/python3.12/site-packages/airflow/example_dags/example_params_trigger_ui.py for tasks to queue
[2024-07-25T03:41:55.784+0000] {logging_mixin.py:188} INFO - [2024-07-25T03:41:55.784+0000] {dagbag.py:545} INFO - Filling up the DagBag from /home/airflow/.local/lib/python3.12/site-packages/airflow/example_dags/example_params_trigger_ui.py
[2024-07-25T03:41:55.789+0000] {processor.py:840} INFO - DAG(s) 'example_params_trigger_ui' retrieved from /home/airflow/.local/lib/python3.12/site-packages/airflow/example_dags/example_params_trigger_ui.py
[2024-07-25T03:41:55.810+0000] {logging_mixin.py:188} INFO - [2024-07-25T03:41:55.809+0000] {dag.py:3089} INFO - Sync 1 DAGs
[2024-07-25T03:41:55.816+0000] {logging_mixin.py:188} INFO - [2024-07-25T03:41:55.816+0000] {dag.py:3947} INFO - Setting next_dagrun for example_params_trigger_ui to None, run_after=None
[2024-07-25T03:41:55.825+0000] {processor.py:183} INFO - Processing /home/airflow/.local/lib/python3.12/site-packages/airflow/example_dags/example_params_trigger_ui.py took 0.046 seconds
[2024-07-25T03:42:26.789+0000] {processor.py:161} INFO - Started process (PID=284) to work on /home/airflow/.local/lib/python3.12/site-packages/airflow/example_dags/example_params_trigger_ui.py
[2024-07-25T03:42:26.790+0000] {processor.py:830} INFO - Processing file /home/airflow/.local/lib/python3.12/site-packages/airflow/example_dags/example_params_trigger_ui.py for tasks to queue
[2024-07-25T03:42:26.791+0000] {logging_mixin.py:188} INFO - [2024-07-25T03:42:26.791+0000] {dagbag.py:545} INFO - Filling up the DagBag from /home/airflow/.local/lib/python3.12/site-packages/airflow/example_dags/example_params_trigger_ui.py
[2024-07-25T03:42:26.797+0000] {processor.py:840} INFO - DAG(s) 'example_params_trigger_ui' retrieved from /home/airflow/.local/lib/python3.12/site-packages/airflow/example_dags/example_params_trigger_ui.py
[2024-07-25T03:42:26.824+0000] {logging_mixin.py:188} INFO - [2024-07-25T03:42:26.824+0000] {dag.py:3089} INFO - Sync 1 DAGs
[2024-07-25T03:42:26.835+0000] {logging_mixin.py:188} INFO - [2024-07-25T03:42:26.835+0000] {dag.py:3947} INFO - Setting next_dagrun for example_params_trigger_ui to None, run_after=None
[2024-07-25T03:42:26.846+0000] {processor.py:183} INFO - Processing /home/airflow/.local/lib/python3.12/site-packages/airflow/example_dags/example_params_trigger_ui.py took 0.061 seconds
[2024-07-25T03:42:57.168+0000] {processor.py:161} INFO - Started process (PID=342) to work on /home/airflow/.local/lib/python3.12/site-packages/airflow/example_dags/example_params_trigger_ui.py
[2024-07-25T03:42:57.169+0000] {processor.py:830} INFO - Processing file /home/airflow/.local/lib/python3.12/site-packages/airflow/example_dags/example_params_trigger_ui.py for tasks to queue
[2024-07-25T03:42:57.170+0000] {logging_mixin.py:188} INFO - [2024-07-25T03:42:57.170+0000] {dagbag.py:545} INFO - Filling up the DagBag from /home/airflow/.local/lib/python3.12/site-packages/airflow/example_dags/example_params_trigger_ui.py
[2024-07-25T03:42:57.176+0000] {processor.py:840} INFO - DAG(s) 'example_params_trigger_ui' retrieved from /home/airflow/.local/lib/python3.12/site-packages/airflow/example_dags/example_params_trigger_ui.py
[2024-07-25T03:42:57.198+0000] {logging_mixin.py:188} INFO - [2024-07-25T03:42:57.197+0000] {dag.py:3089} INFO - Sync 1 DAGs
[2024-07-25T03:42:57.204+0000] {logging_mixin.py:188} INFO - [2024-07-25T03:42:57.204+0000] {dag.py:3947} INFO - Setting next_dagrun for example_params_trigger_ui to None, run_after=None
[2024-07-25T03:42:57.214+0000] {processor.py:183} INFO - Processing /home/airflow/.local/lib/python3.12/site-packages/airflow/example_dags/example_params_trigger_ui.py took 0.050 seconds
[2024-07-25T03:43:27.445+0000] {processor.py:161} INFO - Started process (PID=400) to work on /home/airflow/.local/lib/python3.12/site-packages/airflow/example_dags/example_params_trigger_ui.py
[2024-07-25T03:43:27.446+0000] {processor.py:830} INFO - Processing file /home/airflow/.local/lib/python3.12/site-packages/airflow/example_dags/example_params_trigger_ui.py for tasks to queue
[2024-07-25T03:43:27.447+0000] {logging_mixin.py:188} INFO - [2024-07-25T03:43:27.447+0000] {dagbag.py:545} INFO - Filling up the DagBag from /home/airflow/.local/lib/python3.12/site-packages/airflow/example_dags/example_params_trigger_ui.py
[2024-07-25T03:43:27.452+0000] {processor.py:840} INFO - DAG(s) 'example_params_trigger_ui' retrieved from /home/airflow/.local/lib/python3.12/site-packages/airflow/example_dags/example_params_trigger_ui.py
[2024-07-25T03:43:27.473+0000] {logging_mixin.py:188} INFO - [2024-07-25T03:43:27.473+0000] {dag.py:3089} INFO - Sync 1 DAGs
[2024-07-25T03:43:27.480+0000] {logging_mixin.py:188} INFO - [2024-07-25T03:43:27.480+0000] {dag.py:3947} INFO - Setting next_dagrun for example_params_trigger_ui to None, run_after=None
[2024-07-25T03:43:27.489+0000] {processor.py:183} INFO - Processing /home/airflow/.local/lib/python3.12/site-packages/airflow/example_dags/example_params_trigger_ui.py took 0.048 seconds
[2024-07-25T03:43:57.739+0000] {processor.py:161} INFO - Started process (PID=458) to work on /home/airflow/.local/lib/python3.12/site-packages/airflow/example_dags/example_params_trigger_ui.py
[2024-07-25T03:43:57.740+0000] {processor.py:830} INFO - Processing file /home/airflow/.local/lib/python3.12/site-packages/airflow/example_dags/example_params_trigger_ui.py for tasks to queue
[2024-07-25T03:43:57.742+0000] {logging_mixin.py:188} INFO - [2024-07-25T03:43:57.741+0000] {dagbag.py:545} INFO - Filling up the DagBag from /home/airflow/.local/lib/python3.12/site-packages/airflow/example_dags/example_params_trigger_ui.py
[2024-07-25T03:43:57.747+0000] {processor.py:840} INFO - DAG(s) 'example_params_trigger_ui' retrieved from /home/airflow/.local/lib/python3.12/site-packages/airflow/example_dags/example_params_trigger_ui.py
[2024-07-25T03:43:57.770+0000] {logging_mixin.py:188} INFO - [2024-07-25T03:43:57.769+0000] {dag.py:3089} INFO - Sync 1 DAGs
[2024-07-25T03:43:57.776+0000] {logging_mixin.py:188} INFO - [2024-07-25T03:43:57.776+0000] {dag.py:3947} INFO - Setting next_dagrun for example_params_trigger_ui to None, run_after=None
[2024-07-25T03:43:57.787+0000] {processor.py:183} INFO - Processing /home/airflow/.local/lib/python3.12/site-packages/airflow/example_dags/example_params_trigger_ui.py took 0.053 seconds
[2024-07-25T03:44:27.919+0000] {processor.py:161} INFO - Started process (PID=516) to work on /home/airflow/.local/lib/python3.12/site-packages/airflow/example_dags/example_params_trigger_ui.py
[2024-07-25T03:44:27.920+0000] {processor.py:830} INFO - Processing file /home/airflow/.local/lib/python3.12/site-packages/airflow/example_dags/example_params_trigger_ui.py for tasks to queue
[2024-07-25T03:44:27.922+0000] {logging_mixin.py:188} INFO - [2024-07-25T03:44:27.921+0000] {dagbag.py:545} INFO - Filling up the DagBag from /home/airflow/.local/lib/python3.12/site-packages/airflow/example_dags/example_params_trigger_ui.py
[2024-07-25T03:44:27.929+0000] {processor.py:840} INFO - DAG(s) 'example_params_trigger_ui' retrieved from /home/airflow/.local/lib/python3.12/site-packages/airflow/example_dags/example_params_trigger_ui.py
[2024-07-25T03:44:27.956+0000] {logging_mixin.py:188} INFO - [2024-07-25T03:44:27.956+0000] {dag.py:3089} INFO - Sync 1 DAGs
[2024-07-25T03:44:27.964+0000] {logging_mixin.py:188} INFO - [2024-07-25T03:44:27.964+0000] {dag.py:3947} INFO - Setting next_dagrun for example_params_trigger_ui to None, run_after=None
[2024-07-25T03:44:27.977+0000] {processor.py:183} INFO - Processing /home/airflow/.local/lib/python3.12/site-packages/airflow/example_dags/example_params_trigger_ui.py took 0.062 seconds
[2024-07-25T03:44:58.232+0000] {processor.py:161} INFO - Started process (PID=574) to work on /home/airflow/.local/lib/python3.12/site-packages/airflow/example_dags/example_params_trigger_ui.py
[2024-07-25T03:44:58.233+0000] {processor.py:830} INFO - Processing file /home/airflow/.local/lib/python3.12/site-packages/airflow/example_dags/example_params_trigger_ui.py for tasks to queue
[2024-07-25T03:44:58.234+0000] {logging_mixin.py:188} INFO - [2024-07-25T03:44:58.234+0000] {dagbag.py:545} INFO - Filling up the DagBag from /home/airflow/.local/lib/python3.12/site-packages/airflow/example_dags/example_params_trigger_ui.py
[2024-07-25T03:44:58.239+0000] {processor.py:840} INFO - DAG(s) 'example_params_trigger_ui' retrieved from /home/airflow/.local/lib/python3.12/site-packages/airflow/example_dags/example_params_trigger_ui.py
[2024-07-25T03:44:58.261+0000] {logging_mixin.py:188} INFO - [2024-07-25T03:44:58.260+0000] {dag.py:3089} INFO - Sync 1 DAGs
[2024-07-25T03:44:58.267+0000] {logging_mixin.py:188} INFO - [2024-07-25T03:44:58.267+0000] {dag.py:3947} INFO - Setting next_dagrun for example_params_trigger_ui to None, run_after=None
[2024-07-25T03:44:58.276+0000] {processor.py:183} INFO - Processing /home/airflow/.local/lib/python3.12/site-packages/airflow/example_dags/example_params_trigger_ui.py took 0.048 seconds
[2024-07-25T03:45:28.529+0000] {processor.py:161} INFO - Started process (PID=632) to work on /home/airflow/.local/lib/python3.12/site-packages/airflow/example_dags/example_params_trigger_ui.py
[2024-07-25T03:45:28.530+0000] {processor.py:830} INFO - Processing file /home/airflow/.local/lib/python3.12/site-packages/airflow/example_dags/example_params_trigger_ui.py for tasks to queue
[2024-07-25T03:45:28.531+0000] {logging_mixin.py:188} INFO - [2024-07-25T03:45:28.531+0000] {dagbag.py:545} INFO - Filling up the DagBag from /home/airflow/.local/lib/python3.12/site-packages/airflow/example_dags/example_params_trigger_ui.py
[2024-07-25T03:45:28.537+0000] {processor.py:840} INFO - DAG(s) 'example_params_trigger_ui' retrieved from /home/airflow/.local/lib/python3.12/site-packages/airflow/example_dags/example_params_trigger_ui.py
[2024-07-25T03:45:28.558+0000] {logging_mixin.py:188} INFO - [2024-07-25T03:45:28.558+0000] {dag.py:3089} INFO - Sync 1 DAGs
[2024-07-25T03:45:28.565+0000] {logging_mixin.py:188} INFO - [2024-07-25T03:45:28.565+0000] {dag.py:3947} INFO - Setting next_dagrun for example_params_trigger_ui to None, run_after=None
[2024-07-25T03:45:28.574+0000] {processor.py:183} INFO - Processing /home/airflow/.local/lib/python3.12/site-packages/airflow/example_dags/example_params_trigger_ui.py took 0.049 seconds
[2024-07-25T03:45:58.812+0000] {processor.py:161} INFO - Started process (PID=690) to work on /home/airflow/.local/lib/python3.12/site-packages/airflow/example_dags/example_params_trigger_ui.py
[2024-07-25T03:45:58.813+0000] {processor.py:830} INFO - Processing file /home/airflow/.local/lib/python3.12/site-packages/airflow/example_dags/example_params_trigger_ui.py for tasks to queue
[2024-07-25T03:45:58.814+0000] {logging_mixin.py:188} INFO - [2024-07-25T03:45:58.814+0000] {dagbag.py:545} INFO - Filling up the DagBag from /home/airflow/.local/lib/python3.12/site-packages/airflow/example_dags/example_params_trigger_ui.py
[2024-07-25T03:45:58.819+0000] {processor.py:840} INFO - DAG(s) 'example_params_trigger_ui' retrieved from /home/airflow/.local/lib/python3.12/site-packages/airflow/example_dags/example_params_trigger_ui.py
[2024-07-25T03:45:58.841+0000] {logging_mixin.py:188} INFO - [2024-07-25T03:45:58.840+0000] {dag.py:3089} INFO - Sync 1 DAGs
[2024-07-25T03:45:58.848+0000] {logging_mixin.py:188} INFO - [2024-07-25T03:45:58.847+0000] {dag.py:3947} INFO - Setting next_dagrun for example_params_trigger_ui to None, run_after=None
[2024-07-25T03:45:58.857+0000] {processor.py:183} INFO - Processing /home/airflow/.local/lib/python3.12/site-packages/airflow/example_dags/example_params_trigger_ui.py took 0.049 seconds
[2024-07-25T03:46:29.015+0000] {processor.py:161} INFO - Started process (PID=748) to work on /home/airflow/.local/lib/python3.12/site-packages/airflow/example_dags/example_params_trigger_ui.py
[2024-07-25T03:46:29.016+0000] {processor.py:830} INFO - Processing file /home/airflow/.local/lib/python3.12/site-packages/airflow/example_dags/example_params_trigger_ui.py for tasks to queue
[2024-07-25T03:46:29.017+0000] {logging_mixin.py:188} INFO - [2024-07-25T03:46:29.017+0000] {dagbag.py:545} INFO - Filling up the DagBag from /home/airflow/.local/lib/python3.12/site-packages/airflow/example_dags/example_params_trigger_ui.py
[2024-07-25T03:46:29.022+0000] {processor.py:840} INFO - DAG(s) 'example_params_trigger_ui' retrieved from /home/airflow/.local/lib/python3.12/site-packages/airflow/example_dags/example_params_trigger_ui.py
[2024-07-25T03:46:29.043+0000] {logging_mixin.py:188} INFO - [2024-07-25T03:46:29.043+0000] {dag.py:3089} INFO - Sync 1 DAGs
[2024-07-25T03:46:29.050+0000] {logging_mixin.py:188} INFO - [2024-07-25T03:46:29.050+0000] {dag.py:3947} INFO - Setting next_dagrun for example_params_trigger_ui to None, run_after=None
[2024-07-25T03:46:29.060+0000] {processor.py:183} INFO - Processing /home/airflow/.local/lib/python3.12/site-packages/airflow/example_dags/example_params_trigger_ui.py took 0.049 seconds
[2024-07-25T03:46:59.435+0000] {processor.py:161} INFO - Started process (PID=806) to work on /home/airflow/.local/lib/python3.12/site-packages/airflow/example_dags/example_params_trigger_ui.py
[2024-07-25T03:46:59.437+0000] {processor.py:830} INFO - Processing file /home/airflow/.local/lib/python3.12/site-packages/airflow/example_dags/example_params_trigger_ui.py for tasks to queue
[2024-07-25T03:46:59.439+0000] {logging_mixin.py:188} INFO - [2024-07-25T03:46:59.439+0000] {dagbag.py:545} INFO - Filling up the DagBag from /home/airflow/.local/lib/python3.12/site-packages/airflow/example_dags/example_params_trigger_ui.py
[2024-07-25T03:46:59.449+0000] {processor.py:840} INFO - DAG(s) 'example_params_trigger_ui' retrieved from /home/airflow/.local/lib/python3.12/site-packages/airflow/example_dags/example_params_trigger_ui.py
[2024-07-25T03:46:59.481+0000] {logging_mixin.py:188} INFO - [2024-07-25T03:46:59.481+0000] {dag.py:3089} INFO - Sync 1 DAGs
[2024-07-25T03:46:59.491+0000] {logging_mixin.py:188} INFO - [2024-07-25T03:46:59.491+0000] {dag.py:3947} INFO - Setting next_dagrun for example_params_trigger_ui to None, run_after=None
[2024-07-25T03:46:59.504+0000] {processor.py:183} INFO - Processing /home/airflow/.local/lib/python3.12/site-packages/airflow/example_dags/example_params_trigger_ui.py took 0.075 seconds
[2024-07-25T03:47:29.681+0000] {processor.py:161} INFO - Started process (PID=864) to work on /home/airflow/.local/lib/python3.12/site-packages/airflow/example_dags/example_params_trigger_ui.py
[2024-07-25T03:47:29.682+0000] {processor.py:830} INFO - Processing file /home/airflow/.local/lib/python3.12/site-packages/airflow/example_dags/example_params_trigger_ui.py for tasks to queue
[2024-07-25T03:47:29.683+0000] {logging_mixin.py:188} INFO - [2024-07-25T03:47:29.683+0000] {dagbag.py:545} INFO - Filling up the DagBag from /home/airflow/.local/lib/python3.12/site-packages/airflow/example_dags/example_params_trigger_ui.py
[2024-07-25T03:47:29.689+0000] {processor.py:840} INFO - DAG(s) 'example_params_trigger_ui' retrieved from /home/airflow/.local/lib/python3.12/site-packages/airflow/example_dags/example_params_trigger_ui.py
[2024-07-25T03:47:29.709+0000] {logging_mixin.py:188} INFO - [2024-07-25T03:47:29.709+0000] {dag.py:3089} INFO - Sync 1 DAGs
[2024-07-25T03:47:29.716+0000] {logging_mixin.py:188} INFO - [2024-07-25T03:47:29.716+0000] {dag.py:3947} INFO - Setting next_dagrun for example_params_trigger_ui to None, run_after=None
[2024-07-25T03:47:29.726+0000] {processor.py:183} INFO - Processing /home/airflow/.local/lib/python3.12/site-packages/airflow/example_dags/example_params_trigger_ui.py took 0.048 seconds
[2024-07-25T03:48:00.795+0000] {processor.py:161} INFO - Started process (PID=922) to work on /home/airflow/.local/lib/python3.12/site-packages/airflow/example_dags/example_params_trigger_ui.py
[2024-07-25T03:48:00.796+0000] {processor.py:830} INFO - Processing file /home/airflow/.local/lib/python3.12/site-packages/airflow/example_dags/example_params_trigger_ui.py for tasks to queue
[2024-07-25T03:48:00.798+0000] {logging_mixin.py:188} INFO - [2024-07-25T03:48:00.798+0000] {dagbag.py:545} INFO - Filling up the DagBag from /home/airflow/.local/lib/python3.12/site-packages/airflow/example_dags/example_params_trigger_ui.py
[2024-07-25T03:48:00.804+0000] {processor.py:840} INFO - DAG(s) 'example_params_trigger_ui' retrieved from /home/airflow/.local/lib/python3.12/site-packages/airflow/example_dags/example_params_trigger_ui.py
[2024-07-25T03:48:00.827+0000] {logging_mixin.py:188} INFO - [2024-07-25T03:48:00.827+0000] {dag.py:3089} INFO - Sync 1 DAGs
[2024-07-25T03:48:00.835+0000] {logging_mixin.py:188} INFO - [2024-07-25T03:48:00.834+0000] {dag.py:3947} INFO - Setting next_dagrun for example_params_trigger_ui to None, run_after=None
[2024-07-25T03:48:00.846+0000] {processor.py:183} INFO - Processing /home/airflow/.local/lib/python3.12/site-packages/airflow/example_dags/example_params_trigger_ui.py took 0.054 seconds
[2024-07-25T03:48:30.901+0000] {processor.py:161} INFO - Started process (PID=980) to work on /home/airflow/.local/lib/python3.12/site-packages/airflow/example_dags/example_params_trigger_ui.py
[2024-07-25T03:48:30.902+0000] {processor.py:830} INFO - Processing file /home/airflow/.local/lib/python3.12/site-packages/airflow/example_dags/example_params_trigger_ui.py for tasks to queue
[2024-07-25T03:48:30.903+0000] {logging_mixin.py:188} INFO - [2024-07-25T03:48:30.903+0000] {dagbag.py:545} INFO - Filling up the DagBag from /home/airflow/.local/lib/python3.12/site-packages/airflow/example_dags/example_params_trigger_ui.py
[2024-07-25T03:48:30.909+0000] {processor.py:840} INFO - DAG(s) 'example_params_trigger_ui' retrieved from /home/airflow/.local/lib/python3.12/site-packages/airflow/example_dags/example_params_trigger_ui.py
[2024-07-25T03:48:30.934+0000] {logging_mixin.py:188} INFO - [2024-07-25T03:48:30.934+0000] {dag.py:3089} INFO - Sync 1 DAGs
[2024-07-25T03:48:30.942+0000] {logging_mixin.py:188} INFO - [2024-07-25T03:48:30.941+0000] {dag.py:3947} INFO - Setting next_dagrun for example_params_trigger_ui to None, run_after=None
[2024-07-25T03:48:30.953+0000] {processor.py:183} INFO - Processing /home/airflow/.local/lib/python3.12/site-packages/airflow/example_dags/example_params_trigger_ui.py took 0.056 seconds
[2024-07-25T03:49:01.010+0000] {processor.py:161} INFO - Started process (PID=1037) to work on /home/airflow/.local/lib/python3.12/site-packages/airflow/example_dags/example_params_trigger_ui.py
[2024-07-25T03:49:01.012+0000] {processor.py:830} INFO - Processing file /home/airflow/.local/lib/python3.12/site-packages/airflow/example_dags/example_params_trigger_ui.py for tasks to queue
[2024-07-25T03:49:01.013+0000] {logging_mixin.py:188} INFO - [2024-07-25T03:49:01.013+0000] {dagbag.py:545} INFO - Filling up the DagBag from /home/airflow/.local/lib/python3.12/site-packages/airflow/example_dags/example_params_trigger_ui.py
[2024-07-25T03:49:01.019+0000] {processor.py:840} INFO - DAG(s) 'example_params_trigger_ui' retrieved from /home/airflow/.local/lib/python3.12/site-packages/airflow/example_dags/example_params_trigger_ui.py
[2024-07-25T03:49:01.040+0000] {logging_mixin.py:188} INFO - [2024-07-25T03:49:01.040+0000] {dag.py:3089} INFO - Sync 1 DAGs
[2024-07-25T03:49:01.047+0000] {logging_mixin.py:188} INFO - [2024-07-25T03:49:01.047+0000] {dag.py:3947} INFO - Setting next_dagrun for example_params_trigger_ui to None, run_after=None
[2024-07-25T03:49:01.056+0000] {processor.py:183} INFO - Processing /home/airflow/.local/lib/python3.12/site-packages/airflow/example_dags/example_params_trigger_ui.py took 0.050 seconds
[2024-07-25T03:49:31.460+0000] {processor.py:161} INFO - Started process (PID=1095) to work on /home/airflow/.local/lib/python3.12/site-packages/airflow/example_dags/example_params_trigger_ui.py
[2024-07-25T03:49:31.461+0000] {processor.py:830} INFO - Processing file /home/airflow/.local/lib/python3.12/site-packages/airflow/example_dags/example_params_trigger_ui.py for tasks to queue
[2024-07-25T03:49:31.463+0000] {logging_mixin.py:188} INFO - [2024-07-25T03:49:31.462+0000] {dagbag.py:545} INFO - Filling up the DagBag from /home/airflow/.local/lib/python3.12/site-packages/airflow/example_dags/example_params_trigger_ui.py
[2024-07-25T03:49:31.468+0000] {processor.py:840} INFO - DAG(s) 'example_params_trigger_ui' retrieved from /home/airflow/.local/lib/python3.12/site-packages/airflow/example_dags/example_params_trigger_ui.py
[2024-07-25T03:49:31.489+0000] {logging_mixin.py:188} INFO - [2024-07-25T03:49:31.489+0000] {dag.py:3089} INFO - Sync 1 DAGs
[2024-07-25T03:49:31.495+0000] {logging_mixin.py:188} INFO - [2024-07-25T03:49:31.495+0000] {dag.py:3947} INFO - Setting next_dagrun for example_params_trigger_ui to None, run_after=None
[2024-07-25T03:49:31.504+0000] {processor.py:183} INFO - Processing /home/airflow/.local/lib/python3.12/site-packages/airflow/example_dags/example_params_trigger_ui.py took 0.047 seconds
[2024-07-25T03:50:01.788+0000] {processor.py:161} INFO - Started process (PID=1153) to work on /home/airflow/.local/lib/python3.12/site-packages/airflow/example_dags/example_params_trigger_ui.py
[2024-07-25T03:50:01.788+0000] {processor.py:830} INFO - Processing file /home/airflow/.local/lib/python3.12/site-packages/airflow/example_dags/example_params_trigger_ui.py for tasks to queue
[2024-07-25T03:50:01.790+0000] {logging_mixin.py:188} INFO - [2024-07-25T03:50:01.789+0000] {dagbag.py:545} INFO - Filling up the DagBag from /home/airflow/.local/lib/python3.12/site-packages/airflow/example_dags/example_params_trigger_ui.py
[2024-07-25T03:50:01.795+0000] {processor.py:840} INFO - DAG(s) 'example_params_trigger_ui' retrieved from /home/airflow/.local/lib/python3.12/site-packages/airflow/example_dags/example_params_trigger_ui.py
[2024-07-25T03:50:01.815+0000] {logging_mixin.py:188} INFO - [2024-07-25T03:50:01.815+0000] {dag.py:3089} INFO - Sync 1 DAGs
[2024-07-25T03:50:01.821+0000] {logging_mixin.py:188} INFO - [2024-07-25T03:50:01.821+0000] {dag.py:3947} INFO - Setting next_dagrun for example_params_trigger_ui to None, run_after=None
[2024-07-25T03:50:01.830+0000] {processor.py:183} INFO - Processing /home/airflow/.local/lib/python3.12/site-packages/airflow/example_dags/example_params_trigger_ui.py took 0.047 seconds
[2024-07-25T03:50:31.972+0000] {processor.py:161} INFO - Started process (PID=1211) to work on /home/airflow/.local/lib/python3.12/site-packages/airflow/example_dags/example_params_trigger_ui.py
[2024-07-25T03:50:31.972+0000] {processor.py:830} INFO - Processing file /home/airflow/.local/lib/python3.12/site-packages/airflow/example_dags/example_params_trigger_ui.py for tasks to queue
[2024-07-25T03:50:31.974+0000] {logging_mixin.py:188} INFO - [2024-07-25T03:50:31.973+0000] {dagbag.py:545} INFO - Filling up the DagBag from /home/airflow/.local/lib/python3.12/site-packages/airflow/example_dags/example_params_trigger_ui.py
[2024-07-25T03:50:31.979+0000] {processor.py:840} INFO - DAG(s) 'example_params_trigger_ui' retrieved from /home/airflow/.local/lib/python3.12/site-packages/airflow/example_dags/example_params_trigger_ui.py
[2024-07-25T03:50:31.999+0000] {logging_mixin.py:188} INFO - [2024-07-25T03:50:31.999+0000] {dag.py:3089} INFO - Sync 1 DAGs
[2024-07-25T03:50:32.006+0000] {logging_mixin.py:188} INFO - [2024-07-25T03:50:32.006+0000] {dag.py:3947} INFO - Setting next_dagrun for example_params_trigger_ui to None, run_after=None
[2024-07-25T03:50:32.016+0000] {processor.py:183} INFO - Processing /home/airflow/.local/lib/python3.12/site-packages/airflow/example_dags/example_params_trigger_ui.py took 0.048 seconds
[2024-07-25T03:51:02.288+0000] {processor.py:161} INFO - Started process (PID=1269) to work on /home/airflow/.local/lib/python3.12/site-packages/airflow/example_dags/example_params_trigger_ui.py
[2024-07-25T03:51:02.288+0000] {processor.py:830} INFO - Processing file /home/airflow/.local/lib/python3.12/site-packages/airflow/example_dags/example_params_trigger_ui.py for tasks to queue
[2024-07-25T03:51:02.290+0000] {logging_mixin.py:188} INFO - [2024-07-25T03:51:02.289+0000] {dagbag.py:545} INFO - Filling up the DagBag from /home/airflow/.local/lib/python3.12/site-packages/airflow/example_dags/example_params_trigger_ui.py
[2024-07-25T03:51:02.295+0000] {processor.py:840} INFO - DAG(s) 'example_params_trigger_ui' retrieved from /home/airflow/.local/lib/python3.12/site-packages/airflow/example_dags/example_params_trigger_ui.py
[2024-07-25T03:51:02.316+0000] {logging_mixin.py:188} INFO - [2024-07-25T03:51:02.316+0000] {dag.py:3089} INFO - Sync 1 DAGs
[2024-07-25T03:51:02.321+0000] {logging_mixin.py:188} INFO - [2024-07-25T03:51:02.321+0000] {dag.py:3947} INFO - Setting next_dagrun for example_params_trigger_ui to None, run_after=None
[2024-07-25T03:51:02.330+0000] {processor.py:183} INFO - Processing /home/airflow/.local/lib/python3.12/site-packages/airflow/example_dags/example_params_trigger_ui.py took 0.046 seconds
[2024-07-25T03:51:32.478+0000] {processor.py:161} INFO - Started process (PID=1327) to work on /home/airflow/.local/lib/python3.12/site-packages/airflow/example_dags/example_params_trigger_ui.py
[2024-07-25T03:51:32.479+0000] {processor.py:830} INFO - Processing file /home/airflow/.local/lib/python3.12/site-packages/airflow/example_dags/example_params_trigger_ui.py for tasks to queue
[2024-07-25T03:51:32.480+0000] {logging_mixin.py:188} INFO - [2024-07-25T03:51:32.480+0000] {dagbag.py:545} INFO - Filling up the DagBag from /home/airflow/.local/lib/python3.12/site-packages/airflow/example_dags/example_params_trigger_ui.py
[2024-07-25T03:51:32.486+0000] {processor.py:840} INFO - DAG(s) 'example_params_trigger_ui' retrieved from /home/airflow/.local/lib/python3.12/site-packages/airflow/example_dags/example_params_trigger_ui.py
[2024-07-25T03:51:32.507+0000] {logging_mixin.py:188} INFO - [2024-07-25T03:51:32.507+0000] {dag.py:3089} INFO - Sync 1 DAGs
[2024-07-25T03:51:32.513+0000] {logging_mixin.py:188} INFO - [2024-07-25T03:51:32.513+0000] {dag.py:3947} INFO - Setting next_dagrun for example_params_trigger_ui to None, run_after=None
[2024-07-25T03:51:32.522+0000] {processor.py:183} INFO - Processing /home/airflow/.local/lib/python3.12/site-packages/airflow/example_dags/example_params_trigger_ui.py took 0.048 seconds
[2024-07-25T03:52:02.603+0000] {processor.py:161} INFO - Started process (PID=1385) to work on /home/airflow/.local/lib/python3.12/site-packages/airflow/example_dags/example_params_trigger_ui.py
[2024-07-25T03:52:02.604+0000] {processor.py:830} INFO - Processing file /home/airflow/.local/lib/python3.12/site-packages/airflow/example_dags/example_params_trigger_ui.py for tasks to queue
[2024-07-25T03:52:02.605+0000] {logging_mixin.py:188} INFO - [2024-07-25T03:52:02.605+0000] {dagbag.py:545} INFO - Filling up the DagBag from /home/airflow/.local/lib/python3.12/site-packages/airflow/example_dags/example_params_trigger_ui.py
[2024-07-25T03:52:02.611+0000] {processor.py:840} INFO - DAG(s) 'example_params_trigger_ui' retrieved from /home/airflow/.local/lib/python3.12/site-packages/airflow/example_dags/example_params_trigger_ui.py
[2024-07-25T03:52:02.634+0000] {logging_mixin.py:188} INFO - [2024-07-25T03:52:02.634+0000] {dag.py:3089} INFO - Sync 1 DAGs
[2024-07-25T03:52:02.640+0000] {logging_mixin.py:188} INFO - [2024-07-25T03:52:02.640+0000] {dag.py:3947} INFO - Setting next_dagrun for example_params_trigger_ui to None, run_after=None
[2024-07-25T03:52:02.650+0000] {processor.py:183} INFO - Processing /home/airflow/.local/lib/python3.12/site-packages/airflow/example_dags/example_params_trigger_ui.py took 0.050 seconds
[2024-07-25T03:52:32.779+0000] {processor.py:161} INFO - Started process (PID=1443) to work on /home/airflow/.local/lib/python3.12/site-packages/airflow/example_dags/example_params_trigger_ui.py
[2024-07-25T03:52:32.779+0000] {processor.py:830} INFO - Processing file /home/airflow/.local/lib/python3.12/site-packages/airflow/example_dags/example_params_trigger_ui.py for tasks to queue
[2024-07-25T03:52:32.781+0000] {logging_mixin.py:188} INFO - [2024-07-25T03:52:32.780+0000] {dagbag.py:545} INFO - Filling up the DagBag from /home/airflow/.local/lib/python3.12/site-packages/airflow/example_dags/example_params_trigger_ui.py
[2024-07-25T03:52:32.786+0000] {processor.py:840} INFO - DAG(s) 'example_params_trigger_ui' retrieved from /home/airflow/.local/lib/python3.12/site-packages/airflow/example_dags/example_params_trigger_ui.py
[2024-07-25T03:52:32.807+0000] {logging_mixin.py:188} INFO - [2024-07-25T03:52:32.807+0000] {dag.py:3089} INFO - Sync 1 DAGs
[2024-07-25T03:52:32.813+0000] {logging_mixin.py:188} INFO - [2024-07-25T03:52:32.813+0000] {dag.py:3947} INFO - Setting next_dagrun for example_params_trigger_ui to None, run_after=None
[2024-07-25T03:52:32.823+0000] {processor.py:183} INFO - Processing /home/airflow/.local/lib/python3.12/site-packages/airflow/example_dags/example_params_trigger_ui.py took 0.048 seconds
[2024-07-25T04:03:46.702+0000] {processor.py:161} INFO - Started process (PID=52) to work on /home/airflow/.local/lib/python3.12/site-packages/airflow/example_dags/example_params_trigger_ui.py
[2024-07-25T04:03:46.703+0000] {processor.py:830} INFO - Processing file /home/airflow/.local/lib/python3.12/site-packages/airflow/example_dags/example_params_trigger_ui.py for tasks to queue
[2024-07-25T04:03:46.705+0000] {logging_mixin.py:188} INFO - [2024-07-25T04:03:46.705+0000] {dagbag.py:545} INFO - Filling up the DagBag from /home/airflow/.local/lib/python3.12/site-packages/airflow/example_dags/example_params_trigger_ui.py
[2024-07-25T04:03:46.715+0000] {processor.py:840} INFO - DAG(s) 'example_params_trigger_ui' retrieved from /home/airflow/.local/lib/python3.12/site-packages/airflow/example_dags/example_params_trigger_ui.py
[2024-07-25T04:03:46.737+0000] {logging_mixin.py:188} INFO - [2024-07-25T04:03:46.737+0000] {dag.py:3089} INFO - Sync 1 DAGs
[2024-07-25T04:03:46.749+0000] {logging_mixin.py:188} INFO - [2024-07-25T04:03:46.749+0000] {dag.py:3947} INFO - Setting next_dagrun for example_params_trigger_ui to None, run_after=None
[2024-07-25T04:03:46.763+0000] {processor.py:183} INFO - Processing /home/airflow/.local/lib/python3.12/site-packages/airflow/example_dags/example_params_trigger_ui.py took 0.065 seconds
[2024-07-25T04:04:17.799+0000] {processor.py:161} INFO - Started process (PID=110) to work on /home/airflow/.local/lib/python3.12/site-packages/airflow/example_dags/example_params_trigger_ui.py
[2024-07-25T04:04:17.800+0000] {processor.py:830} INFO - Processing file /home/airflow/.local/lib/python3.12/site-packages/airflow/example_dags/example_params_trigger_ui.py for tasks to queue
[2024-07-25T04:04:17.801+0000] {logging_mixin.py:188} INFO - [2024-07-25T04:04:17.801+0000] {dagbag.py:545} INFO - Filling up the DagBag from /home/airflow/.local/lib/python3.12/site-packages/airflow/example_dags/example_params_trigger_ui.py
[2024-07-25T04:04:17.807+0000] {processor.py:840} INFO - DAG(s) 'example_params_trigger_ui' retrieved from /home/airflow/.local/lib/python3.12/site-packages/airflow/example_dags/example_params_trigger_ui.py
[2024-07-25T04:04:17.878+0000] {logging_mixin.py:188} INFO - [2024-07-25T04:04:17.877+0000] {dag.py:3089} INFO - Sync 1 DAGs
[2024-07-25T04:04:17.885+0000] {logging_mixin.py:188} INFO - [2024-07-25T04:04:17.884+0000] {dag.py:3947} INFO - Setting next_dagrun for example_params_trigger_ui to None, run_after=None
[2024-07-25T04:04:17.896+0000] {processor.py:183} INFO - Processing /home/airflow/.local/lib/python3.12/site-packages/airflow/example_dags/example_params_trigger_ui.py took 0.101 seconds
[2024-07-25T04:04:48.076+0000] {processor.py:161} INFO - Started process (PID=168) to work on /home/airflow/.local/lib/python3.12/site-packages/airflow/example_dags/example_params_trigger_ui.py
[2024-07-25T04:04:48.077+0000] {processor.py:830} INFO - Processing file /home/airflow/.local/lib/python3.12/site-packages/airflow/example_dags/example_params_trigger_ui.py for tasks to queue
[2024-07-25T04:04:48.078+0000] {logging_mixin.py:188} INFO - [2024-07-25T04:04:48.078+0000] {dagbag.py:545} INFO - Filling up the DagBag from /home/airflow/.local/lib/python3.12/site-packages/airflow/example_dags/example_params_trigger_ui.py
[2024-07-25T04:04:48.084+0000] {processor.py:840} INFO - DAG(s) 'example_params_trigger_ui' retrieved from /home/airflow/.local/lib/python3.12/site-packages/airflow/example_dags/example_params_trigger_ui.py
[2024-07-25T04:04:48.106+0000] {logging_mixin.py:188} INFO - [2024-07-25T04:04:48.105+0000] {dag.py:3089} INFO - Sync 1 DAGs
[2024-07-25T04:04:48.113+0000] {logging_mixin.py:188} INFO - [2024-07-25T04:04:48.112+0000] {dag.py:3947} INFO - Setting next_dagrun for example_params_trigger_ui to None, run_after=None
[2024-07-25T04:04:48.121+0000] {processor.py:183} INFO - Processing /home/airflow/.local/lib/python3.12/site-packages/airflow/example_dags/example_params_trigger_ui.py took 0.049 seconds
[2024-07-25T04:05:18.235+0000] {processor.py:161} INFO - Started process (PID=226) to work on /home/airflow/.local/lib/python3.12/site-packages/airflow/example_dags/example_params_trigger_ui.py
[2024-07-25T04:05:18.236+0000] {processor.py:830} INFO - Processing file /home/airflow/.local/lib/python3.12/site-packages/airflow/example_dags/example_params_trigger_ui.py for tasks to queue
[2024-07-25T04:05:18.237+0000] {logging_mixin.py:188} INFO - [2024-07-25T04:05:18.237+0000] {dagbag.py:545} INFO - Filling up the DagBag from /home/airflow/.local/lib/python3.12/site-packages/airflow/example_dags/example_params_trigger_ui.py
[2024-07-25T04:05:18.243+0000] {processor.py:840} INFO - DAG(s) 'example_params_trigger_ui' retrieved from /home/airflow/.local/lib/python3.12/site-packages/airflow/example_dags/example_params_trigger_ui.py
[2024-07-25T04:05:18.263+0000] {logging_mixin.py:188} INFO - [2024-07-25T04:05:18.263+0000] {dag.py:3089} INFO - Sync 1 DAGs
[2024-07-25T04:05:18.270+0000] {logging_mixin.py:188} INFO - [2024-07-25T04:05:18.270+0000] {dag.py:3947} INFO - Setting next_dagrun for example_params_trigger_ui to None, run_after=None
[2024-07-25T04:05:18.280+0000] {processor.py:183} INFO - Processing /home/airflow/.local/lib/python3.12/site-packages/airflow/example_dags/example_params_trigger_ui.py took 0.049 seconds
[2024-07-25T04:05:48.438+0000] {processor.py:161} INFO - Started process (PID=284) to work on /home/airflow/.local/lib/python3.12/site-packages/airflow/example_dags/example_params_trigger_ui.py
[2024-07-25T04:05:48.439+0000] {processor.py:830} INFO - Processing file /home/airflow/.local/lib/python3.12/site-packages/airflow/example_dags/example_params_trigger_ui.py for tasks to queue
[2024-07-25T04:05:48.440+0000] {logging_mixin.py:188} INFO - [2024-07-25T04:05:48.440+0000] {dagbag.py:545} INFO - Filling up the DagBag from /home/airflow/.local/lib/python3.12/site-packages/airflow/example_dags/example_params_trigger_ui.py
[2024-07-25T04:05:48.445+0000] {processor.py:840} INFO - DAG(s) 'example_params_trigger_ui' retrieved from /home/airflow/.local/lib/python3.12/site-packages/airflow/example_dags/example_params_trigger_ui.py
[2024-07-25T04:05:48.466+0000] {logging_mixin.py:188} INFO - [2024-07-25T04:05:48.466+0000] {dag.py:3089} INFO - Sync 1 DAGs
[2024-07-25T04:05:48.472+0000] {logging_mixin.py:188} INFO - [2024-07-25T04:05:48.472+0000] {dag.py:3947} INFO - Setting next_dagrun for example_params_trigger_ui to None, run_after=None
[2024-07-25T04:05:48.480+0000] {processor.py:183} INFO - Processing /home/airflow/.local/lib/python3.12/site-packages/airflow/example_dags/example_params_trigger_ui.py took 0.046 seconds
[2024-07-25T04:06:19.468+0000] {processor.py:161} INFO - Started process (PID=342) to work on /home/airflow/.local/lib/python3.12/site-packages/airflow/example_dags/example_params_trigger_ui.py
[2024-07-25T04:06:19.469+0000] {processor.py:830} INFO - Processing file /home/airflow/.local/lib/python3.12/site-packages/airflow/example_dags/example_params_trigger_ui.py for tasks to queue
[2024-07-25T04:06:19.470+0000] {logging_mixin.py:188} INFO - [2024-07-25T04:06:19.470+0000] {dagbag.py:545} INFO - Filling up the DagBag from /home/airflow/.local/lib/python3.12/site-packages/airflow/example_dags/example_params_trigger_ui.py
[2024-07-25T04:06:19.476+0000] {processor.py:840} INFO - DAG(s) 'example_params_trigger_ui' retrieved from /home/airflow/.local/lib/python3.12/site-packages/airflow/example_dags/example_params_trigger_ui.py
[2024-07-25T04:06:19.497+0000] {logging_mixin.py:188} INFO - [2024-07-25T04:06:19.496+0000] {dag.py:3089} INFO - Sync 1 DAGs
[2024-07-25T04:06:19.504+0000] {logging_mixin.py:188} INFO - [2024-07-25T04:06:19.504+0000] {dag.py:3947} INFO - Setting next_dagrun for example_params_trigger_ui to None, run_after=None
[2024-07-25T04:06:19.513+0000] {processor.py:183} INFO - Processing /home/airflow/.local/lib/python3.12/site-packages/airflow/example_dags/example_params_trigger_ui.py took 0.049 seconds
[2024-07-25T04:06:49.944+0000] {processor.py:161} INFO - Started process (PID=400) to work on /home/airflow/.local/lib/python3.12/site-packages/airflow/example_dags/example_params_trigger_ui.py
[2024-07-25T04:06:49.945+0000] {processor.py:830} INFO - Processing file /home/airflow/.local/lib/python3.12/site-packages/airflow/example_dags/example_params_trigger_ui.py for tasks to queue
[2024-07-25T04:06:49.946+0000] {logging_mixin.py:188} INFO - [2024-07-25T04:06:49.946+0000] {dagbag.py:545} INFO - Filling up the DagBag from /home/airflow/.local/lib/python3.12/site-packages/airflow/example_dags/example_params_trigger_ui.py
[2024-07-25T04:06:49.952+0000] {processor.py:840} INFO - DAG(s) 'example_params_trigger_ui' retrieved from /home/airflow/.local/lib/python3.12/site-packages/airflow/example_dags/example_params_trigger_ui.py
[2024-07-25T04:06:49.972+0000] {logging_mixin.py:188} INFO - [2024-07-25T04:06:49.972+0000] {dag.py:3089} INFO - Sync 1 DAGs
[2024-07-25T04:06:49.979+0000] {logging_mixin.py:188} INFO - [2024-07-25T04:06:49.979+0000] {dag.py:3947} INFO - Setting next_dagrun for example_params_trigger_ui to None, run_after=None
[2024-07-25T04:06:49.988+0000] {processor.py:183} INFO - Processing /home/airflow/.local/lib/python3.12/site-packages/airflow/example_dags/example_params_trigger_ui.py took 0.048 seconds
[2024-07-25T04:07:20.326+0000] {processor.py:161} INFO - Started process (PID=458) to work on /home/airflow/.local/lib/python3.12/site-packages/airflow/example_dags/example_params_trigger_ui.py
[2024-07-25T04:07:20.327+0000] {processor.py:830} INFO - Processing file /home/airflow/.local/lib/python3.12/site-packages/airflow/example_dags/example_params_trigger_ui.py for tasks to queue
[2024-07-25T04:07:20.328+0000] {logging_mixin.py:188} INFO - [2024-07-25T04:07:20.328+0000] {dagbag.py:545} INFO - Filling up the DagBag from /home/airflow/.local/lib/python3.12/site-packages/airflow/example_dags/example_params_trigger_ui.py
[2024-07-25T04:07:20.333+0000] {processor.py:840} INFO - DAG(s) 'example_params_trigger_ui' retrieved from /home/airflow/.local/lib/python3.12/site-packages/airflow/example_dags/example_params_trigger_ui.py
[2024-07-25T04:07:20.354+0000] {logging_mixin.py:188} INFO - [2024-07-25T04:07:20.354+0000] {dag.py:3089} INFO - Sync 1 DAGs
[2024-07-25T04:07:20.361+0000] {logging_mixin.py:188} INFO - [2024-07-25T04:07:20.361+0000] {dag.py:3947} INFO - Setting next_dagrun for example_params_trigger_ui to None, run_after=None
[2024-07-25T04:07:20.370+0000] {processor.py:183} INFO - Processing /home/airflow/.local/lib/python3.12/site-packages/airflow/example_dags/example_params_trigger_ui.py took 0.048 seconds
[2024-07-25T04:07:50.502+0000] {processor.py:161} INFO - Started process (PID=516) to work on /home/airflow/.local/lib/python3.12/site-packages/airflow/example_dags/example_params_trigger_ui.py
[2024-07-25T04:07:50.503+0000] {processor.py:830} INFO - Processing file /home/airflow/.local/lib/python3.12/site-packages/airflow/example_dags/example_params_trigger_ui.py for tasks to queue
[2024-07-25T04:07:50.504+0000] {logging_mixin.py:188} INFO - [2024-07-25T04:07:50.504+0000] {dagbag.py:545} INFO - Filling up the DagBag from /home/airflow/.local/lib/python3.12/site-packages/airflow/example_dags/example_params_trigger_ui.py
[2024-07-25T04:07:50.510+0000] {processor.py:840} INFO - DAG(s) 'example_params_trigger_ui' retrieved from /home/airflow/.local/lib/python3.12/site-packages/airflow/example_dags/example_params_trigger_ui.py
[2024-07-25T04:07:50.531+0000] {logging_mixin.py:188} INFO - [2024-07-25T04:07:50.531+0000] {dag.py:3089} INFO - Sync 1 DAGs
[2024-07-25T04:07:50.539+0000] {logging_mixin.py:188} INFO - [2024-07-25T04:07:50.539+0000] {dag.py:3947} INFO - Setting next_dagrun for example_params_trigger_ui to None, run_after=None
[2024-07-25T04:07:50.549+0000] {processor.py:183} INFO - Processing /home/airflow/.local/lib/python3.12/site-packages/airflow/example_dags/example_params_trigger_ui.py took 0.050 seconds
[2024-07-25T04:08:20.661+0000] {processor.py:161} INFO - Started process (PID=574) to work on /home/airflow/.local/lib/python3.12/site-packages/airflow/example_dags/example_params_trigger_ui.py
[2024-07-25T04:08:20.662+0000] {processor.py:830} INFO - Processing file /home/airflow/.local/lib/python3.12/site-packages/airflow/example_dags/example_params_trigger_ui.py for tasks to queue
[2024-07-25T04:08:20.663+0000] {logging_mixin.py:188} INFO - [2024-07-25T04:08:20.663+0000] {dagbag.py:545} INFO - Filling up the DagBag from /home/airflow/.local/lib/python3.12/site-packages/airflow/example_dags/example_params_trigger_ui.py
[2024-07-25T04:08:20.669+0000] {processor.py:840} INFO - DAG(s) 'example_params_trigger_ui' retrieved from /home/airflow/.local/lib/python3.12/site-packages/airflow/example_dags/example_params_trigger_ui.py
[2024-07-25T04:08:20.690+0000] {logging_mixin.py:188} INFO - [2024-07-25T04:08:20.690+0000] {dag.py:3089} INFO - Sync 1 DAGs
[2024-07-25T04:08:20.696+0000] {logging_mixin.py:188} INFO - [2024-07-25T04:08:20.696+0000] {dag.py:3947} INFO - Setting next_dagrun for example_params_trigger_ui to None, run_after=None
[2024-07-25T04:08:20.706+0000] {processor.py:183} INFO - Processing /home/airflow/.local/lib/python3.12/site-packages/airflow/example_dags/example_params_trigger_ui.py took 0.049 seconds
[2024-07-25T04:08:51.768+0000] {processor.py:161} INFO - Started process (PID=632) to work on /home/airflow/.local/lib/python3.12/site-packages/airflow/example_dags/example_params_trigger_ui.py
[2024-07-25T04:08:51.770+0000] {processor.py:830} INFO - Processing file /home/airflow/.local/lib/python3.12/site-packages/airflow/example_dags/example_params_trigger_ui.py for tasks to queue
[2024-07-25T04:08:51.773+0000] {logging_mixin.py:188} INFO - [2024-07-25T04:08:51.772+0000] {dagbag.py:545} INFO - Filling up the DagBag from /home/airflow/.local/lib/python3.12/site-packages/airflow/example_dags/example_params_trigger_ui.py
[2024-07-25T04:08:51.781+0000] {processor.py:840} INFO - DAG(s) 'example_params_trigger_ui' retrieved from /home/airflow/.local/lib/python3.12/site-packages/airflow/example_dags/example_params_trigger_ui.py
[2024-07-25T04:08:51.806+0000] {logging_mixin.py:188} INFO - [2024-07-25T04:08:51.806+0000] {dag.py:3089} INFO - Sync 1 DAGs
[2024-07-25T04:08:51.813+0000] {logging_mixin.py:188} INFO - [2024-07-25T04:08:51.813+0000] {dag.py:3947} INFO - Setting next_dagrun for example_params_trigger_ui to None, run_after=None
[2024-07-25T04:08:51.825+0000] {processor.py:183} INFO - Processing /home/airflow/.local/lib/python3.12/site-packages/airflow/example_dags/example_params_trigger_ui.py took 0.064 seconds
[2024-07-25T04:09:22.196+0000] {processor.py:161} INFO - Started process (PID=691) to work on /home/airflow/.local/lib/python3.12/site-packages/airflow/example_dags/example_params_trigger_ui.py
[2024-07-25T04:09:22.197+0000] {processor.py:830} INFO - Processing file /home/airflow/.local/lib/python3.12/site-packages/airflow/example_dags/example_params_trigger_ui.py for tasks to queue
[2024-07-25T04:09:22.199+0000] {logging_mixin.py:188} INFO - [2024-07-25T04:09:22.199+0000] {dagbag.py:545} INFO - Filling up the DagBag from /home/airflow/.local/lib/python3.12/site-packages/airflow/example_dags/example_params_trigger_ui.py
[2024-07-25T04:09:22.212+0000] {processor.py:840} INFO - DAG(s) 'example_params_trigger_ui' retrieved from /home/airflow/.local/lib/python3.12/site-packages/airflow/example_dags/example_params_trigger_ui.py
[2024-07-25T04:09:22.236+0000] {logging_mixin.py:188} INFO - [2024-07-25T04:09:22.236+0000] {dag.py:3089} INFO - Sync 1 DAGs
[2024-07-25T04:09:22.243+0000] {logging_mixin.py:188} INFO - [2024-07-25T04:09:22.243+0000] {dag.py:3947} INFO - Setting next_dagrun for example_params_trigger_ui to None, run_after=None
[2024-07-25T04:09:22.253+0000] {processor.py:183} INFO - Processing /home/airflow/.local/lib/python3.12/site-packages/airflow/example_dags/example_params_trigger_ui.py took 0.061 seconds
[2024-07-25T04:09:52.453+0000] {processor.py:161} INFO - Started process (PID=749) to work on /home/airflow/.local/lib/python3.12/site-packages/airflow/example_dags/example_params_trigger_ui.py
[2024-07-25T04:09:52.454+0000] {processor.py:830} INFO - Processing file /home/airflow/.local/lib/python3.12/site-packages/airflow/example_dags/example_params_trigger_ui.py for tasks to queue
[2024-07-25T04:09:52.455+0000] {logging_mixin.py:188} INFO - [2024-07-25T04:09:52.455+0000] {dagbag.py:545} INFO - Filling up the DagBag from /home/airflow/.local/lib/python3.12/site-packages/airflow/example_dags/example_params_trigger_ui.py
[2024-07-25T04:09:52.461+0000] {processor.py:840} INFO - DAG(s) 'example_params_trigger_ui' retrieved from /home/airflow/.local/lib/python3.12/site-packages/airflow/example_dags/example_params_trigger_ui.py
[2024-07-25T04:09:52.483+0000] {logging_mixin.py:188} INFO - [2024-07-25T04:09:52.482+0000] {dag.py:3089} INFO - Sync 1 DAGs
[2024-07-25T04:09:52.490+0000] {logging_mixin.py:188} INFO - [2024-07-25T04:09:52.489+0000] {dag.py:3947} INFO - Setting next_dagrun for example_params_trigger_ui to None, run_after=None
[2024-07-25T04:09:52.499+0000] {processor.py:183} INFO - Processing /home/airflow/.local/lib/python3.12/site-packages/airflow/example_dags/example_params_trigger_ui.py took 0.050 seconds
[2024-07-25T04:10:23.123+0000] {processor.py:161} INFO - Started process (PID=807) to work on /home/airflow/.local/lib/python3.12/site-packages/airflow/example_dags/example_params_trigger_ui.py
[2024-07-25T04:10:23.124+0000] {processor.py:830} INFO - Processing file /home/airflow/.local/lib/python3.12/site-packages/airflow/example_dags/example_params_trigger_ui.py for tasks to queue
[2024-07-25T04:10:23.126+0000] {logging_mixin.py:188} INFO - [2024-07-25T04:10:23.126+0000] {dagbag.py:545} INFO - Filling up the DagBag from /home/airflow/.local/lib/python3.12/site-packages/airflow/example_dags/example_params_trigger_ui.py
[2024-07-25T04:10:23.135+0000] {processor.py:840} INFO - DAG(s) 'example_params_trigger_ui' retrieved from /home/airflow/.local/lib/python3.12/site-packages/airflow/example_dags/example_params_trigger_ui.py
[2024-07-25T04:10:23.164+0000] {logging_mixin.py:188} INFO - [2024-07-25T04:10:23.164+0000] {dag.py:3089} INFO - Sync 1 DAGs
[2024-07-25T04:10:23.174+0000] {logging_mixin.py:188} INFO - [2024-07-25T04:10:23.174+0000] {dag.py:3947} INFO - Setting next_dagrun for example_params_trigger_ui to None, run_after=None
[2024-07-25T04:10:23.187+0000] {processor.py:183} INFO - Processing /home/airflow/.local/lib/python3.12/site-packages/airflow/example_dags/example_params_trigger_ui.py took 0.069 seconds
[2024-07-25T04:10:53.267+0000] {processor.py:161} INFO - Started process (PID=864) to work on /home/airflow/.local/lib/python3.12/site-packages/airflow/example_dags/example_params_trigger_ui.py
[2024-07-25T04:10:53.268+0000] {processor.py:830} INFO - Processing file /home/airflow/.local/lib/python3.12/site-packages/airflow/example_dags/example_params_trigger_ui.py for tasks to queue
[2024-07-25T04:10:53.269+0000] {logging_mixin.py:188} INFO - [2024-07-25T04:10:53.269+0000] {dagbag.py:545} INFO - Filling up the DagBag from /home/airflow/.local/lib/python3.12/site-packages/airflow/example_dags/example_params_trigger_ui.py
[2024-07-25T04:10:53.275+0000] {processor.py:840} INFO - DAG(s) 'example_params_trigger_ui' retrieved from /home/airflow/.local/lib/python3.12/site-packages/airflow/example_dags/example_params_trigger_ui.py
[2024-07-25T04:10:53.295+0000] {logging_mixin.py:188} INFO - [2024-07-25T04:10:53.295+0000] {dag.py:3089} INFO - Sync 1 DAGs
[2024-07-25T04:10:53.301+0000] {logging_mixin.py:188} INFO - [2024-07-25T04:10:53.301+0000] {dag.py:3947} INFO - Setting next_dagrun for example_params_trigger_ui to None, run_after=None
[2024-07-25T04:10:53.310+0000] {processor.py:183} INFO - Processing /home/airflow/.local/lib/python3.12/site-packages/airflow/example_dags/example_params_trigger_ui.py took 0.047 seconds
[2024-07-25T04:11:23.457+0000] {processor.py:161} INFO - Started process (PID=922) to work on /home/airflow/.local/lib/python3.12/site-packages/airflow/example_dags/example_params_trigger_ui.py
[2024-07-25T04:11:23.458+0000] {processor.py:830} INFO - Processing file /home/airflow/.local/lib/python3.12/site-packages/airflow/example_dags/example_params_trigger_ui.py for tasks to queue
[2024-07-25T04:11:23.459+0000] {logging_mixin.py:188} INFO - [2024-07-25T04:11:23.459+0000] {dagbag.py:545} INFO - Filling up the DagBag from /home/airflow/.local/lib/python3.12/site-packages/airflow/example_dags/example_params_trigger_ui.py
[2024-07-25T04:11:23.465+0000] {processor.py:840} INFO - DAG(s) 'example_params_trigger_ui' retrieved from /home/airflow/.local/lib/python3.12/site-packages/airflow/example_dags/example_params_trigger_ui.py
[2024-07-25T04:11:23.486+0000] {logging_mixin.py:188} INFO - [2024-07-25T04:11:23.486+0000] {dag.py:3089} INFO - Sync 1 DAGs
[2024-07-25T04:11:23.493+0000] {logging_mixin.py:188} INFO - [2024-07-25T04:11:23.493+0000] {dag.py:3947} INFO - Setting next_dagrun for example_params_trigger_ui to None, run_after=None
[2024-07-25T04:11:23.501+0000] {processor.py:183} INFO - Processing /home/airflow/.local/lib/python3.12/site-packages/airflow/example_dags/example_params_trigger_ui.py took 0.047 seconds
