[2024-07-25T03:40:24.831+0000] {processor.py:161} INFO - Started process (PID=58) to work on /home/airflow/.local/lib/python3.12/site-packages/airflow/example_dags/example_short_circuit_decorator.py
[2024-07-25T03:40:24.832+0000] {processor.py:830} INFO - Processing file /home/airflow/.local/lib/python3.12/site-packages/airflow/example_dags/example_short_circuit_decorator.py for tasks to queue
[2024-07-25T03:40:24.833+0000] {logging_mixin.py:188} INFO - [2024-07-25T03:40:24.833+0000] {dagbag.py:545} INFO - Filling up the DagBag from /home/airflow/.local/lib/python3.12/site-packages/airflow/example_dags/example_short_circuit_decorator.py
[2024-07-25T03:40:24.840+0000] {processor.py:840} INFO - DAG(s) 'example_short_circuit_decorator' retrieved from /home/airflow/.local/lib/python3.12/site-packages/airflow/example_dags/example_short_circuit_decorator.py
[2024-07-25T03:40:24.851+0000] {logging_mixin.py:188} INFO - [2024-07-25T03:40:24.851+0000] {dag.py:3089} INFO - Sync 1 DAGs
[2024-07-25T03:40:24.869+0000] {logging_mixin.py:188} INFO - [2024-07-25T03:40:24.869+0000] {dag.py:3947} INFO - Setting next_dagrun for example_short_circuit_decorator to 2024-07-24 00:00:00+00:00, run_after=2024-07-25 00:00:00+00:00
[2024-07-25T03:40:24.882+0000] {processor.py:183} INFO - Processing /home/airflow/.local/lib/python3.12/site-packages/airflow/example_dags/example_short_circuit_decorator.py took 0.060 seconds
[2024-07-25T03:40:55.797+0000] {processor.py:161} INFO - Started process (PID=116) to work on /home/airflow/.local/lib/python3.12/site-packages/airflow/example_dags/example_short_circuit_decorator.py
[2024-07-25T03:40:55.797+0000] {processor.py:830} INFO - Processing file /home/airflow/.local/lib/python3.12/site-packages/airflow/example_dags/example_short_circuit_decorator.py for tasks to queue
[2024-07-25T03:40:55.799+0000] {logging_mixin.py:188} INFO - [2024-07-25T03:40:55.798+0000] {dagbag.py:545} INFO - Filling up the DagBag from /home/airflow/.local/lib/python3.12/site-packages/airflow/example_dags/example_short_circuit_decorator.py
[2024-07-25T03:40:55.804+0000] {processor.py:840} INFO - DAG(s) 'example_short_circuit_decorator' retrieved from /home/airflow/.local/lib/python3.12/site-packages/airflow/example_dags/example_short_circuit_decorator.py
[2024-07-25T03:40:55.857+0000] {logging_mixin.py:188} INFO - [2024-07-25T03:40:55.857+0000] {dag.py:3089} INFO - Sync 1 DAGs
[2024-07-25T03:40:55.867+0000] {logging_mixin.py:188} INFO - [2024-07-25T03:40:55.867+0000] {dag.py:3947} INFO - Setting next_dagrun for example_short_circuit_decorator to 2024-07-24 00:00:00+00:00, run_after=2024-07-25 00:00:00+00:00
[2024-07-25T03:40:55.877+0000] {processor.py:183} INFO - Processing /home/airflow/.local/lib/python3.12/site-packages/airflow/example_dags/example_short_circuit_decorator.py took 0.083 seconds
[2024-07-25T03:41:25.915+0000] {processor.py:161} INFO - Started process (PID=174) to work on /home/airflow/.local/lib/python3.12/site-packages/airflow/example_dags/example_short_circuit_decorator.py
[2024-07-25T03:41:25.916+0000] {processor.py:830} INFO - Processing file /home/airflow/.local/lib/python3.12/site-packages/airflow/example_dags/example_short_circuit_decorator.py for tasks to queue
[2024-07-25T03:41:25.917+0000] {logging_mixin.py:188} INFO - [2024-07-25T03:41:25.917+0000] {dagbag.py:545} INFO - Filling up the DagBag from /home/airflow/.local/lib/python3.12/site-packages/airflow/example_dags/example_short_circuit_decorator.py
[2024-07-25T03:41:25.922+0000] {processor.py:840} INFO - DAG(s) 'example_short_circuit_decorator' retrieved from /home/airflow/.local/lib/python3.12/site-packages/airflow/example_dags/example_short_circuit_decorator.py
[2024-07-25T03:41:25.935+0000] {logging_mixin.py:188} INFO - [2024-07-25T03:41:25.934+0000] {dag.py:3089} INFO - Sync 1 DAGs
[2024-07-25T03:41:25.945+0000] {logging_mixin.py:188} INFO - [2024-07-25T03:41:25.944+0000] {dag.py:3947} INFO - Setting next_dagrun for example_short_circuit_decorator to 2024-07-24 00:00:00+00:00, run_after=2024-07-25 00:00:00+00:00
[2024-07-25T03:41:25.953+0000] {processor.py:183} INFO - Processing /home/airflow/.local/lib/python3.12/site-packages/airflow/example_dags/example_short_circuit_decorator.py took 0.041 seconds
[2024-07-25T03:41:55.987+0000] {processor.py:161} INFO - Started process (PID=232) to work on /home/airflow/.local/lib/python3.12/site-packages/airflow/example_dags/example_short_circuit_decorator.py
[2024-07-25T03:41:55.988+0000] {processor.py:830} INFO - Processing file /home/airflow/.local/lib/python3.12/site-packages/airflow/example_dags/example_short_circuit_decorator.py for tasks to queue
[2024-07-25T03:41:55.989+0000] {logging_mixin.py:188} INFO - [2024-07-25T03:41:55.989+0000] {dagbag.py:545} INFO - Filling up the DagBag from /home/airflow/.local/lib/python3.12/site-packages/airflow/example_dags/example_short_circuit_decorator.py
[2024-07-25T03:41:55.994+0000] {processor.py:840} INFO - DAG(s) 'example_short_circuit_decorator' retrieved from /home/airflow/.local/lib/python3.12/site-packages/airflow/example_dags/example_short_circuit_decorator.py
[2024-07-25T03:41:56.007+0000] {logging_mixin.py:188} INFO - [2024-07-25T03:41:56.007+0000] {dag.py:3089} INFO - Sync 1 DAGs
[2024-07-25T03:41:56.018+0000] {logging_mixin.py:188} INFO - [2024-07-25T03:41:56.018+0000] {dag.py:3947} INFO - Setting next_dagrun for example_short_circuit_decorator to 2024-07-24 00:00:00+00:00, run_after=2024-07-25 00:00:00+00:00
[2024-07-25T03:41:56.028+0000] {processor.py:183} INFO - Processing /home/airflow/.local/lib/python3.12/site-packages/airflow/example_dags/example_short_circuit_decorator.py took 0.044 seconds
[2024-07-25T03:42:27.021+0000] {processor.py:161} INFO - Started process (PID=290) to work on /home/airflow/.local/lib/python3.12/site-packages/airflow/example_dags/example_short_circuit_decorator.py
[2024-07-25T03:42:27.022+0000] {processor.py:830} INFO - Processing file /home/airflow/.local/lib/python3.12/site-packages/airflow/example_dags/example_short_circuit_decorator.py for tasks to queue
[2024-07-25T03:42:27.023+0000] {logging_mixin.py:188} INFO - [2024-07-25T03:42:27.023+0000] {dagbag.py:545} INFO - Filling up the DagBag from /home/airflow/.local/lib/python3.12/site-packages/airflow/example_dags/example_short_circuit_decorator.py
[2024-07-25T03:42:27.029+0000] {processor.py:840} INFO - DAG(s) 'example_short_circuit_decorator' retrieved from /home/airflow/.local/lib/python3.12/site-packages/airflow/example_dags/example_short_circuit_decorator.py
[2024-07-25T03:42:27.043+0000] {logging_mixin.py:188} INFO - [2024-07-25T03:42:27.043+0000] {dag.py:3089} INFO - Sync 1 DAGs
[2024-07-25T03:42:27.057+0000] {logging_mixin.py:188} INFO - [2024-07-25T03:42:27.056+0000] {dag.py:3947} INFO - Setting next_dagrun for example_short_circuit_decorator to 2024-07-24 00:00:00+00:00, run_after=2024-07-25 00:00:00+00:00
[2024-07-25T03:42:27.067+0000] {processor.py:183} INFO - Processing /home/airflow/.local/lib/python3.12/site-packages/airflow/example_dags/example_short_circuit_decorator.py took 0.053 seconds
[2024-07-25T03:42:57.336+0000] {processor.py:161} INFO - Started process (PID=348) to work on /home/airflow/.local/lib/python3.12/site-packages/airflow/example_dags/example_short_circuit_decorator.py
[2024-07-25T03:42:57.336+0000] {processor.py:830} INFO - Processing file /home/airflow/.local/lib/python3.12/site-packages/airflow/example_dags/example_short_circuit_decorator.py for tasks to queue
[2024-07-25T03:42:57.338+0000] {logging_mixin.py:188} INFO - [2024-07-25T03:42:57.337+0000] {dagbag.py:545} INFO - Filling up the DagBag from /home/airflow/.local/lib/python3.12/site-packages/airflow/example_dags/example_short_circuit_decorator.py
[2024-07-25T03:42:57.343+0000] {processor.py:840} INFO - DAG(s) 'example_short_circuit_decorator' retrieved from /home/airflow/.local/lib/python3.12/site-packages/airflow/example_dags/example_short_circuit_decorator.py
[2024-07-25T03:42:57.355+0000] {logging_mixin.py:188} INFO - [2024-07-25T03:42:57.355+0000] {dag.py:3089} INFO - Sync 1 DAGs
[2024-07-25T03:42:57.366+0000] {logging_mixin.py:188} INFO - [2024-07-25T03:42:57.366+0000] {dag.py:3947} INFO - Setting next_dagrun for example_short_circuit_decorator to 2024-07-24 00:00:00+00:00, run_after=2024-07-25 00:00:00+00:00
[2024-07-25T03:42:57.376+0000] {processor.py:183} INFO - Processing /home/airflow/.local/lib/python3.12/site-packages/airflow/example_dags/example_short_circuit_decorator.py took 0.044 seconds
[2024-07-25T03:43:27.612+0000] {processor.py:161} INFO - Started process (PID=406) to work on /home/airflow/.local/lib/python3.12/site-packages/airflow/example_dags/example_short_circuit_decorator.py
[2024-07-25T03:43:27.613+0000] {processor.py:830} INFO - Processing file /home/airflow/.local/lib/python3.12/site-packages/airflow/example_dags/example_short_circuit_decorator.py for tasks to queue
[2024-07-25T03:43:27.614+0000] {logging_mixin.py:188} INFO - [2024-07-25T03:43:27.614+0000] {dagbag.py:545} INFO - Filling up the DagBag from /home/airflow/.local/lib/python3.12/site-packages/airflow/example_dags/example_short_circuit_decorator.py
[2024-07-25T03:43:27.619+0000] {processor.py:840} INFO - DAG(s) 'example_short_circuit_decorator' retrieved from /home/airflow/.local/lib/python3.12/site-packages/airflow/example_dags/example_short_circuit_decorator.py
[2024-07-25T03:43:27.632+0000] {logging_mixin.py:188} INFO - [2024-07-25T03:43:27.632+0000] {dag.py:3089} INFO - Sync 1 DAGs
[2024-07-25T03:43:27.642+0000] {logging_mixin.py:188} INFO - [2024-07-25T03:43:27.642+0000] {dag.py:3947} INFO - Setting next_dagrun for example_short_circuit_decorator to 2024-07-24 00:00:00+00:00, run_after=2024-07-25 00:00:00+00:00
[2024-07-25T03:43:27.651+0000] {processor.py:183} INFO - Processing /home/airflow/.local/lib/python3.12/site-packages/airflow/example_dags/example_short_circuit_decorator.py took 0.043 seconds
[2024-07-25T03:43:57.912+0000] {processor.py:161} INFO - Started process (PID=464) to work on /home/airflow/.local/lib/python3.12/site-packages/airflow/example_dags/example_short_circuit_decorator.py
[2024-07-25T03:43:57.913+0000] {processor.py:830} INFO - Processing file /home/airflow/.local/lib/python3.12/site-packages/airflow/example_dags/example_short_circuit_decorator.py for tasks to queue
[2024-07-25T03:43:57.914+0000] {logging_mixin.py:188} INFO - [2024-07-25T03:43:57.913+0000] {dagbag.py:545} INFO - Filling up the DagBag from /home/airflow/.local/lib/python3.12/site-packages/airflow/example_dags/example_short_circuit_decorator.py
[2024-07-25T03:43:57.919+0000] {processor.py:840} INFO - DAG(s) 'example_short_circuit_decorator' retrieved from /home/airflow/.local/lib/python3.12/site-packages/airflow/example_dags/example_short_circuit_decorator.py
[2024-07-25T03:43:57.931+0000] {logging_mixin.py:188} INFO - [2024-07-25T03:43:57.931+0000] {dag.py:3089} INFO - Sync 1 DAGs
[2024-07-25T03:43:57.943+0000] {logging_mixin.py:188} INFO - [2024-07-25T03:43:57.942+0000] {dag.py:3947} INFO - Setting next_dagrun for example_short_circuit_decorator to 2024-07-24 00:00:00+00:00, run_after=2024-07-25 00:00:00+00:00
[2024-07-25T03:43:57.952+0000] {processor.py:183} INFO - Processing /home/airflow/.local/lib/python3.12/site-packages/airflow/example_dags/example_short_circuit_decorator.py took 0.044 seconds
[2024-07-25T03:44:28.246+0000] {processor.py:161} INFO - Started process (PID=522) to work on /home/airflow/.local/lib/python3.12/site-packages/airflow/example_dags/example_short_circuit_decorator.py
[2024-07-25T03:44:28.247+0000] {processor.py:830} INFO - Processing file /home/airflow/.local/lib/python3.12/site-packages/airflow/example_dags/example_short_circuit_decorator.py for tasks to queue
[2024-07-25T03:44:28.249+0000] {logging_mixin.py:188} INFO - [2024-07-25T03:44:28.249+0000] {dagbag.py:545} INFO - Filling up the DagBag from /home/airflow/.local/lib/python3.12/site-packages/airflow/example_dags/example_short_circuit_decorator.py
[2024-07-25T03:44:28.255+0000] {processor.py:840} INFO - DAG(s) 'example_short_circuit_decorator' retrieved from /home/airflow/.local/lib/python3.12/site-packages/airflow/example_dags/example_short_circuit_decorator.py
[2024-07-25T03:44:28.270+0000] {logging_mixin.py:188} INFO - [2024-07-25T03:44:28.270+0000] {dag.py:3089} INFO - Sync 1 DAGs
[2024-07-25T03:44:28.282+0000] {logging_mixin.py:188} INFO - [2024-07-25T03:44:28.282+0000] {dag.py:3947} INFO - Setting next_dagrun for example_short_circuit_decorator to 2024-07-24 00:00:00+00:00, run_after=2024-07-25 00:00:00+00:00
[2024-07-25T03:44:28.294+0000] {processor.py:183} INFO - Processing /home/airflow/.local/lib/python3.12/site-packages/airflow/example_dags/example_short_circuit_decorator.py took 0.053 seconds
[2024-07-25T03:44:58.401+0000] {processor.py:161} INFO - Started process (PID=580) to work on /home/airflow/.local/lib/python3.12/site-packages/airflow/example_dags/example_short_circuit_decorator.py
[2024-07-25T03:44:58.402+0000] {processor.py:830} INFO - Processing file /home/airflow/.local/lib/python3.12/site-packages/airflow/example_dags/example_short_circuit_decorator.py for tasks to queue
[2024-07-25T03:44:58.403+0000] {logging_mixin.py:188} INFO - [2024-07-25T03:44:58.403+0000] {dagbag.py:545} INFO - Filling up the DagBag from /home/airflow/.local/lib/python3.12/site-packages/airflow/example_dags/example_short_circuit_decorator.py
[2024-07-25T03:44:58.408+0000] {processor.py:840} INFO - DAG(s) 'example_short_circuit_decorator' retrieved from /home/airflow/.local/lib/python3.12/site-packages/airflow/example_dags/example_short_circuit_decorator.py
[2024-07-25T03:44:58.421+0000] {logging_mixin.py:188} INFO - [2024-07-25T03:44:58.421+0000] {dag.py:3089} INFO - Sync 1 DAGs
[2024-07-25T03:44:58.433+0000] {logging_mixin.py:188} INFO - [2024-07-25T03:44:58.433+0000] {dag.py:3947} INFO - Setting next_dagrun for example_short_circuit_decorator to 2024-07-24 00:00:00+00:00, run_after=2024-07-25 00:00:00+00:00
[2024-07-25T03:44:58.443+0000] {processor.py:183} INFO - Processing /home/airflow/.local/lib/python3.12/site-packages/airflow/example_dags/example_short_circuit_decorator.py took 0.046 seconds
[2024-07-25T03:45:28.703+0000] {processor.py:161} INFO - Started process (PID=638) to work on /home/airflow/.local/lib/python3.12/site-packages/airflow/example_dags/example_short_circuit_decorator.py
[2024-07-25T03:45:28.704+0000] {processor.py:830} INFO - Processing file /home/airflow/.local/lib/python3.12/site-packages/airflow/example_dags/example_short_circuit_decorator.py for tasks to queue
[2024-07-25T03:45:28.705+0000] {logging_mixin.py:188} INFO - [2024-07-25T03:45:28.705+0000] {dagbag.py:545} INFO - Filling up the DagBag from /home/airflow/.local/lib/python3.12/site-packages/airflow/example_dags/example_short_circuit_decorator.py
[2024-07-25T03:45:28.711+0000] {processor.py:840} INFO - DAG(s) 'example_short_circuit_decorator' retrieved from /home/airflow/.local/lib/python3.12/site-packages/airflow/example_dags/example_short_circuit_decorator.py
[2024-07-25T03:45:28.724+0000] {logging_mixin.py:188} INFO - [2024-07-25T03:45:28.724+0000] {dag.py:3089} INFO - Sync 1 DAGs
[2024-07-25T03:45:28.735+0000] {logging_mixin.py:188} INFO - [2024-07-25T03:45:28.735+0000] {dag.py:3947} INFO - Setting next_dagrun for example_short_circuit_decorator to 2024-07-24 00:00:00+00:00, run_after=2024-07-25 00:00:00+00:00
[2024-07-25T03:45:28.744+0000] {processor.py:183} INFO - Processing /home/airflow/.local/lib/python3.12/site-packages/airflow/example_dags/example_short_circuit_decorator.py took 0.045 seconds
[2024-07-25T03:45:58.980+0000] {processor.py:161} INFO - Started process (PID=696) to work on /home/airflow/.local/lib/python3.12/site-packages/airflow/example_dags/example_short_circuit_decorator.py
[2024-07-25T03:45:58.981+0000] {processor.py:830} INFO - Processing file /home/airflow/.local/lib/python3.12/site-packages/airflow/example_dags/example_short_circuit_decorator.py for tasks to queue
[2024-07-25T03:45:58.982+0000] {logging_mixin.py:188} INFO - [2024-07-25T03:45:58.982+0000] {dagbag.py:545} INFO - Filling up the DagBag from /home/airflow/.local/lib/python3.12/site-packages/airflow/example_dags/example_short_circuit_decorator.py
[2024-07-25T03:45:58.987+0000] {processor.py:840} INFO - DAG(s) 'example_short_circuit_decorator' retrieved from /home/airflow/.local/lib/python3.12/site-packages/airflow/example_dags/example_short_circuit_decorator.py
[2024-07-25T03:45:59.000+0000] {logging_mixin.py:188} INFO - [2024-07-25T03:45:59.000+0000] {dag.py:3089} INFO - Sync 1 DAGs
[2024-07-25T03:45:59.010+0000] {logging_mixin.py:188} INFO - [2024-07-25T03:45:59.010+0000] {dag.py:3947} INFO - Setting next_dagrun for example_short_circuit_decorator to 2024-07-24 00:00:00+00:00, run_after=2024-07-25 00:00:00+00:00
[2024-07-25T03:45:59.019+0000] {processor.py:183} INFO - Processing /home/airflow/.local/lib/python3.12/site-packages/airflow/example_dags/example_short_circuit_decorator.py took 0.042 seconds
[2024-07-25T03:46:29.186+0000] {processor.py:161} INFO - Started process (PID=754) to work on /home/airflow/.local/lib/python3.12/site-packages/airflow/example_dags/example_short_circuit_decorator.py
[2024-07-25T03:46:29.187+0000] {processor.py:830} INFO - Processing file /home/airflow/.local/lib/python3.12/site-packages/airflow/example_dags/example_short_circuit_decorator.py for tasks to queue
[2024-07-25T03:46:29.188+0000] {logging_mixin.py:188} INFO - [2024-07-25T03:46:29.188+0000] {dagbag.py:545} INFO - Filling up the DagBag from /home/airflow/.local/lib/python3.12/site-packages/airflow/example_dags/example_short_circuit_decorator.py
[2024-07-25T03:46:29.194+0000] {processor.py:840} INFO - DAG(s) 'example_short_circuit_decorator' retrieved from /home/airflow/.local/lib/python3.12/site-packages/airflow/example_dags/example_short_circuit_decorator.py
[2024-07-25T03:46:29.206+0000] {logging_mixin.py:188} INFO - [2024-07-25T03:46:29.206+0000] {dag.py:3089} INFO - Sync 1 DAGs
[2024-07-25T03:46:29.217+0000] {logging_mixin.py:188} INFO - [2024-07-25T03:46:29.217+0000] {dag.py:3947} INFO - Setting next_dagrun for example_short_circuit_decorator to 2024-07-24 00:00:00+00:00, run_after=2024-07-25 00:00:00+00:00
[2024-07-25T03:46:29.226+0000] {processor.py:183} INFO - Processing /home/airflow/.local/lib/python3.12/site-packages/airflow/example_dags/example_short_circuit_decorator.py took 0.043 seconds
[2024-07-25T03:46:59.649+0000] {processor.py:161} INFO - Started process (PID=812) to work on /home/airflow/.local/lib/python3.12/site-packages/airflow/example_dags/example_short_circuit_decorator.py
[2024-07-25T03:46:59.649+0000] {processor.py:830} INFO - Processing file /home/airflow/.local/lib/python3.12/site-packages/airflow/example_dags/example_short_circuit_decorator.py for tasks to queue
[2024-07-25T03:46:59.651+0000] {logging_mixin.py:188} INFO - [2024-07-25T03:46:59.650+0000] {dagbag.py:545} INFO - Filling up the DagBag from /home/airflow/.local/lib/python3.12/site-packages/airflow/example_dags/example_short_circuit_decorator.py
[2024-07-25T03:46:59.656+0000] {processor.py:840} INFO - DAG(s) 'example_short_circuit_decorator' retrieved from /home/airflow/.local/lib/python3.12/site-packages/airflow/example_dags/example_short_circuit_decorator.py
[2024-07-25T03:46:59.670+0000] {logging_mixin.py:188} INFO - [2024-07-25T03:46:59.670+0000] {dag.py:3089} INFO - Sync 1 DAGs
[2024-07-25T03:46:59.684+0000] {logging_mixin.py:188} INFO - [2024-07-25T03:46:59.684+0000] {dag.py:3947} INFO - Setting next_dagrun for example_short_circuit_decorator to 2024-07-24 00:00:00+00:00, run_after=2024-07-25 00:00:00+00:00
[2024-07-25T03:46:59.699+0000] {processor.py:183} INFO - Processing /home/airflow/.local/lib/python3.12/site-packages/airflow/example_dags/example_short_circuit_decorator.py took 0.054 seconds
[2024-07-25T03:47:29.851+0000] {processor.py:161} INFO - Started process (PID=870) to work on /home/airflow/.local/lib/python3.12/site-packages/airflow/example_dags/example_short_circuit_decorator.py
[2024-07-25T03:47:29.852+0000] {processor.py:830} INFO - Processing file /home/airflow/.local/lib/python3.12/site-packages/airflow/example_dags/example_short_circuit_decorator.py for tasks to queue
[2024-07-25T03:47:29.853+0000] {logging_mixin.py:188} INFO - [2024-07-25T03:47:29.853+0000] {dagbag.py:545} INFO - Filling up the DagBag from /home/airflow/.local/lib/python3.12/site-packages/airflow/example_dags/example_short_circuit_decorator.py
[2024-07-25T03:47:29.858+0000] {processor.py:840} INFO - DAG(s) 'example_short_circuit_decorator' retrieved from /home/airflow/.local/lib/python3.12/site-packages/airflow/example_dags/example_short_circuit_decorator.py
[2024-07-25T03:47:29.870+0000] {logging_mixin.py:188} INFO - [2024-07-25T03:47:29.870+0000] {dag.py:3089} INFO - Sync 1 DAGs
[2024-07-25T03:47:29.882+0000] {logging_mixin.py:188} INFO - [2024-07-25T03:47:29.882+0000] {dag.py:3947} INFO - Setting next_dagrun for example_short_circuit_decorator to 2024-07-24 00:00:00+00:00, run_after=2024-07-25 00:00:00+00:00
[2024-07-25T03:47:29.891+0000] {processor.py:183} INFO - Processing /home/airflow/.local/lib/python3.12/site-packages/airflow/example_dags/example_short_circuit_decorator.py took 0.044 seconds
[2024-07-25T03:48:01.004+0000] {processor.py:161} INFO - Started process (PID=928) to work on /home/airflow/.local/lib/python3.12/site-packages/airflow/example_dags/example_short_circuit_decorator.py
[2024-07-25T03:48:01.005+0000] {processor.py:830} INFO - Processing file /home/airflow/.local/lib/python3.12/site-packages/airflow/example_dags/example_short_circuit_decorator.py for tasks to queue
[2024-07-25T03:48:01.006+0000] {logging_mixin.py:188} INFO - [2024-07-25T03:48:01.006+0000] {dagbag.py:545} INFO - Filling up the DagBag from /home/airflow/.local/lib/python3.12/site-packages/airflow/example_dags/example_short_circuit_decorator.py
[2024-07-25T03:48:01.012+0000] {processor.py:840} INFO - DAG(s) 'example_short_circuit_decorator' retrieved from /home/airflow/.local/lib/python3.12/site-packages/airflow/example_dags/example_short_circuit_decorator.py
[2024-07-25T03:48:01.025+0000] {logging_mixin.py:188} INFO - [2024-07-25T03:48:01.025+0000] {dag.py:3089} INFO - Sync 1 DAGs
[2024-07-25T03:48:01.037+0000] {logging_mixin.py:188} INFO - [2024-07-25T03:48:01.037+0000] {dag.py:3947} INFO - Setting next_dagrun for example_short_circuit_decorator to 2024-07-24 00:00:00+00:00, run_after=2024-07-25 00:00:00+00:00
[2024-07-25T03:48:01.047+0000] {processor.py:183} INFO - Processing /home/airflow/.local/lib/python3.12/site-packages/airflow/example_dags/example_short_circuit_decorator.py took 0.047 seconds
[2024-07-25T03:48:31.250+0000] {processor.py:161} INFO - Started process (PID=986) to work on /home/airflow/.local/lib/python3.12/site-packages/airflow/example_dags/example_short_circuit_decorator.py
[2024-07-25T03:48:31.251+0000] {processor.py:830} INFO - Processing file /home/airflow/.local/lib/python3.12/site-packages/airflow/example_dags/example_short_circuit_decorator.py for tasks to queue
[2024-07-25T03:48:31.252+0000] {logging_mixin.py:188} INFO - [2024-07-25T03:48:31.252+0000] {dagbag.py:545} INFO - Filling up the DagBag from /home/airflow/.local/lib/python3.12/site-packages/airflow/example_dags/example_short_circuit_decorator.py
[2024-07-25T03:48:31.258+0000] {processor.py:840} INFO - DAG(s) 'example_short_circuit_decorator' retrieved from /home/airflow/.local/lib/python3.12/site-packages/airflow/example_dags/example_short_circuit_decorator.py
[2024-07-25T03:48:31.271+0000] {logging_mixin.py:188} INFO - [2024-07-25T03:48:31.271+0000] {dag.py:3089} INFO - Sync 1 DAGs
[2024-07-25T03:48:31.288+0000] {logging_mixin.py:188} INFO - [2024-07-25T03:48:31.288+0000] {dag.py:3947} INFO - Setting next_dagrun for example_short_circuit_decorator to 2024-07-24 00:00:00+00:00, run_after=2024-07-25 00:00:00+00:00
[2024-07-25T03:48:31.306+0000] {processor.py:183} INFO - Processing /home/airflow/.local/lib/python3.12/site-packages/airflow/example_dags/example_short_circuit_decorator.py took 0.059 seconds
[2024-07-25T03:49:01.609+0000] {processor.py:161} INFO - Started process (PID=1044) to work on /home/airflow/.local/lib/python3.12/site-packages/airflow/example_dags/example_short_circuit_decorator.py
[2024-07-25T03:49:01.609+0000] {processor.py:830} INFO - Processing file /home/airflow/.local/lib/python3.12/site-packages/airflow/example_dags/example_short_circuit_decorator.py for tasks to queue
[2024-07-25T03:49:01.611+0000] {logging_mixin.py:188} INFO - [2024-07-25T03:49:01.610+0000] {dagbag.py:545} INFO - Filling up the DagBag from /home/airflow/.local/lib/python3.12/site-packages/airflow/example_dags/example_short_circuit_decorator.py
[2024-07-25T03:49:01.616+0000] {processor.py:840} INFO - DAG(s) 'example_short_circuit_decorator' retrieved from /home/airflow/.local/lib/python3.12/site-packages/airflow/example_dags/example_short_circuit_decorator.py
[2024-07-25T03:49:01.629+0000] {logging_mixin.py:188} INFO - [2024-07-25T03:49:01.629+0000] {dag.py:3089} INFO - Sync 1 DAGs
[2024-07-25T03:49:01.642+0000] {logging_mixin.py:188} INFO - [2024-07-25T03:49:01.642+0000] {dag.py:3947} INFO - Setting next_dagrun for example_short_circuit_decorator to 2024-07-24 00:00:00+00:00, run_after=2024-07-25 00:00:00+00:00
[2024-07-25T03:49:01.651+0000] {processor.py:183} INFO - Processing /home/airflow/.local/lib/python3.12/site-packages/airflow/example_dags/example_short_circuit_decorator.py took 0.046 seconds
[2024-07-25T03:49:31.907+0000] {processor.py:161} INFO - Started process (PID=1102) to work on /home/airflow/.local/lib/python3.12/site-packages/airflow/example_dags/example_short_circuit_decorator.py
[2024-07-25T03:49:31.907+0000] {processor.py:830} INFO - Processing file /home/airflow/.local/lib/python3.12/site-packages/airflow/example_dags/example_short_circuit_decorator.py for tasks to queue
[2024-07-25T03:49:31.909+0000] {logging_mixin.py:188} INFO - [2024-07-25T03:49:31.908+0000] {dagbag.py:545} INFO - Filling up the DagBag from /home/airflow/.local/lib/python3.12/site-packages/airflow/example_dags/example_short_circuit_decorator.py
[2024-07-25T03:49:31.913+0000] {processor.py:840} INFO - DAG(s) 'example_short_circuit_decorator' retrieved from /home/airflow/.local/lib/python3.12/site-packages/airflow/example_dags/example_short_circuit_decorator.py
[2024-07-25T03:49:31.926+0000] {logging_mixin.py:188} INFO - [2024-07-25T03:49:31.925+0000] {dag.py:3089} INFO - Sync 1 DAGs
[2024-07-25T03:49:31.936+0000] {logging_mixin.py:188} INFO - [2024-07-25T03:49:31.936+0000] {dag.py:3947} INFO - Setting next_dagrun for example_short_circuit_decorator to 2024-07-24 00:00:00+00:00, run_after=2024-07-25 00:00:00+00:00
[2024-07-25T03:49:31.945+0000] {processor.py:183} INFO - Processing /home/airflow/.local/lib/python3.12/site-packages/airflow/example_dags/example_short_circuit_decorator.py took 0.041 seconds
[2024-07-25T03:50:02.185+0000] {processor.py:161} INFO - Started process (PID=1160) to work on /home/airflow/.local/lib/python3.12/site-packages/airflow/example_dags/example_short_circuit_decorator.py
[2024-07-25T03:50:02.186+0000] {processor.py:830} INFO - Processing file /home/airflow/.local/lib/python3.12/site-packages/airflow/example_dags/example_short_circuit_decorator.py for tasks to queue
[2024-07-25T03:50:02.188+0000] {logging_mixin.py:188} INFO - [2024-07-25T03:50:02.187+0000] {dagbag.py:545} INFO - Filling up the DagBag from /home/airflow/.local/lib/python3.12/site-packages/airflow/example_dags/example_short_circuit_decorator.py
[2024-07-25T03:50:02.193+0000] {processor.py:840} INFO - DAG(s) 'example_short_circuit_decorator' retrieved from /home/airflow/.local/lib/python3.12/site-packages/airflow/example_dags/example_short_circuit_decorator.py
[2024-07-25T03:50:02.205+0000] {logging_mixin.py:188} INFO - [2024-07-25T03:50:02.205+0000] {dag.py:3089} INFO - Sync 1 DAGs
[2024-07-25T03:50:02.216+0000] {logging_mixin.py:188} INFO - [2024-07-25T03:50:02.215+0000] {dag.py:3947} INFO - Setting next_dagrun for example_short_circuit_decorator to 2024-07-24 00:00:00+00:00, run_after=2024-07-25 00:00:00+00:00
[2024-07-25T03:50:02.224+0000] {processor.py:183} INFO - Processing /home/airflow/.local/lib/python3.12/site-packages/airflow/example_dags/example_short_circuit_decorator.py took 0.042 seconds
[2024-07-25T03:50:32.476+0000] {processor.py:161} INFO - Started process (PID=1218) to work on /home/airflow/.local/lib/python3.12/site-packages/airflow/example_dags/example_short_circuit_decorator.py
[2024-07-25T03:50:32.477+0000] {processor.py:830} INFO - Processing file /home/airflow/.local/lib/python3.12/site-packages/airflow/example_dags/example_short_circuit_decorator.py for tasks to queue
[2024-07-25T03:50:32.479+0000] {logging_mixin.py:188} INFO - [2024-07-25T03:50:32.478+0000] {dagbag.py:545} INFO - Filling up the DagBag from /home/airflow/.local/lib/python3.12/site-packages/airflow/example_dags/example_short_circuit_decorator.py
[2024-07-25T03:50:32.486+0000] {processor.py:840} INFO - DAG(s) 'example_short_circuit_decorator' retrieved from /home/airflow/.local/lib/python3.12/site-packages/airflow/example_dags/example_short_circuit_decorator.py
[2024-07-25T03:50:32.502+0000] {logging_mixin.py:188} INFO - [2024-07-25T03:50:32.502+0000] {dag.py:3089} INFO - Sync 1 DAGs
[2024-07-25T03:50:32.524+0000] {logging_mixin.py:188} INFO - [2024-07-25T03:50:32.524+0000] {dag.py:3947} INFO - Setting next_dagrun for example_short_circuit_decorator to 2024-07-24 00:00:00+00:00, run_after=2024-07-25 00:00:00+00:00
[2024-07-25T03:50:32.536+0000] {processor.py:183} INFO - Processing /home/airflow/.local/lib/python3.12/site-packages/airflow/example_dags/example_short_circuit_decorator.py took 0.066 seconds
[2024-07-25T03:51:03.550+0000] {processor.py:161} INFO - Started process (PID=1276) to work on /home/airflow/.local/lib/python3.12/site-packages/airflow/example_dags/example_short_circuit_decorator.py
[2024-07-25T03:51:03.551+0000] {processor.py:830} INFO - Processing file /home/airflow/.local/lib/python3.12/site-packages/airflow/example_dags/example_short_circuit_decorator.py for tasks to queue
[2024-07-25T03:51:03.554+0000] {logging_mixin.py:188} INFO - [2024-07-25T03:51:03.553+0000] {dagbag.py:545} INFO - Filling up the DagBag from /home/airflow/.local/lib/python3.12/site-packages/airflow/example_dags/example_short_circuit_decorator.py
[2024-07-25T03:51:03.564+0000] {processor.py:840} INFO - DAG(s) 'example_short_circuit_decorator' retrieved from /home/airflow/.local/lib/python3.12/site-packages/airflow/example_dags/example_short_circuit_decorator.py
[2024-07-25T03:51:03.582+0000] {logging_mixin.py:188} INFO - [2024-07-25T03:51:03.582+0000] {dag.py:3089} INFO - Sync 1 DAGs
[2024-07-25T03:51:03.594+0000] {logging_mixin.py:188} INFO - [2024-07-25T03:51:03.594+0000] {dag.py:3947} INFO - Setting next_dagrun for example_short_circuit_decorator to 2024-07-24 00:00:00+00:00, run_after=2024-07-25 00:00:00+00:00
[2024-07-25T03:51:03.605+0000] {processor.py:183} INFO - Processing /home/airflow/.local/lib/python3.12/site-packages/airflow/example_dags/example_short_circuit_decorator.py took 0.062 seconds
[2024-07-25T03:51:33.682+0000] {processor.py:161} INFO - Started process (PID=1333) to work on /home/airflow/.local/lib/python3.12/site-packages/airflow/example_dags/example_short_circuit_decorator.py
[2024-07-25T03:51:33.683+0000] {processor.py:830} INFO - Processing file /home/airflow/.local/lib/python3.12/site-packages/airflow/example_dags/example_short_circuit_decorator.py for tasks to queue
[2024-07-25T03:51:33.686+0000] {logging_mixin.py:188} INFO - [2024-07-25T03:51:33.686+0000] {dagbag.py:545} INFO - Filling up the DagBag from /home/airflow/.local/lib/python3.12/site-packages/airflow/example_dags/example_short_circuit_decorator.py
[2024-07-25T03:51:33.696+0000] {processor.py:840} INFO - DAG(s) 'example_short_circuit_decorator' retrieved from /home/airflow/.local/lib/python3.12/site-packages/airflow/example_dags/example_short_circuit_decorator.py
[2024-07-25T03:51:33.713+0000] {logging_mixin.py:188} INFO - [2024-07-25T03:51:33.713+0000] {dag.py:3089} INFO - Sync 1 DAGs
[2024-07-25T03:51:33.725+0000] {logging_mixin.py:188} INFO - [2024-07-25T03:51:33.725+0000] {dag.py:3947} INFO - Setting next_dagrun for example_short_circuit_decorator to 2024-07-24 00:00:00+00:00, run_after=2024-07-25 00:00:00+00:00
[2024-07-25T03:51:33.734+0000] {processor.py:183} INFO - Processing /home/airflow/.local/lib/python3.12/site-packages/airflow/example_dags/example_short_circuit_decorator.py took 0.061 seconds
[2024-07-25T03:52:03.808+0000] {processor.py:161} INFO - Started process (PID=1391) to work on /home/airflow/.local/lib/python3.12/site-packages/airflow/example_dags/example_short_circuit_decorator.py
[2024-07-25T03:52:03.811+0000] {processor.py:830} INFO - Processing file /home/airflow/.local/lib/python3.12/site-packages/airflow/example_dags/example_short_circuit_decorator.py for tasks to queue
[2024-07-25T03:52:03.813+0000] {logging_mixin.py:188} INFO - [2024-07-25T03:52:03.813+0000] {dagbag.py:545} INFO - Filling up the DagBag from /home/airflow/.local/lib/python3.12/site-packages/airflow/example_dags/example_short_circuit_decorator.py
[2024-07-25T03:52:03.823+0000] {processor.py:840} INFO - DAG(s) 'example_short_circuit_decorator' retrieved from /home/airflow/.local/lib/python3.12/site-packages/airflow/example_dags/example_short_circuit_decorator.py
[2024-07-25T03:52:03.840+0000] {logging_mixin.py:188} INFO - [2024-07-25T03:52:03.840+0000] {dag.py:3089} INFO - Sync 1 DAGs
[2024-07-25T03:52:03.854+0000] {logging_mixin.py:188} INFO - [2024-07-25T03:52:03.854+0000] {dag.py:3947} INFO - Setting next_dagrun for example_short_circuit_decorator to 2024-07-24 00:00:00+00:00, run_after=2024-07-25 00:00:00+00:00
[2024-07-25T03:52:03.863+0000] {processor.py:183} INFO - Processing /home/airflow/.local/lib/python3.12/site-packages/airflow/example_dags/example_short_circuit_decorator.py took 0.064 seconds
[2024-07-25T03:52:33.987+0000] {processor.py:161} INFO - Started process (PID=1449) to work on /home/airflow/.local/lib/python3.12/site-packages/airflow/example_dags/example_short_circuit_decorator.py
[2024-07-25T03:52:33.990+0000] {processor.py:830} INFO - Processing file /home/airflow/.local/lib/python3.12/site-packages/airflow/example_dags/example_short_circuit_decorator.py for tasks to queue
[2024-07-25T03:52:33.993+0000] {logging_mixin.py:188} INFO - [2024-07-25T03:52:33.992+0000] {dagbag.py:545} INFO - Filling up the DagBag from /home/airflow/.local/lib/python3.12/site-packages/airflow/example_dags/example_short_circuit_decorator.py
[2024-07-25T03:52:34.002+0000] {processor.py:840} INFO - DAG(s) 'example_short_circuit_decorator' retrieved from /home/airflow/.local/lib/python3.12/site-packages/airflow/example_dags/example_short_circuit_decorator.py
[2024-07-25T03:52:34.018+0000] {logging_mixin.py:188} INFO - [2024-07-25T03:52:34.018+0000] {dag.py:3089} INFO - Sync 1 DAGs
[2024-07-25T03:52:34.031+0000] {logging_mixin.py:188} INFO - [2024-07-25T03:52:34.031+0000] {dag.py:3947} INFO - Setting next_dagrun for example_short_circuit_decorator to 2024-07-24 00:00:00+00:00, run_after=2024-07-25 00:00:00+00:00
[2024-07-25T03:52:34.040+0000] {processor.py:183} INFO - Processing /home/airflow/.local/lib/python3.12/site-packages/airflow/example_dags/example_short_circuit_decorator.py took 0.062 seconds
[2024-07-25T04:03:46.964+0000] {processor.py:161} INFO - Started process (PID=58) to work on /home/airflow/.local/lib/python3.12/site-packages/airflow/example_dags/example_short_circuit_decorator.py
[2024-07-25T04:03:46.965+0000] {processor.py:830} INFO - Processing file /home/airflow/.local/lib/python3.12/site-packages/airflow/example_dags/example_short_circuit_decorator.py for tasks to queue
[2024-07-25T04:03:46.966+0000] {logging_mixin.py:188} INFO - [2024-07-25T04:03:46.966+0000] {dagbag.py:545} INFO - Filling up the DagBag from /home/airflow/.local/lib/python3.12/site-packages/airflow/example_dags/example_short_circuit_decorator.py
[2024-07-25T04:03:46.973+0000] {processor.py:840} INFO - DAG(s) 'example_short_circuit_decorator' retrieved from /home/airflow/.local/lib/python3.12/site-packages/airflow/example_dags/example_short_circuit_decorator.py
[2024-07-25T04:03:46.984+0000] {logging_mixin.py:188} INFO - [2024-07-25T04:03:46.984+0000] {dag.py:3089} INFO - Sync 1 DAGs
[2024-07-25T04:03:47.003+0000] {logging_mixin.py:188} INFO - [2024-07-25T04:03:47.003+0000] {dag.py:3947} INFO - Setting next_dagrun for example_short_circuit_decorator to 2024-07-24 00:00:00+00:00, run_after=2024-07-25 00:00:00+00:00
[2024-07-25T04:03:47.020+0000] {processor.py:183} INFO - Processing /home/airflow/.local/lib/python3.12/site-packages/airflow/example_dags/example_short_circuit_decorator.py took 0.061 seconds
[2024-07-25T04:04:18.386+0000] {processor.py:161} INFO - Started process (PID=116) to work on /home/airflow/.local/lib/python3.12/site-packages/airflow/example_dags/example_short_circuit_decorator.py
[2024-07-25T04:04:18.388+0000] {processor.py:830} INFO - Processing file /home/airflow/.local/lib/python3.12/site-packages/airflow/example_dags/example_short_circuit_decorator.py for tasks to queue
[2024-07-25T04:04:18.391+0000] {logging_mixin.py:188} INFO - [2024-07-25T04:04:18.391+0000] {dagbag.py:545} INFO - Filling up the DagBag from /home/airflow/.local/lib/python3.12/site-packages/airflow/example_dags/example_short_circuit_decorator.py
[2024-07-25T04:04:18.431+0000] {processor.py:840} INFO - DAG(s) 'example_short_circuit_decorator' retrieved from /home/airflow/.local/lib/python3.12/site-packages/airflow/example_dags/example_short_circuit_decorator.py
[2024-07-25T04:04:18.542+0000] {logging_mixin.py:188} INFO - [2024-07-25T04:04:18.541+0000] {dag.py:3089} INFO - Sync 1 DAGs
[2024-07-25T04:04:18.557+0000] {logging_mixin.py:188} INFO - [2024-07-25T04:04:18.557+0000] {dag.py:3947} INFO - Setting next_dagrun for example_short_circuit_decorator to 2024-07-24 00:00:00+00:00, run_after=2024-07-25 00:00:00+00:00
[2024-07-25T04:04:18.575+0000] {processor.py:183} INFO - Processing /home/airflow/.local/lib/python3.12/site-packages/airflow/example_dags/example_short_circuit_decorator.py took 0.199 seconds
[2024-07-25T04:04:49.313+0000] {processor.py:161} INFO - Started process (PID=174) to work on /home/airflow/.local/lib/python3.12/site-packages/airflow/example_dags/example_short_circuit_decorator.py
[2024-07-25T04:04:49.314+0000] {processor.py:830} INFO - Processing file /home/airflow/.local/lib/python3.12/site-packages/airflow/example_dags/example_short_circuit_decorator.py for tasks to queue
[2024-07-25T04:04:49.315+0000] {logging_mixin.py:188} INFO - [2024-07-25T04:04:49.315+0000] {dagbag.py:545} INFO - Filling up the DagBag from /home/airflow/.local/lib/python3.12/site-packages/airflow/example_dags/example_short_circuit_decorator.py
[2024-07-25T04:04:49.320+0000] {processor.py:840} INFO - DAG(s) 'example_short_circuit_decorator' retrieved from /home/airflow/.local/lib/python3.12/site-packages/airflow/example_dags/example_short_circuit_decorator.py
[2024-07-25T04:04:49.333+0000] {logging_mixin.py:188} INFO - [2024-07-25T04:04:49.333+0000] {dag.py:3089} INFO - Sync 1 DAGs
[2024-07-25T04:04:49.344+0000] {logging_mixin.py:188} INFO - [2024-07-25T04:04:49.344+0000] {dag.py:3947} INFO - Setting next_dagrun for example_short_circuit_decorator to 2024-07-24 00:00:00+00:00, run_after=2024-07-25 00:00:00+00:00
[2024-07-25T04:04:49.355+0000] {processor.py:183} INFO - Processing /home/airflow/.local/lib/python3.12/site-packages/airflow/example_dags/example_short_circuit_decorator.py took 0.046 seconds
[2024-07-25T04:05:19.471+0000] {processor.py:161} INFO - Started process (PID=232) to work on /home/airflow/.local/lib/python3.12/site-packages/airflow/example_dags/example_short_circuit_decorator.py
[2024-07-25T04:05:19.472+0000] {processor.py:830} INFO - Processing file /home/airflow/.local/lib/python3.12/site-packages/airflow/example_dags/example_short_circuit_decorator.py for tasks to queue
[2024-07-25T04:05:19.473+0000] {logging_mixin.py:188} INFO - [2024-07-25T04:05:19.473+0000] {dagbag.py:545} INFO - Filling up the DagBag from /home/airflow/.local/lib/python3.12/site-packages/airflow/example_dags/example_short_circuit_decorator.py
[2024-07-25T04:05:19.479+0000] {processor.py:840} INFO - DAG(s) 'example_short_circuit_decorator' retrieved from /home/airflow/.local/lib/python3.12/site-packages/airflow/example_dags/example_short_circuit_decorator.py
[2024-07-25T04:05:19.491+0000] {logging_mixin.py:188} INFO - [2024-07-25T04:05:19.491+0000] {dag.py:3089} INFO - Sync 1 DAGs
[2024-07-25T04:05:19.502+0000] {logging_mixin.py:188} INFO - [2024-07-25T04:05:19.502+0000] {dag.py:3947} INFO - Setting next_dagrun for example_short_circuit_decorator to 2024-07-24 00:00:00+00:00, run_after=2024-07-25 00:00:00+00:00
[2024-07-25T04:05:19.511+0000] {processor.py:183} INFO - Processing /home/airflow/.local/lib/python3.12/site-packages/airflow/example_dags/example_short_circuit_decorator.py took 0.044 seconds
[2024-07-25T04:05:49.715+0000] {processor.py:161} INFO - Started process (PID=290) to work on /home/airflow/.local/lib/python3.12/site-packages/airflow/example_dags/example_short_circuit_decorator.py
[2024-07-25T04:05:49.715+0000] {processor.py:830} INFO - Processing file /home/airflow/.local/lib/python3.12/site-packages/airflow/example_dags/example_short_circuit_decorator.py for tasks to queue
[2024-07-25T04:05:49.717+0000] {logging_mixin.py:188} INFO - [2024-07-25T04:05:49.716+0000] {dagbag.py:545} INFO - Filling up the DagBag from /home/airflow/.local/lib/python3.12/site-packages/airflow/example_dags/example_short_circuit_decorator.py
[2024-07-25T04:05:49.722+0000] {processor.py:840} INFO - DAG(s) 'example_short_circuit_decorator' retrieved from /home/airflow/.local/lib/python3.12/site-packages/airflow/example_dags/example_short_circuit_decorator.py
[2024-07-25T04:05:49.735+0000] {logging_mixin.py:188} INFO - [2024-07-25T04:05:49.734+0000] {dag.py:3089} INFO - Sync 1 DAGs
[2024-07-25T04:05:49.745+0000] {logging_mixin.py:188} INFO - [2024-07-25T04:05:49.745+0000] {dag.py:3947} INFO - Setting next_dagrun for example_short_circuit_decorator to 2024-07-24 00:00:00+00:00, run_after=2024-07-25 00:00:00+00:00
[2024-07-25T04:05:49.754+0000] {processor.py:183} INFO - Processing /home/airflow/.local/lib/python3.12/site-packages/airflow/example_dags/example_short_circuit_decorator.py took 0.043 seconds
[2024-07-25T04:06:20.709+0000] {processor.py:161} INFO - Started process (PID=348) to work on /home/airflow/.local/lib/python3.12/site-packages/airflow/example_dags/example_short_circuit_decorator.py
[2024-07-25T04:06:20.710+0000] {processor.py:830} INFO - Processing file /home/airflow/.local/lib/python3.12/site-packages/airflow/example_dags/example_short_circuit_decorator.py for tasks to queue
[2024-07-25T04:06:20.711+0000] {logging_mixin.py:188} INFO - [2024-07-25T04:06:20.711+0000] {dagbag.py:545} INFO - Filling up the DagBag from /home/airflow/.local/lib/python3.12/site-packages/airflow/example_dags/example_short_circuit_decorator.py
[2024-07-25T04:06:20.716+0000] {processor.py:840} INFO - DAG(s) 'example_short_circuit_decorator' retrieved from /home/airflow/.local/lib/python3.12/site-packages/airflow/example_dags/example_short_circuit_decorator.py
[2024-07-25T04:06:20.729+0000] {logging_mixin.py:188} INFO - [2024-07-25T04:06:20.729+0000] {dag.py:3089} INFO - Sync 1 DAGs
[2024-07-25T04:06:20.740+0000] {logging_mixin.py:188} INFO - [2024-07-25T04:06:20.740+0000] {dag.py:3947} INFO - Setting next_dagrun for example_short_circuit_decorator to 2024-07-24 00:00:00+00:00, run_after=2024-07-25 00:00:00+00:00
[2024-07-25T04:06:20.749+0000] {processor.py:183} INFO - Processing /home/airflow/.local/lib/python3.12/site-packages/airflow/example_dags/example_short_circuit_decorator.py took 0.043 seconds
[2024-07-25T04:06:51.148+0000] {processor.py:161} INFO - Started process (PID=406) to work on /home/airflow/.local/lib/python3.12/site-packages/airflow/example_dags/example_short_circuit_decorator.py
[2024-07-25T04:06:51.149+0000] {processor.py:830} INFO - Processing file /home/airflow/.local/lib/python3.12/site-packages/airflow/example_dags/example_short_circuit_decorator.py for tasks to queue
[2024-07-25T04:06:51.150+0000] {logging_mixin.py:188} INFO - [2024-07-25T04:06:51.150+0000] {dagbag.py:545} INFO - Filling up the DagBag from /home/airflow/.local/lib/python3.12/site-packages/airflow/example_dags/example_short_circuit_decorator.py
[2024-07-25T04:06:51.156+0000] {processor.py:840} INFO - DAG(s) 'example_short_circuit_decorator' retrieved from /home/airflow/.local/lib/python3.12/site-packages/airflow/example_dags/example_short_circuit_decorator.py
[2024-07-25T04:06:51.169+0000] {logging_mixin.py:188} INFO - [2024-07-25T04:06:51.168+0000] {dag.py:3089} INFO - Sync 1 DAGs
[2024-07-25T04:06:51.180+0000] {logging_mixin.py:188} INFO - [2024-07-25T04:06:51.180+0000] {dag.py:3947} INFO - Setting next_dagrun for example_short_circuit_decorator to 2024-07-24 00:00:00+00:00, run_after=2024-07-25 00:00:00+00:00
[2024-07-25T04:06:51.191+0000] {processor.py:183} INFO - Processing /home/airflow/.local/lib/python3.12/site-packages/airflow/example_dags/example_short_circuit_decorator.py took 0.047 seconds
[2024-07-25T04:07:21.554+0000] {processor.py:161} INFO - Started process (PID=464) to work on /home/airflow/.local/lib/python3.12/site-packages/airflow/example_dags/example_short_circuit_decorator.py
[2024-07-25T04:07:21.555+0000] {processor.py:830} INFO - Processing file /home/airflow/.local/lib/python3.12/site-packages/airflow/example_dags/example_short_circuit_decorator.py for tasks to queue
[2024-07-25T04:07:21.556+0000] {logging_mixin.py:188} INFO - [2024-07-25T04:07:21.556+0000] {dagbag.py:545} INFO - Filling up the DagBag from /home/airflow/.local/lib/python3.12/site-packages/airflow/example_dags/example_short_circuit_decorator.py
[2024-07-25T04:07:21.561+0000] {processor.py:840} INFO - DAG(s) 'example_short_circuit_decorator' retrieved from /home/airflow/.local/lib/python3.12/site-packages/airflow/example_dags/example_short_circuit_decorator.py
[2024-07-25T04:07:21.574+0000] {logging_mixin.py:188} INFO - [2024-07-25T04:07:21.574+0000] {dag.py:3089} INFO - Sync 1 DAGs
[2024-07-25T04:07:21.584+0000] {logging_mixin.py:188} INFO - [2024-07-25T04:07:21.584+0000] {dag.py:3947} INFO - Setting next_dagrun for example_short_circuit_decorator to 2024-07-24 00:00:00+00:00, run_after=2024-07-25 00:00:00+00:00
[2024-07-25T04:07:21.594+0000] {processor.py:183} INFO - Processing /home/airflow/.local/lib/python3.12/site-packages/airflow/example_dags/example_short_circuit_decorator.py took 0.043 seconds
[2024-07-25T04:07:51.696+0000] {processor.py:161} INFO - Started process (PID=522) to work on /home/airflow/.local/lib/python3.12/site-packages/airflow/example_dags/example_short_circuit_decorator.py
[2024-07-25T04:07:51.697+0000] {processor.py:830} INFO - Processing file /home/airflow/.local/lib/python3.12/site-packages/airflow/example_dags/example_short_circuit_decorator.py for tasks to queue
[2024-07-25T04:07:51.698+0000] {logging_mixin.py:188} INFO - [2024-07-25T04:07:51.698+0000] {dagbag.py:545} INFO - Filling up the DagBag from /home/airflow/.local/lib/python3.12/site-packages/airflow/example_dags/example_short_circuit_decorator.py
[2024-07-25T04:07:51.704+0000] {processor.py:840} INFO - DAG(s) 'example_short_circuit_decorator' retrieved from /home/airflow/.local/lib/python3.12/site-packages/airflow/example_dags/example_short_circuit_decorator.py
[2024-07-25T04:07:51.717+0000] {logging_mixin.py:188} INFO - [2024-07-25T04:07:51.717+0000] {dag.py:3089} INFO - Sync 1 DAGs
[2024-07-25T04:07:51.728+0000] {logging_mixin.py:188} INFO - [2024-07-25T04:07:51.728+0000] {dag.py:3947} INFO - Setting next_dagrun for example_short_circuit_decorator to 2024-07-24 00:00:00+00:00, run_after=2024-07-25 00:00:00+00:00
[2024-07-25T04:07:51.738+0000] {processor.py:183} INFO - Processing /home/airflow/.local/lib/python3.12/site-packages/airflow/example_dags/example_short_circuit_decorator.py took 0.046 seconds
[2024-07-25T04:08:21.853+0000] {processor.py:161} INFO - Started process (PID=580) to work on /home/airflow/.local/lib/python3.12/site-packages/airflow/example_dags/example_short_circuit_decorator.py
[2024-07-25T04:08:21.854+0000] {processor.py:830} INFO - Processing file /home/airflow/.local/lib/python3.12/site-packages/airflow/example_dags/example_short_circuit_decorator.py for tasks to queue
[2024-07-25T04:08:21.855+0000] {logging_mixin.py:188} INFO - [2024-07-25T04:08:21.855+0000] {dagbag.py:545} INFO - Filling up the DagBag from /home/airflow/.local/lib/python3.12/site-packages/airflow/example_dags/example_short_circuit_decorator.py
[2024-07-25T04:08:21.860+0000] {processor.py:840} INFO - DAG(s) 'example_short_circuit_decorator' retrieved from /home/airflow/.local/lib/python3.12/site-packages/airflow/example_dags/example_short_circuit_decorator.py
[2024-07-25T04:08:21.873+0000] {logging_mixin.py:188} INFO - [2024-07-25T04:08:21.873+0000] {dag.py:3089} INFO - Sync 1 DAGs
[2024-07-25T04:08:21.884+0000] {logging_mixin.py:188} INFO - [2024-07-25T04:08:21.883+0000] {dag.py:3947} INFO - Setting next_dagrun for example_short_circuit_decorator to 2024-07-24 00:00:00+00:00, run_after=2024-07-25 00:00:00+00:00
[2024-07-25T04:08:21.893+0000] {processor.py:183} INFO - Processing /home/airflow/.local/lib/python3.12/site-packages/airflow/example_dags/example_short_circuit_decorator.py took 0.043 seconds
[2024-07-25T04:08:51.969+0000] {processor.py:161} INFO - Started process (PID=638) to work on /home/airflow/.local/lib/python3.12/site-packages/airflow/example_dags/example_short_circuit_decorator.py
[2024-07-25T04:08:51.970+0000] {processor.py:830} INFO - Processing file /home/airflow/.local/lib/python3.12/site-packages/airflow/example_dags/example_short_circuit_decorator.py for tasks to queue
[2024-07-25T04:08:51.972+0000] {logging_mixin.py:188} INFO - [2024-07-25T04:08:51.971+0000] {dagbag.py:545} INFO - Filling up the DagBag from /home/airflow/.local/lib/python3.12/site-packages/airflow/example_dags/example_short_circuit_decorator.py
[2024-07-25T04:08:51.977+0000] {processor.py:840} INFO - DAG(s) 'example_short_circuit_decorator' retrieved from /home/airflow/.local/lib/python3.12/site-packages/airflow/example_dags/example_short_circuit_decorator.py
[2024-07-25T04:08:51.990+0000] {logging_mixin.py:188} INFO - [2024-07-25T04:08:51.990+0000] {dag.py:3089} INFO - Sync 1 DAGs
[2024-07-25T04:08:52.001+0000] {logging_mixin.py:188} INFO - [2024-07-25T04:08:52.001+0000] {dag.py:3947} INFO - Setting next_dagrun for example_short_circuit_decorator to 2024-07-24 00:00:00+00:00, run_after=2024-07-25 00:00:00+00:00
[2024-07-25T04:08:52.011+0000] {processor.py:183} INFO - Processing /home/airflow/.local/lib/python3.12/site-packages/airflow/example_dags/example_short_circuit_decorator.py took 0.045 seconds
[2024-07-25T04:09:22.434+0000] {processor.py:161} INFO - Started process (PID=697) to work on /home/airflow/.local/lib/python3.12/site-packages/airflow/example_dags/example_short_circuit_decorator.py
[2024-07-25T04:09:22.435+0000] {processor.py:830} INFO - Processing file /home/airflow/.local/lib/python3.12/site-packages/airflow/example_dags/example_short_circuit_decorator.py for tasks to queue
[2024-07-25T04:09:22.436+0000] {logging_mixin.py:188} INFO - [2024-07-25T04:09:22.436+0000] {dagbag.py:545} INFO - Filling up the DagBag from /home/airflow/.local/lib/python3.12/site-packages/airflow/example_dags/example_short_circuit_decorator.py
[2024-07-25T04:09:22.443+0000] {processor.py:840} INFO - DAG(s) 'example_short_circuit_decorator' retrieved from /home/airflow/.local/lib/python3.12/site-packages/airflow/example_dags/example_short_circuit_decorator.py
[2024-07-25T04:09:22.459+0000] {logging_mixin.py:188} INFO - [2024-07-25T04:09:22.459+0000] {dag.py:3089} INFO - Sync 1 DAGs
[2024-07-25T04:09:22.472+0000] {logging_mixin.py:188} INFO - [2024-07-25T04:09:22.472+0000] {dag.py:3947} INFO - Setting next_dagrun for example_short_circuit_decorator to 2024-07-24 00:00:00+00:00, run_after=2024-07-25 00:00:00+00:00
[2024-07-25T04:09:22.484+0000] {processor.py:183} INFO - Processing /home/airflow/.local/lib/python3.12/site-packages/airflow/example_dags/example_short_circuit_decorator.py took 0.054 seconds
[2024-07-25T04:09:52.635+0000] {processor.py:161} INFO - Started process (PID=755) to work on /home/airflow/.local/lib/python3.12/site-packages/airflow/example_dags/example_short_circuit_decorator.py
[2024-07-25T04:09:52.636+0000] {processor.py:830} INFO - Processing file /home/airflow/.local/lib/python3.12/site-packages/airflow/example_dags/example_short_circuit_decorator.py for tasks to queue
[2024-07-25T04:09:52.637+0000] {logging_mixin.py:188} INFO - [2024-07-25T04:09:52.637+0000] {dagbag.py:545} INFO - Filling up the DagBag from /home/airflow/.local/lib/python3.12/site-packages/airflow/example_dags/example_short_circuit_decorator.py
[2024-07-25T04:09:52.642+0000] {processor.py:840} INFO - DAG(s) 'example_short_circuit_decorator' retrieved from /home/airflow/.local/lib/python3.12/site-packages/airflow/example_dags/example_short_circuit_decorator.py
[2024-07-25T04:09:52.656+0000] {logging_mixin.py:188} INFO - [2024-07-25T04:09:52.655+0000] {dag.py:3089} INFO - Sync 1 DAGs
[2024-07-25T04:09:52.667+0000] {logging_mixin.py:188} INFO - [2024-07-25T04:09:52.667+0000] {dag.py:3947} INFO - Setting next_dagrun for example_short_circuit_decorator to 2024-07-24 00:00:00+00:00, run_after=2024-07-25 00:00:00+00:00
[2024-07-25T04:09:52.677+0000] {processor.py:183} INFO - Processing /home/airflow/.local/lib/python3.12/site-packages/airflow/example_dags/example_short_circuit_decorator.py took 0.046 seconds
[2024-07-25T04:10:23.374+0000] {processor.py:161} INFO - Started process (PID=813) to work on /home/airflow/.local/lib/python3.12/site-packages/airflow/example_dags/example_short_circuit_decorator.py
[2024-07-25T04:10:23.375+0000] {processor.py:830} INFO - Processing file /home/airflow/.local/lib/python3.12/site-packages/airflow/example_dags/example_short_circuit_decorator.py for tasks to queue
[2024-07-25T04:10:23.376+0000] {logging_mixin.py:188} INFO - [2024-07-25T04:10:23.376+0000] {dagbag.py:545} INFO - Filling up the DagBag from /home/airflow/.local/lib/python3.12/site-packages/airflow/example_dags/example_short_circuit_decorator.py
[2024-07-25T04:10:23.381+0000] {processor.py:840} INFO - DAG(s) 'example_short_circuit_decorator' retrieved from /home/airflow/.local/lib/python3.12/site-packages/airflow/example_dags/example_short_circuit_decorator.py
[2024-07-25T04:10:23.394+0000] {logging_mixin.py:188} INFO - [2024-07-25T04:10:23.394+0000] {dag.py:3089} INFO - Sync 1 DAGs
[2024-07-25T04:10:23.404+0000] {logging_mixin.py:188} INFO - [2024-07-25T04:10:23.404+0000] {dag.py:3947} INFO - Setting next_dagrun for example_short_circuit_decorator to 2024-07-24 00:00:00+00:00, run_after=2024-07-25 00:00:00+00:00
[2024-07-25T04:10:23.414+0000] {processor.py:183} INFO - Processing /home/airflow/.local/lib/python3.12/site-packages/airflow/example_dags/example_short_circuit_decorator.py took 0.044 seconds
[2024-07-25T04:10:53.619+0000] {processor.py:161} INFO - Started process (PID=871) to work on /home/airflow/.local/lib/python3.12/site-packages/airflow/example_dags/example_short_circuit_decorator.py
[2024-07-25T04:10:53.620+0000] {processor.py:830} INFO - Processing file /home/airflow/.local/lib/python3.12/site-packages/airflow/example_dags/example_short_circuit_decorator.py for tasks to queue
[2024-07-25T04:10:53.621+0000] {logging_mixin.py:188} INFO - [2024-07-25T04:10:53.621+0000] {dagbag.py:545} INFO - Filling up the DagBag from /home/airflow/.local/lib/python3.12/site-packages/airflow/example_dags/example_short_circuit_decorator.py
[2024-07-25T04:10:53.626+0000] {processor.py:840} INFO - DAG(s) 'example_short_circuit_decorator' retrieved from /home/airflow/.local/lib/python3.12/site-packages/airflow/example_dags/example_short_circuit_decorator.py
[2024-07-25T04:10:53.638+0000] {logging_mixin.py:188} INFO - [2024-07-25T04:10:53.638+0000] {dag.py:3089} INFO - Sync 1 DAGs
[2024-07-25T04:10:53.649+0000] {logging_mixin.py:188} INFO - [2024-07-25T04:10:53.649+0000] {dag.py:3947} INFO - Setting next_dagrun for example_short_circuit_decorator to 2024-07-24 00:00:00+00:00, run_after=2024-07-25 00:00:00+00:00
[2024-07-25T04:10:53.657+0000] {processor.py:183} INFO - Processing /home/airflow/.local/lib/python3.12/site-packages/airflow/example_dags/example_short_circuit_decorator.py took 0.041 seconds
[2024-07-25T04:11:23.721+0000] {processor.py:161} INFO - Started process (PID=929) to work on /home/airflow/.local/lib/python3.12/site-packages/airflow/example_dags/example_short_circuit_decorator.py
[2024-07-25T04:11:23.721+0000] {processor.py:830} INFO - Processing file /home/airflow/.local/lib/python3.12/site-packages/airflow/example_dags/example_short_circuit_decorator.py for tasks to queue
[2024-07-25T04:11:23.723+0000] {logging_mixin.py:188} INFO - [2024-07-25T04:11:23.722+0000] {dagbag.py:545} INFO - Filling up the DagBag from /home/airflow/.local/lib/python3.12/site-packages/airflow/example_dags/example_short_circuit_decorator.py
[2024-07-25T04:11:23.729+0000] {processor.py:840} INFO - DAG(s) 'example_short_circuit_decorator' retrieved from /home/airflow/.local/lib/python3.12/site-packages/airflow/example_dags/example_short_circuit_decorator.py
[2024-07-25T04:11:23.741+0000] {logging_mixin.py:188} INFO - [2024-07-25T04:11:23.741+0000] {dag.py:3089} INFO - Sync 1 DAGs
[2024-07-25T04:11:23.753+0000] {logging_mixin.py:188} INFO - [2024-07-25T04:11:23.753+0000] {dag.py:3947} INFO - Setting next_dagrun for example_short_circuit_decorator to 2024-07-24 00:00:00+00:00, run_after=2024-07-25 00:00:00+00:00
[2024-07-25T04:11:23.763+0000] {processor.py:183} INFO - Processing /home/airflow/.local/lib/python3.12/site-packages/airflow/example_dags/example_short_circuit_decorator.py took 0.046 seconds
