[2024-07-25T03:40:23.716+0000] {processor.py:161} INFO - Started process (PID=30) to work on /home/airflow/.local/lib/python3.12/site-packages/airflow/example_dags/example_bash_operator.py
[2024-07-25T03:40:23.716+0000] {processor.py:830} INFO - Processing file /home/airflow/.local/lib/python3.12/site-packages/airflow/example_dags/example_bash_operator.py for tasks to queue
[2024-07-25T03:40:23.718+0000] {logging_mixin.py:188} INFO - [2024-07-25T03:40:23.718+0000] {dagbag.py:545} INFO - Filling up the DagBag from /home/airflow/.local/lib/python3.12/site-packages/airflow/example_dags/example_bash_operator.py
[2024-07-25T03:40:23.731+0000] {processor.py:840} INFO - DAG(s) 'example_bash_operator' retrieved from /home/airflow/.local/lib/python3.12/site-packages/airflow/example_dags/example_bash_operator.py
[2024-07-25T03:40:23.756+0000] {logging_mixin.py:188} INFO - [2024-07-25T03:40:23.756+0000] {dag.py:3089} INFO - Sync 1 DAGs
[2024-07-25T03:40:23.771+0000] {logging_mixin.py:188} INFO - [2024-07-25T03:40:23.771+0000] {dag.py:3947} INFO - Setting next_dagrun for example_bash_operator to 2024-07-24 00:00:00+00:00, run_after=2024-07-25 00:00:00+00:00
[2024-07-25T03:40:23.782+0000] {processor.py:183} INFO - Processing /home/airflow/.local/lib/python3.12/site-packages/airflow/example_dags/example_bash_operator.py took 0.072 seconds
[2024-07-25T03:40:53.929+0000] {processor.py:161} INFO - Started process (PID=88) to work on /home/airflow/.local/lib/python3.12/site-packages/airflow/example_dags/example_bash_operator.py
[2024-07-25T03:40:53.931+0000] {processor.py:830} INFO - Processing file /home/airflow/.local/lib/python3.12/site-packages/airflow/example_dags/example_bash_operator.py for tasks to queue
[2024-07-25T03:40:53.935+0000] {logging_mixin.py:188} INFO - [2024-07-25T03:40:53.934+0000] {dagbag.py:545} INFO - Filling up the DagBag from /home/airflow/.local/lib/python3.12/site-packages/airflow/example_dags/example_bash_operator.py
[2024-07-25T03:40:53.953+0000] {processor.py:840} INFO - DAG(s) 'example_bash_operator' retrieved from /home/airflow/.local/lib/python3.12/site-packages/airflow/example_dags/example_bash_operator.py
[2024-07-25T03:40:54.266+0000] {logging_mixin.py:188} INFO - [2024-07-25T03:40:54.266+0000] {dag.py:3089} INFO - Sync 1 DAGs
[2024-07-25T03:40:54.285+0000] {logging_mixin.py:188} INFO - [2024-07-25T03:40:54.284+0000] {dag.py:3947} INFO - Setting next_dagrun for example_bash_operator to 2024-07-24 00:00:00+00:00, run_after=2024-07-25 00:00:00+00:00
[2024-07-25T03:40:54.306+0000] {processor.py:183} INFO - Processing /home/airflow/.local/lib/python3.12/site-packages/airflow/example_dags/example_bash_operator.py took 0.387 seconds
[2024-07-25T03:41:24.574+0000] {processor.py:161} INFO - Started process (PID=146) to work on /home/airflow/.local/lib/python3.12/site-packages/airflow/example_dags/example_bash_operator.py
[2024-07-25T03:41:24.576+0000] {processor.py:830} INFO - Processing file /home/airflow/.local/lib/python3.12/site-packages/airflow/example_dags/example_bash_operator.py for tasks to queue
[2024-07-25T03:41:24.579+0000] {logging_mixin.py:188} INFO - [2024-07-25T03:41:24.579+0000] {dagbag.py:545} INFO - Filling up the DagBag from /home/airflow/.local/lib/python3.12/site-packages/airflow/example_dags/example_bash_operator.py
[2024-07-25T03:41:24.592+0000] {processor.py:840} INFO - DAG(s) 'example_bash_operator' retrieved from /home/airflow/.local/lib/python3.12/site-packages/airflow/example_dags/example_bash_operator.py
[2024-07-25T03:41:24.612+0000] {logging_mixin.py:188} INFO - [2024-07-25T03:41:24.612+0000] {dag.py:3089} INFO - Sync 1 DAGs
[2024-07-25T03:41:24.624+0000] {logging_mixin.py:188} INFO - [2024-07-25T03:41:24.624+0000] {dag.py:3947} INFO - Setting next_dagrun for example_bash_operator to 2024-07-24 00:00:00+00:00, run_after=2024-07-25 00:00:00+00:00
[2024-07-25T03:41:24.634+0000] {processor.py:183} INFO - Processing /home/airflow/.local/lib/python3.12/site-packages/airflow/example_dags/example_bash_operator.py took 0.069 seconds
[2024-07-25T03:41:54.951+0000] {processor.py:161} INFO - Started process (PID=204) to work on /home/airflow/.local/lib/python3.12/site-packages/airflow/example_dags/example_bash_operator.py
[2024-07-25T03:41:54.952+0000] {processor.py:830} INFO - Processing file /home/airflow/.local/lib/python3.12/site-packages/airflow/example_dags/example_bash_operator.py for tasks to queue
[2024-07-25T03:41:54.955+0000] {logging_mixin.py:188} INFO - [2024-07-25T03:41:54.955+0000] {dagbag.py:545} INFO - Filling up the DagBag from /home/airflow/.local/lib/python3.12/site-packages/airflow/example_dags/example_bash_operator.py
[2024-07-25T03:41:54.965+0000] {processor.py:840} INFO - DAG(s) 'example_bash_operator' retrieved from /home/airflow/.local/lib/python3.12/site-packages/airflow/example_dags/example_bash_operator.py
[2024-07-25T03:41:54.984+0000] {logging_mixin.py:188} INFO - [2024-07-25T03:41:54.984+0000] {dag.py:3089} INFO - Sync 1 DAGs
[2024-07-25T03:41:54.996+0000] {logging_mixin.py:188} INFO - [2024-07-25T03:41:54.996+0000] {dag.py:3947} INFO - Setting next_dagrun for example_bash_operator to 2024-07-24 00:00:00+00:00, run_after=2024-07-25 00:00:00+00:00
[2024-07-25T03:41:55.005+0000] {processor.py:183} INFO - Processing /home/airflow/.local/lib/python3.12/site-packages/airflow/example_dags/example_bash_operator.py took 0.062 seconds
[2024-07-25T03:42:25.105+0000] {processor.py:161} INFO - Started process (PID=262) to work on /home/airflow/.local/lib/python3.12/site-packages/airflow/example_dags/example_bash_operator.py
[2024-07-25T03:42:25.107+0000] {processor.py:830} INFO - Processing file /home/airflow/.local/lib/python3.12/site-packages/airflow/example_dags/example_bash_operator.py for tasks to queue
[2024-07-25T03:42:25.109+0000] {logging_mixin.py:188} INFO - [2024-07-25T03:42:25.109+0000] {dagbag.py:545} INFO - Filling up the DagBag from /home/airflow/.local/lib/python3.12/site-packages/airflow/example_dags/example_bash_operator.py
[2024-07-25T03:42:25.120+0000] {processor.py:840} INFO - DAG(s) 'example_bash_operator' retrieved from /home/airflow/.local/lib/python3.12/site-packages/airflow/example_dags/example_bash_operator.py
[2024-07-25T03:42:25.140+0000] {logging_mixin.py:188} INFO - [2024-07-25T03:42:25.140+0000] {dag.py:3089} INFO - Sync 1 DAGs
[2024-07-25T03:42:25.152+0000] {logging_mixin.py:188} INFO - [2024-07-25T03:42:25.152+0000] {dag.py:3947} INFO - Setting next_dagrun for example_bash_operator to 2024-07-24 00:00:00+00:00, run_after=2024-07-25 00:00:00+00:00
[2024-07-25T03:42:25.162+0000] {processor.py:183} INFO - Processing /home/airflow/.local/lib/python3.12/site-packages/airflow/example_dags/example_bash_operator.py took 0.066 seconds
[2024-07-25T03:42:55.417+0000] {processor.py:161} INFO - Started process (PID=320) to work on /home/airflow/.local/lib/python3.12/site-packages/airflow/example_dags/example_bash_operator.py
[2024-07-25T03:42:55.419+0000] {processor.py:830} INFO - Processing file /home/airflow/.local/lib/python3.12/site-packages/airflow/example_dags/example_bash_operator.py for tasks to queue
[2024-07-25T03:42:55.422+0000] {logging_mixin.py:188} INFO - [2024-07-25T03:42:55.421+0000] {dagbag.py:545} INFO - Filling up the DagBag from /home/airflow/.local/lib/python3.12/site-packages/airflow/example_dags/example_bash_operator.py
[2024-07-25T03:42:55.436+0000] {processor.py:840} INFO - DAG(s) 'example_bash_operator' retrieved from /home/airflow/.local/lib/python3.12/site-packages/airflow/example_dags/example_bash_operator.py
[2024-07-25T03:42:55.454+0000] {logging_mixin.py:188} INFO - [2024-07-25T03:42:55.454+0000] {dag.py:3089} INFO - Sync 1 DAGs
[2024-07-25T03:42:55.468+0000] {logging_mixin.py:188} INFO - [2024-07-25T03:42:55.468+0000] {dag.py:3947} INFO - Setting next_dagrun for example_bash_operator to 2024-07-24 00:00:00+00:00, run_after=2024-07-25 00:00:00+00:00
[2024-07-25T03:42:55.478+0000] {processor.py:183} INFO - Processing /home/airflow/.local/lib/python3.12/site-packages/airflow/example_dags/example_bash_operator.py took 0.073 seconds
[2024-07-25T03:43:25.730+0000] {processor.py:161} INFO - Started process (PID=378) to work on /home/airflow/.local/lib/python3.12/site-packages/airflow/example_dags/example_bash_operator.py
[2024-07-25T03:43:25.731+0000] {processor.py:830} INFO - Processing file /home/airflow/.local/lib/python3.12/site-packages/airflow/example_dags/example_bash_operator.py for tasks to queue
[2024-07-25T03:43:25.733+0000] {logging_mixin.py:188} INFO - [2024-07-25T03:43:25.732+0000] {dagbag.py:545} INFO - Filling up the DagBag from /home/airflow/.local/lib/python3.12/site-packages/airflow/example_dags/example_bash_operator.py
[2024-07-25T03:43:25.742+0000] {processor.py:840} INFO - DAG(s) 'example_bash_operator' retrieved from /home/airflow/.local/lib/python3.12/site-packages/airflow/example_dags/example_bash_operator.py
[2024-07-25T03:43:25.764+0000] {logging_mixin.py:188} INFO - [2024-07-25T03:43:25.764+0000] {dag.py:3089} INFO - Sync 1 DAGs
[2024-07-25T03:43:25.778+0000] {logging_mixin.py:188} INFO - [2024-07-25T03:43:25.778+0000] {dag.py:3947} INFO - Setting next_dagrun for example_bash_operator to 2024-07-24 00:00:00+00:00, run_after=2024-07-25 00:00:00+00:00
[2024-07-25T03:43:25.789+0000] {processor.py:183} INFO - Processing /home/airflow/.local/lib/python3.12/site-packages/airflow/example_dags/example_bash_operator.py took 0.065 seconds
[2024-07-25T03:43:55.851+0000] {processor.py:161} INFO - Started process (PID=436) to work on /home/airflow/.local/lib/python3.12/site-packages/airflow/example_dags/example_bash_operator.py
[2024-07-25T03:43:55.852+0000] {processor.py:830} INFO - Processing file /home/airflow/.local/lib/python3.12/site-packages/airflow/example_dags/example_bash_operator.py for tasks to queue
[2024-07-25T03:43:55.854+0000] {logging_mixin.py:188} INFO - [2024-07-25T03:43:55.854+0000] {dagbag.py:545} INFO - Filling up the DagBag from /home/airflow/.local/lib/python3.12/site-packages/airflow/example_dags/example_bash_operator.py
[2024-07-25T03:43:55.860+0000] {processor.py:840} INFO - DAG(s) 'example_bash_operator' retrieved from /home/airflow/.local/lib/python3.12/site-packages/airflow/example_dags/example_bash_operator.py
[2024-07-25T03:43:55.875+0000] {logging_mixin.py:188} INFO - [2024-07-25T03:43:55.875+0000] {dag.py:3089} INFO - Sync 1 DAGs
[2024-07-25T03:43:55.887+0000] {logging_mixin.py:188} INFO - [2024-07-25T03:43:55.887+0000] {dag.py:3947} INFO - Setting next_dagrun for example_bash_operator to 2024-07-24 00:00:00+00:00, run_after=2024-07-25 00:00:00+00:00
[2024-07-25T03:43:55.897+0000] {processor.py:183} INFO - Processing /home/airflow/.local/lib/python3.12/site-packages/airflow/example_dags/example_bash_operator.py took 0.049 seconds
[2024-07-25T03:44:26.058+0000] {processor.py:161} INFO - Started process (PID=494) to work on /home/airflow/.local/lib/python3.12/site-packages/airflow/example_dags/example_bash_operator.py
[2024-07-25T03:44:26.059+0000] {processor.py:830} INFO - Processing file /home/airflow/.local/lib/python3.12/site-packages/airflow/example_dags/example_bash_operator.py for tasks to queue
[2024-07-25T03:44:26.062+0000] {logging_mixin.py:188} INFO - [2024-07-25T03:44:26.062+0000] {dagbag.py:545} INFO - Filling up the DagBag from /home/airflow/.local/lib/python3.12/site-packages/airflow/example_dags/example_bash_operator.py
[2024-07-25T03:44:26.075+0000] {processor.py:840} INFO - DAG(s) 'example_bash_operator' retrieved from /home/airflow/.local/lib/python3.12/site-packages/airflow/example_dags/example_bash_operator.py
[2024-07-25T03:44:26.091+0000] {logging_mixin.py:188} INFO - [2024-07-25T03:44:26.091+0000] {dag.py:3089} INFO - Sync 1 DAGs
[2024-07-25T03:44:26.104+0000] {logging_mixin.py:188} INFO - [2024-07-25T03:44:26.104+0000] {dag.py:3947} INFO - Setting next_dagrun for example_bash_operator to 2024-07-24 00:00:00+00:00, run_after=2024-07-25 00:00:00+00:00
[2024-07-25T03:44:26.113+0000] {processor.py:183} INFO - Processing /home/airflow/.local/lib/python3.12/site-packages/airflow/example_dags/example_bash_operator.py took 0.066 seconds
[2024-07-25T03:44:56.421+0000] {processor.py:161} INFO - Started process (PID=552) to work on /home/airflow/.local/lib/python3.12/site-packages/airflow/example_dags/example_bash_operator.py
[2024-07-25T03:44:56.422+0000] {processor.py:830} INFO - Processing file /home/airflow/.local/lib/python3.12/site-packages/airflow/example_dags/example_bash_operator.py for tasks to queue
[2024-07-25T03:44:56.426+0000] {logging_mixin.py:188} INFO - [2024-07-25T03:44:56.425+0000] {dagbag.py:545} INFO - Filling up the DagBag from /home/airflow/.local/lib/python3.12/site-packages/airflow/example_dags/example_bash_operator.py
[2024-07-25T03:44:56.440+0000] {processor.py:840} INFO - DAG(s) 'example_bash_operator' retrieved from /home/airflow/.local/lib/python3.12/site-packages/airflow/example_dags/example_bash_operator.py
[2024-07-25T03:44:56.459+0000] {logging_mixin.py:188} INFO - [2024-07-25T03:44:56.458+0000] {dag.py:3089} INFO - Sync 1 DAGs
[2024-07-25T03:44:56.474+0000] {logging_mixin.py:188} INFO - [2024-07-25T03:44:56.474+0000] {dag.py:3947} INFO - Setting next_dagrun for example_bash_operator to 2024-07-24 00:00:00+00:00, run_after=2024-07-25 00:00:00+00:00
[2024-07-25T03:44:56.484+0000] {processor.py:183} INFO - Processing /home/airflow/.local/lib/python3.12/site-packages/airflow/example_dags/example_bash_operator.py took 0.073 seconds
[2024-07-25T03:45:26.794+0000] {processor.py:161} INFO - Started process (PID=610) to work on /home/airflow/.local/lib/python3.12/site-packages/airflow/example_dags/example_bash_operator.py
[2024-07-25T03:45:26.794+0000] {processor.py:830} INFO - Processing file /home/airflow/.local/lib/python3.12/site-packages/airflow/example_dags/example_bash_operator.py for tasks to queue
[2024-07-25T03:45:26.796+0000] {logging_mixin.py:188} INFO - [2024-07-25T03:45:26.796+0000] {dagbag.py:545} INFO - Filling up the DagBag from /home/airflow/.local/lib/python3.12/site-packages/airflow/example_dags/example_bash_operator.py
[2024-07-25T03:45:26.805+0000] {processor.py:840} INFO - DAG(s) 'example_bash_operator' retrieved from /home/airflow/.local/lib/python3.12/site-packages/airflow/example_dags/example_bash_operator.py
[2024-07-25T03:45:26.824+0000] {logging_mixin.py:188} INFO - [2024-07-25T03:45:26.824+0000] {dag.py:3089} INFO - Sync 1 DAGs
[2024-07-25T03:45:26.838+0000] {logging_mixin.py:188} INFO - [2024-07-25T03:45:26.838+0000] {dag.py:3947} INFO - Setting next_dagrun for example_bash_operator to 2024-07-24 00:00:00+00:00, run_after=2024-07-25 00:00:00+00:00
[2024-07-25T03:45:26.849+0000] {processor.py:183} INFO - Processing /home/airflow/.local/lib/python3.12/site-packages/airflow/example_dags/example_bash_operator.py took 0.063 seconds
[2024-07-25T03:45:57.087+0000] {processor.py:161} INFO - Started process (PID=668) to work on /home/airflow/.local/lib/python3.12/site-packages/airflow/example_dags/example_bash_operator.py
[2024-07-25T03:45:57.089+0000] {processor.py:830} INFO - Processing file /home/airflow/.local/lib/python3.12/site-packages/airflow/example_dags/example_bash_operator.py for tasks to queue
[2024-07-25T03:45:57.091+0000] {logging_mixin.py:188} INFO - [2024-07-25T03:45:57.091+0000] {dagbag.py:545} INFO - Filling up the DagBag from /home/airflow/.local/lib/python3.12/site-packages/airflow/example_dags/example_bash_operator.py
[2024-07-25T03:45:57.104+0000] {processor.py:840} INFO - DAG(s) 'example_bash_operator' retrieved from /home/airflow/.local/lib/python3.12/site-packages/airflow/example_dags/example_bash_operator.py
[2024-07-25T03:45:57.122+0000] {logging_mixin.py:188} INFO - [2024-07-25T03:45:57.122+0000] {dag.py:3089} INFO - Sync 1 DAGs
[2024-07-25T03:45:57.136+0000] {logging_mixin.py:188} INFO - [2024-07-25T03:45:57.136+0000] {dag.py:3947} INFO - Setting next_dagrun for example_bash_operator to 2024-07-24 00:00:00+00:00, run_after=2024-07-25 00:00:00+00:00
[2024-07-25T03:45:57.146+0000] {processor.py:183} INFO - Processing /home/airflow/.local/lib/python3.12/site-packages/airflow/example_dags/example_bash_operator.py took 0.068 seconds
[2024-07-25T03:46:27.283+0000] {processor.py:161} INFO - Started process (PID=726) to work on /home/airflow/.local/lib/python3.12/site-packages/airflow/example_dags/example_bash_operator.py
[2024-07-25T03:46:27.284+0000] {processor.py:830} INFO - Processing file /home/airflow/.local/lib/python3.12/site-packages/airflow/example_dags/example_bash_operator.py for tasks to queue
[2024-07-25T03:46:27.287+0000] {logging_mixin.py:188} INFO - [2024-07-25T03:46:27.286+0000] {dagbag.py:545} INFO - Filling up the DagBag from /home/airflow/.local/lib/python3.12/site-packages/airflow/example_dags/example_bash_operator.py
[2024-07-25T03:46:27.295+0000] {processor.py:840} INFO - DAG(s) 'example_bash_operator' retrieved from /home/airflow/.local/lib/python3.12/site-packages/airflow/example_dags/example_bash_operator.py
[2024-07-25T03:46:27.315+0000] {logging_mixin.py:188} INFO - [2024-07-25T03:46:27.315+0000] {dag.py:3089} INFO - Sync 1 DAGs
[2024-07-25T03:46:27.330+0000] {logging_mixin.py:188} INFO - [2024-07-25T03:46:27.330+0000] {dag.py:3947} INFO - Setting next_dagrun for example_bash_operator to 2024-07-24 00:00:00+00:00, run_after=2024-07-25 00:00:00+00:00
[2024-07-25T03:46:27.340+0000] {processor.py:183} INFO - Processing /home/airflow/.local/lib/python3.12/site-packages/airflow/example_dags/example_bash_operator.py took 0.063 seconds
[2024-07-25T03:46:57.435+0000] {processor.py:161} INFO - Started process (PID=784) to work on /home/airflow/.local/lib/python3.12/site-packages/airflow/example_dags/example_bash_operator.py
[2024-07-25T03:46:57.437+0000] {processor.py:830} INFO - Processing file /home/airflow/.local/lib/python3.12/site-packages/airflow/example_dags/example_bash_operator.py for tasks to queue
[2024-07-25T03:46:57.441+0000] {logging_mixin.py:188} INFO - [2024-07-25T03:46:57.441+0000] {dagbag.py:545} INFO - Filling up the DagBag from /home/airflow/.local/lib/python3.12/site-packages/airflow/example_dags/example_bash_operator.py
[2024-07-25T03:46:57.461+0000] {processor.py:840} INFO - DAG(s) 'example_bash_operator' retrieved from /home/airflow/.local/lib/python3.12/site-packages/airflow/example_dags/example_bash_operator.py
[2024-07-25T03:46:57.483+0000] {logging_mixin.py:188} INFO - [2024-07-25T03:46:57.483+0000] {dag.py:3089} INFO - Sync 1 DAGs
[2024-07-25T03:46:57.498+0000] {logging_mixin.py:188} INFO - [2024-07-25T03:46:57.498+0000] {dag.py:3947} INFO - Setting next_dagrun for example_bash_operator to 2024-07-24 00:00:00+00:00, run_after=2024-07-25 00:00:00+00:00
[2024-07-25T03:46:57.509+0000] {processor.py:183} INFO - Processing /home/airflow/.local/lib/python3.12/site-packages/airflow/example_dags/example_bash_operator.py took 0.089 seconds
[2024-07-25T03:47:27.757+0000] {processor.py:161} INFO - Started process (PID=842) to work on /home/airflow/.local/lib/python3.12/site-packages/airflow/example_dags/example_bash_operator.py
[2024-07-25T03:47:27.758+0000] {processor.py:830} INFO - Processing file /home/airflow/.local/lib/python3.12/site-packages/airflow/example_dags/example_bash_operator.py for tasks to queue
[2024-07-25T03:47:27.762+0000] {logging_mixin.py:188} INFO - [2024-07-25T03:47:27.761+0000] {dagbag.py:545} INFO - Filling up the DagBag from /home/airflow/.local/lib/python3.12/site-packages/airflow/example_dags/example_bash_operator.py
[2024-07-25T03:47:27.791+0000] {processor.py:840} INFO - DAG(s) 'example_bash_operator' retrieved from /home/airflow/.local/lib/python3.12/site-packages/airflow/example_dags/example_bash_operator.py
[2024-07-25T03:47:27.811+0000] {logging_mixin.py:188} INFO - [2024-07-25T03:47:27.811+0000] {dag.py:3089} INFO - Sync 1 DAGs
[2024-07-25T03:47:27.826+0000] {logging_mixin.py:188} INFO - [2024-07-25T03:47:27.826+0000] {dag.py:3947} INFO - Setting next_dagrun for example_bash_operator to 2024-07-24 00:00:00+00:00, run_after=2024-07-25 00:00:00+00:00
[2024-07-25T03:47:27.836+0000] {processor.py:183} INFO - Processing /home/airflow/.local/lib/python3.12/site-packages/airflow/example_dags/example_bash_operator.py took 0.090 seconds
[2024-07-25T03:47:57.896+0000] {processor.py:161} INFO - Started process (PID=900) to work on /home/airflow/.local/lib/python3.12/site-packages/airflow/example_dags/example_bash_operator.py
[2024-07-25T03:47:57.898+0000] {processor.py:830} INFO - Processing file /home/airflow/.local/lib/python3.12/site-packages/airflow/example_dags/example_bash_operator.py for tasks to queue
[2024-07-25T03:47:57.900+0000] {logging_mixin.py:188} INFO - [2024-07-25T03:47:57.900+0000] {dagbag.py:545} INFO - Filling up the DagBag from /home/airflow/.local/lib/python3.12/site-packages/airflow/example_dags/example_bash_operator.py
[2024-07-25T03:47:57.909+0000] {processor.py:840} INFO - DAG(s) 'example_bash_operator' retrieved from /home/airflow/.local/lib/python3.12/site-packages/airflow/example_dags/example_bash_operator.py
[2024-07-25T03:47:57.929+0000] {logging_mixin.py:188} INFO - [2024-07-25T03:47:57.929+0000] {dag.py:3089} INFO - Sync 1 DAGs
[2024-07-25T03:47:57.966+0000] {logging_mixin.py:188} INFO - [2024-07-25T03:47:57.966+0000] {dag.py:3947} INFO - Setting next_dagrun for example_bash_operator to 2024-07-24 00:00:00+00:00, run_after=2024-07-25 00:00:00+00:00
[2024-07-25T03:47:57.981+0000] {processor.py:183} INFO - Processing /home/airflow/.local/lib/python3.12/site-packages/airflow/example_dags/example_bash_operator.py took 0.090 seconds
[2024-07-25T03:48:28.061+0000] {processor.py:161} INFO - Started process (PID=958) to work on /home/airflow/.local/lib/python3.12/site-packages/airflow/example_dags/example_bash_operator.py
[2024-07-25T03:48:28.062+0000] {processor.py:830} INFO - Processing file /home/airflow/.local/lib/python3.12/site-packages/airflow/example_dags/example_bash_operator.py for tasks to queue
[2024-07-25T03:48:28.066+0000] {logging_mixin.py:188} INFO - [2024-07-25T03:48:28.065+0000] {dagbag.py:545} INFO - Filling up the DagBag from /home/airflow/.local/lib/python3.12/site-packages/airflow/example_dags/example_bash_operator.py
[2024-07-25T03:48:28.080+0000] {processor.py:840} INFO - DAG(s) 'example_bash_operator' retrieved from /home/airflow/.local/lib/python3.12/site-packages/airflow/example_dags/example_bash_operator.py
[2024-07-25T03:48:28.098+0000] {logging_mixin.py:188} INFO - [2024-07-25T03:48:28.098+0000] {dag.py:3089} INFO - Sync 1 DAGs
[2024-07-25T03:48:28.114+0000] {logging_mixin.py:188} INFO - [2024-07-25T03:48:28.114+0000] {dag.py:3947} INFO - Setting next_dagrun for example_bash_operator to 2024-07-24 00:00:00+00:00, run_after=2024-07-25 00:00:00+00:00
[2024-07-25T03:48:28.125+0000] {processor.py:183} INFO - Processing /home/airflow/.local/lib/python3.12/site-packages/airflow/example_dags/example_bash_operator.py took 0.077 seconds
[2024-07-25T03:48:58.276+0000] {processor.py:161} INFO - Started process (PID=1016) to work on /home/airflow/.local/lib/python3.12/site-packages/airflow/example_dags/example_bash_operator.py
[2024-07-25T03:48:58.277+0000] {processor.py:830} INFO - Processing file /home/airflow/.local/lib/python3.12/site-packages/airflow/example_dags/example_bash_operator.py for tasks to queue
[2024-07-25T03:48:58.280+0000] {logging_mixin.py:188} INFO - [2024-07-25T03:48:58.280+0000] {dagbag.py:545} INFO - Filling up the DagBag from /home/airflow/.local/lib/python3.12/site-packages/airflow/example_dags/example_bash_operator.py
[2024-07-25T03:48:58.294+0000] {processor.py:840} INFO - DAG(s) 'example_bash_operator' retrieved from /home/airflow/.local/lib/python3.12/site-packages/airflow/example_dags/example_bash_operator.py
[2024-07-25T03:48:58.315+0000] {logging_mixin.py:188} INFO - [2024-07-25T03:48:58.315+0000] {dag.py:3089} INFO - Sync 1 DAGs
[2024-07-25T03:48:58.331+0000] {logging_mixin.py:188} INFO - [2024-07-25T03:48:58.331+0000] {dag.py:3947} INFO - Setting next_dagrun for example_bash_operator to 2024-07-24 00:00:00+00:00, run_after=2024-07-25 00:00:00+00:00
[2024-07-25T03:48:58.348+0000] {processor.py:183} INFO - Processing /home/airflow/.local/lib/python3.12/site-packages/airflow/example_dags/example_bash_operator.py took 0.084 seconds
[2024-07-25T03:49:28.738+0000] {processor.py:161} INFO - Started process (PID=1074) to work on /home/airflow/.local/lib/python3.12/site-packages/airflow/example_dags/example_bash_operator.py
[2024-07-25T03:49:28.739+0000] {processor.py:830} INFO - Processing file /home/airflow/.local/lib/python3.12/site-packages/airflow/example_dags/example_bash_operator.py for tasks to queue
[2024-07-25T03:49:28.741+0000] {logging_mixin.py:188} INFO - [2024-07-25T03:49:28.741+0000] {dagbag.py:545} INFO - Filling up the DagBag from /home/airflow/.local/lib/python3.12/site-packages/airflow/example_dags/example_bash_operator.py
[2024-07-25T03:49:28.751+0000] {processor.py:840} INFO - DAG(s) 'example_bash_operator' retrieved from /home/airflow/.local/lib/python3.12/site-packages/airflow/example_dags/example_bash_operator.py
[2024-07-25T03:49:28.769+0000] {logging_mixin.py:188} INFO - [2024-07-25T03:49:28.769+0000] {dag.py:3089} INFO - Sync 1 DAGs
[2024-07-25T03:49:28.782+0000] {logging_mixin.py:188} INFO - [2024-07-25T03:49:28.781+0000] {dag.py:3947} INFO - Setting next_dagrun for example_bash_operator to 2024-07-24 00:00:00+00:00, run_after=2024-07-25 00:00:00+00:00
[2024-07-25T03:49:28.791+0000] {processor.py:183} INFO - Processing /home/airflow/.local/lib/python3.12/site-packages/airflow/example_dags/example_bash_operator.py took 0.063 seconds
[2024-07-25T03:49:59.031+0000] {processor.py:161} INFO - Started process (PID=1132) to work on /home/airflow/.local/lib/python3.12/site-packages/airflow/example_dags/example_bash_operator.py
[2024-07-25T03:49:59.033+0000] {processor.py:830} INFO - Processing file /home/airflow/.local/lib/python3.12/site-packages/airflow/example_dags/example_bash_operator.py for tasks to queue
[2024-07-25T03:49:59.036+0000] {logging_mixin.py:188} INFO - [2024-07-25T03:49:59.035+0000] {dagbag.py:545} INFO - Filling up the DagBag from /home/airflow/.local/lib/python3.12/site-packages/airflow/example_dags/example_bash_operator.py
[2024-07-25T03:49:59.049+0000] {processor.py:840} INFO - DAG(s) 'example_bash_operator' retrieved from /home/airflow/.local/lib/python3.12/site-packages/airflow/example_dags/example_bash_operator.py
[2024-07-25T03:49:59.068+0000] {logging_mixin.py:188} INFO - [2024-07-25T03:49:59.068+0000] {dag.py:3089} INFO - Sync 1 DAGs
[2024-07-25T03:49:59.086+0000] {logging_mixin.py:188} INFO - [2024-07-25T03:49:59.086+0000] {dag.py:3947} INFO - Setting next_dagrun for example_bash_operator to 2024-07-24 00:00:00+00:00, run_after=2024-07-25 00:00:00+00:00
[2024-07-25T03:49:59.095+0000] {processor.py:183} INFO - Processing /home/airflow/.local/lib/python3.12/site-packages/airflow/example_dags/example_bash_operator.py took 0.073 seconds
[2024-07-25T03:50:29.234+0000] {processor.py:161} INFO - Started process (PID=1190) to work on /home/airflow/.local/lib/python3.12/site-packages/airflow/example_dags/example_bash_operator.py
[2024-07-25T03:50:29.235+0000] {processor.py:830} INFO - Processing file /home/airflow/.local/lib/python3.12/site-packages/airflow/example_dags/example_bash_operator.py for tasks to queue
[2024-07-25T03:50:29.238+0000] {logging_mixin.py:188} INFO - [2024-07-25T03:50:29.238+0000] {dagbag.py:545} INFO - Filling up the DagBag from /home/airflow/.local/lib/python3.12/site-packages/airflow/example_dags/example_bash_operator.py
[2024-07-25T03:50:29.251+0000] {processor.py:840} INFO - DAG(s) 'example_bash_operator' retrieved from /home/airflow/.local/lib/python3.12/site-packages/airflow/example_dags/example_bash_operator.py
[2024-07-25T03:50:29.274+0000] {logging_mixin.py:188} INFO - [2024-07-25T03:50:29.274+0000] {dag.py:3089} INFO - Sync 1 DAGs
[2024-07-25T03:50:29.289+0000] {logging_mixin.py:188} INFO - [2024-07-25T03:50:29.289+0000] {dag.py:3947} INFO - Setting next_dagrun for example_bash_operator to 2024-07-24 00:00:00+00:00, run_after=2024-07-25 00:00:00+00:00
[2024-07-25T03:50:29.299+0000] {processor.py:183} INFO - Processing /home/airflow/.local/lib/python3.12/site-packages/airflow/example_dags/example_bash_operator.py took 0.078 seconds
[2024-07-25T03:50:59.427+0000] {processor.py:161} INFO - Started process (PID=1248) to work on /home/airflow/.local/lib/python3.12/site-packages/airflow/example_dags/example_bash_operator.py
[2024-07-25T03:50:59.428+0000] {processor.py:830} INFO - Processing file /home/airflow/.local/lib/python3.12/site-packages/airflow/example_dags/example_bash_operator.py for tasks to queue
[2024-07-25T03:50:59.430+0000] {logging_mixin.py:188} INFO - [2024-07-25T03:50:59.430+0000] {dagbag.py:545} INFO - Filling up the DagBag from /home/airflow/.local/lib/python3.12/site-packages/airflow/example_dags/example_bash_operator.py
[2024-07-25T03:50:59.440+0000] {processor.py:840} INFO - DAG(s) 'example_bash_operator' retrieved from /home/airflow/.local/lib/python3.12/site-packages/airflow/example_dags/example_bash_operator.py
[2024-07-25T03:50:59.459+0000] {logging_mixin.py:188} INFO - [2024-07-25T03:50:59.459+0000] {dag.py:3089} INFO - Sync 1 DAGs
[2024-07-25T03:50:59.476+0000] {logging_mixin.py:188} INFO - [2024-07-25T03:50:59.475+0000] {dag.py:3947} INFO - Setting next_dagrun for example_bash_operator to 2024-07-24 00:00:00+00:00, run_after=2024-07-25 00:00:00+00:00
[2024-07-25T03:50:59.493+0000] {processor.py:183} INFO - Processing /home/airflow/.local/lib/python3.12/site-packages/airflow/example_dags/example_bash_operator.py took 0.073 seconds
[2024-07-25T03:51:29.663+0000] {processor.py:161} INFO - Started process (PID=1306) to work on /home/airflow/.local/lib/python3.12/site-packages/airflow/example_dags/example_bash_operator.py
[2024-07-25T03:51:29.664+0000] {processor.py:830} INFO - Processing file /home/airflow/.local/lib/python3.12/site-packages/airflow/example_dags/example_bash_operator.py for tasks to queue
[2024-07-25T03:51:29.668+0000] {logging_mixin.py:188} INFO - [2024-07-25T03:51:29.668+0000] {dagbag.py:545} INFO - Filling up the DagBag from /home/airflow/.local/lib/python3.12/site-packages/airflow/example_dags/example_bash_operator.py
[2024-07-25T03:51:29.682+0000] {processor.py:840} INFO - DAG(s) 'example_bash_operator' retrieved from /home/airflow/.local/lib/python3.12/site-packages/airflow/example_dags/example_bash_operator.py
[2024-07-25T03:51:29.705+0000] {logging_mixin.py:188} INFO - [2024-07-25T03:51:29.705+0000] {dag.py:3089} INFO - Sync 1 DAGs
[2024-07-25T03:51:29.722+0000] {logging_mixin.py:188} INFO - [2024-07-25T03:51:29.722+0000] {dag.py:3947} INFO - Setting next_dagrun for example_bash_operator to 2024-07-24 00:00:00+00:00, run_after=2024-07-25 00:00:00+00:00
[2024-07-25T03:51:29.733+0000] {processor.py:183} INFO - Processing /home/airflow/.local/lib/python3.12/site-packages/airflow/example_dags/example_bash_operator.py took 0.080 seconds
[2024-07-25T03:51:59.794+0000] {processor.py:161} INFO - Started process (PID=1364) to work on /home/airflow/.local/lib/python3.12/site-packages/airflow/example_dags/example_bash_operator.py
[2024-07-25T03:51:59.797+0000] {processor.py:830} INFO - Processing file /home/airflow/.local/lib/python3.12/site-packages/airflow/example_dags/example_bash_operator.py for tasks to queue
[2024-07-25T03:51:59.800+0000] {logging_mixin.py:188} INFO - [2024-07-25T03:51:59.799+0000] {dagbag.py:545} INFO - Filling up the DagBag from /home/airflow/.local/lib/python3.12/site-packages/airflow/example_dags/example_bash_operator.py
[2024-07-25T03:51:59.810+0000] {processor.py:840} INFO - DAG(s) 'example_bash_operator' retrieved from /home/airflow/.local/lib/python3.12/site-packages/airflow/example_dags/example_bash_operator.py
[2024-07-25T03:51:59.826+0000] {logging_mixin.py:188} INFO - [2024-07-25T03:51:59.826+0000] {dag.py:3089} INFO - Sync 1 DAGs
[2024-07-25T03:51:59.839+0000] {logging_mixin.py:188} INFO - [2024-07-25T03:51:59.838+0000] {dag.py:3947} INFO - Setting next_dagrun for example_bash_operator to 2024-07-24 00:00:00+00:00, run_after=2024-07-25 00:00:00+00:00
[2024-07-25T03:51:59.849+0000] {processor.py:183} INFO - Processing /home/airflow/.local/lib/python3.12/site-packages/airflow/example_dags/example_bash_operator.py took 0.065 seconds
[2024-07-25T03:52:30.002+0000] {processor.py:161} INFO - Started process (PID=1422) to work on /home/airflow/.local/lib/python3.12/site-packages/airflow/example_dags/example_bash_operator.py
[2024-07-25T03:52:30.005+0000] {processor.py:830} INFO - Processing file /home/airflow/.local/lib/python3.12/site-packages/airflow/example_dags/example_bash_operator.py for tasks to queue
[2024-07-25T03:52:30.009+0000] {logging_mixin.py:188} INFO - [2024-07-25T03:52:30.009+0000] {dagbag.py:545} INFO - Filling up the DagBag from /home/airflow/.local/lib/python3.12/site-packages/airflow/example_dags/example_bash_operator.py
[2024-07-25T03:52:30.024+0000] {processor.py:840} INFO - DAG(s) 'example_bash_operator' retrieved from /home/airflow/.local/lib/python3.12/site-packages/airflow/example_dags/example_bash_operator.py
[2024-07-25T03:52:30.042+0000] {logging_mixin.py:188} INFO - [2024-07-25T03:52:30.042+0000] {dag.py:3089} INFO - Sync 1 DAGs
[2024-07-25T03:52:30.059+0000] {logging_mixin.py:188} INFO - [2024-07-25T03:52:30.059+0000] {dag.py:3947} INFO - Setting next_dagrun for example_bash_operator to 2024-07-24 00:00:00+00:00, run_after=2024-07-25 00:00:00+00:00
[2024-07-25T03:52:30.069+0000] {processor.py:183} INFO - Processing /home/airflow/.local/lib/python3.12/site-packages/airflow/example_dags/example_bash_operator.py took 0.077 seconds
[2024-07-25T04:03:45.500+0000] {processor.py:161} INFO - Started process (PID=30) to work on /home/airflow/.local/lib/python3.12/site-packages/airflow/example_dags/example_bash_operator.py
[2024-07-25T04:03:45.501+0000] {processor.py:830} INFO - Processing file /home/airflow/.local/lib/python3.12/site-packages/airflow/example_dags/example_bash_operator.py for tasks to queue
[2024-07-25T04:03:45.503+0000] {logging_mixin.py:188} INFO - [2024-07-25T04:03:45.502+0000] {dagbag.py:545} INFO - Filling up the DagBag from /home/airflow/.local/lib/python3.12/site-packages/airflow/example_dags/example_bash_operator.py
[2024-07-25T04:03:45.518+0000] {processor.py:840} INFO - DAG(s) 'example_bash_operator' retrieved from /home/airflow/.local/lib/python3.12/site-packages/airflow/example_dags/example_bash_operator.py
[2024-07-25T04:03:45.541+0000] {logging_mixin.py:188} INFO - [2024-07-25T04:03:45.541+0000] {dag.py:3089} INFO - Sync 1 DAGs
[2024-07-25T04:03:45.560+0000] {logging_mixin.py:188} INFO - [2024-07-25T04:03:45.560+0000] {dag.py:3947} INFO - Setting next_dagrun for example_bash_operator to 2024-07-24 00:00:00+00:00, run_after=2024-07-25 00:00:00+00:00
[2024-07-25T04:03:45.576+0000] {processor.py:183} INFO - Processing /home/airflow/.local/lib/python3.12/site-packages/airflow/example_dags/example_bash_operator.py took 0.081 seconds
[2024-07-25T04:04:16.414+0000] {processor.py:161} INFO - Started process (PID=88) to work on /home/airflow/.local/lib/python3.12/site-packages/airflow/example_dags/example_bash_operator.py
[2024-07-25T04:04:16.416+0000] {processor.py:830} INFO - Processing file /home/airflow/.local/lib/python3.12/site-packages/airflow/example_dags/example_bash_operator.py for tasks to queue
[2024-07-25T04:04:16.419+0000] {logging_mixin.py:188} INFO - [2024-07-25T04:04:16.419+0000] {dagbag.py:545} INFO - Filling up the DagBag from /home/airflow/.local/lib/python3.12/site-packages/airflow/example_dags/example_bash_operator.py
[2024-07-25T04:04:16.434+0000] {processor.py:840} INFO - DAG(s) 'example_bash_operator' retrieved from /home/airflow/.local/lib/python3.12/site-packages/airflow/example_dags/example_bash_operator.py
[2024-07-25T04:04:16.560+0000] {logging_mixin.py:188} INFO - [2024-07-25T04:04:16.560+0000] {dag.py:3089} INFO - Sync 1 DAGs
[2024-07-25T04:04:16.571+0000] {logging_mixin.py:188} INFO - [2024-07-25T04:04:16.571+0000] {dag.py:3947} INFO - Setting next_dagrun for example_bash_operator to 2024-07-24 00:00:00+00:00, run_after=2024-07-25 00:00:00+00:00
[2024-07-25T04:04:16.580+0000] {processor.py:183} INFO - Processing /home/airflow/.local/lib/python3.12/site-packages/airflow/example_dags/example_bash_operator.py took 0.179 seconds
[2024-07-25T04:04:47.167+0000] {processor.py:161} INFO - Started process (PID=146) to work on /home/airflow/.local/lib/python3.12/site-packages/airflow/example_dags/example_bash_operator.py
[2024-07-25T04:04:47.168+0000] {processor.py:830} INFO - Processing file /home/airflow/.local/lib/python3.12/site-packages/airflow/example_dags/example_bash_operator.py for tasks to queue
[2024-07-25T04:04:47.172+0000] {logging_mixin.py:188} INFO - [2024-07-25T04:04:47.171+0000] {dagbag.py:545} INFO - Filling up the DagBag from /home/airflow/.local/lib/python3.12/site-packages/airflow/example_dags/example_bash_operator.py
[2024-07-25T04:04:47.184+0000] {processor.py:840} INFO - DAG(s) 'example_bash_operator' retrieved from /home/airflow/.local/lib/python3.12/site-packages/airflow/example_dags/example_bash_operator.py
[2024-07-25T04:04:47.201+0000] {logging_mixin.py:188} INFO - [2024-07-25T04:04:47.201+0000] {dag.py:3089} INFO - Sync 1 DAGs
[2024-07-25T04:04:47.213+0000] {logging_mixin.py:188} INFO - [2024-07-25T04:04:47.213+0000] {dag.py:3947} INFO - Setting next_dagrun for example_bash_operator to 2024-07-24 00:00:00+00:00, run_after=2024-07-25 00:00:00+00:00
[2024-07-25T04:04:47.222+0000] {processor.py:183} INFO - Processing /home/airflow/.local/lib/python3.12/site-packages/airflow/example_dags/example_bash_operator.py took 0.068 seconds
[2024-07-25T04:05:17.320+0000] {processor.py:161} INFO - Started process (PID=204) to work on /home/airflow/.local/lib/python3.12/site-packages/airflow/example_dags/example_bash_operator.py
[2024-07-25T04:05:17.321+0000] {processor.py:830} INFO - Processing file /home/airflow/.local/lib/python3.12/site-packages/airflow/example_dags/example_bash_operator.py for tasks to queue
[2024-07-25T04:05:17.325+0000] {logging_mixin.py:188} INFO - [2024-07-25T04:05:17.324+0000] {dagbag.py:545} INFO - Filling up the DagBag from /home/airflow/.local/lib/python3.12/site-packages/airflow/example_dags/example_bash_operator.py
[2024-07-25T04:05:17.337+0000] {processor.py:840} INFO - DAG(s) 'example_bash_operator' retrieved from /home/airflow/.local/lib/python3.12/site-packages/airflow/example_dags/example_bash_operator.py
[2024-07-25T04:05:17.353+0000] {logging_mixin.py:188} INFO - [2024-07-25T04:05:17.353+0000] {dag.py:3089} INFO - Sync 1 DAGs
[2024-07-25T04:05:17.367+0000] {logging_mixin.py:188} INFO - [2024-07-25T04:05:17.367+0000] {dag.py:3947} INFO - Setting next_dagrun for example_bash_operator to 2024-07-24 00:00:00+00:00, run_after=2024-07-25 00:00:00+00:00
[2024-07-25T04:05:17.384+0000] {processor.py:183} INFO - Processing /home/airflow/.local/lib/python3.12/site-packages/airflow/example_dags/example_bash_operator.py took 0.081 seconds
[2024-07-25T04:05:47.577+0000] {processor.py:161} INFO - Started process (PID=262) to work on /home/airflow/.local/lib/python3.12/site-packages/airflow/example_dags/example_bash_operator.py
[2024-07-25T04:05:47.580+0000] {processor.py:830} INFO - Processing file /home/airflow/.local/lib/python3.12/site-packages/airflow/example_dags/example_bash_operator.py for tasks to queue
[2024-07-25T04:05:47.585+0000] {logging_mixin.py:188} INFO - [2024-07-25T04:05:47.584+0000] {dagbag.py:545} INFO - Filling up the DagBag from /home/airflow/.local/lib/python3.12/site-packages/airflow/example_dags/example_bash_operator.py
[2024-07-25T04:05:47.616+0000] {processor.py:840} INFO - DAG(s) 'example_bash_operator' retrieved from /home/airflow/.local/lib/python3.12/site-packages/airflow/example_dags/example_bash_operator.py
[2024-07-25T04:05:47.634+0000] {logging_mixin.py:188} INFO - [2024-07-25T04:05:47.634+0000] {dag.py:3089} INFO - Sync 1 DAGs
[2024-07-25T04:05:47.647+0000] {logging_mixin.py:188} INFO - [2024-07-25T04:05:47.647+0000] {dag.py:3947} INFO - Setting next_dagrun for example_bash_operator to 2024-07-24 00:00:00+00:00, run_after=2024-07-25 00:00:00+00:00
[2024-07-25T04:05:47.657+0000] {processor.py:183} INFO - Processing /home/airflow/.local/lib/python3.12/site-packages/airflow/example_dags/example_bash_operator.py took 0.089 seconds
[2024-07-25T04:06:17.753+0000] {processor.py:161} INFO - Started process (PID=320) to work on /home/airflow/.local/lib/python3.12/site-packages/airflow/example_dags/example_bash_operator.py
[2024-07-25T04:06:17.754+0000] {processor.py:830} INFO - Processing file /home/airflow/.local/lib/python3.12/site-packages/airflow/example_dags/example_bash_operator.py for tasks to queue
[2024-07-25T04:06:17.757+0000] {logging_mixin.py:188} INFO - [2024-07-25T04:06:17.757+0000] {dagbag.py:545} INFO - Filling up the DagBag from /home/airflow/.local/lib/python3.12/site-packages/airflow/example_dags/example_bash_operator.py
[2024-07-25T04:06:17.768+0000] {processor.py:840} INFO - DAG(s) 'example_bash_operator' retrieved from /home/airflow/.local/lib/python3.12/site-packages/airflow/example_dags/example_bash_operator.py
[2024-07-25T04:06:17.788+0000] {logging_mixin.py:188} INFO - [2024-07-25T04:06:17.788+0000] {dag.py:3089} INFO - Sync 1 DAGs
[2024-07-25T04:06:17.800+0000] {logging_mixin.py:188} INFO - [2024-07-25T04:06:17.800+0000] {dag.py:3947} INFO - Setting next_dagrun for example_bash_operator to 2024-07-24 00:00:00+00:00, run_after=2024-07-25 00:00:00+00:00
[2024-07-25T04:06:17.809+0000] {processor.py:183} INFO - Processing /home/airflow/.local/lib/python3.12/site-packages/airflow/example_dags/example_bash_operator.py took 0.065 seconds
[2024-07-25T04:06:47.992+0000] {processor.py:161} INFO - Started process (PID=378) to work on /home/airflow/.local/lib/python3.12/site-packages/airflow/example_dags/example_bash_operator.py
[2024-07-25T04:06:47.993+0000] {processor.py:830} INFO - Processing file /home/airflow/.local/lib/python3.12/site-packages/airflow/example_dags/example_bash_operator.py for tasks to queue
[2024-07-25T04:06:48.020+0000] {logging_mixin.py:188} INFO - [2024-07-25T04:06:48.017+0000] {dagbag.py:545} INFO - Filling up the DagBag from /home/airflow/.local/lib/python3.12/site-packages/airflow/example_dags/example_bash_operator.py
[2024-07-25T04:06:48.085+0000] {processor.py:840} INFO - DAG(s) 'example_bash_operator' retrieved from /home/airflow/.local/lib/python3.12/site-packages/airflow/example_dags/example_bash_operator.py
[2024-07-25T04:06:48.114+0000] {logging_mixin.py:188} INFO - [2024-07-25T04:06:48.114+0000] {dag.py:3089} INFO - Sync 1 DAGs
[2024-07-25T04:06:48.131+0000] {logging_mixin.py:188} INFO - [2024-07-25T04:06:48.131+0000] {dag.py:3947} INFO - Setting next_dagrun for example_bash_operator to 2024-07-24 00:00:00+00:00, run_after=2024-07-25 00:00:00+00:00
[2024-07-25T04:06:48.143+0000] {processor.py:183} INFO - Processing /home/airflow/.local/lib/python3.12/site-packages/airflow/example_dags/example_bash_operator.py took 0.197 seconds
[2024-07-25T04:07:18.439+0000] {processor.py:161} INFO - Started process (PID=436) to work on /home/airflow/.local/lib/python3.12/site-packages/airflow/example_dags/example_bash_operator.py
[2024-07-25T04:07:18.441+0000] {processor.py:830} INFO - Processing file /home/airflow/.local/lib/python3.12/site-packages/airflow/example_dags/example_bash_operator.py for tasks to queue
[2024-07-25T04:07:18.445+0000] {logging_mixin.py:188} INFO - [2024-07-25T04:07:18.444+0000] {dagbag.py:545} INFO - Filling up the DagBag from /home/airflow/.local/lib/python3.12/site-packages/airflow/example_dags/example_bash_operator.py
[2024-07-25T04:07:18.460+0000] {processor.py:840} INFO - DAG(s) 'example_bash_operator' retrieved from /home/airflow/.local/lib/python3.12/site-packages/airflow/example_dags/example_bash_operator.py
[2024-07-25T04:07:18.481+0000] {logging_mixin.py:188} INFO - [2024-07-25T04:07:18.481+0000] {dag.py:3089} INFO - Sync 1 DAGs
[2024-07-25T04:07:18.495+0000] {logging_mixin.py:188} INFO - [2024-07-25T04:07:18.494+0000] {dag.py:3947} INFO - Setting next_dagrun for example_bash_operator to 2024-07-24 00:00:00+00:00, run_after=2024-07-25 00:00:00+00:00
[2024-07-25T04:07:18.504+0000] {processor.py:183} INFO - Processing /home/airflow/.local/lib/python3.12/site-packages/airflow/example_dags/example_bash_operator.py took 0.076 seconds
[2024-07-25T04:07:48.612+0000] {processor.py:161} INFO - Started process (PID=495) to work on /home/airflow/.local/lib/python3.12/site-packages/airflow/example_dags/example_bash_operator.py
[2024-07-25T04:07:48.613+0000] {processor.py:830} INFO - Processing file /home/airflow/.local/lib/python3.12/site-packages/airflow/example_dags/example_bash_operator.py for tasks to queue
[2024-07-25T04:07:48.615+0000] {logging_mixin.py:188} INFO - [2024-07-25T04:07:48.615+0000] {dagbag.py:545} INFO - Filling up the DagBag from /home/airflow/.local/lib/python3.12/site-packages/airflow/example_dags/example_bash_operator.py
[2024-07-25T04:07:48.624+0000] {processor.py:840} INFO - DAG(s) 'example_bash_operator' retrieved from /home/airflow/.local/lib/python3.12/site-packages/airflow/example_dags/example_bash_operator.py
[2024-07-25T04:07:48.641+0000] {logging_mixin.py:188} INFO - [2024-07-25T04:07:48.641+0000] {dag.py:3089} INFO - Sync 1 DAGs
[2024-07-25T04:07:48.655+0000] {logging_mixin.py:188} INFO - [2024-07-25T04:07:48.655+0000] {dag.py:3947} INFO - Setting next_dagrun for example_bash_operator to 2024-07-24 00:00:00+00:00, run_after=2024-07-25 00:00:00+00:00
[2024-07-25T04:07:48.667+0000] {processor.py:183} INFO - Processing /home/airflow/.local/lib/python3.12/site-packages/airflow/example_dags/example_bash_operator.py took 0.059 seconds
[2024-07-25T04:08:18.750+0000] {processor.py:161} INFO - Started process (PID=552) to work on /home/airflow/.local/lib/python3.12/site-packages/airflow/example_dags/example_bash_operator.py
[2024-07-25T04:08:18.752+0000] {processor.py:830} INFO - Processing file /home/airflow/.local/lib/python3.12/site-packages/airflow/example_dags/example_bash_operator.py for tasks to queue
[2024-07-25T04:08:18.755+0000] {logging_mixin.py:188} INFO - [2024-07-25T04:08:18.755+0000] {dagbag.py:545} INFO - Filling up the DagBag from /home/airflow/.local/lib/python3.12/site-packages/airflow/example_dags/example_bash_operator.py
[2024-07-25T04:08:18.769+0000] {processor.py:840} INFO - DAG(s) 'example_bash_operator' retrieved from /home/airflow/.local/lib/python3.12/site-packages/airflow/example_dags/example_bash_operator.py
[2024-07-25T04:08:18.788+0000] {logging_mixin.py:188} INFO - [2024-07-25T04:08:18.787+0000] {dag.py:3089} INFO - Sync 1 DAGs
[2024-07-25T04:08:18.803+0000] {logging_mixin.py:188} INFO - [2024-07-25T04:08:18.803+0000] {dag.py:3947} INFO - Setting next_dagrun for example_bash_operator to 2024-07-24 00:00:00+00:00, run_after=2024-07-25 00:00:00+00:00
[2024-07-25T04:08:18.813+0000] {processor.py:183} INFO - Processing /home/airflow/.local/lib/python3.12/site-packages/airflow/example_dags/example_bash_operator.py took 0.072 seconds
[2024-07-25T04:08:48.943+0000] {processor.py:161} INFO - Started process (PID=610) to work on /home/airflow/.local/lib/python3.12/site-packages/airflow/example_dags/example_bash_operator.py
[2024-07-25T04:08:48.946+0000] {processor.py:830} INFO - Processing file /home/airflow/.local/lib/python3.12/site-packages/airflow/example_dags/example_bash_operator.py for tasks to queue
[2024-07-25T04:08:48.950+0000] {logging_mixin.py:188} INFO - [2024-07-25T04:08:48.950+0000] {dagbag.py:545} INFO - Filling up the DagBag from /home/airflow/.local/lib/python3.12/site-packages/airflow/example_dags/example_bash_operator.py
[2024-07-25T04:08:48.965+0000] {processor.py:840} INFO - DAG(s) 'example_bash_operator' retrieved from /home/airflow/.local/lib/python3.12/site-packages/airflow/example_dags/example_bash_operator.py
[2024-07-25T04:08:48.984+0000] {logging_mixin.py:188} INFO - [2024-07-25T04:08:48.983+0000] {dag.py:3089} INFO - Sync 1 DAGs
[2024-07-25T04:08:48.998+0000] {logging_mixin.py:188} INFO - [2024-07-25T04:08:48.998+0000] {dag.py:3947} INFO - Setting next_dagrun for example_bash_operator to 2024-07-24 00:00:00+00:00, run_after=2024-07-25 00:00:00+00:00
[2024-07-25T04:08:49.008+0000] {processor.py:183} INFO - Processing /home/airflow/.local/lib/python3.12/site-packages/airflow/example_dags/example_bash_operator.py took 0.079 seconds
[2024-07-25T04:09:19.290+0000] {processor.py:161} INFO - Started process (PID=669) to work on /home/airflow/.local/lib/python3.12/site-packages/airflow/example_dags/example_bash_operator.py
[2024-07-25T04:09:19.292+0000] {processor.py:830} INFO - Processing file /home/airflow/.local/lib/python3.12/site-packages/airflow/example_dags/example_bash_operator.py for tasks to queue
[2024-07-25T04:09:19.299+0000] {logging_mixin.py:188} INFO - [2024-07-25T04:09:19.295+0000] {dagbag.py:545} INFO - Filling up the DagBag from /home/airflow/.local/lib/python3.12/site-packages/airflow/example_dags/example_bash_operator.py
[2024-07-25T04:09:19.324+0000] {processor.py:840} INFO - DAG(s) 'example_bash_operator' retrieved from /home/airflow/.local/lib/python3.12/site-packages/airflow/example_dags/example_bash_operator.py
[2024-07-25T04:09:19.346+0000] {logging_mixin.py:188} INFO - [2024-07-25T04:09:19.346+0000] {dag.py:3089} INFO - Sync 1 DAGs
[2024-07-25T04:09:19.364+0000] {logging_mixin.py:188} INFO - [2024-07-25T04:09:19.363+0000] {dag.py:3947} INFO - Setting next_dagrun for example_bash_operator to 2024-07-24 00:00:00+00:00, run_after=2024-07-25 00:00:00+00:00
[2024-07-25T04:09:19.375+0000] {processor.py:183} INFO - Processing /home/airflow/.local/lib/python3.12/site-packages/airflow/example_dags/example_bash_operator.py took 0.097 seconds
[2024-07-25T04:09:49.581+0000] {processor.py:161} INFO - Started process (PID=727) to work on /home/airflow/.local/lib/python3.12/site-packages/airflow/example_dags/example_bash_operator.py
[2024-07-25T04:09:49.584+0000] {processor.py:830} INFO - Processing file /home/airflow/.local/lib/python3.12/site-packages/airflow/example_dags/example_bash_operator.py for tasks to queue
[2024-07-25T04:09:49.588+0000] {logging_mixin.py:188} INFO - [2024-07-25T04:09:49.588+0000] {dagbag.py:545} INFO - Filling up the DagBag from /home/airflow/.local/lib/python3.12/site-packages/airflow/example_dags/example_bash_operator.py
[2024-07-25T04:09:49.605+0000] {processor.py:840} INFO - DAG(s) 'example_bash_operator' retrieved from /home/airflow/.local/lib/python3.12/site-packages/airflow/example_dags/example_bash_operator.py
[2024-07-25T04:09:49.624+0000] {logging_mixin.py:188} INFO - [2024-07-25T04:09:49.624+0000] {dag.py:3089} INFO - Sync 1 DAGs
[2024-07-25T04:09:49.639+0000] {logging_mixin.py:188} INFO - [2024-07-25T04:09:49.638+0000] {dag.py:3947} INFO - Setting next_dagrun for example_bash_operator to 2024-07-24 00:00:00+00:00, run_after=2024-07-25 00:00:00+00:00
[2024-07-25T04:09:49.649+0000] {processor.py:183} INFO - Processing /home/airflow/.local/lib/python3.12/site-packages/airflow/example_dags/example_bash_operator.py took 0.084 seconds
[2024-07-25T04:10:20.075+0000] {processor.py:161} INFO - Started process (PID=785) to work on /home/airflow/.local/lib/python3.12/site-packages/airflow/example_dags/example_bash_operator.py
[2024-07-25T04:10:20.078+0000] {processor.py:830} INFO - Processing file /home/airflow/.local/lib/python3.12/site-packages/airflow/example_dags/example_bash_operator.py for tasks to queue
[2024-07-25T04:10:20.085+0000] {logging_mixin.py:188} INFO - [2024-07-25T04:10:20.084+0000] {dagbag.py:545} INFO - Filling up the DagBag from /home/airflow/.local/lib/python3.12/site-packages/airflow/example_dags/example_bash_operator.py
[2024-07-25T04:10:20.118+0000] {processor.py:840} INFO - DAG(s) 'example_bash_operator' retrieved from /home/airflow/.local/lib/python3.12/site-packages/airflow/example_dags/example_bash_operator.py
[2024-07-25T04:10:20.154+0000] {logging_mixin.py:188} INFO - [2024-07-25T04:10:20.154+0000] {dag.py:3089} INFO - Sync 1 DAGs
[2024-07-25T04:10:20.199+0000] {logging_mixin.py:188} INFO - [2024-07-25T04:10:20.199+0000] {dag.py:3947} INFO - Setting next_dagrun for example_bash_operator to 2024-07-24 00:00:00+00:00, run_after=2024-07-25 00:00:00+00:00
[2024-07-25T04:10:20.238+0000] {processor.py:183} INFO - Processing /home/airflow/.local/lib/python3.12/site-packages/airflow/example_dags/example_bash_operator.py took 0.179 seconds
[2024-07-25T04:10:50.428+0000] {processor.py:161} INFO - Started process (PID=843) to work on /home/airflow/.local/lib/python3.12/site-packages/airflow/example_dags/example_bash_operator.py
[2024-07-25T04:10:50.432+0000] {processor.py:830} INFO - Processing file /home/airflow/.local/lib/python3.12/site-packages/airflow/example_dags/example_bash_operator.py for tasks to queue
[2024-07-25T04:10:50.437+0000] {logging_mixin.py:188} INFO - [2024-07-25T04:10:50.436+0000] {dagbag.py:545} INFO - Filling up the DagBag from /home/airflow/.local/lib/python3.12/site-packages/airflow/example_dags/example_bash_operator.py
[2024-07-25T04:10:50.452+0000] {processor.py:840} INFO - DAG(s) 'example_bash_operator' retrieved from /home/airflow/.local/lib/python3.12/site-packages/airflow/example_dags/example_bash_operator.py
[2024-07-25T04:10:50.470+0000] {logging_mixin.py:188} INFO - [2024-07-25T04:10:50.470+0000] {dag.py:3089} INFO - Sync 1 DAGs
[2024-07-25T04:10:50.484+0000] {logging_mixin.py:188} INFO - [2024-07-25T04:10:50.484+0000] {dag.py:3947} INFO - Setting next_dagrun for example_bash_operator to 2024-07-24 00:00:00+00:00, run_after=2024-07-25 00:00:00+00:00
[2024-07-25T04:10:50.494+0000] {processor.py:183} INFO - Processing /home/airflow/.local/lib/python3.12/site-packages/airflow/example_dags/example_bash_operator.py took 0.085 seconds
[2024-07-25T04:11:20.683+0000] {processor.py:161} INFO - Started process (PID=901) to work on /home/airflow/.local/lib/python3.12/site-packages/airflow/example_dags/example_bash_operator.py
[2024-07-25T04:11:20.687+0000] {processor.py:830} INFO - Processing file /home/airflow/.local/lib/python3.12/site-packages/airflow/example_dags/example_bash_operator.py for tasks to queue
[2024-07-25T04:11:20.695+0000] {logging_mixin.py:188} INFO - [2024-07-25T04:11:20.694+0000] {dagbag.py:545} INFO - Filling up the DagBag from /home/airflow/.local/lib/python3.12/site-packages/airflow/example_dags/example_bash_operator.py
[2024-07-25T04:11:20.723+0000] {processor.py:840} INFO - DAG(s) 'example_bash_operator' retrieved from /home/airflow/.local/lib/python3.12/site-packages/airflow/example_dags/example_bash_operator.py
[2024-07-25T04:11:20.744+0000] {logging_mixin.py:188} INFO - [2024-07-25T04:11:20.744+0000] {dag.py:3089} INFO - Sync 1 DAGs
[2024-07-25T04:11:20.760+0000] {logging_mixin.py:188} INFO - [2024-07-25T04:11:20.759+0000] {dag.py:3947} INFO - Setting next_dagrun for example_bash_operator to 2024-07-24 00:00:00+00:00, run_after=2024-07-25 00:00:00+00:00
[2024-07-25T04:11:20.770+0000] {processor.py:183} INFO - Processing /home/airflow/.local/lib/python3.12/site-packages/airflow/example_dags/example_bash_operator.py took 0.109 seconds
[2024-07-25T04:11:50.825+0000] {processor.py:161} INFO - Started process (PID=959) to work on /home/airflow/.local/lib/python3.12/site-packages/airflow/example_dags/example_bash_operator.py
[2024-07-25T04:11:50.827+0000] {processor.py:830} INFO - Processing file /home/airflow/.local/lib/python3.12/site-packages/airflow/example_dags/example_bash_operator.py for tasks to queue
[2024-07-25T04:11:50.830+0000] {logging_mixin.py:188} INFO - [2024-07-25T04:11:50.829+0000] {dagbag.py:545} INFO - Filling up the DagBag from /home/airflow/.local/lib/python3.12/site-packages/airflow/example_dags/example_bash_operator.py
[2024-07-25T04:11:50.841+0000] {processor.py:840} INFO - DAG(s) 'example_bash_operator' retrieved from /home/airflow/.local/lib/python3.12/site-packages/airflow/example_dags/example_bash_operator.py
[2024-07-25T04:11:50.860+0000] {logging_mixin.py:188} INFO - [2024-07-25T04:11:50.860+0000] {dag.py:3089} INFO - Sync 1 DAGs
[2024-07-25T04:11:50.872+0000] {logging_mixin.py:188} INFO - [2024-07-25T04:11:50.872+0000] {dag.py:3947} INFO - Setting next_dagrun for example_bash_operator to 2024-07-24 00:00:00+00:00, run_after=2024-07-25 00:00:00+00:00
[2024-07-25T04:11:50.881+0000] {processor.py:183} INFO - Processing /home/airflow/.local/lib/python3.12/site-packages/airflow/example_dags/example_bash_operator.py took 0.067 seconds
