[2024-07-25T03:40:25.540+0000] {processor.py:161} INFO - Started process (PID=74) to work on /home/airflow/.local/lib/python3.12/site-packages/airflow/example_dags/example_nested_branch_dag.py
[2024-07-25T03:40:25.542+0000] {processor.py:830} INFO - Processing file /home/airflow/.local/lib/python3.12/site-packages/airflow/example_dags/example_nested_branch_dag.py for tasks to queue
[2024-07-25T03:40:25.544+0000] {logging_mixin.py:188} INFO - [2024-07-25T03:40:25.544+0000] {dagbag.py:545} INFO - Filling up the DagBag from /home/airflow/.local/lib/python3.12/site-packages/airflow/example_dags/example_nested_branch_dag.py
[2024-07-25T03:40:25.555+0000] {processor.py:840} INFO - DAG(s) 'example_nested_branch_dag' retrieved from /home/airflow/.local/lib/python3.12/site-packages/airflow/example_dags/example_nested_branch_dag.py
[2024-07-25T03:40:25.570+0000] {logging_mixin.py:188} INFO - [2024-07-25T03:40:25.570+0000] {dag.py:3089} INFO - Sync 1 DAGs
[2024-07-25T03:40:25.586+0000] {logging_mixin.py:188} INFO - [2024-07-25T03:40:25.586+0000] {dag.py:3947} INFO - Setting next_dagrun for example_nested_branch_dag to 2024-07-24 00:00:00+00:00, run_after=2024-07-25 00:00:00+00:00
[2024-07-25T03:40:25.601+0000] {processor.py:183} INFO - Processing /home/airflow/.local/lib/python3.12/site-packages/airflow/example_dags/example_nested_branch_dag.py took 0.069 seconds
[2024-07-25T03:40:56.721+0000] {processor.py:161} INFO - Started process (PID=132) to work on /home/airflow/.local/lib/python3.12/site-packages/airflow/example_dags/example_nested_branch_dag.py
[2024-07-25T03:40:56.722+0000] {processor.py:830} INFO - Processing file /home/airflow/.local/lib/python3.12/site-packages/airflow/example_dags/example_nested_branch_dag.py for tasks to queue
[2024-07-25T03:40:56.723+0000] {logging_mixin.py:188} INFO - [2024-07-25T03:40:56.723+0000] {dagbag.py:545} INFO - Filling up the DagBag from /home/airflow/.local/lib/python3.12/site-packages/airflow/example_dags/example_nested_branch_dag.py
[2024-07-25T03:40:56.729+0000] {processor.py:840} INFO - DAG(s) 'example_nested_branch_dag' retrieved from /home/airflow/.local/lib/python3.12/site-packages/airflow/example_dags/example_nested_branch_dag.py
[2024-07-25T03:40:56.779+0000] {logging_mixin.py:188} INFO - [2024-07-25T03:40:56.779+0000] {dag.py:3089} INFO - Sync 1 DAGs
[2024-07-25T03:40:56.788+0000] {logging_mixin.py:188} INFO - [2024-07-25T03:40:56.788+0000] {dag.py:3947} INFO - Setting next_dagrun for example_nested_branch_dag to 2024-07-24 00:00:00+00:00, run_after=2024-07-25 00:00:00+00:00
[2024-07-25T03:40:56.797+0000] {processor.py:183} INFO - Processing /home/airflow/.local/lib/python3.12/site-packages/airflow/example_dags/example_nested_branch_dag.py took 0.079 seconds
[2024-07-25T03:41:27.466+0000] {processor.py:161} INFO - Started process (PID=190) to work on /home/airflow/.local/lib/python3.12/site-packages/airflow/example_dags/example_nested_branch_dag.py
[2024-07-25T03:41:27.467+0000] {processor.py:830} INFO - Processing file /home/airflow/.local/lib/python3.12/site-packages/airflow/example_dags/example_nested_branch_dag.py for tasks to queue
[2024-07-25T03:41:27.468+0000] {logging_mixin.py:188} INFO - [2024-07-25T03:41:27.468+0000] {dagbag.py:545} INFO - Filling up the DagBag from /home/airflow/.local/lib/python3.12/site-packages/airflow/example_dags/example_nested_branch_dag.py
[2024-07-25T03:41:27.474+0000] {processor.py:840} INFO - DAG(s) 'example_nested_branch_dag' retrieved from /home/airflow/.local/lib/python3.12/site-packages/airflow/example_dags/example_nested_branch_dag.py
[2024-07-25T03:41:27.486+0000] {logging_mixin.py:188} INFO - [2024-07-25T03:41:27.486+0000] {dag.py:3089} INFO - Sync 1 DAGs
[2024-07-25T03:41:27.497+0000] {logging_mixin.py:188} INFO - [2024-07-25T03:41:27.497+0000] {dag.py:3947} INFO - Setting next_dagrun for example_nested_branch_dag to 2024-07-24 00:00:00+00:00, run_after=2024-07-25 00:00:00+00:00
[2024-07-25T03:41:27.507+0000] {processor.py:183} INFO - Processing /home/airflow/.local/lib/python3.12/site-packages/airflow/example_dags/example_nested_branch_dag.py took 0.044 seconds
[2024-07-25T03:41:57.598+0000] {processor.py:161} INFO - Started process (PID=248) to work on /home/airflow/.local/lib/python3.12/site-packages/airflow/example_dags/example_nested_branch_dag.py
[2024-07-25T03:41:57.599+0000] {processor.py:830} INFO - Processing file /home/airflow/.local/lib/python3.12/site-packages/airflow/example_dags/example_nested_branch_dag.py for tasks to queue
[2024-07-25T03:41:57.600+0000] {logging_mixin.py:188} INFO - [2024-07-25T03:41:57.600+0000] {dagbag.py:545} INFO - Filling up the DagBag from /home/airflow/.local/lib/python3.12/site-packages/airflow/example_dags/example_nested_branch_dag.py
[2024-07-25T03:41:57.606+0000] {processor.py:840} INFO - DAG(s) 'example_nested_branch_dag' retrieved from /home/airflow/.local/lib/python3.12/site-packages/airflow/example_dags/example_nested_branch_dag.py
[2024-07-25T03:41:57.618+0000] {logging_mixin.py:188} INFO - [2024-07-25T03:41:57.618+0000] {dag.py:3089} INFO - Sync 1 DAGs
[2024-07-25T03:41:57.629+0000] {logging_mixin.py:188} INFO - [2024-07-25T03:41:57.629+0000] {dag.py:3947} INFO - Setting next_dagrun for example_nested_branch_dag to 2024-07-24 00:00:00+00:00, run_after=2024-07-25 00:00:00+00:00
[2024-07-25T03:41:57.638+0000] {processor.py:183} INFO - Processing /home/airflow/.local/lib/python3.12/site-packages/airflow/example_dags/example_nested_branch_dag.py took 0.044 seconds
[2024-07-25T03:42:28.558+0000] {processor.py:161} INFO - Started process (PID=306) to work on /home/airflow/.local/lib/python3.12/site-packages/airflow/example_dags/example_nested_branch_dag.py
[2024-07-25T03:42:28.559+0000] {processor.py:830} INFO - Processing file /home/airflow/.local/lib/python3.12/site-packages/airflow/example_dags/example_nested_branch_dag.py for tasks to queue
[2024-07-25T03:42:28.560+0000] {logging_mixin.py:188} INFO - [2024-07-25T03:42:28.560+0000] {dagbag.py:545} INFO - Filling up the DagBag from /home/airflow/.local/lib/python3.12/site-packages/airflow/example_dags/example_nested_branch_dag.py
[2024-07-25T03:42:28.566+0000] {processor.py:840} INFO - DAG(s) 'example_nested_branch_dag' retrieved from /home/airflow/.local/lib/python3.12/site-packages/airflow/example_dags/example_nested_branch_dag.py
[2024-07-25T03:42:28.577+0000] {logging_mixin.py:188} INFO - [2024-07-25T03:42:28.577+0000] {dag.py:3089} INFO - Sync 1 DAGs
[2024-07-25T03:42:28.588+0000] {logging_mixin.py:188} INFO - [2024-07-25T03:42:28.588+0000] {dag.py:3947} INFO - Setting next_dagrun for example_nested_branch_dag to 2024-07-24 00:00:00+00:00, run_after=2024-07-25 00:00:00+00:00
[2024-07-25T03:42:28.598+0000] {processor.py:183} INFO - Processing /home/airflow/.local/lib/python3.12/site-packages/airflow/example_dags/example_nested_branch_dag.py took 0.043 seconds
[2024-07-25T03:42:58.862+0000] {processor.py:161} INFO - Started process (PID=364) to work on /home/airflow/.local/lib/python3.12/site-packages/airflow/example_dags/example_nested_branch_dag.py
[2024-07-25T03:42:58.862+0000] {processor.py:830} INFO - Processing file /home/airflow/.local/lib/python3.12/site-packages/airflow/example_dags/example_nested_branch_dag.py for tasks to queue
[2024-07-25T03:42:58.864+0000] {logging_mixin.py:188} INFO - [2024-07-25T03:42:58.863+0000] {dagbag.py:545} INFO - Filling up the DagBag from /home/airflow/.local/lib/python3.12/site-packages/airflow/example_dags/example_nested_branch_dag.py
[2024-07-25T03:42:58.870+0000] {processor.py:840} INFO - DAG(s) 'example_nested_branch_dag' retrieved from /home/airflow/.local/lib/python3.12/site-packages/airflow/example_dags/example_nested_branch_dag.py
[2024-07-25T03:42:58.882+0000] {logging_mixin.py:188} INFO - [2024-07-25T03:42:58.882+0000] {dag.py:3089} INFO - Sync 1 DAGs
[2024-07-25T03:42:58.893+0000] {logging_mixin.py:188} INFO - [2024-07-25T03:42:58.893+0000] {dag.py:3947} INFO - Setting next_dagrun for example_nested_branch_dag to 2024-07-24 00:00:00+00:00, run_after=2024-07-25 00:00:00+00:00
[2024-07-25T03:42:58.901+0000] {processor.py:183} INFO - Processing /home/airflow/.local/lib/python3.12/site-packages/airflow/example_dags/example_nested_branch_dag.py took 0.043 seconds
[2024-07-25T03:43:29.138+0000] {processor.py:161} INFO - Started process (PID=422) to work on /home/airflow/.local/lib/python3.12/site-packages/airflow/example_dags/example_nested_branch_dag.py
[2024-07-25T03:43:29.139+0000] {processor.py:830} INFO - Processing file /home/airflow/.local/lib/python3.12/site-packages/airflow/example_dags/example_nested_branch_dag.py for tasks to queue
[2024-07-25T03:43:29.140+0000] {logging_mixin.py:188} INFO - [2024-07-25T03:43:29.140+0000] {dagbag.py:545} INFO - Filling up the DagBag from /home/airflow/.local/lib/python3.12/site-packages/airflow/example_dags/example_nested_branch_dag.py
[2024-07-25T03:43:29.146+0000] {processor.py:840} INFO - DAG(s) 'example_nested_branch_dag' retrieved from /home/airflow/.local/lib/python3.12/site-packages/airflow/example_dags/example_nested_branch_dag.py
[2024-07-25T03:43:29.158+0000] {logging_mixin.py:188} INFO - [2024-07-25T03:43:29.158+0000] {dag.py:3089} INFO - Sync 1 DAGs
[2024-07-25T03:43:29.169+0000] {logging_mixin.py:188} INFO - [2024-07-25T03:43:29.169+0000] {dag.py:3947} INFO - Setting next_dagrun for example_nested_branch_dag to 2024-07-24 00:00:00+00:00, run_after=2024-07-25 00:00:00+00:00
[2024-07-25T03:43:29.179+0000] {processor.py:183} INFO - Processing /home/airflow/.local/lib/python3.12/site-packages/airflow/example_dags/example_nested_branch_dag.py took 0.044 seconds
[2024-07-25T03:43:59.530+0000] {processor.py:161} INFO - Started process (PID=480) to work on /home/airflow/.local/lib/python3.12/site-packages/airflow/example_dags/example_nested_branch_dag.py
[2024-07-25T03:43:59.531+0000] {processor.py:830} INFO - Processing file /home/airflow/.local/lib/python3.12/site-packages/airflow/example_dags/example_nested_branch_dag.py for tasks to queue
[2024-07-25T03:43:59.532+0000] {logging_mixin.py:188} INFO - [2024-07-25T03:43:59.532+0000] {dagbag.py:545} INFO - Filling up the DagBag from /home/airflow/.local/lib/python3.12/site-packages/airflow/example_dags/example_nested_branch_dag.py
[2024-07-25T03:43:59.539+0000] {processor.py:840} INFO - DAG(s) 'example_nested_branch_dag' retrieved from /home/airflow/.local/lib/python3.12/site-packages/airflow/example_dags/example_nested_branch_dag.py
[2024-07-25T03:43:59.556+0000] {logging_mixin.py:188} INFO - [2024-07-25T03:43:59.555+0000] {dag.py:3089} INFO - Sync 1 DAGs
[2024-07-25T03:43:59.572+0000] {logging_mixin.py:188} INFO - [2024-07-25T03:43:59.572+0000] {dag.py:3947} INFO - Setting next_dagrun for example_nested_branch_dag to 2024-07-24 00:00:00+00:00, run_after=2024-07-25 00:00:00+00:00
[2024-07-25T03:43:59.600+0000] {processor.py:183} INFO - Processing /home/airflow/.local/lib/python3.12/site-packages/airflow/example_dags/example_nested_branch_dag.py took 0.074 seconds
[2024-07-25T03:44:29.855+0000] {processor.py:161} INFO - Started process (PID=538) to work on /home/airflow/.local/lib/python3.12/site-packages/airflow/example_dags/example_nested_branch_dag.py
[2024-07-25T03:44:29.855+0000] {processor.py:830} INFO - Processing file /home/airflow/.local/lib/python3.12/site-packages/airflow/example_dags/example_nested_branch_dag.py for tasks to queue
[2024-07-25T03:44:29.856+0000] {logging_mixin.py:188} INFO - [2024-07-25T03:44:29.856+0000] {dagbag.py:545} INFO - Filling up the DagBag from /home/airflow/.local/lib/python3.12/site-packages/airflow/example_dags/example_nested_branch_dag.py
[2024-07-25T03:44:29.862+0000] {processor.py:840} INFO - DAG(s) 'example_nested_branch_dag' retrieved from /home/airflow/.local/lib/python3.12/site-packages/airflow/example_dags/example_nested_branch_dag.py
[2024-07-25T03:44:29.873+0000] {logging_mixin.py:188} INFO - [2024-07-25T03:44:29.873+0000] {dag.py:3089} INFO - Sync 1 DAGs
[2024-07-25T03:44:29.883+0000] {logging_mixin.py:188} INFO - [2024-07-25T03:44:29.883+0000] {dag.py:3947} INFO - Setting next_dagrun for example_nested_branch_dag to 2024-07-24 00:00:00+00:00, run_after=2024-07-25 00:00:00+00:00
[2024-07-25T03:44:29.891+0000] {processor.py:183} INFO - Processing /home/airflow/.local/lib/python3.12/site-packages/airflow/example_dags/example_nested_branch_dag.py took 0.040 seconds
[2024-07-25T03:44:59.961+0000] {processor.py:161} INFO - Started process (PID=596) to work on /home/airflow/.local/lib/python3.12/site-packages/airflow/example_dags/example_nested_branch_dag.py
[2024-07-25T03:44:59.962+0000] {processor.py:830} INFO - Processing file /home/airflow/.local/lib/python3.12/site-packages/airflow/example_dags/example_nested_branch_dag.py for tasks to queue
[2024-07-25T03:44:59.964+0000] {logging_mixin.py:188} INFO - [2024-07-25T03:44:59.964+0000] {dagbag.py:545} INFO - Filling up the DagBag from /home/airflow/.local/lib/python3.12/site-packages/airflow/example_dags/example_nested_branch_dag.py
[2024-07-25T03:44:59.971+0000] {processor.py:840} INFO - DAG(s) 'example_nested_branch_dag' retrieved from /home/airflow/.local/lib/python3.12/site-packages/airflow/example_dags/example_nested_branch_dag.py
[2024-07-25T03:44:59.983+0000] {logging_mixin.py:188} INFO - [2024-07-25T03:44:59.983+0000] {dag.py:3089} INFO - Sync 1 DAGs
[2024-07-25T03:44:59.995+0000] {logging_mixin.py:188} INFO - [2024-07-25T03:44:59.995+0000] {dag.py:3947} INFO - Setting next_dagrun for example_nested_branch_dag to 2024-07-24 00:00:00+00:00, run_after=2024-07-25 00:00:00+00:00
[2024-07-25T03:45:00.005+0000] {processor.py:183} INFO - Processing /home/airflow/.local/lib/python3.12/site-packages/airflow/example_dags/example_nested_branch_dag.py took 0.051 seconds
[2024-07-25T03:45:30.290+0000] {processor.py:161} INFO - Started process (PID=654) to work on /home/airflow/.local/lib/python3.12/site-packages/airflow/example_dags/example_nested_branch_dag.py
[2024-07-25T03:45:30.290+0000] {processor.py:830} INFO - Processing file /home/airflow/.local/lib/python3.12/site-packages/airflow/example_dags/example_nested_branch_dag.py for tasks to queue
[2024-07-25T03:45:30.292+0000] {logging_mixin.py:188} INFO - [2024-07-25T03:45:30.291+0000] {dagbag.py:545} INFO - Filling up the DagBag from /home/airflow/.local/lib/python3.12/site-packages/airflow/example_dags/example_nested_branch_dag.py
[2024-07-25T03:45:30.298+0000] {processor.py:840} INFO - DAG(s) 'example_nested_branch_dag' retrieved from /home/airflow/.local/lib/python3.12/site-packages/airflow/example_dags/example_nested_branch_dag.py
[2024-07-25T03:45:30.310+0000] {logging_mixin.py:188} INFO - [2024-07-25T03:45:30.310+0000] {dag.py:3089} INFO - Sync 1 DAGs
[2024-07-25T03:45:30.320+0000] {logging_mixin.py:188} INFO - [2024-07-25T03:45:30.320+0000] {dag.py:3947} INFO - Setting next_dagrun for example_nested_branch_dag to 2024-07-24 00:00:00+00:00, run_after=2024-07-25 00:00:00+00:00
[2024-07-25T03:45:30.331+0000] {processor.py:183} INFO - Processing /home/airflow/.local/lib/python3.12/site-packages/airflow/example_dags/example_nested_branch_dag.py took 0.045 seconds
[2024-07-25T03:46:00.544+0000] {processor.py:161} INFO - Started process (PID=712) to work on /home/airflow/.local/lib/python3.12/site-packages/airflow/example_dags/example_nested_branch_dag.py
[2024-07-25T03:46:00.545+0000] {processor.py:830} INFO - Processing file /home/airflow/.local/lib/python3.12/site-packages/airflow/example_dags/example_nested_branch_dag.py for tasks to queue
[2024-07-25T03:46:00.546+0000] {logging_mixin.py:188} INFO - [2024-07-25T03:46:00.546+0000] {dagbag.py:545} INFO - Filling up the DagBag from /home/airflow/.local/lib/python3.12/site-packages/airflow/example_dags/example_nested_branch_dag.py
[2024-07-25T03:46:00.551+0000] {processor.py:840} INFO - DAG(s) 'example_nested_branch_dag' retrieved from /home/airflow/.local/lib/python3.12/site-packages/airflow/example_dags/example_nested_branch_dag.py
[2024-07-25T03:46:00.563+0000] {logging_mixin.py:188} INFO - [2024-07-25T03:46:00.563+0000] {dag.py:3089} INFO - Sync 1 DAGs
[2024-07-25T03:46:00.574+0000] {logging_mixin.py:188} INFO - [2024-07-25T03:46:00.574+0000] {dag.py:3947} INFO - Setting next_dagrun for example_nested_branch_dag to 2024-07-24 00:00:00+00:00, run_after=2024-07-25 00:00:00+00:00
[2024-07-25T03:46:00.582+0000] {processor.py:183} INFO - Processing /home/airflow/.local/lib/python3.12/site-packages/airflow/example_dags/example_nested_branch_dag.py took 0.041 seconds
[2024-07-25T03:46:30.685+0000] {processor.py:161} INFO - Started process (PID=770) to work on /home/airflow/.local/lib/python3.12/site-packages/airflow/example_dags/example_nested_branch_dag.py
[2024-07-25T03:46:30.686+0000] {processor.py:830} INFO - Processing file /home/airflow/.local/lib/python3.12/site-packages/airflow/example_dags/example_nested_branch_dag.py for tasks to queue
[2024-07-25T03:46:30.687+0000] {logging_mixin.py:188} INFO - [2024-07-25T03:46:30.687+0000] {dagbag.py:545} INFO - Filling up the DagBag from /home/airflow/.local/lib/python3.12/site-packages/airflow/example_dags/example_nested_branch_dag.py
[2024-07-25T03:46:30.693+0000] {processor.py:840} INFO - DAG(s) 'example_nested_branch_dag' retrieved from /home/airflow/.local/lib/python3.12/site-packages/airflow/example_dags/example_nested_branch_dag.py
[2024-07-25T03:46:30.705+0000] {logging_mixin.py:188} INFO - [2024-07-25T03:46:30.705+0000] {dag.py:3089} INFO - Sync 1 DAGs
[2024-07-25T03:46:30.716+0000] {logging_mixin.py:188} INFO - [2024-07-25T03:46:30.716+0000] {dag.py:3947} INFO - Setting next_dagrun for example_nested_branch_dag to 2024-07-24 00:00:00+00:00, run_after=2024-07-25 00:00:00+00:00
[2024-07-25T03:46:30.725+0000] {processor.py:183} INFO - Processing /home/airflow/.local/lib/python3.12/site-packages/airflow/example_dags/example_nested_branch_dag.py took 0.043 seconds
[2024-07-25T03:47:01.211+0000] {processor.py:161} INFO - Started process (PID=828) to work on /home/airflow/.local/lib/python3.12/site-packages/airflow/example_dags/example_nested_branch_dag.py
[2024-07-25T03:47:01.222+0000] {processor.py:830} INFO - Processing file /home/airflow/.local/lib/python3.12/site-packages/airflow/example_dags/example_nested_branch_dag.py for tasks to queue
[2024-07-25T03:47:01.226+0000] {logging_mixin.py:188} INFO - [2024-07-25T03:47:01.225+0000] {dagbag.py:545} INFO - Filling up the DagBag from /home/airflow/.local/lib/python3.12/site-packages/airflow/example_dags/example_nested_branch_dag.py
[2024-07-25T03:47:01.241+0000] {processor.py:840} INFO - DAG(s) 'example_nested_branch_dag' retrieved from /home/airflow/.local/lib/python3.12/site-packages/airflow/example_dags/example_nested_branch_dag.py
[2024-07-25T03:47:01.269+0000] {logging_mixin.py:188} INFO - [2024-07-25T03:47:01.269+0000] {dag.py:3089} INFO - Sync 1 DAGs
[2024-07-25T03:47:01.283+0000] {logging_mixin.py:188} INFO - [2024-07-25T03:47:01.282+0000] {dag.py:3947} INFO - Setting next_dagrun for example_nested_branch_dag to 2024-07-24 00:00:00+00:00, run_after=2024-07-25 00:00:00+00:00
[2024-07-25T03:47:01.298+0000] {processor.py:183} INFO - Processing /home/airflow/.local/lib/python3.12/site-packages/airflow/example_dags/example_nested_branch_dag.py took 0.100 seconds
[2024-07-25T03:47:31.366+0000] {processor.py:161} INFO - Started process (PID=886) to work on /home/airflow/.local/lib/python3.12/site-packages/airflow/example_dags/example_nested_branch_dag.py
[2024-07-25T03:47:31.367+0000] {processor.py:830} INFO - Processing file /home/airflow/.local/lib/python3.12/site-packages/airflow/example_dags/example_nested_branch_dag.py for tasks to queue
[2024-07-25T03:47:31.368+0000] {logging_mixin.py:188} INFO - [2024-07-25T03:47:31.368+0000] {dagbag.py:545} INFO - Filling up the DagBag from /home/airflow/.local/lib/python3.12/site-packages/airflow/example_dags/example_nested_branch_dag.py
[2024-07-25T03:47:31.373+0000] {processor.py:840} INFO - DAG(s) 'example_nested_branch_dag' retrieved from /home/airflow/.local/lib/python3.12/site-packages/airflow/example_dags/example_nested_branch_dag.py
[2024-07-25T03:47:31.385+0000] {logging_mixin.py:188} INFO - [2024-07-25T03:47:31.385+0000] {dag.py:3089} INFO - Sync 1 DAGs
[2024-07-25T03:47:31.397+0000] {logging_mixin.py:188} INFO - [2024-07-25T03:47:31.397+0000] {dag.py:3947} INFO - Setting next_dagrun for example_nested_branch_dag to 2024-07-24 00:00:00+00:00, run_after=2024-07-25 00:00:00+00:00
[2024-07-25T03:47:31.406+0000] {processor.py:183} INFO - Processing /home/airflow/.local/lib/python3.12/site-packages/airflow/example_dags/example_nested_branch_dag.py took 0.045 seconds
[2024-07-25T03:48:01.516+0000] {processor.py:161} INFO - Started process (PID=944) to work on /home/airflow/.local/lib/python3.12/site-packages/airflow/example_dags/example_nested_branch_dag.py
[2024-07-25T03:48:01.517+0000] {processor.py:830} INFO - Processing file /home/airflow/.local/lib/python3.12/site-packages/airflow/example_dags/example_nested_branch_dag.py for tasks to queue
[2024-07-25T03:48:01.518+0000] {logging_mixin.py:188} INFO - [2024-07-25T03:48:01.518+0000] {dagbag.py:545} INFO - Filling up the DagBag from /home/airflow/.local/lib/python3.12/site-packages/airflow/example_dags/example_nested_branch_dag.py
[2024-07-25T03:48:01.524+0000] {processor.py:840} INFO - DAG(s) 'example_nested_branch_dag' retrieved from /home/airflow/.local/lib/python3.12/site-packages/airflow/example_dags/example_nested_branch_dag.py
[2024-07-25T03:48:01.536+0000] {logging_mixin.py:188} INFO - [2024-07-25T03:48:01.536+0000] {dag.py:3089} INFO - Sync 1 DAGs
[2024-07-25T03:48:01.549+0000] {logging_mixin.py:188} INFO - [2024-07-25T03:48:01.549+0000] {dag.py:3947} INFO - Setting next_dagrun for example_nested_branch_dag to 2024-07-24 00:00:00+00:00, run_after=2024-07-25 00:00:00+00:00
[2024-07-25T03:48:01.558+0000] {processor.py:183} INFO - Processing /home/airflow/.local/lib/python3.12/site-packages/airflow/example_dags/example_nested_branch_dag.py took 0.045 seconds
[2024-07-25T03:48:31.737+0000] {processor.py:161} INFO - Started process (PID=1002) to work on /home/airflow/.local/lib/python3.12/site-packages/airflow/example_dags/example_nested_branch_dag.py
[2024-07-25T03:48:31.738+0000] {processor.py:830} INFO - Processing file /home/airflow/.local/lib/python3.12/site-packages/airflow/example_dags/example_nested_branch_dag.py for tasks to queue
[2024-07-25T03:48:31.739+0000] {logging_mixin.py:188} INFO - [2024-07-25T03:48:31.739+0000] {dagbag.py:545} INFO - Filling up the DagBag from /home/airflow/.local/lib/python3.12/site-packages/airflow/example_dags/example_nested_branch_dag.py
[2024-07-25T03:48:31.744+0000] {processor.py:840} INFO - DAG(s) 'example_nested_branch_dag' retrieved from /home/airflow/.local/lib/python3.12/site-packages/airflow/example_dags/example_nested_branch_dag.py
[2024-07-25T03:48:31.757+0000] {logging_mixin.py:188} INFO - [2024-07-25T03:48:31.756+0000] {dag.py:3089} INFO - Sync 1 DAGs
[2024-07-25T03:48:31.768+0000] {logging_mixin.py:188} INFO - [2024-07-25T03:48:31.768+0000] {dag.py:3947} INFO - Setting next_dagrun for example_nested_branch_dag to 2024-07-24 00:00:00+00:00, run_after=2024-07-25 00:00:00+00:00
[2024-07-25T03:48:31.777+0000] {processor.py:183} INFO - Processing /home/airflow/.local/lib/python3.12/site-packages/airflow/example_dags/example_nested_branch_dag.py took 0.044 seconds
[2024-07-25T03:49:02.210+0000] {processor.py:161} INFO - Started process (PID=1060) to work on /home/airflow/.local/lib/python3.12/site-packages/airflow/example_dags/example_nested_branch_dag.py
[2024-07-25T03:49:02.211+0000] {processor.py:830} INFO - Processing file /home/airflow/.local/lib/python3.12/site-packages/airflow/example_dags/example_nested_branch_dag.py for tasks to queue
[2024-07-25T03:49:02.213+0000] {logging_mixin.py:188} INFO - [2024-07-25T03:49:02.213+0000] {dagbag.py:545} INFO - Filling up the DagBag from /home/airflow/.local/lib/python3.12/site-packages/airflow/example_dags/example_nested_branch_dag.py
[2024-07-25T03:49:02.220+0000] {processor.py:840} INFO - DAG(s) 'example_nested_branch_dag' retrieved from /home/airflow/.local/lib/python3.12/site-packages/airflow/example_dags/example_nested_branch_dag.py
[2024-07-25T03:49:02.233+0000] {logging_mixin.py:188} INFO - [2024-07-25T03:49:02.233+0000] {dag.py:3089} INFO - Sync 1 DAGs
[2024-07-25T03:49:02.247+0000] {logging_mixin.py:188} INFO - [2024-07-25T03:49:02.247+0000] {dag.py:3947} INFO - Setting next_dagrun for example_nested_branch_dag to 2024-07-24 00:00:00+00:00, run_after=2024-07-25 00:00:00+00:00
[2024-07-25T03:49:02.259+0000] {processor.py:183} INFO - Processing /home/airflow/.local/lib/python3.12/site-packages/airflow/example_dags/example_nested_branch_dag.py took 0.054 seconds
[2024-07-25T03:49:32.499+0000] {processor.py:161} INFO - Started process (PID=1118) to work on /home/airflow/.local/lib/python3.12/site-packages/airflow/example_dags/example_nested_branch_dag.py
[2024-07-25T03:49:32.500+0000] {processor.py:830} INFO - Processing file /home/airflow/.local/lib/python3.12/site-packages/airflow/example_dags/example_nested_branch_dag.py for tasks to queue
[2024-07-25T03:49:32.501+0000] {logging_mixin.py:188} INFO - [2024-07-25T03:49:32.501+0000] {dagbag.py:545} INFO - Filling up the DagBag from /home/airflow/.local/lib/python3.12/site-packages/airflow/example_dags/example_nested_branch_dag.py
[2024-07-25T03:49:32.507+0000] {processor.py:840} INFO - DAG(s) 'example_nested_branch_dag' retrieved from /home/airflow/.local/lib/python3.12/site-packages/airflow/example_dags/example_nested_branch_dag.py
[2024-07-25T03:49:32.519+0000] {logging_mixin.py:188} INFO - [2024-07-25T03:49:32.519+0000] {dag.py:3089} INFO - Sync 1 DAGs
[2024-07-25T03:49:32.530+0000] {logging_mixin.py:188} INFO - [2024-07-25T03:49:32.530+0000] {dag.py:3947} INFO - Setting next_dagrun for example_nested_branch_dag to 2024-07-24 00:00:00+00:00, run_after=2024-07-25 00:00:00+00:00
[2024-07-25T03:49:32.539+0000] {processor.py:183} INFO - Processing /home/airflow/.local/lib/python3.12/site-packages/airflow/example_dags/example_nested_branch_dag.py took 0.043 seconds
[2024-07-25T03:50:02.690+0000] {processor.py:161} INFO - Started process (PID=1176) to work on /home/airflow/.local/lib/python3.12/site-packages/airflow/example_dags/example_nested_branch_dag.py
[2024-07-25T03:50:02.691+0000] {processor.py:830} INFO - Processing file /home/airflow/.local/lib/python3.12/site-packages/airflow/example_dags/example_nested_branch_dag.py for tasks to queue
[2024-07-25T03:50:02.693+0000] {logging_mixin.py:188} INFO - [2024-07-25T03:50:02.692+0000] {dagbag.py:545} INFO - Filling up the DagBag from /home/airflow/.local/lib/python3.12/site-packages/airflow/example_dags/example_nested_branch_dag.py
[2024-07-25T03:50:02.698+0000] {processor.py:840} INFO - DAG(s) 'example_nested_branch_dag' retrieved from /home/airflow/.local/lib/python3.12/site-packages/airflow/example_dags/example_nested_branch_dag.py
[2024-07-25T03:50:02.710+0000] {logging_mixin.py:188} INFO - [2024-07-25T03:50:02.709+0000] {dag.py:3089} INFO - Sync 1 DAGs
[2024-07-25T03:50:02.721+0000] {logging_mixin.py:188} INFO - [2024-07-25T03:50:02.720+0000] {dag.py:3947} INFO - Setting next_dagrun for example_nested_branch_dag to 2024-07-24 00:00:00+00:00, run_after=2024-07-25 00:00:00+00:00
[2024-07-25T03:50:02.730+0000] {processor.py:183} INFO - Processing /home/airflow/.local/lib/python3.12/site-packages/airflow/example_dags/example_nested_branch_dag.py took 0.043 seconds
[2024-07-25T03:50:33.029+0000] {processor.py:161} INFO - Started process (PID=1234) to work on /home/airflow/.local/lib/python3.12/site-packages/airflow/example_dags/example_nested_branch_dag.py
[2024-07-25T03:50:33.030+0000] {processor.py:830} INFO - Processing file /home/airflow/.local/lib/python3.12/site-packages/airflow/example_dags/example_nested_branch_dag.py for tasks to queue
[2024-07-25T03:50:33.032+0000] {logging_mixin.py:188} INFO - [2024-07-25T03:50:33.031+0000] {dagbag.py:545} INFO - Filling up the DagBag from /home/airflow/.local/lib/python3.12/site-packages/airflow/example_dags/example_nested_branch_dag.py
[2024-07-25T03:50:33.038+0000] {processor.py:840} INFO - DAG(s) 'example_nested_branch_dag' retrieved from /home/airflow/.local/lib/python3.12/site-packages/airflow/example_dags/example_nested_branch_dag.py
[2024-07-25T03:50:33.050+0000] {logging_mixin.py:188} INFO - [2024-07-25T03:50:33.050+0000] {dag.py:3089} INFO - Sync 1 DAGs
[2024-07-25T03:50:33.063+0000] {logging_mixin.py:188} INFO - [2024-07-25T03:50:33.062+0000] {dag.py:3947} INFO - Setting next_dagrun for example_nested_branch_dag to 2024-07-24 00:00:00+00:00, run_after=2024-07-25 00:00:00+00:00
[2024-07-25T03:50:33.078+0000] {processor.py:183} INFO - Processing /home/airflow/.local/lib/python3.12/site-packages/airflow/example_dags/example_nested_branch_dag.py took 0.053 seconds
[2024-07-25T03:51:04.155+0000] {processor.py:161} INFO - Started process (PID=1292) to work on /home/airflow/.local/lib/python3.12/site-packages/airflow/example_dags/example_nested_branch_dag.py
[2024-07-25T03:51:04.155+0000] {processor.py:830} INFO - Processing file /home/airflow/.local/lib/python3.12/site-packages/airflow/example_dags/example_nested_branch_dag.py for tasks to queue
[2024-07-25T03:51:04.157+0000] {logging_mixin.py:188} INFO - [2024-07-25T03:51:04.156+0000] {dagbag.py:545} INFO - Filling up the DagBag from /home/airflow/.local/lib/python3.12/site-packages/airflow/example_dags/example_nested_branch_dag.py
[2024-07-25T03:51:04.162+0000] {processor.py:840} INFO - DAG(s) 'example_nested_branch_dag' retrieved from /home/airflow/.local/lib/python3.12/site-packages/airflow/example_dags/example_nested_branch_dag.py
[2024-07-25T03:51:04.174+0000] {logging_mixin.py:188} INFO - [2024-07-25T03:51:04.174+0000] {dag.py:3089} INFO - Sync 1 DAGs
[2024-07-25T03:51:04.185+0000] {logging_mixin.py:188} INFO - [2024-07-25T03:51:04.185+0000] {dag.py:3947} INFO - Setting next_dagrun for example_nested_branch_dag to 2024-07-24 00:00:00+00:00, run_after=2024-07-25 00:00:00+00:00
[2024-07-25T03:51:04.194+0000] {processor.py:183} INFO - Processing /home/airflow/.local/lib/python3.12/site-packages/airflow/example_dags/example_nested_branch_dag.py took 0.043 seconds
[2024-07-25T03:51:35.362+0000] {processor.py:161} INFO - Started process (PID=1350) to work on /home/airflow/.local/lib/python3.12/site-packages/airflow/example_dags/example_nested_branch_dag.py
[2024-07-25T03:51:35.363+0000] {processor.py:830} INFO - Processing file /home/airflow/.local/lib/python3.12/site-packages/airflow/example_dags/example_nested_branch_dag.py for tasks to queue
[2024-07-25T03:51:35.364+0000] {logging_mixin.py:188} INFO - [2024-07-25T03:51:35.364+0000] {dagbag.py:545} INFO - Filling up the DagBag from /home/airflow/.local/lib/python3.12/site-packages/airflow/example_dags/example_nested_branch_dag.py
[2024-07-25T03:51:35.370+0000] {processor.py:840} INFO - DAG(s) 'example_nested_branch_dag' retrieved from /home/airflow/.local/lib/python3.12/site-packages/airflow/example_dags/example_nested_branch_dag.py
[2024-07-25T03:51:35.382+0000] {logging_mixin.py:188} INFO - [2024-07-25T03:51:35.382+0000] {dag.py:3089} INFO - Sync 1 DAGs
[2024-07-25T03:51:35.394+0000] {logging_mixin.py:188} INFO - [2024-07-25T03:51:35.393+0000] {dag.py:3947} INFO - Setting next_dagrun for example_nested_branch_dag to 2024-07-24 00:00:00+00:00, run_after=2024-07-25 00:00:00+00:00
[2024-07-25T03:51:35.402+0000] {processor.py:183} INFO - Processing /home/airflow/.local/lib/python3.12/site-packages/airflow/example_dags/example_nested_branch_dag.py took 0.043 seconds
[2024-07-25T03:52:06.505+0000] {processor.py:161} INFO - Started process (PID=1408) to work on /home/airflow/.local/lib/python3.12/site-packages/airflow/example_dags/example_nested_branch_dag.py
[2024-07-25T03:52:06.506+0000] {processor.py:830} INFO - Processing file /home/airflow/.local/lib/python3.12/site-packages/airflow/example_dags/example_nested_branch_dag.py for tasks to queue
[2024-07-25T03:52:06.507+0000] {logging_mixin.py:188} INFO - [2024-07-25T03:52:06.507+0000] {dagbag.py:545} INFO - Filling up the DagBag from /home/airflow/.local/lib/python3.12/site-packages/airflow/example_dags/example_nested_branch_dag.py
[2024-07-25T03:52:06.513+0000] {processor.py:840} INFO - DAG(s) 'example_nested_branch_dag' retrieved from /home/airflow/.local/lib/python3.12/site-packages/airflow/example_dags/example_nested_branch_dag.py
[2024-07-25T03:52:06.524+0000] {logging_mixin.py:188} INFO - [2024-07-25T03:52:06.524+0000] {dag.py:3089} INFO - Sync 1 DAGs
[2024-07-25T03:52:06.535+0000] {logging_mixin.py:188} INFO - [2024-07-25T03:52:06.535+0000] {dag.py:3947} INFO - Setting next_dagrun for example_nested_branch_dag to 2024-07-24 00:00:00+00:00, run_after=2024-07-25 00:00:00+00:00
[2024-07-25T03:52:06.544+0000] {processor.py:183} INFO - Processing /home/airflow/.local/lib/python3.12/site-packages/airflow/example_dags/example_nested_branch_dag.py took 0.042 seconds
[2024-07-25T03:52:36.771+0000] {processor.py:161} INFO - Started process (PID=1466) to work on /home/airflow/.local/lib/python3.12/site-packages/airflow/example_dags/example_nested_branch_dag.py
[2024-07-25T03:52:36.771+0000] {processor.py:830} INFO - Processing file /home/airflow/.local/lib/python3.12/site-packages/airflow/example_dags/example_nested_branch_dag.py for tasks to queue
[2024-07-25T03:52:36.773+0000] {logging_mixin.py:188} INFO - [2024-07-25T03:52:36.772+0000] {dagbag.py:545} INFO - Filling up the DagBag from /home/airflow/.local/lib/python3.12/site-packages/airflow/example_dags/example_nested_branch_dag.py
[2024-07-25T03:52:36.779+0000] {processor.py:840} INFO - DAG(s) 'example_nested_branch_dag' retrieved from /home/airflow/.local/lib/python3.12/site-packages/airflow/example_dags/example_nested_branch_dag.py
[2024-07-25T03:52:36.791+0000] {logging_mixin.py:188} INFO - [2024-07-25T03:52:36.791+0000] {dag.py:3089} INFO - Sync 1 DAGs
[2024-07-25T03:52:36.803+0000] {logging_mixin.py:188} INFO - [2024-07-25T03:52:36.803+0000] {dag.py:3947} INFO - Setting next_dagrun for example_nested_branch_dag to 2024-07-24 00:00:00+00:00, run_after=2024-07-25 00:00:00+00:00
[2024-07-25T03:52:36.812+0000] {processor.py:183} INFO - Processing /home/airflow/.local/lib/python3.12/site-packages/airflow/example_dags/example_nested_branch_dag.py took 0.045 seconds
[2024-07-25T04:03:47.802+0000] {processor.py:161} INFO - Started process (PID=74) to work on /home/airflow/.local/lib/python3.12/site-packages/airflow/example_dags/example_nested_branch_dag.py
[2024-07-25T04:03:47.803+0000] {processor.py:830} INFO - Processing file /home/airflow/.local/lib/python3.12/site-packages/airflow/example_dags/example_nested_branch_dag.py for tasks to queue
[2024-07-25T04:03:47.805+0000] {logging_mixin.py:188} INFO - [2024-07-25T04:03:47.805+0000] {dagbag.py:545} INFO - Filling up the DagBag from /home/airflow/.local/lib/python3.12/site-packages/airflow/example_dags/example_nested_branch_dag.py
[2024-07-25T04:03:47.815+0000] {processor.py:840} INFO - DAG(s) 'example_nested_branch_dag' retrieved from /home/airflow/.local/lib/python3.12/site-packages/airflow/example_dags/example_nested_branch_dag.py
[2024-07-25T04:03:47.828+0000] {logging_mixin.py:188} INFO - [2024-07-25T04:03:47.828+0000] {dag.py:3089} INFO - Sync 1 DAGs
[2024-07-25T04:03:47.844+0000] {logging_mixin.py:188} INFO - [2024-07-25T04:03:47.844+0000] {dag.py:3947} INFO - Setting next_dagrun for example_nested_branch_dag to 2024-07-24 00:00:00+00:00, run_after=2024-07-25 00:00:00+00:00
[2024-07-25T04:03:47.860+0000] {processor.py:183} INFO - Processing /home/airflow/.local/lib/python3.12/site-packages/airflow/example_dags/example_nested_branch_dag.py took 0.063 seconds
[2024-07-25T04:04:19.558+0000] {processor.py:161} INFO - Started process (PID=132) to work on /home/airflow/.local/lib/python3.12/site-packages/airflow/example_dags/example_nested_branch_dag.py
[2024-07-25T04:04:19.559+0000] {processor.py:830} INFO - Processing file /home/airflow/.local/lib/python3.12/site-packages/airflow/example_dags/example_nested_branch_dag.py for tasks to queue
[2024-07-25T04:04:19.560+0000] {logging_mixin.py:188} INFO - [2024-07-25T04:04:19.560+0000] {dagbag.py:545} INFO - Filling up the DagBag from /home/airflow/.local/lib/python3.12/site-packages/airflow/example_dags/example_nested_branch_dag.py
[2024-07-25T04:04:19.566+0000] {processor.py:840} INFO - DAG(s) 'example_nested_branch_dag' retrieved from /home/airflow/.local/lib/python3.12/site-packages/airflow/example_dags/example_nested_branch_dag.py
[2024-07-25T04:04:19.621+0000] {logging_mixin.py:188} INFO - [2024-07-25T04:04:19.621+0000] {dag.py:3089} INFO - Sync 1 DAGs
[2024-07-25T04:04:19.631+0000] {logging_mixin.py:188} INFO - [2024-07-25T04:04:19.631+0000] {dag.py:3947} INFO - Setting next_dagrun for example_nested_branch_dag to 2024-07-24 00:00:00+00:00, run_after=2024-07-25 00:00:00+00:00
[2024-07-25T04:04:19.642+0000] {processor.py:183} INFO - Processing /home/airflow/.local/lib/python3.12/site-packages/airflow/example_dags/example_nested_branch_dag.py took 0.087 seconds
[2024-07-25T04:04:49.782+0000] {processor.py:161} INFO - Started process (PID=190) to work on /home/airflow/.local/lib/python3.12/site-packages/airflow/example_dags/example_nested_branch_dag.py
[2024-07-25T04:04:49.783+0000] {processor.py:830} INFO - Processing file /home/airflow/.local/lib/python3.12/site-packages/airflow/example_dags/example_nested_branch_dag.py for tasks to queue
[2024-07-25T04:04:49.784+0000] {logging_mixin.py:188} INFO - [2024-07-25T04:04:49.784+0000] {dagbag.py:545} INFO - Filling up the DagBag from /home/airflow/.local/lib/python3.12/site-packages/airflow/example_dags/example_nested_branch_dag.py
[2024-07-25T04:04:49.790+0000] {processor.py:840} INFO - DAG(s) 'example_nested_branch_dag' retrieved from /home/airflow/.local/lib/python3.12/site-packages/airflow/example_dags/example_nested_branch_dag.py
[2024-07-25T04:04:49.803+0000] {logging_mixin.py:188} INFO - [2024-07-25T04:04:49.803+0000] {dag.py:3089} INFO - Sync 1 DAGs
[2024-07-25T04:04:49.816+0000] {logging_mixin.py:188} INFO - [2024-07-25T04:04:49.816+0000] {dag.py:3947} INFO - Setting next_dagrun for example_nested_branch_dag to 2024-07-24 00:00:00+00:00, run_after=2024-07-25 00:00:00+00:00
[2024-07-25T04:04:49.825+0000] {processor.py:183} INFO - Processing /home/airflow/.local/lib/python3.12/site-packages/airflow/example_dags/example_nested_branch_dag.py took 0.047 seconds
[2024-07-25T04:05:20.004+0000] {processor.py:161} INFO - Started process (PID=248) to work on /home/airflow/.local/lib/python3.12/site-packages/airflow/example_dags/example_nested_branch_dag.py
[2024-07-25T04:05:20.005+0000] {processor.py:830} INFO - Processing file /home/airflow/.local/lib/python3.12/site-packages/airflow/example_dags/example_nested_branch_dag.py for tasks to queue
[2024-07-25T04:05:20.006+0000] {logging_mixin.py:188} INFO - [2024-07-25T04:05:20.006+0000] {dagbag.py:545} INFO - Filling up the DagBag from /home/airflow/.local/lib/python3.12/site-packages/airflow/example_dags/example_nested_branch_dag.py
[2024-07-25T04:05:20.012+0000] {processor.py:840} INFO - DAG(s) 'example_nested_branch_dag' retrieved from /home/airflow/.local/lib/python3.12/site-packages/airflow/example_dags/example_nested_branch_dag.py
[2024-07-25T04:05:20.025+0000] {logging_mixin.py:188} INFO - [2024-07-25T04:05:20.025+0000] {dag.py:3089} INFO - Sync 1 DAGs
[2024-07-25T04:05:20.038+0000] {logging_mixin.py:188} INFO - [2024-07-25T04:05:20.037+0000] {dag.py:3947} INFO - Setting next_dagrun for example_nested_branch_dag to 2024-07-24 00:00:00+00:00, run_after=2024-07-25 00:00:00+00:00
[2024-07-25T04:05:20.048+0000] {processor.py:183} INFO - Processing /home/airflow/.local/lib/python3.12/site-packages/airflow/example_dags/example_nested_branch_dag.py took 0.049 seconds
[2024-07-25T04:05:50.231+0000] {processor.py:161} INFO - Started process (PID=306) to work on /home/airflow/.local/lib/python3.12/site-packages/airflow/example_dags/example_nested_branch_dag.py
[2024-07-25T04:05:50.231+0000] {processor.py:830} INFO - Processing file /home/airflow/.local/lib/python3.12/site-packages/airflow/example_dags/example_nested_branch_dag.py for tasks to queue
[2024-07-25T04:05:50.233+0000] {logging_mixin.py:188} INFO - [2024-07-25T04:05:50.232+0000] {dagbag.py:545} INFO - Filling up the DagBag from /home/airflow/.local/lib/python3.12/site-packages/airflow/example_dags/example_nested_branch_dag.py
[2024-07-25T04:05:50.238+0000] {processor.py:840} INFO - DAG(s) 'example_nested_branch_dag' retrieved from /home/airflow/.local/lib/python3.12/site-packages/airflow/example_dags/example_nested_branch_dag.py
[2024-07-25T04:05:50.250+0000] {logging_mixin.py:188} INFO - [2024-07-25T04:05:50.250+0000] {dag.py:3089} INFO - Sync 1 DAGs
[2024-07-25T04:05:50.262+0000] {logging_mixin.py:188} INFO - [2024-07-25T04:05:50.261+0000] {dag.py:3947} INFO - Setting next_dagrun for example_nested_branch_dag to 2024-07-24 00:00:00+00:00, run_after=2024-07-25 00:00:00+00:00
[2024-07-25T04:05:50.270+0000] {processor.py:183} INFO - Processing /home/airflow/.local/lib/python3.12/site-packages/airflow/example_dags/example_nested_branch_dag.py took 0.043 seconds
[2024-07-25T04:06:21.197+0000] {processor.py:161} INFO - Started process (PID=364) to work on /home/airflow/.local/lib/python3.12/site-packages/airflow/example_dags/example_nested_branch_dag.py
[2024-07-25T04:06:21.198+0000] {processor.py:830} INFO - Processing file /home/airflow/.local/lib/python3.12/site-packages/airflow/example_dags/example_nested_branch_dag.py for tasks to queue
[2024-07-25T04:06:21.199+0000] {logging_mixin.py:188} INFO - [2024-07-25T04:06:21.199+0000] {dagbag.py:545} INFO - Filling up the DagBag from /home/airflow/.local/lib/python3.12/site-packages/airflow/example_dags/example_nested_branch_dag.py
[2024-07-25T04:06:21.205+0000] {processor.py:840} INFO - DAG(s) 'example_nested_branch_dag' retrieved from /home/airflow/.local/lib/python3.12/site-packages/airflow/example_dags/example_nested_branch_dag.py
[2024-07-25T04:06:21.218+0000] {logging_mixin.py:188} INFO - [2024-07-25T04:06:21.218+0000] {dag.py:3089} INFO - Sync 1 DAGs
[2024-07-25T04:06:21.230+0000] {logging_mixin.py:188} INFO - [2024-07-25T04:06:21.230+0000] {dag.py:3947} INFO - Setting next_dagrun for example_nested_branch_dag to 2024-07-24 00:00:00+00:00, run_after=2024-07-25 00:00:00+00:00
[2024-07-25T04:06:21.239+0000] {processor.py:183} INFO - Processing /home/airflow/.local/lib/python3.12/site-packages/airflow/example_dags/example_nested_branch_dag.py took 0.046 seconds
[2024-07-25T04:06:51.621+0000] {processor.py:161} INFO - Started process (PID=422) to work on /home/airflow/.local/lib/python3.12/site-packages/airflow/example_dags/example_nested_branch_dag.py
[2024-07-25T04:06:51.622+0000] {processor.py:830} INFO - Processing file /home/airflow/.local/lib/python3.12/site-packages/airflow/example_dags/example_nested_branch_dag.py for tasks to queue
[2024-07-25T04:06:51.623+0000] {logging_mixin.py:188} INFO - [2024-07-25T04:06:51.623+0000] {dagbag.py:545} INFO - Filling up the DagBag from /home/airflow/.local/lib/python3.12/site-packages/airflow/example_dags/example_nested_branch_dag.py
[2024-07-25T04:06:51.629+0000] {processor.py:840} INFO - DAG(s) 'example_nested_branch_dag' retrieved from /home/airflow/.local/lib/python3.12/site-packages/airflow/example_dags/example_nested_branch_dag.py
[2024-07-25T04:06:51.641+0000] {logging_mixin.py:188} INFO - [2024-07-25T04:06:51.641+0000] {dag.py:3089} INFO - Sync 1 DAGs
[2024-07-25T04:06:51.652+0000] {logging_mixin.py:188} INFO - [2024-07-25T04:06:51.652+0000] {dag.py:3947} INFO - Setting next_dagrun for example_nested_branch_dag to 2024-07-24 00:00:00+00:00, run_after=2024-07-25 00:00:00+00:00
[2024-07-25T04:06:51.662+0000] {processor.py:183} INFO - Processing /home/airflow/.local/lib/python3.12/site-packages/airflow/example_dags/example_nested_branch_dag.py took 0.045 seconds
[2024-07-25T04:07:22.032+0000] {processor.py:161} INFO - Started process (PID=480) to work on /home/airflow/.local/lib/python3.12/site-packages/airflow/example_dags/example_nested_branch_dag.py
[2024-07-25T04:07:22.032+0000] {processor.py:830} INFO - Processing file /home/airflow/.local/lib/python3.12/site-packages/airflow/example_dags/example_nested_branch_dag.py for tasks to queue
[2024-07-25T04:07:22.034+0000] {logging_mixin.py:188} INFO - [2024-07-25T04:07:22.033+0000] {dagbag.py:545} INFO - Filling up the DagBag from /home/airflow/.local/lib/python3.12/site-packages/airflow/example_dags/example_nested_branch_dag.py
[2024-07-25T04:07:22.039+0000] {processor.py:840} INFO - DAG(s) 'example_nested_branch_dag' retrieved from /home/airflow/.local/lib/python3.12/site-packages/airflow/example_dags/example_nested_branch_dag.py
[2024-07-25T04:07:22.051+0000] {logging_mixin.py:188} INFO - [2024-07-25T04:07:22.051+0000] {dag.py:3089} INFO - Sync 1 DAGs
[2024-07-25T04:07:22.062+0000] {logging_mixin.py:188} INFO - [2024-07-25T04:07:22.062+0000] {dag.py:3947} INFO - Setting next_dagrun for example_nested_branch_dag to 2024-07-24 00:00:00+00:00, run_after=2024-07-25 00:00:00+00:00
[2024-07-25T04:07:22.072+0000] {processor.py:183} INFO - Processing /home/airflow/.local/lib/python3.12/site-packages/airflow/example_dags/example_nested_branch_dag.py took 0.045 seconds
[2024-07-25T04:07:52.229+0000] {processor.py:161} INFO - Started process (PID=538) to work on /home/airflow/.local/lib/python3.12/site-packages/airflow/example_dags/example_nested_branch_dag.py
[2024-07-25T04:07:52.230+0000] {processor.py:830} INFO - Processing file /home/airflow/.local/lib/python3.12/site-packages/airflow/example_dags/example_nested_branch_dag.py for tasks to queue
[2024-07-25T04:07:52.231+0000] {logging_mixin.py:188} INFO - [2024-07-25T04:07:52.231+0000] {dagbag.py:545} INFO - Filling up the DagBag from /home/airflow/.local/lib/python3.12/site-packages/airflow/example_dags/example_nested_branch_dag.py
[2024-07-25T04:07:52.237+0000] {processor.py:840} INFO - DAG(s) 'example_nested_branch_dag' retrieved from /home/airflow/.local/lib/python3.12/site-packages/airflow/example_dags/example_nested_branch_dag.py
[2024-07-25T04:07:52.250+0000] {logging_mixin.py:188} INFO - [2024-07-25T04:07:52.250+0000] {dag.py:3089} INFO - Sync 1 DAGs
[2024-07-25T04:07:52.261+0000] {logging_mixin.py:188} INFO - [2024-07-25T04:07:52.261+0000] {dag.py:3947} INFO - Setting next_dagrun for example_nested_branch_dag to 2024-07-24 00:00:00+00:00, run_after=2024-07-25 00:00:00+00:00
[2024-07-25T04:07:52.269+0000] {processor.py:183} INFO - Processing /home/airflow/.local/lib/python3.12/site-packages/airflow/example_dags/example_nested_branch_dag.py took 0.043 seconds
[2024-07-25T04:08:22.321+0000] {processor.py:161} INFO - Started process (PID=596) to work on /home/airflow/.local/lib/python3.12/site-packages/airflow/example_dags/example_nested_branch_dag.py
[2024-07-25T04:08:22.321+0000] {processor.py:830} INFO - Processing file /home/airflow/.local/lib/python3.12/site-packages/airflow/example_dags/example_nested_branch_dag.py for tasks to queue
[2024-07-25T04:08:22.323+0000] {logging_mixin.py:188} INFO - [2024-07-25T04:08:22.323+0000] {dagbag.py:545} INFO - Filling up the DagBag from /home/airflow/.local/lib/python3.12/site-packages/airflow/example_dags/example_nested_branch_dag.py
[2024-07-25T04:08:22.329+0000] {processor.py:840} INFO - DAG(s) 'example_nested_branch_dag' retrieved from /home/airflow/.local/lib/python3.12/site-packages/airflow/example_dags/example_nested_branch_dag.py
[2024-07-25T04:08:22.341+0000] {logging_mixin.py:188} INFO - [2024-07-25T04:08:22.341+0000] {dag.py:3089} INFO - Sync 1 DAGs
[2024-07-25T04:08:22.353+0000] {logging_mixin.py:188} INFO - [2024-07-25T04:08:22.353+0000] {dag.py:3947} INFO - Setting next_dagrun for example_nested_branch_dag to 2024-07-24 00:00:00+00:00, run_after=2024-07-25 00:00:00+00:00
[2024-07-25T04:08:22.363+0000] {processor.py:183} INFO - Processing /home/airflow/.local/lib/python3.12/site-packages/airflow/example_dags/example_nested_branch_dag.py took 0.046 seconds
[2024-07-25T04:08:52.472+0000] {processor.py:161} INFO - Started process (PID=654) to work on /home/airflow/.local/lib/python3.12/site-packages/airflow/example_dags/example_nested_branch_dag.py
[2024-07-25T04:08:52.473+0000] {processor.py:830} INFO - Processing file /home/airflow/.local/lib/python3.12/site-packages/airflow/example_dags/example_nested_branch_dag.py for tasks to queue
[2024-07-25T04:08:52.474+0000] {logging_mixin.py:188} INFO - [2024-07-25T04:08:52.474+0000] {dagbag.py:545} INFO - Filling up the DagBag from /home/airflow/.local/lib/python3.12/site-packages/airflow/example_dags/example_nested_branch_dag.py
[2024-07-25T04:08:52.480+0000] {processor.py:840} INFO - DAG(s) 'example_nested_branch_dag' retrieved from /home/airflow/.local/lib/python3.12/site-packages/airflow/example_dags/example_nested_branch_dag.py
[2024-07-25T04:08:52.492+0000] {logging_mixin.py:188} INFO - [2024-07-25T04:08:52.492+0000] {dag.py:3089} INFO - Sync 1 DAGs
[2024-07-25T04:08:52.504+0000] {logging_mixin.py:188} INFO - [2024-07-25T04:08:52.503+0000] {dag.py:3947} INFO - Setting next_dagrun for example_nested_branch_dag to 2024-07-24 00:00:00+00:00, run_after=2024-07-25 00:00:00+00:00
[2024-07-25T04:08:52.513+0000] {processor.py:183} INFO - Processing /home/airflow/.local/lib/python3.12/site-packages/airflow/example_dags/example_nested_branch_dag.py took 0.045 seconds
[2024-07-25T04:09:23.054+0000] {processor.py:161} INFO - Started process (PID=713) to work on /home/airflow/.local/lib/python3.12/site-packages/airflow/example_dags/example_nested_branch_dag.py
[2024-07-25T04:09:23.055+0000] {processor.py:830} INFO - Processing file /home/airflow/.local/lib/python3.12/site-packages/airflow/example_dags/example_nested_branch_dag.py for tasks to queue
[2024-07-25T04:09:23.057+0000] {logging_mixin.py:188} INFO - [2024-07-25T04:09:23.056+0000] {dagbag.py:545} INFO - Filling up the DagBag from /home/airflow/.local/lib/python3.12/site-packages/airflow/example_dags/example_nested_branch_dag.py
[2024-07-25T04:09:23.063+0000] {processor.py:840} INFO - DAG(s) 'example_nested_branch_dag' retrieved from /home/airflow/.local/lib/python3.12/site-packages/airflow/example_dags/example_nested_branch_dag.py
[2024-07-25T04:09:23.081+0000] {logging_mixin.py:188} INFO - [2024-07-25T04:09:23.081+0000] {dag.py:3089} INFO - Sync 1 DAGs
[2024-07-25T04:09:23.096+0000] {logging_mixin.py:188} INFO - [2024-07-25T04:09:23.095+0000] {dag.py:3947} INFO - Setting next_dagrun for example_nested_branch_dag to 2024-07-24 00:00:00+00:00, run_after=2024-07-25 00:00:00+00:00
[2024-07-25T04:09:23.108+0000] {processor.py:183} INFO - Processing /home/airflow/.local/lib/python3.12/site-packages/airflow/example_dags/example_nested_branch_dag.py took 0.057 seconds
[2024-07-25T04:09:53.144+0000] {processor.py:161} INFO - Started process (PID=771) to work on /home/airflow/.local/lib/python3.12/site-packages/airflow/example_dags/example_nested_branch_dag.py
[2024-07-25T04:09:53.145+0000] {processor.py:830} INFO - Processing file /home/airflow/.local/lib/python3.12/site-packages/airflow/example_dags/example_nested_branch_dag.py for tasks to queue
[2024-07-25T04:09:53.146+0000] {logging_mixin.py:188} INFO - [2024-07-25T04:09:53.146+0000] {dagbag.py:545} INFO - Filling up the DagBag from /home/airflow/.local/lib/python3.12/site-packages/airflow/example_dags/example_nested_branch_dag.py
[2024-07-25T04:09:53.152+0000] {processor.py:840} INFO - DAG(s) 'example_nested_branch_dag' retrieved from /home/airflow/.local/lib/python3.12/site-packages/airflow/example_dags/example_nested_branch_dag.py
[2024-07-25T04:09:53.165+0000] {logging_mixin.py:188} INFO - [2024-07-25T04:09:53.164+0000] {dag.py:3089} INFO - Sync 1 DAGs
[2024-07-25T04:09:53.176+0000] {logging_mixin.py:188} INFO - [2024-07-25T04:09:53.175+0000] {dag.py:3947} INFO - Setting next_dagrun for example_nested_branch_dag to 2024-07-24 00:00:00+00:00, run_after=2024-07-25 00:00:00+00:00
[2024-07-25T04:09:53.193+0000] {processor.py:183} INFO - Processing /home/airflow/.local/lib/python3.12/site-packages/airflow/example_dags/example_nested_branch_dag.py took 0.052 seconds
[2024-07-25T04:10:23.921+0000] {processor.py:161} INFO - Started process (PID=829) to work on /home/airflow/.local/lib/python3.12/site-packages/airflow/example_dags/example_nested_branch_dag.py
[2024-07-25T04:10:23.922+0000] {processor.py:830} INFO - Processing file /home/airflow/.local/lib/python3.12/site-packages/airflow/example_dags/example_nested_branch_dag.py for tasks to queue
[2024-07-25T04:10:23.923+0000] {logging_mixin.py:188} INFO - [2024-07-25T04:10:23.923+0000] {dagbag.py:545} INFO - Filling up the DagBag from /home/airflow/.local/lib/python3.12/site-packages/airflow/example_dags/example_nested_branch_dag.py
[2024-07-25T04:10:23.929+0000] {processor.py:840} INFO - DAG(s) 'example_nested_branch_dag' retrieved from /home/airflow/.local/lib/python3.12/site-packages/airflow/example_dags/example_nested_branch_dag.py
[2024-07-25T04:10:23.942+0000] {logging_mixin.py:188} INFO - [2024-07-25T04:10:23.942+0000] {dag.py:3089} INFO - Sync 1 DAGs
[2024-07-25T04:10:23.953+0000] {logging_mixin.py:188} INFO - [2024-07-25T04:10:23.953+0000] {dag.py:3947} INFO - Setting next_dagrun for example_nested_branch_dag to 2024-07-24 00:00:00+00:00, run_after=2024-07-25 00:00:00+00:00
[2024-07-25T04:10:23.962+0000] {processor.py:183} INFO - Processing /home/airflow/.local/lib/python3.12/site-packages/airflow/example_dags/example_nested_branch_dag.py took 0.044 seconds
[2024-07-25T04:10:54.131+0000] {processor.py:161} INFO - Started process (PID=887) to work on /home/airflow/.local/lib/python3.12/site-packages/airflow/example_dags/example_nested_branch_dag.py
[2024-07-25T04:10:54.132+0000] {processor.py:830} INFO - Processing file /home/airflow/.local/lib/python3.12/site-packages/airflow/example_dags/example_nested_branch_dag.py for tasks to queue
[2024-07-25T04:10:54.133+0000] {logging_mixin.py:188} INFO - [2024-07-25T04:10:54.133+0000] {dagbag.py:545} INFO - Filling up the DagBag from /home/airflow/.local/lib/python3.12/site-packages/airflow/example_dags/example_nested_branch_dag.py
[2024-07-25T04:10:54.139+0000] {processor.py:840} INFO - DAG(s) 'example_nested_branch_dag' retrieved from /home/airflow/.local/lib/python3.12/site-packages/airflow/example_dags/example_nested_branch_dag.py
[2024-07-25T04:10:54.151+0000] {logging_mixin.py:188} INFO - [2024-07-25T04:10:54.151+0000] {dag.py:3089} INFO - Sync 1 DAGs
[2024-07-25T04:10:54.163+0000] {logging_mixin.py:188} INFO - [2024-07-25T04:10:54.163+0000] {dag.py:3947} INFO - Setting next_dagrun for example_nested_branch_dag to 2024-07-24 00:00:00+00:00, run_after=2024-07-25 00:00:00+00:00
[2024-07-25T04:10:54.178+0000] {processor.py:183} INFO - Processing /home/airflow/.local/lib/python3.12/site-packages/airflow/example_dags/example_nested_branch_dag.py took 0.051 seconds
[2024-07-25T04:11:24.346+0000] {processor.py:161} INFO - Started process (PID=945) to work on /home/airflow/.local/lib/python3.12/site-packages/airflow/example_dags/example_nested_branch_dag.py
[2024-07-25T04:11:24.347+0000] {processor.py:830} INFO - Processing file /home/airflow/.local/lib/python3.12/site-packages/airflow/example_dags/example_nested_branch_dag.py for tasks to queue
[2024-07-25T04:11:24.348+0000] {logging_mixin.py:188} INFO - [2024-07-25T04:11:24.348+0000] {dagbag.py:545} INFO - Filling up the DagBag from /home/airflow/.local/lib/python3.12/site-packages/airflow/example_dags/example_nested_branch_dag.py
[2024-07-25T04:11:24.354+0000] {processor.py:840} INFO - DAG(s) 'example_nested_branch_dag' retrieved from /home/airflow/.local/lib/python3.12/site-packages/airflow/example_dags/example_nested_branch_dag.py
[2024-07-25T04:11:24.366+0000] {logging_mixin.py:188} INFO - [2024-07-25T04:11:24.366+0000] {dag.py:3089} INFO - Sync 1 DAGs
[2024-07-25T04:11:24.377+0000] {logging_mixin.py:188} INFO - [2024-07-25T04:11:24.377+0000] {dag.py:3947} INFO - Setting next_dagrun for example_nested_branch_dag to 2024-07-24 00:00:00+00:00, run_after=2024-07-25 00:00:00+00:00
[2024-07-25T04:11:24.387+0000] {processor.py:183} INFO - Processing /home/airflow/.local/lib/python3.12/site-packages/airflow/example_dags/example_nested_branch_dag.py took 0.045 seconds
