[2024-07-25T03:40:24.540+0000] {processor.py:161} INFO - Started process (PID=50) to work on /home/airflow/.local/lib/python3.12/site-packages/airflow/example_dags/example_branch_operator.py
[2024-07-25T03:40:24.541+0000] {processor.py:830} INFO - Processing file /home/airflow/.local/lib/python3.12/site-packages/airflow/example_dags/example_branch_operator.py for tasks to queue
[2024-07-25T03:40:24.542+0000] {logging_mixin.py:188} INFO - [2024-07-25T03:40:24.542+0000] {dagbag.py:545} INFO - Filling up the DagBag from /home/airflow/.local/lib/python3.12/site-packages/airflow/example_dags/example_branch_operator.py
[2024-07-25T03:40:24.553+0000] {processor.py:840} INFO - DAG(s) 'example_branch_operator' retrieved from /home/airflow/.local/lib/python3.12/site-packages/airflow/example_dags/example_branch_operator.py
[2024-07-25T03:40:24.565+0000] {logging_mixin.py:188} INFO - [2024-07-25T03:40:24.565+0000] {dag.py:3089} INFO - Sync 1 DAGs
[2024-07-25T03:40:24.588+0000] {logging_mixin.py:188} INFO - [2024-07-25T03:40:24.587+0000] {dag.py:3947} INFO - Setting next_dagrun for example_branch_operator to 2024-07-24 00:00:00+00:00, run_after=2024-07-25 00:00:00+00:00
[2024-07-25T03:40:24.601+0000] {processor.py:183} INFO - Processing /home/airflow/.local/lib/python3.12/site-packages/airflow/example_dags/example_branch_operator.py took 0.065 seconds
[2024-07-25T03:40:55.407+0000] {processor.py:161} INFO - Started process (PID=108) to work on /home/airflow/.local/lib/python3.12/site-packages/airflow/example_dags/example_branch_operator.py
[2024-07-25T03:40:55.408+0000] {processor.py:830} INFO - Processing file /home/airflow/.local/lib/python3.12/site-packages/airflow/example_dags/example_branch_operator.py for tasks to queue
[2024-07-25T03:40:55.409+0000] {logging_mixin.py:188} INFO - [2024-07-25T03:40:55.409+0000] {dagbag.py:545} INFO - Filling up the DagBag from /home/airflow/.local/lib/python3.12/site-packages/airflow/example_dags/example_branch_operator.py
[2024-07-25T03:40:55.417+0000] {processor.py:840} INFO - DAG(s) 'example_branch_operator' retrieved from /home/airflow/.local/lib/python3.12/site-packages/airflow/example_dags/example_branch_operator.py
[2024-07-25T03:40:55.475+0000] {logging_mixin.py:188} INFO - [2024-07-25T03:40:55.474+0000] {dag.py:3089} INFO - Sync 1 DAGs
[2024-07-25T03:40:55.486+0000] {logging_mixin.py:188} INFO - [2024-07-25T03:40:55.486+0000] {dag.py:3947} INFO - Setting next_dagrun for example_branch_operator to 2024-07-24 00:00:00+00:00, run_after=2024-07-25 00:00:00+00:00
[2024-07-25T03:40:55.495+0000] {processor.py:183} INFO - Processing /home/airflow/.local/lib/python3.12/site-packages/airflow/example_dags/example_branch_operator.py took 0.092 seconds
[2024-07-25T03:41:25.550+0000] {processor.py:161} INFO - Started process (PID=166) to work on /home/airflow/.local/lib/python3.12/site-packages/airflow/example_dags/example_branch_operator.py
[2024-07-25T03:41:25.551+0000] {processor.py:830} INFO - Processing file /home/airflow/.local/lib/python3.12/site-packages/airflow/example_dags/example_branch_operator.py for tasks to queue
[2024-07-25T03:41:25.552+0000] {logging_mixin.py:188} INFO - [2024-07-25T03:41:25.552+0000] {dagbag.py:545} INFO - Filling up the DagBag from /home/airflow/.local/lib/python3.12/site-packages/airflow/example_dags/example_branch_operator.py
[2024-07-25T03:41:25.561+0000] {processor.py:840} INFO - DAG(s) 'example_branch_operator' retrieved from /home/airflow/.local/lib/python3.12/site-packages/airflow/example_dags/example_branch_operator.py
[2024-07-25T03:41:25.576+0000] {logging_mixin.py:188} INFO - [2024-07-25T03:41:25.576+0000] {dag.py:3089} INFO - Sync 1 DAGs
[2024-07-25T03:41:25.586+0000] {logging_mixin.py:188} INFO - [2024-07-25T03:41:25.586+0000] {dag.py:3947} INFO - Setting next_dagrun for example_branch_operator to 2024-07-24 00:00:00+00:00, run_after=2024-07-25 00:00:00+00:00
[2024-07-25T03:41:25.594+0000] {processor.py:183} INFO - Processing /home/airflow/.local/lib/python3.12/site-packages/airflow/example_dags/example_branch_operator.py took 0.047 seconds
[2024-07-25T03:41:55.672+0000] {processor.py:161} INFO - Started process (PID=224) to work on /home/airflow/.local/lib/python3.12/site-packages/airflow/example_dags/example_branch_operator.py
[2024-07-25T03:41:55.673+0000] {processor.py:830} INFO - Processing file /home/airflow/.local/lib/python3.12/site-packages/airflow/example_dags/example_branch_operator.py for tasks to queue
[2024-07-25T03:41:55.674+0000] {logging_mixin.py:188} INFO - [2024-07-25T03:41:55.674+0000] {dagbag.py:545} INFO - Filling up the DagBag from /home/airflow/.local/lib/python3.12/site-packages/airflow/example_dags/example_branch_operator.py
[2024-07-25T03:41:55.683+0000] {processor.py:840} INFO - DAG(s) 'example_branch_operator' retrieved from /home/airflow/.local/lib/python3.12/site-packages/airflow/example_dags/example_branch_operator.py
[2024-07-25T03:41:55.696+0000] {logging_mixin.py:188} INFO - [2024-07-25T03:41:55.696+0000] {dag.py:3089} INFO - Sync 1 DAGs
[2024-07-25T03:41:55.707+0000] {logging_mixin.py:188} INFO - [2024-07-25T03:41:55.707+0000] {dag.py:3947} INFO - Setting next_dagrun for example_branch_operator to 2024-07-24 00:00:00+00:00, run_after=2024-07-25 00:00:00+00:00
[2024-07-25T03:41:55.716+0000] {processor.py:183} INFO - Processing /home/airflow/.local/lib/python3.12/site-packages/airflow/example_dags/example_branch_operator.py took 0.047 seconds
[2024-07-25T03:42:26.722+0000] {processor.py:161} INFO - Started process (PID=282) to work on /home/airflow/.local/lib/python3.12/site-packages/airflow/example_dags/example_branch_operator.py
[2024-07-25T03:42:26.723+0000] {processor.py:830} INFO - Processing file /home/airflow/.local/lib/python3.12/site-packages/airflow/example_dags/example_branch_operator.py for tasks to queue
[2024-07-25T03:42:26.724+0000] {logging_mixin.py:188} INFO - [2024-07-25T03:42:26.724+0000] {dagbag.py:545} INFO - Filling up the DagBag from /home/airflow/.local/lib/python3.12/site-packages/airflow/example_dags/example_branch_operator.py
[2024-07-25T03:42:26.734+0000] {processor.py:840} INFO - DAG(s) 'example_branch_operator' retrieved from /home/airflow/.local/lib/python3.12/site-packages/airflow/example_dags/example_branch_operator.py
[2024-07-25T03:42:26.749+0000] {logging_mixin.py:188} INFO - [2024-07-25T03:42:26.749+0000] {dag.py:3089} INFO - Sync 1 DAGs
[2024-07-25T03:42:26.761+0000] {logging_mixin.py:188} INFO - [2024-07-25T03:42:26.761+0000] {dag.py:3947} INFO - Setting next_dagrun for example_branch_operator to 2024-07-24 00:00:00+00:00, run_after=2024-07-25 00:00:00+00:00
[2024-07-25T03:42:26.771+0000] {processor.py:183} INFO - Processing /home/airflow/.local/lib/python3.12/site-packages/airflow/example_dags/example_branch_operator.py took 0.053 seconds
[2024-07-25T03:42:57.105+0000] {processor.py:161} INFO - Started process (PID=340) to work on /home/airflow/.local/lib/python3.12/site-packages/airflow/example_dags/example_branch_operator.py
[2024-07-25T03:42:57.106+0000] {processor.py:830} INFO - Processing file /home/airflow/.local/lib/python3.12/site-packages/airflow/example_dags/example_branch_operator.py for tasks to queue
[2024-07-25T03:42:57.107+0000] {logging_mixin.py:188} INFO - [2024-07-25T03:42:57.107+0000] {dagbag.py:545} INFO - Filling up the DagBag from /home/airflow/.local/lib/python3.12/site-packages/airflow/example_dags/example_branch_operator.py
[2024-07-25T03:42:57.116+0000] {processor.py:840} INFO - DAG(s) 'example_branch_operator' retrieved from /home/airflow/.local/lib/python3.12/site-packages/airflow/example_dags/example_branch_operator.py
[2024-07-25T03:42:57.130+0000] {logging_mixin.py:188} INFO - [2024-07-25T03:42:57.130+0000] {dag.py:3089} INFO - Sync 1 DAGs
[2024-07-25T03:42:57.142+0000] {logging_mixin.py:188} INFO - [2024-07-25T03:42:57.142+0000] {dag.py:3947} INFO - Setting next_dagrun for example_branch_operator to 2024-07-24 00:00:00+00:00, run_after=2024-07-25 00:00:00+00:00
[2024-07-25T03:42:57.152+0000] {processor.py:183} INFO - Processing /home/airflow/.local/lib/python3.12/site-packages/airflow/example_dags/example_branch_operator.py took 0.050 seconds
[2024-07-25T03:43:27.380+0000] {processor.py:161} INFO - Started process (PID=398) to work on /home/airflow/.local/lib/python3.12/site-packages/airflow/example_dags/example_branch_operator.py
[2024-07-25T03:43:27.381+0000] {processor.py:830} INFO - Processing file /home/airflow/.local/lib/python3.12/site-packages/airflow/example_dags/example_branch_operator.py for tasks to queue
[2024-07-25T03:43:27.382+0000] {logging_mixin.py:188} INFO - [2024-07-25T03:43:27.382+0000] {dagbag.py:545} INFO - Filling up the DagBag from /home/airflow/.local/lib/python3.12/site-packages/airflow/example_dags/example_branch_operator.py
[2024-07-25T03:43:27.391+0000] {processor.py:840} INFO - DAG(s) 'example_branch_operator' retrieved from /home/airflow/.local/lib/python3.12/site-packages/airflow/example_dags/example_branch_operator.py
[2024-07-25T03:43:27.407+0000] {logging_mixin.py:188} INFO - [2024-07-25T03:43:27.407+0000] {dag.py:3089} INFO - Sync 1 DAGs
[2024-07-25T03:43:27.419+0000] {logging_mixin.py:188} INFO - [2024-07-25T03:43:27.419+0000] {dag.py:3947} INFO - Setting next_dagrun for example_branch_operator to 2024-07-24 00:00:00+00:00, run_after=2024-07-25 00:00:00+00:00
[2024-07-25T03:43:27.428+0000] {processor.py:183} INFO - Processing /home/airflow/.local/lib/python3.12/site-packages/airflow/example_dags/example_branch_operator.py took 0.053 seconds
[2024-07-25T03:43:57.669+0000] {processor.py:161} INFO - Started process (PID=456) to work on /home/airflow/.local/lib/python3.12/site-packages/airflow/example_dags/example_branch_operator.py
[2024-07-25T03:43:57.669+0000] {processor.py:830} INFO - Processing file /home/airflow/.local/lib/python3.12/site-packages/airflow/example_dags/example_branch_operator.py for tasks to queue
[2024-07-25T03:43:57.671+0000] {logging_mixin.py:188} INFO - [2024-07-25T03:43:57.671+0000] {dagbag.py:545} INFO - Filling up the DagBag from /home/airflow/.local/lib/python3.12/site-packages/airflow/example_dags/example_branch_operator.py
[2024-07-25T03:43:57.680+0000] {processor.py:840} INFO - DAG(s) 'example_branch_operator' retrieved from /home/airflow/.local/lib/python3.12/site-packages/airflow/example_dags/example_branch_operator.py
[2024-07-25T03:43:57.698+0000] {logging_mixin.py:188} INFO - [2024-07-25T03:43:57.698+0000] {dag.py:3089} INFO - Sync 1 DAGs
[2024-07-25T03:43:57.709+0000] {logging_mixin.py:188} INFO - [2024-07-25T03:43:57.709+0000] {dag.py:3947} INFO - Setting next_dagrun for example_branch_operator to 2024-07-24 00:00:00+00:00, run_after=2024-07-25 00:00:00+00:00
[2024-07-25T03:43:57.719+0000] {processor.py:183} INFO - Processing /home/airflow/.local/lib/python3.12/site-packages/airflow/example_dags/example_branch_operator.py took 0.054 seconds
[2024-07-25T03:44:27.819+0000] {processor.py:161} INFO - Started process (PID=514) to work on /home/airflow/.local/lib/python3.12/site-packages/airflow/example_dags/example_branch_operator.py
[2024-07-25T03:44:27.819+0000] {processor.py:830} INFO - Processing file /home/airflow/.local/lib/python3.12/site-packages/airflow/example_dags/example_branch_operator.py for tasks to queue
[2024-07-25T03:44:27.821+0000] {logging_mixin.py:188} INFO - [2024-07-25T03:44:27.821+0000] {dagbag.py:545} INFO - Filling up the DagBag from /home/airflow/.local/lib/python3.12/site-packages/airflow/example_dags/example_branch_operator.py
[2024-07-25T03:44:27.832+0000] {processor.py:840} INFO - DAG(s) 'example_branch_operator' retrieved from /home/airflow/.local/lib/python3.12/site-packages/airflow/example_dags/example_branch_operator.py
[2024-07-25T03:44:27.853+0000] {logging_mixin.py:188} INFO - [2024-07-25T03:44:27.853+0000] {dag.py:3089} INFO - Sync 1 DAGs
[2024-07-25T03:44:27.870+0000] {logging_mixin.py:188} INFO - [2024-07-25T03:44:27.870+0000] {dag.py:3947} INFO - Setting next_dagrun for example_branch_operator to 2024-07-24 00:00:00+00:00, run_after=2024-07-25 00:00:00+00:00
[2024-07-25T03:44:27.881+0000] {processor.py:183} INFO - Processing /home/airflow/.local/lib/python3.12/site-packages/airflow/example_dags/example_branch_operator.py took 0.067 seconds
[2024-07-25T03:44:58.165+0000] {processor.py:161} INFO - Started process (PID=572) to work on /home/airflow/.local/lib/python3.12/site-packages/airflow/example_dags/example_branch_operator.py
[2024-07-25T03:44:58.166+0000] {processor.py:830} INFO - Processing file /home/airflow/.local/lib/python3.12/site-packages/airflow/example_dags/example_branch_operator.py for tasks to queue
[2024-07-25T03:44:58.167+0000] {logging_mixin.py:188} INFO - [2024-07-25T03:44:58.167+0000] {dagbag.py:545} INFO - Filling up the DagBag from /home/airflow/.local/lib/python3.12/site-packages/airflow/example_dags/example_branch_operator.py
[2024-07-25T03:44:58.176+0000] {processor.py:840} INFO - DAG(s) 'example_branch_operator' retrieved from /home/airflow/.local/lib/python3.12/site-packages/airflow/example_dags/example_branch_operator.py
[2024-07-25T03:44:58.191+0000] {logging_mixin.py:188} INFO - [2024-07-25T03:44:58.191+0000] {dag.py:3089} INFO - Sync 1 DAGs
[2024-07-25T03:44:58.203+0000] {logging_mixin.py:188} INFO - [2024-07-25T03:44:58.203+0000] {dag.py:3947} INFO - Setting next_dagrun for example_branch_operator to 2024-07-24 00:00:00+00:00, run_after=2024-07-25 00:00:00+00:00
[2024-07-25T03:44:58.213+0000] {processor.py:183} INFO - Processing /home/airflow/.local/lib/python3.12/site-packages/airflow/example_dags/example_branch_operator.py took 0.052 seconds
[2024-07-25T03:45:28.452+0000] {processor.py:161} INFO - Started process (PID=630) to work on /home/airflow/.local/lib/python3.12/site-packages/airflow/example_dags/example_branch_operator.py
[2024-07-25T03:45:28.453+0000] {processor.py:830} INFO - Processing file /home/airflow/.local/lib/python3.12/site-packages/airflow/example_dags/example_branch_operator.py for tasks to queue
[2024-07-25T03:45:28.454+0000] {logging_mixin.py:188} INFO - [2024-07-25T03:45:28.454+0000] {dagbag.py:545} INFO - Filling up the DagBag from /home/airflow/.local/lib/python3.12/site-packages/airflow/example_dags/example_branch_operator.py
[2024-07-25T03:45:28.471+0000] {processor.py:840} INFO - DAG(s) 'example_branch_operator' retrieved from /home/airflow/.local/lib/python3.12/site-packages/airflow/example_dags/example_branch_operator.py
[2024-07-25T03:45:28.489+0000] {logging_mixin.py:188} INFO - [2024-07-25T03:45:28.489+0000] {dag.py:3089} INFO - Sync 1 DAGs
[2024-07-25T03:45:28.502+0000] {logging_mixin.py:188} INFO - [2024-07-25T03:45:28.502+0000] {dag.py:3947} INFO - Setting next_dagrun for example_branch_operator to 2024-07-24 00:00:00+00:00, run_after=2024-07-25 00:00:00+00:00
[2024-07-25T03:45:28.512+0000] {processor.py:183} INFO - Processing /home/airflow/.local/lib/python3.12/site-packages/airflow/example_dags/example_branch_operator.py took 0.065 seconds
[2024-07-25T03:45:58.748+0000] {processor.py:161} INFO - Started process (PID=688) to work on /home/airflow/.local/lib/python3.12/site-packages/airflow/example_dags/example_branch_operator.py
[2024-07-25T03:45:58.748+0000] {processor.py:830} INFO - Processing file /home/airflow/.local/lib/python3.12/site-packages/airflow/example_dags/example_branch_operator.py for tasks to queue
[2024-07-25T03:45:58.750+0000] {logging_mixin.py:188} INFO - [2024-07-25T03:45:58.749+0000] {dagbag.py:545} INFO - Filling up the DagBag from /home/airflow/.local/lib/python3.12/site-packages/airflow/example_dags/example_branch_operator.py
[2024-07-25T03:45:58.759+0000] {processor.py:840} INFO - DAG(s) 'example_branch_operator' retrieved from /home/airflow/.local/lib/python3.12/site-packages/airflow/example_dags/example_branch_operator.py
[2024-07-25T03:45:58.774+0000] {logging_mixin.py:188} INFO - [2024-07-25T03:45:58.774+0000] {dag.py:3089} INFO - Sync 1 DAGs
[2024-07-25T03:45:58.786+0000] {logging_mixin.py:188} INFO - [2024-07-25T03:45:58.786+0000] {dag.py:3947} INFO - Setting next_dagrun for example_branch_operator to 2024-07-24 00:00:00+00:00, run_after=2024-07-25 00:00:00+00:00
[2024-07-25T03:45:58.795+0000] {processor.py:183} INFO - Processing /home/airflow/.local/lib/python3.12/site-packages/airflow/example_dags/example_branch_operator.py took 0.051 seconds
[2024-07-25T03:46:28.946+0000] {processor.py:161} INFO - Started process (PID=746) to work on /home/airflow/.local/lib/python3.12/site-packages/airflow/example_dags/example_branch_operator.py
[2024-07-25T03:46:28.947+0000] {processor.py:830} INFO - Processing file /home/airflow/.local/lib/python3.12/site-packages/airflow/example_dags/example_branch_operator.py for tasks to queue
[2024-07-25T03:46:28.948+0000] {logging_mixin.py:188} INFO - [2024-07-25T03:46:28.948+0000] {dagbag.py:545} INFO - Filling up the DagBag from /home/airflow/.local/lib/python3.12/site-packages/airflow/example_dags/example_branch_operator.py
[2024-07-25T03:46:28.957+0000] {processor.py:840} INFO - DAG(s) 'example_branch_operator' retrieved from /home/airflow/.local/lib/python3.12/site-packages/airflow/example_dags/example_branch_operator.py
[2024-07-25T03:46:28.974+0000] {logging_mixin.py:188} INFO - [2024-07-25T03:46:28.974+0000] {dag.py:3089} INFO - Sync 1 DAGs
[2024-07-25T03:46:28.986+0000] {logging_mixin.py:188} INFO - [2024-07-25T03:46:28.986+0000] {dag.py:3947} INFO - Setting next_dagrun for example_branch_operator to 2024-07-24 00:00:00+00:00, run_after=2024-07-25 00:00:00+00:00
[2024-07-25T03:46:28.998+0000] {processor.py:183} INFO - Processing /home/airflow/.local/lib/python3.12/site-packages/airflow/example_dags/example_branch_operator.py took 0.056 seconds
[2024-07-25T03:46:59.299+0000] {processor.py:161} INFO - Started process (PID=804) to work on /home/airflow/.local/lib/python3.12/site-packages/airflow/example_dags/example_branch_operator.py
[2024-07-25T03:46:59.300+0000] {processor.py:830} INFO - Processing file /home/airflow/.local/lib/python3.12/site-packages/airflow/example_dags/example_branch_operator.py for tasks to queue
[2024-07-25T03:46:59.302+0000] {logging_mixin.py:188} INFO - [2024-07-25T03:46:59.302+0000] {dagbag.py:545} INFO - Filling up the DagBag from /home/airflow/.local/lib/python3.12/site-packages/airflow/example_dags/example_branch_operator.py
[2024-07-25T03:46:59.311+0000] {processor.py:840} INFO - DAG(s) 'example_branch_operator' retrieved from /home/airflow/.local/lib/python3.12/site-packages/airflow/example_dags/example_branch_operator.py
[2024-07-25T03:46:59.325+0000] {logging_mixin.py:188} INFO - [2024-07-25T03:46:59.325+0000] {dag.py:3089} INFO - Sync 1 DAGs
[2024-07-25T03:46:59.337+0000] {logging_mixin.py:188} INFO - [2024-07-25T03:46:59.337+0000] {dag.py:3947} INFO - Setting next_dagrun for example_branch_operator to 2024-07-24 00:00:00+00:00, run_after=2024-07-25 00:00:00+00:00
[2024-07-25T03:46:59.346+0000] {processor.py:183} INFO - Processing /home/airflow/.local/lib/python3.12/site-packages/airflow/example_dags/example_branch_operator.py took 0.050 seconds
[2024-07-25T03:47:29.595+0000] {processor.py:161} INFO - Started process (PID=862) to work on /home/airflow/.local/lib/python3.12/site-packages/airflow/example_dags/example_branch_operator.py
[2024-07-25T03:47:29.596+0000] {processor.py:830} INFO - Processing file /home/airflow/.local/lib/python3.12/site-packages/airflow/example_dags/example_branch_operator.py for tasks to queue
[2024-07-25T03:47:29.597+0000] {logging_mixin.py:188} INFO - [2024-07-25T03:47:29.597+0000] {dagbag.py:545} INFO - Filling up the DagBag from /home/airflow/.local/lib/python3.12/site-packages/airflow/example_dags/example_branch_operator.py
[2024-07-25T03:47:29.607+0000] {processor.py:840} INFO - DAG(s) 'example_branch_operator' retrieved from /home/airflow/.local/lib/python3.12/site-packages/airflow/example_dags/example_branch_operator.py
[2024-07-25T03:47:29.624+0000] {logging_mixin.py:188} INFO - [2024-07-25T03:47:29.624+0000] {dag.py:3089} INFO - Sync 1 DAGs
[2024-07-25T03:47:29.640+0000] {logging_mixin.py:188} INFO - [2024-07-25T03:47:29.639+0000] {dag.py:3947} INFO - Setting next_dagrun for example_branch_operator to 2024-07-24 00:00:00+00:00, run_after=2024-07-25 00:00:00+00:00
[2024-07-25T03:47:29.650+0000] {processor.py:183} INFO - Processing /home/airflow/.local/lib/python3.12/site-packages/airflow/example_dags/example_branch_operator.py took 0.060 seconds
[2024-07-25T03:48:00.652+0000] {processor.py:161} INFO - Started process (PID=920) to work on /home/airflow/.local/lib/python3.12/site-packages/airflow/example_dags/example_branch_operator.py
[2024-07-25T03:48:00.653+0000] {processor.py:830} INFO - Processing file /home/airflow/.local/lib/python3.12/site-packages/airflow/example_dags/example_branch_operator.py for tasks to queue
[2024-07-25T03:48:00.654+0000] {logging_mixin.py:188} INFO - [2024-07-25T03:48:00.654+0000] {dagbag.py:545} INFO - Filling up the DagBag from /home/airflow/.local/lib/python3.12/site-packages/airflow/example_dags/example_branch_operator.py
[2024-07-25T03:48:00.663+0000] {processor.py:840} INFO - DAG(s) 'example_branch_operator' retrieved from /home/airflow/.local/lib/python3.12/site-packages/airflow/example_dags/example_branch_operator.py
[2024-07-25T03:48:00.680+0000] {logging_mixin.py:188} INFO - [2024-07-25T03:48:00.680+0000] {dag.py:3089} INFO - Sync 1 DAGs
[2024-07-25T03:48:00.694+0000] {logging_mixin.py:188} INFO - [2024-07-25T03:48:00.694+0000] {dag.py:3947} INFO - Setting next_dagrun for example_branch_operator to 2024-07-24 00:00:00+00:00, run_after=2024-07-25 00:00:00+00:00
[2024-07-25T03:48:00.706+0000] {processor.py:183} INFO - Processing /home/airflow/.local/lib/python3.12/site-packages/airflow/example_dags/example_branch_operator.py took 0.059 seconds
[2024-07-25T03:48:30.778+0000] {processor.py:161} INFO - Started process (PID=977) to work on /home/airflow/.local/lib/python3.12/site-packages/airflow/example_dags/example_branch_operator.py
[2024-07-25T03:48:30.779+0000] {processor.py:830} INFO - Processing file /home/airflow/.local/lib/python3.12/site-packages/airflow/example_dags/example_branch_operator.py for tasks to queue
[2024-07-25T03:48:30.780+0000] {logging_mixin.py:188} INFO - [2024-07-25T03:48:30.780+0000] {dagbag.py:545} INFO - Filling up the DagBag from /home/airflow/.local/lib/python3.12/site-packages/airflow/example_dags/example_branch_operator.py
[2024-07-25T03:48:30.789+0000] {processor.py:840} INFO - DAG(s) 'example_branch_operator' retrieved from /home/airflow/.local/lib/python3.12/site-packages/airflow/example_dags/example_branch_operator.py
[2024-07-25T03:48:30.804+0000] {logging_mixin.py:188} INFO - [2024-07-25T03:48:30.804+0000] {dag.py:3089} INFO - Sync 1 DAGs
[2024-07-25T03:48:30.815+0000] {logging_mixin.py:188} INFO - [2024-07-25T03:48:30.815+0000] {dag.py:3947} INFO - Setting next_dagrun for example_branch_operator to 2024-07-24 00:00:00+00:00, run_after=2024-07-25 00:00:00+00:00
[2024-07-25T03:48:30.825+0000] {processor.py:183} INFO - Processing /home/airflow/.local/lib/python3.12/site-packages/airflow/example_dags/example_branch_operator.py took 0.051 seconds
[2024-07-25T03:49:00.884+0000] {processor.py:161} INFO - Started process (PID=1035) to work on /home/airflow/.local/lib/python3.12/site-packages/airflow/example_dags/example_branch_operator.py
[2024-07-25T03:49:00.885+0000] {processor.py:830} INFO - Processing file /home/airflow/.local/lib/python3.12/site-packages/airflow/example_dags/example_branch_operator.py for tasks to queue
[2024-07-25T03:49:00.886+0000] {logging_mixin.py:188} INFO - [2024-07-25T03:49:00.886+0000] {dagbag.py:545} INFO - Filling up the DagBag from /home/airflow/.local/lib/python3.12/site-packages/airflow/example_dags/example_branch_operator.py
[2024-07-25T03:49:00.899+0000] {processor.py:840} INFO - DAG(s) 'example_branch_operator' retrieved from /home/airflow/.local/lib/python3.12/site-packages/airflow/example_dags/example_branch_operator.py
[2024-07-25T03:49:00.915+0000] {logging_mixin.py:188} INFO - [2024-07-25T03:49:00.915+0000] {dag.py:3089} INFO - Sync 1 DAGs
[2024-07-25T03:49:00.928+0000] {logging_mixin.py:188} INFO - [2024-07-25T03:49:00.928+0000] {dag.py:3947} INFO - Setting next_dagrun for example_branch_operator to 2024-07-24 00:00:00+00:00, run_after=2024-07-25 00:00:00+00:00
[2024-07-25T03:49:00.944+0000] {processor.py:183} INFO - Processing /home/airflow/.local/lib/python3.12/site-packages/airflow/example_dags/example_branch_operator.py took 0.064 seconds
[2024-07-25T03:49:31.320+0000] {processor.py:161} INFO - Started process (PID=1093) to work on /home/airflow/.local/lib/python3.12/site-packages/airflow/example_dags/example_branch_operator.py
[2024-07-25T03:49:31.322+0000] {processor.py:830} INFO - Processing file /home/airflow/.local/lib/python3.12/site-packages/airflow/example_dags/example_branch_operator.py for tasks to queue
[2024-07-25T03:49:31.324+0000] {logging_mixin.py:188} INFO - [2024-07-25T03:49:31.324+0000] {dagbag.py:545} INFO - Filling up the DagBag from /home/airflow/.local/lib/python3.12/site-packages/airflow/example_dags/example_branch_operator.py
[2024-07-25T03:49:31.341+0000] {processor.py:840} INFO - DAG(s) 'example_branch_operator' retrieved from /home/airflow/.local/lib/python3.12/site-packages/airflow/example_dags/example_branch_operator.py
[2024-07-25T03:49:31.360+0000] {logging_mixin.py:188} INFO - [2024-07-25T03:49:31.360+0000] {dag.py:3089} INFO - Sync 1 DAGs
[2024-07-25T03:49:31.380+0000] {logging_mixin.py:188} INFO - [2024-07-25T03:49:31.380+0000] {dag.py:3947} INFO - Setting next_dagrun for example_branch_operator to 2024-07-24 00:00:00+00:00, run_after=2024-07-25 00:00:00+00:00
[2024-07-25T03:49:31.391+0000] {processor.py:183} INFO - Processing /home/airflow/.local/lib/python3.12/site-packages/airflow/example_dags/example_branch_operator.py took 0.077 seconds
[2024-07-25T03:50:01.658+0000] {processor.py:161} INFO - Started process (PID=1151) to work on /home/airflow/.local/lib/python3.12/site-packages/airflow/example_dags/example_branch_operator.py
[2024-07-25T03:50:01.660+0000] {processor.py:830} INFO - Processing file /home/airflow/.local/lib/python3.12/site-packages/airflow/example_dags/example_branch_operator.py for tasks to queue
[2024-07-25T03:50:01.662+0000] {logging_mixin.py:188} INFO - [2024-07-25T03:50:01.662+0000] {dagbag.py:545} INFO - Filling up the DagBag from /home/airflow/.local/lib/python3.12/site-packages/airflow/example_dags/example_branch_operator.py
[2024-07-25T03:50:01.679+0000] {processor.py:840} INFO - DAG(s) 'example_branch_operator' retrieved from /home/airflow/.local/lib/python3.12/site-packages/airflow/example_dags/example_branch_operator.py
[2024-07-25T03:50:01.699+0000] {logging_mixin.py:188} INFO - [2024-07-25T03:50:01.698+0000] {dag.py:3089} INFO - Sync 1 DAGs
[2024-07-25T03:50:01.712+0000] {logging_mixin.py:188} INFO - [2024-07-25T03:50:01.712+0000] {dag.py:3947} INFO - Setting next_dagrun for example_branch_operator to 2024-07-24 00:00:00+00:00, run_after=2024-07-25 00:00:00+00:00
[2024-07-25T03:50:01.723+0000] {processor.py:183} INFO - Processing /home/airflow/.local/lib/python3.12/site-packages/airflow/example_dags/example_branch_operator.py took 0.073 seconds
[2024-07-25T03:50:31.847+0000] {processor.py:161} INFO - Started process (PID=1209) to work on /home/airflow/.local/lib/python3.12/site-packages/airflow/example_dags/example_branch_operator.py
[2024-07-25T03:50:31.848+0000] {processor.py:830} INFO - Processing file /home/airflow/.local/lib/python3.12/site-packages/airflow/example_dags/example_branch_operator.py for tasks to queue
[2024-07-25T03:50:31.850+0000] {logging_mixin.py:188} INFO - [2024-07-25T03:50:31.850+0000] {dagbag.py:545} INFO - Filling up the DagBag from /home/airflow/.local/lib/python3.12/site-packages/airflow/example_dags/example_branch_operator.py
[2024-07-25T03:50:31.862+0000] {processor.py:840} INFO - DAG(s) 'example_branch_operator' retrieved from /home/airflow/.local/lib/python3.12/site-packages/airflow/example_dags/example_branch_operator.py
[2024-07-25T03:50:31.883+0000] {logging_mixin.py:188} INFO - [2024-07-25T03:50:31.883+0000] {dag.py:3089} INFO - Sync 1 DAGs
[2024-07-25T03:50:31.897+0000] {logging_mixin.py:188} INFO - [2024-07-25T03:50:31.897+0000] {dag.py:3947} INFO - Setting next_dagrun for example_branch_operator to 2024-07-24 00:00:00+00:00, run_after=2024-07-25 00:00:00+00:00
[2024-07-25T03:50:31.907+0000] {processor.py:183} INFO - Processing /home/airflow/.local/lib/python3.12/site-packages/airflow/example_dags/example_branch_operator.py took 0.065 seconds
[2024-07-25T03:51:02.159+0000] {processor.py:161} INFO - Started process (PID=1267) to work on /home/airflow/.local/lib/python3.12/site-packages/airflow/example_dags/example_branch_operator.py
[2024-07-25T03:51:02.160+0000] {processor.py:830} INFO - Processing file /home/airflow/.local/lib/python3.12/site-packages/airflow/example_dags/example_branch_operator.py for tasks to queue
[2024-07-25T03:51:02.162+0000] {logging_mixin.py:188} INFO - [2024-07-25T03:51:02.162+0000] {dagbag.py:545} INFO - Filling up the DagBag from /home/airflow/.local/lib/python3.12/site-packages/airflow/example_dags/example_branch_operator.py
[2024-07-25T03:51:02.178+0000] {processor.py:840} INFO - DAG(s) 'example_branch_operator' retrieved from /home/airflow/.local/lib/python3.12/site-packages/airflow/example_dags/example_branch_operator.py
[2024-07-25T03:51:02.192+0000] {logging_mixin.py:188} INFO - [2024-07-25T03:51:02.192+0000] {dag.py:3089} INFO - Sync 1 DAGs
[2024-07-25T03:51:02.206+0000] {logging_mixin.py:188} INFO - [2024-07-25T03:51:02.206+0000] {dag.py:3947} INFO - Setting next_dagrun for example_branch_operator to 2024-07-24 00:00:00+00:00, run_after=2024-07-25 00:00:00+00:00
[2024-07-25T03:51:02.218+0000] {processor.py:183} INFO - Processing /home/airflow/.local/lib/python3.12/site-packages/airflow/example_dags/example_branch_operator.py took 0.063 seconds
[2024-07-25T03:51:32.344+0000] {processor.py:161} INFO - Started process (PID=1325) to work on /home/airflow/.local/lib/python3.12/site-packages/airflow/example_dags/example_branch_operator.py
[2024-07-25T03:51:32.345+0000] {processor.py:830} INFO - Processing file /home/airflow/.local/lib/python3.12/site-packages/airflow/example_dags/example_branch_operator.py for tasks to queue
[2024-07-25T03:51:32.347+0000] {logging_mixin.py:188} INFO - [2024-07-25T03:51:32.347+0000] {dagbag.py:545} INFO - Filling up the DagBag from /home/airflow/.local/lib/python3.12/site-packages/airflow/example_dags/example_branch_operator.py
[2024-07-25T03:51:32.358+0000] {processor.py:840} INFO - DAG(s) 'example_branch_operator' retrieved from /home/airflow/.local/lib/python3.12/site-packages/airflow/example_dags/example_branch_operator.py
[2024-07-25T03:51:32.375+0000] {logging_mixin.py:188} INFO - [2024-07-25T03:51:32.375+0000] {dag.py:3089} INFO - Sync 1 DAGs
[2024-07-25T03:51:32.389+0000] {logging_mixin.py:188} INFO - [2024-07-25T03:51:32.389+0000] {dag.py:3947} INFO - Setting next_dagrun for example_branch_operator to 2024-07-24 00:00:00+00:00, run_after=2024-07-25 00:00:00+00:00
[2024-07-25T03:51:32.399+0000] {processor.py:183} INFO - Processing /home/airflow/.local/lib/python3.12/site-packages/airflow/example_dags/example_branch_operator.py took 0.060 seconds
[2024-07-25T03:52:02.485+0000] {processor.py:161} INFO - Started process (PID=1383) to work on /home/airflow/.local/lib/python3.12/site-packages/airflow/example_dags/example_branch_operator.py
[2024-07-25T03:52:02.486+0000] {processor.py:830} INFO - Processing file /home/airflow/.local/lib/python3.12/site-packages/airflow/example_dags/example_branch_operator.py for tasks to queue
[2024-07-25T03:52:02.487+0000] {logging_mixin.py:188} INFO - [2024-07-25T03:52:02.487+0000] {dagbag.py:545} INFO - Filling up the DagBag from /home/airflow/.local/lib/python3.12/site-packages/airflow/example_dags/example_branch_operator.py
[2024-07-25T03:52:02.498+0000] {processor.py:840} INFO - DAG(s) 'example_branch_operator' retrieved from /home/airflow/.local/lib/python3.12/site-packages/airflow/example_dags/example_branch_operator.py
[2024-07-25T03:52:02.515+0000] {logging_mixin.py:188} INFO - [2024-07-25T03:52:02.515+0000] {dag.py:3089} INFO - Sync 1 DAGs
[2024-07-25T03:52:02.527+0000] {logging_mixin.py:188} INFO - [2024-07-25T03:52:02.527+0000] {dag.py:3947} INFO - Setting next_dagrun for example_branch_operator to 2024-07-24 00:00:00+00:00, run_after=2024-07-25 00:00:00+00:00
[2024-07-25T03:52:02.536+0000] {processor.py:183} INFO - Processing /home/airflow/.local/lib/python3.12/site-packages/airflow/example_dags/example_branch_operator.py took 0.056 seconds
[2024-07-25T03:52:32.654+0000] {processor.py:161} INFO - Started process (PID=1441) to work on /home/airflow/.local/lib/python3.12/site-packages/airflow/example_dags/example_branch_operator.py
[2024-07-25T03:52:32.655+0000] {processor.py:830} INFO - Processing file /home/airflow/.local/lib/python3.12/site-packages/airflow/example_dags/example_branch_operator.py for tasks to queue
[2024-07-25T03:52:32.657+0000] {logging_mixin.py:188} INFO - [2024-07-25T03:52:32.657+0000] {dagbag.py:545} INFO - Filling up the DagBag from /home/airflow/.local/lib/python3.12/site-packages/airflow/example_dags/example_branch_operator.py
[2024-07-25T03:52:32.672+0000] {processor.py:840} INFO - DAG(s) 'example_branch_operator' retrieved from /home/airflow/.local/lib/python3.12/site-packages/airflow/example_dags/example_branch_operator.py
[2024-07-25T03:52:32.688+0000] {logging_mixin.py:188} INFO - [2024-07-25T03:52:32.688+0000] {dag.py:3089} INFO - Sync 1 DAGs
[2024-07-25T03:52:32.700+0000] {logging_mixin.py:188} INFO - [2024-07-25T03:52:32.700+0000] {dag.py:3947} INFO - Setting next_dagrun for example_branch_operator to 2024-07-24 00:00:00+00:00, run_after=2024-07-25 00:00:00+00:00
[2024-07-25T03:52:32.711+0000] {processor.py:183} INFO - Processing /home/airflow/.local/lib/python3.12/site-packages/airflow/example_dags/example_branch_operator.py took 0.063 seconds
[2024-07-25T04:03:46.614+0000] {processor.py:161} INFO - Started process (PID=50) to work on /home/airflow/.local/lib/python3.12/site-packages/airflow/example_dags/example_branch_operator.py
[2024-07-25T04:03:46.615+0000] {processor.py:830} INFO - Processing file /home/airflow/.local/lib/python3.12/site-packages/airflow/example_dags/example_branch_operator.py for tasks to queue
[2024-07-25T04:03:46.617+0000] {logging_mixin.py:188} INFO - [2024-07-25T04:03:46.617+0000] {dagbag.py:545} INFO - Filling up the DagBag from /home/airflow/.local/lib/python3.12/site-packages/airflow/example_dags/example_branch_operator.py
[2024-07-25T04:03:46.632+0000] {processor.py:840} INFO - DAG(s) 'example_branch_operator' retrieved from /home/airflow/.local/lib/python3.12/site-packages/airflow/example_dags/example_branch_operator.py
[2024-07-25T04:03:46.653+0000] {logging_mixin.py:188} INFO - [2024-07-25T04:03:46.653+0000] {dag.py:3089} INFO - Sync 1 DAGs
[2024-07-25T04:03:46.669+0000] {logging_mixin.py:188} INFO - [2024-07-25T04:03:46.669+0000] {dag.py:3947} INFO - Setting next_dagrun for example_branch_operator to 2024-07-24 00:00:00+00:00, run_after=2024-07-25 00:00:00+00:00
[2024-07-25T04:03:46.683+0000] {processor.py:183} INFO - Processing /home/airflow/.local/lib/python3.12/site-packages/airflow/example_dags/example_branch_operator.py took 0.075 seconds
[2024-07-25T04:04:17.693+0000] {processor.py:161} INFO - Started process (PID=108) to work on /home/airflow/.local/lib/python3.12/site-packages/airflow/example_dags/example_branch_operator.py
[2024-07-25T04:04:17.694+0000] {processor.py:830} INFO - Processing file /home/airflow/.local/lib/python3.12/site-packages/airflow/example_dags/example_branch_operator.py for tasks to queue
[2024-07-25T04:04:17.695+0000] {logging_mixin.py:188} INFO - [2024-07-25T04:04:17.695+0000] {dagbag.py:545} INFO - Filling up the DagBag from /home/airflow/.local/lib/python3.12/site-packages/airflow/example_dags/example_branch_operator.py
[2024-07-25T04:04:17.704+0000] {processor.py:840} INFO - DAG(s) 'example_branch_operator' retrieved from /home/airflow/.local/lib/python3.12/site-packages/airflow/example_dags/example_branch_operator.py
[2024-07-25T04:04:17.758+0000] {logging_mixin.py:188} INFO - [2024-07-25T04:04:17.758+0000] {dag.py:3089} INFO - Sync 1 DAGs
[2024-07-25T04:04:17.769+0000] {logging_mixin.py:188} INFO - [2024-07-25T04:04:17.769+0000] {dag.py:3947} INFO - Setting next_dagrun for example_branch_operator to 2024-07-24 00:00:00+00:00, run_after=2024-07-25 00:00:00+00:00
[2024-07-25T04:04:17.779+0000] {processor.py:183} INFO - Processing /home/airflow/.local/lib/python3.12/site-packages/airflow/example_dags/example_branch_operator.py took 0.091 seconds
[2024-07-25T04:04:47.954+0000] {processor.py:161} INFO - Started process (PID=166) to work on /home/airflow/.local/lib/python3.12/site-packages/airflow/example_dags/example_branch_operator.py
[2024-07-25T04:04:47.954+0000] {processor.py:830} INFO - Processing file /home/airflow/.local/lib/python3.12/site-packages/airflow/example_dags/example_branch_operator.py for tasks to queue
[2024-07-25T04:04:47.955+0000] {logging_mixin.py:188} INFO - [2024-07-25T04:04:47.955+0000] {dagbag.py:545} INFO - Filling up the DagBag from /home/airflow/.local/lib/python3.12/site-packages/airflow/example_dags/example_branch_operator.py
[2024-07-25T04:04:47.964+0000] {processor.py:840} INFO - DAG(s) 'example_branch_operator' retrieved from /home/airflow/.local/lib/python3.12/site-packages/airflow/example_dags/example_branch_operator.py
[2024-07-25T04:04:47.978+0000] {logging_mixin.py:188} INFO - [2024-07-25T04:04:47.978+0000] {dag.py:3089} INFO - Sync 1 DAGs
[2024-07-25T04:04:47.989+0000] {logging_mixin.py:188} INFO - [2024-07-25T04:04:47.989+0000] {dag.py:3947} INFO - Setting next_dagrun for example_branch_operator to 2024-07-24 00:00:00+00:00, run_after=2024-07-25 00:00:00+00:00
[2024-07-25T04:04:47.999+0000] {processor.py:183} INFO - Processing /home/airflow/.local/lib/python3.12/site-packages/airflow/example_dags/example_branch_operator.py took 0.049 seconds
[2024-07-25T04:05:18.120+0000] {processor.py:161} INFO - Started process (PID=224) to work on /home/airflow/.local/lib/python3.12/site-packages/airflow/example_dags/example_branch_operator.py
[2024-07-25T04:05:18.121+0000] {processor.py:830} INFO - Processing file /home/airflow/.local/lib/python3.12/site-packages/airflow/example_dags/example_branch_operator.py for tasks to queue
[2024-07-25T04:05:18.123+0000] {logging_mixin.py:188} INFO - [2024-07-25T04:05:18.122+0000] {dagbag.py:545} INFO - Filling up the DagBag from /home/airflow/.local/lib/python3.12/site-packages/airflow/example_dags/example_branch_operator.py
[2024-07-25T04:05:18.132+0000] {processor.py:840} INFO - DAG(s) 'example_branch_operator' retrieved from /home/airflow/.local/lib/python3.12/site-packages/airflow/example_dags/example_branch_operator.py
[2024-07-25T04:05:18.147+0000] {logging_mixin.py:188} INFO - [2024-07-25T04:05:18.147+0000] {dag.py:3089} INFO - Sync 1 DAGs
[2024-07-25T04:05:18.158+0000] {logging_mixin.py:188} INFO - [2024-07-25T04:05:18.158+0000] {dag.py:3947} INFO - Setting next_dagrun for example_branch_operator to 2024-07-24 00:00:00+00:00, run_after=2024-07-25 00:00:00+00:00
[2024-07-25T04:05:18.168+0000] {processor.py:183} INFO - Processing /home/airflow/.local/lib/python3.12/site-packages/airflow/example_dags/example_branch_operator.py took 0.051 seconds
[2024-07-25T04:05:48.375+0000] {processor.py:161} INFO - Started process (PID=282) to work on /home/airflow/.local/lib/python3.12/site-packages/airflow/example_dags/example_branch_operator.py
[2024-07-25T04:05:48.376+0000] {processor.py:830} INFO - Processing file /home/airflow/.local/lib/python3.12/site-packages/airflow/example_dags/example_branch_operator.py for tasks to queue
[2024-07-25T04:05:48.378+0000] {logging_mixin.py:188} INFO - [2024-07-25T04:05:48.377+0000] {dagbag.py:545} INFO - Filling up the DagBag from /home/airflow/.local/lib/python3.12/site-packages/airflow/example_dags/example_branch_operator.py
[2024-07-25T04:05:48.387+0000] {processor.py:840} INFO - DAG(s) 'example_branch_operator' retrieved from /home/airflow/.local/lib/python3.12/site-packages/airflow/example_dags/example_branch_operator.py
[2024-07-25T04:05:48.402+0000] {logging_mixin.py:188} INFO - [2024-07-25T04:05:48.402+0000] {dag.py:3089} INFO - Sync 1 DAGs
[2024-07-25T04:05:48.413+0000] {logging_mixin.py:188} INFO - [2024-07-25T04:05:48.412+0000] {dag.py:3947} INFO - Setting next_dagrun for example_branch_operator to 2024-07-24 00:00:00+00:00, run_after=2024-07-25 00:00:00+00:00
[2024-07-25T04:05:48.422+0000] {processor.py:183} INFO - Processing /home/airflow/.local/lib/python3.12/site-packages/airflow/example_dags/example_branch_operator.py took 0.050 seconds
[2024-07-25T04:06:19.405+0000] {processor.py:161} INFO - Started process (PID=340) to work on /home/airflow/.local/lib/python3.12/site-packages/airflow/example_dags/example_branch_operator.py
[2024-07-25T04:06:19.406+0000] {processor.py:830} INFO - Processing file /home/airflow/.local/lib/python3.12/site-packages/airflow/example_dags/example_branch_operator.py for tasks to queue
[2024-07-25T04:06:19.407+0000] {logging_mixin.py:188} INFO - [2024-07-25T04:06:19.407+0000] {dagbag.py:545} INFO - Filling up the DagBag from /home/airflow/.local/lib/python3.12/site-packages/airflow/example_dags/example_branch_operator.py
[2024-07-25T04:06:19.417+0000] {processor.py:840} INFO - DAG(s) 'example_branch_operator' retrieved from /home/airflow/.local/lib/python3.12/site-packages/airflow/example_dags/example_branch_operator.py
[2024-07-25T04:06:19.432+0000] {logging_mixin.py:188} INFO - [2024-07-25T04:06:19.432+0000] {dag.py:3089} INFO - Sync 1 DAGs
[2024-07-25T04:06:19.443+0000] {logging_mixin.py:188} INFO - [2024-07-25T04:06:19.443+0000] {dag.py:3947} INFO - Setting next_dagrun for example_branch_operator to 2024-07-24 00:00:00+00:00, run_after=2024-07-25 00:00:00+00:00
[2024-07-25T04:06:19.452+0000] {processor.py:183} INFO - Processing /home/airflow/.local/lib/python3.12/site-packages/airflow/example_dags/example_branch_operator.py took 0.051 seconds
[2024-07-25T04:06:49.881+0000] {processor.py:161} INFO - Started process (PID=398) to work on /home/airflow/.local/lib/python3.12/site-packages/airflow/example_dags/example_branch_operator.py
[2024-07-25T04:06:49.882+0000] {processor.py:830} INFO - Processing file /home/airflow/.local/lib/python3.12/site-packages/airflow/example_dags/example_branch_operator.py for tasks to queue
[2024-07-25T04:06:49.883+0000] {logging_mixin.py:188} INFO - [2024-07-25T04:06:49.883+0000] {dagbag.py:545} INFO - Filling up the DagBag from /home/airflow/.local/lib/python3.12/site-packages/airflow/example_dags/example_branch_operator.py
[2024-07-25T04:06:49.892+0000] {processor.py:840} INFO - DAG(s) 'example_branch_operator' retrieved from /home/airflow/.local/lib/python3.12/site-packages/airflow/example_dags/example_branch_operator.py
[2024-07-25T04:06:49.907+0000] {logging_mixin.py:188} INFO - [2024-07-25T04:06:49.907+0000] {dag.py:3089} INFO - Sync 1 DAGs
[2024-07-25T04:06:49.918+0000] {logging_mixin.py:188} INFO - [2024-07-25T04:06:49.918+0000] {dag.py:3947} INFO - Setting next_dagrun for example_branch_operator to 2024-07-24 00:00:00+00:00, run_after=2024-07-25 00:00:00+00:00
[2024-07-25T04:06:49.927+0000] {processor.py:183} INFO - Processing /home/airflow/.local/lib/python3.12/site-packages/airflow/example_dags/example_branch_operator.py took 0.050 seconds
[2024-07-25T04:07:20.263+0000] {processor.py:161} INFO - Started process (PID=456) to work on /home/airflow/.local/lib/python3.12/site-packages/airflow/example_dags/example_branch_operator.py
[2024-07-25T04:07:20.264+0000] {processor.py:830} INFO - Processing file /home/airflow/.local/lib/python3.12/site-packages/airflow/example_dags/example_branch_operator.py for tasks to queue
[2024-07-25T04:07:20.265+0000] {logging_mixin.py:188} INFO - [2024-07-25T04:07:20.265+0000] {dagbag.py:545} INFO - Filling up the DagBag from /home/airflow/.local/lib/python3.12/site-packages/airflow/example_dags/example_branch_operator.py
[2024-07-25T04:07:20.274+0000] {processor.py:840} INFO - DAG(s) 'example_branch_operator' retrieved from /home/airflow/.local/lib/python3.12/site-packages/airflow/example_dags/example_branch_operator.py
[2024-07-25T04:07:20.289+0000] {logging_mixin.py:188} INFO - [2024-07-25T04:07:20.289+0000] {dag.py:3089} INFO - Sync 1 DAGs
[2024-07-25T04:07:20.300+0000] {logging_mixin.py:188} INFO - [2024-07-25T04:07:20.300+0000] {dag.py:3947} INFO - Setting next_dagrun for example_branch_operator to 2024-07-24 00:00:00+00:00, run_after=2024-07-25 00:00:00+00:00
[2024-07-25T04:07:20.309+0000] {processor.py:183} INFO - Processing /home/airflow/.local/lib/python3.12/site-packages/airflow/example_dags/example_branch_operator.py took 0.050 seconds
[2024-07-25T04:07:50.409+0000] {processor.py:161} INFO - Started process (PID=514) to work on /home/airflow/.local/lib/python3.12/site-packages/airflow/example_dags/example_branch_operator.py
[2024-07-25T04:07:50.410+0000] {processor.py:830} INFO - Processing file /home/airflow/.local/lib/python3.12/site-packages/airflow/example_dags/example_branch_operator.py for tasks to queue
[2024-07-25T04:07:50.411+0000] {logging_mixin.py:188} INFO - [2024-07-25T04:07:50.411+0000] {dagbag.py:545} INFO - Filling up the DagBag from /home/airflow/.local/lib/python3.12/site-packages/airflow/example_dags/example_branch_operator.py
[2024-07-25T04:07:50.420+0000] {processor.py:840} INFO - DAG(s) 'example_branch_operator' retrieved from /home/airflow/.local/lib/python3.12/site-packages/airflow/example_dags/example_branch_operator.py
[2024-07-25T04:07:50.435+0000] {logging_mixin.py:188} INFO - [2024-07-25T04:07:50.435+0000] {dag.py:3089} INFO - Sync 1 DAGs
[2024-07-25T04:07:50.446+0000] {logging_mixin.py:188} INFO - [2024-07-25T04:07:50.446+0000] {dag.py:3947} INFO - Setting next_dagrun for example_branch_operator to 2024-07-24 00:00:00+00:00, run_after=2024-07-25 00:00:00+00:00
[2024-07-25T04:07:50.456+0000] {processor.py:183} INFO - Processing /home/airflow/.local/lib/python3.12/site-packages/airflow/example_dags/example_branch_operator.py took 0.051 seconds
[2024-07-25T04:08:20.533+0000] {processor.py:161} INFO - Started process (PID=572) to work on /home/airflow/.local/lib/python3.12/site-packages/airflow/example_dags/example_branch_operator.py
[2024-07-25T04:08:20.534+0000] {processor.py:830} INFO - Processing file /home/airflow/.local/lib/python3.12/site-packages/airflow/example_dags/example_branch_operator.py for tasks to queue
[2024-07-25T04:08:20.535+0000] {logging_mixin.py:188} INFO - [2024-07-25T04:08:20.535+0000] {dagbag.py:545} INFO - Filling up the DagBag from /home/airflow/.local/lib/python3.12/site-packages/airflow/example_dags/example_branch_operator.py
[2024-07-25T04:08:20.545+0000] {processor.py:840} INFO - DAG(s) 'example_branch_operator' retrieved from /home/airflow/.local/lib/python3.12/site-packages/airflow/example_dags/example_branch_operator.py
[2024-07-25T04:08:20.563+0000] {logging_mixin.py:188} INFO - [2024-07-25T04:08:20.563+0000] {dag.py:3089} INFO - Sync 1 DAGs
[2024-07-25T04:08:20.575+0000] {logging_mixin.py:188} INFO - [2024-07-25T04:08:20.575+0000] {dag.py:3947} INFO - Setting next_dagrun for example_branch_operator to 2024-07-24 00:00:00+00:00, run_after=2024-07-25 00:00:00+00:00
[2024-07-25T04:08:20.584+0000] {processor.py:183} INFO - Processing /home/airflow/.local/lib/python3.12/site-packages/airflow/example_dags/example_branch_operator.py took 0.056 seconds
[2024-07-25T04:08:51.555+0000] {processor.py:161} INFO - Started process (PID=630) to work on /home/airflow/.local/lib/python3.12/site-packages/airflow/example_dags/example_branch_operator.py
[2024-07-25T04:08:51.556+0000] {processor.py:830} INFO - Processing file /home/airflow/.local/lib/python3.12/site-packages/airflow/example_dags/example_branch_operator.py for tasks to queue
[2024-07-25T04:08:51.559+0000] {logging_mixin.py:188} INFO - [2024-07-25T04:08:51.559+0000] {dagbag.py:545} INFO - Filling up the DagBag from /home/airflow/.local/lib/python3.12/site-packages/airflow/example_dags/example_branch_operator.py
[2024-07-25T04:08:51.575+0000] {processor.py:840} INFO - DAG(s) 'example_branch_operator' retrieved from /home/airflow/.local/lib/python3.12/site-packages/airflow/example_dags/example_branch_operator.py
[2024-07-25T04:08:51.605+0000] {logging_mixin.py:188} INFO - [2024-07-25T04:08:51.605+0000] {dag.py:3089} INFO - Sync 1 DAGs
[2024-07-25T04:08:51.620+0000] {logging_mixin.py:188} INFO - [2024-07-25T04:08:51.620+0000] {dag.py:3947} INFO - Setting next_dagrun for example_branch_operator to 2024-07-24 00:00:00+00:00, run_after=2024-07-25 00:00:00+00:00
[2024-07-25T04:08:51.635+0000] {processor.py:183} INFO - Processing /home/airflow/.local/lib/python3.12/site-packages/airflow/example_dags/example_branch_operator.py took 0.087 seconds
[2024-07-25T04:09:22.060+0000] {processor.py:161} INFO - Started process (PID=689) to work on /home/airflow/.local/lib/python3.12/site-packages/airflow/example_dags/example_branch_operator.py
[2024-07-25T04:09:22.061+0000] {processor.py:830} INFO - Processing file /home/airflow/.local/lib/python3.12/site-packages/airflow/example_dags/example_branch_operator.py for tasks to queue
[2024-07-25T04:09:22.063+0000] {logging_mixin.py:188} INFO - [2024-07-25T04:09:22.062+0000] {dagbag.py:545} INFO - Filling up the DagBag from /home/airflow/.local/lib/python3.12/site-packages/airflow/example_dags/example_branch_operator.py
[2024-07-25T04:09:22.073+0000] {processor.py:840} INFO - DAG(s) 'example_branch_operator' retrieved from /home/airflow/.local/lib/python3.12/site-packages/airflow/example_dags/example_branch_operator.py
[2024-07-25T04:09:22.090+0000] {logging_mixin.py:188} INFO - [2024-07-25T04:09:22.090+0000] {dag.py:3089} INFO - Sync 1 DAGs
[2024-07-25T04:09:22.104+0000] {logging_mixin.py:188} INFO - [2024-07-25T04:09:22.103+0000] {dag.py:3947} INFO - Setting next_dagrun for example_branch_operator to 2024-07-24 00:00:00+00:00, run_after=2024-07-25 00:00:00+00:00
[2024-07-25T04:09:22.115+0000] {processor.py:183} INFO - Processing /home/airflow/.local/lib/python3.12/site-packages/airflow/example_dags/example_branch_operator.py took 0.060 seconds
[2024-07-25T04:09:52.310+0000] {processor.py:161} INFO - Started process (PID=747) to work on /home/airflow/.local/lib/python3.12/site-packages/airflow/example_dags/example_branch_operator.py
[2024-07-25T04:09:52.312+0000] {processor.py:830} INFO - Processing file /home/airflow/.local/lib/python3.12/site-packages/airflow/example_dags/example_branch_operator.py for tasks to queue
[2024-07-25T04:09:52.315+0000] {logging_mixin.py:188} INFO - [2024-07-25T04:09:52.315+0000] {dagbag.py:545} INFO - Filling up the DagBag from /home/airflow/.local/lib/python3.12/site-packages/airflow/example_dags/example_branch_operator.py
[2024-07-25T04:09:52.331+0000] {processor.py:840} INFO - DAG(s) 'example_branch_operator' retrieved from /home/airflow/.local/lib/python3.12/site-packages/airflow/example_dags/example_branch_operator.py
[2024-07-25T04:09:52.350+0000] {logging_mixin.py:188} INFO - [2024-07-25T04:09:52.350+0000] {dag.py:3089} INFO - Sync 1 DAGs
[2024-07-25T04:09:52.363+0000] {logging_mixin.py:188} INFO - [2024-07-25T04:09:52.362+0000] {dag.py:3947} INFO - Setting next_dagrun for example_branch_operator to 2024-07-24 00:00:00+00:00, run_after=2024-07-25 00:00:00+00:00
[2024-07-25T04:09:52.376+0000] {processor.py:183} INFO - Processing /home/airflow/.local/lib/python3.12/site-packages/airflow/example_dags/example_branch_operator.py took 0.073 seconds
[2024-07-25T04:10:22.979+0000] {processor.py:161} INFO - Started process (PID=805) to work on /home/airflow/.local/lib/python3.12/site-packages/airflow/example_dags/example_branch_operator.py
[2024-07-25T04:10:22.981+0000] {processor.py:830} INFO - Processing file /home/airflow/.local/lib/python3.12/site-packages/airflow/example_dags/example_branch_operator.py for tasks to queue
[2024-07-25T04:10:22.984+0000] {logging_mixin.py:188} INFO - [2024-07-25T04:10:22.983+0000] {dagbag.py:545} INFO - Filling up the DagBag from /home/airflow/.local/lib/python3.12/site-packages/airflow/example_dags/example_branch_operator.py
[2024-07-25T04:10:23.001+0000] {processor.py:840} INFO - DAG(s) 'example_branch_operator' retrieved from /home/airflow/.local/lib/python3.12/site-packages/airflow/example_dags/example_branch_operator.py
[2024-07-25T04:10:23.021+0000] {logging_mixin.py:188} INFO - [2024-07-25T04:10:23.020+0000] {dag.py:3089} INFO - Sync 1 DAGs
[2024-07-25T04:10:23.033+0000] {logging_mixin.py:188} INFO - [2024-07-25T04:10:23.033+0000] {dag.py:3947} INFO - Setting next_dagrun for example_branch_operator to 2024-07-24 00:00:00+00:00, run_after=2024-07-25 00:00:00+00:00
[2024-07-25T04:10:23.043+0000] {processor.py:183} INFO - Processing /home/airflow/.local/lib/python3.12/site-packages/airflow/example_dags/example_branch_operator.py took 0.071 seconds
[2024-07-25T04:10:53.190+0000] {processor.py:161} INFO - Started process (PID=862) to work on /home/airflow/.local/lib/python3.12/site-packages/airflow/example_dags/example_branch_operator.py
[2024-07-25T04:10:53.193+0000] {processor.py:830} INFO - Processing file /home/airflow/.local/lib/python3.12/site-packages/airflow/example_dags/example_branch_operator.py for tasks to queue
[2024-07-25T04:10:53.196+0000] {logging_mixin.py:188} INFO - [2024-07-25T04:10:53.196+0000] {dagbag.py:545} INFO - Filling up the DagBag from /home/airflow/.local/lib/python3.12/site-packages/airflow/example_dags/example_branch_operator.py
[2024-07-25T04:10:53.215+0000] {processor.py:840} INFO - DAG(s) 'example_branch_operator' retrieved from /home/airflow/.local/lib/python3.12/site-packages/airflow/example_dags/example_branch_operator.py
[2024-07-25T04:10:53.234+0000] {logging_mixin.py:188} INFO - [2024-07-25T04:10:53.234+0000] {dag.py:3089} INFO - Sync 1 DAGs
[2024-07-25T04:10:53.246+0000] {logging_mixin.py:188} INFO - [2024-07-25T04:10:53.246+0000] {dag.py:3947} INFO - Setting next_dagrun for example_branch_operator to 2024-07-24 00:00:00+00:00, run_after=2024-07-25 00:00:00+00:00
[2024-07-25T04:10:53.255+0000] {processor.py:183} INFO - Processing /home/airflow/.local/lib/python3.12/site-packages/airflow/example_dags/example_branch_operator.py took 0.074 seconds
[2024-07-25T04:11:23.386+0000] {processor.py:161} INFO - Started process (PID=920) to work on /home/airflow/.local/lib/python3.12/site-packages/airflow/example_dags/example_branch_operator.py
[2024-07-25T04:11:23.388+0000] {processor.py:830} INFO - Processing file /home/airflow/.local/lib/python3.12/site-packages/airflow/example_dags/example_branch_operator.py for tasks to queue
[2024-07-25T04:11:23.390+0000] {logging_mixin.py:188} INFO - [2024-07-25T04:11:23.390+0000] {dagbag.py:545} INFO - Filling up the DagBag from /home/airflow/.local/lib/python3.12/site-packages/airflow/example_dags/example_branch_operator.py
[2024-07-25T04:11:23.407+0000] {processor.py:840} INFO - DAG(s) 'example_branch_operator' retrieved from /home/airflow/.local/lib/python3.12/site-packages/airflow/example_dags/example_branch_operator.py
[2024-07-25T04:11:23.425+0000] {logging_mixin.py:188} INFO - [2024-07-25T04:11:23.424+0000] {dag.py:3089} INFO - Sync 1 DAGs
[2024-07-25T04:11:23.437+0000] {logging_mixin.py:188} INFO - [2024-07-25T04:11:23.436+0000] {dag.py:3947} INFO - Setting next_dagrun for example_branch_operator to 2024-07-24 00:00:00+00:00, run_after=2024-07-25 00:00:00+00:00
[2024-07-25T04:11:23.446+0000] {processor.py:183} INFO - Processing /home/airflow/.local/lib/python3.12/site-packages/airflow/example_dags/example_branch_operator.py took 0.069 seconds
