[2024-07-25T03:40:23.812+0000] {processor.py:161} INFO - Started process (PID=33) to work on /home/airflow/.local/lib/python3.12/site-packages/airflow/example_dags/example_setup_teardown.py
[2024-07-25T03:40:23.812+0000] {processor.py:830} INFO - Processing file /home/airflow/.local/lib/python3.12/site-packages/airflow/example_dags/example_setup_teardown.py for tasks to queue
[2024-07-25T03:40:23.814+0000] {logging_mixin.py:188} INFO - [2024-07-25T03:40:23.813+0000] {dagbag.py:545} INFO - Filling up the DagBag from /home/airflow/.local/lib/python3.12/site-packages/airflow/example_dags/example_setup_teardown.py
[2024-07-25T03:40:23.818+0000] {processor.py:840} INFO - DAG(s) 'example_setup_teardown' retrieved from /home/airflow/.local/lib/python3.12/site-packages/airflow/example_dags/example_setup_teardown.py
[2024-07-25T03:40:23.825+0000] {logging_mixin.py:188} INFO - [2024-07-25T03:40:23.825+0000] {dag.py:3089} INFO - Sync 1 DAGs
[2024-07-25T03:40:23.840+0000] {logging_mixin.py:188} INFO - [2024-07-25T03:40:23.840+0000] {dag.py:3947} INFO - Setting next_dagrun for example_setup_teardown to 2024-07-24 00:00:00+00:00, run_after=2024-07-25 00:00:00+00:00
[2024-07-25T03:40:23.851+0000] {processor.py:183} INFO - Processing /home/airflow/.local/lib/python3.12/site-packages/airflow/example_dags/example_setup_teardown.py took 0.043 seconds
[2024-07-25T03:40:54.491+0000] {processor.py:161} INFO - Started process (PID=91) to work on /home/airflow/.local/lib/python3.12/site-packages/airflow/example_dags/example_setup_teardown.py
[2024-07-25T03:40:54.492+0000] {processor.py:830} INFO - Processing file /home/airflow/.local/lib/python3.12/site-packages/airflow/example_dags/example_setup_teardown.py for tasks to queue
[2024-07-25T03:40:54.493+0000] {logging_mixin.py:188} INFO - [2024-07-25T03:40:54.493+0000] {dagbag.py:545} INFO - Filling up the DagBag from /home/airflow/.local/lib/python3.12/site-packages/airflow/example_dags/example_setup_teardown.py
[2024-07-25T03:40:54.498+0000] {processor.py:840} INFO - DAG(s) 'example_setup_teardown' retrieved from /home/airflow/.local/lib/python3.12/site-packages/airflow/example_dags/example_setup_teardown.py
[2024-07-25T03:40:54.555+0000] {logging_mixin.py:188} INFO - [2024-07-25T03:40:54.555+0000] {dag.py:3089} INFO - Sync 1 DAGs
[2024-07-25T03:40:54.565+0000] {logging_mixin.py:188} INFO - [2024-07-25T03:40:54.565+0000] {dag.py:3947} INFO - Setting next_dagrun for example_setup_teardown to 2024-07-24 00:00:00+00:00, run_after=2024-07-25 00:00:00+00:00
[2024-07-25T03:40:54.575+0000] {processor.py:183} INFO - Processing /home/airflow/.local/lib/python3.12/site-packages/airflow/example_dags/example_setup_teardown.py took 0.088 seconds
[2024-07-25T03:41:24.696+0000] {processor.py:161} INFO - Started process (PID=149) to work on /home/airflow/.local/lib/python3.12/site-packages/airflow/example_dags/example_setup_teardown.py
[2024-07-25T03:41:24.698+0000] {processor.py:830} INFO - Processing file /home/airflow/.local/lib/python3.12/site-packages/airflow/example_dags/example_setup_teardown.py for tasks to queue
[2024-07-25T03:41:24.700+0000] {logging_mixin.py:188} INFO - [2024-07-25T03:41:24.700+0000] {dagbag.py:545} INFO - Filling up the DagBag from /home/airflow/.local/lib/python3.12/site-packages/airflow/example_dags/example_setup_teardown.py
[2024-07-25T03:41:24.709+0000] {processor.py:840} INFO - DAG(s) 'example_setup_teardown' retrieved from /home/airflow/.local/lib/python3.12/site-packages/airflow/example_dags/example_setup_teardown.py
[2024-07-25T03:41:24.726+0000] {logging_mixin.py:188} INFO - [2024-07-25T03:41:24.726+0000] {dag.py:3089} INFO - Sync 1 DAGs
[2024-07-25T03:41:24.736+0000] {logging_mixin.py:188} INFO - [2024-07-25T03:41:24.736+0000] {dag.py:3947} INFO - Setting next_dagrun for example_setup_teardown to 2024-07-24 00:00:00+00:00, run_after=2024-07-25 00:00:00+00:00
[2024-07-25T03:41:24.746+0000] {processor.py:183} INFO - Processing /home/airflow/.local/lib/python3.12/site-packages/airflow/example_dags/example_setup_teardown.py took 0.057 seconds
[2024-07-25T03:41:55.020+0000] {processor.py:161} INFO - Started process (PID=207) to work on /home/airflow/.local/lib/python3.12/site-packages/airflow/example_dags/example_setup_teardown.py
[2024-07-25T03:41:55.021+0000] {processor.py:830} INFO - Processing file /home/airflow/.local/lib/python3.12/site-packages/airflow/example_dags/example_setup_teardown.py for tasks to queue
[2024-07-25T03:41:55.022+0000] {logging_mixin.py:188} INFO - [2024-07-25T03:41:55.021+0000] {dagbag.py:545} INFO - Filling up the DagBag from /home/airflow/.local/lib/python3.12/site-packages/airflow/example_dags/example_setup_teardown.py
[2024-07-25T03:41:55.026+0000] {processor.py:840} INFO - DAG(s) 'example_setup_teardown' retrieved from /home/airflow/.local/lib/python3.12/site-packages/airflow/example_dags/example_setup_teardown.py
[2024-07-25T03:41:55.037+0000] {logging_mixin.py:188} INFO - [2024-07-25T03:41:55.037+0000] {dag.py:3089} INFO - Sync 1 DAGs
[2024-07-25T03:41:55.047+0000] {logging_mixin.py:188} INFO - [2024-07-25T03:41:55.047+0000] {dag.py:3947} INFO - Setting next_dagrun for example_setup_teardown to 2024-07-24 00:00:00+00:00, run_after=2024-07-25 00:00:00+00:00
[2024-07-25T03:41:55.056+0000] {processor.py:183} INFO - Processing /home/airflow/.local/lib/python3.12/site-packages/airflow/example_dags/example_setup_teardown.py took 0.040 seconds
[2024-07-25T03:42:25.179+0000] {processor.py:161} INFO - Started process (PID=265) to work on /home/airflow/.local/lib/python3.12/site-packages/airflow/example_dags/example_setup_teardown.py
[2024-07-25T03:42:25.179+0000] {processor.py:830} INFO - Processing file /home/airflow/.local/lib/python3.12/site-packages/airflow/example_dags/example_setup_teardown.py for tasks to queue
[2024-07-25T03:42:25.181+0000] {logging_mixin.py:188} INFO - [2024-07-25T03:42:25.181+0000] {dagbag.py:545} INFO - Filling up the DagBag from /home/airflow/.local/lib/python3.12/site-packages/airflow/example_dags/example_setup_teardown.py
[2024-07-25T03:42:25.185+0000] {processor.py:840} INFO - DAG(s) 'example_setup_teardown' retrieved from /home/airflow/.local/lib/python3.12/site-packages/airflow/example_dags/example_setup_teardown.py
[2024-07-25T03:42:25.197+0000] {logging_mixin.py:188} INFO - [2024-07-25T03:42:25.197+0000] {dag.py:3089} INFO - Sync 1 DAGs
[2024-07-25T03:42:25.207+0000] {logging_mixin.py:188} INFO - [2024-07-25T03:42:25.207+0000] {dag.py:3947} INFO - Setting next_dagrun for example_setup_teardown to 2024-07-24 00:00:00+00:00, run_after=2024-07-25 00:00:00+00:00
[2024-07-25T03:42:25.216+0000] {processor.py:183} INFO - Processing /home/airflow/.local/lib/python3.12/site-packages/airflow/example_dags/example_setup_teardown.py took 0.041 seconds
[2024-07-25T03:42:55.495+0000] {processor.py:161} INFO - Started process (PID=323) to work on /home/airflow/.local/lib/python3.12/site-packages/airflow/example_dags/example_setup_teardown.py
[2024-07-25T03:42:55.495+0000] {processor.py:830} INFO - Processing file /home/airflow/.local/lib/python3.12/site-packages/airflow/example_dags/example_setup_teardown.py for tasks to queue
[2024-07-25T03:42:55.496+0000] {logging_mixin.py:188} INFO - [2024-07-25T03:42:55.496+0000] {dagbag.py:545} INFO - Filling up the DagBag from /home/airflow/.local/lib/python3.12/site-packages/airflow/example_dags/example_setup_teardown.py
[2024-07-25T03:42:55.501+0000] {processor.py:840} INFO - DAG(s) 'example_setup_teardown' retrieved from /home/airflow/.local/lib/python3.12/site-packages/airflow/example_dags/example_setup_teardown.py
[2024-07-25T03:42:55.512+0000] {logging_mixin.py:188} INFO - [2024-07-25T03:42:55.512+0000] {dag.py:3089} INFO - Sync 1 DAGs
[2024-07-25T03:42:55.523+0000] {logging_mixin.py:188} INFO - [2024-07-25T03:42:55.523+0000] {dag.py:3947} INFO - Setting next_dagrun for example_setup_teardown to 2024-07-24 00:00:00+00:00, run_after=2024-07-25 00:00:00+00:00
[2024-07-25T03:42:55.532+0000] {processor.py:183} INFO - Processing /home/airflow/.local/lib/python3.12/site-packages/airflow/example_dags/example_setup_teardown.py took 0.041 seconds
[2024-07-25T03:43:25.806+0000] {processor.py:161} INFO - Started process (PID=381) to work on /home/airflow/.local/lib/python3.12/site-packages/airflow/example_dags/example_setup_teardown.py
[2024-07-25T03:43:25.806+0000] {processor.py:830} INFO - Processing file /home/airflow/.local/lib/python3.12/site-packages/airflow/example_dags/example_setup_teardown.py for tasks to queue
[2024-07-25T03:43:25.808+0000] {logging_mixin.py:188} INFO - [2024-07-25T03:43:25.807+0000] {dagbag.py:545} INFO - Filling up the DagBag from /home/airflow/.local/lib/python3.12/site-packages/airflow/example_dags/example_setup_teardown.py
[2024-07-25T03:43:25.813+0000] {processor.py:840} INFO - DAG(s) 'example_setup_teardown' retrieved from /home/airflow/.local/lib/python3.12/site-packages/airflow/example_dags/example_setup_teardown.py
[2024-07-25T03:43:25.824+0000] {logging_mixin.py:188} INFO - [2024-07-25T03:43:25.824+0000] {dag.py:3089} INFO - Sync 1 DAGs
[2024-07-25T03:43:25.835+0000] {logging_mixin.py:188} INFO - [2024-07-25T03:43:25.835+0000] {dag.py:3947} INFO - Setting next_dagrun for example_setup_teardown to 2024-07-24 00:00:00+00:00, run_after=2024-07-25 00:00:00+00:00
[2024-07-25T03:43:25.844+0000] {processor.py:183} INFO - Processing /home/airflow/.local/lib/python3.12/site-packages/airflow/example_dags/example_setup_teardown.py took 0.042 seconds
[2024-07-25T03:43:55.913+0000] {processor.py:161} INFO - Started process (PID=439) to work on /home/airflow/.local/lib/python3.12/site-packages/airflow/example_dags/example_setup_teardown.py
[2024-07-25T03:43:55.914+0000] {processor.py:830} INFO - Processing file /home/airflow/.local/lib/python3.12/site-packages/airflow/example_dags/example_setup_teardown.py for tasks to queue
[2024-07-25T03:43:55.916+0000] {logging_mixin.py:188} INFO - [2024-07-25T03:43:55.916+0000] {dagbag.py:545} INFO - Filling up the DagBag from /home/airflow/.local/lib/python3.12/site-packages/airflow/example_dags/example_setup_teardown.py
[2024-07-25T03:43:55.920+0000] {processor.py:840} INFO - DAG(s) 'example_setup_teardown' retrieved from /home/airflow/.local/lib/python3.12/site-packages/airflow/example_dags/example_setup_teardown.py
[2024-07-25T03:43:55.935+0000] {logging_mixin.py:188} INFO - [2024-07-25T03:43:55.935+0000] {dag.py:3089} INFO - Sync 1 DAGs
[2024-07-25T03:43:55.946+0000] {logging_mixin.py:188} INFO - [2024-07-25T03:43:55.946+0000] {dag.py:3947} INFO - Setting next_dagrun for example_setup_teardown to 2024-07-24 00:00:00+00:00, run_after=2024-07-25 00:00:00+00:00
[2024-07-25T03:43:55.956+0000] {processor.py:183} INFO - Processing /home/airflow/.local/lib/python3.12/site-packages/airflow/example_dags/example_setup_teardown.py took 0.047 seconds
[2024-07-25T03:44:26.130+0000] {processor.py:161} INFO - Started process (PID=497) to work on /home/airflow/.local/lib/python3.12/site-packages/airflow/example_dags/example_setup_teardown.py
[2024-07-25T03:44:26.130+0000] {processor.py:830} INFO - Processing file /home/airflow/.local/lib/python3.12/site-packages/airflow/example_dags/example_setup_teardown.py for tasks to queue
[2024-07-25T03:44:26.132+0000] {logging_mixin.py:188} INFO - [2024-07-25T03:44:26.132+0000] {dagbag.py:545} INFO - Filling up the DagBag from /home/airflow/.local/lib/python3.12/site-packages/airflow/example_dags/example_setup_teardown.py
[2024-07-25T03:44:26.136+0000] {processor.py:840} INFO - DAG(s) 'example_setup_teardown' retrieved from /home/airflow/.local/lib/python3.12/site-packages/airflow/example_dags/example_setup_teardown.py
[2024-07-25T03:44:26.148+0000] {logging_mixin.py:188} INFO - [2024-07-25T03:44:26.148+0000] {dag.py:3089} INFO - Sync 1 DAGs
[2024-07-25T03:44:26.158+0000] {logging_mixin.py:188} INFO - [2024-07-25T03:44:26.158+0000] {dag.py:3947} INFO - Setting next_dagrun for example_setup_teardown to 2024-07-24 00:00:00+00:00, run_after=2024-07-25 00:00:00+00:00
[2024-07-25T03:44:26.167+0000] {processor.py:183} INFO - Processing /home/airflow/.local/lib/python3.12/site-packages/airflow/example_dags/example_setup_teardown.py took 0.041 seconds
[2024-07-25T03:44:56.561+0000] {processor.py:161} INFO - Started process (PID=555) to work on /home/airflow/.local/lib/python3.12/site-packages/airflow/example_dags/example_setup_teardown.py
[2024-07-25T03:44:56.562+0000] {processor.py:830} INFO - Processing file /home/airflow/.local/lib/python3.12/site-packages/airflow/example_dags/example_setup_teardown.py for tasks to queue
[2024-07-25T03:44:56.563+0000] {logging_mixin.py:188} INFO - [2024-07-25T03:44:56.563+0000] {dagbag.py:545} INFO - Filling up the DagBag from /home/airflow/.local/lib/python3.12/site-packages/airflow/example_dags/example_setup_teardown.py
[2024-07-25T03:44:56.567+0000] {processor.py:840} INFO - DAG(s) 'example_setup_teardown' retrieved from /home/airflow/.local/lib/python3.12/site-packages/airflow/example_dags/example_setup_teardown.py
[2024-07-25T03:44:56.579+0000] {logging_mixin.py:188} INFO - [2024-07-25T03:44:56.579+0000] {dag.py:3089} INFO - Sync 1 DAGs
[2024-07-25T03:44:56.592+0000] {logging_mixin.py:188} INFO - [2024-07-25T03:44:56.591+0000] {dag.py:3947} INFO - Setting next_dagrun for example_setup_teardown to 2024-07-24 00:00:00+00:00, run_after=2024-07-25 00:00:00+00:00
[2024-07-25T03:44:56.602+0000] {processor.py:183} INFO - Processing /home/airflow/.local/lib/python3.12/site-packages/airflow/example_dags/example_setup_teardown.py took 0.046 seconds
[2024-07-25T03:45:26.867+0000] {processor.py:161} INFO - Started process (PID=613) to work on /home/airflow/.local/lib/python3.12/site-packages/airflow/example_dags/example_setup_teardown.py
[2024-07-25T03:45:26.867+0000] {processor.py:830} INFO - Processing file /home/airflow/.local/lib/python3.12/site-packages/airflow/example_dags/example_setup_teardown.py for tasks to queue
[2024-07-25T03:45:26.869+0000] {logging_mixin.py:188} INFO - [2024-07-25T03:45:26.869+0000] {dagbag.py:545} INFO - Filling up the DagBag from /home/airflow/.local/lib/python3.12/site-packages/airflow/example_dags/example_setup_teardown.py
[2024-07-25T03:45:26.873+0000] {processor.py:840} INFO - DAG(s) 'example_setup_teardown' retrieved from /home/airflow/.local/lib/python3.12/site-packages/airflow/example_dags/example_setup_teardown.py
[2024-07-25T03:45:26.885+0000] {logging_mixin.py:188} INFO - [2024-07-25T03:45:26.885+0000] {dag.py:3089} INFO - Sync 1 DAGs
[2024-07-25T03:45:26.895+0000] {logging_mixin.py:188} INFO - [2024-07-25T03:45:26.895+0000] {dag.py:3947} INFO - Setting next_dagrun for example_setup_teardown to 2024-07-24 00:00:00+00:00, run_after=2024-07-25 00:00:00+00:00
[2024-07-25T03:45:26.904+0000] {processor.py:183} INFO - Processing /home/airflow/.local/lib/python3.12/site-packages/airflow/example_dags/example_setup_teardown.py took 0.041 seconds
[2024-07-25T03:45:57.163+0000] {processor.py:161} INFO - Started process (PID=671) to work on /home/airflow/.local/lib/python3.12/site-packages/airflow/example_dags/example_setup_teardown.py
[2024-07-25T03:45:57.164+0000] {processor.py:830} INFO - Processing file /home/airflow/.local/lib/python3.12/site-packages/airflow/example_dags/example_setup_teardown.py for tasks to queue
[2024-07-25T03:45:57.165+0000] {logging_mixin.py:188} INFO - [2024-07-25T03:45:57.165+0000] {dagbag.py:545} INFO - Filling up the DagBag from /home/airflow/.local/lib/python3.12/site-packages/airflow/example_dags/example_setup_teardown.py
[2024-07-25T03:45:57.170+0000] {processor.py:840} INFO - DAG(s) 'example_setup_teardown' retrieved from /home/airflow/.local/lib/python3.12/site-packages/airflow/example_dags/example_setup_teardown.py
[2024-07-25T03:45:57.182+0000] {logging_mixin.py:188} INFO - [2024-07-25T03:45:57.182+0000] {dag.py:3089} INFO - Sync 1 DAGs
[2024-07-25T03:45:57.193+0000] {logging_mixin.py:188} INFO - [2024-07-25T03:45:57.193+0000] {dag.py:3947} INFO - Setting next_dagrun for example_setup_teardown to 2024-07-24 00:00:00+00:00, run_after=2024-07-25 00:00:00+00:00
[2024-07-25T03:45:57.202+0000] {processor.py:183} INFO - Processing /home/airflow/.local/lib/python3.12/site-packages/airflow/example_dags/example_setup_teardown.py took 0.043 seconds
[2024-07-25T03:46:27.356+0000] {processor.py:161} INFO - Started process (PID=729) to work on /home/airflow/.local/lib/python3.12/site-packages/airflow/example_dags/example_setup_teardown.py
[2024-07-25T03:46:27.357+0000] {processor.py:830} INFO - Processing file /home/airflow/.local/lib/python3.12/site-packages/airflow/example_dags/example_setup_teardown.py for tasks to queue
[2024-07-25T03:46:27.358+0000] {logging_mixin.py:188} INFO - [2024-07-25T03:46:27.358+0000] {dagbag.py:545} INFO - Filling up the DagBag from /home/airflow/.local/lib/python3.12/site-packages/airflow/example_dags/example_setup_teardown.py
[2024-07-25T03:46:27.363+0000] {processor.py:840} INFO - DAG(s) 'example_setup_teardown' retrieved from /home/airflow/.local/lib/python3.12/site-packages/airflow/example_dags/example_setup_teardown.py
[2024-07-25T03:46:27.375+0000] {logging_mixin.py:188} INFO - [2024-07-25T03:46:27.375+0000] {dag.py:3089} INFO - Sync 1 DAGs
[2024-07-25T03:46:27.386+0000] {logging_mixin.py:188} INFO - [2024-07-25T03:46:27.386+0000] {dag.py:3947} INFO - Setting next_dagrun for example_setup_teardown to 2024-07-24 00:00:00+00:00, run_after=2024-07-25 00:00:00+00:00
[2024-07-25T03:46:27.396+0000] {processor.py:183} INFO - Processing /home/airflow/.local/lib/python3.12/site-packages/airflow/example_dags/example_setup_teardown.py took 0.043 seconds
[2024-07-25T03:46:57.526+0000] {processor.py:161} INFO - Started process (PID=787) to work on /home/airflow/.local/lib/python3.12/site-packages/airflow/example_dags/example_setup_teardown.py
[2024-07-25T03:46:57.527+0000] {processor.py:830} INFO - Processing file /home/airflow/.local/lib/python3.12/site-packages/airflow/example_dags/example_setup_teardown.py for tasks to queue
[2024-07-25T03:46:57.529+0000] {logging_mixin.py:188} INFO - [2024-07-25T03:46:57.529+0000] {dagbag.py:545} INFO - Filling up the DagBag from /home/airflow/.local/lib/python3.12/site-packages/airflow/example_dags/example_setup_teardown.py
[2024-07-25T03:46:57.533+0000] {processor.py:840} INFO - DAG(s) 'example_setup_teardown' retrieved from /home/airflow/.local/lib/python3.12/site-packages/airflow/example_dags/example_setup_teardown.py
[2024-07-25T03:46:57.545+0000] {logging_mixin.py:188} INFO - [2024-07-25T03:46:57.544+0000] {dag.py:3089} INFO - Sync 1 DAGs
[2024-07-25T03:46:57.556+0000] {logging_mixin.py:188} INFO - [2024-07-25T03:46:57.555+0000] {dag.py:3947} INFO - Setting next_dagrun for example_setup_teardown to 2024-07-24 00:00:00+00:00, run_after=2024-07-25 00:00:00+00:00
[2024-07-25T03:46:57.566+0000] {processor.py:183} INFO - Processing /home/airflow/.local/lib/python3.12/site-packages/airflow/example_dags/example_setup_teardown.py took 0.043 seconds
[2024-07-25T03:47:27.908+0000] {processor.py:161} INFO - Started process (PID=845) to work on /home/airflow/.local/lib/python3.12/site-packages/airflow/example_dags/example_setup_teardown.py
[2024-07-25T03:47:27.909+0000] {processor.py:830} INFO - Processing file /home/airflow/.local/lib/python3.12/site-packages/airflow/example_dags/example_setup_teardown.py for tasks to queue
[2024-07-25T03:47:27.910+0000] {logging_mixin.py:188} INFO - [2024-07-25T03:47:27.910+0000] {dagbag.py:545} INFO - Filling up the DagBag from /home/airflow/.local/lib/python3.12/site-packages/airflow/example_dags/example_setup_teardown.py
[2024-07-25T03:47:27.914+0000] {processor.py:840} INFO - DAG(s) 'example_setup_teardown' retrieved from /home/airflow/.local/lib/python3.12/site-packages/airflow/example_dags/example_setup_teardown.py
[2024-07-25T03:47:27.926+0000] {logging_mixin.py:188} INFO - [2024-07-25T03:47:27.926+0000] {dag.py:3089} INFO - Sync 1 DAGs
[2024-07-25T03:47:27.937+0000] {logging_mixin.py:188} INFO - [2024-07-25T03:47:27.937+0000] {dag.py:3947} INFO - Setting next_dagrun for example_setup_teardown to 2024-07-24 00:00:00+00:00, run_after=2024-07-25 00:00:00+00:00
[2024-07-25T03:47:27.947+0000] {processor.py:183} INFO - Processing /home/airflow/.local/lib/python3.12/site-packages/airflow/example_dags/example_setup_teardown.py took 0.043 seconds
[2024-07-25T03:47:58.086+0000] {processor.py:161} INFO - Started process (PID=903) to work on /home/airflow/.local/lib/python3.12/site-packages/airflow/example_dags/example_setup_teardown.py
[2024-07-25T03:47:58.087+0000] {processor.py:830} INFO - Processing file /home/airflow/.local/lib/python3.12/site-packages/airflow/example_dags/example_setup_teardown.py for tasks to queue
[2024-07-25T03:47:58.088+0000] {logging_mixin.py:188} INFO - [2024-07-25T03:47:58.088+0000] {dagbag.py:545} INFO - Filling up the DagBag from /home/airflow/.local/lib/python3.12/site-packages/airflow/example_dags/example_setup_teardown.py
[2024-07-25T03:47:58.095+0000] {processor.py:840} INFO - DAG(s) 'example_setup_teardown' retrieved from /home/airflow/.local/lib/python3.12/site-packages/airflow/example_dags/example_setup_teardown.py
[2024-07-25T03:47:58.109+0000] {logging_mixin.py:188} INFO - [2024-07-25T03:47:58.109+0000] {dag.py:3089} INFO - Sync 1 DAGs
[2024-07-25T03:47:58.122+0000] {logging_mixin.py:188} INFO - [2024-07-25T03:47:58.122+0000] {dag.py:3947} INFO - Setting next_dagrun for example_setup_teardown to 2024-07-24 00:00:00+00:00, run_after=2024-07-25 00:00:00+00:00
[2024-07-25T03:47:58.132+0000] {processor.py:183} INFO - Processing /home/airflow/.local/lib/python3.12/site-packages/airflow/example_dags/example_setup_teardown.py took 0.051 seconds
[2024-07-25T03:48:28.195+0000] {processor.py:161} INFO - Started process (PID=961) to work on /home/airflow/.local/lib/python3.12/site-packages/airflow/example_dags/example_setup_teardown.py
[2024-07-25T03:48:28.196+0000] {processor.py:830} INFO - Processing file /home/airflow/.local/lib/python3.12/site-packages/airflow/example_dags/example_setup_teardown.py for tasks to queue
[2024-07-25T03:48:28.197+0000] {logging_mixin.py:188} INFO - [2024-07-25T03:48:28.197+0000] {dagbag.py:545} INFO - Filling up the DagBag from /home/airflow/.local/lib/python3.12/site-packages/airflow/example_dags/example_setup_teardown.py
[2024-07-25T03:48:28.202+0000] {processor.py:840} INFO - DAG(s) 'example_setup_teardown' retrieved from /home/airflow/.local/lib/python3.12/site-packages/airflow/example_dags/example_setup_teardown.py
[2024-07-25T03:48:28.213+0000] {logging_mixin.py:188} INFO - [2024-07-25T03:48:28.213+0000] {dag.py:3089} INFO - Sync 1 DAGs
[2024-07-25T03:48:28.224+0000] {logging_mixin.py:188} INFO - [2024-07-25T03:48:28.224+0000] {dag.py:3947} INFO - Setting next_dagrun for example_setup_teardown to 2024-07-24 00:00:00+00:00, run_after=2024-07-25 00:00:00+00:00
[2024-07-25T03:48:28.235+0000] {processor.py:183} INFO - Processing /home/airflow/.local/lib/python3.12/site-packages/airflow/example_dags/example_setup_teardown.py took 0.044 seconds
[2024-07-25T03:48:58.372+0000] {processor.py:161} INFO - Started process (PID=1019) to work on /home/airflow/.local/lib/python3.12/site-packages/airflow/example_dags/example_setup_teardown.py
[2024-07-25T03:48:58.373+0000] {processor.py:830} INFO - Processing file /home/airflow/.local/lib/python3.12/site-packages/airflow/example_dags/example_setup_teardown.py for tasks to queue
[2024-07-25T03:48:58.374+0000] {logging_mixin.py:188} INFO - [2024-07-25T03:48:58.374+0000] {dagbag.py:545} INFO - Filling up the DagBag from /home/airflow/.local/lib/python3.12/site-packages/airflow/example_dags/example_setup_teardown.py
[2024-07-25T03:48:58.379+0000] {processor.py:840} INFO - DAG(s) 'example_setup_teardown' retrieved from /home/airflow/.local/lib/python3.12/site-packages/airflow/example_dags/example_setup_teardown.py
[2024-07-25T03:48:58.391+0000] {logging_mixin.py:188} INFO - [2024-07-25T03:48:58.391+0000] {dag.py:3089} INFO - Sync 1 DAGs
[2024-07-25T03:48:58.402+0000] {logging_mixin.py:188} INFO - [2024-07-25T03:48:58.402+0000] {dag.py:3947} INFO - Setting next_dagrun for example_setup_teardown to 2024-07-24 00:00:00+00:00, run_after=2024-07-25 00:00:00+00:00
[2024-07-25T03:48:58.412+0000] {processor.py:183} INFO - Processing /home/airflow/.local/lib/python3.12/site-packages/airflow/example_dags/example_setup_teardown.py took 0.046 seconds
[2024-07-25T03:49:28.807+0000] {processor.py:161} INFO - Started process (PID=1077) to work on /home/airflow/.local/lib/python3.12/site-packages/airflow/example_dags/example_setup_teardown.py
[2024-07-25T03:49:28.807+0000] {processor.py:830} INFO - Processing file /home/airflow/.local/lib/python3.12/site-packages/airflow/example_dags/example_setup_teardown.py for tasks to queue
[2024-07-25T03:49:28.809+0000] {logging_mixin.py:188} INFO - [2024-07-25T03:49:28.808+0000] {dagbag.py:545} INFO - Filling up the DagBag from /home/airflow/.local/lib/python3.12/site-packages/airflow/example_dags/example_setup_teardown.py
[2024-07-25T03:49:28.813+0000] {processor.py:840} INFO - DAG(s) 'example_setup_teardown' retrieved from /home/airflow/.local/lib/python3.12/site-packages/airflow/example_dags/example_setup_teardown.py
[2024-07-25T03:49:28.831+0000] {logging_mixin.py:188} INFO - [2024-07-25T03:49:28.831+0000] {dag.py:3089} INFO - Sync 1 DAGs
[2024-07-25T03:49:28.842+0000] {logging_mixin.py:188} INFO - [2024-07-25T03:49:28.842+0000] {dag.py:3947} INFO - Setting next_dagrun for example_setup_teardown to 2024-07-24 00:00:00+00:00, run_after=2024-07-25 00:00:00+00:00
[2024-07-25T03:49:28.852+0000] {processor.py:183} INFO - Processing /home/airflow/.local/lib/python3.12/site-packages/airflow/example_dags/example_setup_teardown.py took 0.049 seconds
[2024-07-25T03:49:59.169+0000] {processor.py:161} INFO - Started process (PID=1135) to work on /home/airflow/.local/lib/python3.12/site-packages/airflow/example_dags/example_setup_teardown.py
[2024-07-25T03:49:59.170+0000] {processor.py:830} INFO - Processing file /home/airflow/.local/lib/python3.12/site-packages/airflow/example_dags/example_setup_teardown.py for tasks to queue
[2024-07-25T03:49:59.171+0000] {logging_mixin.py:188} INFO - [2024-07-25T03:49:59.171+0000] {dagbag.py:545} INFO - Filling up the DagBag from /home/airflow/.local/lib/python3.12/site-packages/airflow/example_dags/example_setup_teardown.py
[2024-07-25T03:49:59.176+0000] {processor.py:840} INFO - DAG(s) 'example_setup_teardown' retrieved from /home/airflow/.local/lib/python3.12/site-packages/airflow/example_dags/example_setup_teardown.py
[2024-07-25T03:49:59.188+0000] {logging_mixin.py:188} INFO - [2024-07-25T03:49:59.187+0000] {dag.py:3089} INFO - Sync 1 DAGs
[2024-07-25T03:49:59.199+0000] {logging_mixin.py:188} INFO - [2024-07-25T03:49:59.199+0000] {dag.py:3947} INFO - Setting next_dagrun for example_setup_teardown to 2024-07-24 00:00:00+00:00, run_after=2024-07-25 00:00:00+00:00
[2024-07-25T03:49:59.209+0000] {processor.py:183} INFO - Processing /home/airflow/.local/lib/python3.12/site-packages/airflow/example_dags/example_setup_teardown.py took 0.043 seconds
[2024-07-25T03:50:29.378+0000] {processor.py:161} INFO - Started process (PID=1193) to work on /home/airflow/.local/lib/python3.12/site-packages/airflow/example_dags/example_setup_teardown.py
[2024-07-25T03:50:29.379+0000] {processor.py:830} INFO - Processing file /home/airflow/.local/lib/python3.12/site-packages/airflow/example_dags/example_setup_teardown.py for tasks to queue
[2024-07-25T03:50:29.380+0000] {logging_mixin.py:188} INFO - [2024-07-25T03:50:29.380+0000] {dagbag.py:545} INFO - Filling up the DagBag from /home/airflow/.local/lib/python3.12/site-packages/airflow/example_dags/example_setup_teardown.py
[2024-07-25T03:50:29.385+0000] {processor.py:840} INFO - DAG(s) 'example_setup_teardown' retrieved from /home/airflow/.local/lib/python3.12/site-packages/airflow/example_dags/example_setup_teardown.py
[2024-07-25T03:50:29.398+0000] {logging_mixin.py:188} INFO - [2024-07-25T03:50:29.398+0000] {dag.py:3089} INFO - Sync 1 DAGs
[2024-07-25T03:50:29.410+0000] {logging_mixin.py:188} INFO - [2024-07-25T03:50:29.410+0000] {dag.py:3947} INFO - Setting next_dagrun for example_setup_teardown to 2024-07-24 00:00:00+00:00, run_after=2024-07-25 00:00:00+00:00
[2024-07-25T03:50:29.420+0000] {processor.py:183} INFO - Processing /home/airflow/.local/lib/python3.12/site-packages/airflow/example_dags/example_setup_teardown.py took 0.046 seconds
[2024-07-25T03:50:59.514+0000] {processor.py:161} INFO - Started process (PID=1251) to work on /home/airflow/.local/lib/python3.12/site-packages/airflow/example_dags/example_setup_teardown.py
[2024-07-25T03:50:59.515+0000] {processor.py:830} INFO - Processing file /home/airflow/.local/lib/python3.12/site-packages/airflow/example_dags/example_setup_teardown.py for tasks to queue
[2024-07-25T03:50:59.517+0000] {logging_mixin.py:188} INFO - [2024-07-25T03:50:59.517+0000] {dagbag.py:545} INFO - Filling up the DagBag from /home/airflow/.local/lib/python3.12/site-packages/airflow/example_dags/example_setup_teardown.py
[2024-07-25T03:50:59.522+0000] {processor.py:840} INFO - DAG(s) 'example_setup_teardown' retrieved from /home/airflow/.local/lib/python3.12/site-packages/airflow/example_dags/example_setup_teardown.py
[2024-07-25T03:50:59.536+0000] {logging_mixin.py:188} INFO - [2024-07-25T03:50:59.536+0000] {dag.py:3089} INFO - Sync 1 DAGs
[2024-07-25T03:50:59.547+0000] {logging_mixin.py:188} INFO - [2024-07-25T03:50:59.547+0000] {dag.py:3947} INFO - Setting next_dagrun for example_setup_teardown to 2024-07-24 00:00:00+00:00, run_after=2024-07-25 00:00:00+00:00
[2024-07-25T03:50:59.557+0000] {processor.py:183} INFO - Processing /home/airflow/.local/lib/python3.12/site-packages/airflow/example_dags/example_setup_teardown.py took 0.047 seconds
[2024-07-25T03:51:29.812+0000] {processor.py:161} INFO - Started process (PID=1309) to work on /home/airflow/.local/lib/python3.12/site-packages/airflow/example_dags/example_setup_teardown.py
[2024-07-25T03:51:29.813+0000] {processor.py:830} INFO - Processing file /home/airflow/.local/lib/python3.12/site-packages/airflow/example_dags/example_setup_teardown.py for tasks to queue
[2024-07-25T03:51:29.815+0000] {logging_mixin.py:188} INFO - [2024-07-25T03:51:29.815+0000] {dagbag.py:545} INFO - Filling up the DagBag from /home/airflow/.local/lib/python3.12/site-packages/airflow/example_dags/example_setup_teardown.py
[2024-07-25T03:51:29.819+0000] {processor.py:840} INFO - DAG(s) 'example_setup_teardown' retrieved from /home/airflow/.local/lib/python3.12/site-packages/airflow/example_dags/example_setup_teardown.py
[2024-07-25T03:51:29.834+0000] {logging_mixin.py:188} INFO - [2024-07-25T03:51:29.834+0000] {dag.py:3089} INFO - Sync 1 DAGs
[2024-07-25T03:51:29.846+0000] {logging_mixin.py:188} INFO - [2024-07-25T03:51:29.846+0000] {dag.py:3947} INFO - Setting next_dagrun for example_setup_teardown to 2024-07-24 00:00:00+00:00, run_after=2024-07-25 00:00:00+00:00
[2024-07-25T03:51:29.855+0000] {processor.py:183} INFO - Processing /home/airflow/.local/lib/python3.12/site-packages/airflow/example_dags/example_setup_teardown.py took 0.047 seconds
[2024-07-25T03:51:59.941+0000] {processor.py:161} INFO - Started process (PID=1367) to work on /home/airflow/.local/lib/python3.12/site-packages/airflow/example_dags/example_setup_teardown.py
[2024-07-25T03:51:59.942+0000] {processor.py:830} INFO - Processing file /home/airflow/.local/lib/python3.12/site-packages/airflow/example_dags/example_setup_teardown.py for tasks to queue
[2024-07-25T03:51:59.944+0000] {logging_mixin.py:188} INFO - [2024-07-25T03:51:59.943+0000] {dagbag.py:545} INFO - Filling up the DagBag from /home/airflow/.local/lib/python3.12/site-packages/airflow/example_dags/example_setup_teardown.py
[2024-07-25T03:51:59.947+0000] {processor.py:840} INFO - DAG(s) 'example_setup_teardown' retrieved from /home/airflow/.local/lib/python3.12/site-packages/airflow/example_dags/example_setup_teardown.py
[2024-07-25T03:51:59.959+0000] {logging_mixin.py:188} INFO - [2024-07-25T03:51:59.959+0000] {dag.py:3089} INFO - Sync 1 DAGs
[2024-07-25T03:51:59.970+0000] {logging_mixin.py:188} INFO - [2024-07-25T03:51:59.970+0000] {dag.py:3947} INFO - Setting next_dagrun for example_setup_teardown to 2024-07-24 00:00:00+00:00, run_after=2024-07-25 00:00:00+00:00
[2024-07-25T03:51:59.978+0000] {processor.py:183} INFO - Processing /home/airflow/.local/lib/python3.12/site-packages/airflow/example_dags/example_setup_teardown.py took 0.060 seconds
[2024-07-25T03:52:30.147+0000] {processor.py:161} INFO - Started process (PID=1425) to work on /home/airflow/.local/lib/python3.12/site-packages/airflow/example_dags/example_setup_teardown.py
[2024-07-25T03:52:30.148+0000] {processor.py:830} INFO - Processing file /home/airflow/.local/lib/python3.12/site-packages/airflow/example_dags/example_setup_teardown.py for tasks to queue
[2024-07-25T03:52:30.151+0000] {logging_mixin.py:188} INFO - [2024-07-25T03:52:30.150+0000] {dagbag.py:545} INFO - Filling up the DagBag from /home/airflow/.local/lib/python3.12/site-packages/airflow/example_dags/example_setup_teardown.py
[2024-07-25T03:52:30.155+0000] {processor.py:840} INFO - DAG(s) 'example_setup_teardown' retrieved from /home/airflow/.local/lib/python3.12/site-packages/airflow/example_dags/example_setup_teardown.py
[2024-07-25T03:52:30.167+0000] {logging_mixin.py:188} INFO - [2024-07-25T03:52:30.166+0000] {dag.py:3089} INFO - Sync 1 DAGs
[2024-07-25T03:52:30.178+0000] {logging_mixin.py:188} INFO - [2024-07-25T03:52:30.177+0000] {dag.py:3947} INFO - Setting next_dagrun for example_setup_teardown to 2024-07-24 00:00:00+00:00, run_after=2024-07-25 00:00:00+00:00
[2024-07-25T03:52:30.186+0000] {processor.py:183} INFO - Processing /home/airflow/.local/lib/python3.12/site-packages/airflow/example_dags/example_setup_teardown.py took 0.043 seconds
[2024-07-25T04:03:45.614+0000] {processor.py:161} INFO - Started process (PID=33) to work on /home/airflow/.local/lib/python3.12/site-packages/airflow/example_dags/example_setup_teardown.py
[2024-07-25T04:03:45.615+0000] {processor.py:830} INFO - Processing file /home/airflow/.local/lib/python3.12/site-packages/airflow/example_dags/example_setup_teardown.py for tasks to queue
[2024-07-25T04:03:45.617+0000] {logging_mixin.py:188} INFO - [2024-07-25T04:03:45.617+0000] {dagbag.py:545} INFO - Filling up the DagBag from /home/airflow/.local/lib/python3.12/site-packages/airflow/example_dags/example_setup_teardown.py
[2024-07-25T04:03:45.622+0000] {processor.py:840} INFO - DAG(s) 'example_setup_teardown' retrieved from /home/airflow/.local/lib/python3.12/site-packages/airflow/example_dags/example_setup_teardown.py
[2024-07-25T04:03:45.631+0000] {logging_mixin.py:188} INFO - [2024-07-25T04:03:45.631+0000] {dag.py:3089} INFO - Sync 1 DAGs
[2024-07-25T04:03:45.647+0000] {logging_mixin.py:188} INFO - [2024-07-25T04:03:45.647+0000] {dag.py:3947} INFO - Setting next_dagrun for example_setup_teardown to 2024-07-24 00:00:00+00:00, run_after=2024-07-25 00:00:00+00:00
[2024-07-25T04:03:45.659+0000] {processor.py:183} INFO - Processing /home/airflow/.local/lib/python3.12/site-packages/airflow/example_dags/example_setup_teardown.py took 0.049 seconds
[2024-07-25T04:04:16.596+0000] {processor.py:161} INFO - Started process (PID=91) to work on /home/airflow/.local/lib/python3.12/site-packages/airflow/example_dags/example_setup_teardown.py
[2024-07-25T04:04:16.597+0000] {processor.py:830} INFO - Processing file /home/airflow/.local/lib/python3.12/site-packages/airflow/example_dags/example_setup_teardown.py for tasks to queue
[2024-07-25T04:04:16.598+0000] {logging_mixin.py:188} INFO - [2024-07-25T04:04:16.598+0000] {dagbag.py:545} INFO - Filling up the DagBag from /home/airflow/.local/lib/python3.12/site-packages/airflow/example_dags/example_setup_teardown.py
[2024-07-25T04:04:16.602+0000] {processor.py:840} INFO - DAG(s) 'example_setup_teardown' retrieved from /home/airflow/.local/lib/python3.12/site-packages/airflow/example_dags/example_setup_teardown.py
[2024-07-25T04:04:16.653+0000] {logging_mixin.py:188} INFO - [2024-07-25T04:04:16.653+0000] {dag.py:3089} INFO - Sync 1 DAGs
[2024-07-25T04:04:16.662+0000] {logging_mixin.py:188} INFO - [2024-07-25T04:04:16.662+0000] {dag.py:3947} INFO - Setting next_dagrun for example_setup_teardown to 2024-07-24 00:00:00+00:00, run_after=2024-07-25 00:00:00+00:00
[2024-07-25T04:04:16.672+0000] {processor.py:183} INFO - Processing /home/airflow/.local/lib/python3.12/site-packages/airflow/example_dags/example_setup_teardown.py took 0.079 seconds
[2024-07-25T04:04:47.307+0000] {processor.py:161} INFO - Started process (PID=149) to work on /home/airflow/.local/lib/python3.12/site-packages/airflow/example_dags/example_setup_teardown.py
[2024-07-25T04:04:47.308+0000] {processor.py:830} INFO - Processing file /home/airflow/.local/lib/python3.12/site-packages/airflow/example_dags/example_setup_teardown.py for tasks to queue
[2024-07-25T04:04:47.309+0000] {logging_mixin.py:188} INFO - [2024-07-25T04:04:47.309+0000] {dagbag.py:545} INFO - Filling up the DagBag from /home/airflow/.local/lib/python3.12/site-packages/airflow/example_dags/example_setup_teardown.py
[2024-07-25T04:04:47.313+0000] {processor.py:840} INFO - DAG(s) 'example_setup_teardown' retrieved from /home/airflow/.local/lib/python3.12/site-packages/airflow/example_dags/example_setup_teardown.py
[2024-07-25T04:04:47.325+0000] {logging_mixin.py:188} INFO - [2024-07-25T04:04:47.325+0000] {dag.py:3089} INFO - Sync 1 DAGs
[2024-07-25T04:04:47.337+0000] {logging_mixin.py:188} INFO - [2024-07-25T04:04:47.337+0000] {dag.py:3947} INFO - Setting next_dagrun for example_setup_teardown to 2024-07-24 00:00:00+00:00, run_after=2024-07-25 00:00:00+00:00
[2024-07-25T04:04:47.346+0000] {processor.py:183} INFO - Processing /home/airflow/.local/lib/python3.12/site-packages/airflow/example_dags/example_setup_teardown.py took 0.044 seconds
[2024-07-25T04:05:17.467+0000] {processor.py:161} INFO - Started process (PID=207) to work on /home/airflow/.local/lib/python3.12/site-packages/airflow/example_dags/example_setup_teardown.py
[2024-07-25T04:05:17.468+0000] {processor.py:830} INFO - Processing file /home/airflow/.local/lib/python3.12/site-packages/airflow/example_dags/example_setup_teardown.py for tasks to queue
[2024-07-25T04:05:17.469+0000] {logging_mixin.py:188} INFO - [2024-07-25T04:05:17.469+0000] {dagbag.py:545} INFO - Filling up the DagBag from /home/airflow/.local/lib/python3.12/site-packages/airflow/example_dags/example_setup_teardown.py
[2024-07-25T04:05:17.474+0000] {processor.py:840} INFO - DAG(s) 'example_setup_teardown' retrieved from /home/airflow/.local/lib/python3.12/site-packages/airflow/example_dags/example_setup_teardown.py
[2024-07-25T04:05:17.486+0000] {logging_mixin.py:188} INFO - [2024-07-25T04:05:17.485+0000] {dag.py:3089} INFO - Sync 1 DAGs
[2024-07-25T04:05:17.498+0000] {logging_mixin.py:188} INFO - [2024-07-25T04:05:17.497+0000] {dag.py:3947} INFO - Setting next_dagrun for example_setup_teardown to 2024-07-24 00:00:00+00:00, run_after=2024-07-25 00:00:00+00:00
[2024-07-25T04:05:17.507+0000] {processor.py:183} INFO - Processing /home/airflow/.local/lib/python3.12/site-packages/airflow/example_dags/example_setup_teardown.py took 0.044 seconds
[2024-07-25T04:05:47.733+0000] {processor.py:161} INFO - Started process (PID=265) to work on /home/airflow/.local/lib/python3.12/site-packages/airflow/example_dags/example_setup_teardown.py
[2024-07-25T04:05:47.734+0000] {processor.py:830} INFO - Processing file /home/airflow/.local/lib/python3.12/site-packages/airflow/example_dags/example_setup_teardown.py for tasks to queue
[2024-07-25T04:05:47.736+0000] {logging_mixin.py:188} INFO - [2024-07-25T04:05:47.736+0000] {dagbag.py:545} INFO - Filling up the DagBag from /home/airflow/.local/lib/python3.12/site-packages/airflow/example_dags/example_setup_teardown.py
[2024-07-25T04:05:47.740+0000] {processor.py:840} INFO - DAG(s) 'example_setup_teardown' retrieved from /home/airflow/.local/lib/python3.12/site-packages/airflow/example_dags/example_setup_teardown.py
[2024-07-25T04:05:47.752+0000] {logging_mixin.py:188} INFO - [2024-07-25T04:05:47.752+0000] {dag.py:3089} INFO - Sync 1 DAGs
[2024-07-25T04:05:47.763+0000] {logging_mixin.py:188} INFO - [2024-07-25T04:05:47.763+0000] {dag.py:3947} INFO - Setting next_dagrun for example_setup_teardown to 2024-07-24 00:00:00+00:00, run_after=2024-07-25 00:00:00+00:00
[2024-07-25T04:05:47.775+0000] {processor.py:183} INFO - Processing /home/airflow/.local/lib/python3.12/site-packages/airflow/example_dags/example_setup_teardown.py took 0.045 seconds
[2024-07-25T04:06:17.882+0000] {processor.py:161} INFO - Started process (PID=323) to work on /home/airflow/.local/lib/python3.12/site-packages/airflow/example_dags/example_setup_teardown.py
[2024-07-25T04:06:17.882+0000] {processor.py:830} INFO - Processing file /home/airflow/.local/lib/python3.12/site-packages/airflow/example_dags/example_setup_teardown.py for tasks to queue
[2024-07-25T04:06:17.884+0000] {logging_mixin.py:188} INFO - [2024-07-25T04:06:17.884+0000] {dagbag.py:545} INFO - Filling up the DagBag from /home/airflow/.local/lib/python3.12/site-packages/airflow/example_dags/example_setup_teardown.py
[2024-07-25T04:06:17.888+0000] {processor.py:840} INFO - DAG(s) 'example_setup_teardown' retrieved from /home/airflow/.local/lib/python3.12/site-packages/airflow/example_dags/example_setup_teardown.py
[2024-07-25T04:06:17.900+0000] {logging_mixin.py:188} INFO - [2024-07-25T04:06:17.900+0000] {dag.py:3089} INFO - Sync 1 DAGs
[2024-07-25T04:06:17.911+0000] {logging_mixin.py:188} INFO - [2024-07-25T04:06:17.911+0000] {dag.py:3947} INFO - Setting next_dagrun for example_setup_teardown to 2024-07-24 00:00:00+00:00, run_after=2024-07-25 00:00:00+00:00
[2024-07-25T04:06:17.920+0000] {processor.py:183} INFO - Processing /home/airflow/.local/lib/python3.12/site-packages/airflow/example_dags/example_setup_teardown.py took 0.042 seconds
[2024-07-25T04:06:48.240+0000] {processor.py:161} INFO - Started process (PID=381) to work on /home/airflow/.local/lib/python3.12/site-packages/airflow/example_dags/example_setup_teardown.py
[2024-07-25T04:06:48.241+0000] {processor.py:830} INFO - Processing file /home/airflow/.local/lib/python3.12/site-packages/airflow/example_dags/example_setup_teardown.py for tasks to queue
[2024-07-25T04:06:48.242+0000] {logging_mixin.py:188} INFO - [2024-07-25T04:06:48.242+0000] {dagbag.py:545} INFO - Filling up the DagBag from /home/airflow/.local/lib/python3.12/site-packages/airflow/example_dags/example_setup_teardown.py
[2024-07-25T04:06:48.247+0000] {processor.py:840} INFO - DAG(s) 'example_setup_teardown' retrieved from /home/airflow/.local/lib/python3.12/site-packages/airflow/example_dags/example_setup_teardown.py
[2024-07-25T04:06:48.261+0000] {logging_mixin.py:188} INFO - [2024-07-25T04:06:48.261+0000] {dag.py:3089} INFO - Sync 1 DAGs
[2024-07-25T04:06:48.273+0000] {logging_mixin.py:188} INFO - [2024-07-25T04:06:48.272+0000] {dag.py:3947} INFO - Setting next_dagrun for example_setup_teardown to 2024-07-24 00:00:00+00:00, run_after=2024-07-25 00:00:00+00:00
[2024-07-25T04:06:48.284+0000] {processor.py:183} INFO - Processing /home/airflow/.local/lib/python3.12/site-packages/airflow/example_dags/example_setup_teardown.py took 0.048 seconds
[2024-07-25T04:07:18.521+0000] {processor.py:161} INFO - Started process (PID=439) to work on /home/airflow/.local/lib/python3.12/site-packages/airflow/example_dags/example_setup_teardown.py
[2024-07-25T04:07:18.521+0000] {processor.py:830} INFO - Processing file /home/airflow/.local/lib/python3.12/site-packages/airflow/example_dags/example_setup_teardown.py for tasks to queue
[2024-07-25T04:07:18.523+0000] {logging_mixin.py:188} INFO - [2024-07-25T04:07:18.523+0000] {dagbag.py:545} INFO - Filling up the DagBag from /home/airflow/.local/lib/python3.12/site-packages/airflow/example_dags/example_setup_teardown.py
[2024-07-25T04:07:18.528+0000] {processor.py:840} INFO - DAG(s) 'example_setup_teardown' retrieved from /home/airflow/.local/lib/python3.12/site-packages/airflow/example_dags/example_setup_teardown.py
[2024-07-25T04:07:18.539+0000] {logging_mixin.py:188} INFO - [2024-07-25T04:07:18.539+0000] {dag.py:3089} INFO - Sync 1 DAGs
[2024-07-25T04:07:18.550+0000] {logging_mixin.py:188} INFO - [2024-07-25T04:07:18.549+0000] {dag.py:3947} INFO - Setting next_dagrun for example_setup_teardown to 2024-07-24 00:00:00+00:00, run_after=2024-07-25 00:00:00+00:00
[2024-07-25T04:07:18.559+0000] {processor.py:183} INFO - Processing /home/airflow/.local/lib/python3.12/site-packages/airflow/example_dags/example_setup_teardown.py took 0.041 seconds
[2024-07-25T04:07:48.685+0000] {processor.py:161} INFO - Started process (PID=497) to work on /home/airflow/.local/lib/python3.12/site-packages/airflow/example_dags/example_setup_teardown.py
[2024-07-25T04:07:48.686+0000] {processor.py:830} INFO - Processing file /home/airflow/.local/lib/python3.12/site-packages/airflow/example_dags/example_setup_teardown.py for tasks to queue
[2024-07-25T04:07:48.688+0000] {logging_mixin.py:188} INFO - [2024-07-25T04:07:48.688+0000] {dagbag.py:545} INFO - Filling up the DagBag from /home/airflow/.local/lib/python3.12/site-packages/airflow/example_dags/example_setup_teardown.py
[2024-07-25T04:07:48.693+0000] {processor.py:840} INFO - DAG(s) 'example_setup_teardown' retrieved from /home/airflow/.local/lib/python3.12/site-packages/airflow/example_dags/example_setup_teardown.py
[2024-07-25T04:07:48.708+0000] {logging_mixin.py:188} INFO - [2024-07-25T04:07:48.708+0000] {dag.py:3089} INFO - Sync 1 DAGs
[2024-07-25T04:07:48.721+0000] {logging_mixin.py:188} INFO - [2024-07-25T04:07:48.721+0000] {dag.py:3947} INFO - Setting next_dagrun for example_setup_teardown to 2024-07-24 00:00:00+00:00, run_after=2024-07-25 00:00:00+00:00
[2024-07-25T04:07:48.733+0000] {processor.py:183} INFO - Processing /home/airflow/.local/lib/python3.12/site-packages/airflow/example_dags/example_setup_teardown.py took 0.052 seconds
[2024-07-25T04:08:18.893+0000] {processor.py:161} INFO - Started process (PID=555) to work on /home/airflow/.local/lib/python3.12/site-packages/airflow/example_dags/example_setup_teardown.py
[2024-07-25T04:08:18.894+0000] {processor.py:830} INFO - Processing file /home/airflow/.local/lib/python3.12/site-packages/airflow/example_dags/example_setup_teardown.py for tasks to queue
[2024-07-25T04:08:18.895+0000] {logging_mixin.py:188} INFO - [2024-07-25T04:08:18.895+0000] {dagbag.py:545} INFO - Filling up the DagBag from /home/airflow/.local/lib/python3.12/site-packages/airflow/example_dags/example_setup_teardown.py
[2024-07-25T04:08:18.900+0000] {processor.py:840} INFO - DAG(s) 'example_setup_teardown' retrieved from /home/airflow/.local/lib/python3.12/site-packages/airflow/example_dags/example_setup_teardown.py
[2024-07-25T04:08:18.914+0000] {logging_mixin.py:188} INFO - [2024-07-25T04:08:18.914+0000] {dag.py:3089} INFO - Sync 1 DAGs
[2024-07-25T04:08:18.928+0000] {logging_mixin.py:188} INFO - [2024-07-25T04:08:18.928+0000] {dag.py:3947} INFO - Setting next_dagrun for example_setup_teardown to 2024-07-24 00:00:00+00:00, run_after=2024-07-25 00:00:00+00:00
[2024-07-25T04:08:18.939+0000] {processor.py:183} INFO - Processing /home/airflow/.local/lib/python3.12/site-packages/airflow/example_dags/example_setup_teardown.py took 0.050 seconds
[2024-07-25T04:08:49.029+0000] {processor.py:161} INFO - Started process (PID=613) to work on /home/airflow/.local/lib/python3.12/site-packages/airflow/example_dags/example_setup_teardown.py
[2024-07-25T04:08:49.031+0000] {processor.py:830} INFO - Processing file /home/airflow/.local/lib/python3.12/site-packages/airflow/example_dags/example_setup_teardown.py for tasks to queue
[2024-07-25T04:08:49.034+0000] {logging_mixin.py:188} INFO - [2024-07-25T04:08:49.034+0000] {dagbag.py:545} INFO - Filling up the DagBag from /home/airflow/.local/lib/python3.12/site-packages/airflow/example_dags/example_setup_teardown.py
[2024-07-25T04:08:49.039+0000] {processor.py:840} INFO - DAG(s) 'example_setup_teardown' retrieved from /home/airflow/.local/lib/python3.12/site-packages/airflow/example_dags/example_setup_teardown.py
[2024-07-25T04:08:49.050+0000] {logging_mixin.py:188} INFO - [2024-07-25T04:08:49.050+0000] {dag.py:3089} INFO - Sync 1 DAGs
[2024-07-25T04:08:49.061+0000] {logging_mixin.py:188} INFO - [2024-07-25T04:08:49.061+0000] {dag.py:3947} INFO - Setting next_dagrun for example_setup_teardown to 2024-07-24 00:00:00+00:00, run_after=2024-07-25 00:00:00+00:00
[2024-07-25T04:08:49.071+0000] {processor.py:183} INFO - Processing /home/airflow/.local/lib/python3.12/site-packages/airflow/example_dags/example_setup_teardown.py took 0.049 seconds
[2024-07-25T04:09:19.474+0000] {processor.py:161} INFO - Started process (PID=672) to work on /home/airflow/.local/lib/python3.12/site-packages/airflow/example_dags/example_setup_teardown.py
[2024-07-25T04:09:19.475+0000] {processor.py:830} INFO - Processing file /home/airflow/.local/lib/python3.12/site-packages/airflow/example_dags/example_setup_teardown.py for tasks to queue
[2024-07-25T04:09:19.476+0000] {logging_mixin.py:188} INFO - [2024-07-25T04:09:19.476+0000] {dagbag.py:545} INFO - Filling up the DagBag from /home/airflow/.local/lib/python3.12/site-packages/airflow/example_dags/example_setup_teardown.py
[2024-07-25T04:09:19.481+0000] {processor.py:840} INFO - DAG(s) 'example_setup_teardown' retrieved from /home/airflow/.local/lib/python3.12/site-packages/airflow/example_dags/example_setup_teardown.py
[2024-07-25T04:09:19.499+0000] {logging_mixin.py:188} INFO - [2024-07-25T04:09:19.498+0000] {dag.py:3089} INFO - Sync 1 DAGs
[2024-07-25T04:09:19.512+0000] {logging_mixin.py:188} INFO - [2024-07-25T04:09:19.511+0000] {dag.py:3947} INFO - Setting next_dagrun for example_setup_teardown to 2024-07-24 00:00:00+00:00, run_after=2024-07-25 00:00:00+00:00
[2024-07-25T04:09:19.523+0000] {processor.py:183} INFO - Processing /home/airflow/.local/lib/python3.12/site-packages/airflow/example_dags/example_setup_teardown.py took 0.053 seconds
[2024-07-25T04:09:49.725+0000] {processor.py:161} INFO - Started process (PID=730) to work on /home/airflow/.local/lib/python3.12/site-packages/airflow/example_dags/example_setup_teardown.py
[2024-07-25T04:09:49.726+0000] {processor.py:830} INFO - Processing file /home/airflow/.local/lib/python3.12/site-packages/airflow/example_dags/example_setup_teardown.py for tasks to queue
[2024-07-25T04:09:49.727+0000] {logging_mixin.py:188} INFO - [2024-07-25T04:09:49.727+0000] {dagbag.py:545} INFO - Filling up the DagBag from /home/airflow/.local/lib/python3.12/site-packages/airflow/example_dags/example_setup_teardown.py
[2024-07-25T04:09:49.731+0000] {processor.py:840} INFO - DAG(s) 'example_setup_teardown' retrieved from /home/airflow/.local/lib/python3.12/site-packages/airflow/example_dags/example_setup_teardown.py
[2024-07-25T04:09:49.743+0000] {logging_mixin.py:188} INFO - [2024-07-25T04:09:49.743+0000] {dag.py:3089} INFO - Sync 1 DAGs
[2024-07-25T04:09:49.755+0000] {logging_mixin.py:188} INFO - [2024-07-25T04:09:49.755+0000] {dag.py:3947} INFO - Setting next_dagrun for example_setup_teardown to 2024-07-24 00:00:00+00:00, run_after=2024-07-25 00:00:00+00:00
[2024-07-25T04:09:49.765+0000] {processor.py:183} INFO - Processing /home/airflow/.local/lib/python3.12/site-packages/airflow/example_dags/example_setup_teardown.py took 0.044 seconds
[2024-07-25T04:10:20.367+0000] {processor.py:161} INFO - Started process (PID=788) to work on /home/airflow/.local/lib/python3.12/site-packages/airflow/example_dags/example_setup_teardown.py
[2024-07-25T04:10:20.368+0000] {processor.py:830} INFO - Processing file /home/airflow/.local/lib/python3.12/site-packages/airflow/example_dags/example_setup_teardown.py for tasks to queue
[2024-07-25T04:10:20.369+0000] {logging_mixin.py:188} INFO - [2024-07-25T04:10:20.369+0000] {dagbag.py:545} INFO - Filling up the DagBag from /home/airflow/.local/lib/python3.12/site-packages/airflow/example_dags/example_setup_teardown.py
[2024-07-25T04:10:20.374+0000] {processor.py:840} INFO - DAG(s) 'example_setup_teardown' retrieved from /home/airflow/.local/lib/python3.12/site-packages/airflow/example_dags/example_setup_teardown.py
[2024-07-25T04:10:20.387+0000] {logging_mixin.py:188} INFO - [2024-07-25T04:10:20.387+0000] {dag.py:3089} INFO - Sync 1 DAGs
[2024-07-25T04:10:20.399+0000] {logging_mixin.py:188} INFO - [2024-07-25T04:10:20.398+0000] {dag.py:3947} INFO - Setting next_dagrun for example_setup_teardown to 2024-07-24 00:00:00+00:00, run_after=2024-07-25 00:00:00+00:00
[2024-07-25T04:10:20.408+0000] {processor.py:183} INFO - Processing /home/airflow/.local/lib/python3.12/site-packages/airflow/example_dags/example_setup_teardown.py took 0.046 seconds
[2024-07-25T04:10:50.591+0000] {processor.py:161} INFO - Started process (PID=846) to work on /home/airflow/.local/lib/python3.12/site-packages/airflow/example_dags/example_setup_teardown.py
[2024-07-25T04:10:50.591+0000] {processor.py:830} INFO - Processing file /home/airflow/.local/lib/python3.12/site-packages/airflow/example_dags/example_setup_teardown.py for tasks to queue
[2024-07-25T04:10:50.593+0000] {logging_mixin.py:188} INFO - [2024-07-25T04:10:50.593+0000] {dagbag.py:545} INFO - Filling up the DagBag from /home/airflow/.local/lib/python3.12/site-packages/airflow/example_dags/example_setup_teardown.py
[2024-07-25T04:10:50.597+0000] {processor.py:840} INFO - DAG(s) 'example_setup_teardown' retrieved from /home/airflow/.local/lib/python3.12/site-packages/airflow/example_dags/example_setup_teardown.py
[2024-07-25T04:10:50.610+0000] {logging_mixin.py:188} INFO - [2024-07-25T04:10:50.610+0000] {dag.py:3089} INFO - Sync 1 DAGs
[2024-07-25T04:10:50.621+0000] {logging_mixin.py:188} INFO - [2024-07-25T04:10:50.620+0000] {dag.py:3947} INFO - Setting next_dagrun for example_setup_teardown to 2024-07-24 00:00:00+00:00, run_after=2024-07-25 00:00:00+00:00
[2024-07-25T04:10:50.630+0000] {processor.py:183} INFO - Processing /home/airflow/.local/lib/python3.12/site-packages/airflow/example_dags/example_setup_teardown.py took 0.043 seconds
[2024-07-25T04:11:20.847+0000] {processor.py:161} INFO - Started process (PID=904) to work on /home/airflow/.local/lib/python3.12/site-packages/airflow/example_dags/example_setup_teardown.py
[2024-07-25T04:11:20.848+0000] {processor.py:830} INFO - Processing file /home/airflow/.local/lib/python3.12/site-packages/airflow/example_dags/example_setup_teardown.py for tasks to queue
[2024-07-25T04:11:20.849+0000] {logging_mixin.py:188} INFO - [2024-07-25T04:11:20.849+0000] {dagbag.py:545} INFO - Filling up the DagBag from /home/airflow/.local/lib/python3.12/site-packages/airflow/example_dags/example_setup_teardown.py
[2024-07-25T04:11:20.853+0000] {processor.py:840} INFO - DAG(s) 'example_setup_teardown' retrieved from /home/airflow/.local/lib/python3.12/site-packages/airflow/example_dags/example_setup_teardown.py
[2024-07-25T04:11:20.866+0000] {logging_mixin.py:188} INFO - [2024-07-25T04:11:20.866+0000] {dag.py:3089} INFO - Sync 1 DAGs
[2024-07-25T04:11:20.877+0000] {logging_mixin.py:188} INFO - [2024-07-25T04:11:20.877+0000] {dag.py:3947} INFO - Setting next_dagrun for example_setup_teardown to 2024-07-24 00:00:00+00:00, run_after=2024-07-25 00:00:00+00:00
[2024-07-25T04:11:20.887+0000] {processor.py:183} INFO - Processing /home/airflow/.local/lib/python3.12/site-packages/airflow/example_dags/example_setup_teardown.py took 0.044 seconds
[2024-07-25T04:11:50.951+0000] {processor.py:161} INFO - Started process (PID=962) to work on /home/airflow/.local/lib/python3.12/site-packages/airflow/example_dags/example_setup_teardown.py
[2024-07-25T04:11:50.952+0000] {processor.py:830} INFO - Processing file /home/airflow/.local/lib/python3.12/site-packages/airflow/example_dags/example_setup_teardown.py for tasks to queue
[2024-07-25T04:11:50.953+0000] {logging_mixin.py:188} INFO - [2024-07-25T04:11:50.953+0000] {dagbag.py:545} INFO - Filling up the DagBag from /home/airflow/.local/lib/python3.12/site-packages/airflow/example_dags/example_setup_teardown.py
[2024-07-25T04:11:50.958+0000] {processor.py:840} INFO - DAG(s) 'example_setup_teardown' retrieved from /home/airflow/.local/lib/python3.12/site-packages/airflow/example_dags/example_setup_teardown.py
[2024-07-25T04:11:50.970+0000] {logging_mixin.py:188} INFO - [2024-07-25T04:11:50.970+0000] {dag.py:3089} INFO - Sync 1 DAGs
[2024-07-25T04:11:50.981+0000] {logging_mixin.py:188} INFO - [2024-07-25T04:11:50.981+0000] {dag.py:3947} INFO - Setting next_dagrun for example_setup_teardown to 2024-07-24 00:00:00+00:00, run_after=2024-07-25 00:00:00+00:00
[2024-07-25T04:11:50.990+0000] {processor.py:183} INFO - Processing /home/airflow/.local/lib/python3.12/site-packages/airflow/example_dags/example_setup_teardown.py took 0.042 seconds
