[2024-07-25T03:40:24.900+0000] {processor.py:161} INFO - Started process (PID=60) to work on /home/airflow/.local/lib/python3.12/site-packages/airflow/example_dags/example_short_circuit_operator.py
[2024-07-25T03:40:24.901+0000] {processor.py:830} INFO - Processing file /home/airflow/.local/lib/python3.12/site-packages/airflow/example_dags/example_short_circuit_operator.py for tasks to queue
[2024-07-25T03:40:24.902+0000] {logging_mixin.py:188} INFO - [2024-07-25T03:40:24.902+0000] {dagbag.py:545} INFO - Filling up the DagBag from /home/airflow/.local/lib/python3.12/site-packages/airflow/example_dags/example_short_circuit_operator.py
[2024-07-25T03:40:24.908+0000] {processor.py:840} INFO - DAG(s) 'example_short_circuit_operator' retrieved from /home/airflow/.local/lib/python3.12/site-packages/airflow/example_dags/example_short_circuit_operator.py
[2024-07-25T03:40:24.916+0000] {logging_mixin.py:188} INFO - [2024-07-25T03:40:24.916+0000] {dag.py:3089} INFO - Sync 1 DAGs
[2024-07-25T03:40:24.930+0000] {logging_mixin.py:188} INFO - [2024-07-25T03:40:24.930+0000] {dag.py:3947} INFO - Setting next_dagrun for example_short_circuit_operator to 2024-07-24 00:00:00+00:00, run_after=2024-07-25 00:00:00+00:00
[2024-07-25T03:40:24.944+0000] {processor.py:183} INFO - Processing /home/airflow/.local/lib/python3.12/site-packages/airflow/example_dags/example_short_circuit_operator.py took 0.048 seconds
[2024-07-25T03:40:55.892+0000] {processor.py:161} INFO - Started process (PID=118) to work on /home/airflow/.local/lib/python3.12/site-packages/airflow/example_dags/example_short_circuit_operator.py
[2024-07-25T03:40:55.893+0000] {processor.py:830} INFO - Processing file /home/airflow/.local/lib/python3.12/site-packages/airflow/example_dags/example_short_circuit_operator.py for tasks to queue
[2024-07-25T03:40:55.894+0000] {logging_mixin.py:188} INFO - [2024-07-25T03:40:55.894+0000] {dagbag.py:545} INFO - Filling up the DagBag from /home/airflow/.local/lib/python3.12/site-packages/airflow/example_dags/example_short_circuit_operator.py
[2024-07-25T03:40:55.899+0000] {processor.py:840} INFO - DAG(s) 'example_short_circuit_operator' retrieved from /home/airflow/.local/lib/python3.12/site-packages/airflow/example_dags/example_short_circuit_operator.py
[2024-07-25T03:40:55.953+0000] {logging_mixin.py:188} INFO - [2024-07-25T03:40:55.953+0000] {dag.py:3089} INFO - Sync 1 DAGs
[2024-07-25T03:40:55.965+0000] {logging_mixin.py:188} INFO - [2024-07-25T03:40:55.964+0000] {dag.py:3947} INFO - Setting next_dagrun for example_short_circuit_operator to 2024-07-24 00:00:00+00:00, run_after=2024-07-25 00:00:00+00:00
[2024-07-25T03:40:55.976+0000] {processor.py:183} INFO - Processing /home/airflow/.local/lib/python3.12/site-packages/airflow/example_dags/example_short_circuit_operator.py took 0.087 seconds
[2024-07-25T03:41:26.029+0000] {processor.py:161} INFO - Started process (PID=176) to work on /home/airflow/.local/lib/python3.12/site-packages/airflow/example_dags/example_short_circuit_operator.py
[2024-07-25T03:41:26.030+0000] {processor.py:830} INFO - Processing file /home/airflow/.local/lib/python3.12/site-packages/airflow/example_dags/example_short_circuit_operator.py for tasks to queue
[2024-07-25T03:41:26.031+0000] {logging_mixin.py:188} INFO - [2024-07-25T03:41:26.031+0000] {dagbag.py:545} INFO - Filling up the DagBag from /home/airflow/.local/lib/python3.12/site-packages/airflow/example_dags/example_short_circuit_operator.py
[2024-07-25T03:41:26.036+0000] {processor.py:840} INFO - DAG(s) 'example_short_circuit_operator' retrieved from /home/airflow/.local/lib/python3.12/site-packages/airflow/example_dags/example_short_circuit_operator.py
[2024-07-25T03:41:26.048+0000] {logging_mixin.py:188} INFO - [2024-07-25T03:41:26.048+0000] {dag.py:3089} INFO - Sync 1 DAGs
[2024-07-25T03:41:26.058+0000] {logging_mixin.py:188} INFO - [2024-07-25T03:41:26.058+0000] {dag.py:3947} INFO - Setting next_dagrun for example_short_circuit_operator to 2024-07-24 00:00:00+00:00, run_after=2024-07-25 00:00:00+00:00
[2024-07-25T03:41:26.068+0000] {processor.py:183} INFO - Processing /home/airflow/.local/lib/python3.12/site-packages/airflow/example_dags/example_short_circuit_operator.py took 0.042 seconds
[2024-07-25T03:41:56.099+0000] {processor.py:161} INFO - Started process (PID=234) to work on /home/airflow/.local/lib/python3.12/site-packages/airflow/example_dags/example_short_circuit_operator.py
[2024-07-25T03:41:56.099+0000] {processor.py:830} INFO - Processing file /home/airflow/.local/lib/python3.12/site-packages/airflow/example_dags/example_short_circuit_operator.py for tasks to queue
[2024-07-25T03:41:56.101+0000] {logging_mixin.py:188} INFO - [2024-07-25T03:41:56.100+0000] {dagbag.py:545} INFO - Filling up the DagBag from /home/airflow/.local/lib/python3.12/site-packages/airflow/example_dags/example_short_circuit_operator.py
[2024-07-25T03:41:56.105+0000] {processor.py:840} INFO - DAG(s) 'example_short_circuit_operator' retrieved from /home/airflow/.local/lib/python3.12/site-packages/airflow/example_dags/example_short_circuit_operator.py
[2024-07-25T03:41:56.118+0000] {logging_mixin.py:188} INFO - [2024-07-25T03:41:56.118+0000] {dag.py:3089} INFO - Sync 1 DAGs
[2024-07-25T03:41:56.130+0000] {logging_mixin.py:188} INFO - [2024-07-25T03:41:56.129+0000] {dag.py:3947} INFO - Setting next_dagrun for example_short_circuit_operator to 2024-07-24 00:00:00+00:00, run_after=2024-07-25 00:00:00+00:00
[2024-07-25T03:41:56.140+0000] {processor.py:183} INFO - Processing /home/airflow/.local/lib/python3.12/site-packages/airflow/example_dags/example_short_circuit_operator.py took 0.045 seconds
[2024-07-25T03:42:27.084+0000] {processor.py:161} INFO - Started process (PID=292) to work on /home/airflow/.local/lib/python3.12/site-packages/airflow/example_dags/example_short_circuit_operator.py
[2024-07-25T03:42:27.085+0000] {processor.py:830} INFO - Processing file /home/airflow/.local/lib/python3.12/site-packages/airflow/example_dags/example_short_circuit_operator.py for tasks to queue
[2024-07-25T03:42:27.087+0000] {logging_mixin.py:188} INFO - [2024-07-25T03:42:27.086+0000] {dagbag.py:545} INFO - Filling up the DagBag from /home/airflow/.local/lib/python3.12/site-packages/airflow/example_dags/example_short_circuit_operator.py
[2024-07-25T03:42:27.091+0000] {processor.py:840} INFO - DAG(s) 'example_short_circuit_operator' retrieved from /home/airflow/.local/lib/python3.12/site-packages/airflow/example_dags/example_short_circuit_operator.py
[2024-07-25T03:42:27.105+0000] {logging_mixin.py:188} INFO - [2024-07-25T03:42:27.105+0000] {dag.py:3089} INFO - Sync 1 DAGs
[2024-07-25T03:42:27.117+0000] {logging_mixin.py:188} INFO - [2024-07-25T03:42:27.117+0000] {dag.py:3947} INFO - Setting next_dagrun for example_short_circuit_operator to 2024-07-24 00:00:00+00:00, run_after=2024-07-25 00:00:00+00:00
[2024-07-25T03:42:27.128+0000] {processor.py:183} INFO - Processing /home/airflow/.local/lib/python3.12/site-packages/airflow/example_dags/example_short_circuit_operator.py took 0.047 seconds
[2024-07-25T03:42:57.391+0000] {processor.py:161} INFO - Started process (PID=350) to work on /home/airflow/.local/lib/python3.12/site-packages/airflow/example_dags/example_short_circuit_operator.py
[2024-07-25T03:42:57.392+0000] {processor.py:830} INFO - Processing file /home/airflow/.local/lib/python3.12/site-packages/airflow/example_dags/example_short_circuit_operator.py for tasks to queue
[2024-07-25T03:42:57.393+0000] {logging_mixin.py:188} INFO - [2024-07-25T03:42:57.393+0000] {dagbag.py:545} INFO - Filling up the DagBag from /home/airflow/.local/lib/python3.12/site-packages/airflow/example_dags/example_short_circuit_operator.py
[2024-07-25T03:42:57.397+0000] {processor.py:840} INFO - DAG(s) 'example_short_circuit_operator' retrieved from /home/airflow/.local/lib/python3.12/site-packages/airflow/example_dags/example_short_circuit_operator.py
[2024-07-25T03:42:57.409+0000] {logging_mixin.py:188} INFO - [2024-07-25T03:42:57.409+0000] {dag.py:3089} INFO - Sync 1 DAGs
[2024-07-25T03:42:57.419+0000] {logging_mixin.py:188} INFO - [2024-07-25T03:42:57.419+0000] {dag.py:3947} INFO - Setting next_dagrun for example_short_circuit_operator to 2024-07-24 00:00:00+00:00, run_after=2024-07-25 00:00:00+00:00
[2024-07-25T03:42:57.428+0000] {processor.py:183} INFO - Processing /home/airflow/.local/lib/python3.12/site-packages/airflow/example_dags/example_short_circuit_operator.py took 0.040 seconds
[2024-07-25T03:43:27.666+0000] {processor.py:161} INFO - Started process (PID=408) to work on /home/airflow/.local/lib/python3.12/site-packages/airflow/example_dags/example_short_circuit_operator.py
[2024-07-25T03:43:27.667+0000] {processor.py:830} INFO - Processing file /home/airflow/.local/lib/python3.12/site-packages/airflow/example_dags/example_short_circuit_operator.py for tasks to queue
[2024-07-25T03:43:27.669+0000] {logging_mixin.py:188} INFO - [2024-07-25T03:43:27.668+0000] {dagbag.py:545} INFO - Filling up the DagBag from /home/airflow/.local/lib/python3.12/site-packages/airflow/example_dags/example_short_circuit_operator.py
[2024-07-25T03:43:27.673+0000] {processor.py:840} INFO - DAG(s) 'example_short_circuit_operator' retrieved from /home/airflow/.local/lib/python3.12/site-packages/airflow/example_dags/example_short_circuit_operator.py
[2024-07-25T03:43:27.686+0000] {logging_mixin.py:188} INFO - [2024-07-25T03:43:27.685+0000] {dag.py:3089} INFO - Sync 1 DAGs
[2024-07-25T03:43:27.696+0000] {logging_mixin.py:188} INFO - [2024-07-25T03:43:27.696+0000] {dag.py:3947} INFO - Setting next_dagrun for example_short_circuit_operator to 2024-07-24 00:00:00+00:00, run_after=2024-07-25 00:00:00+00:00
[2024-07-25T03:43:27.705+0000] {processor.py:183} INFO - Processing /home/airflow/.local/lib/python3.12/site-packages/airflow/example_dags/example_short_circuit_operator.py took 0.042 seconds
[2024-07-25T03:43:57.968+0000] {processor.py:161} INFO - Started process (PID=466) to work on /home/airflow/.local/lib/python3.12/site-packages/airflow/example_dags/example_short_circuit_operator.py
[2024-07-25T03:43:57.969+0000] {processor.py:830} INFO - Processing file /home/airflow/.local/lib/python3.12/site-packages/airflow/example_dags/example_short_circuit_operator.py for tasks to queue
[2024-07-25T03:43:57.970+0000] {logging_mixin.py:188} INFO - [2024-07-25T03:43:57.970+0000] {dagbag.py:545} INFO - Filling up the DagBag from /home/airflow/.local/lib/python3.12/site-packages/airflow/example_dags/example_short_circuit_operator.py
[2024-07-25T03:43:57.975+0000] {processor.py:840} INFO - DAG(s) 'example_short_circuit_operator' retrieved from /home/airflow/.local/lib/python3.12/site-packages/airflow/example_dags/example_short_circuit_operator.py
[2024-07-25T03:43:57.988+0000] {logging_mixin.py:188} INFO - [2024-07-25T03:43:57.988+0000] {dag.py:3089} INFO - Sync 1 DAGs
[2024-07-25T03:43:57.999+0000] {logging_mixin.py:188} INFO - [2024-07-25T03:43:57.999+0000] {dag.py:3947} INFO - Setting next_dagrun for example_short_circuit_operator to 2024-07-24 00:00:00+00:00, run_after=2024-07-25 00:00:00+00:00
[2024-07-25T03:43:58.008+0000] {processor.py:183} INFO - Processing /home/airflow/.local/lib/python3.12/site-packages/airflow/example_dags/example_short_circuit_operator.py took 0.043 seconds
[2024-07-25T03:44:28.315+0000] {processor.py:161} INFO - Started process (PID=524) to work on /home/airflow/.local/lib/python3.12/site-packages/airflow/example_dags/example_short_circuit_operator.py
[2024-07-25T03:44:28.315+0000] {processor.py:830} INFO - Processing file /home/airflow/.local/lib/python3.12/site-packages/airflow/example_dags/example_short_circuit_operator.py for tasks to queue
[2024-07-25T03:44:28.317+0000] {logging_mixin.py:188} INFO - [2024-07-25T03:44:28.317+0000] {dagbag.py:545} INFO - Filling up the DagBag from /home/airflow/.local/lib/python3.12/site-packages/airflow/example_dags/example_short_circuit_operator.py
[2024-07-25T03:44:28.323+0000] {processor.py:840} INFO - DAG(s) 'example_short_circuit_operator' retrieved from /home/airflow/.local/lib/python3.12/site-packages/airflow/example_dags/example_short_circuit_operator.py
[2024-07-25T03:44:28.340+0000] {logging_mixin.py:188} INFO - [2024-07-25T03:44:28.340+0000] {dag.py:3089} INFO - Sync 1 DAGs
[2024-07-25T03:44:28.352+0000] {logging_mixin.py:188} INFO - [2024-07-25T03:44:28.352+0000] {dag.py:3947} INFO - Setting next_dagrun for example_short_circuit_operator to 2024-07-24 00:00:00+00:00, run_after=2024-07-25 00:00:00+00:00
[2024-07-25T03:44:28.364+0000] {processor.py:183} INFO - Processing /home/airflow/.local/lib/python3.12/site-packages/airflow/example_dags/example_short_circuit_operator.py took 0.054 seconds
[2024-07-25T03:44:58.459+0000] {processor.py:161} INFO - Started process (PID=582) to work on /home/airflow/.local/lib/python3.12/site-packages/airflow/example_dags/example_short_circuit_operator.py
[2024-07-25T03:44:58.460+0000] {processor.py:830} INFO - Processing file /home/airflow/.local/lib/python3.12/site-packages/airflow/example_dags/example_short_circuit_operator.py for tasks to queue
[2024-07-25T03:44:58.462+0000] {logging_mixin.py:188} INFO - [2024-07-25T03:44:58.461+0000] {dagbag.py:545} INFO - Filling up the DagBag from /home/airflow/.local/lib/python3.12/site-packages/airflow/example_dags/example_short_circuit_operator.py
[2024-07-25T03:44:58.467+0000] {processor.py:840} INFO - DAG(s) 'example_short_circuit_operator' retrieved from /home/airflow/.local/lib/python3.12/site-packages/airflow/example_dags/example_short_circuit_operator.py
[2024-07-25T03:44:58.480+0000] {logging_mixin.py:188} INFO - [2024-07-25T03:44:58.480+0000] {dag.py:3089} INFO - Sync 1 DAGs
[2024-07-25T03:44:58.492+0000] {logging_mixin.py:188} INFO - [2024-07-25T03:44:58.492+0000] {dag.py:3947} INFO - Setting next_dagrun for example_short_circuit_operator to 2024-07-24 00:00:00+00:00, run_after=2024-07-25 00:00:00+00:00
[2024-07-25T03:44:58.501+0000] {processor.py:183} INFO - Processing /home/airflow/.local/lib/python3.12/site-packages/airflow/example_dags/example_short_circuit_operator.py took 0.045 seconds
[2024-07-25T03:45:28.760+0000] {processor.py:161} INFO - Started process (PID=640) to work on /home/airflow/.local/lib/python3.12/site-packages/airflow/example_dags/example_short_circuit_operator.py
[2024-07-25T03:45:28.761+0000] {processor.py:830} INFO - Processing file /home/airflow/.local/lib/python3.12/site-packages/airflow/example_dags/example_short_circuit_operator.py for tasks to queue
[2024-07-25T03:45:28.762+0000] {logging_mixin.py:188} INFO - [2024-07-25T03:45:28.762+0000] {dagbag.py:545} INFO - Filling up the DagBag from /home/airflow/.local/lib/python3.12/site-packages/airflow/example_dags/example_short_circuit_operator.py
[2024-07-25T03:45:28.767+0000] {processor.py:840} INFO - DAG(s) 'example_short_circuit_operator' retrieved from /home/airflow/.local/lib/python3.12/site-packages/airflow/example_dags/example_short_circuit_operator.py
[2024-07-25T03:45:28.779+0000] {logging_mixin.py:188} INFO - [2024-07-25T03:45:28.779+0000] {dag.py:3089} INFO - Sync 1 DAGs
[2024-07-25T03:45:28.790+0000] {logging_mixin.py:188} INFO - [2024-07-25T03:45:28.790+0000] {dag.py:3947} INFO - Setting next_dagrun for example_short_circuit_operator to 2024-07-24 00:00:00+00:00, run_after=2024-07-25 00:00:00+00:00
[2024-07-25T03:45:28.800+0000] {processor.py:183} INFO - Processing /home/airflow/.local/lib/python3.12/site-packages/airflow/example_dags/example_short_circuit_operator.py took 0.044 seconds
[2024-07-25T03:45:59.034+0000] {processor.py:161} INFO - Started process (PID=698) to work on /home/airflow/.local/lib/python3.12/site-packages/airflow/example_dags/example_short_circuit_operator.py
[2024-07-25T03:45:59.035+0000] {processor.py:830} INFO - Processing file /home/airflow/.local/lib/python3.12/site-packages/airflow/example_dags/example_short_circuit_operator.py for tasks to queue
[2024-07-25T03:45:59.036+0000] {logging_mixin.py:188} INFO - [2024-07-25T03:45:59.036+0000] {dagbag.py:545} INFO - Filling up the DagBag from /home/airflow/.local/lib/python3.12/site-packages/airflow/example_dags/example_short_circuit_operator.py
[2024-07-25T03:45:59.040+0000] {processor.py:840} INFO - DAG(s) 'example_short_circuit_operator' retrieved from /home/airflow/.local/lib/python3.12/site-packages/airflow/example_dags/example_short_circuit_operator.py
[2024-07-25T03:45:59.052+0000] {logging_mixin.py:188} INFO - [2024-07-25T03:45:59.052+0000] {dag.py:3089} INFO - Sync 1 DAGs
[2024-07-25T03:45:59.062+0000] {logging_mixin.py:188} INFO - [2024-07-25T03:45:59.062+0000] {dag.py:3947} INFO - Setting next_dagrun for example_short_circuit_operator to 2024-07-24 00:00:00+00:00, run_after=2024-07-25 00:00:00+00:00
[2024-07-25T03:45:59.070+0000] {processor.py:183} INFO - Processing /home/airflow/.local/lib/python3.12/site-packages/airflow/example_dags/example_short_circuit_operator.py took 0.039 seconds
[2024-07-25T03:46:29.241+0000] {processor.py:161} INFO - Started process (PID=756) to work on /home/airflow/.local/lib/python3.12/site-packages/airflow/example_dags/example_short_circuit_operator.py
[2024-07-25T03:46:29.242+0000] {processor.py:830} INFO - Processing file /home/airflow/.local/lib/python3.12/site-packages/airflow/example_dags/example_short_circuit_operator.py for tasks to queue
[2024-07-25T03:46:29.243+0000] {logging_mixin.py:188} INFO - [2024-07-25T03:46:29.243+0000] {dagbag.py:545} INFO - Filling up the DagBag from /home/airflow/.local/lib/python3.12/site-packages/airflow/example_dags/example_short_circuit_operator.py
[2024-07-25T03:46:29.248+0000] {processor.py:840} INFO - DAG(s) 'example_short_circuit_operator' retrieved from /home/airflow/.local/lib/python3.12/site-packages/airflow/example_dags/example_short_circuit_operator.py
[2024-07-25T03:46:29.260+0000] {logging_mixin.py:188} INFO - [2024-07-25T03:46:29.259+0000] {dag.py:3089} INFO - Sync 1 DAGs
[2024-07-25T03:46:29.270+0000] {logging_mixin.py:188} INFO - [2024-07-25T03:46:29.270+0000] {dag.py:3947} INFO - Setting next_dagrun for example_short_circuit_operator to 2024-07-24 00:00:00+00:00, run_after=2024-07-25 00:00:00+00:00
[2024-07-25T03:46:29.279+0000] {processor.py:183} INFO - Processing /home/airflow/.local/lib/python3.12/site-packages/airflow/example_dags/example_short_circuit_operator.py took 0.041 seconds
[2024-07-25T03:46:59.716+0000] {processor.py:161} INFO - Started process (PID=814) to work on /home/airflow/.local/lib/python3.12/site-packages/airflow/example_dags/example_short_circuit_operator.py
[2024-07-25T03:46:59.716+0000] {processor.py:830} INFO - Processing file /home/airflow/.local/lib/python3.12/site-packages/airflow/example_dags/example_short_circuit_operator.py for tasks to queue
[2024-07-25T03:46:59.718+0000] {logging_mixin.py:188} INFO - [2024-07-25T03:46:59.717+0000] {dagbag.py:545} INFO - Filling up the DagBag from /home/airflow/.local/lib/python3.12/site-packages/airflow/example_dags/example_short_circuit_operator.py
[2024-07-25T03:46:59.722+0000] {processor.py:840} INFO - DAG(s) 'example_short_circuit_operator' retrieved from /home/airflow/.local/lib/python3.12/site-packages/airflow/example_dags/example_short_circuit_operator.py
[2024-07-25T03:46:59.735+0000] {logging_mixin.py:188} INFO - [2024-07-25T03:46:59.735+0000] {dag.py:3089} INFO - Sync 1 DAGs
[2024-07-25T03:46:59.747+0000] {logging_mixin.py:188} INFO - [2024-07-25T03:46:59.747+0000] {dag.py:3947} INFO - Setting next_dagrun for example_short_circuit_operator to 2024-07-24 00:00:00+00:00, run_after=2024-07-25 00:00:00+00:00
[2024-07-25T03:46:59.756+0000] {processor.py:183} INFO - Processing /home/airflow/.local/lib/python3.12/site-packages/airflow/example_dags/example_short_circuit_operator.py took 0.044 seconds
[2024-07-25T03:47:29.909+0000] {processor.py:161} INFO - Started process (PID=872) to work on /home/airflow/.local/lib/python3.12/site-packages/airflow/example_dags/example_short_circuit_operator.py
[2024-07-25T03:47:29.910+0000] {processor.py:830} INFO - Processing file /home/airflow/.local/lib/python3.12/site-packages/airflow/example_dags/example_short_circuit_operator.py for tasks to queue
[2024-07-25T03:47:29.912+0000] {logging_mixin.py:188} INFO - [2024-07-25T03:47:29.912+0000] {dagbag.py:545} INFO - Filling up the DagBag from /home/airflow/.local/lib/python3.12/site-packages/airflow/example_dags/example_short_circuit_operator.py
[2024-07-25T03:47:29.917+0000] {processor.py:840} INFO - DAG(s) 'example_short_circuit_operator' retrieved from /home/airflow/.local/lib/python3.12/site-packages/airflow/example_dags/example_short_circuit_operator.py
[2024-07-25T03:47:29.930+0000] {logging_mixin.py:188} INFO - [2024-07-25T03:47:29.930+0000] {dag.py:3089} INFO - Sync 1 DAGs
[2024-07-25T03:47:29.941+0000] {logging_mixin.py:188} INFO - [2024-07-25T03:47:29.941+0000] {dag.py:3947} INFO - Setting next_dagrun for example_short_circuit_operator to 2024-07-24 00:00:00+00:00, run_after=2024-07-25 00:00:00+00:00
[2024-07-25T03:47:29.950+0000] {processor.py:183} INFO - Processing /home/airflow/.local/lib/python3.12/site-packages/airflow/example_dags/example_short_circuit_operator.py took 0.045 seconds
[2024-07-25T03:48:01.063+0000] {processor.py:161} INFO - Started process (PID=930) to work on /home/airflow/.local/lib/python3.12/site-packages/airflow/example_dags/example_short_circuit_operator.py
[2024-07-25T03:48:01.064+0000] {processor.py:830} INFO - Processing file /home/airflow/.local/lib/python3.12/site-packages/airflow/example_dags/example_short_circuit_operator.py for tasks to queue
[2024-07-25T03:48:01.065+0000] {logging_mixin.py:188} INFO - [2024-07-25T03:48:01.065+0000] {dagbag.py:545} INFO - Filling up the DagBag from /home/airflow/.local/lib/python3.12/site-packages/airflow/example_dags/example_short_circuit_operator.py
[2024-07-25T03:48:01.070+0000] {processor.py:840} INFO - DAG(s) 'example_short_circuit_operator' retrieved from /home/airflow/.local/lib/python3.12/site-packages/airflow/example_dags/example_short_circuit_operator.py
[2024-07-25T03:48:01.083+0000] {logging_mixin.py:188} INFO - [2024-07-25T03:48:01.083+0000] {dag.py:3089} INFO - Sync 1 DAGs
[2024-07-25T03:48:01.095+0000] {logging_mixin.py:188} INFO - [2024-07-25T03:48:01.094+0000] {dag.py:3947} INFO - Setting next_dagrun for example_short_circuit_operator to 2024-07-24 00:00:00+00:00, run_after=2024-07-25 00:00:00+00:00
[2024-07-25T03:48:01.104+0000] {processor.py:183} INFO - Processing /home/airflow/.local/lib/python3.12/site-packages/airflow/example_dags/example_short_circuit_operator.py took 0.044 seconds
[2024-07-25T03:48:31.324+0000] {processor.py:161} INFO - Started process (PID=988) to work on /home/airflow/.local/lib/python3.12/site-packages/airflow/example_dags/example_short_circuit_operator.py
[2024-07-25T03:48:31.325+0000] {processor.py:830} INFO - Processing file /home/airflow/.local/lib/python3.12/site-packages/airflow/example_dags/example_short_circuit_operator.py for tasks to queue
[2024-07-25T03:48:31.326+0000] {logging_mixin.py:188} INFO - [2024-07-25T03:48:31.326+0000] {dagbag.py:545} INFO - Filling up the DagBag from /home/airflow/.local/lib/python3.12/site-packages/airflow/example_dags/example_short_circuit_operator.py
[2024-07-25T03:48:31.331+0000] {processor.py:840} INFO - DAG(s) 'example_short_circuit_operator' retrieved from /home/airflow/.local/lib/python3.12/site-packages/airflow/example_dags/example_short_circuit_operator.py
[2024-07-25T03:48:31.343+0000] {logging_mixin.py:188} INFO - [2024-07-25T03:48:31.343+0000] {dag.py:3089} INFO - Sync 1 DAGs
[2024-07-25T03:48:31.354+0000] {logging_mixin.py:188} INFO - [2024-07-25T03:48:31.354+0000] {dag.py:3947} INFO - Setting next_dagrun for example_short_circuit_operator to 2024-07-24 00:00:00+00:00, run_after=2024-07-25 00:00:00+00:00
[2024-07-25T03:48:31.364+0000] {processor.py:183} INFO - Processing /home/airflow/.local/lib/python3.12/site-packages/airflow/example_dags/example_short_circuit_operator.py took 0.044 seconds
[2024-07-25T03:49:01.670+0000] {processor.py:161} INFO - Started process (PID=1046) to work on /home/airflow/.local/lib/python3.12/site-packages/airflow/example_dags/example_short_circuit_operator.py
[2024-07-25T03:49:01.670+0000] {processor.py:830} INFO - Processing file /home/airflow/.local/lib/python3.12/site-packages/airflow/example_dags/example_short_circuit_operator.py for tasks to queue
[2024-07-25T03:49:01.672+0000] {logging_mixin.py:188} INFO - [2024-07-25T03:49:01.671+0000] {dagbag.py:545} INFO - Filling up the DagBag from /home/airflow/.local/lib/python3.12/site-packages/airflow/example_dags/example_short_circuit_operator.py
[2024-07-25T03:49:01.676+0000] {processor.py:840} INFO - DAG(s) 'example_short_circuit_operator' retrieved from /home/airflow/.local/lib/python3.12/site-packages/airflow/example_dags/example_short_circuit_operator.py
[2024-07-25T03:49:01.688+0000] {logging_mixin.py:188} INFO - [2024-07-25T03:49:01.688+0000] {dag.py:3089} INFO - Sync 1 DAGs
[2024-07-25T03:49:01.700+0000] {logging_mixin.py:188} INFO - [2024-07-25T03:49:01.700+0000] {dag.py:3947} INFO - Setting next_dagrun for example_short_circuit_operator to 2024-07-24 00:00:00+00:00, run_after=2024-07-25 00:00:00+00:00
[2024-07-25T03:49:01.709+0000] {processor.py:183} INFO - Processing /home/airflow/.local/lib/python3.12/site-packages/airflow/example_dags/example_short_circuit_operator.py took 0.043 seconds
[2024-07-25T03:49:31.962+0000] {processor.py:161} INFO - Started process (PID=1104) to work on /home/airflow/.local/lib/python3.12/site-packages/airflow/example_dags/example_short_circuit_operator.py
[2024-07-25T03:49:31.963+0000] {processor.py:830} INFO - Processing file /home/airflow/.local/lib/python3.12/site-packages/airflow/example_dags/example_short_circuit_operator.py for tasks to queue
[2024-07-25T03:49:31.964+0000] {logging_mixin.py:188} INFO - [2024-07-25T03:49:31.964+0000] {dagbag.py:545} INFO - Filling up the DagBag from /home/airflow/.local/lib/python3.12/site-packages/airflow/example_dags/example_short_circuit_operator.py
[2024-07-25T03:49:31.968+0000] {processor.py:840} INFO - DAG(s) 'example_short_circuit_operator' retrieved from /home/airflow/.local/lib/python3.12/site-packages/airflow/example_dags/example_short_circuit_operator.py
[2024-07-25T03:49:31.979+0000] {logging_mixin.py:188} INFO - [2024-07-25T03:49:31.979+0000] {dag.py:3089} INFO - Sync 1 DAGs
[2024-07-25T03:49:31.990+0000] {logging_mixin.py:188} INFO - [2024-07-25T03:49:31.989+0000] {dag.py:3947} INFO - Setting next_dagrun for example_short_circuit_operator to 2024-07-24 00:00:00+00:00, run_after=2024-07-25 00:00:00+00:00
[2024-07-25T03:49:31.998+0000] {processor.py:183} INFO - Processing /home/airflow/.local/lib/python3.12/site-packages/airflow/example_dags/example_short_circuit_operator.py took 0.039 seconds
[2024-07-25T03:50:02.241+0000] {processor.py:161} INFO - Started process (PID=1162) to work on /home/airflow/.local/lib/python3.12/site-packages/airflow/example_dags/example_short_circuit_operator.py
[2024-07-25T03:50:02.242+0000] {processor.py:830} INFO - Processing file /home/airflow/.local/lib/python3.12/site-packages/airflow/example_dags/example_short_circuit_operator.py for tasks to queue
[2024-07-25T03:50:02.243+0000] {logging_mixin.py:188} INFO - [2024-07-25T03:50:02.243+0000] {dagbag.py:545} INFO - Filling up the DagBag from /home/airflow/.local/lib/python3.12/site-packages/airflow/example_dags/example_short_circuit_operator.py
[2024-07-25T03:50:02.247+0000] {processor.py:840} INFO - DAG(s) 'example_short_circuit_operator' retrieved from /home/airflow/.local/lib/python3.12/site-packages/airflow/example_dags/example_short_circuit_operator.py
[2024-07-25T03:50:02.258+0000] {logging_mixin.py:188} INFO - [2024-07-25T03:50:02.258+0000] {dag.py:3089} INFO - Sync 1 DAGs
[2024-07-25T03:50:02.268+0000] {logging_mixin.py:188} INFO - [2024-07-25T03:50:02.268+0000] {dag.py:3947} INFO - Setting next_dagrun for example_short_circuit_operator to 2024-07-24 00:00:00+00:00, run_after=2024-07-25 00:00:00+00:00
[2024-07-25T03:50:02.277+0000] {processor.py:183} INFO - Processing /home/airflow/.local/lib/python3.12/site-packages/airflow/example_dags/example_short_circuit_operator.py took 0.039 seconds
[2024-07-25T03:50:32.615+0000] {processor.py:161} INFO - Started process (PID=1220) to work on /home/airflow/.local/lib/python3.12/site-packages/airflow/example_dags/example_short_circuit_operator.py
[2024-07-25T03:50:32.616+0000] {processor.py:830} INFO - Processing file /home/airflow/.local/lib/python3.12/site-packages/airflow/example_dags/example_short_circuit_operator.py for tasks to queue
[2024-07-25T03:50:32.618+0000] {logging_mixin.py:188} INFO - [2024-07-25T03:50:32.617+0000] {dagbag.py:545} INFO - Filling up the DagBag from /home/airflow/.local/lib/python3.12/site-packages/airflow/example_dags/example_short_circuit_operator.py
[2024-07-25T03:50:32.622+0000] {processor.py:840} INFO - DAG(s) 'example_short_circuit_operator' retrieved from /home/airflow/.local/lib/python3.12/site-packages/airflow/example_dags/example_short_circuit_operator.py
[2024-07-25T03:50:32.638+0000] {logging_mixin.py:188} INFO - [2024-07-25T03:50:32.638+0000] {dag.py:3089} INFO - Sync 1 DAGs
[2024-07-25T03:50:32.651+0000] {logging_mixin.py:188} INFO - [2024-07-25T03:50:32.651+0000] {dag.py:3947} INFO - Setting next_dagrun for example_short_circuit_operator to 2024-07-24 00:00:00+00:00, run_after=2024-07-25 00:00:00+00:00
[2024-07-25T03:50:32.661+0000] {processor.py:183} INFO - Processing /home/airflow/.local/lib/python3.12/site-packages/airflow/example_dags/example_short_circuit_operator.py took 0.049 seconds
[2024-07-25T03:51:03.679+0000] {processor.py:161} INFO - Started process (PID=1278) to work on /home/airflow/.local/lib/python3.12/site-packages/airflow/example_dags/example_short_circuit_operator.py
[2024-07-25T03:51:03.680+0000] {processor.py:830} INFO - Processing file /home/airflow/.local/lib/python3.12/site-packages/airflow/example_dags/example_short_circuit_operator.py for tasks to queue
[2024-07-25T03:51:03.682+0000] {logging_mixin.py:188} INFO - [2024-07-25T03:51:03.682+0000] {dagbag.py:545} INFO - Filling up the DagBag from /home/airflow/.local/lib/python3.12/site-packages/airflow/example_dags/example_short_circuit_operator.py
[2024-07-25T03:51:03.688+0000] {processor.py:840} INFO - DAG(s) 'example_short_circuit_operator' retrieved from /home/airflow/.local/lib/python3.12/site-packages/airflow/example_dags/example_short_circuit_operator.py
[2024-07-25T03:51:03.705+0000] {logging_mixin.py:188} INFO - [2024-07-25T03:51:03.705+0000] {dag.py:3089} INFO - Sync 1 DAGs
[2024-07-25T03:51:03.719+0000] {logging_mixin.py:188} INFO - [2024-07-25T03:51:03.719+0000] {dag.py:3947} INFO - Setting next_dagrun for example_short_circuit_operator to 2024-07-24 00:00:00+00:00, run_after=2024-07-25 00:00:00+00:00
[2024-07-25T03:51:03.730+0000] {processor.py:183} INFO - Processing /home/airflow/.local/lib/python3.12/site-packages/airflow/example_dags/example_short_circuit_operator.py took 0.056 seconds
[2024-07-25T03:51:33.750+0000] {processor.py:161} INFO - Started process (PID=1335) to work on /home/airflow/.local/lib/python3.12/site-packages/airflow/example_dags/example_short_circuit_operator.py
[2024-07-25T03:51:33.751+0000] {processor.py:830} INFO - Processing file /home/airflow/.local/lib/python3.12/site-packages/airflow/example_dags/example_short_circuit_operator.py for tasks to queue
[2024-07-25T03:51:33.752+0000] {logging_mixin.py:188} INFO - [2024-07-25T03:51:33.752+0000] {dagbag.py:545} INFO - Filling up the DagBag from /home/airflow/.local/lib/python3.12/site-packages/airflow/example_dags/example_short_circuit_operator.py
[2024-07-25T03:51:33.756+0000] {processor.py:840} INFO - DAG(s) 'example_short_circuit_operator' retrieved from /home/airflow/.local/lib/python3.12/site-packages/airflow/example_dags/example_short_circuit_operator.py
[2024-07-25T03:51:33.768+0000] {logging_mixin.py:188} INFO - [2024-07-25T03:51:33.768+0000] {dag.py:3089} INFO - Sync 1 DAGs
[2024-07-25T03:51:33.778+0000] {logging_mixin.py:188} INFO - [2024-07-25T03:51:33.778+0000] {dag.py:3947} INFO - Setting next_dagrun for example_short_circuit_operator to 2024-07-24 00:00:00+00:00, run_after=2024-07-25 00:00:00+00:00
[2024-07-25T03:51:33.786+0000] {processor.py:183} INFO - Processing /home/airflow/.local/lib/python3.12/site-packages/airflow/example_dags/example_short_circuit_operator.py took 0.040 seconds
[2024-07-25T03:52:03.875+0000] {processor.py:161} INFO - Started process (PID=1393) to work on /home/airflow/.local/lib/python3.12/site-packages/airflow/example_dags/example_short_circuit_operator.py
[2024-07-25T03:52:03.876+0000] {processor.py:830} INFO - Processing file /home/airflow/.local/lib/python3.12/site-packages/airflow/example_dags/example_short_circuit_operator.py for tasks to queue
[2024-07-25T03:52:03.877+0000] {logging_mixin.py:188} INFO - [2024-07-25T03:52:03.877+0000] {dagbag.py:545} INFO - Filling up the DagBag from /home/airflow/.local/lib/python3.12/site-packages/airflow/example_dags/example_short_circuit_operator.py
[2024-07-25T03:52:03.882+0000] {processor.py:840} INFO - DAG(s) 'example_short_circuit_operator' retrieved from /home/airflow/.local/lib/python3.12/site-packages/airflow/example_dags/example_short_circuit_operator.py
[2024-07-25T03:52:03.894+0000] {logging_mixin.py:188} INFO - [2024-07-25T03:52:03.894+0000] {dag.py:3089} INFO - Sync 1 DAGs
[2024-07-25T03:52:03.905+0000] {logging_mixin.py:188} INFO - [2024-07-25T03:52:03.905+0000] {dag.py:3947} INFO - Setting next_dagrun for example_short_circuit_operator to 2024-07-24 00:00:00+00:00, run_after=2024-07-25 00:00:00+00:00
[2024-07-25T03:52:03.913+0000] {processor.py:183} INFO - Processing /home/airflow/.local/lib/python3.12/site-packages/airflow/example_dags/example_short_circuit_operator.py took 0.042 seconds
[2024-07-25T03:52:34.051+0000] {processor.py:161} INFO - Started process (PID=1451) to work on /home/airflow/.local/lib/python3.12/site-packages/airflow/example_dags/example_short_circuit_operator.py
[2024-07-25T03:52:34.052+0000] {processor.py:830} INFO - Processing file /home/airflow/.local/lib/python3.12/site-packages/airflow/example_dags/example_short_circuit_operator.py for tasks to queue
[2024-07-25T03:52:34.053+0000] {logging_mixin.py:188} INFO - [2024-07-25T03:52:34.053+0000] {dagbag.py:545} INFO - Filling up the DagBag from /home/airflow/.local/lib/python3.12/site-packages/airflow/example_dags/example_short_circuit_operator.py
[2024-07-25T03:52:34.057+0000] {processor.py:840} INFO - DAG(s) 'example_short_circuit_operator' retrieved from /home/airflow/.local/lib/python3.12/site-packages/airflow/example_dags/example_short_circuit_operator.py
[2024-07-25T03:52:34.069+0000] {logging_mixin.py:188} INFO - [2024-07-25T03:52:34.069+0000] {dag.py:3089} INFO - Sync 1 DAGs
[2024-07-25T03:52:34.080+0000] {logging_mixin.py:188} INFO - [2024-07-25T03:52:34.080+0000] {dag.py:3947} INFO - Setting next_dagrun for example_short_circuit_operator to 2024-07-24 00:00:00+00:00, run_after=2024-07-25 00:00:00+00:00
[2024-07-25T03:52:34.088+0000] {processor.py:183} INFO - Processing /home/airflow/.local/lib/python3.12/site-packages/airflow/example_dags/example_short_circuit_operator.py took 0.041 seconds
[2024-07-25T04:03:47.042+0000] {processor.py:161} INFO - Started process (PID=60) to work on /home/airflow/.local/lib/python3.12/site-packages/airflow/example_dags/example_short_circuit_operator.py
[2024-07-25T04:03:47.043+0000] {processor.py:830} INFO - Processing file /home/airflow/.local/lib/python3.12/site-packages/airflow/example_dags/example_short_circuit_operator.py for tasks to queue
[2024-07-25T04:03:47.044+0000] {logging_mixin.py:188} INFO - [2024-07-25T04:03:47.044+0000] {dagbag.py:545} INFO - Filling up the DagBag from /home/airflow/.local/lib/python3.12/site-packages/airflow/example_dags/example_short_circuit_operator.py
[2024-07-25T04:03:47.050+0000] {processor.py:840} INFO - DAG(s) 'example_short_circuit_operator' retrieved from /home/airflow/.local/lib/python3.12/site-packages/airflow/example_dags/example_short_circuit_operator.py
[2024-07-25T04:03:47.072+0000] {logging_mixin.py:188} INFO - [2024-07-25T04:03:47.072+0000] {dag.py:3089} INFO - Sync 1 DAGs
[2024-07-25T04:03:47.091+0000] {logging_mixin.py:188} INFO - [2024-07-25T04:03:47.091+0000] {dag.py:3947} INFO - Setting next_dagrun for example_short_circuit_operator to 2024-07-24 00:00:00+00:00, run_after=2024-07-25 00:00:00+00:00
[2024-07-25T04:03:47.105+0000] {processor.py:183} INFO - Processing /home/airflow/.local/lib/python3.12/site-packages/airflow/example_dags/example_short_circuit_operator.py took 0.069 seconds
[2024-07-25T04:04:18.603+0000] {processor.py:161} INFO - Started process (PID=118) to work on /home/airflow/.local/lib/python3.12/site-packages/airflow/example_dags/example_short_circuit_operator.py
[2024-07-25T04:04:18.604+0000] {processor.py:830} INFO - Processing file /home/airflow/.local/lib/python3.12/site-packages/airflow/example_dags/example_short_circuit_operator.py for tasks to queue
[2024-07-25T04:04:18.605+0000] {logging_mixin.py:188} INFO - [2024-07-25T04:04:18.605+0000] {dagbag.py:545} INFO - Filling up the DagBag from /home/airflow/.local/lib/python3.12/site-packages/airflow/example_dags/example_short_circuit_operator.py
[2024-07-25T04:04:18.611+0000] {processor.py:840} INFO - DAG(s) 'example_short_circuit_operator' retrieved from /home/airflow/.local/lib/python3.12/site-packages/airflow/example_dags/example_short_circuit_operator.py
[2024-07-25T04:04:18.751+0000] {logging_mixin.py:188} INFO - [2024-07-25T04:04:18.751+0000] {dag.py:3089} INFO - Sync 1 DAGs
[2024-07-25T04:04:18.770+0000] {logging_mixin.py:188} INFO - [2024-07-25T04:04:18.770+0000] {dag.py:3947} INFO - Setting next_dagrun for example_short_circuit_operator to 2024-07-24 00:00:00+00:00, run_after=2024-07-25 00:00:00+00:00
[2024-07-25T04:04:18.782+0000] {processor.py:183} INFO - Processing /home/airflow/.local/lib/python3.12/site-packages/airflow/example_dags/example_short_circuit_operator.py took 0.184 seconds
[2024-07-25T04:04:49.372+0000] {processor.py:161} INFO - Started process (PID=176) to work on /home/airflow/.local/lib/python3.12/site-packages/airflow/example_dags/example_short_circuit_operator.py
[2024-07-25T04:04:49.373+0000] {processor.py:830} INFO - Processing file /home/airflow/.local/lib/python3.12/site-packages/airflow/example_dags/example_short_circuit_operator.py for tasks to queue
[2024-07-25T04:04:49.374+0000] {logging_mixin.py:188} INFO - [2024-07-25T04:04:49.374+0000] {dagbag.py:545} INFO - Filling up the DagBag from /home/airflow/.local/lib/python3.12/site-packages/airflow/example_dags/example_short_circuit_operator.py
[2024-07-25T04:04:49.378+0000] {processor.py:840} INFO - DAG(s) 'example_short_circuit_operator' retrieved from /home/airflow/.local/lib/python3.12/site-packages/airflow/example_dags/example_short_circuit_operator.py
[2024-07-25T04:04:49.391+0000] {logging_mixin.py:188} INFO - [2024-07-25T04:04:49.391+0000] {dag.py:3089} INFO - Sync 1 DAGs
[2024-07-25T04:04:49.403+0000] {logging_mixin.py:188} INFO - [2024-07-25T04:04:49.403+0000] {dag.py:3947} INFO - Setting next_dagrun for example_short_circuit_operator to 2024-07-24 00:00:00+00:00, run_after=2024-07-25 00:00:00+00:00
[2024-07-25T04:04:49.413+0000] {processor.py:183} INFO - Processing /home/airflow/.local/lib/python3.12/site-packages/airflow/example_dags/example_short_circuit_operator.py took 0.045 seconds
[2024-07-25T04:05:19.523+0000] {processor.py:161} INFO - Started process (PID=234) to work on /home/airflow/.local/lib/python3.12/site-packages/airflow/example_dags/example_short_circuit_operator.py
[2024-07-25T04:05:19.524+0000] {processor.py:830} INFO - Processing file /home/airflow/.local/lib/python3.12/site-packages/airflow/example_dags/example_short_circuit_operator.py for tasks to queue
[2024-07-25T04:05:19.526+0000] {logging_mixin.py:188} INFO - [2024-07-25T04:05:19.525+0000] {dagbag.py:545} INFO - Filling up the DagBag from /home/airflow/.local/lib/python3.12/site-packages/airflow/example_dags/example_short_circuit_operator.py
[2024-07-25T04:05:19.530+0000] {processor.py:840} INFO - DAG(s) 'example_short_circuit_operator' retrieved from /home/airflow/.local/lib/python3.12/site-packages/airflow/example_dags/example_short_circuit_operator.py
[2024-07-25T04:05:19.542+0000] {logging_mixin.py:188} INFO - [2024-07-25T04:05:19.542+0000] {dag.py:3089} INFO - Sync 1 DAGs
[2024-07-25T04:05:19.553+0000] {logging_mixin.py:188} INFO - [2024-07-25T04:05:19.553+0000] {dag.py:3947} INFO - Setting next_dagrun for example_short_circuit_operator to 2024-07-24 00:00:00+00:00, run_after=2024-07-25 00:00:00+00:00
[2024-07-25T04:05:19.561+0000] {processor.py:183} INFO - Processing /home/airflow/.local/lib/python3.12/site-packages/airflow/example_dags/example_short_circuit_operator.py took 0.041 seconds
[2024-07-25T04:05:49.768+0000] {processor.py:161} INFO - Started process (PID=292) to work on /home/airflow/.local/lib/python3.12/site-packages/airflow/example_dags/example_short_circuit_operator.py
[2024-07-25T04:05:49.769+0000] {processor.py:830} INFO - Processing file /home/airflow/.local/lib/python3.12/site-packages/airflow/example_dags/example_short_circuit_operator.py for tasks to queue
[2024-07-25T04:05:49.770+0000] {logging_mixin.py:188} INFO - [2024-07-25T04:05:49.770+0000] {dagbag.py:545} INFO - Filling up the DagBag from /home/airflow/.local/lib/python3.12/site-packages/airflow/example_dags/example_short_circuit_operator.py
[2024-07-25T04:05:49.774+0000] {processor.py:840} INFO - DAG(s) 'example_short_circuit_operator' retrieved from /home/airflow/.local/lib/python3.12/site-packages/airflow/example_dags/example_short_circuit_operator.py
[2024-07-25T04:05:49.790+0000] {logging_mixin.py:188} INFO - [2024-07-25T04:05:49.789+0000] {dag.py:3089} INFO - Sync 1 DAGs
[2024-07-25T04:05:49.801+0000] {logging_mixin.py:188} INFO - [2024-07-25T04:05:49.801+0000] {dag.py:3947} INFO - Setting next_dagrun for example_short_circuit_operator to 2024-07-24 00:00:00+00:00, run_after=2024-07-25 00:00:00+00:00
[2024-07-25T04:05:49.810+0000] {processor.py:183} INFO - Processing /home/airflow/.local/lib/python3.12/site-packages/airflow/example_dags/example_short_circuit_operator.py took 0.046 seconds
[2024-07-25T04:06:20.760+0000] {processor.py:161} INFO - Started process (PID=350) to work on /home/airflow/.local/lib/python3.12/site-packages/airflow/example_dags/example_short_circuit_operator.py
[2024-07-25T04:06:20.761+0000] {processor.py:830} INFO - Processing file /home/airflow/.local/lib/python3.12/site-packages/airflow/example_dags/example_short_circuit_operator.py for tasks to queue
[2024-07-25T04:06:20.762+0000] {logging_mixin.py:188} INFO - [2024-07-25T04:06:20.762+0000] {dagbag.py:545} INFO - Filling up the DagBag from /home/airflow/.local/lib/python3.12/site-packages/airflow/example_dags/example_short_circuit_operator.py
[2024-07-25T04:06:20.767+0000] {processor.py:840} INFO - DAG(s) 'example_short_circuit_operator' retrieved from /home/airflow/.local/lib/python3.12/site-packages/airflow/example_dags/example_short_circuit_operator.py
[2024-07-25T04:06:20.780+0000] {logging_mixin.py:188} INFO - [2024-07-25T04:06:20.779+0000] {dag.py:3089} INFO - Sync 1 DAGs
[2024-07-25T04:06:20.790+0000] {logging_mixin.py:188} INFO - [2024-07-25T04:06:20.790+0000] {dag.py:3947} INFO - Setting next_dagrun for example_short_circuit_operator to 2024-07-24 00:00:00+00:00, run_after=2024-07-25 00:00:00+00:00
[2024-07-25T04:06:20.799+0000] {processor.py:183} INFO - Processing /home/airflow/.local/lib/python3.12/site-packages/airflow/example_dags/example_short_circuit_operator.py took 0.042 seconds
[2024-07-25T04:06:51.207+0000] {processor.py:161} INFO - Started process (PID=408) to work on /home/airflow/.local/lib/python3.12/site-packages/airflow/example_dags/example_short_circuit_operator.py
[2024-07-25T04:06:51.208+0000] {processor.py:830} INFO - Processing file /home/airflow/.local/lib/python3.12/site-packages/airflow/example_dags/example_short_circuit_operator.py for tasks to queue
[2024-07-25T04:06:51.209+0000] {logging_mixin.py:188} INFO - [2024-07-25T04:06:51.209+0000] {dagbag.py:545} INFO - Filling up the DagBag from /home/airflow/.local/lib/python3.12/site-packages/airflow/example_dags/example_short_circuit_operator.py
[2024-07-25T04:06:51.214+0000] {processor.py:840} INFO - DAG(s) 'example_short_circuit_operator' retrieved from /home/airflow/.local/lib/python3.12/site-packages/airflow/example_dags/example_short_circuit_operator.py
[2024-07-25T04:06:51.227+0000] {logging_mixin.py:188} INFO - [2024-07-25T04:06:51.227+0000] {dag.py:3089} INFO - Sync 1 DAGs
[2024-07-25T04:06:51.238+0000] {logging_mixin.py:188} INFO - [2024-07-25T04:06:51.238+0000] {dag.py:3947} INFO - Setting next_dagrun for example_short_circuit_operator to 2024-07-24 00:00:00+00:00, run_after=2024-07-25 00:00:00+00:00
[2024-07-25T04:06:51.248+0000] {processor.py:183} INFO - Processing /home/airflow/.local/lib/python3.12/site-packages/airflow/example_dags/example_short_circuit_operator.py took 0.044 seconds
[2024-07-25T04:07:21.610+0000] {processor.py:161} INFO - Started process (PID=466) to work on /home/airflow/.local/lib/python3.12/site-packages/airflow/example_dags/example_short_circuit_operator.py
[2024-07-25T04:07:21.610+0000] {processor.py:830} INFO - Processing file /home/airflow/.local/lib/python3.12/site-packages/airflow/example_dags/example_short_circuit_operator.py for tasks to queue
[2024-07-25T04:07:21.611+0000] {logging_mixin.py:188} INFO - [2024-07-25T04:07:21.611+0000] {dagbag.py:545} INFO - Filling up the DagBag from /home/airflow/.local/lib/python3.12/site-packages/airflow/example_dags/example_short_circuit_operator.py
[2024-07-25T04:07:21.616+0000] {processor.py:840} INFO - DAG(s) 'example_short_circuit_operator' retrieved from /home/airflow/.local/lib/python3.12/site-packages/airflow/example_dags/example_short_circuit_operator.py
[2024-07-25T04:07:21.628+0000] {logging_mixin.py:188} INFO - [2024-07-25T04:07:21.628+0000] {dag.py:3089} INFO - Sync 1 DAGs
[2024-07-25T04:07:21.639+0000] {logging_mixin.py:188} INFO - [2024-07-25T04:07:21.639+0000] {dag.py:3947} INFO - Setting next_dagrun for example_short_circuit_operator to 2024-07-24 00:00:00+00:00, run_after=2024-07-25 00:00:00+00:00
[2024-07-25T04:07:21.650+0000] {processor.py:183} INFO - Processing /home/airflow/.local/lib/python3.12/site-packages/airflow/example_dags/example_short_circuit_operator.py took 0.044 seconds
[2024-07-25T04:07:51.754+0000] {processor.py:161} INFO - Started process (PID=524) to work on /home/airflow/.local/lib/python3.12/site-packages/airflow/example_dags/example_short_circuit_operator.py
[2024-07-25T04:07:51.755+0000] {processor.py:830} INFO - Processing file /home/airflow/.local/lib/python3.12/site-packages/airflow/example_dags/example_short_circuit_operator.py for tasks to queue
[2024-07-25T04:07:51.757+0000] {logging_mixin.py:188} INFO - [2024-07-25T04:07:51.756+0000] {dagbag.py:545} INFO - Filling up the DagBag from /home/airflow/.local/lib/python3.12/site-packages/airflow/example_dags/example_short_circuit_operator.py
[2024-07-25T04:07:51.761+0000] {processor.py:840} INFO - DAG(s) 'example_short_circuit_operator' retrieved from /home/airflow/.local/lib/python3.12/site-packages/airflow/example_dags/example_short_circuit_operator.py
[2024-07-25T04:07:51.774+0000] {logging_mixin.py:188} INFO - [2024-07-25T04:07:51.774+0000] {dag.py:3089} INFO - Sync 1 DAGs
[2024-07-25T04:07:51.785+0000] {logging_mixin.py:188} INFO - [2024-07-25T04:07:51.785+0000] {dag.py:3947} INFO - Setting next_dagrun for example_short_circuit_operator to 2024-07-24 00:00:00+00:00, run_after=2024-07-25 00:00:00+00:00
[2024-07-25T04:07:51.795+0000] {processor.py:183} INFO - Processing /home/airflow/.local/lib/python3.12/site-packages/airflow/example_dags/example_short_circuit_operator.py took 0.044 seconds
[2024-07-25T04:08:21.909+0000] {processor.py:161} INFO - Started process (PID=582) to work on /home/airflow/.local/lib/python3.12/site-packages/airflow/example_dags/example_short_circuit_operator.py
[2024-07-25T04:08:21.910+0000] {processor.py:830} INFO - Processing file /home/airflow/.local/lib/python3.12/site-packages/airflow/example_dags/example_short_circuit_operator.py for tasks to queue
[2024-07-25T04:08:21.911+0000] {logging_mixin.py:188} INFO - [2024-07-25T04:08:21.911+0000] {dagbag.py:545} INFO - Filling up the DagBag from /home/airflow/.local/lib/python3.12/site-packages/airflow/example_dags/example_short_circuit_operator.py
[2024-07-25T04:08:21.916+0000] {processor.py:840} INFO - DAG(s) 'example_short_circuit_operator' retrieved from /home/airflow/.local/lib/python3.12/site-packages/airflow/example_dags/example_short_circuit_operator.py
[2024-07-25T04:08:21.928+0000] {logging_mixin.py:188} INFO - [2024-07-25T04:08:21.928+0000] {dag.py:3089} INFO - Sync 1 DAGs
[2024-07-25T04:08:21.939+0000] {logging_mixin.py:188} INFO - [2024-07-25T04:08:21.939+0000] {dag.py:3947} INFO - Setting next_dagrun for example_short_circuit_operator to 2024-07-24 00:00:00+00:00, run_after=2024-07-25 00:00:00+00:00
[2024-07-25T04:08:21.949+0000] {processor.py:183} INFO - Processing /home/airflow/.local/lib/python3.12/site-packages/airflow/example_dags/example_short_circuit_operator.py took 0.043 seconds
[2024-07-25T04:08:52.026+0000] {processor.py:161} INFO - Started process (PID=640) to work on /home/airflow/.local/lib/python3.12/site-packages/airflow/example_dags/example_short_circuit_operator.py
[2024-07-25T04:08:52.027+0000] {processor.py:830} INFO - Processing file /home/airflow/.local/lib/python3.12/site-packages/airflow/example_dags/example_short_circuit_operator.py for tasks to queue
[2024-07-25T04:08:52.029+0000] {logging_mixin.py:188} INFO - [2024-07-25T04:08:52.028+0000] {dagbag.py:545} INFO - Filling up the DagBag from /home/airflow/.local/lib/python3.12/site-packages/airflow/example_dags/example_short_circuit_operator.py
[2024-07-25T04:08:52.033+0000] {processor.py:840} INFO - DAG(s) 'example_short_circuit_operator' retrieved from /home/airflow/.local/lib/python3.12/site-packages/airflow/example_dags/example_short_circuit_operator.py
[2024-07-25T04:08:52.046+0000] {logging_mixin.py:188} INFO - [2024-07-25T04:08:52.046+0000] {dag.py:3089} INFO - Sync 1 DAGs
[2024-07-25T04:08:52.057+0000] {logging_mixin.py:188} INFO - [2024-07-25T04:08:52.057+0000] {dag.py:3947} INFO - Setting next_dagrun for example_short_circuit_operator to 2024-07-24 00:00:00+00:00, run_after=2024-07-25 00:00:00+00:00
[2024-07-25T04:08:52.067+0000] {processor.py:183} INFO - Processing /home/airflow/.local/lib/python3.12/site-packages/airflow/example_dags/example_short_circuit_operator.py took 0.044 seconds
[2024-07-25T04:09:22.504+0000] {processor.py:161} INFO - Started process (PID=699) to work on /home/airflow/.local/lib/python3.12/site-packages/airflow/example_dags/example_short_circuit_operator.py
[2024-07-25T04:09:22.505+0000] {processor.py:830} INFO - Processing file /home/airflow/.local/lib/python3.12/site-packages/airflow/example_dags/example_short_circuit_operator.py for tasks to queue
[2024-07-25T04:09:22.506+0000] {logging_mixin.py:188} INFO - [2024-07-25T04:09:22.506+0000] {dagbag.py:545} INFO - Filling up the DagBag from /home/airflow/.local/lib/python3.12/site-packages/airflow/example_dags/example_short_circuit_operator.py
[2024-07-25T04:09:22.511+0000] {processor.py:840} INFO - DAG(s) 'example_short_circuit_operator' retrieved from /home/airflow/.local/lib/python3.12/site-packages/airflow/example_dags/example_short_circuit_operator.py
[2024-07-25T04:09:22.527+0000] {logging_mixin.py:188} INFO - [2024-07-25T04:09:22.527+0000] {dag.py:3089} INFO - Sync 1 DAGs
[2024-07-25T04:09:22.540+0000] {logging_mixin.py:188} INFO - [2024-07-25T04:09:22.540+0000] {dag.py:3947} INFO - Setting next_dagrun for example_short_circuit_operator to 2024-07-24 00:00:00+00:00, run_after=2024-07-25 00:00:00+00:00
[2024-07-25T04:09:22.551+0000] {processor.py:183} INFO - Processing /home/airflow/.local/lib/python3.12/site-packages/airflow/example_dags/example_short_circuit_operator.py took 0.051 seconds
[2024-07-25T04:09:52.693+0000] {processor.py:161} INFO - Started process (PID=757) to work on /home/airflow/.local/lib/python3.12/site-packages/airflow/example_dags/example_short_circuit_operator.py
[2024-07-25T04:09:52.694+0000] {processor.py:830} INFO - Processing file /home/airflow/.local/lib/python3.12/site-packages/airflow/example_dags/example_short_circuit_operator.py for tasks to queue
[2024-07-25T04:09:52.695+0000] {logging_mixin.py:188} INFO - [2024-07-25T04:09:52.695+0000] {dagbag.py:545} INFO - Filling up the DagBag from /home/airflow/.local/lib/python3.12/site-packages/airflow/example_dags/example_short_circuit_operator.py
[2024-07-25T04:09:52.700+0000] {processor.py:840} INFO - DAG(s) 'example_short_circuit_operator' retrieved from /home/airflow/.local/lib/python3.12/site-packages/airflow/example_dags/example_short_circuit_operator.py
[2024-07-25T04:09:52.713+0000] {logging_mixin.py:188} INFO - [2024-07-25T04:09:52.713+0000] {dag.py:3089} INFO - Sync 1 DAGs
[2024-07-25T04:09:52.724+0000] {logging_mixin.py:188} INFO - [2024-07-25T04:09:52.724+0000] {dag.py:3947} INFO - Setting next_dagrun for example_short_circuit_operator to 2024-07-24 00:00:00+00:00, run_after=2024-07-25 00:00:00+00:00
[2024-07-25T04:09:52.734+0000] {processor.py:183} INFO - Processing /home/airflow/.local/lib/python3.12/site-packages/airflow/example_dags/example_short_circuit_operator.py took 0.044 seconds
[2024-07-25T04:10:23.433+0000] {processor.py:161} INFO - Started process (PID=815) to work on /home/airflow/.local/lib/python3.12/site-packages/airflow/example_dags/example_short_circuit_operator.py
[2024-07-25T04:10:23.433+0000] {processor.py:830} INFO - Processing file /home/airflow/.local/lib/python3.12/site-packages/airflow/example_dags/example_short_circuit_operator.py for tasks to queue
[2024-07-25T04:10:23.434+0000] {logging_mixin.py:188} INFO - [2024-07-25T04:10:23.434+0000] {dagbag.py:545} INFO - Filling up the DagBag from /home/airflow/.local/lib/python3.12/site-packages/airflow/example_dags/example_short_circuit_operator.py
[2024-07-25T04:10:23.439+0000] {processor.py:840} INFO - DAG(s) 'example_short_circuit_operator' retrieved from /home/airflow/.local/lib/python3.12/site-packages/airflow/example_dags/example_short_circuit_operator.py
[2024-07-25T04:10:23.451+0000] {logging_mixin.py:188} INFO - [2024-07-25T04:10:23.451+0000] {dag.py:3089} INFO - Sync 1 DAGs
[2024-07-25T04:10:23.461+0000] {logging_mixin.py:188} INFO - [2024-07-25T04:10:23.461+0000] {dag.py:3947} INFO - Setting next_dagrun for example_short_circuit_operator to 2024-07-24 00:00:00+00:00, run_after=2024-07-25 00:00:00+00:00
[2024-07-25T04:10:23.470+0000] {processor.py:183} INFO - Processing /home/airflow/.local/lib/python3.12/site-packages/airflow/example_dags/example_short_circuit_operator.py took 0.041 seconds
[2024-07-25T04:10:53.675+0000] {processor.py:161} INFO - Started process (PID=873) to work on /home/airflow/.local/lib/python3.12/site-packages/airflow/example_dags/example_short_circuit_operator.py
[2024-07-25T04:10:53.676+0000] {processor.py:830} INFO - Processing file /home/airflow/.local/lib/python3.12/site-packages/airflow/example_dags/example_short_circuit_operator.py for tasks to queue
[2024-07-25T04:10:53.677+0000] {logging_mixin.py:188} INFO - [2024-07-25T04:10:53.677+0000] {dagbag.py:545} INFO - Filling up the DagBag from /home/airflow/.local/lib/python3.12/site-packages/airflow/example_dags/example_short_circuit_operator.py
[2024-07-25T04:10:53.681+0000] {processor.py:840} INFO - DAG(s) 'example_short_circuit_operator' retrieved from /home/airflow/.local/lib/python3.12/site-packages/airflow/example_dags/example_short_circuit_operator.py
[2024-07-25T04:10:53.692+0000] {logging_mixin.py:188} INFO - [2024-07-25T04:10:53.692+0000] {dag.py:3089} INFO - Sync 1 DAGs
[2024-07-25T04:10:53.703+0000] {logging_mixin.py:188} INFO - [2024-07-25T04:10:53.703+0000] {dag.py:3947} INFO - Setting next_dagrun for example_short_circuit_operator to 2024-07-24 00:00:00+00:00, run_after=2024-07-25 00:00:00+00:00
[2024-07-25T04:10:53.712+0000] {processor.py:183} INFO - Processing /home/airflow/.local/lib/python3.12/site-packages/airflow/example_dags/example_short_circuit_operator.py took 0.041 seconds
[2024-07-25T04:11:23.843+0000] {processor.py:161} INFO - Started process (PID=931) to work on /home/airflow/.local/lib/python3.12/site-packages/airflow/example_dags/example_short_circuit_operator.py
[2024-07-25T04:11:23.844+0000] {processor.py:830} INFO - Processing file /home/airflow/.local/lib/python3.12/site-packages/airflow/example_dags/example_short_circuit_operator.py for tasks to queue
[2024-07-25T04:11:23.846+0000] {logging_mixin.py:188} INFO - [2024-07-25T04:11:23.845+0000] {dagbag.py:545} INFO - Filling up the DagBag from /home/airflow/.local/lib/python3.12/site-packages/airflow/example_dags/example_short_circuit_operator.py
[2024-07-25T04:11:23.856+0000] {processor.py:840} INFO - DAG(s) 'example_short_circuit_operator' retrieved from /home/airflow/.local/lib/python3.12/site-packages/airflow/example_dags/example_short_circuit_operator.py
[2024-07-25T04:11:23.874+0000] {logging_mixin.py:188} INFO - [2024-07-25T04:11:23.873+0000] {dag.py:3089} INFO - Sync 1 DAGs
[2024-07-25T04:11:23.889+0000] {logging_mixin.py:188} INFO - [2024-07-25T04:11:23.889+0000] {dag.py:3947} INFO - Setting next_dagrun for example_short_circuit_operator to 2024-07-24 00:00:00+00:00, run_after=2024-07-25 00:00:00+00:00
[2024-07-25T04:11:23.901+0000] {processor.py:183} INFO - Processing /home/airflow/.local/lib/python3.12/site-packages/airflow/example_dags/example_short_circuit_operator.py took 0.062 seconds
