[2024-07-25T03:40:25.398+0000] {processor.py:161} INFO - Started process (PID=70) to work on /home/airflow/.local/lib/python3.12/site-packages/airflow/example_dags/example_latest_only.py
[2024-07-25T03:40:25.399+0000] {processor.py:830} INFO - Processing file /home/airflow/.local/lib/python3.12/site-packages/airflow/example_dags/example_latest_only.py for tasks to queue
[2024-07-25T03:40:25.401+0000] {logging_mixin.py:188} INFO - [2024-07-25T03:40:25.401+0000] {dagbag.py:545} INFO - Filling up the DagBag from /home/airflow/.local/lib/python3.12/site-packages/airflow/example_dags/example_latest_only.py
[2024-07-25T03:40:25.408+0000] {processor.py:840} INFO - DAG(s) 'latest_only' retrieved from /home/airflow/.local/lib/python3.12/site-packages/airflow/example_dags/example_latest_only.py
[2024-07-25T03:40:25.419+0000] {logging_mixin.py:188} INFO - [2024-07-25T03:40:25.419+0000] {dag.py:3089} INFO - Sync 1 DAGs
[2024-07-25T03:40:25.434+0000] {logging_mixin.py:188} INFO - [2024-07-25T03:40:25.434+0000] {dag.py:3947} INFO - Setting next_dagrun for latest_only to 2024-07-24 20:00:00+00:00, run_after=2024-07-25 00:00:00+00:00
[2024-07-25T03:40:25.448+0000] {processor.py:183} INFO - Processing /home/airflow/.local/lib/python3.12/site-packages/airflow/example_dags/example_latest_only.py took 0.056 seconds
[2024-07-25T03:40:56.530+0000] {processor.py:161} INFO - Started process (PID=128) to work on /home/airflow/.local/lib/python3.12/site-packages/airflow/example_dags/example_latest_only.py
[2024-07-25T03:40:56.531+0000] {processor.py:830} INFO - Processing file /home/airflow/.local/lib/python3.12/site-packages/airflow/example_dags/example_latest_only.py for tasks to queue
[2024-07-25T03:40:56.532+0000] {logging_mixin.py:188} INFO - [2024-07-25T03:40:56.532+0000] {dagbag.py:545} INFO - Filling up the DagBag from /home/airflow/.local/lib/python3.12/site-packages/airflow/example_dags/example_latest_only.py
[2024-07-25T03:40:56.535+0000] {processor.py:840} INFO - DAG(s) 'latest_only' retrieved from /home/airflow/.local/lib/python3.12/site-packages/airflow/example_dags/example_latest_only.py
[2024-07-25T03:40:56.587+0000] {logging_mixin.py:188} INFO - [2024-07-25T03:40:56.586+0000] {dag.py:3089} INFO - Sync 1 DAGs
[2024-07-25T03:40:56.595+0000] {logging_mixin.py:188} INFO - [2024-07-25T03:40:56.595+0000] {dag.py:3947} INFO - Setting next_dagrun for latest_only to 2024-07-24 20:00:00+00:00, run_after=2024-07-25 00:00:00+00:00
[2024-07-25T03:40:56.603+0000] {processor.py:183} INFO - Processing /home/airflow/.local/lib/python3.12/site-packages/airflow/example_dags/example_latest_only.py took 0.077 seconds
[2024-07-25T03:41:27.365+0000] {processor.py:161} INFO - Started process (PID=186) to work on /home/airflow/.local/lib/python3.12/site-packages/airflow/example_dags/example_latest_only.py
[2024-07-25T03:41:27.366+0000] {processor.py:830} INFO - Processing file /home/airflow/.local/lib/python3.12/site-packages/airflow/example_dags/example_latest_only.py for tasks to queue
[2024-07-25T03:41:27.367+0000] {logging_mixin.py:188} INFO - [2024-07-25T03:41:27.367+0000] {dagbag.py:545} INFO - Filling up the DagBag from /home/airflow/.local/lib/python3.12/site-packages/airflow/example_dags/example_latest_only.py
[2024-07-25T03:41:27.370+0000] {processor.py:840} INFO - DAG(s) 'latest_only' retrieved from /home/airflow/.local/lib/python3.12/site-packages/airflow/example_dags/example_latest_only.py
[2024-07-25T03:41:27.382+0000] {logging_mixin.py:188} INFO - [2024-07-25T03:41:27.381+0000] {dag.py:3089} INFO - Sync 1 DAGs
[2024-07-25T03:41:27.393+0000] {logging_mixin.py:188} INFO - [2024-07-25T03:41:27.393+0000] {dag.py:3947} INFO - Setting next_dagrun for latest_only to 2024-07-24 20:00:00+00:00, run_after=2024-07-25 00:00:00+00:00
[2024-07-25T03:41:27.402+0000] {processor.py:183} INFO - Processing /home/airflow/.local/lib/python3.12/site-packages/airflow/example_dags/example_latest_only.py took 0.040 seconds
[2024-07-25T03:41:57.487+0000] {processor.py:161} INFO - Started process (PID=244) to work on /home/airflow/.local/lib/python3.12/site-packages/airflow/example_dags/example_latest_only.py
[2024-07-25T03:41:57.488+0000] {processor.py:830} INFO - Processing file /home/airflow/.local/lib/python3.12/site-packages/airflow/example_dags/example_latest_only.py for tasks to queue
[2024-07-25T03:41:57.489+0000] {logging_mixin.py:188} INFO - [2024-07-25T03:41:57.489+0000] {dagbag.py:545} INFO - Filling up the DagBag from /home/airflow/.local/lib/python3.12/site-packages/airflow/example_dags/example_latest_only.py
[2024-07-25T03:41:57.492+0000] {processor.py:840} INFO - DAG(s) 'latest_only' retrieved from /home/airflow/.local/lib/python3.12/site-packages/airflow/example_dags/example_latest_only.py
[2024-07-25T03:41:57.504+0000] {logging_mixin.py:188} INFO - [2024-07-25T03:41:57.504+0000] {dag.py:3089} INFO - Sync 1 DAGs
[2024-07-25T03:41:57.514+0000] {logging_mixin.py:188} INFO - [2024-07-25T03:41:57.514+0000] {dag.py:3947} INFO - Setting next_dagrun for latest_only to 2024-07-24 20:00:00+00:00, run_after=2024-07-25 00:00:00+00:00
[2024-07-25T03:41:57.523+0000] {processor.py:183} INFO - Processing /home/airflow/.local/lib/python3.12/site-packages/airflow/example_dags/example_latest_only.py took 0.039 seconds
[2024-07-25T03:42:28.456+0000] {processor.py:161} INFO - Started process (PID=302) to work on /home/airflow/.local/lib/python3.12/site-packages/airflow/example_dags/example_latest_only.py
[2024-07-25T03:42:28.457+0000] {processor.py:830} INFO - Processing file /home/airflow/.local/lib/python3.12/site-packages/airflow/example_dags/example_latest_only.py for tasks to queue
[2024-07-25T03:42:28.458+0000] {logging_mixin.py:188} INFO - [2024-07-25T03:42:28.458+0000] {dagbag.py:545} INFO - Filling up the DagBag from /home/airflow/.local/lib/python3.12/site-packages/airflow/example_dags/example_latest_only.py
[2024-07-25T03:42:28.461+0000] {processor.py:840} INFO - DAG(s) 'latest_only' retrieved from /home/airflow/.local/lib/python3.12/site-packages/airflow/example_dags/example_latest_only.py
[2024-07-25T03:42:28.473+0000] {logging_mixin.py:188} INFO - [2024-07-25T03:42:28.472+0000] {dag.py:3089} INFO - Sync 1 DAGs
[2024-07-25T03:42:28.484+0000] {logging_mixin.py:188} INFO - [2024-07-25T03:42:28.484+0000] {dag.py:3947} INFO - Setting next_dagrun for latest_only to 2024-07-24 20:00:00+00:00, run_after=2024-07-25 00:00:00+00:00
[2024-07-25T03:42:28.493+0000] {processor.py:183} INFO - Processing /home/airflow/.local/lib/python3.12/site-packages/airflow/example_dags/example_latest_only.py took 0.041 seconds
[2024-07-25T03:42:58.710+0000] {processor.py:161} INFO - Started process (PID=360) to work on /home/airflow/.local/lib/python3.12/site-packages/airflow/example_dags/example_latest_only.py
[2024-07-25T03:42:58.710+0000] {processor.py:830} INFO - Processing file /home/airflow/.local/lib/python3.12/site-packages/airflow/example_dags/example_latest_only.py for tasks to queue
[2024-07-25T03:42:58.712+0000] {logging_mixin.py:188} INFO - [2024-07-25T03:42:58.711+0000] {dagbag.py:545} INFO - Filling up the DagBag from /home/airflow/.local/lib/python3.12/site-packages/airflow/example_dags/example_latest_only.py
[2024-07-25T03:42:58.715+0000] {processor.py:840} INFO - DAG(s) 'latest_only' retrieved from /home/airflow/.local/lib/python3.12/site-packages/airflow/example_dags/example_latest_only.py
[2024-07-25T03:42:58.727+0000] {logging_mixin.py:188} INFO - [2024-07-25T03:42:58.726+0000] {dag.py:3089} INFO - Sync 1 DAGs
[2024-07-25T03:42:58.736+0000] {logging_mixin.py:188} INFO - [2024-07-25T03:42:58.736+0000] {dag.py:3947} INFO - Setting next_dagrun for latest_only to 2024-07-24 20:00:00+00:00, run_after=2024-07-25 00:00:00+00:00
[2024-07-25T03:42:58.746+0000] {processor.py:183} INFO - Processing /home/airflow/.local/lib/python3.12/site-packages/airflow/example_dags/example_latest_only.py took 0.039 seconds
[2024-07-25T03:43:29.033+0000] {processor.py:161} INFO - Started process (PID=418) to work on /home/airflow/.local/lib/python3.12/site-packages/airflow/example_dags/example_latest_only.py
[2024-07-25T03:43:29.034+0000] {processor.py:830} INFO - Processing file /home/airflow/.local/lib/python3.12/site-packages/airflow/example_dags/example_latest_only.py for tasks to queue
[2024-07-25T03:43:29.035+0000] {logging_mixin.py:188} INFO - [2024-07-25T03:43:29.035+0000] {dagbag.py:545} INFO - Filling up the DagBag from /home/airflow/.local/lib/python3.12/site-packages/airflow/example_dags/example_latest_only.py
[2024-07-25T03:43:29.038+0000] {processor.py:840} INFO - DAG(s) 'latest_only' retrieved from /home/airflow/.local/lib/python3.12/site-packages/airflow/example_dags/example_latest_only.py
[2024-07-25T03:43:29.050+0000] {logging_mixin.py:188} INFO - [2024-07-25T03:43:29.050+0000] {dag.py:3089} INFO - Sync 1 DAGs
[2024-07-25T03:43:29.061+0000] {logging_mixin.py:188} INFO - [2024-07-25T03:43:29.061+0000] {dag.py:3947} INFO - Setting next_dagrun for latest_only to 2024-07-24 20:00:00+00:00, run_after=2024-07-25 00:00:00+00:00
[2024-07-25T03:43:29.070+0000] {processor.py:183} INFO - Processing /home/airflow/.local/lib/python3.12/site-packages/airflow/example_dags/example_latest_only.py took 0.041 seconds
[2024-07-25T03:43:59.396+0000] {processor.py:161} INFO - Started process (PID=476) to work on /home/airflow/.local/lib/python3.12/site-packages/airflow/example_dags/example_latest_only.py
[2024-07-25T03:43:59.396+0000] {processor.py:830} INFO - Processing file /home/airflow/.local/lib/python3.12/site-packages/airflow/example_dags/example_latest_only.py for tasks to queue
[2024-07-25T03:43:59.398+0000] {logging_mixin.py:188} INFO - [2024-07-25T03:43:59.398+0000] {dagbag.py:545} INFO - Filling up the DagBag from /home/airflow/.local/lib/python3.12/site-packages/airflow/example_dags/example_latest_only.py
[2024-07-25T03:43:59.401+0000] {processor.py:840} INFO - DAG(s) 'latest_only' retrieved from /home/airflow/.local/lib/python3.12/site-packages/airflow/example_dags/example_latest_only.py
[2024-07-25T03:43:59.412+0000] {logging_mixin.py:188} INFO - [2024-07-25T03:43:59.412+0000] {dag.py:3089} INFO - Sync 1 DAGs
[2024-07-25T03:43:59.422+0000] {logging_mixin.py:188} INFO - [2024-07-25T03:43:59.422+0000] {dag.py:3947} INFO - Setting next_dagrun for latest_only to 2024-07-24 20:00:00+00:00, run_after=2024-07-25 00:00:00+00:00
[2024-07-25T03:43:59.431+0000] {processor.py:183} INFO - Processing /home/airflow/.local/lib/python3.12/site-packages/airflow/example_dags/example_latest_only.py took 0.040 seconds
[2024-07-25T03:44:29.683+0000] {processor.py:161} INFO - Started process (PID=534) to work on /home/airflow/.local/lib/python3.12/site-packages/airflow/example_dags/example_latest_only.py
[2024-07-25T03:44:29.683+0000] {processor.py:830} INFO - Processing file /home/airflow/.local/lib/python3.12/site-packages/airflow/example_dags/example_latest_only.py for tasks to queue
[2024-07-25T03:44:29.684+0000] {logging_mixin.py:188} INFO - [2024-07-25T03:44:29.684+0000] {dagbag.py:545} INFO - Filling up the DagBag from /home/airflow/.local/lib/python3.12/site-packages/airflow/example_dags/example_latest_only.py
[2024-07-25T03:44:29.687+0000] {processor.py:840} INFO - DAG(s) 'latest_only' retrieved from /home/airflow/.local/lib/python3.12/site-packages/airflow/example_dags/example_latest_only.py
[2024-07-25T03:44:29.698+0000] {logging_mixin.py:188} INFO - [2024-07-25T03:44:29.698+0000] {dag.py:3089} INFO - Sync 1 DAGs
[2024-07-25T03:44:29.708+0000] {logging_mixin.py:188} INFO - [2024-07-25T03:44:29.708+0000] {dag.py:3947} INFO - Setting next_dagrun for latest_only to 2024-07-24 20:00:00+00:00, run_after=2024-07-25 00:00:00+00:00
[2024-07-25T03:44:29.717+0000] {processor.py:183} INFO - Processing /home/airflow/.local/lib/python3.12/site-packages/airflow/example_dags/example_latest_only.py took 0.038 seconds
[2024-07-25T03:44:59.835+0000] {processor.py:161} INFO - Started process (PID=592) to work on /home/airflow/.local/lib/python3.12/site-packages/airflow/example_dags/example_latest_only.py
[2024-07-25T03:44:59.836+0000] {processor.py:830} INFO - Processing file /home/airflow/.local/lib/python3.12/site-packages/airflow/example_dags/example_latest_only.py for tasks to queue
[2024-07-25T03:44:59.837+0000] {logging_mixin.py:188} INFO - [2024-07-25T03:44:59.837+0000] {dagbag.py:545} INFO - Filling up the DagBag from /home/airflow/.local/lib/python3.12/site-packages/airflow/example_dags/example_latest_only.py
[2024-07-25T03:44:59.840+0000] {processor.py:840} INFO - DAG(s) 'latest_only' retrieved from /home/airflow/.local/lib/python3.12/site-packages/airflow/example_dags/example_latest_only.py
[2024-07-25T03:44:59.851+0000] {logging_mixin.py:188} INFO - [2024-07-25T03:44:59.851+0000] {dag.py:3089} INFO - Sync 1 DAGs
[2024-07-25T03:44:59.862+0000] {logging_mixin.py:188} INFO - [2024-07-25T03:44:59.862+0000] {dag.py:3947} INFO - Setting next_dagrun for latest_only to 2024-07-24 20:00:00+00:00, run_after=2024-07-25 00:00:00+00:00
[2024-07-25T03:44:59.872+0000] {processor.py:183} INFO - Processing /home/airflow/.local/lib/python3.12/site-packages/airflow/example_dags/example_latest_only.py took 0.040 seconds
[2024-07-25T03:45:30.116+0000] {processor.py:161} INFO - Started process (PID=650) to work on /home/airflow/.local/lib/python3.12/site-packages/airflow/example_dags/example_latest_only.py
[2024-07-25T03:45:30.117+0000] {processor.py:830} INFO - Processing file /home/airflow/.local/lib/python3.12/site-packages/airflow/example_dags/example_latest_only.py for tasks to queue
[2024-07-25T03:45:30.118+0000] {logging_mixin.py:188} INFO - [2024-07-25T03:45:30.118+0000] {dagbag.py:545} INFO - Filling up the DagBag from /home/airflow/.local/lib/python3.12/site-packages/airflow/example_dags/example_latest_only.py
[2024-07-25T03:45:30.121+0000] {processor.py:840} INFO - DAG(s) 'latest_only' retrieved from /home/airflow/.local/lib/python3.12/site-packages/airflow/example_dags/example_latest_only.py
[2024-07-25T03:45:30.132+0000] {logging_mixin.py:188} INFO - [2024-07-25T03:45:30.132+0000] {dag.py:3089} INFO - Sync 1 DAGs
[2024-07-25T03:45:30.143+0000] {logging_mixin.py:188} INFO - [2024-07-25T03:45:30.142+0000] {dag.py:3947} INFO - Setting next_dagrun for latest_only to 2024-07-24 20:00:00+00:00, run_after=2024-07-25 00:00:00+00:00
[2024-07-25T03:45:30.151+0000] {processor.py:183} INFO - Processing /home/airflow/.local/lib/python3.12/site-packages/airflow/example_dags/example_latest_only.py took 0.039 seconds
[2024-07-25T03:46:00.384+0000] {processor.py:161} INFO - Started process (PID=708) to work on /home/airflow/.local/lib/python3.12/site-packages/airflow/example_dags/example_latest_only.py
[2024-07-25T03:46:00.384+0000] {processor.py:830} INFO - Processing file /home/airflow/.local/lib/python3.12/site-packages/airflow/example_dags/example_latest_only.py for tasks to queue
[2024-07-25T03:46:00.386+0000] {logging_mixin.py:188} INFO - [2024-07-25T03:46:00.385+0000] {dagbag.py:545} INFO - Filling up the DagBag from /home/airflow/.local/lib/python3.12/site-packages/airflow/example_dags/example_latest_only.py
[2024-07-25T03:46:00.388+0000] {processor.py:840} INFO - DAG(s) 'latest_only' retrieved from /home/airflow/.local/lib/python3.12/site-packages/airflow/example_dags/example_latest_only.py
[2024-07-25T03:46:00.399+0000] {logging_mixin.py:188} INFO - [2024-07-25T03:46:00.399+0000] {dag.py:3089} INFO - Sync 1 DAGs
[2024-07-25T03:46:00.410+0000] {logging_mixin.py:188} INFO - [2024-07-25T03:46:00.409+0000] {dag.py:3947} INFO - Setting next_dagrun for latest_only to 2024-07-24 20:00:00+00:00, run_after=2024-07-25 00:00:00+00:00
[2024-07-25T03:46:00.419+0000] {processor.py:183} INFO - Processing /home/airflow/.local/lib/python3.12/site-packages/airflow/example_dags/example_latest_only.py took 0.038 seconds
[2024-07-25T03:46:30.583+0000] {processor.py:161} INFO - Started process (PID=766) to work on /home/airflow/.local/lib/python3.12/site-packages/airflow/example_dags/example_latest_only.py
[2024-07-25T03:46:30.584+0000] {processor.py:830} INFO - Processing file /home/airflow/.local/lib/python3.12/site-packages/airflow/example_dags/example_latest_only.py for tasks to queue
[2024-07-25T03:46:30.585+0000] {logging_mixin.py:188} INFO - [2024-07-25T03:46:30.585+0000] {dagbag.py:545} INFO - Filling up the DagBag from /home/airflow/.local/lib/python3.12/site-packages/airflow/example_dags/example_latest_only.py
[2024-07-25T03:46:30.588+0000] {processor.py:840} INFO - DAG(s) 'latest_only' retrieved from /home/airflow/.local/lib/python3.12/site-packages/airflow/example_dags/example_latest_only.py
[2024-07-25T03:46:30.600+0000] {logging_mixin.py:188} INFO - [2024-07-25T03:46:30.600+0000] {dag.py:3089} INFO - Sync 1 DAGs
[2024-07-25T03:46:30.611+0000] {logging_mixin.py:188} INFO - [2024-07-25T03:46:30.611+0000] {dag.py:3947} INFO - Setting next_dagrun for latest_only to 2024-07-24 20:00:00+00:00, run_after=2024-07-25 00:00:00+00:00
[2024-07-25T03:46:30.620+0000] {processor.py:183} INFO - Processing /home/airflow/.local/lib/python3.12/site-packages/airflow/example_dags/example_latest_only.py took 0.040 seconds
[2024-07-25T03:47:01.088+0000] {processor.py:161} INFO - Started process (PID=824) to work on /home/airflow/.local/lib/python3.12/site-packages/airflow/example_dags/example_latest_only.py
[2024-07-25T03:47:01.089+0000] {processor.py:830} INFO - Processing file /home/airflow/.local/lib/python3.12/site-packages/airflow/example_dags/example_latest_only.py for tasks to queue
[2024-07-25T03:47:01.090+0000] {logging_mixin.py:188} INFO - [2024-07-25T03:47:01.090+0000] {dagbag.py:545} INFO - Filling up the DagBag from /home/airflow/.local/lib/python3.12/site-packages/airflow/example_dags/example_latest_only.py
[2024-07-25T03:47:01.094+0000] {processor.py:840} INFO - DAG(s) 'latest_only' retrieved from /home/airflow/.local/lib/python3.12/site-packages/airflow/example_dags/example_latest_only.py
[2024-07-25T03:47:01.107+0000] {logging_mixin.py:188} INFO - [2024-07-25T03:47:01.106+0000] {dag.py:3089} INFO - Sync 1 DAGs
[2024-07-25T03:47:01.118+0000] {logging_mixin.py:188} INFO - [2024-07-25T03:47:01.117+0000] {dag.py:3947} INFO - Setting next_dagrun for latest_only to 2024-07-24 20:00:00+00:00, run_after=2024-07-25 00:00:00+00:00
[2024-07-25T03:47:01.127+0000] {processor.py:183} INFO - Processing /home/airflow/.local/lib/python3.12/site-packages/airflow/example_dags/example_latest_only.py took 0.042 seconds
[2024-07-25T03:47:31.260+0000] {processor.py:161} INFO - Started process (PID=882) to work on /home/airflow/.local/lib/python3.12/site-packages/airflow/example_dags/example_latest_only.py
[2024-07-25T03:47:31.261+0000] {processor.py:830} INFO - Processing file /home/airflow/.local/lib/python3.12/site-packages/airflow/example_dags/example_latest_only.py for tasks to queue
[2024-07-25T03:47:31.262+0000] {logging_mixin.py:188} INFO - [2024-07-25T03:47:31.262+0000] {dagbag.py:545} INFO - Filling up the DagBag from /home/airflow/.local/lib/python3.12/site-packages/airflow/example_dags/example_latest_only.py
[2024-07-25T03:47:31.265+0000] {processor.py:840} INFO - DAG(s) 'latest_only' retrieved from /home/airflow/.local/lib/python3.12/site-packages/airflow/example_dags/example_latest_only.py
[2024-07-25T03:47:31.278+0000] {logging_mixin.py:188} INFO - [2024-07-25T03:47:31.278+0000] {dag.py:3089} INFO - Sync 1 DAGs
[2024-07-25T03:47:31.289+0000] {logging_mixin.py:188} INFO - [2024-07-25T03:47:31.289+0000] {dag.py:3947} INFO - Setting next_dagrun for latest_only to 2024-07-24 20:00:00+00:00, run_after=2024-07-25 00:00:00+00:00
[2024-07-25T03:47:31.298+0000] {processor.py:183} INFO - Processing /home/airflow/.local/lib/python3.12/site-packages/airflow/example_dags/example_latest_only.py took 0.041 seconds
[2024-07-25T03:48:01.414+0000] {processor.py:161} INFO - Started process (PID=940) to work on /home/airflow/.local/lib/python3.12/site-packages/airflow/example_dags/example_latest_only.py
[2024-07-25T03:48:01.415+0000] {processor.py:830} INFO - Processing file /home/airflow/.local/lib/python3.12/site-packages/airflow/example_dags/example_latest_only.py for tasks to queue
[2024-07-25T03:48:01.416+0000] {logging_mixin.py:188} INFO - [2024-07-25T03:48:01.416+0000] {dagbag.py:545} INFO - Filling up the DagBag from /home/airflow/.local/lib/python3.12/site-packages/airflow/example_dags/example_latest_only.py
[2024-07-25T03:48:01.419+0000] {processor.py:840} INFO - DAG(s) 'latest_only' retrieved from /home/airflow/.local/lib/python3.12/site-packages/airflow/example_dags/example_latest_only.py
[2024-07-25T03:48:01.430+0000] {logging_mixin.py:188} INFO - [2024-07-25T03:48:01.430+0000] {dag.py:3089} INFO - Sync 1 DAGs
[2024-07-25T03:48:01.440+0000] {logging_mixin.py:188} INFO - [2024-07-25T03:48:01.440+0000] {dag.py:3947} INFO - Setting next_dagrun for latest_only to 2024-07-24 20:00:00+00:00, run_after=2024-07-25 00:00:00+00:00
[2024-07-25T03:48:01.450+0000] {processor.py:183} INFO - Processing /home/airflow/.local/lib/python3.12/site-packages/airflow/example_dags/example_latest_only.py took 0.039 seconds
[2024-07-25T03:48:31.630+0000] {processor.py:161} INFO - Started process (PID=998) to work on /home/airflow/.local/lib/python3.12/site-packages/airflow/example_dags/example_latest_only.py
[2024-07-25T03:48:31.631+0000] {processor.py:830} INFO - Processing file /home/airflow/.local/lib/python3.12/site-packages/airflow/example_dags/example_latest_only.py for tasks to queue
[2024-07-25T03:48:31.632+0000] {logging_mixin.py:188} INFO - [2024-07-25T03:48:31.632+0000] {dagbag.py:545} INFO - Filling up the DagBag from /home/airflow/.local/lib/python3.12/site-packages/airflow/example_dags/example_latest_only.py
[2024-07-25T03:48:31.636+0000] {processor.py:840} INFO - DAG(s) 'latest_only' retrieved from /home/airflow/.local/lib/python3.12/site-packages/airflow/example_dags/example_latest_only.py
[2024-07-25T03:48:31.647+0000] {logging_mixin.py:188} INFO - [2024-07-25T03:48:31.646+0000] {dag.py:3089} INFO - Sync 1 DAGs
[2024-07-25T03:48:31.660+0000] {logging_mixin.py:188} INFO - [2024-07-25T03:48:31.659+0000] {dag.py:3947} INFO - Setting next_dagrun for latest_only to 2024-07-24 20:00:00+00:00, run_after=2024-07-25 00:00:00+00:00
[2024-07-25T03:48:31.670+0000] {processor.py:183} INFO - Processing /home/airflow/.local/lib/python3.12/site-packages/airflow/example_dags/example_latest_only.py took 0.044 seconds
[2024-07-25T03:49:02.101+0000] {processor.py:161} INFO - Started process (PID=1056) to work on /home/airflow/.local/lib/python3.12/site-packages/airflow/example_dags/example_latest_only.py
[2024-07-25T03:49:02.103+0000] {processor.py:830} INFO - Processing file /home/airflow/.local/lib/python3.12/site-packages/airflow/example_dags/example_latest_only.py for tasks to queue
[2024-07-25T03:49:02.104+0000] {logging_mixin.py:188} INFO - [2024-07-25T03:49:02.104+0000] {dagbag.py:545} INFO - Filling up the DagBag from /home/airflow/.local/lib/python3.12/site-packages/airflow/example_dags/example_latest_only.py
[2024-07-25T03:49:02.107+0000] {processor.py:840} INFO - DAG(s) 'latest_only' retrieved from /home/airflow/.local/lib/python3.12/site-packages/airflow/example_dags/example_latest_only.py
[2024-07-25T03:49:02.119+0000] {logging_mixin.py:188} INFO - [2024-07-25T03:49:02.119+0000] {dag.py:3089} INFO - Sync 1 DAGs
[2024-07-25T03:49:02.132+0000] {logging_mixin.py:188} INFO - [2024-07-25T03:49:02.132+0000] {dag.py:3947} INFO - Setting next_dagrun for latest_only to 2024-07-24 20:00:00+00:00, run_after=2024-07-25 00:00:00+00:00
[2024-07-25T03:49:02.142+0000] {processor.py:183} INFO - Processing /home/airflow/.local/lib/python3.12/site-packages/airflow/example_dags/example_latest_only.py took 0.044 seconds
[2024-07-25T03:49:32.393+0000] {processor.py:161} INFO - Started process (PID=1114) to work on /home/airflow/.local/lib/python3.12/site-packages/airflow/example_dags/example_latest_only.py
[2024-07-25T03:49:32.394+0000] {processor.py:830} INFO - Processing file /home/airflow/.local/lib/python3.12/site-packages/airflow/example_dags/example_latest_only.py for tasks to queue
[2024-07-25T03:49:32.395+0000] {logging_mixin.py:188} INFO - [2024-07-25T03:49:32.395+0000] {dagbag.py:545} INFO - Filling up the DagBag from /home/airflow/.local/lib/python3.12/site-packages/airflow/example_dags/example_latest_only.py
[2024-07-25T03:49:32.398+0000] {processor.py:840} INFO - DAG(s) 'latest_only' retrieved from /home/airflow/.local/lib/python3.12/site-packages/airflow/example_dags/example_latest_only.py
[2024-07-25T03:49:32.410+0000] {logging_mixin.py:188} INFO - [2024-07-25T03:49:32.410+0000] {dag.py:3089} INFO - Sync 1 DAGs
[2024-07-25T03:49:32.422+0000] {logging_mixin.py:188} INFO - [2024-07-25T03:49:32.422+0000] {dag.py:3947} INFO - Setting next_dagrun for latest_only to 2024-07-24 20:00:00+00:00, run_after=2024-07-25 00:00:00+00:00
[2024-07-25T03:49:32.432+0000] {processor.py:183} INFO - Processing /home/airflow/.local/lib/python3.12/site-packages/airflow/example_dags/example_latest_only.py took 0.042 seconds
[2024-07-25T03:50:02.586+0000] {processor.py:161} INFO - Started process (PID=1172) to work on /home/airflow/.local/lib/python3.12/site-packages/airflow/example_dags/example_latest_only.py
[2024-07-25T03:50:02.587+0000] {processor.py:830} INFO - Processing file /home/airflow/.local/lib/python3.12/site-packages/airflow/example_dags/example_latest_only.py for tasks to queue
[2024-07-25T03:50:02.588+0000] {logging_mixin.py:188} INFO - [2024-07-25T03:50:02.588+0000] {dagbag.py:545} INFO - Filling up the DagBag from /home/airflow/.local/lib/python3.12/site-packages/airflow/example_dags/example_latest_only.py
[2024-07-25T03:50:02.591+0000] {processor.py:840} INFO - DAG(s) 'latest_only' retrieved from /home/airflow/.local/lib/python3.12/site-packages/airflow/example_dags/example_latest_only.py
[2024-07-25T03:50:02.603+0000] {logging_mixin.py:188} INFO - [2024-07-25T03:50:02.602+0000] {dag.py:3089} INFO - Sync 1 DAGs
[2024-07-25T03:50:02.614+0000] {logging_mixin.py:188} INFO - [2024-07-25T03:50:02.613+0000] {dag.py:3947} INFO - Setting next_dagrun for latest_only to 2024-07-24 20:00:00+00:00, run_after=2024-07-25 00:00:00+00:00
[2024-07-25T03:50:02.623+0000] {processor.py:183} INFO - Processing /home/airflow/.local/lib/python3.12/site-packages/airflow/example_dags/example_latest_only.py took 0.040 seconds
[2024-07-25T03:50:32.919+0000] {processor.py:161} INFO - Started process (PID=1230) to work on /home/airflow/.local/lib/python3.12/site-packages/airflow/example_dags/example_latest_only.py
[2024-07-25T03:50:32.920+0000] {processor.py:830} INFO - Processing file /home/airflow/.local/lib/python3.12/site-packages/airflow/example_dags/example_latest_only.py for tasks to queue
[2024-07-25T03:50:32.921+0000] {logging_mixin.py:188} INFO - [2024-07-25T03:50:32.921+0000] {dagbag.py:545} INFO - Filling up the DagBag from /home/airflow/.local/lib/python3.12/site-packages/airflow/example_dags/example_latest_only.py
[2024-07-25T03:50:32.925+0000] {processor.py:840} INFO - DAG(s) 'latest_only' retrieved from /home/airflow/.local/lib/python3.12/site-packages/airflow/example_dags/example_latest_only.py
[2024-07-25T03:50:32.936+0000] {logging_mixin.py:188} INFO - [2024-07-25T03:50:32.936+0000] {dag.py:3089} INFO - Sync 1 DAGs
[2024-07-25T03:50:32.947+0000] {logging_mixin.py:188} INFO - [2024-07-25T03:50:32.947+0000] {dag.py:3947} INFO - Setting next_dagrun for latest_only to 2024-07-24 20:00:00+00:00, run_after=2024-07-25 00:00:00+00:00
[2024-07-25T03:50:32.958+0000] {processor.py:183} INFO - Processing /home/airflow/.local/lib/python3.12/site-packages/airflow/example_dags/example_latest_only.py took 0.043 seconds
[2024-07-25T03:51:04.042+0000] {processor.py:161} INFO - Started process (PID=1288) to work on /home/airflow/.local/lib/python3.12/site-packages/airflow/example_dags/example_latest_only.py
[2024-07-25T03:51:04.043+0000] {processor.py:830} INFO - Processing file /home/airflow/.local/lib/python3.12/site-packages/airflow/example_dags/example_latest_only.py for tasks to queue
[2024-07-25T03:51:04.044+0000] {logging_mixin.py:188} INFO - [2024-07-25T03:51:04.044+0000] {dagbag.py:545} INFO - Filling up the DagBag from /home/airflow/.local/lib/python3.12/site-packages/airflow/example_dags/example_latest_only.py
[2024-07-25T03:51:04.047+0000] {processor.py:840} INFO - DAG(s) 'latest_only' retrieved from /home/airflow/.local/lib/python3.12/site-packages/airflow/example_dags/example_latest_only.py
[2024-07-25T03:51:04.059+0000] {logging_mixin.py:188} INFO - [2024-07-25T03:51:04.059+0000] {dag.py:3089} INFO - Sync 1 DAGs
[2024-07-25T03:51:04.070+0000] {logging_mixin.py:188} INFO - [2024-07-25T03:51:04.070+0000] {dag.py:3947} INFO - Setting next_dagrun for latest_only to 2024-07-24 20:00:00+00:00, run_after=2024-07-25 00:00:00+00:00
[2024-07-25T03:51:04.078+0000] {processor.py:183} INFO - Processing /home/airflow/.local/lib/python3.12/site-packages/airflow/example_dags/example_latest_only.py took 0.040 seconds
[2024-07-25T03:51:35.252+0000] {processor.py:161} INFO - Started process (PID=1346) to work on /home/airflow/.local/lib/python3.12/site-packages/airflow/example_dags/example_latest_only.py
[2024-07-25T03:51:35.253+0000] {processor.py:830} INFO - Processing file /home/airflow/.local/lib/python3.12/site-packages/airflow/example_dags/example_latest_only.py for tasks to queue
[2024-07-25T03:51:35.254+0000] {logging_mixin.py:188} INFO - [2024-07-25T03:51:35.254+0000] {dagbag.py:545} INFO - Filling up the DagBag from /home/airflow/.local/lib/python3.12/site-packages/airflow/example_dags/example_latest_only.py
[2024-07-25T03:51:35.257+0000] {processor.py:840} INFO - DAG(s) 'latest_only' retrieved from /home/airflow/.local/lib/python3.12/site-packages/airflow/example_dags/example_latest_only.py
[2024-07-25T03:51:35.269+0000] {logging_mixin.py:188} INFO - [2024-07-25T03:51:35.269+0000] {dag.py:3089} INFO - Sync 1 DAGs
[2024-07-25T03:51:35.281+0000] {logging_mixin.py:188} INFO - [2024-07-25T03:51:35.281+0000] {dag.py:3947} INFO - Setting next_dagrun for latest_only to 2024-07-24 20:00:00+00:00, run_after=2024-07-25 00:00:00+00:00
[2024-07-25T03:51:35.290+0000] {processor.py:183} INFO - Processing /home/airflow/.local/lib/python3.12/site-packages/airflow/example_dags/example_latest_only.py took 0.041 seconds
[2024-07-25T03:52:06.403+0000] {processor.py:161} INFO - Started process (PID=1404) to work on /home/airflow/.local/lib/python3.12/site-packages/airflow/example_dags/example_latest_only.py
[2024-07-25T03:52:06.404+0000] {processor.py:830} INFO - Processing file /home/airflow/.local/lib/python3.12/site-packages/airflow/example_dags/example_latest_only.py for tasks to queue
[2024-07-25T03:52:06.405+0000] {logging_mixin.py:188} INFO - [2024-07-25T03:52:06.405+0000] {dagbag.py:545} INFO - Filling up the DagBag from /home/airflow/.local/lib/python3.12/site-packages/airflow/example_dags/example_latest_only.py
[2024-07-25T03:52:06.408+0000] {processor.py:840} INFO - DAG(s) 'latest_only' retrieved from /home/airflow/.local/lib/python3.12/site-packages/airflow/example_dags/example_latest_only.py
[2024-07-25T03:52:06.419+0000] {logging_mixin.py:188} INFO - [2024-07-25T03:52:06.419+0000] {dag.py:3089} INFO - Sync 1 DAGs
[2024-07-25T03:52:06.430+0000] {logging_mixin.py:188} INFO - [2024-07-25T03:52:06.430+0000] {dag.py:3947} INFO - Setting next_dagrun for latest_only to 2024-07-24 20:00:00+00:00, run_after=2024-07-25 00:00:00+00:00
[2024-07-25T03:52:06.440+0000] {processor.py:183} INFO - Processing /home/airflow/.local/lib/python3.12/site-packages/airflow/example_dags/example_latest_only.py took 0.041 seconds
[2024-07-25T03:52:36.612+0000] {processor.py:161} INFO - Started process (PID=1462) to work on /home/airflow/.local/lib/python3.12/site-packages/airflow/example_dags/example_latest_only.py
[2024-07-25T03:52:36.613+0000] {processor.py:830} INFO - Processing file /home/airflow/.local/lib/python3.12/site-packages/airflow/example_dags/example_latest_only.py for tasks to queue
[2024-07-25T03:52:36.615+0000] {logging_mixin.py:188} INFO - [2024-07-25T03:52:36.615+0000] {dagbag.py:545} INFO - Filling up the DagBag from /home/airflow/.local/lib/python3.12/site-packages/airflow/example_dags/example_latest_only.py
[2024-07-25T03:52:36.621+0000] {processor.py:840} INFO - DAG(s) 'latest_only' retrieved from /home/airflow/.local/lib/python3.12/site-packages/airflow/example_dags/example_latest_only.py
[2024-07-25T03:52:36.636+0000] {logging_mixin.py:188} INFO - [2024-07-25T03:52:36.636+0000] {dag.py:3089} INFO - Sync 1 DAGs
[2024-07-25T03:52:36.648+0000] {logging_mixin.py:188} INFO - [2024-07-25T03:52:36.647+0000] {dag.py:3947} INFO - Setting next_dagrun for latest_only to 2024-07-24 20:00:00+00:00, run_after=2024-07-25 00:00:00+00:00
[2024-07-25T03:52:36.660+0000] {processor.py:183} INFO - Processing /home/airflow/.local/lib/python3.12/site-packages/airflow/example_dags/example_latest_only.py took 0.051 seconds
[2024-07-25T04:03:47.643+0000] {processor.py:161} INFO - Started process (PID=70) to work on /home/airflow/.local/lib/python3.12/site-packages/airflow/example_dags/example_latest_only.py
[2024-07-25T04:03:47.644+0000] {processor.py:830} INFO - Processing file /home/airflow/.local/lib/python3.12/site-packages/airflow/example_dags/example_latest_only.py for tasks to queue
[2024-07-25T04:03:47.645+0000] {logging_mixin.py:188} INFO - [2024-07-25T04:03:47.645+0000] {dagbag.py:545} INFO - Filling up the DagBag from /home/airflow/.local/lib/python3.12/site-packages/airflow/example_dags/example_latest_only.py
[2024-07-25T04:03:47.653+0000] {processor.py:840} INFO - DAG(s) 'latest_only' retrieved from /home/airflow/.local/lib/python3.12/site-packages/airflow/example_dags/example_latest_only.py
[2024-07-25T04:03:47.662+0000] {logging_mixin.py:188} INFO - [2024-07-25T04:03:47.662+0000] {dag.py:3089} INFO - Sync 1 DAGs
[2024-07-25T04:03:47.679+0000] {logging_mixin.py:188} INFO - [2024-07-25T04:03:47.679+0000] {dag.py:3947} INFO - Setting next_dagrun for latest_only to 2024-07-25 00:00:00+00:00, run_after=2024-07-25 04:00:00+00:00
[2024-07-25T04:03:47.691+0000] {processor.py:183} INFO - Processing /home/airflow/.local/lib/python3.12/site-packages/airflow/example_dags/example_latest_only.py took 0.053 seconds
[2024-07-25T04:04:19.307+0000] {processor.py:161} INFO - Started process (PID=128) to work on /home/airflow/.local/lib/python3.12/site-packages/airflow/example_dags/example_latest_only.py
[2024-07-25T04:04:19.308+0000] {processor.py:830} INFO - Processing file /home/airflow/.local/lib/python3.12/site-packages/airflow/example_dags/example_latest_only.py for tasks to queue
[2024-07-25T04:04:19.310+0000] {logging_mixin.py:188} INFO - [2024-07-25T04:04:19.309+0000] {dagbag.py:545} INFO - Filling up the DagBag from /home/airflow/.local/lib/python3.12/site-packages/airflow/example_dags/example_latest_only.py
[2024-07-25T04:04:19.312+0000] {processor.py:840} INFO - DAG(s) 'latest_only' retrieved from /home/airflow/.local/lib/python3.12/site-packages/airflow/example_dags/example_latest_only.py
[2024-07-25T04:04:19.399+0000] {logging_mixin.py:188} INFO - [2024-07-25T04:04:19.399+0000] {dag.py:3089} INFO - Sync 1 DAGs
[2024-07-25T04:04:19.409+0000] {logging_mixin.py:188} INFO - [2024-07-25T04:04:19.409+0000] {dag.py:3947} INFO - Setting next_dagrun for latest_only to 2024-07-25 00:00:00+00:00, run_after=2024-07-25 04:00:00+00:00
[2024-07-25T04:04:19.420+0000] {processor.py:183} INFO - Processing /home/airflow/.local/lib/python3.12/site-packages/airflow/example_dags/example_latest_only.py took 0.117 seconds
[2024-07-25T04:04:49.678+0000] {processor.py:161} INFO - Started process (PID=186) to work on /home/airflow/.local/lib/python3.12/site-packages/airflow/example_dags/example_latest_only.py
[2024-07-25T04:04:49.679+0000] {processor.py:830} INFO - Processing file /home/airflow/.local/lib/python3.12/site-packages/airflow/example_dags/example_latest_only.py for tasks to queue
[2024-07-25T04:04:49.681+0000] {logging_mixin.py:188} INFO - [2024-07-25T04:04:49.680+0000] {dagbag.py:545} INFO - Filling up the DagBag from /home/airflow/.local/lib/python3.12/site-packages/airflow/example_dags/example_latest_only.py
[2024-07-25T04:04:49.684+0000] {processor.py:840} INFO - DAG(s) 'latest_only' retrieved from /home/airflow/.local/lib/python3.12/site-packages/airflow/example_dags/example_latest_only.py
[2024-07-25T04:04:49.695+0000] {logging_mixin.py:188} INFO - [2024-07-25T04:04:49.695+0000] {dag.py:3089} INFO - Sync 1 DAGs
[2024-07-25T04:04:49.706+0000] {logging_mixin.py:188} INFO - [2024-07-25T04:04:49.705+0000] {dag.py:3947} INFO - Setting next_dagrun for latest_only to 2024-07-25 00:00:00+00:00, run_after=2024-07-25 04:00:00+00:00
[2024-07-25T04:04:49.715+0000] {processor.py:183} INFO - Processing /home/airflow/.local/lib/python3.12/site-packages/airflow/example_dags/example_latest_only.py took 0.040 seconds
[2024-07-25T04:05:19.889+0000] {processor.py:161} INFO - Started process (PID=244) to work on /home/airflow/.local/lib/python3.12/site-packages/airflow/example_dags/example_latest_only.py
[2024-07-25T04:05:19.890+0000] {processor.py:830} INFO - Processing file /home/airflow/.local/lib/python3.12/site-packages/airflow/example_dags/example_latest_only.py for tasks to queue
[2024-07-25T04:05:19.892+0000] {logging_mixin.py:188} INFO - [2024-07-25T04:05:19.891+0000] {dagbag.py:545} INFO - Filling up the DagBag from /home/airflow/.local/lib/python3.12/site-packages/airflow/example_dags/example_latest_only.py
[2024-07-25T04:05:19.895+0000] {processor.py:840} INFO - DAG(s) 'latest_only' retrieved from /home/airflow/.local/lib/python3.12/site-packages/airflow/example_dags/example_latest_only.py
[2024-07-25T04:05:19.907+0000] {logging_mixin.py:188} INFO - [2024-07-25T04:05:19.907+0000] {dag.py:3089} INFO - Sync 1 DAGs
[2024-07-25T04:05:19.920+0000] {logging_mixin.py:188} INFO - [2024-07-25T04:05:19.920+0000] {dag.py:3947} INFO - Setting next_dagrun for latest_only to 2024-07-25 00:00:00+00:00, run_after=2024-07-25 04:00:00+00:00
[2024-07-25T04:05:19.931+0000] {processor.py:183} INFO - Processing /home/airflow/.local/lib/python3.12/site-packages/airflow/example_dags/example_latest_only.py took 0.047 seconds
[2024-07-25T04:05:50.125+0000] {processor.py:161} INFO - Started process (PID=302) to work on /home/airflow/.local/lib/python3.12/site-packages/airflow/example_dags/example_latest_only.py
[2024-07-25T04:05:50.125+0000] {processor.py:830} INFO - Processing file /home/airflow/.local/lib/python3.12/site-packages/airflow/example_dags/example_latest_only.py for tasks to queue
[2024-07-25T04:05:50.127+0000] {logging_mixin.py:188} INFO - [2024-07-25T04:05:50.127+0000] {dagbag.py:545} INFO - Filling up the DagBag from /home/airflow/.local/lib/python3.12/site-packages/airflow/example_dags/example_latest_only.py
[2024-07-25T04:05:50.130+0000] {processor.py:840} INFO - DAG(s) 'latest_only' retrieved from /home/airflow/.local/lib/python3.12/site-packages/airflow/example_dags/example_latest_only.py
[2024-07-25T04:05:50.142+0000] {logging_mixin.py:188} INFO - [2024-07-25T04:05:50.142+0000] {dag.py:3089} INFO - Sync 1 DAGs
[2024-07-25T04:05:50.154+0000] {logging_mixin.py:188} INFO - [2024-07-25T04:05:50.153+0000] {dag.py:3947} INFO - Setting next_dagrun for latest_only to 2024-07-25 00:00:00+00:00, run_after=2024-07-25 04:00:00+00:00
[2024-07-25T04:05:50.162+0000] {processor.py:183} INFO - Processing /home/airflow/.local/lib/python3.12/site-packages/airflow/example_dags/example_latest_only.py took 0.041 seconds
[2024-07-25T04:06:21.091+0000] {processor.py:161} INFO - Started process (PID=360) to work on /home/airflow/.local/lib/python3.12/site-packages/airflow/example_dags/example_latest_only.py
[2024-07-25T04:06:21.092+0000] {processor.py:830} INFO - Processing file /home/airflow/.local/lib/python3.12/site-packages/airflow/example_dags/example_latest_only.py for tasks to queue
[2024-07-25T04:06:21.093+0000] {logging_mixin.py:188} INFO - [2024-07-25T04:06:21.093+0000] {dagbag.py:545} INFO - Filling up the DagBag from /home/airflow/.local/lib/python3.12/site-packages/airflow/example_dags/example_latest_only.py
[2024-07-25T04:06:21.097+0000] {processor.py:840} INFO - DAG(s) 'latest_only' retrieved from /home/airflow/.local/lib/python3.12/site-packages/airflow/example_dags/example_latest_only.py
[2024-07-25T04:06:21.109+0000] {logging_mixin.py:188} INFO - [2024-07-25T04:06:21.109+0000] {dag.py:3089} INFO - Sync 1 DAGs
[2024-07-25T04:06:21.120+0000] {logging_mixin.py:188} INFO - [2024-07-25T04:06:21.120+0000] {dag.py:3947} INFO - Setting next_dagrun for latest_only to 2024-07-25 00:00:00+00:00, run_after=2024-07-25 04:00:00+00:00
[2024-07-25T04:06:21.130+0000] {processor.py:183} INFO - Processing /home/airflow/.local/lib/python3.12/site-packages/airflow/example_dags/example_latest_only.py took 0.043 seconds
[2024-07-25T04:06:51.514+0000] {processor.py:161} INFO - Started process (PID=418) to work on /home/airflow/.local/lib/python3.12/site-packages/airflow/example_dags/example_latest_only.py
[2024-07-25T04:06:51.515+0000] {processor.py:830} INFO - Processing file /home/airflow/.local/lib/python3.12/site-packages/airflow/example_dags/example_latest_only.py for tasks to queue
[2024-07-25T04:06:51.517+0000] {logging_mixin.py:188} INFO - [2024-07-25T04:06:51.516+0000] {dagbag.py:545} INFO - Filling up the DagBag from /home/airflow/.local/lib/python3.12/site-packages/airflow/example_dags/example_latest_only.py
[2024-07-25T04:06:51.520+0000] {processor.py:840} INFO - DAG(s) 'latest_only' retrieved from /home/airflow/.local/lib/python3.12/site-packages/airflow/example_dags/example_latest_only.py
[2024-07-25T04:06:51.531+0000] {logging_mixin.py:188} INFO - [2024-07-25T04:06:51.531+0000] {dag.py:3089} INFO - Sync 1 DAGs
[2024-07-25T04:06:51.542+0000] {logging_mixin.py:188} INFO - [2024-07-25T04:06:51.542+0000] {dag.py:3947} INFO - Setting next_dagrun for latest_only to 2024-07-25 00:00:00+00:00, run_after=2024-07-25 04:00:00+00:00
[2024-07-25T04:06:51.552+0000] {processor.py:183} INFO - Processing /home/airflow/.local/lib/python3.12/site-packages/airflow/example_dags/example_latest_only.py took 0.041 seconds
[2024-07-25T04:07:21.917+0000] {processor.py:161} INFO - Started process (PID=476) to work on /home/airflow/.local/lib/python3.12/site-packages/airflow/example_dags/example_latest_only.py
[2024-07-25T04:07:21.917+0000] {processor.py:830} INFO - Processing file /home/airflow/.local/lib/python3.12/site-packages/airflow/example_dags/example_latest_only.py for tasks to queue
[2024-07-25T04:07:21.919+0000] {logging_mixin.py:188} INFO - [2024-07-25T04:07:21.918+0000] {dagbag.py:545} INFO - Filling up the DagBag from /home/airflow/.local/lib/python3.12/site-packages/airflow/example_dags/example_latest_only.py
[2024-07-25T04:07:21.922+0000] {processor.py:840} INFO - DAG(s) 'latest_only' retrieved from /home/airflow/.local/lib/python3.12/site-packages/airflow/example_dags/example_latest_only.py
[2024-07-25T04:07:21.934+0000] {logging_mixin.py:188} INFO - [2024-07-25T04:07:21.934+0000] {dag.py:3089} INFO - Sync 1 DAGs
[2024-07-25T04:07:21.945+0000] {logging_mixin.py:188} INFO - [2024-07-25T04:07:21.945+0000] {dag.py:3947} INFO - Setting next_dagrun for latest_only to 2024-07-25 00:00:00+00:00, run_after=2024-07-25 04:00:00+00:00
[2024-07-25T04:07:21.953+0000] {processor.py:183} INFO - Processing /home/airflow/.local/lib/python3.12/site-packages/airflow/example_dags/example_latest_only.py took 0.040 seconds
[2024-07-25T04:07:52.061+0000] {processor.py:161} INFO - Started process (PID=534) to work on /home/airflow/.local/lib/python3.12/site-packages/airflow/example_dags/example_latest_only.py
[2024-07-25T04:07:52.062+0000] {processor.py:830} INFO - Processing file /home/airflow/.local/lib/python3.12/site-packages/airflow/example_dags/example_latest_only.py for tasks to queue
[2024-07-25T04:07:52.063+0000] {logging_mixin.py:188} INFO - [2024-07-25T04:07:52.062+0000] {dagbag.py:545} INFO - Filling up the DagBag from /home/airflow/.local/lib/python3.12/site-packages/airflow/example_dags/example_latest_only.py
[2024-07-25T04:07:52.065+0000] {processor.py:840} INFO - DAG(s) 'latest_only' retrieved from /home/airflow/.local/lib/python3.12/site-packages/airflow/example_dags/example_latest_only.py
[2024-07-25T04:07:52.076+0000] {logging_mixin.py:188} INFO - [2024-07-25T04:07:52.076+0000] {dag.py:3089} INFO - Sync 1 DAGs
[2024-07-25T04:07:52.087+0000] {logging_mixin.py:188} INFO - [2024-07-25T04:07:52.087+0000] {dag.py:3947} INFO - Setting next_dagrun for latest_only to 2024-07-25 00:00:00+00:00, run_after=2024-07-25 04:00:00+00:00
[2024-07-25T04:07:52.096+0000] {processor.py:183} INFO - Processing /home/airflow/.local/lib/python3.12/site-packages/airflow/example_dags/example_latest_only.py took 0.039 seconds
[2024-07-25T04:08:22.218+0000] {processor.py:161} INFO - Started process (PID=592) to work on /home/airflow/.local/lib/python3.12/site-packages/airflow/example_dags/example_latest_only.py
[2024-07-25T04:08:22.219+0000] {processor.py:830} INFO - Processing file /home/airflow/.local/lib/python3.12/site-packages/airflow/example_dags/example_latest_only.py for tasks to queue
[2024-07-25T04:08:22.220+0000] {logging_mixin.py:188} INFO - [2024-07-25T04:08:22.220+0000] {dagbag.py:545} INFO - Filling up the DagBag from /home/airflow/.local/lib/python3.12/site-packages/airflow/example_dags/example_latest_only.py
[2024-07-25T04:08:22.223+0000] {processor.py:840} INFO - DAG(s) 'latest_only' retrieved from /home/airflow/.local/lib/python3.12/site-packages/airflow/example_dags/example_latest_only.py
[2024-07-25T04:08:22.235+0000] {logging_mixin.py:188} INFO - [2024-07-25T04:08:22.235+0000] {dag.py:3089} INFO - Sync 1 DAGs
[2024-07-25T04:08:22.246+0000] {logging_mixin.py:188} INFO - [2024-07-25T04:08:22.246+0000] {dag.py:3947} INFO - Setting next_dagrun for latest_only to 2024-07-25 00:00:00+00:00, run_after=2024-07-25 04:00:00+00:00
[2024-07-25T04:08:22.254+0000] {processor.py:183} INFO - Processing /home/airflow/.local/lib/python3.12/site-packages/airflow/example_dags/example_latest_only.py took 0.040 seconds
[2024-07-25T04:08:52.354+0000] {processor.py:161} INFO - Started process (PID=650) to work on /home/airflow/.local/lib/python3.12/site-packages/airflow/example_dags/example_latest_only.py
[2024-07-25T04:08:52.355+0000] {processor.py:830} INFO - Processing file /home/airflow/.local/lib/python3.12/site-packages/airflow/example_dags/example_latest_only.py for tasks to queue
[2024-07-25T04:08:52.357+0000] {logging_mixin.py:188} INFO - [2024-07-25T04:08:52.357+0000] {dagbag.py:545} INFO - Filling up the DagBag from /home/airflow/.local/lib/python3.12/site-packages/airflow/example_dags/example_latest_only.py
[2024-07-25T04:08:52.360+0000] {processor.py:840} INFO - DAG(s) 'latest_only' retrieved from /home/airflow/.local/lib/python3.12/site-packages/airflow/example_dags/example_latest_only.py
[2024-07-25T04:08:52.374+0000] {logging_mixin.py:188} INFO - [2024-07-25T04:08:52.373+0000] {dag.py:3089} INFO - Sync 1 DAGs
[2024-07-25T04:08:52.390+0000] {logging_mixin.py:188} INFO - [2024-07-25T04:08:52.389+0000] {dag.py:3947} INFO - Setting next_dagrun for latest_only to 2024-07-25 00:00:00+00:00, run_after=2024-07-25 04:00:00+00:00
[2024-07-25T04:08:52.401+0000] {processor.py:183} INFO - Processing /home/airflow/.local/lib/python3.12/site-packages/airflow/example_dags/example_latest_only.py took 0.050 seconds
[2024-07-25T04:09:22.920+0000] {processor.py:161} INFO - Started process (PID=709) to work on /home/airflow/.local/lib/python3.12/site-packages/airflow/example_dags/example_latest_only.py
[2024-07-25T04:09:22.921+0000] {processor.py:830} INFO - Processing file /home/airflow/.local/lib/python3.12/site-packages/airflow/example_dags/example_latest_only.py for tasks to queue
[2024-07-25T04:09:22.922+0000] {logging_mixin.py:188} INFO - [2024-07-25T04:09:22.922+0000] {dagbag.py:545} INFO - Filling up the DagBag from /home/airflow/.local/lib/python3.12/site-packages/airflow/example_dags/example_latest_only.py
[2024-07-25T04:09:22.926+0000] {processor.py:840} INFO - DAG(s) 'latest_only' retrieved from /home/airflow/.local/lib/python3.12/site-packages/airflow/example_dags/example_latest_only.py
[2024-07-25T04:09:22.939+0000] {logging_mixin.py:188} INFO - [2024-07-25T04:09:22.939+0000] {dag.py:3089} INFO - Sync 1 DAGs
[2024-07-25T04:09:22.955+0000] {logging_mixin.py:188} INFO - [2024-07-25T04:09:22.955+0000] {dag.py:3947} INFO - Setting next_dagrun for latest_only to 2024-07-25 00:00:00+00:00, run_after=2024-07-25 04:00:00+00:00
[2024-07-25T04:09:22.969+0000] {processor.py:183} INFO - Processing /home/airflow/.local/lib/python3.12/site-packages/airflow/example_dags/example_latest_only.py took 0.053 seconds
[2024-07-25T04:09:53.023+0000] {processor.py:161} INFO - Started process (PID=767) to work on /home/airflow/.local/lib/python3.12/site-packages/airflow/example_dags/example_latest_only.py
[2024-07-25T04:09:53.024+0000] {processor.py:830} INFO - Processing file /home/airflow/.local/lib/python3.12/site-packages/airflow/example_dags/example_latest_only.py for tasks to queue
[2024-07-25T04:09:53.025+0000] {logging_mixin.py:188} INFO - [2024-07-25T04:09:53.025+0000] {dagbag.py:545} INFO - Filling up the DagBag from /home/airflow/.local/lib/python3.12/site-packages/airflow/example_dags/example_latest_only.py
[2024-07-25T04:09:53.028+0000] {processor.py:840} INFO - DAG(s) 'latest_only' retrieved from /home/airflow/.local/lib/python3.12/site-packages/airflow/example_dags/example_latest_only.py
[2024-07-25T04:09:53.044+0000] {logging_mixin.py:188} INFO - [2024-07-25T04:09:53.043+0000] {dag.py:3089} INFO - Sync 1 DAGs
[2024-07-25T04:09:53.055+0000] {logging_mixin.py:188} INFO - [2024-07-25T04:09:53.055+0000] {dag.py:3947} INFO - Setting next_dagrun for latest_only to 2024-07-25 00:00:00+00:00, run_after=2024-07-25 04:00:00+00:00
[2024-07-25T04:09:53.064+0000] {processor.py:183} INFO - Processing /home/airflow/.local/lib/python3.12/site-packages/airflow/example_dags/example_latest_only.py took 0.045 seconds
[2024-07-25T04:10:23.816+0000] {processor.py:161} INFO - Started process (PID=825) to work on /home/airflow/.local/lib/python3.12/site-packages/airflow/example_dags/example_latest_only.py
[2024-07-25T04:10:23.817+0000] {processor.py:830} INFO - Processing file /home/airflow/.local/lib/python3.12/site-packages/airflow/example_dags/example_latest_only.py for tasks to queue
[2024-07-25T04:10:23.818+0000] {logging_mixin.py:188} INFO - [2024-07-25T04:10:23.818+0000] {dagbag.py:545} INFO - Filling up the DagBag from /home/airflow/.local/lib/python3.12/site-packages/airflow/example_dags/example_latest_only.py
[2024-07-25T04:10:23.821+0000] {processor.py:840} INFO - DAG(s) 'latest_only' retrieved from /home/airflow/.local/lib/python3.12/site-packages/airflow/example_dags/example_latest_only.py
[2024-07-25T04:10:23.833+0000] {logging_mixin.py:188} INFO - [2024-07-25T04:10:23.833+0000] {dag.py:3089} INFO - Sync 1 DAGs
[2024-07-25T04:10:23.844+0000] {logging_mixin.py:188} INFO - [2024-07-25T04:10:23.844+0000] {dag.py:3947} INFO - Setting next_dagrun for latest_only to 2024-07-25 00:00:00+00:00, run_after=2024-07-25 04:00:00+00:00
[2024-07-25T04:10:23.853+0000] {processor.py:183} INFO - Processing /home/airflow/.local/lib/python3.12/site-packages/airflow/example_dags/example_latest_only.py took 0.041 seconds
[2024-07-25T04:10:54.023+0000] {processor.py:161} INFO - Started process (PID=883) to work on /home/airflow/.local/lib/python3.12/site-packages/airflow/example_dags/example_latest_only.py
[2024-07-25T04:10:54.024+0000] {processor.py:830} INFO - Processing file /home/airflow/.local/lib/python3.12/site-packages/airflow/example_dags/example_latest_only.py for tasks to queue
[2024-07-25T04:10:54.025+0000] {logging_mixin.py:188} INFO - [2024-07-25T04:10:54.025+0000] {dagbag.py:545} INFO - Filling up the DagBag from /home/airflow/.local/lib/python3.12/site-packages/airflow/example_dags/example_latest_only.py
[2024-07-25T04:10:54.029+0000] {processor.py:840} INFO - DAG(s) 'latest_only' retrieved from /home/airflow/.local/lib/python3.12/site-packages/airflow/example_dags/example_latest_only.py
[2024-07-25T04:10:54.041+0000] {logging_mixin.py:188} INFO - [2024-07-25T04:10:54.041+0000] {dag.py:3089} INFO - Sync 1 DAGs
[2024-07-25T04:10:54.052+0000] {logging_mixin.py:188} INFO - [2024-07-25T04:10:54.052+0000] {dag.py:3947} INFO - Setting next_dagrun for latest_only to 2024-07-25 00:00:00+00:00, run_after=2024-07-25 04:00:00+00:00
[2024-07-25T04:10:54.062+0000] {processor.py:183} INFO - Processing /home/airflow/.local/lib/python3.12/site-packages/airflow/example_dags/example_latest_only.py took 0.043 seconds
[2024-07-25T04:11:24.230+0000] {processor.py:161} INFO - Started process (PID=941) to work on /home/airflow/.local/lib/python3.12/site-packages/airflow/example_dags/example_latest_only.py
[2024-07-25T04:11:24.231+0000] {processor.py:830} INFO - Processing file /home/airflow/.local/lib/python3.12/site-packages/airflow/example_dags/example_latest_only.py for tasks to queue
[2024-07-25T04:11:24.233+0000] {logging_mixin.py:188} INFO - [2024-07-25T04:11:24.233+0000] {dagbag.py:545} INFO - Filling up the DagBag from /home/airflow/.local/lib/python3.12/site-packages/airflow/example_dags/example_latest_only.py
[2024-07-25T04:11:24.237+0000] {processor.py:840} INFO - DAG(s) 'latest_only' retrieved from /home/airflow/.local/lib/python3.12/site-packages/airflow/example_dags/example_latest_only.py
[2024-07-25T04:11:24.253+0000] {logging_mixin.py:188} INFO - [2024-07-25T04:11:24.252+0000] {dag.py:3089} INFO - Sync 1 DAGs
[2024-07-25T04:11:24.264+0000] {logging_mixin.py:188} INFO - [2024-07-25T04:11:24.264+0000] {dag.py:3947} INFO - Setting next_dagrun for latest_only to 2024-07-25 00:00:00+00:00, run_after=2024-07-25 04:00:00+00:00
[2024-07-25T04:11:24.278+0000] {processor.py:183} INFO - Processing /home/airflow/.local/lib/python3.12/site-packages/airflow/example_dags/example_latest_only.py took 0.053 seconds
