[2024-07-25T03:40:23.914+0000] {processor.py:161} INFO - Started process (PID=35) to work on /home/airflow/.local/lib/python3.12/site-packages/airflow/example_dags/tutorial.py
[2024-07-25T03:40:23.914+0000] {processor.py:830} INFO - Processing file /home/airflow/.local/lib/python3.12/site-packages/airflow/example_dags/tutorial.py for tasks to queue
[2024-07-25T03:40:23.916+0000] {logging_mixin.py:188} INFO - [2024-07-25T03:40:23.916+0000] {dagbag.py:545} INFO - Filling up the DagBag from /home/airflow/.local/lib/python3.12/site-packages/airflow/example_dags/tutorial.py
[2024-07-25T03:40:23.920+0000] {processor.py:840} INFO - DAG(s) 'tutorial' retrieved from /home/airflow/.local/lib/python3.12/site-packages/airflow/example_dags/tutorial.py
[2024-07-25T03:40:23.928+0000] {logging_mixin.py:188} INFO - [2024-07-25T03:40:23.928+0000] {dag.py:3089} INFO - Sync 1 DAGs
[2024-07-25T03:40:23.945+0000] {logging_mixin.py:188} INFO - [2024-07-25T03:40:23.945+0000] {dag.py:3947} INFO - Setting next_dagrun for tutorial to 2024-07-24 00:00:00+00:00, run_after=2024-07-25 00:00:00+00:00
[2024-07-25T03:40:23.998+0000] {processor.py:183} INFO - Processing /home/airflow/.local/lib/python3.12/site-packages/airflow/example_dags/tutorial.py took 0.088 seconds
[2024-07-25T03:40:54.595+0000] {processor.py:161} INFO - Started process (PID=93) to work on /home/airflow/.local/lib/python3.12/site-packages/airflow/example_dags/tutorial.py
[2024-07-25T03:40:54.595+0000] {processor.py:830} INFO - Processing file /home/airflow/.local/lib/python3.12/site-packages/airflow/example_dags/tutorial.py for tasks to queue
[2024-07-25T03:40:54.596+0000] {logging_mixin.py:188} INFO - [2024-07-25T03:40:54.596+0000] {dagbag.py:545} INFO - Filling up the DagBag from /home/airflow/.local/lib/python3.12/site-packages/airflow/example_dags/tutorial.py
[2024-07-25T03:40:54.600+0000] {processor.py:840} INFO - DAG(s) 'tutorial' retrieved from /home/airflow/.local/lib/python3.12/site-packages/airflow/example_dags/tutorial.py
[2024-07-25T03:40:54.654+0000] {logging_mixin.py:188} INFO - [2024-07-25T03:40:54.653+0000] {dag.py:3089} INFO - Sync 1 DAGs
[2024-07-25T03:40:54.662+0000] {logging_mixin.py:188} INFO - [2024-07-25T03:40:54.662+0000] {dag.py:3947} INFO - Setting next_dagrun for tutorial to 2024-07-24 00:00:00+00:00, run_after=2024-07-25 00:00:00+00:00
[2024-07-25T03:40:54.671+0000] {processor.py:183} INFO - Processing /home/airflow/.local/lib/python3.12/site-packages/airflow/example_dags/tutorial.py took 0.080 seconds
[2024-07-25T03:41:24.814+0000] {processor.py:161} INFO - Started process (PID=151) to work on /home/airflow/.local/lib/python3.12/site-packages/airflow/example_dags/tutorial.py
[2024-07-25T03:41:24.814+0000] {processor.py:830} INFO - Processing file /home/airflow/.local/lib/python3.12/site-packages/airflow/example_dags/tutorial.py for tasks to queue
[2024-07-25T03:41:24.816+0000] {logging_mixin.py:188} INFO - [2024-07-25T03:41:24.815+0000] {dagbag.py:545} INFO - Filling up the DagBag from /home/airflow/.local/lib/python3.12/site-packages/airflow/example_dags/tutorial.py
[2024-07-25T03:41:24.820+0000] {processor.py:840} INFO - DAG(s) 'tutorial' retrieved from /home/airflow/.local/lib/python3.12/site-packages/airflow/example_dags/tutorial.py
[2024-07-25T03:41:24.831+0000] {logging_mixin.py:188} INFO - [2024-07-25T03:41:24.831+0000] {dag.py:3089} INFO - Sync 1 DAGs
[2024-07-25T03:41:24.842+0000] {logging_mixin.py:188} INFO - [2024-07-25T03:41:24.842+0000] {dag.py:3947} INFO - Setting next_dagrun for tutorial to 2024-07-24 00:00:00+00:00, run_after=2024-07-25 00:00:00+00:00
[2024-07-25T03:41:24.851+0000] {processor.py:183} INFO - Processing /home/airflow/.local/lib/python3.12/site-packages/airflow/example_dags/tutorial.py took 0.041 seconds
[2024-07-25T03:41:55.123+0000] {processor.py:161} INFO - Started process (PID=209) to work on /home/airflow/.local/lib/python3.12/site-packages/airflow/example_dags/tutorial.py
[2024-07-25T03:41:55.123+0000] {processor.py:830} INFO - Processing file /home/airflow/.local/lib/python3.12/site-packages/airflow/example_dags/tutorial.py for tasks to queue
[2024-07-25T03:41:55.125+0000] {logging_mixin.py:188} INFO - [2024-07-25T03:41:55.125+0000] {dagbag.py:545} INFO - Filling up the DagBag from /home/airflow/.local/lib/python3.12/site-packages/airflow/example_dags/tutorial.py
[2024-07-25T03:41:55.128+0000] {processor.py:840} INFO - DAG(s) 'tutorial' retrieved from /home/airflow/.local/lib/python3.12/site-packages/airflow/example_dags/tutorial.py
[2024-07-25T03:41:55.139+0000] {logging_mixin.py:188} INFO - [2024-07-25T03:41:55.139+0000] {dag.py:3089} INFO - Sync 1 DAGs
[2024-07-25T03:41:55.149+0000] {logging_mixin.py:188} INFO - [2024-07-25T03:41:55.149+0000] {dag.py:3947} INFO - Setting next_dagrun for tutorial to 2024-07-24 00:00:00+00:00, run_after=2024-07-25 00:00:00+00:00
[2024-07-25T03:41:55.157+0000] {processor.py:183} INFO - Processing /home/airflow/.local/lib/python3.12/site-packages/airflow/example_dags/tutorial.py took 0.037 seconds
[2024-07-25T03:42:25.285+0000] {processor.py:161} INFO - Started process (PID=267) to work on /home/airflow/.local/lib/python3.12/site-packages/airflow/example_dags/tutorial.py
[2024-07-25T03:42:25.286+0000] {processor.py:830} INFO - Processing file /home/airflow/.local/lib/python3.12/site-packages/airflow/example_dags/tutorial.py for tasks to queue
[2024-07-25T03:42:25.287+0000] {logging_mixin.py:188} INFO - [2024-07-25T03:42:25.287+0000] {dagbag.py:545} INFO - Filling up the DagBag from /home/airflow/.local/lib/python3.12/site-packages/airflow/example_dags/tutorial.py
[2024-07-25T03:42:25.291+0000] {processor.py:840} INFO - DAG(s) 'tutorial' retrieved from /home/airflow/.local/lib/python3.12/site-packages/airflow/example_dags/tutorial.py
[2024-07-25T03:42:25.303+0000] {logging_mixin.py:188} INFO - [2024-07-25T03:42:25.302+0000] {dag.py:3089} INFO - Sync 1 DAGs
[2024-07-25T03:42:25.312+0000] {logging_mixin.py:188} INFO - [2024-07-25T03:42:25.312+0000] {dag.py:3947} INFO - Setting next_dagrun for tutorial to 2024-07-24 00:00:00+00:00, run_after=2024-07-25 00:00:00+00:00
[2024-07-25T03:42:25.322+0000] {processor.py:183} INFO - Processing /home/airflow/.local/lib/python3.12/site-packages/airflow/example_dags/tutorial.py took 0.041 seconds
[2024-07-25T03:42:55.554+0000] {processor.py:161} INFO - Started process (PID=325) to work on /home/airflow/.local/lib/python3.12/site-packages/airflow/example_dags/tutorial.py
[2024-07-25T03:42:55.554+0000] {processor.py:830} INFO - Processing file /home/airflow/.local/lib/python3.12/site-packages/airflow/example_dags/tutorial.py for tasks to queue
[2024-07-25T03:42:55.556+0000] {logging_mixin.py:188} INFO - [2024-07-25T03:42:55.555+0000] {dagbag.py:545} INFO - Filling up the DagBag from /home/airflow/.local/lib/python3.12/site-packages/airflow/example_dags/tutorial.py
[2024-07-25T03:42:55.559+0000] {processor.py:840} INFO - DAG(s) 'tutorial' retrieved from /home/airflow/.local/lib/python3.12/site-packages/airflow/example_dags/tutorial.py
[2024-07-25T03:42:55.571+0000] {logging_mixin.py:188} INFO - [2024-07-25T03:42:55.570+0000] {dag.py:3089} INFO - Sync 1 DAGs
[2024-07-25T03:42:55.580+0000] {logging_mixin.py:188} INFO - [2024-07-25T03:42:55.580+0000] {dag.py:3947} INFO - Setting next_dagrun for tutorial to 2024-07-24 00:00:00+00:00, run_after=2024-07-25 00:00:00+00:00
[2024-07-25T03:42:55.589+0000] {processor.py:183} INFO - Processing /home/airflow/.local/lib/python3.12/site-packages/airflow/example_dags/tutorial.py took 0.039 seconds
[2024-07-25T03:43:25.914+0000] {processor.py:161} INFO - Started process (PID=383) to work on /home/airflow/.local/lib/python3.12/site-packages/airflow/example_dags/tutorial.py
[2024-07-25T03:43:25.915+0000] {processor.py:830} INFO - Processing file /home/airflow/.local/lib/python3.12/site-packages/airflow/example_dags/tutorial.py for tasks to queue
[2024-07-25T03:43:25.916+0000] {logging_mixin.py:188} INFO - [2024-07-25T03:43:25.916+0000] {dagbag.py:545} INFO - Filling up the DagBag from /home/airflow/.local/lib/python3.12/site-packages/airflow/example_dags/tutorial.py
[2024-07-25T03:43:25.920+0000] {processor.py:840} INFO - DAG(s) 'tutorial' retrieved from /home/airflow/.local/lib/python3.12/site-packages/airflow/example_dags/tutorial.py
[2024-07-25T03:43:25.932+0000] {logging_mixin.py:188} INFO - [2024-07-25T03:43:25.932+0000] {dag.py:3089} INFO - Sync 1 DAGs
[2024-07-25T03:43:25.943+0000] {logging_mixin.py:188} INFO - [2024-07-25T03:43:25.943+0000] {dag.py:3947} INFO - Setting next_dagrun for tutorial to 2024-07-24 00:00:00+00:00, run_after=2024-07-25 00:00:00+00:00
[2024-07-25T03:43:25.952+0000] {processor.py:183} INFO - Processing /home/airflow/.local/lib/python3.12/site-packages/airflow/example_dags/tutorial.py took 0.042 seconds
[2024-07-25T03:43:56.031+0000] {processor.py:161} INFO - Started process (PID=441) to work on /home/airflow/.local/lib/python3.12/site-packages/airflow/example_dags/tutorial.py
[2024-07-25T03:43:56.032+0000] {processor.py:830} INFO - Processing file /home/airflow/.local/lib/python3.12/site-packages/airflow/example_dags/tutorial.py for tasks to queue
[2024-07-25T03:43:56.034+0000] {logging_mixin.py:188} INFO - [2024-07-25T03:43:56.033+0000] {dagbag.py:545} INFO - Filling up the DagBag from /home/airflow/.local/lib/python3.12/site-packages/airflow/example_dags/tutorial.py
[2024-07-25T03:43:56.037+0000] {processor.py:840} INFO - DAG(s) 'tutorial' retrieved from /home/airflow/.local/lib/python3.12/site-packages/airflow/example_dags/tutorial.py
[2024-07-25T03:43:56.052+0000] {logging_mixin.py:188} INFO - [2024-07-25T03:43:56.052+0000] {dag.py:3089} INFO - Sync 1 DAGs
[2024-07-25T03:43:56.063+0000] {logging_mixin.py:188} INFO - [2024-07-25T03:43:56.063+0000] {dag.py:3947} INFO - Setting next_dagrun for tutorial to 2024-07-24 00:00:00+00:00, run_after=2024-07-25 00:00:00+00:00
[2024-07-25T03:43:56.073+0000] {processor.py:183} INFO - Processing /home/airflow/.local/lib/python3.12/site-packages/airflow/example_dags/tutorial.py took 0.046 seconds
[2024-07-25T03:44:26.235+0000] {processor.py:161} INFO - Started process (PID=499) to work on /home/airflow/.local/lib/python3.12/site-packages/airflow/example_dags/tutorial.py
[2024-07-25T03:44:26.236+0000] {processor.py:830} INFO - Processing file /home/airflow/.local/lib/python3.12/site-packages/airflow/example_dags/tutorial.py for tasks to queue
[2024-07-25T03:44:26.238+0000] {logging_mixin.py:188} INFO - [2024-07-25T03:44:26.238+0000] {dagbag.py:545} INFO - Filling up the DagBag from /home/airflow/.local/lib/python3.12/site-packages/airflow/example_dags/tutorial.py
[2024-07-25T03:44:26.242+0000] {processor.py:840} INFO - DAG(s) 'tutorial' retrieved from /home/airflow/.local/lib/python3.12/site-packages/airflow/example_dags/tutorial.py
[2024-07-25T03:44:26.254+0000] {logging_mixin.py:188} INFO - [2024-07-25T03:44:26.254+0000] {dag.py:3089} INFO - Sync 1 DAGs
[2024-07-25T03:44:26.265+0000] {logging_mixin.py:188} INFO - [2024-07-25T03:44:26.265+0000] {dag.py:3947} INFO - Setting next_dagrun for tutorial to 2024-07-24 00:00:00+00:00, run_after=2024-07-25 00:00:00+00:00
[2024-07-25T03:44:26.274+0000] {processor.py:183} INFO - Processing /home/airflow/.local/lib/python3.12/site-packages/airflow/example_dags/tutorial.py took 0.042 seconds
[2024-07-25T03:44:56.618+0000] {processor.py:161} INFO - Started process (PID=557) to work on /home/airflow/.local/lib/python3.12/site-packages/airflow/example_dags/tutorial.py
[2024-07-25T03:44:56.619+0000] {processor.py:830} INFO - Processing file /home/airflow/.local/lib/python3.12/site-packages/airflow/example_dags/tutorial.py for tasks to queue
[2024-07-25T03:44:56.620+0000] {logging_mixin.py:188} INFO - [2024-07-25T03:44:56.620+0000] {dagbag.py:545} INFO - Filling up the DagBag from /home/airflow/.local/lib/python3.12/site-packages/airflow/example_dags/tutorial.py
[2024-07-25T03:44:56.624+0000] {processor.py:840} INFO - DAG(s) 'tutorial' retrieved from /home/airflow/.local/lib/python3.12/site-packages/airflow/example_dags/tutorial.py
[2024-07-25T03:44:56.635+0000] {logging_mixin.py:188} INFO - [2024-07-25T03:44:56.635+0000] {dag.py:3089} INFO - Sync 1 DAGs
[2024-07-25T03:44:56.645+0000] {logging_mixin.py:188} INFO - [2024-07-25T03:44:56.645+0000] {dag.py:3947} INFO - Setting next_dagrun for tutorial to 2024-07-24 00:00:00+00:00, run_after=2024-07-25 00:00:00+00:00
[2024-07-25T03:44:56.654+0000] {processor.py:183} INFO - Processing /home/airflow/.local/lib/python3.12/site-packages/airflow/example_dags/tutorial.py took 0.039 seconds
[2024-07-25T03:45:26.973+0000] {processor.py:161} INFO - Started process (PID=615) to work on /home/airflow/.local/lib/python3.12/site-packages/airflow/example_dags/tutorial.py
[2024-07-25T03:45:26.974+0000] {processor.py:830} INFO - Processing file /home/airflow/.local/lib/python3.12/site-packages/airflow/example_dags/tutorial.py for tasks to queue
[2024-07-25T03:45:26.975+0000] {logging_mixin.py:188} INFO - [2024-07-25T03:45:26.975+0000] {dagbag.py:545} INFO - Filling up the DagBag from /home/airflow/.local/lib/python3.12/site-packages/airflow/example_dags/tutorial.py
[2024-07-25T03:45:26.979+0000] {processor.py:840} INFO - DAG(s) 'tutorial' retrieved from /home/airflow/.local/lib/python3.12/site-packages/airflow/example_dags/tutorial.py
[2024-07-25T03:45:26.991+0000] {logging_mixin.py:188} INFO - [2024-07-25T03:45:26.991+0000] {dag.py:3089} INFO - Sync 1 DAGs
[2024-07-25T03:45:27.002+0000] {logging_mixin.py:188} INFO - [2024-07-25T03:45:27.002+0000] {dag.py:3947} INFO - Setting next_dagrun for tutorial to 2024-07-24 00:00:00+00:00, run_after=2024-07-25 00:00:00+00:00
[2024-07-25T03:45:27.010+0000] {processor.py:183} INFO - Processing /home/airflow/.local/lib/python3.12/site-packages/airflow/example_dags/tutorial.py took 0.041 seconds
[2024-07-25T03:45:57.270+0000] {processor.py:161} INFO - Started process (PID=673) to work on /home/airflow/.local/lib/python3.12/site-packages/airflow/example_dags/tutorial.py
[2024-07-25T03:45:57.271+0000] {processor.py:830} INFO - Processing file /home/airflow/.local/lib/python3.12/site-packages/airflow/example_dags/tutorial.py for tasks to queue
[2024-07-25T03:45:57.272+0000] {logging_mixin.py:188} INFO - [2024-07-25T03:45:57.272+0000] {dagbag.py:545} INFO - Filling up the DagBag from /home/airflow/.local/lib/python3.12/site-packages/airflow/example_dags/tutorial.py
[2024-07-25T03:45:57.276+0000] {processor.py:840} INFO - DAG(s) 'tutorial' retrieved from /home/airflow/.local/lib/python3.12/site-packages/airflow/example_dags/tutorial.py
[2024-07-25T03:45:57.288+0000] {logging_mixin.py:188} INFO - [2024-07-25T03:45:57.288+0000] {dag.py:3089} INFO - Sync 1 DAGs
[2024-07-25T03:45:57.300+0000] {logging_mixin.py:188} INFO - [2024-07-25T03:45:57.300+0000] {dag.py:3947} INFO - Setting next_dagrun for tutorial to 2024-07-24 00:00:00+00:00, run_after=2024-07-25 00:00:00+00:00
[2024-07-25T03:45:57.309+0000] {processor.py:183} INFO - Processing /home/airflow/.local/lib/python3.12/site-packages/airflow/example_dags/tutorial.py took 0.043 seconds
[2024-07-25T03:46:27.469+0000] {processor.py:161} INFO - Started process (PID=731) to work on /home/airflow/.local/lib/python3.12/site-packages/airflow/example_dags/tutorial.py
[2024-07-25T03:46:27.470+0000] {processor.py:830} INFO - Processing file /home/airflow/.local/lib/python3.12/site-packages/airflow/example_dags/tutorial.py for tasks to queue
[2024-07-25T03:46:27.471+0000] {logging_mixin.py:188} INFO - [2024-07-25T03:46:27.471+0000] {dagbag.py:545} INFO - Filling up the DagBag from /home/airflow/.local/lib/python3.12/site-packages/airflow/example_dags/tutorial.py
[2024-07-25T03:46:27.475+0000] {processor.py:840} INFO - DAG(s) 'tutorial' retrieved from /home/airflow/.local/lib/python3.12/site-packages/airflow/example_dags/tutorial.py
[2024-07-25T03:46:27.487+0000] {logging_mixin.py:188} INFO - [2024-07-25T03:46:27.487+0000] {dag.py:3089} INFO - Sync 1 DAGs
[2024-07-25T03:46:27.498+0000] {logging_mixin.py:188} INFO - [2024-07-25T03:46:27.498+0000] {dag.py:3947} INFO - Setting next_dagrun for tutorial to 2024-07-24 00:00:00+00:00, run_after=2024-07-25 00:00:00+00:00
[2024-07-25T03:46:27.507+0000] {processor.py:183} INFO - Processing /home/airflow/.local/lib/python3.12/site-packages/airflow/example_dags/tutorial.py took 0.042 seconds
[2024-07-25T03:46:57.634+0000] {processor.py:161} INFO - Started process (PID=789) to work on /home/airflow/.local/lib/python3.12/site-packages/airflow/example_dags/tutorial.py
[2024-07-25T03:46:57.635+0000] {processor.py:830} INFO - Processing file /home/airflow/.local/lib/python3.12/site-packages/airflow/example_dags/tutorial.py for tasks to queue
[2024-07-25T03:46:57.636+0000] {logging_mixin.py:188} INFO - [2024-07-25T03:46:57.636+0000] {dagbag.py:545} INFO - Filling up the DagBag from /home/airflow/.local/lib/python3.12/site-packages/airflow/example_dags/tutorial.py
[2024-07-25T03:46:57.640+0000] {processor.py:840} INFO - DAG(s) 'tutorial' retrieved from /home/airflow/.local/lib/python3.12/site-packages/airflow/example_dags/tutorial.py
[2024-07-25T03:46:57.652+0000] {logging_mixin.py:188} INFO - [2024-07-25T03:46:57.652+0000] {dag.py:3089} INFO - Sync 1 DAGs
[2024-07-25T03:46:57.663+0000] {logging_mixin.py:188} INFO - [2024-07-25T03:46:57.663+0000] {dag.py:3947} INFO - Setting next_dagrun for tutorial to 2024-07-24 00:00:00+00:00, run_after=2024-07-25 00:00:00+00:00
[2024-07-25T03:46:57.673+0000] {processor.py:183} INFO - Processing /home/airflow/.local/lib/python3.12/site-packages/airflow/example_dags/tutorial.py took 0.043 seconds
[2024-07-25T03:47:27.970+0000] {processor.py:161} INFO - Started process (PID=847) to work on /home/airflow/.local/lib/python3.12/site-packages/airflow/example_dags/tutorial.py
[2024-07-25T03:47:27.971+0000] {processor.py:830} INFO - Processing file /home/airflow/.local/lib/python3.12/site-packages/airflow/example_dags/tutorial.py for tasks to queue
[2024-07-25T03:47:27.973+0000] {logging_mixin.py:188} INFO - [2024-07-25T03:47:27.973+0000] {dagbag.py:545} INFO - Filling up the DagBag from /home/airflow/.local/lib/python3.12/site-packages/airflow/example_dags/tutorial.py
[2024-07-25T03:47:27.977+0000] {processor.py:840} INFO - DAG(s) 'tutorial' retrieved from /home/airflow/.local/lib/python3.12/site-packages/airflow/example_dags/tutorial.py
[2024-07-25T03:47:27.989+0000] {logging_mixin.py:188} INFO - [2024-07-25T03:47:27.989+0000] {dag.py:3089} INFO - Sync 1 DAGs
[2024-07-25T03:47:28.000+0000] {logging_mixin.py:188} INFO - [2024-07-25T03:47:28.000+0000] {dag.py:3947} INFO - Setting next_dagrun for tutorial to 2024-07-24 00:00:00+00:00, run_after=2024-07-25 00:00:00+00:00
[2024-07-25T03:47:28.009+0000] {processor.py:183} INFO - Processing /home/airflow/.local/lib/python3.12/site-packages/airflow/example_dags/tutorial.py took 0.042 seconds
[2024-07-25T03:47:58.149+0000] {processor.py:161} INFO - Started process (PID=905) to work on /home/airflow/.local/lib/python3.12/site-packages/airflow/example_dags/tutorial.py
[2024-07-25T03:47:58.150+0000] {processor.py:830} INFO - Processing file /home/airflow/.local/lib/python3.12/site-packages/airflow/example_dags/tutorial.py for tasks to queue
[2024-07-25T03:47:58.152+0000] {logging_mixin.py:188} INFO - [2024-07-25T03:47:58.151+0000] {dagbag.py:545} INFO - Filling up the DagBag from /home/airflow/.local/lib/python3.12/site-packages/airflow/example_dags/tutorial.py
[2024-07-25T03:47:58.155+0000] {processor.py:840} INFO - DAG(s) 'tutorial' retrieved from /home/airflow/.local/lib/python3.12/site-packages/airflow/example_dags/tutorial.py
[2024-07-25T03:47:58.167+0000] {logging_mixin.py:188} INFO - [2024-07-25T03:47:58.167+0000] {dag.py:3089} INFO - Sync 1 DAGs
[2024-07-25T03:47:58.178+0000] {logging_mixin.py:188} INFO - [2024-07-25T03:47:58.178+0000] {dag.py:3947} INFO - Setting next_dagrun for tutorial to 2024-07-24 00:00:00+00:00, run_after=2024-07-25 00:00:00+00:00
[2024-07-25T03:47:58.187+0000] {processor.py:183} INFO - Processing /home/airflow/.local/lib/python3.12/site-packages/airflow/example_dags/tutorial.py took 0.042 seconds
[2024-07-25T03:48:28.249+0000] {processor.py:161} INFO - Started process (PID=963) to work on /home/airflow/.local/lib/python3.12/site-packages/airflow/example_dags/tutorial.py
[2024-07-25T03:48:28.250+0000] {processor.py:830} INFO - Processing file /home/airflow/.local/lib/python3.12/site-packages/airflow/example_dags/tutorial.py for tasks to queue
[2024-07-25T03:48:28.251+0000] {logging_mixin.py:188} INFO - [2024-07-25T03:48:28.251+0000] {dagbag.py:545} INFO - Filling up the DagBag from /home/airflow/.local/lib/python3.12/site-packages/airflow/example_dags/tutorial.py
[2024-07-25T03:48:28.255+0000] {processor.py:840} INFO - DAG(s) 'tutorial' retrieved from /home/airflow/.local/lib/python3.12/site-packages/airflow/example_dags/tutorial.py
[2024-07-25T03:48:28.266+0000] {logging_mixin.py:188} INFO - [2024-07-25T03:48:28.266+0000] {dag.py:3089} INFO - Sync 1 DAGs
[2024-07-25T03:48:28.276+0000] {logging_mixin.py:188} INFO - [2024-07-25T03:48:28.276+0000] {dag.py:3947} INFO - Setting next_dagrun for tutorial to 2024-07-24 00:00:00+00:00, run_after=2024-07-25 00:00:00+00:00
[2024-07-25T03:48:28.285+0000] {processor.py:183} INFO - Processing /home/airflow/.local/lib/python3.12/site-packages/airflow/example_dags/tutorial.py took 0.039 seconds
[2024-07-25T03:48:58.482+0000] {processor.py:161} INFO - Started process (PID=1021) to work on /home/airflow/.local/lib/python3.12/site-packages/airflow/example_dags/tutorial.py
[2024-07-25T03:48:58.483+0000] {processor.py:830} INFO - Processing file /home/airflow/.local/lib/python3.12/site-packages/airflow/example_dags/tutorial.py for tasks to queue
[2024-07-25T03:48:58.484+0000] {logging_mixin.py:188} INFO - [2024-07-25T03:48:58.484+0000] {dagbag.py:545} INFO - Filling up the DagBag from /home/airflow/.local/lib/python3.12/site-packages/airflow/example_dags/tutorial.py
[2024-07-25T03:48:58.488+0000] {processor.py:840} INFO - DAG(s) 'tutorial' retrieved from /home/airflow/.local/lib/python3.12/site-packages/airflow/example_dags/tutorial.py
[2024-07-25T03:48:58.500+0000] {logging_mixin.py:188} INFO - [2024-07-25T03:48:58.500+0000] {dag.py:3089} INFO - Sync 1 DAGs
[2024-07-25T03:48:58.511+0000] {logging_mixin.py:188} INFO - [2024-07-25T03:48:58.511+0000] {dag.py:3947} INFO - Setting next_dagrun for tutorial to 2024-07-24 00:00:00+00:00, run_after=2024-07-25 00:00:00+00:00
[2024-07-25T03:48:58.520+0000] {processor.py:183} INFO - Processing /home/airflow/.local/lib/python3.12/site-packages/airflow/example_dags/tutorial.py took 0.041 seconds
[2024-07-25T03:49:28.923+0000] {processor.py:161} INFO - Started process (PID=1079) to work on /home/airflow/.local/lib/python3.12/site-packages/airflow/example_dags/tutorial.py
[2024-07-25T03:49:28.923+0000] {processor.py:830} INFO - Processing file /home/airflow/.local/lib/python3.12/site-packages/airflow/example_dags/tutorial.py for tasks to queue
[2024-07-25T03:49:28.925+0000] {logging_mixin.py:188} INFO - [2024-07-25T03:49:28.924+0000] {dagbag.py:545} INFO - Filling up the DagBag from /home/airflow/.local/lib/python3.12/site-packages/airflow/example_dags/tutorial.py
[2024-07-25T03:49:28.928+0000] {processor.py:840} INFO - DAG(s) 'tutorial' retrieved from /home/airflow/.local/lib/python3.12/site-packages/airflow/example_dags/tutorial.py
[2024-07-25T03:49:28.940+0000] {logging_mixin.py:188} INFO - [2024-07-25T03:49:28.940+0000] {dag.py:3089} INFO - Sync 1 DAGs
[2024-07-25T03:49:28.951+0000] {logging_mixin.py:188} INFO - [2024-07-25T03:49:28.951+0000] {dag.py:3947} INFO - Setting next_dagrun for tutorial to 2024-07-24 00:00:00+00:00, run_after=2024-07-25 00:00:00+00:00
[2024-07-25T03:49:28.960+0000] {processor.py:183} INFO - Processing /home/airflow/.local/lib/python3.12/site-packages/airflow/example_dags/tutorial.py took 0.041 seconds
[2024-07-25T03:49:59.223+0000] {processor.py:161} INFO - Started process (PID=1137) to work on /home/airflow/.local/lib/python3.12/site-packages/airflow/example_dags/tutorial.py
[2024-07-25T03:49:59.224+0000] {processor.py:830} INFO - Processing file /home/airflow/.local/lib/python3.12/site-packages/airflow/example_dags/tutorial.py for tasks to queue
[2024-07-25T03:49:59.225+0000] {logging_mixin.py:188} INFO - [2024-07-25T03:49:59.225+0000] {dagbag.py:545} INFO - Filling up the DagBag from /home/airflow/.local/lib/python3.12/site-packages/airflow/example_dags/tutorial.py
[2024-07-25T03:49:59.229+0000] {processor.py:840} INFO - DAG(s) 'tutorial' retrieved from /home/airflow/.local/lib/python3.12/site-packages/airflow/example_dags/tutorial.py
[2024-07-25T03:49:59.241+0000] {logging_mixin.py:188} INFO - [2024-07-25T03:49:59.241+0000] {dag.py:3089} INFO - Sync 1 DAGs
[2024-07-25T03:49:59.251+0000] {logging_mixin.py:188} INFO - [2024-07-25T03:49:59.251+0000] {dag.py:3947} INFO - Setting next_dagrun for tutorial to 2024-07-24 00:00:00+00:00, run_after=2024-07-25 00:00:00+00:00
[2024-07-25T03:49:59.259+0000] {processor.py:183} INFO - Processing /home/airflow/.local/lib/python3.12/site-packages/airflow/example_dags/tutorial.py took 0.040 seconds
[2024-07-25T03:50:29.437+0000] {processor.py:161} INFO - Started process (PID=1195) to work on /home/airflow/.local/lib/python3.12/site-packages/airflow/example_dags/tutorial.py
[2024-07-25T03:50:29.437+0000] {processor.py:830} INFO - Processing file /home/airflow/.local/lib/python3.12/site-packages/airflow/example_dags/tutorial.py for tasks to queue
[2024-07-25T03:50:29.439+0000] {logging_mixin.py:188} INFO - [2024-07-25T03:50:29.439+0000] {dagbag.py:545} INFO - Filling up the DagBag from /home/airflow/.local/lib/python3.12/site-packages/airflow/example_dags/tutorial.py
[2024-07-25T03:50:29.444+0000] {processor.py:840} INFO - DAG(s) 'tutorial' retrieved from /home/airflow/.local/lib/python3.12/site-packages/airflow/example_dags/tutorial.py
[2024-07-25T03:50:29.456+0000] {logging_mixin.py:188} INFO - [2024-07-25T03:50:29.456+0000] {dag.py:3089} INFO - Sync 1 DAGs
[2024-07-25T03:50:29.468+0000] {logging_mixin.py:188} INFO - [2024-07-25T03:50:29.468+0000] {dag.py:3947} INFO - Setting next_dagrun for tutorial to 2024-07-24 00:00:00+00:00, run_after=2024-07-25 00:00:00+00:00
[2024-07-25T03:50:29.478+0000] {processor.py:183} INFO - Processing /home/airflow/.local/lib/python3.12/site-packages/airflow/example_dags/tutorial.py took 0.046 seconds
[2024-07-25T03:50:59.630+0000] {processor.py:161} INFO - Started process (PID=1253) to work on /home/airflow/.local/lib/python3.12/site-packages/airflow/example_dags/tutorial.py
[2024-07-25T03:50:59.631+0000] {processor.py:830} INFO - Processing file /home/airflow/.local/lib/python3.12/site-packages/airflow/example_dags/tutorial.py for tasks to queue
[2024-07-25T03:50:59.632+0000] {logging_mixin.py:188} INFO - [2024-07-25T03:50:59.632+0000] {dagbag.py:545} INFO - Filling up the DagBag from /home/airflow/.local/lib/python3.12/site-packages/airflow/example_dags/tutorial.py
[2024-07-25T03:50:59.636+0000] {processor.py:840} INFO - DAG(s) 'tutorial' retrieved from /home/airflow/.local/lib/python3.12/site-packages/airflow/example_dags/tutorial.py
[2024-07-25T03:50:59.648+0000] {logging_mixin.py:188} INFO - [2024-07-25T03:50:59.648+0000] {dag.py:3089} INFO - Sync 1 DAGs
[2024-07-25T03:50:59.660+0000] {logging_mixin.py:188} INFO - [2024-07-25T03:50:59.660+0000] {dag.py:3947} INFO - Setting next_dagrun for tutorial to 2024-07-24 00:00:00+00:00, run_after=2024-07-25 00:00:00+00:00
[2024-07-25T03:50:59.669+0000] {processor.py:183} INFO - Processing /home/airflow/.local/lib/python3.12/site-packages/airflow/example_dags/tutorial.py took 0.042 seconds
[2024-07-25T03:51:29.874+0000] {processor.py:161} INFO - Started process (PID=1311) to work on /home/airflow/.local/lib/python3.12/site-packages/airflow/example_dags/tutorial.py
[2024-07-25T03:51:29.875+0000] {processor.py:830} INFO - Processing file /home/airflow/.local/lib/python3.12/site-packages/airflow/example_dags/tutorial.py for tasks to queue
[2024-07-25T03:51:29.876+0000] {logging_mixin.py:188} INFO - [2024-07-25T03:51:29.876+0000] {dagbag.py:545} INFO - Filling up the DagBag from /home/airflow/.local/lib/python3.12/site-packages/airflow/example_dags/tutorial.py
[2024-07-25T03:51:29.879+0000] {processor.py:840} INFO - DAG(s) 'tutorial' retrieved from /home/airflow/.local/lib/python3.12/site-packages/airflow/example_dags/tutorial.py
[2024-07-25T03:51:29.890+0000] {logging_mixin.py:188} INFO - [2024-07-25T03:51:29.890+0000] {dag.py:3089} INFO - Sync 1 DAGs
[2024-07-25T03:51:29.902+0000] {logging_mixin.py:188} INFO - [2024-07-25T03:51:29.902+0000] {dag.py:3947} INFO - Setting next_dagrun for tutorial to 2024-07-24 00:00:00+00:00, run_after=2024-07-25 00:00:00+00:00
[2024-07-25T03:51:29.913+0000] {processor.py:183} INFO - Processing /home/airflow/.local/lib/python3.12/site-packages/airflow/example_dags/tutorial.py took 0.042 seconds
[2024-07-25T03:51:59.997+0000] {processor.py:161} INFO - Started process (PID=1369) to work on /home/airflow/.local/lib/python3.12/site-packages/airflow/example_dags/tutorial.py
[2024-07-25T03:51:59.997+0000] {processor.py:830} INFO - Processing file /home/airflow/.local/lib/python3.12/site-packages/airflow/example_dags/tutorial.py for tasks to queue
[2024-07-25T03:51:59.998+0000] {logging_mixin.py:188} INFO - [2024-07-25T03:51:59.998+0000] {dagbag.py:545} INFO - Filling up the DagBag from /home/airflow/.local/lib/python3.12/site-packages/airflow/example_dags/tutorial.py
[2024-07-25T03:52:00.002+0000] {processor.py:840} INFO - DAG(s) 'tutorial' retrieved from /home/airflow/.local/lib/python3.12/site-packages/airflow/example_dags/tutorial.py
[2024-07-25T03:52:00.012+0000] {logging_mixin.py:188} INFO - [2024-07-25T03:52:00.012+0000] {dag.py:3089} INFO - Sync 1 DAGs
[2024-07-25T03:52:00.023+0000] {logging_mixin.py:188} INFO - [2024-07-25T03:52:00.023+0000] {dag.py:3947} INFO - Setting next_dagrun for tutorial to 2024-07-24 00:00:00+00:00, run_after=2024-07-25 00:00:00+00:00
[2024-07-25T03:52:00.034+0000] {processor.py:183} INFO - Processing /home/airflow/.local/lib/python3.12/site-packages/airflow/example_dags/tutorial.py took 0.041 seconds
[2024-07-25T03:52:30.205+0000] {processor.py:161} INFO - Started process (PID=1427) to work on /home/airflow/.local/lib/python3.12/site-packages/airflow/example_dags/tutorial.py
[2024-07-25T03:52:30.206+0000] {processor.py:830} INFO - Processing file /home/airflow/.local/lib/python3.12/site-packages/airflow/example_dags/tutorial.py for tasks to queue
[2024-07-25T03:52:30.207+0000] {logging_mixin.py:188} INFO - [2024-07-25T03:52:30.207+0000] {dagbag.py:545} INFO - Filling up the DagBag from /home/airflow/.local/lib/python3.12/site-packages/airflow/example_dags/tutorial.py
[2024-07-25T03:52:30.211+0000] {processor.py:840} INFO - DAG(s) 'tutorial' retrieved from /home/airflow/.local/lib/python3.12/site-packages/airflow/example_dags/tutorial.py
[2024-07-25T03:52:30.223+0000] {logging_mixin.py:188} INFO - [2024-07-25T03:52:30.223+0000] {dag.py:3089} INFO - Sync 1 DAGs
[2024-07-25T03:52:30.233+0000] {logging_mixin.py:188} INFO - [2024-07-25T03:52:30.233+0000] {dag.py:3947} INFO - Setting next_dagrun for tutorial to 2024-07-24 00:00:00+00:00, run_after=2024-07-25 00:00:00+00:00
[2024-07-25T03:52:30.241+0000] {processor.py:183} INFO - Processing /home/airflow/.local/lib/python3.12/site-packages/airflow/example_dags/tutorial.py took 0.040 seconds
[2024-07-25T04:03:45.779+0000] {processor.py:161} INFO - Started process (PID=35) to work on /home/airflow/.local/lib/python3.12/site-packages/airflow/example_dags/tutorial.py
[2024-07-25T04:03:45.780+0000] {processor.py:830} INFO - Processing file /home/airflow/.local/lib/python3.12/site-packages/airflow/example_dags/tutorial.py for tasks to queue
[2024-07-25T04:03:45.782+0000] {logging_mixin.py:188} INFO - [2024-07-25T04:03:45.782+0000] {dagbag.py:545} INFO - Filling up the DagBag from /home/airflow/.local/lib/python3.12/site-packages/airflow/example_dags/tutorial.py
[2024-07-25T04:03:45.786+0000] {processor.py:840} INFO - DAG(s) 'tutorial' retrieved from /home/airflow/.local/lib/python3.12/site-packages/airflow/example_dags/tutorial.py
[2024-07-25T04:03:45.793+0000] {logging_mixin.py:188} INFO - [2024-07-25T04:03:45.793+0000] {dag.py:3089} INFO - Sync 1 DAGs
[2024-07-25T04:03:45.809+0000] {logging_mixin.py:188} INFO - [2024-07-25T04:03:45.809+0000] {dag.py:3947} INFO - Setting next_dagrun for tutorial to 2024-07-24 00:00:00+00:00, run_after=2024-07-25 00:00:00+00:00
[2024-07-25T04:03:45.820+0000] {processor.py:183} INFO - Processing /home/airflow/.local/lib/python3.12/site-packages/airflow/example_dags/tutorial.py took 0.043 seconds
[2024-07-25T04:04:16.693+0000] {processor.py:161} INFO - Started process (PID=93) to work on /home/airflow/.local/lib/python3.12/site-packages/airflow/example_dags/tutorial.py
[2024-07-25T04:04:16.694+0000] {processor.py:830} INFO - Processing file /home/airflow/.local/lib/python3.12/site-packages/airflow/example_dags/tutorial.py for tasks to queue
[2024-07-25T04:04:16.695+0000] {logging_mixin.py:188} INFO - [2024-07-25T04:04:16.695+0000] {dagbag.py:545} INFO - Filling up the DagBag from /home/airflow/.local/lib/python3.12/site-packages/airflow/example_dags/tutorial.py
[2024-07-25T04:04:16.699+0000] {processor.py:840} INFO - DAG(s) 'tutorial' retrieved from /home/airflow/.local/lib/python3.12/site-packages/airflow/example_dags/tutorial.py
[2024-07-25T04:04:16.755+0000] {logging_mixin.py:188} INFO - [2024-07-25T04:04:16.755+0000] {dag.py:3089} INFO - Sync 1 DAGs
[2024-07-25T04:04:16.765+0000] {logging_mixin.py:188} INFO - [2024-07-25T04:04:16.765+0000] {dag.py:3947} INFO - Setting next_dagrun for tutorial to 2024-07-24 00:00:00+00:00, run_after=2024-07-25 00:00:00+00:00
[2024-07-25T04:04:16.778+0000] {processor.py:183} INFO - Processing /home/airflow/.local/lib/python3.12/site-packages/airflow/example_dags/tutorial.py took 0.089 seconds
[2024-07-25T04:04:47.362+0000] {processor.py:161} INFO - Started process (PID=151) to work on /home/airflow/.local/lib/python3.12/site-packages/airflow/example_dags/tutorial.py
[2024-07-25T04:04:47.363+0000] {processor.py:830} INFO - Processing file /home/airflow/.local/lib/python3.12/site-packages/airflow/example_dags/tutorial.py for tasks to queue
[2024-07-25T04:04:47.365+0000] {logging_mixin.py:188} INFO - [2024-07-25T04:04:47.364+0000] {dagbag.py:545} INFO - Filling up the DagBag from /home/airflow/.local/lib/python3.12/site-packages/airflow/example_dags/tutorial.py
[2024-07-25T04:04:47.368+0000] {processor.py:840} INFO - DAG(s) 'tutorial' retrieved from /home/airflow/.local/lib/python3.12/site-packages/airflow/example_dags/tutorial.py
[2024-07-25T04:04:47.380+0000] {logging_mixin.py:188} INFO - [2024-07-25T04:04:47.380+0000] {dag.py:3089} INFO - Sync 1 DAGs
[2024-07-25T04:04:47.391+0000] {logging_mixin.py:188} INFO - [2024-07-25T04:04:47.391+0000] {dag.py:3947} INFO - Setting next_dagrun for tutorial to 2024-07-24 00:00:00+00:00, run_after=2024-07-25 00:00:00+00:00
[2024-07-25T04:04:47.399+0000] {processor.py:183} INFO - Processing /home/airflow/.local/lib/python3.12/site-packages/airflow/example_dags/tutorial.py took 0.040 seconds
[2024-07-25T04:05:17.523+0000] {processor.py:161} INFO - Started process (PID=209) to work on /home/airflow/.local/lib/python3.12/site-packages/airflow/example_dags/tutorial.py
[2024-07-25T04:05:17.523+0000] {processor.py:830} INFO - Processing file /home/airflow/.local/lib/python3.12/site-packages/airflow/example_dags/tutorial.py for tasks to queue
[2024-07-25T04:05:17.525+0000] {logging_mixin.py:188} INFO - [2024-07-25T04:05:17.524+0000] {dagbag.py:545} INFO - Filling up the DagBag from /home/airflow/.local/lib/python3.12/site-packages/airflow/example_dags/tutorial.py
[2024-07-25T04:05:17.528+0000] {processor.py:840} INFO - DAG(s) 'tutorial' retrieved from /home/airflow/.local/lib/python3.12/site-packages/airflow/example_dags/tutorial.py
[2024-07-25T04:05:17.540+0000] {logging_mixin.py:188} INFO - [2024-07-25T04:05:17.540+0000] {dag.py:3089} INFO - Sync 1 DAGs
[2024-07-25T04:05:17.550+0000] {logging_mixin.py:188} INFO - [2024-07-25T04:05:17.550+0000] {dag.py:3947} INFO - Setting next_dagrun for tutorial to 2024-07-24 00:00:00+00:00, run_after=2024-07-25 00:00:00+00:00
[2024-07-25T04:05:17.559+0000] {processor.py:183} INFO - Processing /home/airflow/.local/lib/python3.12/site-packages/airflow/example_dags/tutorial.py took 0.040 seconds
[2024-07-25T04:05:47.792+0000] {processor.py:161} INFO - Started process (PID=267) to work on /home/airflow/.local/lib/python3.12/site-packages/airflow/example_dags/tutorial.py
[2024-07-25T04:05:47.793+0000] {processor.py:830} INFO - Processing file /home/airflow/.local/lib/python3.12/site-packages/airflow/example_dags/tutorial.py for tasks to queue
[2024-07-25T04:05:47.794+0000] {logging_mixin.py:188} INFO - [2024-07-25T04:05:47.794+0000] {dagbag.py:545} INFO - Filling up the DagBag from /home/airflow/.local/lib/python3.12/site-packages/airflow/example_dags/tutorial.py
[2024-07-25T04:05:47.798+0000] {processor.py:840} INFO - DAG(s) 'tutorial' retrieved from /home/airflow/.local/lib/python3.12/site-packages/airflow/example_dags/tutorial.py
[2024-07-25T04:05:47.810+0000] {logging_mixin.py:188} INFO - [2024-07-25T04:05:47.810+0000] {dag.py:3089} INFO - Sync 1 DAGs
[2024-07-25T04:05:47.820+0000] {logging_mixin.py:188} INFO - [2024-07-25T04:05:47.820+0000] {dag.py:3947} INFO - Setting next_dagrun for tutorial to 2024-07-24 00:00:00+00:00, run_after=2024-07-25 00:00:00+00:00
[2024-07-25T04:05:47.829+0000] {processor.py:183} INFO - Processing /home/airflow/.local/lib/python3.12/site-packages/airflow/example_dags/tutorial.py took 0.040 seconds
[2024-07-25T04:06:17.935+0000] {processor.py:161} INFO - Started process (PID=325) to work on /home/airflow/.local/lib/python3.12/site-packages/airflow/example_dags/tutorial.py
[2024-07-25T04:06:17.936+0000] {processor.py:830} INFO - Processing file /home/airflow/.local/lib/python3.12/site-packages/airflow/example_dags/tutorial.py for tasks to queue
[2024-07-25T04:06:17.938+0000] {logging_mixin.py:188} INFO - [2024-07-25T04:06:17.938+0000] {dagbag.py:545} INFO - Filling up the DagBag from /home/airflow/.local/lib/python3.12/site-packages/airflow/example_dags/tutorial.py
[2024-07-25T04:06:17.942+0000] {processor.py:840} INFO - DAG(s) 'tutorial' retrieved from /home/airflow/.local/lib/python3.12/site-packages/airflow/example_dags/tutorial.py
[2024-07-25T04:06:17.953+0000] {logging_mixin.py:188} INFO - [2024-07-25T04:06:17.953+0000] {dag.py:3089} INFO - Sync 1 DAGs
[2024-07-25T04:06:17.964+0000] {logging_mixin.py:188} INFO - [2024-07-25T04:06:17.964+0000] {dag.py:3947} INFO - Setting next_dagrun for tutorial to 2024-07-24 00:00:00+00:00, run_after=2024-07-25 00:00:00+00:00
[2024-07-25T04:06:17.973+0000] {processor.py:183} INFO - Processing /home/airflow/.local/lib/python3.12/site-packages/airflow/example_dags/tutorial.py took 0.041 seconds
[2024-07-25T04:06:48.301+0000] {processor.py:161} INFO - Started process (PID=383) to work on /home/airflow/.local/lib/python3.12/site-packages/airflow/example_dags/tutorial.py
[2024-07-25T04:06:48.302+0000] {processor.py:830} INFO - Processing file /home/airflow/.local/lib/python3.12/site-packages/airflow/example_dags/tutorial.py for tasks to queue
[2024-07-25T04:06:48.303+0000] {logging_mixin.py:188} INFO - [2024-07-25T04:06:48.303+0000] {dagbag.py:545} INFO - Filling up the DagBag from /home/airflow/.local/lib/python3.12/site-packages/airflow/example_dags/tutorial.py
[2024-07-25T04:06:48.307+0000] {processor.py:840} INFO - DAG(s) 'tutorial' retrieved from /home/airflow/.local/lib/python3.12/site-packages/airflow/example_dags/tutorial.py
[2024-07-25T04:06:48.321+0000] {logging_mixin.py:188} INFO - [2024-07-25T04:06:48.320+0000] {dag.py:3089} INFO - Sync 1 DAGs
[2024-07-25T04:06:48.333+0000] {logging_mixin.py:188} INFO - [2024-07-25T04:06:48.333+0000] {dag.py:3947} INFO - Setting next_dagrun for tutorial to 2024-07-24 00:00:00+00:00, run_after=2024-07-25 00:00:00+00:00
[2024-07-25T04:06:48.343+0000] {processor.py:183} INFO - Processing /home/airflow/.local/lib/python3.12/site-packages/airflow/example_dags/tutorial.py took 0.046 seconds
[2024-07-25T04:07:18.629+0000] {processor.py:161} INFO - Started process (PID=441) to work on /home/airflow/.local/lib/python3.12/site-packages/airflow/example_dags/tutorial.py
[2024-07-25T04:07:18.630+0000] {processor.py:830} INFO - Processing file /home/airflow/.local/lib/python3.12/site-packages/airflow/example_dags/tutorial.py for tasks to queue
[2024-07-25T04:07:18.631+0000] {logging_mixin.py:188} INFO - [2024-07-25T04:07:18.631+0000] {dagbag.py:545} INFO - Filling up the DagBag from /home/airflow/.local/lib/python3.12/site-packages/airflow/example_dags/tutorial.py
[2024-07-25T04:07:18.635+0000] {processor.py:840} INFO - DAG(s) 'tutorial' retrieved from /home/airflow/.local/lib/python3.12/site-packages/airflow/example_dags/tutorial.py
[2024-07-25T04:07:18.647+0000] {logging_mixin.py:188} INFO - [2024-07-25T04:07:18.647+0000] {dag.py:3089} INFO - Sync 1 DAGs
[2024-07-25T04:07:18.658+0000] {logging_mixin.py:188} INFO - [2024-07-25T04:07:18.658+0000] {dag.py:3947} INFO - Setting next_dagrun for tutorial to 2024-07-24 00:00:00+00:00, run_after=2024-07-25 00:00:00+00:00
[2024-07-25T04:07:18.666+0000] {processor.py:183} INFO - Processing /home/airflow/.local/lib/python3.12/site-packages/airflow/example_dags/tutorial.py took 0.041 seconds
[2024-07-25T04:07:48.749+0000] {processor.py:161} INFO - Started process (PID=499) to work on /home/airflow/.local/lib/python3.12/site-packages/airflow/example_dags/tutorial.py
[2024-07-25T04:07:48.750+0000] {processor.py:830} INFO - Processing file /home/airflow/.local/lib/python3.12/site-packages/airflow/example_dags/tutorial.py for tasks to queue
[2024-07-25T04:07:48.752+0000] {logging_mixin.py:188} INFO - [2024-07-25T04:07:48.752+0000] {dagbag.py:545} INFO - Filling up the DagBag from /home/airflow/.local/lib/python3.12/site-packages/airflow/example_dags/tutorial.py
[2024-07-25T04:07:48.756+0000] {processor.py:840} INFO - DAG(s) 'tutorial' retrieved from /home/airflow/.local/lib/python3.12/site-packages/airflow/example_dags/tutorial.py
[2024-07-25T04:07:48.769+0000] {logging_mixin.py:188} INFO - [2024-07-25T04:07:48.769+0000] {dag.py:3089} INFO - Sync 1 DAGs
[2024-07-25T04:07:48.780+0000] {logging_mixin.py:188} INFO - [2024-07-25T04:07:48.780+0000] {dag.py:3947} INFO - Setting next_dagrun for tutorial to 2024-07-24 00:00:00+00:00, run_after=2024-07-25 00:00:00+00:00
[2024-07-25T04:07:48.791+0000] {processor.py:183} INFO - Processing /home/airflow/.local/lib/python3.12/site-packages/airflow/example_dags/tutorial.py took 0.046 seconds
[2024-07-25T04:08:18.956+0000] {processor.py:161} INFO - Started process (PID=557) to work on /home/airflow/.local/lib/python3.12/site-packages/airflow/example_dags/tutorial.py
[2024-07-25T04:08:18.957+0000] {processor.py:830} INFO - Processing file /home/airflow/.local/lib/python3.12/site-packages/airflow/example_dags/tutorial.py for tasks to queue
[2024-07-25T04:08:18.959+0000] {logging_mixin.py:188} INFO - [2024-07-25T04:08:18.959+0000] {dagbag.py:545} INFO - Filling up the DagBag from /home/airflow/.local/lib/python3.12/site-packages/airflow/example_dags/tutorial.py
[2024-07-25T04:08:18.963+0000] {processor.py:840} INFO - DAG(s) 'tutorial' retrieved from /home/airflow/.local/lib/python3.12/site-packages/airflow/example_dags/tutorial.py
[2024-07-25T04:08:18.975+0000] {logging_mixin.py:188} INFO - [2024-07-25T04:08:18.974+0000] {dag.py:3089} INFO - Sync 1 DAGs
[2024-07-25T04:08:18.987+0000] {logging_mixin.py:188} INFO - [2024-07-25T04:08:18.986+0000] {dag.py:3947} INFO - Setting next_dagrun for tutorial to 2024-07-24 00:00:00+00:00, run_after=2024-07-25 00:00:00+00:00
[2024-07-25T04:08:18.997+0000] {processor.py:183} INFO - Processing /home/airflow/.local/lib/python3.12/site-packages/airflow/example_dags/tutorial.py took 0.044 seconds
[2024-07-25T04:08:49.092+0000] {processor.py:161} INFO - Started process (PID=615) to work on /home/airflow/.local/lib/python3.12/site-packages/airflow/example_dags/tutorial.py
[2024-07-25T04:08:49.093+0000] {processor.py:830} INFO - Processing file /home/airflow/.local/lib/python3.12/site-packages/airflow/example_dags/tutorial.py for tasks to queue
[2024-07-25T04:08:49.094+0000] {logging_mixin.py:188} INFO - [2024-07-25T04:08:49.094+0000] {dagbag.py:545} INFO - Filling up the DagBag from /home/airflow/.local/lib/python3.12/site-packages/airflow/example_dags/tutorial.py
[2024-07-25T04:08:49.098+0000] {processor.py:840} INFO - DAG(s) 'tutorial' retrieved from /home/airflow/.local/lib/python3.12/site-packages/airflow/example_dags/tutorial.py
[2024-07-25T04:08:49.109+0000] {logging_mixin.py:188} INFO - [2024-07-25T04:08:49.109+0000] {dag.py:3089} INFO - Sync 1 DAGs
[2024-07-25T04:08:49.120+0000] {logging_mixin.py:188} INFO - [2024-07-25T04:08:49.120+0000] {dag.py:3947} INFO - Setting next_dagrun for tutorial to 2024-07-24 00:00:00+00:00, run_after=2024-07-25 00:00:00+00:00
[2024-07-25T04:08:49.129+0000] {processor.py:183} INFO - Processing /home/airflow/.local/lib/python3.12/site-packages/airflow/example_dags/tutorial.py took 0.040 seconds
[2024-07-25T04:09:19.541+0000] {processor.py:161} INFO - Started process (PID=674) to work on /home/airflow/.local/lib/python3.12/site-packages/airflow/example_dags/tutorial.py
[2024-07-25T04:09:19.542+0000] {processor.py:830} INFO - Processing file /home/airflow/.local/lib/python3.12/site-packages/airflow/example_dags/tutorial.py for tasks to queue
[2024-07-25T04:09:19.543+0000] {logging_mixin.py:188} INFO - [2024-07-25T04:09:19.543+0000] {dagbag.py:545} INFO - Filling up the DagBag from /home/airflow/.local/lib/python3.12/site-packages/airflow/example_dags/tutorial.py
[2024-07-25T04:09:19.547+0000] {processor.py:840} INFO - DAG(s) 'tutorial' retrieved from /home/airflow/.local/lib/python3.12/site-packages/airflow/example_dags/tutorial.py
[2024-07-25T04:09:19.561+0000] {logging_mixin.py:188} INFO - [2024-07-25T04:09:19.561+0000] {dag.py:3089} INFO - Sync 1 DAGs
[2024-07-25T04:09:19.572+0000] {logging_mixin.py:188} INFO - [2024-07-25T04:09:19.572+0000] {dag.py:3947} INFO - Setting next_dagrun for tutorial to 2024-07-24 00:00:00+00:00, run_after=2024-07-25 00:00:00+00:00
[2024-07-25T04:09:19.581+0000] {processor.py:183} INFO - Processing /home/airflow/.local/lib/python3.12/site-packages/airflow/example_dags/tutorial.py took 0.044 seconds
[2024-07-25T04:09:49.781+0000] {processor.py:161} INFO - Started process (PID=732) to work on /home/airflow/.local/lib/python3.12/site-packages/airflow/example_dags/tutorial.py
[2024-07-25T04:09:49.782+0000] {processor.py:830} INFO - Processing file /home/airflow/.local/lib/python3.12/site-packages/airflow/example_dags/tutorial.py for tasks to queue
[2024-07-25T04:09:49.783+0000] {logging_mixin.py:188} INFO - [2024-07-25T04:09:49.783+0000] {dagbag.py:545} INFO - Filling up the DagBag from /home/airflow/.local/lib/python3.12/site-packages/airflow/example_dags/tutorial.py
[2024-07-25T04:09:49.787+0000] {processor.py:840} INFO - DAG(s) 'tutorial' retrieved from /home/airflow/.local/lib/python3.12/site-packages/airflow/example_dags/tutorial.py
[2024-07-25T04:09:49.799+0000] {logging_mixin.py:188} INFO - [2024-07-25T04:09:49.799+0000] {dag.py:3089} INFO - Sync 1 DAGs
[2024-07-25T04:09:49.809+0000] {logging_mixin.py:188} INFO - [2024-07-25T04:09:49.809+0000] {dag.py:3947} INFO - Setting next_dagrun for tutorial to 2024-07-24 00:00:00+00:00, run_after=2024-07-25 00:00:00+00:00
[2024-07-25T04:09:49.818+0000] {processor.py:183} INFO - Processing /home/airflow/.local/lib/python3.12/site-packages/airflow/example_dags/tutorial.py took 0.040 seconds
[2024-07-25T04:10:20.423+0000] {processor.py:161} INFO - Started process (PID=790) to work on /home/airflow/.local/lib/python3.12/site-packages/airflow/example_dags/tutorial.py
[2024-07-25T04:10:20.424+0000] {processor.py:830} INFO - Processing file /home/airflow/.local/lib/python3.12/site-packages/airflow/example_dags/tutorial.py for tasks to queue
[2024-07-25T04:10:20.426+0000] {logging_mixin.py:188} INFO - [2024-07-25T04:10:20.426+0000] {dagbag.py:545} INFO - Filling up the DagBag from /home/airflow/.local/lib/python3.12/site-packages/airflow/example_dags/tutorial.py
[2024-07-25T04:10:20.430+0000] {processor.py:840} INFO - DAG(s) 'tutorial' retrieved from /home/airflow/.local/lib/python3.12/site-packages/airflow/example_dags/tutorial.py
[2024-07-25T04:10:20.442+0000] {logging_mixin.py:188} INFO - [2024-07-25T04:10:20.441+0000] {dag.py:3089} INFO - Sync 1 DAGs
[2024-07-25T04:10:20.452+0000] {logging_mixin.py:188} INFO - [2024-07-25T04:10:20.452+0000] {dag.py:3947} INFO - Setting next_dagrun for tutorial to 2024-07-24 00:00:00+00:00, run_after=2024-07-25 00:00:00+00:00
[2024-07-25T04:10:20.460+0000] {processor.py:183} INFO - Processing /home/airflow/.local/lib/python3.12/site-packages/airflow/example_dags/tutorial.py took 0.040 seconds
[2024-07-25T04:10:50.646+0000] {processor.py:161} INFO - Started process (PID=848) to work on /home/airflow/.local/lib/python3.12/site-packages/airflow/example_dags/tutorial.py
[2024-07-25T04:10:50.647+0000] {processor.py:830} INFO - Processing file /home/airflow/.local/lib/python3.12/site-packages/airflow/example_dags/tutorial.py for tasks to queue
[2024-07-25T04:10:50.648+0000] {logging_mixin.py:188} INFO - [2024-07-25T04:10:50.648+0000] {dagbag.py:545} INFO - Filling up the DagBag from /home/airflow/.local/lib/python3.12/site-packages/airflow/example_dags/tutorial.py
[2024-07-25T04:10:50.652+0000] {processor.py:840} INFO - DAG(s) 'tutorial' retrieved from /home/airflow/.local/lib/python3.12/site-packages/airflow/example_dags/tutorial.py
[2024-07-25T04:10:50.664+0000] {logging_mixin.py:188} INFO - [2024-07-25T04:10:50.663+0000] {dag.py:3089} INFO - Sync 1 DAGs
[2024-07-25T04:10:50.674+0000] {logging_mixin.py:188} INFO - [2024-07-25T04:10:50.674+0000] {dag.py:3947} INFO - Setting next_dagrun for tutorial to 2024-07-24 00:00:00+00:00, run_after=2024-07-25 00:00:00+00:00
[2024-07-25T04:10:50.682+0000] {processor.py:183} INFO - Processing /home/airflow/.local/lib/python3.12/site-packages/airflow/example_dags/tutorial.py took 0.040 seconds
[2024-07-25T04:11:20.903+0000] {processor.py:161} INFO - Started process (PID=906) to work on /home/airflow/.local/lib/python3.12/site-packages/airflow/example_dags/tutorial.py
[2024-07-25T04:11:20.904+0000] {processor.py:830} INFO - Processing file /home/airflow/.local/lib/python3.12/site-packages/airflow/example_dags/tutorial.py for tasks to queue
[2024-07-25T04:11:20.905+0000] {logging_mixin.py:188} INFO - [2024-07-25T04:11:20.905+0000] {dagbag.py:545} INFO - Filling up the DagBag from /home/airflow/.local/lib/python3.12/site-packages/airflow/example_dags/tutorial.py
[2024-07-25T04:11:20.909+0000] {processor.py:840} INFO - DAG(s) 'tutorial' retrieved from /home/airflow/.local/lib/python3.12/site-packages/airflow/example_dags/tutorial.py
[2024-07-25T04:11:20.921+0000] {logging_mixin.py:188} INFO - [2024-07-25T04:11:20.921+0000] {dag.py:3089} INFO - Sync 1 DAGs
[2024-07-25T04:11:20.931+0000] {logging_mixin.py:188} INFO - [2024-07-25T04:11:20.931+0000] {dag.py:3947} INFO - Setting next_dagrun for tutorial to 2024-07-24 00:00:00+00:00, run_after=2024-07-25 00:00:00+00:00
[2024-07-25T04:11:20.940+0000] {processor.py:183} INFO - Processing /home/airflow/.local/lib/python3.12/site-packages/airflow/example_dags/tutorial.py took 0.040 seconds
[2024-07-25T04:11:51.005+0000] {processor.py:161} INFO - Started process (PID=964) to work on /home/airflow/.local/lib/python3.12/site-packages/airflow/example_dags/tutorial.py
[2024-07-25T04:11:51.005+0000] {processor.py:830} INFO - Processing file /home/airflow/.local/lib/python3.12/site-packages/airflow/example_dags/tutorial.py for tasks to queue
[2024-07-25T04:11:51.007+0000] {logging_mixin.py:188} INFO - [2024-07-25T04:11:51.006+0000] {dagbag.py:545} INFO - Filling up the DagBag from /home/airflow/.local/lib/python3.12/site-packages/airflow/example_dags/tutorial.py
[2024-07-25T04:11:51.010+0000] {processor.py:840} INFO - DAG(s) 'tutorial' retrieved from /home/airflow/.local/lib/python3.12/site-packages/airflow/example_dags/tutorial.py
[2024-07-25T04:11:51.022+0000] {logging_mixin.py:188} INFO - [2024-07-25T04:11:51.022+0000] {dag.py:3089} INFO - Sync 1 DAGs
[2024-07-25T04:11:51.032+0000] {logging_mixin.py:188} INFO - [2024-07-25T04:11:51.032+0000] {dag.py:3947} INFO - Setting next_dagrun for tutorial to 2024-07-24 00:00:00+00:00, run_after=2024-07-25 00:00:00+00:00
[2024-07-25T04:11:51.041+0000] {processor.py:183} INFO - Processing /home/airflow/.local/lib/python3.12/site-packages/airflow/example_dags/tutorial.py took 0.040 seconds
