[2024-07-25T03:40:25.124+0000] {processor.py:161} INFO - Started process (PID=64) to work on /home/airflow/.local/lib/python3.12/site-packages/airflow/example_dags/tutorial_objectstorage.py
[2024-07-25T03:40:25.125+0000] {processor.py:830} INFO - Processing file /home/airflow/.local/lib/python3.12/site-packages/airflow/example_dags/tutorial_objectstorage.py for tasks to queue
[2024-07-25T03:40:25.128+0000] {logging_mixin.py:188} INFO - [2024-07-25T03:40:25.128+0000] {dagbag.py:545} INFO - Filling up the DagBag from /home/airflow/.local/lib/python3.12/site-packages/airflow/example_dags/tutorial_objectstorage.py
[2024-07-25T03:40:25.139+0000] {processor.py:840} INFO - DAG(s) 'tutorial_objectstorage' retrieved from /home/airflow/.local/lib/python3.12/site-packages/airflow/example_dags/tutorial_objectstorage.py
[2024-07-25T03:40:25.153+0000] {logging_mixin.py:188} INFO - [2024-07-25T03:40:25.153+0000] {dag.py:3089} INFO - Sync 1 DAGs
[2024-07-25T03:40:25.165+0000] {logging_mixin.py:188} INFO - [2024-07-25T03:40:25.165+0000] {dag.py:3947} INFO - Setting next_dagrun for tutorial_objectstorage to None, run_after=None
[2024-07-25T03:40:25.178+0000] {processor.py:183} INFO - Processing /home/airflow/.local/lib/python3.12/site-packages/airflow/example_dags/tutorial_objectstorage.py took 0.062 seconds
[2024-07-25T03:40:56.177+0000] {processor.py:161} INFO - Started process (PID=122) to work on /home/airflow/.local/lib/python3.12/site-packages/airflow/example_dags/tutorial_objectstorage.py
[2024-07-25T03:40:56.178+0000] {processor.py:830} INFO - Processing file /home/airflow/.local/lib/python3.12/site-packages/airflow/example_dags/tutorial_objectstorage.py for tasks to queue
[2024-07-25T03:40:56.179+0000] {logging_mixin.py:188} INFO - [2024-07-25T03:40:56.179+0000] {dagbag.py:545} INFO - Filling up the DagBag from /home/airflow/.local/lib/python3.12/site-packages/airflow/example_dags/tutorial_objectstorage.py
[2024-07-25T03:40:56.184+0000] {processor.py:840} INFO - DAG(s) 'tutorial_objectstorage' retrieved from /home/airflow/.local/lib/python3.12/site-packages/airflow/example_dags/tutorial_objectstorage.py
[2024-07-25T03:40:56.239+0000] {logging_mixin.py:188} INFO - [2024-07-25T03:40:56.239+0000] {dag.py:3089} INFO - Sync 1 DAGs
[2024-07-25T03:40:56.245+0000] {logging_mixin.py:188} INFO - [2024-07-25T03:40:56.245+0000] {dag.py:3947} INFO - Setting next_dagrun for tutorial_objectstorage to None, run_after=None
[2024-07-25T03:40:56.254+0000] {processor.py:183} INFO - Processing /home/airflow/.local/lib/python3.12/site-packages/airflow/example_dags/tutorial_objectstorage.py took 0.081 seconds
[2024-07-25T03:41:27.146+0000] {processor.py:161} INFO - Started process (PID=180) to work on /home/airflow/.local/lib/python3.12/site-packages/airflow/example_dags/tutorial_objectstorage.py
[2024-07-25T03:41:27.146+0000] {processor.py:830} INFO - Processing file /home/airflow/.local/lib/python3.12/site-packages/airflow/example_dags/tutorial_objectstorage.py for tasks to queue
[2024-07-25T03:41:27.147+0000] {logging_mixin.py:188} INFO - [2024-07-25T03:41:27.147+0000] {dagbag.py:545} INFO - Filling up the DagBag from /home/airflow/.local/lib/python3.12/site-packages/airflow/example_dags/tutorial_objectstorage.py
[2024-07-25T03:41:27.152+0000] {processor.py:840} INFO - DAG(s) 'tutorial_objectstorage' retrieved from /home/airflow/.local/lib/python3.12/site-packages/airflow/example_dags/tutorial_objectstorage.py
[2024-07-25T03:41:27.163+0000] {logging_mixin.py:188} INFO - [2024-07-25T03:41:27.163+0000] {dag.py:3089} INFO - Sync 1 DAGs
[2024-07-25T03:41:27.169+0000] {logging_mixin.py:188} INFO - [2024-07-25T03:41:27.169+0000] {dag.py:3947} INFO - Setting next_dagrun for tutorial_objectstorage to None, run_after=None
[2024-07-25T03:41:27.178+0000] {processor.py:183} INFO - Processing /home/airflow/.local/lib/python3.12/site-packages/airflow/example_dags/tutorial_objectstorage.py took 0.036 seconds
[2024-07-25T03:41:57.304+0000] {processor.py:161} INFO - Started process (PID=238) to work on /home/airflow/.local/lib/python3.12/site-packages/airflow/example_dags/tutorial_objectstorage.py
[2024-07-25T03:41:57.305+0000] {processor.py:830} INFO - Processing file /home/airflow/.local/lib/python3.12/site-packages/airflow/example_dags/tutorial_objectstorage.py for tasks to queue
[2024-07-25T03:41:57.306+0000] {logging_mixin.py:188} INFO - [2024-07-25T03:41:57.306+0000] {dagbag.py:545} INFO - Filling up the DagBag from /home/airflow/.local/lib/python3.12/site-packages/airflow/example_dags/tutorial_objectstorage.py
[2024-07-25T03:41:57.311+0000] {processor.py:840} INFO - DAG(s) 'tutorial_objectstorage' retrieved from /home/airflow/.local/lib/python3.12/site-packages/airflow/example_dags/tutorial_objectstorage.py
[2024-07-25T03:41:57.324+0000] {logging_mixin.py:188} INFO - [2024-07-25T03:41:57.324+0000] {dag.py:3089} INFO - Sync 1 DAGs
[2024-07-25T03:41:57.330+0000] {logging_mixin.py:188} INFO - [2024-07-25T03:41:57.330+0000] {dag.py:3947} INFO - Setting next_dagrun for tutorial_objectstorage to None, run_after=None
[2024-07-25T03:41:57.340+0000] {processor.py:183} INFO - Processing /home/airflow/.local/lib/python3.12/site-packages/airflow/example_dags/tutorial_objectstorage.py took 0.040 seconds
[2024-07-25T03:42:28.227+0000] {processor.py:161} INFO - Started process (PID=296) to work on /home/airflow/.local/lib/python3.12/site-packages/airflow/example_dags/tutorial_objectstorage.py
[2024-07-25T03:42:28.228+0000] {processor.py:830} INFO - Processing file /home/airflow/.local/lib/python3.12/site-packages/airflow/example_dags/tutorial_objectstorage.py for tasks to queue
[2024-07-25T03:42:28.229+0000] {logging_mixin.py:188} INFO - [2024-07-25T03:42:28.229+0000] {dagbag.py:545} INFO - Filling up the DagBag from /home/airflow/.local/lib/python3.12/site-packages/airflow/example_dags/tutorial_objectstorage.py
[2024-07-25T03:42:28.235+0000] {processor.py:840} INFO - DAG(s) 'tutorial_objectstorage' retrieved from /home/airflow/.local/lib/python3.12/site-packages/airflow/example_dags/tutorial_objectstorage.py
[2024-07-25T03:42:28.247+0000] {logging_mixin.py:188} INFO - [2024-07-25T03:42:28.247+0000] {dag.py:3089} INFO - Sync 1 DAGs
[2024-07-25T03:42:28.254+0000] {logging_mixin.py:188} INFO - [2024-07-25T03:42:28.254+0000] {dag.py:3947} INFO - Setting next_dagrun for tutorial_objectstorage to None, run_after=None
[2024-07-25T03:42:28.264+0000] {processor.py:183} INFO - Processing /home/airflow/.local/lib/python3.12/site-packages/airflow/example_dags/tutorial_objectstorage.py took 0.042 seconds
[2024-07-25T03:42:58.545+0000] {processor.py:161} INFO - Started process (PID=354) to work on /home/airflow/.local/lib/python3.12/site-packages/airflow/example_dags/tutorial_objectstorage.py
[2024-07-25T03:42:58.545+0000] {processor.py:830} INFO - Processing file /home/airflow/.local/lib/python3.12/site-packages/airflow/example_dags/tutorial_objectstorage.py for tasks to queue
[2024-07-25T03:42:58.547+0000] {logging_mixin.py:188} INFO - [2024-07-25T03:42:58.547+0000] {dagbag.py:545} INFO - Filling up the DagBag from /home/airflow/.local/lib/python3.12/site-packages/airflow/example_dags/tutorial_objectstorage.py
[2024-07-25T03:42:58.552+0000] {processor.py:840} INFO - DAG(s) 'tutorial_objectstorage' retrieved from /home/airflow/.local/lib/python3.12/site-packages/airflow/example_dags/tutorial_objectstorage.py
[2024-07-25T03:42:58.563+0000] {logging_mixin.py:188} INFO - [2024-07-25T03:42:58.563+0000] {dag.py:3089} INFO - Sync 1 DAGs
[2024-07-25T03:42:58.570+0000] {logging_mixin.py:188} INFO - [2024-07-25T03:42:58.570+0000] {dag.py:3947} INFO - Setting next_dagrun for tutorial_objectstorage to None, run_after=None
[2024-07-25T03:42:58.580+0000] {processor.py:183} INFO - Processing /home/airflow/.local/lib/python3.12/site-packages/airflow/example_dags/tutorial_objectstorage.py took 0.039 seconds
[2024-07-25T03:43:28.793+0000] {processor.py:161} INFO - Started process (PID=412) to work on /home/airflow/.local/lib/python3.12/site-packages/airflow/example_dags/tutorial_objectstorage.py
[2024-07-25T03:43:28.794+0000] {processor.py:830} INFO - Processing file /home/airflow/.local/lib/python3.12/site-packages/airflow/example_dags/tutorial_objectstorage.py for tasks to queue
[2024-07-25T03:43:28.795+0000] {logging_mixin.py:188} INFO - [2024-07-25T03:43:28.795+0000] {dagbag.py:545} INFO - Filling up the DagBag from /home/airflow/.local/lib/python3.12/site-packages/airflow/example_dags/tutorial_objectstorage.py
[2024-07-25T03:43:28.800+0000] {processor.py:840} INFO - DAG(s) 'tutorial_objectstorage' retrieved from /home/airflow/.local/lib/python3.12/site-packages/airflow/example_dags/tutorial_objectstorage.py
[2024-07-25T03:43:28.811+0000] {logging_mixin.py:188} INFO - [2024-07-25T03:43:28.811+0000] {dag.py:3089} INFO - Sync 1 DAGs
[2024-07-25T03:43:28.817+0000] {logging_mixin.py:188} INFO - [2024-07-25T03:43:28.817+0000] {dag.py:3947} INFO - Setting next_dagrun for tutorial_objectstorage to None, run_after=None
[2024-07-25T03:43:28.825+0000] {processor.py:183} INFO - Processing /home/airflow/.local/lib/python3.12/site-packages/airflow/example_dags/tutorial_objectstorage.py took 0.036 seconds
[2024-07-25T03:43:59.120+0000] {processor.py:161} INFO - Started process (PID=470) to work on /home/airflow/.local/lib/python3.12/site-packages/airflow/example_dags/tutorial_objectstorage.py
[2024-07-25T03:43:59.121+0000] {processor.py:830} INFO - Processing file /home/airflow/.local/lib/python3.12/site-packages/airflow/example_dags/tutorial_objectstorage.py for tasks to queue
[2024-07-25T03:43:59.122+0000] {logging_mixin.py:188} INFO - [2024-07-25T03:43:59.122+0000] {dagbag.py:545} INFO - Filling up the DagBag from /home/airflow/.local/lib/python3.12/site-packages/airflow/example_dags/tutorial_objectstorage.py
[2024-07-25T03:43:59.126+0000] {processor.py:840} INFO - DAG(s) 'tutorial_objectstorage' retrieved from /home/airflow/.local/lib/python3.12/site-packages/airflow/example_dags/tutorial_objectstorage.py
[2024-07-25T03:43:59.138+0000] {logging_mixin.py:188} INFO - [2024-07-25T03:43:59.137+0000] {dag.py:3089} INFO - Sync 1 DAGs
[2024-07-25T03:43:59.144+0000] {logging_mixin.py:188} INFO - [2024-07-25T03:43:59.143+0000] {dag.py:3947} INFO - Setting next_dagrun for tutorial_objectstorage to None, run_after=None
[2024-07-25T03:43:59.153+0000] {processor.py:183} INFO - Processing /home/airflow/.local/lib/python3.12/site-packages/airflow/example_dags/tutorial_objectstorage.py took 0.037 seconds
[2024-07-25T03:44:29.433+0000] {processor.py:161} INFO - Started process (PID=528) to work on /home/airflow/.local/lib/python3.12/site-packages/airflow/example_dags/tutorial_objectstorage.py
[2024-07-25T03:44:29.433+0000] {processor.py:830} INFO - Processing file /home/airflow/.local/lib/python3.12/site-packages/airflow/example_dags/tutorial_objectstorage.py for tasks to queue
[2024-07-25T03:44:29.435+0000] {logging_mixin.py:188} INFO - [2024-07-25T03:44:29.434+0000] {dagbag.py:545} INFO - Filling up the DagBag from /home/airflow/.local/lib/python3.12/site-packages/airflow/example_dags/tutorial_objectstorage.py
[2024-07-25T03:44:29.439+0000] {processor.py:840} INFO - DAG(s) 'tutorial_objectstorage' retrieved from /home/airflow/.local/lib/python3.12/site-packages/airflow/example_dags/tutorial_objectstorage.py
[2024-07-25T03:44:29.450+0000] {logging_mixin.py:188} INFO - [2024-07-25T03:44:29.450+0000] {dag.py:3089} INFO - Sync 1 DAGs
[2024-07-25T03:44:29.456+0000] {logging_mixin.py:188} INFO - [2024-07-25T03:44:29.456+0000] {dag.py:3947} INFO - Setting next_dagrun for tutorial_objectstorage to None, run_after=None
[2024-07-25T03:44:29.465+0000] {processor.py:183} INFO - Processing /home/airflow/.local/lib/python3.12/site-packages/airflow/example_dags/tutorial_objectstorage.py took 0.036 seconds
[2024-07-25T03:44:59.555+0000] {processor.py:161} INFO - Started process (PID=586) to work on /home/airflow/.local/lib/python3.12/site-packages/airflow/example_dags/tutorial_objectstorage.py
[2024-07-25T03:44:59.556+0000] {processor.py:830} INFO - Processing file /home/airflow/.local/lib/python3.12/site-packages/airflow/example_dags/tutorial_objectstorage.py for tasks to queue
[2024-07-25T03:44:59.557+0000] {logging_mixin.py:188} INFO - [2024-07-25T03:44:59.557+0000] {dagbag.py:545} INFO - Filling up the DagBag from /home/airflow/.local/lib/python3.12/site-packages/airflow/example_dags/tutorial_objectstorage.py
[2024-07-25T03:44:59.562+0000] {processor.py:840} INFO - DAG(s) 'tutorial_objectstorage' retrieved from /home/airflow/.local/lib/python3.12/site-packages/airflow/example_dags/tutorial_objectstorage.py
[2024-07-25T03:44:59.576+0000] {logging_mixin.py:188} INFO - [2024-07-25T03:44:59.576+0000] {dag.py:3089} INFO - Sync 1 DAGs
[2024-07-25T03:44:59.589+0000] {logging_mixin.py:188} INFO - [2024-07-25T03:44:59.589+0000] {dag.py:3947} INFO - Setting next_dagrun for tutorial_objectstorage to None, run_after=None
[2024-07-25T03:44:59.604+0000] {processor.py:183} INFO - Processing /home/airflow/.local/lib/python3.12/site-packages/airflow/example_dags/tutorial_objectstorage.py took 0.053 seconds
[2024-07-25T03:45:29.864+0000] {processor.py:161} INFO - Started process (PID=644) to work on /home/airflow/.local/lib/python3.12/site-packages/airflow/example_dags/tutorial_objectstorage.py
[2024-07-25T03:45:29.865+0000] {processor.py:830} INFO - Processing file /home/airflow/.local/lib/python3.12/site-packages/airflow/example_dags/tutorial_objectstorage.py for tasks to queue
[2024-07-25T03:45:29.866+0000] {logging_mixin.py:188} INFO - [2024-07-25T03:45:29.866+0000] {dagbag.py:545} INFO - Filling up the DagBag from /home/airflow/.local/lib/python3.12/site-packages/airflow/example_dags/tutorial_objectstorage.py
[2024-07-25T03:45:29.871+0000] {processor.py:840} INFO - DAG(s) 'tutorial_objectstorage' retrieved from /home/airflow/.local/lib/python3.12/site-packages/airflow/example_dags/tutorial_objectstorage.py
[2024-07-25T03:45:29.882+0000] {logging_mixin.py:188} INFO - [2024-07-25T03:45:29.882+0000] {dag.py:3089} INFO - Sync 1 DAGs
[2024-07-25T03:45:29.888+0000] {logging_mixin.py:188} INFO - [2024-07-25T03:45:29.888+0000] {dag.py:3947} INFO - Setting next_dagrun for tutorial_objectstorage to None, run_after=None
[2024-07-25T03:45:29.897+0000] {processor.py:183} INFO - Processing /home/airflow/.local/lib/python3.12/site-packages/airflow/example_dags/tutorial_objectstorage.py took 0.036 seconds
[2024-07-25T03:46:00.143+0000] {processor.py:161} INFO - Started process (PID=702) to work on /home/airflow/.local/lib/python3.12/site-packages/airflow/example_dags/tutorial_objectstorage.py
[2024-07-25T03:46:00.144+0000] {processor.py:830} INFO - Processing file /home/airflow/.local/lib/python3.12/site-packages/airflow/example_dags/tutorial_objectstorage.py for tasks to queue
[2024-07-25T03:46:00.145+0000] {logging_mixin.py:188} INFO - [2024-07-25T03:46:00.144+0000] {dagbag.py:545} INFO - Filling up the DagBag from /home/airflow/.local/lib/python3.12/site-packages/airflow/example_dags/tutorial_objectstorage.py
[2024-07-25T03:46:00.149+0000] {processor.py:840} INFO - DAG(s) 'tutorial_objectstorage' retrieved from /home/airflow/.local/lib/python3.12/site-packages/airflow/example_dags/tutorial_objectstorage.py
[2024-07-25T03:46:00.159+0000] {logging_mixin.py:188} INFO - [2024-07-25T03:46:00.159+0000] {dag.py:3089} INFO - Sync 1 DAGs
[2024-07-25T03:46:00.165+0000] {logging_mixin.py:188} INFO - [2024-07-25T03:46:00.165+0000] {dag.py:3947} INFO - Setting next_dagrun for tutorial_objectstorage to None, run_after=None
[2024-07-25T03:46:00.174+0000] {processor.py:183} INFO - Processing /home/airflow/.local/lib/python3.12/site-packages/airflow/example_dags/tutorial_objectstorage.py took 0.034 seconds
[2024-07-25T03:46:30.369+0000] {processor.py:161} INFO - Started process (PID=760) to work on /home/airflow/.local/lib/python3.12/site-packages/airflow/example_dags/tutorial_objectstorage.py
[2024-07-25T03:46:30.370+0000] {processor.py:830} INFO - Processing file /home/airflow/.local/lib/python3.12/site-packages/airflow/example_dags/tutorial_objectstorage.py for tasks to queue
[2024-07-25T03:46:30.371+0000] {logging_mixin.py:188} INFO - [2024-07-25T03:46:30.371+0000] {dagbag.py:545} INFO - Filling up the DagBag from /home/airflow/.local/lib/python3.12/site-packages/airflow/example_dags/tutorial_objectstorage.py
[2024-07-25T03:46:30.375+0000] {processor.py:840} INFO - DAG(s) 'tutorial_objectstorage' retrieved from /home/airflow/.local/lib/python3.12/site-packages/airflow/example_dags/tutorial_objectstorage.py
[2024-07-25T03:46:30.386+0000] {logging_mixin.py:188} INFO - [2024-07-25T03:46:30.386+0000] {dag.py:3089} INFO - Sync 1 DAGs
[2024-07-25T03:46:30.392+0000] {logging_mixin.py:188} INFO - [2024-07-25T03:46:30.392+0000] {dag.py:3947} INFO - Setting next_dagrun for tutorial_objectstorage to None, run_after=None
[2024-07-25T03:46:30.400+0000] {processor.py:183} INFO - Processing /home/airflow/.local/lib/python3.12/site-packages/airflow/example_dags/tutorial_objectstorage.py took 0.035 seconds
[2024-07-25T03:47:00.869+0000] {processor.py:161} INFO - Started process (PID=818) to work on /home/airflow/.local/lib/python3.12/site-packages/airflow/example_dags/tutorial_objectstorage.py
[2024-07-25T03:47:00.870+0000] {processor.py:830} INFO - Processing file /home/airflow/.local/lib/python3.12/site-packages/airflow/example_dags/tutorial_objectstorage.py for tasks to queue
[2024-07-25T03:47:00.871+0000] {logging_mixin.py:188} INFO - [2024-07-25T03:47:00.871+0000] {dagbag.py:545} INFO - Filling up the DagBag from /home/airflow/.local/lib/python3.12/site-packages/airflow/example_dags/tutorial_objectstorage.py
[2024-07-25T03:47:00.876+0000] {processor.py:840} INFO - DAG(s) 'tutorial_objectstorage' retrieved from /home/airflow/.local/lib/python3.12/site-packages/airflow/example_dags/tutorial_objectstorage.py
[2024-07-25T03:47:00.887+0000] {logging_mixin.py:188} INFO - [2024-07-25T03:47:00.887+0000] {dag.py:3089} INFO - Sync 1 DAGs
[2024-07-25T03:47:00.893+0000] {logging_mixin.py:188} INFO - [2024-07-25T03:47:00.893+0000] {dag.py:3947} INFO - Setting next_dagrun for tutorial_objectstorage to None, run_after=None
[2024-07-25T03:47:00.902+0000] {processor.py:183} INFO - Processing /home/airflow/.local/lib/python3.12/site-packages/airflow/example_dags/tutorial_objectstorage.py took 0.036 seconds
[2024-07-25T03:47:31.022+0000] {processor.py:161} INFO - Started process (PID=876) to work on /home/airflow/.local/lib/python3.12/site-packages/airflow/example_dags/tutorial_objectstorage.py
[2024-07-25T03:47:31.022+0000] {processor.py:830} INFO - Processing file /home/airflow/.local/lib/python3.12/site-packages/airflow/example_dags/tutorial_objectstorage.py for tasks to queue
[2024-07-25T03:47:31.024+0000] {logging_mixin.py:188} INFO - [2024-07-25T03:47:31.023+0000] {dagbag.py:545} INFO - Filling up the DagBag from /home/airflow/.local/lib/python3.12/site-packages/airflow/example_dags/tutorial_objectstorage.py
[2024-07-25T03:47:31.028+0000] {processor.py:840} INFO - DAG(s) 'tutorial_objectstorage' retrieved from /home/airflow/.local/lib/python3.12/site-packages/airflow/example_dags/tutorial_objectstorage.py
[2024-07-25T03:47:31.047+0000] {logging_mixin.py:188} INFO - [2024-07-25T03:47:31.047+0000] {dag.py:3089} INFO - Sync 1 DAGs
[2024-07-25T03:47:31.054+0000] {logging_mixin.py:188} INFO - [2024-07-25T03:47:31.054+0000] {dag.py:3947} INFO - Setting next_dagrun for tutorial_objectstorage to None, run_after=None
[2024-07-25T03:47:31.065+0000] {processor.py:183} INFO - Processing /home/airflow/.local/lib/python3.12/site-packages/airflow/example_dags/tutorial_objectstorage.py took 0.047 seconds
[2024-07-25T03:48:01.180+0000] {processor.py:161} INFO - Started process (PID=934) to work on /home/airflow/.local/lib/python3.12/site-packages/airflow/example_dags/tutorial_objectstorage.py
[2024-07-25T03:48:01.180+0000] {processor.py:830} INFO - Processing file /home/airflow/.local/lib/python3.12/site-packages/airflow/example_dags/tutorial_objectstorage.py for tasks to queue
[2024-07-25T03:48:01.182+0000] {logging_mixin.py:188} INFO - [2024-07-25T03:48:01.182+0000] {dagbag.py:545} INFO - Filling up the DagBag from /home/airflow/.local/lib/python3.12/site-packages/airflow/example_dags/tutorial_objectstorage.py
[2024-07-25T03:48:01.186+0000] {processor.py:840} INFO - DAG(s) 'tutorial_objectstorage' retrieved from /home/airflow/.local/lib/python3.12/site-packages/airflow/example_dags/tutorial_objectstorage.py
[2024-07-25T03:48:01.199+0000] {logging_mixin.py:188} INFO - [2024-07-25T03:48:01.199+0000] {dag.py:3089} INFO - Sync 1 DAGs
[2024-07-25T03:48:01.205+0000] {logging_mixin.py:188} INFO - [2024-07-25T03:48:01.205+0000] {dag.py:3947} INFO - Setting next_dagrun for tutorial_objectstorage to None, run_after=None
[2024-07-25T03:48:01.214+0000] {processor.py:183} INFO - Processing /home/airflow/.local/lib/python3.12/site-packages/airflow/example_dags/tutorial_objectstorage.py took 0.038 seconds
[2024-07-25T03:48:31.439+0000] {processor.py:161} INFO - Started process (PID=992) to work on /home/airflow/.local/lib/python3.12/site-packages/airflow/example_dags/tutorial_objectstorage.py
[2024-07-25T03:48:31.440+0000] {processor.py:830} INFO - Processing file /home/airflow/.local/lib/python3.12/site-packages/airflow/example_dags/tutorial_objectstorage.py for tasks to queue
[2024-07-25T03:48:31.441+0000] {logging_mixin.py:188} INFO - [2024-07-25T03:48:31.441+0000] {dagbag.py:545} INFO - Filling up the DagBag from /home/airflow/.local/lib/python3.12/site-packages/airflow/example_dags/tutorial_objectstorage.py
[2024-07-25T03:48:31.445+0000] {processor.py:840} INFO - DAG(s) 'tutorial_objectstorage' retrieved from /home/airflow/.local/lib/python3.12/site-packages/airflow/example_dags/tutorial_objectstorage.py
[2024-07-25T03:48:31.456+0000] {logging_mixin.py:188} INFO - [2024-07-25T03:48:31.456+0000] {dag.py:3089} INFO - Sync 1 DAGs
[2024-07-25T03:48:31.463+0000] {logging_mixin.py:188} INFO - [2024-07-25T03:48:31.463+0000] {dag.py:3947} INFO - Setting next_dagrun for tutorial_objectstorage to None, run_after=None
[2024-07-25T03:48:31.473+0000] {processor.py:183} INFO - Processing /home/airflow/.local/lib/python3.12/site-packages/airflow/example_dags/tutorial_objectstorage.py took 0.038 seconds
[2024-07-25T03:49:01.829+0000] {processor.py:161} INFO - Started process (PID=1050) to work on /home/airflow/.local/lib/python3.12/site-packages/airflow/example_dags/tutorial_objectstorage.py
[2024-07-25T03:49:01.830+0000] {processor.py:830} INFO - Processing file /home/airflow/.local/lib/python3.12/site-packages/airflow/example_dags/tutorial_objectstorage.py for tasks to queue
[2024-07-25T03:49:01.831+0000] {logging_mixin.py:188} INFO - [2024-07-25T03:49:01.831+0000] {dagbag.py:545} INFO - Filling up the DagBag from /home/airflow/.local/lib/python3.12/site-packages/airflow/example_dags/tutorial_objectstorage.py
[2024-07-25T03:49:01.836+0000] {processor.py:840} INFO - DAG(s) 'tutorial_objectstorage' retrieved from /home/airflow/.local/lib/python3.12/site-packages/airflow/example_dags/tutorial_objectstorage.py
[2024-07-25T03:49:01.847+0000] {logging_mixin.py:188} INFO - [2024-07-25T03:49:01.847+0000] {dag.py:3089} INFO - Sync 1 DAGs
[2024-07-25T03:49:01.854+0000] {logging_mixin.py:188} INFO - [2024-07-25T03:49:01.854+0000] {dag.py:3947} INFO - Setting next_dagrun for tutorial_objectstorage to None, run_after=None
[2024-07-25T03:49:01.862+0000] {processor.py:183} INFO - Processing /home/airflow/.local/lib/python3.12/site-packages/airflow/example_dags/tutorial_objectstorage.py took 0.037 seconds
[2024-07-25T03:49:32.188+0000] {processor.py:161} INFO - Started process (PID=1108) to work on /home/airflow/.local/lib/python3.12/site-packages/airflow/example_dags/tutorial_objectstorage.py
[2024-07-25T03:49:32.189+0000] {processor.py:830} INFO - Processing file /home/airflow/.local/lib/python3.12/site-packages/airflow/example_dags/tutorial_objectstorage.py for tasks to queue
[2024-07-25T03:49:32.190+0000] {logging_mixin.py:188} INFO - [2024-07-25T03:49:32.190+0000] {dagbag.py:545} INFO - Filling up the DagBag from /home/airflow/.local/lib/python3.12/site-packages/airflow/example_dags/tutorial_objectstorage.py
[2024-07-25T03:49:32.196+0000] {processor.py:840} INFO - DAG(s) 'tutorial_objectstorage' retrieved from /home/airflow/.local/lib/python3.12/site-packages/airflow/example_dags/tutorial_objectstorage.py
[2024-07-25T03:49:32.210+0000] {logging_mixin.py:188} INFO - [2024-07-25T03:49:32.210+0000] {dag.py:3089} INFO - Sync 1 DAGs
[2024-07-25T03:49:32.217+0000] {logging_mixin.py:188} INFO - [2024-07-25T03:49:32.217+0000] {dag.py:3947} INFO - Setting next_dagrun for tutorial_objectstorage to None, run_after=None
[2024-07-25T03:49:32.226+0000] {processor.py:183} INFO - Processing /home/airflow/.local/lib/python3.12/site-packages/airflow/example_dags/tutorial_objectstorage.py took 0.043 seconds
[2024-07-25T03:50:02.394+0000] {processor.py:161} INFO - Started process (PID=1166) to work on /home/airflow/.local/lib/python3.12/site-packages/airflow/example_dags/tutorial_objectstorage.py
[2024-07-25T03:50:02.395+0000] {processor.py:830} INFO - Processing file /home/airflow/.local/lib/python3.12/site-packages/airflow/example_dags/tutorial_objectstorage.py for tasks to queue
[2024-07-25T03:50:02.396+0000] {logging_mixin.py:188} INFO - [2024-07-25T03:50:02.396+0000] {dagbag.py:545} INFO - Filling up the DagBag from /home/airflow/.local/lib/python3.12/site-packages/airflow/example_dags/tutorial_objectstorage.py
[2024-07-25T03:50:02.401+0000] {processor.py:840} INFO - DAG(s) 'tutorial_objectstorage' retrieved from /home/airflow/.local/lib/python3.12/site-packages/airflow/example_dags/tutorial_objectstorage.py
[2024-07-25T03:50:02.411+0000] {logging_mixin.py:188} INFO - [2024-07-25T03:50:02.411+0000] {dag.py:3089} INFO - Sync 1 DAGs
[2024-07-25T03:50:02.418+0000] {logging_mixin.py:188} INFO - [2024-07-25T03:50:02.417+0000] {dag.py:3947} INFO - Setting next_dagrun for tutorial_objectstorage to None, run_after=None
[2024-07-25T03:50:02.427+0000] {processor.py:183} INFO - Processing /home/airflow/.local/lib/python3.12/site-packages/airflow/example_dags/tutorial_objectstorage.py took 0.036 seconds
[2024-07-25T03:50:32.736+0000] {processor.py:161} INFO - Started process (PID=1224) to work on /home/airflow/.local/lib/python3.12/site-packages/airflow/example_dags/tutorial_objectstorage.py
[2024-07-25T03:50:32.737+0000] {processor.py:830} INFO - Processing file /home/airflow/.local/lib/python3.12/site-packages/airflow/example_dags/tutorial_objectstorage.py for tasks to queue
[2024-07-25T03:50:32.738+0000] {logging_mixin.py:188} INFO - [2024-07-25T03:50:32.738+0000] {dagbag.py:545} INFO - Filling up the DagBag from /home/airflow/.local/lib/python3.12/site-packages/airflow/example_dags/tutorial_objectstorage.py
[2024-07-25T03:50:32.743+0000] {processor.py:840} INFO - DAG(s) 'tutorial_objectstorage' retrieved from /home/airflow/.local/lib/python3.12/site-packages/airflow/example_dags/tutorial_objectstorage.py
[2024-07-25T03:50:32.755+0000] {logging_mixin.py:188} INFO - [2024-07-25T03:50:32.754+0000] {dag.py:3089} INFO - Sync 1 DAGs
[2024-07-25T03:50:32.762+0000] {logging_mixin.py:188} INFO - [2024-07-25T03:50:32.762+0000] {dag.py:3947} INFO - Setting next_dagrun for tutorial_objectstorage to None, run_after=None
[2024-07-25T03:50:32.772+0000] {processor.py:183} INFO - Processing /home/airflow/.local/lib/python3.12/site-packages/airflow/example_dags/tutorial_objectstorage.py took 0.040 seconds
[2024-07-25T03:51:03.863+0000] {processor.py:161} INFO - Started process (PID=1282) to work on /home/airflow/.local/lib/python3.12/site-packages/airflow/example_dags/tutorial_objectstorage.py
[2024-07-25T03:51:03.864+0000] {processor.py:830} INFO - Processing file /home/airflow/.local/lib/python3.12/site-packages/airflow/example_dags/tutorial_objectstorage.py for tasks to queue
[2024-07-25T03:51:03.865+0000] {logging_mixin.py:188} INFO - [2024-07-25T03:51:03.865+0000] {dagbag.py:545} INFO - Filling up the DagBag from /home/airflow/.local/lib/python3.12/site-packages/airflow/example_dags/tutorial_objectstorage.py
[2024-07-25T03:51:03.870+0000] {processor.py:840} INFO - DAG(s) 'tutorial_objectstorage' retrieved from /home/airflow/.local/lib/python3.12/site-packages/airflow/example_dags/tutorial_objectstorage.py
[2024-07-25T03:51:03.881+0000] {logging_mixin.py:188} INFO - [2024-07-25T03:51:03.881+0000] {dag.py:3089} INFO - Sync 1 DAGs
[2024-07-25T03:51:03.888+0000] {logging_mixin.py:188} INFO - [2024-07-25T03:51:03.888+0000] {dag.py:3947} INFO - Setting next_dagrun for tutorial_objectstorage to None, run_after=None
[2024-07-25T03:51:03.897+0000] {processor.py:183} INFO - Processing /home/airflow/.local/lib/python3.12/site-packages/airflow/example_dags/tutorial_objectstorage.py took 0.037 seconds
[2024-07-25T03:51:35.013+0000] {processor.py:161} INFO - Started process (PID=1340) to work on /home/airflow/.local/lib/python3.12/site-packages/airflow/example_dags/tutorial_objectstorage.py
[2024-07-25T03:51:35.014+0000] {processor.py:830} INFO - Processing file /home/airflow/.local/lib/python3.12/site-packages/airflow/example_dags/tutorial_objectstorage.py for tasks to queue
[2024-07-25T03:51:35.016+0000] {logging_mixin.py:188} INFO - [2024-07-25T03:51:35.015+0000] {dagbag.py:545} INFO - Filling up the DagBag from /home/airflow/.local/lib/python3.12/site-packages/airflow/example_dags/tutorial_objectstorage.py
[2024-07-25T03:51:35.021+0000] {processor.py:840} INFO - DAG(s) 'tutorial_objectstorage' retrieved from /home/airflow/.local/lib/python3.12/site-packages/airflow/example_dags/tutorial_objectstorage.py
[2024-07-25T03:51:35.034+0000] {logging_mixin.py:188} INFO - [2024-07-25T03:51:35.034+0000] {dag.py:3089} INFO - Sync 1 DAGs
[2024-07-25T03:51:35.042+0000] {logging_mixin.py:188} INFO - [2024-07-25T03:51:35.041+0000] {dag.py:3947} INFO - Setting next_dagrun for tutorial_objectstorage to None, run_after=None
[2024-07-25T03:51:35.052+0000] {processor.py:183} INFO - Processing /home/airflow/.local/lib/python3.12/site-packages/airflow/example_dags/tutorial_objectstorage.py took 0.043 seconds
[2024-07-25T03:52:06.095+0000] {processor.py:161} INFO - Started process (PID=1398) to work on /home/airflow/.local/lib/python3.12/site-packages/airflow/example_dags/tutorial_objectstorage.py
[2024-07-25T03:52:06.096+0000] {processor.py:830} INFO - Processing file /home/airflow/.local/lib/python3.12/site-packages/airflow/example_dags/tutorial_objectstorage.py for tasks to queue
[2024-07-25T03:52:06.097+0000] {logging_mixin.py:188} INFO - [2024-07-25T03:52:06.097+0000] {dagbag.py:545} INFO - Filling up the DagBag from /home/airflow/.local/lib/python3.12/site-packages/airflow/example_dags/tutorial_objectstorage.py
[2024-07-25T03:52:06.103+0000] {processor.py:840} INFO - DAG(s) 'tutorial_objectstorage' retrieved from /home/airflow/.local/lib/python3.12/site-packages/airflow/example_dags/tutorial_objectstorage.py
[2024-07-25T03:52:06.117+0000] {logging_mixin.py:188} INFO - [2024-07-25T03:52:06.116+0000] {dag.py:3089} INFO - Sync 1 DAGs
[2024-07-25T03:52:06.125+0000] {logging_mixin.py:188} INFO - [2024-07-25T03:52:06.124+0000] {dag.py:3947} INFO - Setting next_dagrun for tutorial_objectstorage to None, run_after=None
[2024-07-25T03:52:06.135+0000] {processor.py:183} INFO - Processing /home/airflow/.local/lib/python3.12/site-packages/airflow/example_dags/tutorial_objectstorage.py took 0.043 seconds
[2024-07-25T03:52:36.218+0000] {processor.py:161} INFO - Started process (PID=1455) to work on /home/airflow/.local/lib/python3.12/site-packages/airflow/example_dags/tutorial_objectstorage.py
[2024-07-25T03:52:36.220+0000] {processor.py:830} INFO - Processing file /home/airflow/.local/lib/python3.12/site-packages/airflow/example_dags/tutorial_objectstorage.py for tasks to queue
[2024-07-25T03:52:36.222+0000] {logging_mixin.py:188} INFO - [2024-07-25T03:52:36.222+0000] {dagbag.py:545} INFO - Filling up the DagBag from /home/airflow/.local/lib/python3.12/site-packages/airflow/example_dags/tutorial_objectstorage.py
[2024-07-25T03:52:36.230+0000] {processor.py:840} INFO - DAG(s) 'tutorial_objectstorage' retrieved from /home/airflow/.local/lib/python3.12/site-packages/airflow/example_dags/tutorial_objectstorage.py
[2024-07-25T03:52:36.244+0000] {logging_mixin.py:188} INFO - [2024-07-25T03:52:36.244+0000] {dag.py:3089} INFO - Sync 1 DAGs
[2024-07-25T03:52:36.253+0000] {logging_mixin.py:188} INFO - [2024-07-25T03:52:36.253+0000] {dag.py:3947} INFO - Setting next_dagrun for tutorial_objectstorage to None, run_after=None
[2024-07-25T03:52:36.263+0000] {processor.py:183} INFO - Processing /home/airflow/.local/lib/python3.12/site-packages/airflow/example_dags/tutorial_objectstorage.py took 0.052 seconds
[2024-07-25T04:03:47.359+0000] {processor.py:161} INFO - Started process (PID=64) to work on /home/airflow/.local/lib/python3.12/site-packages/airflow/example_dags/tutorial_objectstorage.py
[2024-07-25T04:03:47.361+0000] {processor.py:830} INFO - Processing file /home/airflow/.local/lib/python3.12/site-packages/airflow/example_dags/tutorial_objectstorage.py for tasks to queue
[2024-07-25T04:03:47.364+0000] {logging_mixin.py:188} INFO - [2024-07-25T04:03:47.363+0000] {dagbag.py:545} INFO - Filling up the DagBag from /home/airflow/.local/lib/python3.12/site-packages/airflow/example_dags/tutorial_objectstorage.py
[2024-07-25T04:03:47.373+0000] {processor.py:840} INFO - DAG(s) 'tutorial_objectstorage' retrieved from /home/airflow/.local/lib/python3.12/site-packages/airflow/example_dags/tutorial_objectstorage.py
[2024-07-25T04:03:47.386+0000] {logging_mixin.py:188} INFO - [2024-07-25T04:03:47.385+0000] {dag.py:3089} INFO - Sync 1 DAGs
[2024-07-25T04:03:47.398+0000] {logging_mixin.py:188} INFO - [2024-07-25T04:03:47.398+0000] {dag.py:3947} INFO - Setting next_dagrun for tutorial_objectstorage to None, run_after=None
[2024-07-25T04:03:47.410+0000] {processor.py:183} INFO - Processing /home/airflow/.local/lib/python3.12/site-packages/airflow/example_dags/tutorial_objectstorage.py took 0.057 seconds
[2024-07-25T04:04:18.914+0000] {processor.py:161} INFO - Started process (PID=122) to work on /home/airflow/.local/lib/python3.12/site-packages/airflow/example_dags/tutorial_objectstorage.py
[2024-07-25T04:04:18.915+0000] {processor.py:830} INFO - Processing file /home/airflow/.local/lib/python3.12/site-packages/airflow/example_dags/tutorial_objectstorage.py for tasks to queue
[2024-07-25T04:04:18.917+0000] {logging_mixin.py:188} INFO - [2024-07-25T04:04:18.917+0000] {dagbag.py:545} INFO - Filling up the DagBag from /home/airflow/.local/lib/python3.12/site-packages/airflow/example_dags/tutorial_objectstorage.py
[2024-07-25T04:04:18.922+0000] {processor.py:840} INFO - DAG(s) 'tutorial_objectstorage' retrieved from /home/airflow/.local/lib/python3.12/site-packages/airflow/example_dags/tutorial_objectstorage.py
[2024-07-25T04:04:18.988+0000] {logging_mixin.py:188} INFO - [2024-07-25T04:04:18.987+0000] {dag.py:3089} INFO - Sync 1 DAGs
[2024-07-25T04:04:18.994+0000] {logging_mixin.py:188} INFO - [2024-07-25T04:04:18.994+0000] {dag.py:3947} INFO - Setting next_dagrun for tutorial_objectstorage to None, run_after=None
[2024-07-25T04:04:19.005+0000] {processor.py:183} INFO - Processing /home/airflow/.local/lib/python3.12/site-packages/airflow/example_dags/tutorial_objectstorage.py took 0.094 seconds
[2024-07-25T04:04:49.487+0000] {processor.py:161} INFO - Started process (PID=180) to work on /home/airflow/.local/lib/python3.12/site-packages/airflow/example_dags/tutorial_objectstorage.py
[2024-07-25T04:04:49.488+0000] {processor.py:830} INFO - Processing file /home/airflow/.local/lib/python3.12/site-packages/airflow/example_dags/tutorial_objectstorage.py for tasks to queue
[2024-07-25T04:04:49.490+0000] {logging_mixin.py:188} INFO - [2024-07-25T04:04:49.489+0000] {dagbag.py:545} INFO - Filling up the DagBag from /home/airflow/.local/lib/python3.12/site-packages/airflow/example_dags/tutorial_objectstorage.py
[2024-07-25T04:04:49.495+0000] {processor.py:840} INFO - DAG(s) 'tutorial_objectstorage' retrieved from /home/airflow/.local/lib/python3.12/site-packages/airflow/example_dags/tutorial_objectstorage.py
[2024-07-25T04:04:49.506+0000] {logging_mixin.py:188} INFO - [2024-07-25T04:04:49.506+0000] {dag.py:3089} INFO - Sync 1 DAGs
[2024-07-25T04:04:49.513+0000] {logging_mixin.py:188} INFO - [2024-07-25T04:04:49.513+0000] {dag.py:3947} INFO - Setting next_dagrun for tutorial_objectstorage to None, run_after=None
[2024-07-25T04:04:49.523+0000] {processor.py:183} INFO - Processing /home/airflow/.local/lib/python3.12/site-packages/airflow/example_dags/tutorial_objectstorage.py took 0.039 seconds
[2024-07-25T04:05:19.681+0000] {processor.py:161} INFO - Started process (PID=238) to work on /home/airflow/.local/lib/python3.12/site-packages/airflow/example_dags/tutorial_objectstorage.py
[2024-07-25T04:05:19.682+0000] {processor.py:830} INFO - Processing file /home/airflow/.local/lib/python3.12/site-packages/airflow/example_dags/tutorial_objectstorage.py for tasks to queue
[2024-07-25T04:05:19.684+0000] {logging_mixin.py:188} INFO - [2024-07-25T04:05:19.683+0000] {dagbag.py:545} INFO - Filling up the DagBag from /home/airflow/.local/lib/python3.12/site-packages/airflow/example_dags/tutorial_objectstorage.py
[2024-07-25T04:05:19.688+0000] {processor.py:840} INFO - DAG(s) 'tutorial_objectstorage' retrieved from /home/airflow/.local/lib/python3.12/site-packages/airflow/example_dags/tutorial_objectstorage.py
[2024-07-25T04:05:19.700+0000] {logging_mixin.py:188} INFO - [2024-07-25T04:05:19.699+0000] {dag.py:3089} INFO - Sync 1 DAGs
[2024-07-25T04:05:19.705+0000] {logging_mixin.py:188} INFO - [2024-07-25T04:05:19.705+0000] {dag.py:3947} INFO - Setting next_dagrun for tutorial_objectstorage to None, run_after=None
[2024-07-25T04:05:19.714+0000] {processor.py:183} INFO - Processing /home/airflow/.local/lib/python3.12/site-packages/airflow/example_dags/tutorial_objectstorage.py took 0.037 seconds
[2024-07-25T04:05:49.931+0000] {processor.py:161} INFO - Started process (PID=296) to work on /home/airflow/.local/lib/python3.12/site-packages/airflow/example_dags/tutorial_objectstorage.py
[2024-07-25T04:05:49.932+0000] {processor.py:830} INFO - Processing file /home/airflow/.local/lib/python3.12/site-packages/airflow/example_dags/tutorial_objectstorage.py for tasks to queue
[2024-07-25T04:05:49.933+0000] {logging_mixin.py:188} INFO - [2024-07-25T04:05:49.933+0000] {dagbag.py:545} INFO - Filling up the DagBag from /home/airflow/.local/lib/python3.12/site-packages/airflow/example_dags/tutorial_objectstorage.py
[2024-07-25T04:05:49.938+0000] {processor.py:840} INFO - DAG(s) 'tutorial_objectstorage' retrieved from /home/airflow/.local/lib/python3.12/site-packages/airflow/example_dags/tutorial_objectstorage.py
[2024-07-25T04:05:49.949+0000] {logging_mixin.py:188} INFO - [2024-07-25T04:05:49.949+0000] {dag.py:3089} INFO - Sync 1 DAGs
[2024-07-25T04:05:49.956+0000] {logging_mixin.py:188} INFO - [2024-07-25T04:05:49.956+0000] {dag.py:3947} INFO - Setting next_dagrun for tutorial_objectstorage to None, run_after=None
[2024-07-25T04:05:49.964+0000] {processor.py:183} INFO - Processing /home/airflow/.local/lib/python3.12/site-packages/airflow/example_dags/tutorial_objectstorage.py took 0.037 seconds
[2024-07-25T04:06:20.917+0000] {processor.py:161} INFO - Started process (PID=354) to work on /home/airflow/.local/lib/python3.12/site-packages/airflow/example_dags/tutorial_objectstorage.py
[2024-07-25T04:06:20.918+0000] {processor.py:830} INFO - Processing file /home/airflow/.local/lib/python3.12/site-packages/airflow/example_dags/tutorial_objectstorage.py for tasks to queue
[2024-07-25T04:06:20.919+0000] {logging_mixin.py:188} INFO - [2024-07-25T04:06:20.919+0000] {dagbag.py:545} INFO - Filling up the DagBag from /home/airflow/.local/lib/python3.12/site-packages/airflow/example_dags/tutorial_objectstorage.py
[2024-07-25T04:06:20.924+0000] {processor.py:840} INFO - DAG(s) 'tutorial_objectstorage' retrieved from /home/airflow/.local/lib/python3.12/site-packages/airflow/example_dags/tutorial_objectstorage.py
[2024-07-25T04:06:20.936+0000] {logging_mixin.py:188} INFO - [2024-07-25T04:06:20.936+0000] {dag.py:3089} INFO - Sync 1 DAGs
[2024-07-25T04:06:20.942+0000] {logging_mixin.py:188} INFO - [2024-07-25T04:06:20.942+0000] {dag.py:3947} INFO - Setting next_dagrun for tutorial_objectstorage to None, run_after=None
[2024-07-25T04:06:20.951+0000] {processor.py:183} INFO - Processing /home/airflow/.local/lib/python3.12/site-packages/airflow/example_dags/tutorial_objectstorage.py took 0.038 seconds
[2024-07-25T04:06:51.322+0000] {processor.py:161} INFO - Started process (PID=412) to work on /home/airflow/.local/lib/python3.12/site-packages/airflow/example_dags/tutorial_objectstorage.py
[2024-07-25T04:06:51.323+0000] {processor.py:830} INFO - Processing file /home/airflow/.local/lib/python3.12/site-packages/airflow/example_dags/tutorial_objectstorage.py for tasks to queue
[2024-07-25T04:06:51.324+0000] {logging_mixin.py:188} INFO - [2024-07-25T04:06:51.324+0000] {dagbag.py:545} INFO - Filling up the DagBag from /home/airflow/.local/lib/python3.12/site-packages/airflow/example_dags/tutorial_objectstorage.py
[2024-07-25T04:06:51.329+0000] {processor.py:840} INFO - DAG(s) 'tutorial_objectstorage' retrieved from /home/airflow/.local/lib/python3.12/site-packages/airflow/example_dags/tutorial_objectstorage.py
[2024-07-25T04:06:51.341+0000] {logging_mixin.py:188} INFO - [2024-07-25T04:06:51.340+0000] {dag.py:3089} INFO - Sync 1 DAGs
[2024-07-25T04:06:51.347+0000] {logging_mixin.py:188} INFO - [2024-07-25T04:06:51.347+0000] {dag.py:3947} INFO - Setting next_dagrun for tutorial_objectstorage to None, run_after=None
[2024-07-25T04:06:51.357+0000] {processor.py:183} INFO - Processing /home/airflow/.local/lib/python3.12/site-packages/airflow/example_dags/tutorial_objectstorage.py took 0.039 seconds
[2024-07-25T04:07:21.726+0000] {processor.py:161} INFO - Started process (PID=470) to work on /home/airflow/.local/lib/python3.12/site-packages/airflow/example_dags/tutorial_objectstorage.py
[2024-07-25T04:07:21.727+0000] {processor.py:830} INFO - Processing file /home/airflow/.local/lib/python3.12/site-packages/airflow/example_dags/tutorial_objectstorage.py for tasks to queue
[2024-07-25T04:07:21.728+0000] {logging_mixin.py:188} INFO - [2024-07-25T04:07:21.728+0000] {dagbag.py:545} INFO - Filling up the DagBag from /home/airflow/.local/lib/python3.12/site-packages/airflow/example_dags/tutorial_objectstorage.py
[2024-07-25T04:07:21.733+0000] {processor.py:840} INFO - DAG(s) 'tutorial_objectstorage' retrieved from /home/airflow/.local/lib/python3.12/site-packages/airflow/example_dags/tutorial_objectstorage.py
[2024-07-25T04:07:21.744+0000] {logging_mixin.py:188} INFO - [2024-07-25T04:07:21.744+0000] {dag.py:3089} INFO - Sync 1 DAGs
[2024-07-25T04:07:21.751+0000] {logging_mixin.py:188} INFO - [2024-07-25T04:07:21.751+0000] {dag.py:3947} INFO - Setting next_dagrun for tutorial_objectstorage to None, run_after=None
[2024-07-25T04:07:21.761+0000] {processor.py:183} INFO - Processing /home/airflow/.local/lib/python3.12/site-packages/airflow/example_dags/tutorial_objectstorage.py took 0.039 seconds
[2024-07-25T04:07:51.868+0000] {processor.py:161} INFO - Started process (PID=528) to work on /home/airflow/.local/lib/python3.12/site-packages/airflow/example_dags/tutorial_objectstorage.py
[2024-07-25T04:07:51.869+0000] {processor.py:830} INFO - Processing file /home/airflow/.local/lib/python3.12/site-packages/airflow/example_dags/tutorial_objectstorage.py for tasks to queue
[2024-07-25T04:07:51.870+0000] {logging_mixin.py:188} INFO - [2024-07-25T04:07:51.870+0000] {dagbag.py:545} INFO - Filling up the DagBag from /home/airflow/.local/lib/python3.12/site-packages/airflow/example_dags/tutorial_objectstorage.py
[2024-07-25T04:07:51.875+0000] {processor.py:840} INFO - DAG(s) 'tutorial_objectstorage' retrieved from /home/airflow/.local/lib/python3.12/site-packages/airflow/example_dags/tutorial_objectstorage.py
[2024-07-25T04:07:51.886+0000] {logging_mixin.py:188} INFO - [2024-07-25T04:07:51.886+0000] {dag.py:3089} INFO - Sync 1 DAGs
[2024-07-25T04:07:51.892+0000] {logging_mixin.py:188} INFO - [2024-07-25T04:07:51.892+0000] {dag.py:3947} INFO - Setting next_dagrun for tutorial_objectstorage to None, run_after=None
[2024-07-25T04:07:51.902+0000] {processor.py:183} INFO - Processing /home/airflow/.local/lib/python3.12/site-packages/airflow/example_dags/tutorial_objectstorage.py took 0.038 seconds
[2024-07-25T04:08:22.023+0000] {processor.py:161} INFO - Started process (PID=586) to work on /home/airflow/.local/lib/python3.12/site-packages/airflow/example_dags/tutorial_objectstorage.py
[2024-07-25T04:08:22.024+0000] {processor.py:830} INFO - Processing file /home/airflow/.local/lib/python3.12/site-packages/airflow/example_dags/tutorial_objectstorage.py for tasks to queue
[2024-07-25T04:08:22.026+0000] {logging_mixin.py:188} INFO - [2024-07-25T04:08:22.025+0000] {dagbag.py:545} INFO - Filling up the DagBag from /home/airflow/.local/lib/python3.12/site-packages/airflow/example_dags/tutorial_objectstorage.py
[2024-07-25T04:08:22.031+0000] {processor.py:840} INFO - DAG(s) 'tutorial_objectstorage' retrieved from /home/airflow/.local/lib/python3.12/site-packages/airflow/example_dags/tutorial_objectstorage.py
[2024-07-25T04:08:22.043+0000] {logging_mixin.py:188} INFO - [2024-07-25T04:08:22.042+0000] {dag.py:3089} INFO - Sync 1 DAGs
[2024-07-25T04:08:22.049+0000] {logging_mixin.py:188} INFO - [2024-07-25T04:08:22.049+0000] {dag.py:3947} INFO - Setting next_dagrun for tutorial_objectstorage to None, run_after=None
[2024-07-25T04:08:22.059+0000] {processor.py:183} INFO - Processing /home/airflow/.local/lib/python3.12/site-packages/airflow/example_dags/tutorial_objectstorage.py took 0.039 seconds
[2024-07-25T04:08:52.142+0000] {processor.py:161} INFO - Started process (PID=644) to work on /home/airflow/.local/lib/python3.12/site-packages/airflow/example_dags/tutorial_objectstorage.py
[2024-07-25T04:08:52.143+0000] {processor.py:830} INFO - Processing file /home/airflow/.local/lib/python3.12/site-packages/airflow/example_dags/tutorial_objectstorage.py for tasks to queue
[2024-07-25T04:08:52.144+0000] {logging_mixin.py:188} INFO - [2024-07-25T04:08:52.144+0000] {dagbag.py:545} INFO - Filling up the DagBag from /home/airflow/.local/lib/python3.12/site-packages/airflow/example_dags/tutorial_objectstorage.py
[2024-07-25T04:08:52.150+0000] {processor.py:840} INFO - DAG(s) 'tutorial_objectstorage' retrieved from /home/airflow/.local/lib/python3.12/site-packages/airflow/example_dags/tutorial_objectstorage.py
[2024-07-25T04:08:52.165+0000] {logging_mixin.py:188} INFO - [2024-07-25T04:08:52.165+0000] {dag.py:3089} INFO - Sync 1 DAGs
[2024-07-25T04:08:52.172+0000] {logging_mixin.py:188} INFO - [2024-07-25T04:08:52.171+0000] {dag.py:3947} INFO - Setting next_dagrun for tutorial_objectstorage to None, run_after=None
[2024-07-25T04:08:52.181+0000] {processor.py:183} INFO - Processing /home/airflow/.local/lib/python3.12/site-packages/airflow/example_dags/tutorial_objectstorage.py took 0.043 seconds
[2024-07-25T04:09:22.690+0000] {processor.py:161} INFO - Started process (PID=703) to work on /home/airflow/.local/lib/python3.12/site-packages/airflow/example_dags/tutorial_objectstorage.py
[2024-07-25T04:09:22.691+0000] {processor.py:830} INFO - Processing file /home/airflow/.local/lib/python3.12/site-packages/airflow/example_dags/tutorial_objectstorage.py for tasks to queue
[2024-07-25T04:09:22.693+0000] {logging_mixin.py:188} INFO - [2024-07-25T04:09:22.692+0000] {dagbag.py:545} INFO - Filling up the DagBag from /home/airflow/.local/lib/python3.12/site-packages/airflow/example_dags/tutorial_objectstorage.py
[2024-07-25T04:09:22.698+0000] {processor.py:840} INFO - DAG(s) 'tutorial_objectstorage' retrieved from /home/airflow/.local/lib/python3.12/site-packages/airflow/example_dags/tutorial_objectstorage.py
[2024-07-25T04:09:22.711+0000] {logging_mixin.py:188} INFO - [2024-07-25T04:09:22.711+0000] {dag.py:3089} INFO - Sync 1 DAGs
[2024-07-25T04:09:22.726+0000] {logging_mixin.py:188} INFO - [2024-07-25T04:09:22.726+0000] {dag.py:3947} INFO - Setting next_dagrun for tutorial_objectstorage to None, run_after=None
[2024-07-25T04:09:22.739+0000] {processor.py:183} INFO - Processing /home/airflow/.local/lib/python3.12/site-packages/airflow/example_dags/tutorial_objectstorage.py took 0.053 seconds
[2024-07-25T04:09:52.811+0000] {processor.py:161} INFO - Started process (PID=761) to work on /home/airflow/.local/lib/python3.12/site-packages/airflow/example_dags/tutorial_objectstorage.py
[2024-07-25T04:09:52.812+0000] {processor.py:830} INFO - Processing file /home/airflow/.local/lib/python3.12/site-packages/airflow/example_dags/tutorial_objectstorage.py for tasks to queue
[2024-07-25T04:09:52.813+0000] {logging_mixin.py:188} INFO - [2024-07-25T04:09:52.813+0000] {dagbag.py:545} INFO - Filling up the DagBag from /home/airflow/.local/lib/python3.12/site-packages/airflow/example_dags/tutorial_objectstorage.py
[2024-07-25T04:09:52.818+0000] {processor.py:840} INFO - DAG(s) 'tutorial_objectstorage' retrieved from /home/airflow/.local/lib/python3.12/site-packages/airflow/example_dags/tutorial_objectstorage.py
[2024-07-25T04:09:52.830+0000] {logging_mixin.py:188} INFO - [2024-07-25T04:09:52.830+0000] {dag.py:3089} INFO - Sync 1 DAGs
[2024-07-25T04:09:52.837+0000] {logging_mixin.py:188} INFO - [2024-07-25T04:09:52.836+0000] {dag.py:3947} INFO - Setting next_dagrun for tutorial_objectstorage to None, run_after=None
[2024-07-25T04:09:52.846+0000] {processor.py:183} INFO - Processing /home/airflow/.local/lib/python3.12/site-packages/airflow/example_dags/tutorial_objectstorage.py took 0.039 seconds
[2024-07-25T04:10:23.629+0000] {processor.py:161} INFO - Started process (PID=819) to work on /home/airflow/.local/lib/python3.12/site-packages/airflow/example_dags/tutorial_objectstorage.py
[2024-07-25T04:10:23.630+0000] {processor.py:830} INFO - Processing file /home/airflow/.local/lib/python3.12/site-packages/airflow/example_dags/tutorial_objectstorage.py for tasks to queue
[2024-07-25T04:10:23.631+0000] {logging_mixin.py:188} INFO - [2024-07-25T04:10:23.631+0000] {dagbag.py:545} INFO - Filling up the DagBag from /home/airflow/.local/lib/python3.12/site-packages/airflow/example_dags/tutorial_objectstorage.py
[2024-07-25T04:10:23.636+0000] {processor.py:840} INFO - DAG(s) 'tutorial_objectstorage' retrieved from /home/airflow/.local/lib/python3.12/site-packages/airflow/example_dags/tutorial_objectstorage.py
[2024-07-25T04:10:23.647+0000] {logging_mixin.py:188} INFO - [2024-07-25T04:10:23.647+0000] {dag.py:3089} INFO - Sync 1 DAGs
[2024-07-25T04:10:23.653+0000] {logging_mixin.py:188} INFO - [2024-07-25T04:10:23.653+0000] {dag.py:3947} INFO - Setting next_dagrun for tutorial_objectstorage to None, run_after=None
[2024-07-25T04:10:23.661+0000] {processor.py:183} INFO - Processing /home/airflow/.local/lib/python3.12/site-packages/airflow/example_dags/tutorial_objectstorage.py took 0.036 seconds
[2024-07-25T04:10:53.832+0000] {processor.py:161} INFO - Started process (PID=877) to work on /home/airflow/.local/lib/python3.12/site-packages/airflow/example_dags/tutorial_objectstorage.py
[2024-07-25T04:10:53.833+0000] {processor.py:830} INFO - Processing file /home/airflow/.local/lib/python3.12/site-packages/airflow/example_dags/tutorial_objectstorage.py for tasks to queue
[2024-07-25T04:10:53.834+0000] {logging_mixin.py:188} INFO - [2024-07-25T04:10:53.834+0000] {dagbag.py:545} INFO - Filling up the DagBag from /home/airflow/.local/lib/python3.12/site-packages/airflow/example_dags/tutorial_objectstorage.py
[2024-07-25T04:10:53.839+0000] {processor.py:840} INFO - DAG(s) 'tutorial_objectstorage' retrieved from /home/airflow/.local/lib/python3.12/site-packages/airflow/example_dags/tutorial_objectstorage.py
[2024-07-25T04:10:53.851+0000] {logging_mixin.py:188} INFO - [2024-07-25T04:10:53.851+0000] {dag.py:3089} INFO - Sync 1 DAGs
[2024-07-25T04:10:53.857+0000] {logging_mixin.py:188} INFO - [2024-07-25T04:10:53.857+0000] {dag.py:3947} INFO - Setting next_dagrun for tutorial_objectstorage to None, run_after=None
[2024-07-25T04:10:53.865+0000] {processor.py:183} INFO - Processing /home/airflow/.local/lib/python3.12/site-packages/airflow/example_dags/tutorial_objectstorage.py took 0.037 seconds
[2024-07-25T04:11:24.028+0000] {processor.py:161} INFO - Started process (PID=935) to work on /home/airflow/.local/lib/python3.12/site-packages/airflow/example_dags/tutorial_objectstorage.py
[2024-07-25T04:11:24.028+0000] {processor.py:830} INFO - Processing file /home/airflow/.local/lib/python3.12/site-packages/airflow/example_dags/tutorial_objectstorage.py for tasks to queue
[2024-07-25T04:11:24.030+0000] {logging_mixin.py:188} INFO - [2024-07-25T04:11:24.030+0000] {dagbag.py:545} INFO - Filling up the DagBag from /home/airflow/.local/lib/python3.12/site-packages/airflow/example_dags/tutorial_objectstorage.py
[2024-07-25T04:11:24.034+0000] {processor.py:840} INFO - DAG(s) 'tutorial_objectstorage' retrieved from /home/airflow/.local/lib/python3.12/site-packages/airflow/example_dags/tutorial_objectstorage.py
[2024-07-25T04:11:24.045+0000] {logging_mixin.py:188} INFO - [2024-07-25T04:11:24.045+0000] {dag.py:3089} INFO - Sync 1 DAGs
[2024-07-25T04:11:24.052+0000] {logging_mixin.py:188} INFO - [2024-07-25T04:11:24.052+0000] {dag.py:3947} INFO - Setting next_dagrun for tutorial_objectstorage to None, run_after=None
[2024-07-25T04:11:24.060+0000] {processor.py:183} INFO - Processing /home/airflow/.local/lib/python3.12/site-packages/airflow/example_dags/tutorial_objectstorage.py took 0.036 seconds
