[2024-07-25T03:40:24.040+0000] {processor.py:161} INFO - Started process (PID=37) to work on /home/airflow/.local/lib/python3.12/site-packages/airflow/example_dags/tutorial_taskflow_api.py
[2024-07-25T03:40:24.041+0000] {processor.py:830} INFO - Processing file /home/airflow/.local/lib/python3.12/site-packages/airflow/example_dags/tutorial_taskflow_api.py for tasks to queue
[2024-07-25T03:40:24.042+0000] {logging_mixin.py:188} INFO - [2024-07-25T03:40:24.042+0000] {dagbag.py:545} INFO - Filling up the DagBag from /home/airflow/.local/lib/python3.12/site-packages/airflow/example_dags/tutorial_taskflow_api.py
[2024-07-25T03:40:24.046+0000] {processor.py:840} INFO - DAG(s) 'tutorial_taskflow_api' retrieved from /home/airflow/.local/lib/python3.12/site-packages/airflow/example_dags/tutorial_taskflow_api.py
[2024-07-25T03:40:24.053+0000] {logging_mixin.py:188} INFO - [2024-07-25T03:40:24.053+0000] {dag.py:3089} INFO - Sync 1 DAGs
[2024-07-25T03:40:24.063+0000] {logging_mixin.py:188} INFO - [2024-07-25T03:40:24.063+0000] {dag.py:3947} INFO - Setting next_dagrun for tutorial_taskflow_api to None, run_after=None
[2024-07-25T03:40:24.073+0000] {processor.py:183} INFO - Processing /home/airflow/.local/lib/python3.12/site-packages/airflow/example_dags/tutorial_taskflow_api.py took 0.037 seconds
[2024-07-25T03:40:54.799+0000] {processor.py:161} INFO - Started process (PID=95) to work on /home/airflow/.local/lib/python3.12/site-packages/airflow/example_dags/tutorial_taskflow_api.py
[2024-07-25T03:40:54.800+0000] {processor.py:830} INFO - Processing file /home/airflow/.local/lib/python3.12/site-packages/airflow/example_dags/tutorial_taskflow_api.py for tasks to queue
[2024-07-25T03:40:54.801+0000] {logging_mixin.py:188} INFO - [2024-07-25T03:40:54.801+0000] {dagbag.py:545} INFO - Filling up the DagBag from /home/airflow/.local/lib/python3.12/site-packages/airflow/example_dags/tutorial_taskflow_api.py
[2024-07-25T03:40:54.805+0000] {processor.py:840} INFO - DAG(s) 'tutorial_taskflow_api' retrieved from /home/airflow/.local/lib/python3.12/site-packages/airflow/example_dags/tutorial_taskflow_api.py
[2024-07-25T03:40:54.859+0000] {logging_mixin.py:188} INFO - [2024-07-25T03:40:54.859+0000] {dag.py:3089} INFO - Sync 1 DAGs
[2024-07-25T03:40:54.864+0000] {logging_mixin.py:188} INFO - [2024-07-25T03:40:54.864+0000] {dag.py:3947} INFO - Setting next_dagrun for tutorial_taskflow_api to None, run_after=None
[2024-07-25T03:40:54.874+0000] {processor.py:183} INFO - Processing /home/airflow/.local/lib/python3.12/site-packages/airflow/example_dags/tutorial_taskflow_api.py took 0.078 seconds
[2024-07-25T03:41:24.931+0000] {processor.py:161} INFO - Started process (PID=153) to work on /home/airflow/.local/lib/python3.12/site-packages/airflow/example_dags/tutorial_taskflow_api.py
[2024-07-25T03:41:24.931+0000] {processor.py:830} INFO - Processing file /home/airflow/.local/lib/python3.12/site-packages/airflow/example_dags/tutorial_taskflow_api.py for tasks to queue
[2024-07-25T03:41:24.933+0000] {logging_mixin.py:188} INFO - [2024-07-25T03:41:24.933+0000] {dagbag.py:545} INFO - Filling up the DagBag from /home/airflow/.local/lib/python3.12/site-packages/airflow/example_dags/tutorial_taskflow_api.py
[2024-07-25T03:41:24.937+0000] {processor.py:840} INFO - DAG(s) 'tutorial_taskflow_api' retrieved from /home/airflow/.local/lib/python3.12/site-packages/airflow/example_dags/tutorial_taskflow_api.py
[2024-07-25T03:41:24.949+0000] {logging_mixin.py:188} INFO - [2024-07-25T03:41:24.949+0000] {dag.py:3089} INFO - Sync 1 DAGs
[2024-07-25T03:41:24.956+0000] {logging_mixin.py:188} INFO - [2024-07-25T03:41:24.956+0000] {dag.py:3947} INFO - Setting next_dagrun for tutorial_taskflow_api to None, run_after=None
[2024-07-25T03:41:24.966+0000] {processor.py:183} INFO - Processing /home/airflow/.local/lib/python3.12/site-packages/airflow/example_dags/tutorial_taskflow_api.py took 0.040 seconds
[2024-07-25T03:41:55.173+0000] {processor.py:161} INFO - Started process (PID=211) to work on /home/airflow/.local/lib/python3.12/site-packages/airflow/example_dags/tutorial_taskflow_api.py
[2024-07-25T03:41:55.174+0000] {processor.py:830} INFO - Processing file /home/airflow/.local/lib/python3.12/site-packages/airflow/example_dags/tutorial_taskflow_api.py for tasks to queue
[2024-07-25T03:41:55.175+0000] {logging_mixin.py:188} INFO - [2024-07-25T03:41:55.175+0000] {dagbag.py:545} INFO - Filling up the DagBag from /home/airflow/.local/lib/python3.12/site-packages/airflow/example_dags/tutorial_taskflow_api.py
[2024-07-25T03:41:55.178+0000] {processor.py:840} INFO - DAG(s) 'tutorial_taskflow_api' retrieved from /home/airflow/.local/lib/python3.12/site-packages/airflow/example_dags/tutorial_taskflow_api.py
[2024-07-25T03:41:55.189+0000] {logging_mixin.py:188} INFO - [2024-07-25T03:41:55.189+0000] {dag.py:3089} INFO - Sync 1 DAGs
[2024-07-25T03:41:55.196+0000] {logging_mixin.py:188} INFO - [2024-07-25T03:41:55.196+0000] {dag.py:3947} INFO - Setting next_dagrun for tutorial_taskflow_api to None, run_after=None
[2024-07-25T03:41:55.205+0000] {processor.py:183} INFO - Processing /home/airflow/.local/lib/python3.12/site-packages/airflow/example_dags/tutorial_taskflow_api.py took 0.035 seconds
[2024-07-25T03:42:25.337+0000] {processor.py:161} INFO - Started process (PID=269) to work on /home/airflow/.local/lib/python3.12/site-packages/airflow/example_dags/tutorial_taskflow_api.py
[2024-07-25T03:42:25.337+0000] {processor.py:830} INFO - Processing file /home/airflow/.local/lib/python3.12/site-packages/airflow/example_dags/tutorial_taskflow_api.py for tasks to queue
[2024-07-25T03:42:25.339+0000] {logging_mixin.py:188} INFO - [2024-07-25T03:42:25.339+0000] {dagbag.py:545} INFO - Filling up the DagBag from /home/airflow/.local/lib/python3.12/site-packages/airflow/example_dags/tutorial_taskflow_api.py
[2024-07-25T03:42:25.343+0000] {processor.py:840} INFO - DAG(s) 'tutorial_taskflow_api' retrieved from /home/airflow/.local/lib/python3.12/site-packages/airflow/example_dags/tutorial_taskflow_api.py
[2024-07-25T03:42:25.354+0000] {logging_mixin.py:188} INFO - [2024-07-25T03:42:25.354+0000] {dag.py:3089} INFO - Sync 1 DAGs
[2024-07-25T03:42:25.361+0000] {logging_mixin.py:188} INFO - [2024-07-25T03:42:25.361+0000] {dag.py:3947} INFO - Setting next_dagrun for tutorial_taskflow_api to None, run_after=None
[2024-07-25T03:42:25.371+0000] {processor.py:183} INFO - Processing /home/airflow/.local/lib/python3.12/site-packages/airflow/example_dags/tutorial_taskflow_api.py took 0.038 seconds
[2024-07-25T03:42:55.674+0000] {processor.py:161} INFO - Started process (PID=327) to work on /home/airflow/.local/lib/python3.12/site-packages/airflow/example_dags/tutorial_taskflow_api.py
[2024-07-25T03:42:55.674+0000] {processor.py:830} INFO - Processing file /home/airflow/.local/lib/python3.12/site-packages/airflow/example_dags/tutorial_taskflow_api.py for tasks to queue
[2024-07-25T03:42:55.676+0000] {logging_mixin.py:188} INFO - [2024-07-25T03:42:55.675+0000] {dagbag.py:545} INFO - Filling up the DagBag from /home/airflow/.local/lib/python3.12/site-packages/airflow/example_dags/tutorial_taskflow_api.py
[2024-07-25T03:42:55.680+0000] {processor.py:840} INFO - DAG(s) 'tutorial_taskflow_api' retrieved from /home/airflow/.local/lib/python3.12/site-packages/airflow/example_dags/tutorial_taskflow_api.py
[2024-07-25T03:42:55.693+0000] {logging_mixin.py:188} INFO - [2024-07-25T03:42:55.692+0000] {dag.py:3089} INFO - Sync 1 DAGs
[2024-07-25T03:42:55.700+0000] {logging_mixin.py:188} INFO - [2024-07-25T03:42:55.700+0000] {dag.py:3947} INFO - Setting next_dagrun for tutorial_taskflow_api to None, run_after=None
[2024-07-25T03:42:55.711+0000] {processor.py:183} INFO - Processing /home/airflow/.local/lib/python3.12/site-packages/airflow/example_dags/tutorial_taskflow_api.py took 0.041 seconds
[2024-07-25T03:43:25.968+0000] {processor.py:161} INFO - Started process (PID=385) to work on /home/airflow/.local/lib/python3.12/site-packages/airflow/example_dags/tutorial_taskflow_api.py
[2024-07-25T03:43:25.969+0000] {processor.py:830} INFO - Processing file /home/airflow/.local/lib/python3.12/site-packages/airflow/example_dags/tutorial_taskflow_api.py for tasks to queue
[2024-07-25T03:43:25.970+0000] {logging_mixin.py:188} INFO - [2024-07-25T03:43:25.970+0000] {dagbag.py:545} INFO - Filling up the DagBag from /home/airflow/.local/lib/python3.12/site-packages/airflow/example_dags/tutorial_taskflow_api.py
[2024-07-25T03:43:25.974+0000] {processor.py:840} INFO - DAG(s) 'tutorial_taskflow_api' retrieved from /home/airflow/.local/lib/python3.12/site-packages/airflow/example_dags/tutorial_taskflow_api.py
[2024-07-25T03:43:25.985+0000] {logging_mixin.py:188} INFO - [2024-07-25T03:43:25.985+0000] {dag.py:3089} INFO - Sync 1 DAGs
[2024-07-25T03:43:25.992+0000] {logging_mixin.py:188} INFO - [2024-07-25T03:43:25.992+0000] {dag.py:3947} INFO - Setting next_dagrun for tutorial_taskflow_api to None, run_after=None
[2024-07-25T03:43:26.002+0000] {processor.py:183} INFO - Processing /home/airflow/.local/lib/python3.12/site-packages/airflow/example_dags/tutorial_taskflow_api.py took 0.037 seconds
[2024-07-25T03:43:56.092+0000] {processor.py:161} INFO - Started process (PID=443) to work on /home/airflow/.local/lib/python3.12/site-packages/airflow/example_dags/tutorial_taskflow_api.py
[2024-07-25T03:43:56.093+0000] {processor.py:830} INFO - Processing file /home/airflow/.local/lib/python3.12/site-packages/airflow/example_dags/tutorial_taskflow_api.py for tasks to queue
[2024-07-25T03:43:56.094+0000] {logging_mixin.py:188} INFO - [2024-07-25T03:43:56.094+0000] {dagbag.py:545} INFO - Filling up the DagBag from /home/airflow/.local/lib/python3.12/site-packages/airflow/example_dags/tutorial_taskflow_api.py
[2024-07-25T03:43:56.099+0000] {processor.py:840} INFO - DAG(s) 'tutorial_taskflow_api' retrieved from /home/airflow/.local/lib/python3.12/site-packages/airflow/example_dags/tutorial_taskflow_api.py
[2024-07-25T03:43:56.112+0000] {logging_mixin.py:188} INFO - [2024-07-25T03:43:56.112+0000] {dag.py:3089} INFO - Sync 1 DAGs
[2024-07-25T03:43:56.121+0000] {logging_mixin.py:188} INFO - [2024-07-25T03:43:56.121+0000] {dag.py:3947} INFO - Setting next_dagrun for tutorial_taskflow_api to None, run_after=None
[2024-07-25T03:43:56.133+0000] {processor.py:183} INFO - Processing /home/airflow/.local/lib/python3.12/site-packages/airflow/example_dags/tutorial_taskflow_api.py took 0.044 seconds
[2024-07-25T03:44:26.289+0000] {processor.py:161} INFO - Started process (PID=501) to work on /home/airflow/.local/lib/python3.12/site-packages/airflow/example_dags/tutorial_taskflow_api.py
[2024-07-25T03:44:26.290+0000] {processor.py:830} INFO - Processing file /home/airflow/.local/lib/python3.12/site-packages/airflow/example_dags/tutorial_taskflow_api.py for tasks to queue
[2024-07-25T03:44:26.291+0000] {logging_mixin.py:188} INFO - [2024-07-25T03:44:26.291+0000] {dagbag.py:545} INFO - Filling up the DagBag from /home/airflow/.local/lib/python3.12/site-packages/airflow/example_dags/tutorial_taskflow_api.py
[2024-07-25T03:44:26.295+0000] {processor.py:840} INFO - DAG(s) 'tutorial_taskflow_api' retrieved from /home/airflow/.local/lib/python3.12/site-packages/airflow/example_dags/tutorial_taskflow_api.py
[2024-07-25T03:44:26.307+0000] {logging_mixin.py:188} INFO - [2024-07-25T03:44:26.306+0000] {dag.py:3089} INFO - Sync 1 DAGs
[2024-07-25T03:44:26.313+0000] {logging_mixin.py:188} INFO - [2024-07-25T03:44:26.313+0000] {dag.py:3947} INFO - Setting next_dagrun for tutorial_taskflow_api to None, run_after=None
[2024-07-25T03:44:26.324+0000] {processor.py:183} INFO - Processing /home/airflow/.local/lib/python3.12/site-packages/airflow/example_dags/tutorial_taskflow_api.py took 0.038 seconds
[2024-07-25T03:44:56.672+0000] {processor.py:161} INFO - Started process (PID=559) to work on /home/airflow/.local/lib/python3.12/site-packages/airflow/example_dags/tutorial_taskflow_api.py
[2024-07-25T03:44:56.673+0000] {processor.py:830} INFO - Processing file /home/airflow/.local/lib/python3.12/site-packages/airflow/example_dags/tutorial_taskflow_api.py for tasks to queue
[2024-07-25T03:44:56.674+0000] {logging_mixin.py:188} INFO - [2024-07-25T03:44:56.674+0000] {dagbag.py:545} INFO - Filling up the DagBag from /home/airflow/.local/lib/python3.12/site-packages/airflow/example_dags/tutorial_taskflow_api.py
[2024-07-25T03:44:56.677+0000] {processor.py:840} INFO - DAG(s) 'tutorial_taskflow_api' retrieved from /home/airflow/.local/lib/python3.12/site-packages/airflow/example_dags/tutorial_taskflow_api.py
[2024-07-25T03:44:56.689+0000] {logging_mixin.py:188} INFO - [2024-07-25T03:44:56.689+0000] {dag.py:3089} INFO - Sync 1 DAGs
[2024-07-25T03:44:56.696+0000] {logging_mixin.py:188} INFO - [2024-07-25T03:44:56.696+0000] {dag.py:3947} INFO - Setting next_dagrun for tutorial_taskflow_api to None, run_after=None
[2024-07-25T03:44:56.705+0000] {processor.py:183} INFO - Processing /home/airflow/.local/lib/python3.12/site-packages/airflow/example_dags/tutorial_taskflow_api.py took 0.037 seconds
[2024-07-25T03:45:27.026+0000] {processor.py:161} INFO - Started process (PID=617) to work on /home/airflow/.local/lib/python3.12/site-packages/airflow/example_dags/tutorial_taskflow_api.py
[2024-07-25T03:45:27.027+0000] {processor.py:830} INFO - Processing file /home/airflow/.local/lib/python3.12/site-packages/airflow/example_dags/tutorial_taskflow_api.py for tasks to queue
[2024-07-25T03:45:27.028+0000] {logging_mixin.py:188} INFO - [2024-07-25T03:45:27.028+0000] {dagbag.py:545} INFO - Filling up the DagBag from /home/airflow/.local/lib/python3.12/site-packages/airflow/example_dags/tutorial_taskflow_api.py
[2024-07-25T03:45:27.032+0000] {processor.py:840} INFO - DAG(s) 'tutorial_taskflow_api' retrieved from /home/airflow/.local/lib/python3.12/site-packages/airflow/example_dags/tutorial_taskflow_api.py
[2024-07-25T03:45:27.044+0000] {logging_mixin.py:188} INFO - [2024-07-25T03:45:27.044+0000] {dag.py:3089} INFO - Sync 1 DAGs
[2024-07-25T03:45:27.051+0000] {logging_mixin.py:188} INFO - [2024-07-25T03:45:27.050+0000] {dag.py:3947} INFO - Setting next_dagrun for tutorial_taskflow_api to None, run_after=None
[2024-07-25T03:45:27.060+0000] {processor.py:183} INFO - Processing /home/airflow/.local/lib/python3.12/site-packages/airflow/example_dags/tutorial_taskflow_api.py took 0.038 seconds
[2024-07-25T03:45:57.325+0000] {processor.py:161} INFO - Started process (PID=675) to work on /home/airflow/.local/lib/python3.12/site-packages/airflow/example_dags/tutorial_taskflow_api.py
[2024-07-25T03:45:57.326+0000] {processor.py:830} INFO - Processing file /home/airflow/.local/lib/python3.12/site-packages/airflow/example_dags/tutorial_taskflow_api.py for tasks to queue
[2024-07-25T03:45:57.327+0000] {logging_mixin.py:188} INFO - [2024-07-25T03:45:57.327+0000] {dagbag.py:545} INFO - Filling up the DagBag from /home/airflow/.local/lib/python3.12/site-packages/airflow/example_dags/tutorial_taskflow_api.py
[2024-07-25T03:45:57.331+0000] {processor.py:840} INFO - DAG(s) 'tutorial_taskflow_api' retrieved from /home/airflow/.local/lib/python3.12/site-packages/airflow/example_dags/tutorial_taskflow_api.py
[2024-07-25T03:45:57.344+0000] {logging_mixin.py:188} INFO - [2024-07-25T03:45:57.343+0000] {dag.py:3089} INFO - Sync 1 DAGs
[2024-07-25T03:45:57.350+0000] {logging_mixin.py:188} INFO - [2024-07-25T03:45:57.350+0000] {dag.py:3947} INFO - Setting next_dagrun for tutorial_taskflow_api to None, run_after=None
[2024-07-25T03:45:57.361+0000] {processor.py:183} INFO - Processing /home/airflow/.local/lib/python3.12/site-packages/airflow/example_dags/tutorial_taskflow_api.py took 0.040 seconds
[2024-07-25T03:46:27.523+0000] {processor.py:161} INFO - Started process (PID=733) to work on /home/airflow/.local/lib/python3.12/site-packages/airflow/example_dags/tutorial_taskflow_api.py
[2024-07-25T03:46:27.523+0000] {processor.py:830} INFO - Processing file /home/airflow/.local/lib/python3.12/site-packages/airflow/example_dags/tutorial_taskflow_api.py for tasks to queue
[2024-07-25T03:46:27.525+0000] {logging_mixin.py:188} INFO - [2024-07-25T03:46:27.524+0000] {dagbag.py:545} INFO - Filling up the DagBag from /home/airflow/.local/lib/python3.12/site-packages/airflow/example_dags/tutorial_taskflow_api.py
[2024-07-25T03:46:27.529+0000] {processor.py:840} INFO - DAG(s) 'tutorial_taskflow_api' retrieved from /home/airflow/.local/lib/python3.12/site-packages/airflow/example_dags/tutorial_taskflow_api.py
[2024-07-25T03:46:27.541+0000] {logging_mixin.py:188} INFO - [2024-07-25T03:46:27.541+0000] {dag.py:3089} INFO - Sync 1 DAGs
[2024-07-25T03:46:27.548+0000] {logging_mixin.py:188} INFO - [2024-07-25T03:46:27.548+0000] {dag.py:3947} INFO - Setting next_dagrun for tutorial_taskflow_api to None, run_after=None
[2024-07-25T03:46:27.558+0000] {processor.py:183} INFO - Processing /home/airflow/.local/lib/python3.12/site-packages/airflow/example_dags/tutorial_taskflow_api.py took 0.039 seconds
[2024-07-25T03:46:57.688+0000] {processor.py:161} INFO - Started process (PID=791) to work on /home/airflow/.local/lib/python3.12/site-packages/airflow/example_dags/tutorial_taskflow_api.py
[2024-07-25T03:46:57.689+0000] {processor.py:830} INFO - Processing file /home/airflow/.local/lib/python3.12/site-packages/airflow/example_dags/tutorial_taskflow_api.py for tasks to queue
[2024-07-25T03:46:57.690+0000] {logging_mixin.py:188} INFO - [2024-07-25T03:46:57.690+0000] {dagbag.py:545} INFO - Filling up the DagBag from /home/airflow/.local/lib/python3.12/site-packages/airflow/example_dags/tutorial_taskflow_api.py
[2024-07-25T03:46:57.694+0000] {processor.py:840} INFO - DAG(s) 'tutorial_taskflow_api' retrieved from /home/airflow/.local/lib/python3.12/site-packages/airflow/example_dags/tutorial_taskflow_api.py
[2024-07-25T03:46:57.706+0000] {logging_mixin.py:188} INFO - [2024-07-25T03:46:57.706+0000] {dag.py:3089} INFO - Sync 1 DAGs
[2024-07-25T03:46:57.713+0000] {logging_mixin.py:188} INFO - [2024-07-25T03:46:57.713+0000] {dag.py:3947} INFO - Setting next_dagrun for tutorial_taskflow_api to None, run_after=None
[2024-07-25T03:46:57.724+0000] {processor.py:183} INFO - Processing /home/airflow/.local/lib/python3.12/site-packages/airflow/example_dags/tutorial_taskflow_api.py took 0.039 seconds
[2024-07-25T03:47:28.091+0000] {processor.py:161} INFO - Started process (PID=849) to work on /home/airflow/.local/lib/python3.12/site-packages/airflow/example_dags/tutorial_taskflow_api.py
[2024-07-25T03:47:28.092+0000] {processor.py:830} INFO - Processing file /home/airflow/.local/lib/python3.12/site-packages/airflow/example_dags/tutorial_taskflow_api.py for tasks to queue
[2024-07-25T03:47:28.093+0000] {logging_mixin.py:188} INFO - [2024-07-25T03:47:28.093+0000] {dagbag.py:545} INFO - Filling up the DagBag from /home/airflow/.local/lib/python3.12/site-packages/airflow/example_dags/tutorial_taskflow_api.py
[2024-07-25T03:47:28.097+0000] {processor.py:840} INFO - DAG(s) 'tutorial_taskflow_api' retrieved from /home/airflow/.local/lib/python3.12/site-packages/airflow/example_dags/tutorial_taskflow_api.py
[2024-07-25T03:47:28.109+0000] {logging_mixin.py:188} INFO - [2024-07-25T03:47:28.109+0000] {dag.py:3089} INFO - Sync 1 DAGs
[2024-07-25T03:47:28.116+0000] {logging_mixin.py:188} INFO - [2024-07-25T03:47:28.116+0000] {dag.py:3947} INFO - Setting next_dagrun for tutorial_taskflow_api to None, run_after=None
[2024-07-25T03:47:28.125+0000] {processor.py:183} INFO - Processing /home/airflow/.local/lib/python3.12/site-packages/airflow/example_dags/tutorial_taskflow_api.py took 0.038 seconds
[2024-07-25T03:47:58.203+0000] {processor.py:161} INFO - Started process (PID=907) to work on /home/airflow/.local/lib/python3.12/site-packages/airflow/example_dags/tutorial_taskflow_api.py
[2024-07-25T03:47:58.204+0000] {processor.py:830} INFO - Processing file /home/airflow/.local/lib/python3.12/site-packages/airflow/example_dags/tutorial_taskflow_api.py for tasks to queue
[2024-07-25T03:47:58.206+0000] {logging_mixin.py:188} INFO - [2024-07-25T03:47:58.205+0000] {dagbag.py:545} INFO - Filling up the DagBag from /home/airflow/.local/lib/python3.12/site-packages/airflow/example_dags/tutorial_taskflow_api.py
[2024-07-25T03:47:58.210+0000] {processor.py:840} INFO - DAG(s) 'tutorial_taskflow_api' retrieved from /home/airflow/.local/lib/python3.12/site-packages/airflow/example_dags/tutorial_taskflow_api.py
[2024-07-25T03:47:58.222+0000] {logging_mixin.py:188} INFO - [2024-07-25T03:47:58.222+0000] {dag.py:3089} INFO - Sync 1 DAGs
[2024-07-25T03:47:58.229+0000] {logging_mixin.py:188} INFO - [2024-07-25T03:47:58.229+0000] {dag.py:3947} INFO - Setting next_dagrun for tutorial_taskflow_api to None, run_after=None
[2024-07-25T03:47:58.238+0000] {processor.py:183} INFO - Processing /home/airflow/.local/lib/python3.12/site-packages/airflow/example_dags/tutorial_taskflow_api.py took 0.038 seconds
[2024-07-25T03:48:28.356+0000] {processor.py:161} INFO - Started process (PID=965) to work on /home/airflow/.local/lib/python3.12/site-packages/airflow/example_dags/tutorial_taskflow_api.py
[2024-07-25T03:48:28.357+0000] {processor.py:830} INFO - Processing file /home/airflow/.local/lib/python3.12/site-packages/airflow/example_dags/tutorial_taskflow_api.py for tasks to queue
[2024-07-25T03:48:28.358+0000] {logging_mixin.py:188} INFO - [2024-07-25T03:48:28.358+0000] {dagbag.py:545} INFO - Filling up the DagBag from /home/airflow/.local/lib/python3.12/site-packages/airflow/example_dags/tutorial_taskflow_api.py
[2024-07-25T03:48:28.363+0000] {processor.py:840} INFO - DAG(s) 'tutorial_taskflow_api' retrieved from /home/airflow/.local/lib/python3.12/site-packages/airflow/example_dags/tutorial_taskflow_api.py
[2024-07-25T03:48:28.375+0000] {logging_mixin.py:188} INFO - [2024-07-25T03:48:28.375+0000] {dag.py:3089} INFO - Sync 1 DAGs
[2024-07-25T03:48:28.384+0000] {logging_mixin.py:188} INFO - [2024-07-25T03:48:28.383+0000] {dag.py:3947} INFO - Setting next_dagrun for tutorial_taskflow_api to None, run_after=None
[2024-07-25T03:48:28.394+0000] {processor.py:183} INFO - Processing /home/airflow/.local/lib/python3.12/site-packages/airflow/example_dags/tutorial_taskflow_api.py took 0.041 seconds
[2024-07-25T03:48:58.539+0000] {processor.py:161} INFO - Started process (PID=1023) to work on /home/airflow/.local/lib/python3.12/site-packages/airflow/example_dags/tutorial_taskflow_api.py
[2024-07-25T03:48:58.540+0000] {processor.py:830} INFO - Processing file /home/airflow/.local/lib/python3.12/site-packages/airflow/example_dags/tutorial_taskflow_api.py for tasks to queue
[2024-07-25T03:48:58.541+0000] {logging_mixin.py:188} INFO - [2024-07-25T03:48:58.541+0000] {dagbag.py:545} INFO - Filling up the DagBag from /home/airflow/.local/lib/python3.12/site-packages/airflow/example_dags/tutorial_taskflow_api.py
[2024-07-25T03:48:58.545+0000] {processor.py:840} INFO - DAG(s) 'tutorial_taskflow_api' retrieved from /home/airflow/.local/lib/python3.12/site-packages/airflow/example_dags/tutorial_taskflow_api.py
[2024-07-25T03:48:58.559+0000] {logging_mixin.py:188} INFO - [2024-07-25T03:48:58.559+0000] {dag.py:3089} INFO - Sync 1 DAGs
[2024-07-25T03:48:58.565+0000] {logging_mixin.py:188} INFO - [2024-07-25T03:48:58.565+0000] {dag.py:3947} INFO - Setting next_dagrun for tutorial_taskflow_api to None, run_after=None
[2024-07-25T03:48:58.576+0000] {processor.py:183} INFO - Processing /home/airflow/.local/lib/python3.12/site-packages/airflow/example_dags/tutorial_taskflow_api.py took 0.042 seconds
[2024-07-25T03:49:28.976+0000] {processor.py:161} INFO - Started process (PID=1081) to work on /home/airflow/.local/lib/python3.12/site-packages/airflow/example_dags/tutorial_taskflow_api.py
[2024-07-25T03:49:28.976+0000] {processor.py:830} INFO - Processing file /home/airflow/.local/lib/python3.12/site-packages/airflow/example_dags/tutorial_taskflow_api.py for tasks to queue
[2024-07-25T03:49:28.978+0000] {logging_mixin.py:188} INFO - [2024-07-25T03:49:28.977+0000] {dagbag.py:545} INFO - Filling up the DagBag from /home/airflow/.local/lib/python3.12/site-packages/airflow/example_dags/tutorial_taskflow_api.py
[2024-07-25T03:49:28.982+0000] {processor.py:840} INFO - DAG(s) 'tutorial_taskflow_api' retrieved from /home/airflow/.local/lib/python3.12/site-packages/airflow/example_dags/tutorial_taskflow_api.py
[2024-07-25T03:49:28.993+0000] {logging_mixin.py:188} INFO - [2024-07-25T03:49:28.993+0000] {dag.py:3089} INFO - Sync 1 DAGs
[2024-07-25T03:49:29.000+0000] {logging_mixin.py:188} INFO - [2024-07-25T03:49:29.000+0000] {dag.py:3947} INFO - Setting next_dagrun for tutorial_taskflow_api to None, run_after=None
[2024-07-25T03:49:29.010+0000] {processor.py:183} INFO - Processing /home/airflow/.local/lib/python3.12/site-packages/airflow/example_dags/tutorial_taskflow_api.py took 0.038 seconds
[2024-07-25T03:49:59.277+0000] {processor.py:161} INFO - Started process (PID=1139) to work on /home/airflow/.local/lib/python3.12/site-packages/airflow/example_dags/tutorial_taskflow_api.py
[2024-07-25T03:49:59.278+0000] {processor.py:830} INFO - Processing file /home/airflow/.local/lib/python3.12/site-packages/airflow/example_dags/tutorial_taskflow_api.py for tasks to queue
[2024-07-25T03:49:59.279+0000] {logging_mixin.py:188} INFO - [2024-07-25T03:49:59.279+0000] {dagbag.py:545} INFO - Filling up the DagBag from /home/airflow/.local/lib/python3.12/site-packages/airflow/example_dags/tutorial_taskflow_api.py
[2024-07-25T03:49:59.283+0000] {processor.py:840} INFO - DAG(s) 'tutorial_taskflow_api' retrieved from /home/airflow/.local/lib/python3.12/site-packages/airflow/example_dags/tutorial_taskflow_api.py
[2024-07-25T03:49:59.294+0000] {logging_mixin.py:188} INFO - [2024-07-25T03:49:59.294+0000] {dag.py:3089} INFO - Sync 1 DAGs
[2024-07-25T03:49:59.301+0000] {logging_mixin.py:188} INFO - [2024-07-25T03:49:59.301+0000] {dag.py:3947} INFO - Setting next_dagrun for tutorial_taskflow_api to None, run_after=None
[2024-07-25T03:49:59.310+0000] {processor.py:183} INFO - Processing /home/airflow/.local/lib/python3.12/site-packages/airflow/example_dags/tutorial_taskflow_api.py took 0.036 seconds
[2024-07-25T03:50:29.502+0000] {processor.py:161} INFO - Started process (PID=1197) to work on /home/airflow/.local/lib/python3.12/site-packages/airflow/example_dags/tutorial_taskflow_api.py
[2024-07-25T03:50:29.504+0000] {processor.py:830} INFO - Processing file /home/airflow/.local/lib/python3.12/site-packages/airflow/example_dags/tutorial_taskflow_api.py for tasks to queue
[2024-07-25T03:50:29.507+0000] {logging_mixin.py:188} INFO - [2024-07-25T03:50:29.507+0000] {dagbag.py:545} INFO - Filling up the DagBag from /home/airflow/.local/lib/python3.12/site-packages/airflow/example_dags/tutorial_taskflow_api.py
[2024-07-25T03:50:29.512+0000] {processor.py:840} INFO - DAG(s) 'tutorial_taskflow_api' retrieved from /home/airflow/.local/lib/python3.12/site-packages/airflow/example_dags/tutorial_taskflow_api.py
[2024-07-25T03:50:29.524+0000] {logging_mixin.py:188} INFO - [2024-07-25T03:50:29.523+0000] {dag.py:3089} INFO - Sync 1 DAGs
[2024-07-25T03:50:29.530+0000] {logging_mixin.py:188} INFO - [2024-07-25T03:50:29.530+0000] {dag.py:3947} INFO - Setting next_dagrun for tutorial_taskflow_api to None, run_after=None
[2024-07-25T03:50:29.540+0000] {processor.py:183} INFO - Processing /home/airflow/.local/lib/python3.12/site-packages/airflow/example_dags/tutorial_taskflow_api.py took 0.042 seconds
[2024-07-25T03:50:59.688+0000] {processor.py:161} INFO - Started process (PID=1255) to work on /home/airflow/.local/lib/python3.12/site-packages/airflow/example_dags/tutorial_taskflow_api.py
[2024-07-25T03:50:59.689+0000] {processor.py:830} INFO - Processing file /home/airflow/.local/lib/python3.12/site-packages/airflow/example_dags/tutorial_taskflow_api.py for tasks to queue
[2024-07-25T03:50:59.690+0000] {logging_mixin.py:188} INFO - [2024-07-25T03:50:59.690+0000] {dagbag.py:545} INFO - Filling up the DagBag from /home/airflow/.local/lib/python3.12/site-packages/airflow/example_dags/tutorial_taskflow_api.py
[2024-07-25T03:50:59.694+0000] {processor.py:840} INFO - DAG(s) 'tutorial_taskflow_api' retrieved from /home/airflow/.local/lib/python3.12/site-packages/airflow/example_dags/tutorial_taskflow_api.py
[2024-07-25T03:50:59.706+0000] {logging_mixin.py:188} INFO - [2024-07-25T03:50:59.705+0000] {dag.py:3089} INFO - Sync 1 DAGs
[2024-07-25T03:50:59.713+0000] {logging_mixin.py:188} INFO - [2024-07-25T03:50:59.713+0000] {dag.py:3947} INFO - Setting next_dagrun for tutorial_taskflow_api to None, run_after=None
[2024-07-25T03:50:59.723+0000] {processor.py:183} INFO - Processing /home/airflow/.local/lib/python3.12/site-packages/airflow/example_dags/tutorial_taskflow_api.py took 0.039 seconds
[2024-07-25T03:51:29.987+0000] {processor.py:161} INFO - Started process (PID=1313) to work on /home/airflow/.local/lib/python3.12/site-packages/airflow/example_dags/tutorial_taskflow_api.py
[2024-07-25T03:51:29.988+0000] {processor.py:830} INFO - Processing file /home/airflow/.local/lib/python3.12/site-packages/airflow/example_dags/tutorial_taskflow_api.py for tasks to queue
[2024-07-25T03:51:29.989+0000] {logging_mixin.py:188} INFO - [2024-07-25T03:51:29.989+0000] {dagbag.py:545} INFO - Filling up the DagBag from /home/airflow/.local/lib/python3.12/site-packages/airflow/example_dags/tutorial_taskflow_api.py
[2024-07-25T03:51:29.993+0000] {processor.py:840} INFO - DAG(s) 'tutorial_taskflow_api' retrieved from /home/airflow/.local/lib/python3.12/site-packages/airflow/example_dags/tutorial_taskflow_api.py
[2024-07-25T03:51:30.005+0000] {logging_mixin.py:188} INFO - [2024-07-25T03:51:30.005+0000] {dag.py:3089} INFO - Sync 1 DAGs
[2024-07-25T03:51:30.012+0000] {logging_mixin.py:188} INFO - [2024-07-25T03:51:30.012+0000] {dag.py:3947} INFO - Setting next_dagrun for tutorial_taskflow_api to None, run_after=None
[2024-07-25T03:51:30.023+0000] {processor.py:183} INFO - Processing /home/airflow/.local/lib/python3.12/site-packages/airflow/example_dags/tutorial_taskflow_api.py took 0.039 seconds
[2024-07-25T03:52:00.134+0000] {processor.py:161} INFO - Started process (PID=1371) to work on /home/airflow/.local/lib/python3.12/site-packages/airflow/example_dags/tutorial_taskflow_api.py
[2024-07-25T03:52:00.135+0000] {processor.py:830} INFO - Processing file /home/airflow/.local/lib/python3.12/site-packages/airflow/example_dags/tutorial_taskflow_api.py for tasks to queue
[2024-07-25T03:52:00.136+0000] {logging_mixin.py:188} INFO - [2024-07-25T03:52:00.136+0000] {dagbag.py:545} INFO - Filling up the DagBag from /home/airflow/.local/lib/python3.12/site-packages/airflow/example_dags/tutorial_taskflow_api.py
[2024-07-25T03:52:00.140+0000] {processor.py:840} INFO - DAG(s) 'tutorial_taskflow_api' retrieved from /home/airflow/.local/lib/python3.12/site-packages/airflow/example_dags/tutorial_taskflow_api.py
[2024-07-25T03:52:00.152+0000] {logging_mixin.py:188} INFO - [2024-07-25T03:52:00.152+0000] {dag.py:3089} INFO - Sync 1 DAGs
[2024-07-25T03:52:00.159+0000] {logging_mixin.py:188} INFO - [2024-07-25T03:52:00.159+0000] {dag.py:3947} INFO - Setting next_dagrun for tutorial_taskflow_api to None, run_after=None
[2024-07-25T03:52:00.169+0000] {processor.py:183} INFO - Processing /home/airflow/.local/lib/python3.12/site-packages/airflow/example_dags/tutorial_taskflow_api.py took 0.039 seconds
[2024-07-25T03:52:30.315+0000] {processor.py:161} INFO - Started process (PID=1429) to work on /home/airflow/.local/lib/python3.12/site-packages/airflow/example_dags/tutorial_taskflow_api.py
[2024-07-25T03:52:30.316+0000] {processor.py:830} INFO - Processing file /home/airflow/.local/lib/python3.12/site-packages/airflow/example_dags/tutorial_taskflow_api.py for tasks to queue
[2024-07-25T03:52:30.317+0000] {logging_mixin.py:188} INFO - [2024-07-25T03:52:30.317+0000] {dagbag.py:545} INFO - Filling up the DagBag from /home/airflow/.local/lib/python3.12/site-packages/airflow/example_dags/tutorial_taskflow_api.py
[2024-07-25T03:52:30.321+0000] {processor.py:840} INFO - DAG(s) 'tutorial_taskflow_api' retrieved from /home/airflow/.local/lib/python3.12/site-packages/airflow/example_dags/tutorial_taskflow_api.py
[2024-07-25T03:52:30.333+0000] {logging_mixin.py:188} INFO - [2024-07-25T03:52:30.333+0000] {dag.py:3089} INFO - Sync 1 DAGs
[2024-07-25T03:52:30.340+0000] {logging_mixin.py:188} INFO - [2024-07-25T03:52:30.340+0000] {dag.py:3947} INFO - Setting next_dagrun for tutorial_taskflow_api to None, run_after=None
[2024-07-25T03:52:30.349+0000] {processor.py:183} INFO - Processing /home/airflow/.local/lib/python3.12/site-packages/airflow/example_dags/tutorial_taskflow_api.py took 0.038 seconds
[2024-07-25T04:03:45.836+0000] {processor.py:161} INFO - Started process (PID=37) to work on /home/airflow/.local/lib/python3.12/site-packages/airflow/example_dags/tutorial_taskflow_api.py
[2024-07-25T04:03:45.837+0000] {processor.py:830} INFO - Processing file /home/airflow/.local/lib/python3.12/site-packages/airflow/example_dags/tutorial_taskflow_api.py for tasks to queue
[2024-07-25T04:03:45.838+0000] {logging_mixin.py:188} INFO - [2024-07-25T04:03:45.838+0000] {dagbag.py:545} INFO - Filling up the DagBag from /home/airflow/.local/lib/python3.12/site-packages/airflow/example_dags/tutorial_taskflow_api.py
[2024-07-25T04:03:45.843+0000] {processor.py:840} INFO - DAG(s) 'tutorial_taskflow_api' retrieved from /home/airflow/.local/lib/python3.12/site-packages/airflow/example_dags/tutorial_taskflow_api.py
[2024-07-25T04:03:45.851+0000] {logging_mixin.py:188} INFO - [2024-07-25T04:03:45.851+0000] {dag.py:3089} INFO - Sync 1 DAGs
[2024-07-25T04:03:45.860+0000] {logging_mixin.py:188} INFO - [2024-07-25T04:03:45.860+0000] {dag.py:3947} INFO - Setting next_dagrun for tutorial_taskflow_api to None, run_after=None
[2024-07-25T04:03:45.870+0000] {processor.py:183} INFO - Processing /home/airflow/.local/lib/python3.12/site-packages/airflow/example_dags/tutorial_taskflow_api.py took 0.038 seconds
[2024-07-25T04:04:16.795+0000] {processor.py:161} INFO - Started process (PID=95) to work on /home/airflow/.local/lib/python3.12/site-packages/airflow/example_dags/tutorial_taskflow_api.py
[2024-07-25T04:04:16.796+0000] {processor.py:830} INFO - Processing file /home/airflow/.local/lib/python3.12/site-packages/airflow/example_dags/tutorial_taskflow_api.py for tasks to queue
[2024-07-25T04:04:16.797+0000] {logging_mixin.py:188} INFO - [2024-07-25T04:04:16.797+0000] {dagbag.py:545} INFO - Filling up the DagBag from /home/airflow/.local/lib/python3.12/site-packages/airflow/example_dags/tutorial_taskflow_api.py
[2024-07-25T04:04:16.801+0000] {processor.py:840} INFO - DAG(s) 'tutorial_taskflow_api' retrieved from /home/airflow/.local/lib/python3.12/site-packages/airflow/example_dags/tutorial_taskflow_api.py
[2024-07-25T04:04:16.849+0000] {logging_mixin.py:188} INFO - [2024-07-25T04:04:16.849+0000] {dag.py:3089} INFO - Sync 1 DAGs
[2024-07-25T04:04:16.854+0000] {logging_mixin.py:188} INFO - [2024-07-25T04:04:16.854+0000] {dag.py:3947} INFO - Setting next_dagrun for tutorial_taskflow_api to None, run_after=None
[2024-07-25T04:04:16.863+0000] {processor.py:183} INFO - Processing /home/airflow/.local/lib/python3.12/site-packages/airflow/example_dags/tutorial_taskflow_api.py took 0.072 seconds
[2024-07-25T04:04:47.417+0000] {processor.py:161} INFO - Started process (PID=153) to work on /home/airflow/.local/lib/python3.12/site-packages/airflow/example_dags/tutorial_taskflow_api.py
[2024-07-25T04:04:47.418+0000] {processor.py:830} INFO - Processing file /home/airflow/.local/lib/python3.12/site-packages/airflow/example_dags/tutorial_taskflow_api.py for tasks to queue
[2024-07-25T04:04:47.419+0000] {logging_mixin.py:188} INFO - [2024-07-25T04:04:47.419+0000] {dagbag.py:545} INFO - Filling up the DagBag from /home/airflow/.local/lib/python3.12/site-packages/airflow/example_dags/tutorial_taskflow_api.py
[2024-07-25T04:04:47.423+0000] {processor.py:840} INFO - DAG(s) 'tutorial_taskflow_api' retrieved from /home/airflow/.local/lib/python3.12/site-packages/airflow/example_dags/tutorial_taskflow_api.py
[2024-07-25T04:04:47.434+0000] {logging_mixin.py:188} INFO - [2024-07-25T04:04:47.434+0000] {dag.py:3089} INFO - Sync 1 DAGs
[2024-07-25T04:04:47.440+0000] {logging_mixin.py:188} INFO - [2024-07-25T04:04:47.440+0000] {dag.py:3947} INFO - Setting next_dagrun for tutorial_taskflow_api to None, run_after=None
[2024-07-25T04:04:47.449+0000] {processor.py:183} INFO - Processing /home/airflow/.local/lib/python3.12/site-packages/airflow/example_dags/tutorial_taskflow_api.py took 0.036 seconds
[2024-07-25T04:05:17.577+0000] {processor.py:161} INFO - Started process (PID=211) to work on /home/airflow/.local/lib/python3.12/site-packages/airflow/example_dags/tutorial_taskflow_api.py
[2024-07-25T04:05:17.578+0000] {processor.py:830} INFO - Processing file /home/airflow/.local/lib/python3.12/site-packages/airflow/example_dags/tutorial_taskflow_api.py for tasks to queue
[2024-07-25T04:05:17.579+0000] {logging_mixin.py:188} INFO - [2024-07-25T04:05:17.579+0000] {dagbag.py:545} INFO - Filling up the DagBag from /home/airflow/.local/lib/python3.12/site-packages/airflow/example_dags/tutorial_taskflow_api.py
[2024-07-25T04:05:17.583+0000] {processor.py:840} INFO - DAG(s) 'tutorial_taskflow_api' retrieved from /home/airflow/.local/lib/python3.12/site-packages/airflow/example_dags/tutorial_taskflow_api.py
[2024-07-25T04:05:17.594+0000] {logging_mixin.py:188} INFO - [2024-07-25T04:05:17.594+0000] {dag.py:3089} INFO - Sync 1 DAGs
[2024-07-25T04:05:17.601+0000] {logging_mixin.py:188} INFO - [2024-07-25T04:05:17.600+0000] {dag.py:3947} INFO - Setting next_dagrun for tutorial_taskflow_api to None, run_after=None
[2024-07-25T04:05:17.610+0000] {processor.py:183} INFO - Processing /home/airflow/.local/lib/python3.12/site-packages/airflow/example_dags/tutorial_taskflow_api.py took 0.036 seconds
[2024-07-25T04:05:47.847+0000] {processor.py:161} INFO - Started process (PID=269) to work on /home/airflow/.local/lib/python3.12/site-packages/airflow/example_dags/tutorial_taskflow_api.py
[2024-07-25T04:05:47.848+0000] {processor.py:830} INFO - Processing file /home/airflow/.local/lib/python3.12/site-packages/airflow/example_dags/tutorial_taskflow_api.py for tasks to queue
[2024-07-25T04:05:47.849+0000] {logging_mixin.py:188} INFO - [2024-07-25T04:05:47.849+0000] {dagbag.py:545} INFO - Filling up the DagBag from /home/airflow/.local/lib/python3.12/site-packages/airflow/example_dags/tutorial_taskflow_api.py
[2024-07-25T04:05:47.853+0000] {processor.py:840} INFO - DAG(s) 'tutorial_taskflow_api' retrieved from /home/airflow/.local/lib/python3.12/site-packages/airflow/example_dags/tutorial_taskflow_api.py
[2024-07-25T04:05:47.864+0000] {logging_mixin.py:188} INFO - [2024-07-25T04:05:47.864+0000] {dag.py:3089} INFO - Sync 1 DAGs
[2024-07-25T04:05:47.870+0000] {logging_mixin.py:188} INFO - [2024-07-25T04:05:47.870+0000] {dag.py:3947} INFO - Setting next_dagrun for tutorial_taskflow_api to None, run_after=None
[2024-07-25T04:05:47.878+0000] {processor.py:183} INFO - Processing /home/airflow/.local/lib/python3.12/site-packages/airflow/example_dags/tutorial_taskflow_api.py took 0.035 seconds
[2024-07-25T04:06:17.988+0000] {processor.py:161} INFO - Started process (PID=327) to work on /home/airflow/.local/lib/python3.12/site-packages/airflow/example_dags/tutorial_taskflow_api.py
[2024-07-25T04:06:17.989+0000] {processor.py:830} INFO - Processing file /home/airflow/.local/lib/python3.12/site-packages/airflow/example_dags/tutorial_taskflow_api.py for tasks to queue
[2024-07-25T04:06:17.990+0000] {logging_mixin.py:188} INFO - [2024-07-25T04:06:17.990+0000] {dagbag.py:545} INFO - Filling up the DagBag from /home/airflow/.local/lib/python3.12/site-packages/airflow/example_dags/tutorial_taskflow_api.py
[2024-07-25T04:06:17.994+0000] {processor.py:840} INFO - DAG(s) 'tutorial_taskflow_api' retrieved from /home/airflow/.local/lib/python3.12/site-packages/airflow/example_dags/tutorial_taskflow_api.py
[2024-07-25T04:06:18.006+0000] {logging_mixin.py:188} INFO - [2024-07-25T04:06:18.006+0000] {dag.py:3089} INFO - Sync 1 DAGs
[2024-07-25T04:06:18.012+0000] {logging_mixin.py:188} INFO - [2024-07-25T04:06:18.012+0000] {dag.py:3947} INFO - Setting next_dagrun for tutorial_taskflow_api to None, run_after=None
[2024-07-25T04:06:18.022+0000] {processor.py:183} INFO - Processing /home/airflow/.local/lib/python3.12/site-packages/airflow/example_dags/tutorial_taskflow_api.py took 0.037 seconds
[2024-07-25T04:06:48.366+0000] {processor.py:161} INFO - Started process (PID=385) to work on /home/airflow/.local/lib/python3.12/site-packages/airflow/example_dags/tutorial_taskflow_api.py
[2024-07-25T04:06:48.367+0000] {processor.py:830} INFO - Processing file /home/airflow/.local/lib/python3.12/site-packages/airflow/example_dags/tutorial_taskflow_api.py for tasks to queue
[2024-07-25T04:06:48.369+0000] {logging_mixin.py:188} INFO - [2024-07-25T04:06:48.368+0000] {dagbag.py:545} INFO - Filling up the DagBag from /home/airflow/.local/lib/python3.12/site-packages/airflow/example_dags/tutorial_taskflow_api.py
[2024-07-25T04:06:48.373+0000] {processor.py:840} INFO - DAG(s) 'tutorial_taskflow_api' retrieved from /home/airflow/.local/lib/python3.12/site-packages/airflow/example_dags/tutorial_taskflow_api.py
[2024-07-25T04:06:48.385+0000] {logging_mixin.py:188} INFO - [2024-07-25T04:06:48.385+0000] {dag.py:3089} INFO - Sync 1 DAGs
[2024-07-25T04:06:48.392+0000] {logging_mixin.py:188} INFO - [2024-07-25T04:06:48.392+0000] {dag.py:3947} INFO - Setting next_dagrun for tutorial_taskflow_api to None, run_after=None
[2024-07-25T04:06:48.402+0000] {processor.py:183} INFO - Processing /home/airflow/.local/lib/python3.12/site-packages/airflow/example_dags/tutorial_taskflow_api.py took 0.041 seconds
[2024-07-25T04:07:18.685+0000] {processor.py:161} INFO - Started process (PID=443) to work on /home/airflow/.local/lib/python3.12/site-packages/airflow/example_dags/tutorial_taskflow_api.py
[2024-07-25T04:07:18.686+0000] {processor.py:830} INFO - Processing file /home/airflow/.local/lib/python3.12/site-packages/airflow/example_dags/tutorial_taskflow_api.py for tasks to queue
[2024-07-25T04:07:18.687+0000] {logging_mixin.py:188} INFO - [2024-07-25T04:07:18.687+0000] {dagbag.py:545} INFO - Filling up the DagBag from /home/airflow/.local/lib/python3.12/site-packages/airflow/example_dags/tutorial_taskflow_api.py
[2024-07-25T04:07:18.691+0000] {processor.py:840} INFO - DAG(s) 'tutorial_taskflow_api' retrieved from /home/airflow/.local/lib/python3.12/site-packages/airflow/example_dags/tutorial_taskflow_api.py
[2024-07-25T04:07:18.702+0000] {logging_mixin.py:188} INFO - [2024-07-25T04:07:18.702+0000] {dag.py:3089} INFO - Sync 1 DAGs
[2024-07-25T04:07:18.708+0000] {logging_mixin.py:188} INFO - [2024-07-25T04:07:18.708+0000] {dag.py:3947} INFO - Setting next_dagrun for tutorial_taskflow_api to None, run_after=None
[2024-07-25T04:07:18.717+0000] {processor.py:183} INFO - Processing /home/airflow/.local/lib/python3.12/site-packages/airflow/example_dags/tutorial_taskflow_api.py took 0.036 seconds
[2024-07-25T04:07:48.810+0000] {processor.py:161} INFO - Started process (PID=501) to work on /home/airflow/.local/lib/python3.12/site-packages/airflow/example_dags/tutorial_taskflow_api.py
[2024-07-25T04:07:48.811+0000] {processor.py:830} INFO - Processing file /home/airflow/.local/lib/python3.12/site-packages/airflow/example_dags/tutorial_taskflow_api.py for tasks to queue
[2024-07-25T04:07:48.812+0000] {logging_mixin.py:188} INFO - [2024-07-25T04:07:48.812+0000] {dagbag.py:545} INFO - Filling up the DagBag from /home/airflow/.local/lib/python3.12/site-packages/airflow/example_dags/tutorial_taskflow_api.py
[2024-07-25T04:07:48.816+0000] {processor.py:840} INFO - DAG(s) 'tutorial_taskflow_api' retrieved from /home/airflow/.local/lib/python3.12/site-packages/airflow/example_dags/tutorial_taskflow_api.py
[2024-07-25T04:07:48.830+0000] {logging_mixin.py:188} INFO - [2024-07-25T04:07:48.830+0000] {dag.py:3089} INFO - Sync 1 DAGs
[2024-07-25T04:07:48.839+0000] {logging_mixin.py:188} INFO - [2024-07-25T04:07:48.838+0000] {dag.py:3947} INFO - Setting next_dagrun for tutorial_taskflow_api to None, run_after=None
[2024-07-25T04:07:48.849+0000] {processor.py:183} INFO - Processing /home/airflow/.local/lib/python3.12/site-packages/airflow/example_dags/tutorial_taskflow_api.py took 0.044 seconds
[2024-07-25T04:08:19.015+0000] {processor.py:161} INFO - Started process (PID=559) to work on /home/airflow/.local/lib/python3.12/site-packages/airflow/example_dags/tutorial_taskflow_api.py
[2024-07-25T04:08:19.016+0000] {processor.py:830} INFO - Processing file /home/airflow/.local/lib/python3.12/site-packages/airflow/example_dags/tutorial_taskflow_api.py for tasks to queue
[2024-07-25T04:08:19.017+0000] {logging_mixin.py:188} INFO - [2024-07-25T04:08:19.017+0000] {dagbag.py:545} INFO - Filling up the DagBag from /home/airflow/.local/lib/python3.12/site-packages/airflow/example_dags/tutorial_taskflow_api.py
[2024-07-25T04:08:19.021+0000] {processor.py:840} INFO - DAG(s) 'tutorial_taskflow_api' retrieved from /home/airflow/.local/lib/python3.12/site-packages/airflow/example_dags/tutorial_taskflow_api.py
[2024-07-25T04:08:19.033+0000] {logging_mixin.py:188} INFO - [2024-07-25T04:08:19.032+0000] {dag.py:3089} INFO - Sync 1 DAGs
[2024-07-25T04:08:19.040+0000] {logging_mixin.py:188} INFO - [2024-07-25T04:08:19.040+0000] {dag.py:3947} INFO - Setting next_dagrun for tutorial_taskflow_api to None, run_after=None
[2024-07-25T04:08:19.051+0000] {processor.py:183} INFO - Processing /home/airflow/.local/lib/python3.12/site-packages/airflow/example_dags/tutorial_taskflow_api.py took 0.040 seconds
[2024-07-25T04:08:49.199+0000] {processor.py:161} INFO - Started process (PID=617) to work on /home/airflow/.local/lib/python3.12/site-packages/airflow/example_dags/tutorial_taskflow_api.py
[2024-07-25T04:08:49.200+0000] {processor.py:830} INFO - Processing file /home/airflow/.local/lib/python3.12/site-packages/airflow/example_dags/tutorial_taskflow_api.py for tasks to queue
[2024-07-25T04:08:49.201+0000] {logging_mixin.py:188} INFO - [2024-07-25T04:08:49.201+0000] {dagbag.py:545} INFO - Filling up the DagBag from /home/airflow/.local/lib/python3.12/site-packages/airflow/example_dags/tutorial_taskflow_api.py
[2024-07-25T04:08:49.205+0000] {processor.py:840} INFO - DAG(s) 'tutorial_taskflow_api' retrieved from /home/airflow/.local/lib/python3.12/site-packages/airflow/example_dags/tutorial_taskflow_api.py
[2024-07-25T04:08:49.216+0000] {logging_mixin.py:188} INFO - [2024-07-25T04:08:49.216+0000] {dag.py:3089} INFO - Sync 1 DAGs
[2024-07-25T04:08:49.223+0000] {logging_mixin.py:188} INFO - [2024-07-25T04:08:49.223+0000] {dag.py:3947} INFO - Setting next_dagrun for tutorial_taskflow_api to None, run_after=None
[2024-07-25T04:08:49.231+0000] {processor.py:183} INFO - Processing /home/airflow/.local/lib/python3.12/site-packages/airflow/example_dags/tutorial_taskflow_api.py took 0.035 seconds
[2024-07-25T04:09:19.665+0000] {processor.py:161} INFO - Started process (PID=676) to work on /home/airflow/.local/lib/python3.12/site-packages/airflow/example_dags/tutorial_taskflow_api.py
[2024-07-25T04:09:19.666+0000] {processor.py:830} INFO - Processing file /home/airflow/.local/lib/python3.12/site-packages/airflow/example_dags/tutorial_taskflow_api.py for tasks to queue
[2024-07-25T04:09:19.667+0000] {logging_mixin.py:188} INFO - [2024-07-25T04:09:19.667+0000] {dagbag.py:545} INFO - Filling up the DagBag from /home/airflow/.local/lib/python3.12/site-packages/airflow/example_dags/tutorial_taskflow_api.py
[2024-07-25T04:09:19.671+0000] {processor.py:840} INFO - DAG(s) 'tutorial_taskflow_api' retrieved from /home/airflow/.local/lib/python3.12/site-packages/airflow/example_dags/tutorial_taskflow_api.py
[2024-07-25T04:09:19.684+0000] {logging_mixin.py:188} INFO - [2024-07-25T04:09:19.684+0000] {dag.py:3089} INFO - Sync 1 DAGs
[2024-07-25T04:09:19.692+0000] {logging_mixin.py:188} INFO - [2024-07-25T04:09:19.692+0000] {dag.py:3947} INFO - Setting next_dagrun for tutorial_taskflow_api to None, run_after=None
[2024-07-25T04:09:19.702+0000] {processor.py:183} INFO - Processing /home/airflow/.local/lib/python3.12/site-packages/airflow/example_dags/tutorial_taskflow_api.py took 0.042 seconds
[2024-07-25T04:09:49.836+0000] {processor.py:161} INFO - Started process (PID=734) to work on /home/airflow/.local/lib/python3.12/site-packages/airflow/example_dags/tutorial_taskflow_api.py
[2024-07-25T04:09:49.837+0000] {processor.py:830} INFO - Processing file /home/airflow/.local/lib/python3.12/site-packages/airflow/example_dags/tutorial_taskflow_api.py for tasks to queue
[2024-07-25T04:09:49.838+0000] {logging_mixin.py:188} INFO - [2024-07-25T04:09:49.838+0000] {dagbag.py:545} INFO - Filling up the DagBag from /home/airflow/.local/lib/python3.12/site-packages/airflow/example_dags/tutorial_taskflow_api.py
[2024-07-25T04:09:49.841+0000] {processor.py:840} INFO - DAG(s) 'tutorial_taskflow_api' retrieved from /home/airflow/.local/lib/python3.12/site-packages/airflow/example_dags/tutorial_taskflow_api.py
[2024-07-25T04:09:49.852+0000] {logging_mixin.py:188} INFO - [2024-07-25T04:09:49.852+0000] {dag.py:3089} INFO - Sync 1 DAGs
[2024-07-25T04:09:49.859+0000] {logging_mixin.py:188} INFO - [2024-07-25T04:09:49.859+0000] {dag.py:3947} INFO - Setting next_dagrun for tutorial_taskflow_api to None, run_after=None
[2024-07-25T04:09:49.869+0000] {processor.py:183} INFO - Processing /home/airflow/.local/lib/python3.12/site-packages/airflow/example_dags/tutorial_taskflow_api.py took 0.037 seconds
[2024-07-25T04:10:20.478+0000] {processor.py:161} INFO - Started process (PID=792) to work on /home/airflow/.local/lib/python3.12/site-packages/airflow/example_dags/tutorial_taskflow_api.py
[2024-07-25T04:10:20.479+0000] {processor.py:830} INFO - Processing file /home/airflow/.local/lib/python3.12/site-packages/airflow/example_dags/tutorial_taskflow_api.py for tasks to queue
[2024-07-25T04:10:20.480+0000] {logging_mixin.py:188} INFO - [2024-07-25T04:10:20.480+0000] {dagbag.py:545} INFO - Filling up the DagBag from /home/airflow/.local/lib/python3.12/site-packages/airflow/example_dags/tutorial_taskflow_api.py
[2024-07-25T04:10:20.484+0000] {processor.py:840} INFO - DAG(s) 'tutorial_taskflow_api' retrieved from /home/airflow/.local/lib/python3.12/site-packages/airflow/example_dags/tutorial_taskflow_api.py
[2024-07-25T04:10:20.495+0000] {logging_mixin.py:188} INFO - [2024-07-25T04:10:20.495+0000] {dag.py:3089} INFO - Sync 1 DAGs
[2024-07-25T04:10:20.501+0000] {logging_mixin.py:188} INFO - [2024-07-25T04:10:20.501+0000] {dag.py:3947} INFO - Setting next_dagrun for tutorial_taskflow_api to None, run_after=None
[2024-07-25T04:10:20.511+0000] {processor.py:183} INFO - Processing /home/airflow/.local/lib/python3.12/site-packages/airflow/example_dags/tutorial_taskflow_api.py took 0.036 seconds
[2024-07-25T04:10:50.702+0000] {processor.py:161} INFO - Started process (PID=850) to work on /home/airflow/.local/lib/python3.12/site-packages/airflow/example_dags/tutorial_taskflow_api.py
[2024-07-25T04:10:50.703+0000] {processor.py:830} INFO - Processing file /home/airflow/.local/lib/python3.12/site-packages/airflow/example_dags/tutorial_taskflow_api.py for tasks to queue
[2024-07-25T04:10:50.704+0000] {logging_mixin.py:188} INFO - [2024-07-25T04:10:50.704+0000] {dagbag.py:545} INFO - Filling up the DagBag from /home/airflow/.local/lib/python3.12/site-packages/airflow/example_dags/tutorial_taskflow_api.py
[2024-07-25T04:10:50.708+0000] {processor.py:840} INFO - DAG(s) 'tutorial_taskflow_api' retrieved from /home/airflow/.local/lib/python3.12/site-packages/airflow/example_dags/tutorial_taskflow_api.py
[2024-07-25T04:10:50.720+0000] {logging_mixin.py:188} INFO - [2024-07-25T04:10:50.720+0000] {dag.py:3089} INFO - Sync 1 DAGs
[2024-07-25T04:10:50.727+0000] {logging_mixin.py:188} INFO - [2024-07-25T04:10:50.727+0000] {dag.py:3947} INFO - Setting next_dagrun for tutorial_taskflow_api to None, run_after=None
[2024-07-25T04:10:50.737+0000] {processor.py:183} INFO - Processing /home/airflow/.local/lib/python3.12/site-packages/airflow/example_dags/tutorial_taskflow_api.py took 0.038 seconds
[2024-07-25T04:11:20.958+0000] {processor.py:161} INFO - Started process (PID=908) to work on /home/airflow/.local/lib/python3.12/site-packages/airflow/example_dags/tutorial_taskflow_api.py
[2024-07-25T04:11:20.958+0000] {processor.py:830} INFO - Processing file /home/airflow/.local/lib/python3.12/site-packages/airflow/example_dags/tutorial_taskflow_api.py for tasks to queue
[2024-07-25T04:11:20.960+0000] {logging_mixin.py:188} INFO - [2024-07-25T04:11:20.959+0000] {dagbag.py:545} INFO - Filling up the DagBag from /home/airflow/.local/lib/python3.12/site-packages/airflow/example_dags/tutorial_taskflow_api.py
[2024-07-25T04:11:20.963+0000] {processor.py:840} INFO - DAG(s) 'tutorial_taskflow_api' retrieved from /home/airflow/.local/lib/python3.12/site-packages/airflow/example_dags/tutorial_taskflow_api.py
[2024-07-25T04:11:20.975+0000] {logging_mixin.py:188} INFO - [2024-07-25T04:11:20.974+0000] {dag.py:3089} INFO - Sync 1 DAGs
[2024-07-25T04:11:20.981+0000] {logging_mixin.py:188} INFO - [2024-07-25T04:11:20.981+0000] {dag.py:3947} INFO - Setting next_dagrun for tutorial_taskflow_api to None, run_after=None
[2024-07-25T04:11:20.990+0000] {processor.py:183} INFO - Processing /home/airflow/.local/lib/python3.12/site-packages/airflow/example_dags/tutorial_taskflow_api.py took 0.036 seconds
[2024-07-25T04:11:51.055+0000] {processor.py:161} INFO - Started process (PID=965) to work on /home/airflow/.local/lib/python3.12/site-packages/airflow/example_dags/tutorial_taskflow_api.py
[2024-07-25T04:11:51.055+0000] {processor.py:830} INFO - Processing file /home/airflow/.local/lib/python3.12/site-packages/airflow/example_dags/tutorial_taskflow_api.py for tasks to queue
[2024-07-25T04:11:51.057+0000] {logging_mixin.py:188} INFO - [2024-07-25T04:11:51.056+0000] {dagbag.py:545} INFO - Filling up the DagBag from /home/airflow/.local/lib/python3.12/site-packages/airflow/example_dags/tutorial_taskflow_api.py
[2024-07-25T04:11:51.061+0000] {processor.py:840} INFO - DAG(s) 'tutorial_taskflow_api' retrieved from /home/airflow/.local/lib/python3.12/site-packages/airflow/example_dags/tutorial_taskflow_api.py
[2024-07-25T04:11:51.073+0000] {logging_mixin.py:188} INFO - [2024-07-25T04:11:51.072+0000] {dag.py:3089} INFO - Sync 1 DAGs
[2024-07-25T04:11:51.079+0000] {logging_mixin.py:188} INFO - [2024-07-25T04:11:51.079+0000] {dag.py:3947} INFO - Setting next_dagrun for tutorial_taskflow_api to None, run_after=None
[2024-07-25T04:11:51.088+0000] {processor.py:183} INFO - Processing /home/airflow/.local/lib/python3.12/site-packages/airflow/example_dags/tutorial_taskflow_api.py took 0.036 seconds
