[2024-07-25T03:40:24.144+0000] {processor.py:161} INFO - Started process (PID=41) to work on /home/airflow/.local/lib/python3.12/site-packages/airflow/example_dags/tutorial_dag.py
[2024-07-25T03:40:24.145+0000] {processor.py:830} INFO - Processing file /home/airflow/.local/lib/python3.12/site-packages/airflow/example_dags/tutorial_dag.py for tasks to queue
[2024-07-25T03:40:24.147+0000] {logging_mixin.py:188} INFO - [2024-07-25T03:40:24.146+0000] {dagbag.py:545} INFO - Filling up the DagBag from /home/airflow/.local/lib/python3.12/site-packages/airflow/example_dags/tutorial_dag.py
[2024-07-25T03:40:24.150+0000] {processor.py:840} INFO - DAG(s) 'tutorial_dag' retrieved from /home/airflow/.local/lib/python3.12/site-packages/airflow/example_dags/tutorial_dag.py
[2024-07-25T03:40:24.158+0000] {logging_mixin.py:188} INFO - [2024-07-25T03:40:24.158+0000] {dag.py:3089} INFO - Sync 1 DAGs
[2024-07-25T03:40:24.167+0000] {logging_mixin.py:188} INFO - [2024-07-25T03:40:24.167+0000] {dag.py:3947} INFO - Setting next_dagrun for tutorial_dag to None, run_after=None
[2024-07-25T03:40:24.177+0000] {processor.py:183} INFO - Processing /home/airflow/.local/lib/python3.12/site-packages/airflow/example_dags/tutorial_dag.py took 0.036 seconds
[2024-07-25T03:40:54.983+0000] {processor.py:161} INFO - Started process (PID=99) to work on /home/airflow/.local/lib/python3.12/site-packages/airflow/example_dags/tutorial_dag.py
[2024-07-25T03:40:54.984+0000] {processor.py:830} INFO - Processing file /home/airflow/.local/lib/python3.12/site-packages/airflow/example_dags/tutorial_dag.py for tasks to queue
[2024-07-25T03:40:54.985+0000] {logging_mixin.py:188} INFO - [2024-07-25T03:40:54.985+0000] {dagbag.py:545} INFO - Filling up the DagBag from /home/airflow/.local/lib/python3.12/site-packages/airflow/example_dags/tutorial_dag.py
[2024-07-25T03:40:54.989+0000] {processor.py:840} INFO - DAG(s) 'tutorial_dag' retrieved from /home/airflow/.local/lib/python3.12/site-packages/airflow/example_dags/tutorial_dag.py
[2024-07-25T03:40:55.041+0000] {logging_mixin.py:188} INFO - [2024-07-25T03:40:55.041+0000] {dag.py:3089} INFO - Sync 1 DAGs
[2024-07-25T03:40:55.047+0000] {logging_mixin.py:188} INFO - [2024-07-25T03:40:55.047+0000] {dag.py:3947} INFO - Setting next_dagrun for tutorial_dag to None, run_after=None
[2024-07-25T03:40:55.057+0000] {processor.py:183} INFO - Processing /home/airflow/.local/lib/python3.12/site-packages/airflow/example_dags/tutorial_dag.py took 0.077 seconds
[2024-07-25T03:41:25.081+0000] {processor.py:161} INFO - Started process (PID=157) to work on /home/airflow/.local/lib/python3.12/site-packages/airflow/example_dags/tutorial_dag.py
[2024-07-25T03:41:25.081+0000] {processor.py:830} INFO - Processing file /home/airflow/.local/lib/python3.12/site-packages/airflow/example_dags/tutorial_dag.py for tasks to queue
[2024-07-25T03:41:25.083+0000] {logging_mixin.py:188} INFO - [2024-07-25T03:41:25.082+0000] {dagbag.py:545} INFO - Filling up the DagBag from /home/airflow/.local/lib/python3.12/site-packages/airflow/example_dags/tutorial_dag.py
[2024-07-25T03:41:25.086+0000] {processor.py:840} INFO - DAG(s) 'tutorial_dag' retrieved from /home/airflow/.local/lib/python3.12/site-packages/airflow/example_dags/tutorial_dag.py
[2024-07-25T03:41:25.097+0000] {logging_mixin.py:188} INFO - [2024-07-25T03:41:25.097+0000] {dag.py:3089} INFO - Sync 1 DAGs
[2024-07-25T03:41:25.103+0000] {logging_mixin.py:188} INFO - [2024-07-25T03:41:25.103+0000] {dag.py:3947} INFO - Setting next_dagrun for tutorial_dag to None, run_after=None
[2024-07-25T03:41:25.111+0000] {processor.py:183} INFO - Processing /home/airflow/.local/lib/python3.12/site-packages/airflow/example_dags/tutorial_dag.py took 0.033 seconds
[2024-07-25T03:41:55.284+0000] {processor.py:161} INFO - Started process (PID=215) to work on /home/airflow/.local/lib/python3.12/site-packages/airflow/example_dags/tutorial_dag.py
[2024-07-25T03:41:55.285+0000] {processor.py:830} INFO - Processing file /home/airflow/.local/lib/python3.12/site-packages/airflow/example_dags/tutorial_dag.py for tasks to queue
[2024-07-25T03:41:55.286+0000] {logging_mixin.py:188} INFO - [2024-07-25T03:41:55.286+0000] {dagbag.py:545} INFO - Filling up the DagBag from /home/airflow/.local/lib/python3.12/site-packages/airflow/example_dags/tutorial_dag.py
[2024-07-25T03:41:55.289+0000] {processor.py:840} INFO - DAG(s) 'tutorial_dag' retrieved from /home/airflow/.local/lib/python3.12/site-packages/airflow/example_dags/tutorial_dag.py
[2024-07-25T03:41:55.300+0000] {logging_mixin.py:188} INFO - [2024-07-25T03:41:55.300+0000] {dag.py:3089} INFO - Sync 1 DAGs
[2024-07-25T03:41:55.306+0000] {logging_mixin.py:188} INFO - [2024-07-25T03:41:55.306+0000] {dag.py:3947} INFO - Setting next_dagrun for tutorial_dag to None, run_after=None
[2024-07-25T03:41:55.316+0000] {processor.py:183} INFO - Processing /home/airflow/.local/lib/python3.12/site-packages/airflow/example_dags/tutorial_dag.py took 0.036 seconds
[2024-07-25T03:42:25.439+0000] {processor.py:161} INFO - Started process (PID=273) to work on /home/airflow/.local/lib/python3.12/site-packages/airflow/example_dags/tutorial_dag.py
[2024-07-25T03:42:25.440+0000] {processor.py:830} INFO - Processing file /home/airflow/.local/lib/python3.12/site-packages/airflow/example_dags/tutorial_dag.py for tasks to queue
[2024-07-25T03:42:25.441+0000] {logging_mixin.py:188} INFO - [2024-07-25T03:42:25.441+0000] {dagbag.py:545} INFO - Filling up the DagBag from /home/airflow/.local/lib/python3.12/site-packages/airflow/example_dags/tutorial_dag.py
[2024-07-25T03:42:25.444+0000] {processor.py:840} INFO - DAG(s) 'tutorial_dag' retrieved from /home/airflow/.local/lib/python3.12/site-packages/airflow/example_dags/tutorial_dag.py
[2024-07-25T03:42:25.456+0000] {logging_mixin.py:188} INFO - [2024-07-25T03:42:25.456+0000] {dag.py:3089} INFO - Sync 1 DAGs
[2024-07-25T03:42:25.462+0000] {logging_mixin.py:188} INFO - [2024-07-25T03:42:25.462+0000] {dag.py:3947} INFO - Setting next_dagrun for tutorial_dag to None, run_after=None
[2024-07-25T03:42:25.472+0000] {processor.py:183} INFO - Processing /home/airflow/.local/lib/python3.12/site-packages/airflow/example_dags/tutorial_dag.py took 0.036 seconds
[2024-07-25T03:42:55.787+0000] {processor.py:161} INFO - Started process (PID=331) to work on /home/airflow/.local/lib/python3.12/site-packages/airflow/example_dags/tutorial_dag.py
[2024-07-25T03:42:55.788+0000] {processor.py:830} INFO - Processing file /home/airflow/.local/lib/python3.12/site-packages/airflow/example_dags/tutorial_dag.py for tasks to queue
[2024-07-25T03:42:55.789+0000] {logging_mixin.py:188} INFO - [2024-07-25T03:42:55.789+0000] {dagbag.py:545} INFO - Filling up the DagBag from /home/airflow/.local/lib/python3.12/site-packages/airflow/example_dags/tutorial_dag.py
[2024-07-25T03:42:55.793+0000] {processor.py:840} INFO - DAG(s) 'tutorial_dag' retrieved from /home/airflow/.local/lib/python3.12/site-packages/airflow/example_dags/tutorial_dag.py
[2024-07-25T03:42:55.806+0000] {logging_mixin.py:188} INFO - [2024-07-25T03:42:55.806+0000] {dag.py:3089} INFO - Sync 1 DAGs
[2024-07-25T03:42:55.813+0000] {logging_mixin.py:188} INFO - [2024-07-25T03:42:55.812+0000] {dag.py:3947} INFO - Setting next_dagrun for tutorial_dag to None, run_after=None
[2024-07-25T03:42:55.823+0000] {processor.py:183} INFO - Processing /home/airflow/.local/lib/python3.12/site-packages/airflow/example_dags/tutorial_dag.py took 0.040 seconds
[2024-07-25T03:43:26.071+0000] {processor.py:161} INFO - Started process (PID=389) to work on /home/airflow/.local/lib/python3.12/site-packages/airflow/example_dags/tutorial_dag.py
[2024-07-25T03:43:26.072+0000] {processor.py:830} INFO - Processing file /home/airflow/.local/lib/python3.12/site-packages/airflow/example_dags/tutorial_dag.py for tasks to queue
[2024-07-25T03:43:26.073+0000] {logging_mixin.py:188} INFO - [2024-07-25T03:43:26.073+0000] {dagbag.py:545} INFO - Filling up the DagBag from /home/airflow/.local/lib/python3.12/site-packages/airflow/example_dags/tutorial_dag.py
[2024-07-25T03:43:26.077+0000] {processor.py:840} INFO - DAG(s) 'tutorial_dag' retrieved from /home/airflow/.local/lib/python3.12/site-packages/airflow/example_dags/tutorial_dag.py
[2024-07-25T03:43:26.089+0000] {logging_mixin.py:188} INFO - [2024-07-25T03:43:26.089+0000] {dag.py:3089} INFO - Sync 1 DAGs
[2024-07-25T03:43:26.095+0000] {logging_mixin.py:188} INFO - [2024-07-25T03:43:26.095+0000] {dag.py:3947} INFO - Setting next_dagrun for tutorial_dag to None, run_after=None
[2024-07-25T03:43:26.105+0000] {processor.py:183} INFO - Processing /home/airflow/.local/lib/python3.12/site-packages/airflow/example_dags/tutorial_dag.py took 0.037 seconds
[2024-07-25T03:43:56.243+0000] {processor.py:161} INFO - Started process (PID=447) to work on /home/airflow/.local/lib/python3.12/site-packages/airflow/example_dags/tutorial_dag.py
[2024-07-25T03:43:56.243+0000] {processor.py:830} INFO - Processing file /home/airflow/.local/lib/python3.12/site-packages/airflow/example_dags/tutorial_dag.py for tasks to queue
[2024-07-25T03:43:56.245+0000] {logging_mixin.py:188} INFO - [2024-07-25T03:43:56.245+0000] {dagbag.py:545} INFO - Filling up the DagBag from /home/airflow/.local/lib/python3.12/site-packages/airflow/example_dags/tutorial_dag.py
[2024-07-25T03:43:56.249+0000] {processor.py:840} INFO - DAG(s) 'tutorial_dag' retrieved from /home/airflow/.local/lib/python3.12/site-packages/airflow/example_dags/tutorial_dag.py
[2024-07-25T03:43:56.265+0000] {logging_mixin.py:188} INFO - [2024-07-25T03:43:56.264+0000] {dag.py:3089} INFO - Sync 1 DAGs
[2024-07-25T03:43:56.273+0000] {logging_mixin.py:188} INFO - [2024-07-25T03:43:56.273+0000] {dag.py:3947} INFO - Setting next_dagrun for tutorial_dag to None, run_after=None
[2024-07-25T03:43:56.286+0000] {processor.py:183} INFO - Processing /home/airflow/.local/lib/python3.12/site-packages/airflow/example_dags/tutorial_dag.py took 0.051 seconds
[2024-07-25T03:44:26.395+0000] {processor.py:161} INFO - Started process (PID=505) to work on /home/airflow/.local/lib/python3.12/site-packages/airflow/example_dags/tutorial_dag.py
[2024-07-25T03:44:26.396+0000] {processor.py:830} INFO - Processing file /home/airflow/.local/lib/python3.12/site-packages/airflow/example_dags/tutorial_dag.py for tasks to queue
[2024-07-25T03:44:26.397+0000] {logging_mixin.py:188} INFO - [2024-07-25T03:44:26.397+0000] {dagbag.py:545} INFO - Filling up the DagBag from /home/airflow/.local/lib/python3.12/site-packages/airflow/example_dags/tutorial_dag.py
[2024-07-25T03:44:26.401+0000] {processor.py:840} INFO - DAG(s) 'tutorial_dag' retrieved from /home/airflow/.local/lib/python3.12/site-packages/airflow/example_dags/tutorial_dag.py
[2024-07-25T03:44:26.413+0000] {logging_mixin.py:188} INFO - [2024-07-25T03:44:26.413+0000] {dag.py:3089} INFO - Sync 1 DAGs
[2024-07-25T03:44:26.420+0000] {logging_mixin.py:188} INFO - [2024-07-25T03:44:26.420+0000] {dag.py:3947} INFO - Setting next_dagrun for tutorial_dag to None, run_after=None
[2024-07-25T03:44:26.429+0000] {processor.py:183} INFO - Processing /home/airflow/.local/lib/python3.12/site-packages/airflow/example_dags/tutorial_dag.py took 0.038 seconds
[2024-07-25T03:44:56.838+0000] {processor.py:161} INFO - Started process (PID=563) to work on /home/airflow/.local/lib/python3.12/site-packages/airflow/example_dags/tutorial_dag.py
[2024-07-25T03:44:56.839+0000] {processor.py:830} INFO - Processing file /home/airflow/.local/lib/python3.12/site-packages/airflow/example_dags/tutorial_dag.py for tasks to queue
[2024-07-25T03:44:56.841+0000] {logging_mixin.py:188} INFO - [2024-07-25T03:44:56.840+0000] {dagbag.py:545} INFO - Filling up the DagBag from /home/airflow/.local/lib/python3.12/site-packages/airflow/example_dags/tutorial_dag.py
[2024-07-25T03:44:56.845+0000] {processor.py:840} INFO - DAG(s) 'tutorial_dag' retrieved from /home/airflow/.local/lib/python3.12/site-packages/airflow/example_dags/tutorial_dag.py
[2024-07-25T03:44:56.857+0000] {logging_mixin.py:188} INFO - [2024-07-25T03:44:56.857+0000] {dag.py:3089} INFO - Sync 1 DAGs
[2024-07-25T03:44:56.863+0000] {logging_mixin.py:188} INFO - [2024-07-25T03:44:56.863+0000] {dag.py:3947} INFO - Setting next_dagrun for tutorial_dag to None, run_after=None
[2024-07-25T03:44:56.873+0000] {processor.py:183} INFO - Processing /home/airflow/.local/lib/python3.12/site-packages/airflow/example_dags/tutorial_dag.py took 0.038 seconds
[2024-07-25T03:45:27.128+0000] {processor.py:161} INFO - Started process (PID=621) to work on /home/airflow/.local/lib/python3.12/site-packages/airflow/example_dags/tutorial_dag.py
[2024-07-25T03:45:27.129+0000] {processor.py:830} INFO - Processing file /home/airflow/.local/lib/python3.12/site-packages/airflow/example_dags/tutorial_dag.py for tasks to queue
[2024-07-25T03:45:27.130+0000] {logging_mixin.py:188} INFO - [2024-07-25T03:45:27.130+0000] {dagbag.py:545} INFO - Filling up the DagBag from /home/airflow/.local/lib/python3.12/site-packages/airflow/example_dags/tutorial_dag.py
[2024-07-25T03:45:27.134+0000] {processor.py:840} INFO - DAG(s) 'tutorial_dag' retrieved from /home/airflow/.local/lib/python3.12/site-packages/airflow/example_dags/tutorial_dag.py
[2024-07-25T03:45:27.145+0000] {logging_mixin.py:188} INFO - [2024-07-25T03:45:27.145+0000] {dag.py:3089} INFO - Sync 1 DAGs
[2024-07-25T03:45:27.152+0000] {logging_mixin.py:188} INFO - [2024-07-25T03:45:27.152+0000] {dag.py:3947} INFO - Setting next_dagrun for tutorial_dag to None, run_after=None
[2024-07-25T03:45:27.162+0000] {processor.py:183} INFO - Processing /home/airflow/.local/lib/python3.12/site-packages/airflow/example_dags/tutorial_dag.py took 0.037 seconds
[2024-07-25T03:45:57.431+0000] {processor.py:161} INFO - Started process (PID=679) to work on /home/airflow/.local/lib/python3.12/site-packages/airflow/example_dags/tutorial_dag.py
[2024-07-25T03:45:57.432+0000] {processor.py:830} INFO - Processing file /home/airflow/.local/lib/python3.12/site-packages/airflow/example_dags/tutorial_dag.py for tasks to queue
[2024-07-25T03:45:57.433+0000] {logging_mixin.py:188} INFO - [2024-07-25T03:45:57.433+0000] {dagbag.py:545} INFO - Filling up the DagBag from /home/airflow/.local/lib/python3.12/site-packages/airflow/example_dags/tutorial_dag.py
[2024-07-25T03:45:57.437+0000] {processor.py:840} INFO - DAG(s) 'tutorial_dag' retrieved from /home/airflow/.local/lib/python3.12/site-packages/airflow/example_dags/tutorial_dag.py
[2024-07-25T03:45:57.448+0000] {logging_mixin.py:188} INFO - [2024-07-25T03:45:57.448+0000] {dag.py:3089} INFO - Sync 1 DAGs
[2024-07-25T03:45:57.455+0000] {logging_mixin.py:188} INFO - [2024-07-25T03:45:57.455+0000] {dag.py:3947} INFO - Setting next_dagrun for tutorial_dag to None, run_after=None
[2024-07-25T03:45:57.465+0000] {processor.py:183} INFO - Processing /home/airflow/.local/lib/python3.12/site-packages/airflow/example_dags/tutorial_dag.py took 0.038 seconds
[2024-07-25T03:46:27.635+0000] {processor.py:161} INFO - Started process (PID=737) to work on /home/airflow/.local/lib/python3.12/site-packages/airflow/example_dags/tutorial_dag.py
[2024-07-25T03:46:27.636+0000] {processor.py:830} INFO - Processing file /home/airflow/.local/lib/python3.12/site-packages/airflow/example_dags/tutorial_dag.py for tasks to queue
[2024-07-25T03:46:27.637+0000] {logging_mixin.py:188} INFO - [2024-07-25T03:46:27.637+0000] {dagbag.py:545} INFO - Filling up the DagBag from /home/airflow/.local/lib/python3.12/site-packages/airflow/example_dags/tutorial_dag.py
[2024-07-25T03:46:27.641+0000] {processor.py:840} INFO - DAG(s) 'tutorial_dag' retrieved from /home/airflow/.local/lib/python3.12/site-packages/airflow/example_dags/tutorial_dag.py
[2024-07-25T03:46:27.653+0000] {logging_mixin.py:188} INFO - [2024-07-25T03:46:27.653+0000] {dag.py:3089} INFO - Sync 1 DAGs
[2024-07-25T03:46:27.660+0000] {logging_mixin.py:188} INFO - [2024-07-25T03:46:27.660+0000] {dag.py:3947} INFO - Setting next_dagrun for tutorial_dag to None, run_after=None
[2024-07-25T03:46:27.670+0000] {processor.py:183} INFO - Processing /home/airflow/.local/lib/python3.12/site-packages/airflow/example_dags/tutorial_dag.py took 0.039 seconds
[2024-07-25T03:46:57.795+0000] {processor.py:161} INFO - Started process (PID=795) to work on /home/airflow/.local/lib/python3.12/site-packages/airflow/example_dags/tutorial_dag.py
[2024-07-25T03:46:57.796+0000] {processor.py:830} INFO - Processing file /home/airflow/.local/lib/python3.12/site-packages/airflow/example_dags/tutorial_dag.py for tasks to queue
[2024-07-25T03:46:57.797+0000] {logging_mixin.py:188} INFO - [2024-07-25T03:46:57.797+0000] {dagbag.py:545} INFO - Filling up the DagBag from /home/airflow/.local/lib/python3.12/site-packages/airflow/example_dags/tutorial_dag.py
[2024-07-25T03:46:57.801+0000] {processor.py:840} INFO - DAG(s) 'tutorial_dag' retrieved from /home/airflow/.local/lib/python3.12/site-packages/airflow/example_dags/tutorial_dag.py
[2024-07-25T03:46:57.813+0000] {logging_mixin.py:188} INFO - [2024-07-25T03:46:57.812+0000] {dag.py:3089} INFO - Sync 1 DAGs
[2024-07-25T03:46:57.819+0000] {logging_mixin.py:188} INFO - [2024-07-25T03:46:57.819+0000] {dag.py:3947} INFO - Setting next_dagrun for tutorial_dag to None, run_after=None
[2024-07-25T03:46:57.829+0000] {processor.py:183} INFO - Processing /home/airflow/.local/lib/python3.12/site-packages/airflow/example_dags/tutorial_dag.py took 0.037 seconds
[2024-07-25T03:47:28.194+0000] {processor.py:161} INFO - Started process (PID=853) to work on /home/airflow/.local/lib/python3.12/site-packages/airflow/example_dags/tutorial_dag.py
[2024-07-25T03:47:28.195+0000] {processor.py:830} INFO - Processing file /home/airflow/.local/lib/python3.12/site-packages/airflow/example_dags/tutorial_dag.py for tasks to queue
[2024-07-25T03:47:28.196+0000] {logging_mixin.py:188} INFO - [2024-07-25T03:47:28.196+0000] {dagbag.py:545} INFO - Filling up the DagBag from /home/airflow/.local/lib/python3.12/site-packages/airflow/example_dags/tutorial_dag.py
[2024-07-25T03:47:28.200+0000] {processor.py:840} INFO - DAG(s) 'tutorial_dag' retrieved from /home/airflow/.local/lib/python3.12/site-packages/airflow/example_dags/tutorial_dag.py
[2024-07-25T03:47:28.211+0000] {logging_mixin.py:188} INFO - [2024-07-25T03:47:28.211+0000] {dag.py:3089} INFO - Sync 1 DAGs
[2024-07-25T03:47:28.218+0000] {logging_mixin.py:188} INFO - [2024-07-25T03:47:28.218+0000] {dag.py:3947} INFO - Setting next_dagrun for tutorial_dag to None, run_after=None
[2024-07-25T03:47:28.227+0000] {processor.py:183} INFO - Processing /home/airflow/.local/lib/python3.12/site-packages/airflow/example_dags/tutorial_dag.py took 0.037 seconds
[2024-07-25T03:47:58.310+0000] {processor.py:161} INFO - Started process (PID=911) to work on /home/airflow/.local/lib/python3.12/site-packages/airflow/example_dags/tutorial_dag.py
[2024-07-25T03:47:58.311+0000] {processor.py:830} INFO - Processing file /home/airflow/.local/lib/python3.12/site-packages/airflow/example_dags/tutorial_dag.py for tasks to queue
[2024-07-25T03:47:58.312+0000] {logging_mixin.py:188} INFO - [2024-07-25T03:47:58.312+0000] {dagbag.py:545} INFO - Filling up the DagBag from /home/airflow/.local/lib/python3.12/site-packages/airflow/example_dags/tutorial_dag.py
[2024-07-25T03:47:58.315+0000] {processor.py:840} INFO - DAG(s) 'tutorial_dag' retrieved from /home/airflow/.local/lib/python3.12/site-packages/airflow/example_dags/tutorial_dag.py
[2024-07-25T03:47:58.328+0000] {logging_mixin.py:188} INFO - [2024-07-25T03:47:58.327+0000] {dag.py:3089} INFO - Sync 1 DAGs
[2024-07-25T03:47:58.334+0000] {logging_mixin.py:188} INFO - [2024-07-25T03:47:58.334+0000] {dag.py:3947} INFO - Setting next_dagrun for tutorial_dag to None, run_after=None
[2024-07-25T03:47:58.344+0000] {processor.py:183} INFO - Processing /home/airflow/.local/lib/python3.12/site-packages/airflow/example_dags/tutorial_dag.py took 0.037 seconds
[2024-07-25T03:48:28.462+0000] {processor.py:161} INFO - Started process (PID=969) to work on /home/airflow/.local/lib/python3.12/site-packages/airflow/example_dags/tutorial_dag.py
[2024-07-25T03:48:28.463+0000] {processor.py:830} INFO - Processing file /home/airflow/.local/lib/python3.12/site-packages/airflow/example_dags/tutorial_dag.py for tasks to queue
[2024-07-25T03:48:28.465+0000] {logging_mixin.py:188} INFO - [2024-07-25T03:48:28.464+0000] {dagbag.py:545} INFO - Filling up the DagBag from /home/airflow/.local/lib/python3.12/site-packages/airflow/example_dags/tutorial_dag.py
[2024-07-25T03:48:28.468+0000] {processor.py:840} INFO - DAG(s) 'tutorial_dag' retrieved from /home/airflow/.local/lib/python3.12/site-packages/airflow/example_dags/tutorial_dag.py
[2024-07-25T03:48:28.480+0000] {logging_mixin.py:188} INFO - [2024-07-25T03:48:28.480+0000] {dag.py:3089} INFO - Sync 1 DAGs
[2024-07-25T03:48:28.486+0000] {logging_mixin.py:188} INFO - [2024-07-25T03:48:28.486+0000] {dag.py:3947} INFO - Setting next_dagrun for tutorial_dag to None, run_after=None
[2024-07-25T03:48:28.495+0000] {processor.py:183} INFO - Processing /home/airflow/.local/lib/python3.12/site-packages/airflow/example_dags/tutorial_dag.py took 0.036 seconds
[2024-07-25T03:48:58.650+0000] {processor.py:161} INFO - Started process (PID=1027) to work on /home/airflow/.local/lib/python3.12/site-packages/airflow/example_dags/tutorial_dag.py
[2024-07-25T03:48:58.651+0000] {processor.py:830} INFO - Processing file /home/airflow/.local/lib/python3.12/site-packages/airflow/example_dags/tutorial_dag.py for tasks to queue
[2024-07-25T03:48:58.652+0000] {logging_mixin.py:188} INFO - [2024-07-25T03:48:58.652+0000] {dagbag.py:545} INFO - Filling up the DagBag from /home/airflow/.local/lib/python3.12/site-packages/airflow/example_dags/tutorial_dag.py
[2024-07-25T03:48:58.656+0000] {processor.py:840} INFO - DAG(s) 'tutorial_dag' retrieved from /home/airflow/.local/lib/python3.12/site-packages/airflow/example_dags/tutorial_dag.py
[2024-07-25T03:48:58.667+0000] {logging_mixin.py:188} INFO - [2024-07-25T03:48:58.667+0000] {dag.py:3089} INFO - Sync 1 DAGs
[2024-07-25T03:48:58.675+0000] {logging_mixin.py:188} INFO - [2024-07-25T03:48:58.674+0000] {dag.py:3947} INFO - Setting next_dagrun for tutorial_dag to None, run_after=None
[2024-07-25T03:48:58.684+0000] {processor.py:183} INFO - Processing /home/airflow/.local/lib/python3.12/site-packages/airflow/example_dags/tutorial_dag.py took 0.038 seconds
[2024-07-25T03:49:29.080+0000] {processor.py:161} INFO - Started process (PID=1085) to work on /home/airflow/.local/lib/python3.12/site-packages/airflow/example_dags/tutorial_dag.py
[2024-07-25T03:49:29.081+0000] {processor.py:830} INFO - Processing file /home/airflow/.local/lib/python3.12/site-packages/airflow/example_dags/tutorial_dag.py for tasks to queue
[2024-07-25T03:49:29.082+0000] {logging_mixin.py:188} INFO - [2024-07-25T03:49:29.082+0000] {dagbag.py:545} INFO - Filling up the DagBag from /home/airflow/.local/lib/python3.12/site-packages/airflow/example_dags/tutorial_dag.py
[2024-07-25T03:49:29.086+0000] {processor.py:840} INFO - DAG(s) 'tutorial_dag' retrieved from /home/airflow/.local/lib/python3.12/site-packages/airflow/example_dags/tutorial_dag.py
[2024-07-25T03:49:29.097+0000] {logging_mixin.py:188} INFO - [2024-07-25T03:49:29.097+0000] {dag.py:3089} INFO - Sync 1 DAGs
[2024-07-25T03:49:29.104+0000] {logging_mixin.py:188} INFO - [2024-07-25T03:49:29.104+0000] {dag.py:3947} INFO - Setting next_dagrun for tutorial_dag to None, run_after=None
[2024-07-25T03:49:29.114+0000] {processor.py:183} INFO - Processing /home/airflow/.local/lib/python3.12/site-packages/airflow/example_dags/tutorial_dag.py took 0.037 seconds
[2024-07-25T03:49:59.442+0000] {processor.py:161} INFO - Started process (PID=1143) to work on /home/airflow/.local/lib/python3.12/site-packages/airflow/example_dags/tutorial_dag.py
[2024-07-25T03:49:59.443+0000] {processor.py:830} INFO - Processing file /home/airflow/.local/lib/python3.12/site-packages/airflow/example_dags/tutorial_dag.py for tasks to queue
[2024-07-25T03:49:59.446+0000] {logging_mixin.py:188} INFO - [2024-07-25T03:49:59.445+0000] {dagbag.py:545} INFO - Filling up the DagBag from /home/airflow/.local/lib/python3.12/site-packages/airflow/example_dags/tutorial_dag.py
[2024-07-25T03:49:59.451+0000] {processor.py:840} INFO - DAG(s) 'tutorial_dag' retrieved from /home/airflow/.local/lib/python3.12/site-packages/airflow/example_dags/tutorial_dag.py
[2024-07-25T03:49:59.464+0000] {logging_mixin.py:188} INFO - [2024-07-25T03:49:59.464+0000] {dag.py:3089} INFO - Sync 1 DAGs
[2024-07-25T03:49:59.472+0000] {logging_mixin.py:188} INFO - [2024-07-25T03:49:59.472+0000] {dag.py:3947} INFO - Setting next_dagrun for tutorial_dag to None, run_after=None
[2024-07-25T03:49:59.486+0000] {processor.py:183} INFO - Processing /home/airflow/.local/lib/python3.12/site-packages/airflow/example_dags/tutorial_dag.py took 0.049 seconds
[2024-07-25T03:50:29.610+0000] {processor.py:161} INFO - Started process (PID=1201) to work on /home/airflow/.local/lib/python3.12/site-packages/airflow/example_dags/tutorial_dag.py
[2024-07-25T03:50:29.611+0000] {processor.py:830} INFO - Processing file /home/airflow/.local/lib/python3.12/site-packages/airflow/example_dags/tutorial_dag.py for tasks to queue
[2024-07-25T03:50:29.612+0000] {logging_mixin.py:188} INFO - [2024-07-25T03:50:29.612+0000] {dagbag.py:545} INFO - Filling up the DagBag from /home/airflow/.local/lib/python3.12/site-packages/airflow/example_dags/tutorial_dag.py
[2024-07-25T03:50:29.616+0000] {processor.py:840} INFO - DAG(s) 'tutorial_dag' retrieved from /home/airflow/.local/lib/python3.12/site-packages/airflow/example_dags/tutorial_dag.py
[2024-07-25T03:50:29.628+0000] {logging_mixin.py:188} INFO - [2024-07-25T03:50:29.628+0000] {dag.py:3089} INFO - Sync 1 DAGs
[2024-07-25T03:50:29.635+0000] {logging_mixin.py:188} INFO - [2024-07-25T03:50:29.634+0000] {dag.py:3947} INFO - Setting next_dagrun for tutorial_dag to None, run_after=None
[2024-07-25T03:50:29.644+0000] {processor.py:183} INFO - Processing /home/airflow/.local/lib/python3.12/site-packages/airflow/example_dags/tutorial_dag.py took 0.037 seconds
[2024-07-25T03:50:59.862+0000] {processor.py:161} INFO - Started process (PID=1259) to work on /home/airflow/.local/lib/python3.12/site-packages/airflow/example_dags/tutorial_dag.py
[2024-07-25T03:50:59.863+0000] {processor.py:830} INFO - Processing file /home/airflow/.local/lib/python3.12/site-packages/airflow/example_dags/tutorial_dag.py for tasks to queue
[2024-07-25T03:50:59.865+0000] {logging_mixin.py:188} INFO - [2024-07-25T03:50:59.864+0000] {dagbag.py:545} INFO - Filling up the DagBag from /home/airflow/.local/lib/python3.12/site-packages/airflow/example_dags/tutorial_dag.py
[2024-07-25T03:50:59.868+0000] {processor.py:840} INFO - DAG(s) 'tutorial_dag' retrieved from /home/airflow/.local/lib/python3.12/site-packages/airflow/example_dags/tutorial_dag.py
[2024-07-25T03:50:59.880+0000] {logging_mixin.py:188} INFO - [2024-07-25T03:50:59.880+0000] {dag.py:3089} INFO - Sync 1 DAGs
[2024-07-25T03:50:59.887+0000] {logging_mixin.py:188} INFO - [2024-07-25T03:50:59.887+0000] {dag.py:3947} INFO - Setting next_dagrun for tutorial_dag to None, run_after=None
[2024-07-25T03:50:59.896+0000] {processor.py:183} INFO - Processing /home/airflow/.local/lib/python3.12/site-packages/airflow/example_dags/tutorial_dag.py took 0.037 seconds
[2024-07-25T03:51:30.094+0000] {processor.py:161} INFO - Started process (PID=1317) to work on /home/airflow/.local/lib/python3.12/site-packages/airflow/example_dags/tutorial_dag.py
[2024-07-25T03:51:30.095+0000] {processor.py:830} INFO - Processing file /home/airflow/.local/lib/python3.12/site-packages/airflow/example_dags/tutorial_dag.py for tasks to queue
[2024-07-25T03:51:30.096+0000] {logging_mixin.py:188} INFO - [2024-07-25T03:51:30.096+0000] {dagbag.py:545} INFO - Filling up the DagBag from /home/airflow/.local/lib/python3.12/site-packages/airflow/example_dags/tutorial_dag.py
[2024-07-25T03:51:30.100+0000] {processor.py:840} INFO - DAG(s) 'tutorial_dag' retrieved from /home/airflow/.local/lib/python3.12/site-packages/airflow/example_dags/tutorial_dag.py
[2024-07-25T03:51:30.111+0000] {logging_mixin.py:188} INFO - [2024-07-25T03:51:30.111+0000] {dag.py:3089} INFO - Sync 1 DAGs
[2024-07-25T03:51:30.117+0000] {logging_mixin.py:188} INFO - [2024-07-25T03:51:30.117+0000] {dag.py:3947} INFO - Setting next_dagrun for tutorial_dag to None, run_after=None
[2024-07-25T03:51:30.127+0000] {processor.py:183} INFO - Processing /home/airflow/.local/lib/python3.12/site-packages/airflow/example_dags/tutorial_dag.py took 0.036 seconds
[2024-07-25T03:52:00.241+0000] {processor.py:161} INFO - Started process (PID=1375) to work on /home/airflow/.local/lib/python3.12/site-packages/airflow/example_dags/tutorial_dag.py
[2024-07-25T03:52:00.242+0000] {processor.py:830} INFO - Processing file /home/airflow/.local/lib/python3.12/site-packages/airflow/example_dags/tutorial_dag.py for tasks to queue
[2024-07-25T03:52:00.243+0000] {logging_mixin.py:188} INFO - [2024-07-25T03:52:00.243+0000] {dagbag.py:545} INFO - Filling up the DagBag from /home/airflow/.local/lib/python3.12/site-packages/airflow/example_dags/tutorial_dag.py
[2024-07-25T03:52:00.247+0000] {processor.py:840} INFO - DAG(s) 'tutorial_dag' retrieved from /home/airflow/.local/lib/python3.12/site-packages/airflow/example_dags/tutorial_dag.py
[2024-07-25T03:52:00.258+0000] {logging_mixin.py:188} INFO - [2024-07-25T03:52:00.258+0000] {dag.py:3089} INFO - Sync 1 DAGs
[2024-07-25T03:52:00.265+0000] {logging_mixin.py:188} INFO - [2024-07-25T03:52:00.264+0000] {dag.py:3947} INFO - Setting next_dagrun for tutorial_dag to None, run_after=None
[2024-07-25T03:52:00.274+0000] {processor.py:183} INFO - Processing /home/airflow/.local/lib/python3.12/site-packages/airflow/example_dags/tutorial_dag.py took 0.036 seconds
[2024-07-25T03:52:30.421+0000] {processor.py:161} INFO - Started process (PID=1433) to work on /home/airflow/.local/lib/python3.12/site-packages/airflow/example_dags/tutorial_dag.py
[2024-07-25T03:52:30.422+0000] {processor.py:830} INFO - Processing file /home/airflow/.local/lib/python3.12/site-packages/airflow/example_dags/tutorial_dag.py for tasks to queue
[2024-07-25T03:52:30.423+0000] {logging_mixin.py:188} INFO - [2024-07-25T03:52:30.423+0000] {dagbag.py:545} INFO - Filling up the DagBag from /home/airflow/.local/lib/python3.12/site-packages/airflow/example_dags/tutorial_dag.py
[2024-07-25T03:52:30.427+0000] {processor.py:840} INFO - DAG(s) 'tutorial_dag' retrieved from /home/airflow/.local/lib/python3.12/site-packages/airflow/example_dags/tutorial_dag.py
[2024-07-25T03:52:30.438+0000] {logging_mixin.py:188} INFO - [2024-07-25T03:52:30.438+0000] {dag.py:3089} INFO - Sync 1 DAGs
[2024-07-25T03:52:30.445+0000] {logging_mixin.py:188} INFO - [2024-07-25T03:52:30.445+0000] {dag.py:3947} INFO - Setting next_dagrun for tutorial_dag to None, run_after=None
[2024-07-25T03:52:30.454+0000] {processor.py:183} INFO - Processing /home/airflow/.local/lib/python3.12/site-packages/airflow/example_dags/tutorial_dag.py took 0.037 seconds
[2024-07-25T04:03:45.944+0000] {processor.py:161} INFO - Started process (PID=41) to work on /home/airflow/.local/lib/python3.12/site-packages/airflow/example_dags/tutorial_dag.py
[2024-07-25T04:03:45.945+0000] {processor.py:830} INFO - Processing file /home/airflow/.local/lib/python3.12/site-packages/airflow/example_dags/tutorial_dag.py for tasks to queue
[2024-07-25T04:03:45.946+0000] {logging_mixin.py:188} INFO - [2024-07-25T04:03:45.946+0000] {dagbag.py:545} INFO - Filling up the DagBag from /home/airflow/.local/lib/python3.12/site-packages/airflow/example_dags/tutorial_dag.py
[2024-07-25T04:03:45.950+0000] {processor.py:840} INFO - DAG(s) 'tutorial_dag' retrieved from /home/airflow/.local/lib/python3.12/site-packages/airflow/example_dags/tutorial_dag.py
[2024-07-25T04:03:45.959+0000] {logging_mixin.py:188} INFO - [2024-07-25T04:03:45.958+0000] {dag.py:3089} INFO - Sync 1 DAGs
[2024-07-25T04:03:45.970+0000] {logging_mixin.py:188} INFO - [2024-07-25T04:03:45.969+0000] {dag.py:3947} INFO - Setting next_dagrun for tutorial_dag to None, run_after=None
[2024-07-25T04:03:45.982+0000] {processor.py:183} INFO - Processing /home/airflow/.local/lib/python3.12/site-packages/airflow/example_dags/tutorial_dag.py took 0.042 seconds
[2024-07-25T04:04:17.070+0000] {processor.py:161} INFO - Started process (PID=99) to work on /home/airflow/.local/lib/python3.12/site-packages/airflow/example_dags/tutorial_dag.py
[2024-07-25T04:04:17.071+0000] {processor.py:830} INFO - Processing file /home/airflow/.local/lib/python3.12/site-packages/airflow/example_dags/tutorial_dag.py for tasks to queue
[2024-07-25T04:04:17.072+0000] {logging_mixin.py:188} INFO - [2024-07-25T04:04:17.072+0000] {dagbag.py:545} INFO - Filling up the DagBag from /home/airflow/.local/lib/python3.12/site-packages/airflow/example_dags/tutorial_dag.py
[2024-07-25T04:04:17.076+0000] {processor.py:840} INFO - DAG(s) 'tutorial_dag' retrieved from /home/airflow/.local/lib/python3.12/site-packages/airflow/example_dags/tutorial_dag.py
[2024-07-25T04:04:17.126+0000] {logging_mixin.py:188} INFO - [2024-07-25T04:04:17.125+0000] {dag.py:3089} INFO - Sync 1 DAGs
[2024-07-25T04:04:17.131+0000] {logging_mixin.py:188} INFO - [2024-07-25T04:04:17.131+0000] {dag.py:3947} INFO - Setting next_dagrun for tutorial_dag to None, run_after=None
[2024-07-25T04:04:17.140+0000] {processor.py:183} INFO - Processing /home/airflow/.local/lib/python3.12/site-packages/airflow/example_dags/tutorial_dag.py took 0.074 seconds
[2024-07-25T04:04:47.581+0000] {processor.py:161} INFO - Started process (PID=157) to work on /home/airflow/.local/lib/python3.12/site-packages/airflow/example_dags/tutorial_dag.py
[2024-07-25T04:04:47.581+0000] {processor.py:830} INFO - Processing file /home/airflow/.local/lib/python3.12/site-packages/airflow/example_dags/tutorial_dag.py for tasks to queue
[2024-07-25T04:04:47.583+0000] {logging_mixin.py:188} INFO - [2024-07-25T04:04:47.583+0000] {dagbag.py:545} INFO - Filling up the DagBag from /home/airflow/.local/lib/python3.12/site-packages/airflow/example_dags/tutorial_dag.py
[2024-07-25T04:04:47.586+0000] {processor.py:840} INFO - DAG(s) 'tutorial_dag' retrieved from /home/airflow/.local/lib/python3.12/site-packages/airflow/example_dags/tutorial_dag.py
[2024-07-25T04:04:47.598+0000] {logging_mixin.py:188} INFO - [2024-07-25T04:04:47.597+0000] {dag.py:3089} INFO - Sync 1 DAGs
[2024-07-25T04:04:47.604+0000] {logging_mixin.py:188} INFO - [2024-07-25T04:04:47.604+0000] {dag.py:3947} INFO - Setting next_dagrun for tutorial_dag to None, run_after=None
[2024-07-25T04:04:47.613+0000] {processor.py:183} INFO - Processing /home/airflow/.local/lib/python3.12/site-packages/airflow/example_dags/tutorial_dag.py took 0.037 seconds
[2024-07-25T04:05:17.741+0000] {processor.py:161} INFO - Started process (PID=215) to work on /home/airflow/.local/lib/python3.12/site-packages/airflow/example_dags/tutorial_dag.py
[2024-07-25T04:05:17.742+0000] {processor.py:830} INFO - Processing file /home/airflow/.local/lib/python3.12/site-packages/airflow/example_dags/tutorial_dag.py for tasks to queue
[2024-07-25T04:05:17.743+0000] {logging_mixin.py:188} INFO - [2024-07-25T04:05:17.743+0000] {dagbag.py:545} INFO - Filling up the DagBag from /home/airflow/.local/lib/python3.12/site-packages/airflow/example_dags/tutorial_dag.py
[2024-07-25T04:05:17.747+0000] {processor.py:840} INFO - DAG(s) 'tutorial_dag' retrieved from /home/airflow/.local/lib/python3.12/site-packages/airflow/example_dags/tutorial_dag.py
[2024-07-25T04:05:17.759+0000] {logging_mixin.py:188} INFO - [2024-07-25T04:05:17.759+0000] {dag.py:3089} INFO - Sync 1 DAGs
[2024-07-25T04:05:17.765+0000] {logging_mixin.py:188} INFO - [2024-07-25T04:05:17.765+0000] {dag.py:3947} INFO - Setting next_dagrun for tutorial_dag to None, run_after=None
[2024-07-25T04:05:17.775+0000] {processor.py:183} INFO - Processing /home/airflow/.local/lib/python3.12/site-packages/airflow/example_dags/tutorial_dag.py took 0.037 seconds
[2024-07-25T04:05:48.010+0000] {processor.py:161} INFO - Started process (PID=273) to work on /home/airflow/.local/lib/python3.12/site-packages/airflow/example_dags/tutorial_dag.py
[2024-07-25T04:05:48.011+0000] {processor.py:830} INFO - Processing file /home/airflow/.local/lib/python3.12/site-packages/airflow/example_dags/tutorial_dag.py for tasks to queue
[2024-07-25T04:05:48.012+0000] {logging_mixin.py:188} INFO - [2024-07-25T04:05:48.012+0000] {dagbag.py:545} INFO - Filling up the DagBag from /home/airflow/.local/lib/python3.12/site-packages/airflow/example_dags/tutorial_dag.py
[2024-07-25T04:05:48.016+0000] {processor.py:840} INFO - DAG(s) 'tutorial_dag' retrieved from /home/airflow/.local/lib/python3.12/site-packages/airflow/example_dags/tutorial_dag.py
[2024-07-25T04:05:48.028+0000] {logging_mixin.py:188} INFO - [2024-07-25T04:05:48.028+0000] {dag.py:3089} INFO - Sync 1 DAGs
[2024-07-25T04:05:48.035+0000] {logging_mixin.py:188} INFO - [2024-07-25T04:05:48.035+0000] {dag.py:3947} INFO - Setting next_dagrun for tutorial_dag to None, run_after=None
[2024-07-25T04:05:48.044+0000] {processor.py:183} INFO - Processing /home/airflow/.local/lib/python3.12/site-packages/airflow/example_dags/tutorial_dag.py took 0.037 seconds
[2024-07-25T04:06:18.092+0000] {processor.py:161} INFO - Started process (PID=331) to work on /home/airflow/.local/lib/python3.12/site-packages/airflow/example_dags/tutorial_dag.py
[2024-07-25T04:06:18.093+0000] {processor.py:830} INFO - Processing file /home/airflow/.local/lib/python3.12/site-packages/airflow/example_dags/tutorial_dag.py for tasks to queue
[2024-07-25T04:06:18.094+0000] {logging_mixin.py:188} INFO - [2024-07-25T04:06:18.094+0000] {dagbag.py:545} INFO - Filling up the DagBag from /home/airflow/.local/lib/python3.12/site-packages/airflow/example_dags/tutorial_dag.py
[2024-07-25T04:06:18.098+0000] {processor.py:840} INFO - DAG(s) 'tutorial_dag' retrieved from /home/airflow/.local/lib/python3.12/site-packages/airflow/example_dags/tutorial_dag.py
[2024-07-25T04:06:18.111+0000] {logging_mixin.py:188} INFO - [2024-07-25T04:06:18.110+0000] {dag.py:3089} INFO - Sync 1 DAGs
[2024-07-25T04:06:18.117+0000] {logging_mixin.py:188} INFO - [2024-07-25T04:06:18.117+0000] {dag.py:3947} INFO - Setting next_dagrun for tutorial_dag to None, run_after=None
[2024-07-25T04:06:18.127+0000] {processor.py:183} INFO - Processing /home/airflow/.local/lib/python3.12/site-packages/airflow/example_dags/tutorial_dag.py took 0.039 seconds
[2024-07-25T04:06:48.544+0000] {processor.py:161} INFO - Started process (PID=389) to work on /home/airflow/.local/lib/python3.12/site-packages/airflow/example_dags/tutorial_dag.py
[2024-07-25T04:06:48.545+0000] {processor.py:830} INFO - Processing file /home/airflow/.local/lib/python3.12/site-packages/airflow/example_dags/tutorial_dag.py for tasks to queue
[2024-07-25T04:06:48.547+0000] {logging_mixin.py:188} INFO - [2024-07-25T04:06:48.547+0000] {dagbag.py:545} INFO - Filling up the DagBag from /home/airflow/.local/lib/python3.12/site-packages/airflow/example_dags/tutorial_dag.py
[2024-07-25T04:06:48.551+0000] {processor.py:840} INFO - DAG(s) 'tutorial_dag' retrieved from /home/airflow/.local/lib/python3.12/site-packages/airflow/example_dags/tutorial_dag.py
[2024-07-25T04:06:48.564+0000] {logging_mixin.py:188} INFO - [2024-07-25T04:06:48.563+0000] {dag.py:3089} INFO - Sync 1 DAGs
[2024-07-25T04:06:48.570+0000] {logging_mixin.py:188} INFO - [2024-07-25T04:06:48.570+0000] {dag.py:3947} INFO - Setting next_dagrun for tutorial_dag to None, run_after=None
[2024-07-25T04:06:48.580+0000] {processor.py:183} INFO - Processing /home/airflow/.local/lib/python3.12/site-packages/airflow/example_dags/tutorial_dag.py took 0.040 seconds
[2024-07-25T04:07:18.802+0000] {processor.py:161} INFO - Started process (PID=447) to work on /home/airflow/.local/lib/python3.12/site-packages/airflow/example_dags/tutorial_dag.py
[2024-07-25T04:07:18.803+0000] {processor.py:830} INFO - Processing file /home/airflow/.local/lib/python3.12/site-packages/airflow/example_dags/tutorial_dag.py for tasks to queue
[2024-07-25T04:07:18.804+0000] {logging_mixin.py:188} INFO - [2024-07-25T04:07:18.804+0000] {dagbag.py:545} INFO - Filling up the DagBag from /home/airflow/.local/lib/python3.12/site-packages/airflow/example_dags/tutorial_dag.py
[2024-07-25T04:07:18.808+0000] {processor.py:840} INFO - DAG(s) 'tutorial_dag' retrieved from /home/airflow/.local/lib/python3.12/site-packages/airflow/example_dags/tutorial_dag.py
[2024-07-25T04:07:18.819+0000] {logging_mixin.py:188} INFO - [2024-07-25T04:07:18.819+0000] {dag.py:3089} INFO - Sync 1 DAGs
[2024-07-25T04:07:18.825+0000] {logging_mixin.py:188} INFO - [2024-07-25T04:07:18.825+0000] {dag.py:3947} INFO - Setting next_dagrun for tutorial_dag to None, run_after=None
[2024-07-25T04:07:18.835+0000] {processor.py:183} INFO - Processing /home/airflow/.local/lib/python3.12/site-packages/airflow/example_dags/tutorial_dag.py took 0.036 seconds
[2024-07-25T04:07:48.929+0000] {processor.py:161} INFO - Started process (PID=505) to work on /home/airflow/.local/lib/python3.12/site-packages/airflow/example_dags/tutorial_dag.py
[2024-07-25T04:07:48.930+0000] {processor.py:830} INFO - Processing file /home/airflow/.local/lib/python3.12/site-packages/airflow/example_dags/tutorial_dag.py for tasks to queue
[2024-07-25T04:07:48.931+0000] {logging_mixin.py:188} INFO - [2024-07-25T04:07:48.931+0000] {dagbag.py:545} INFO - Filling up the DagBag from /home/airflow/.local/lib/python3.12/site-packages/airflow/example_dags/tutorial_dag.py
[2024-07-25T04:07:48.935+0000] {processor.py:840} INFO - DAG(s) 'tutorial_dag' retrieved from /home/airflow/.local/lib/python3.12/site-packages/airflow/example_dags/tutorial_dag.py
[2024-07-25T04:07:48.947+0000] {logging_mixin.py:188} INFO - [2024-07-25T04:07:48.947+0000] {dag.py:3089} INFO - Sync 1 DAGs
[2024-07-25T04:07:48.954+0000] {logging_mixin.py:188} INFO - [2024-07-25T04:07:48.954+0000] {dag.py:3947} INFO - Setting next_dagrun for tutorial_dag to None, run_after=None
[2024-07-25T04:07:48.963+0000] {processor.py:183} INFO - Processing /home/airflow/.local/lib/python3.12/site-packages/airflow/example_dags/tutorial_dag.py took 0.038 seconds
[2024-07-25T04:08:19.211+0000] {processor.py:161} INFO - Started process (PID=563) to work on /home/airflow/.local/lib/python3.12/site-packages/airflow/example_dags/tutorial_dag.py
[2024-07-25T04:08:19.212+0000] {processor.py:830} INFO - Processing file /home/airflow/.local/lib/python3.12/site-packages/airflow/example_dags/tutorial_dag.py for tasks to queue
[2024-07-25T04:08:19.214+0000] {logging_mixin.py:188} INFO - [2024-07-25T04:08:19.213+0000] {dagbag.py:545} INFO - Filling up the DagBag from /home/airflow/.local/lib/python3.12/site-packages/airflow/example_dags/tutorial_dag.py
[2024-07-25T04:08:19.217+0000] {processor.py:840} INFO - DAG(s) 'tutorial_dag' retrieved from /home/airflow/.local/lib/python3.12/site-packages/airflow/example_dags/tutorial_dag.py
[2024-07-25T04:08:19.231+0000] {logging_mixin.py:188} INFO - [2024-07-25T04:08:19.230+0000] {dag.py:3089} INFO - Sync 1 DAGs
[2024-07-25T04:08:19.238+0000] {logging_mixin.py:188} INFO - [2024-07-25T04:08:19.238+0000] {dag.py:3947} INFO - Setting next_dagrun for tutorial_dag to None, run_after=None
[2024-07-25T04:08:19.249+0000] {processor.py:183} INFO - Processing /home/airflow/.local/lib/python3.12/site-packages/airflow/example_dags/tutorial_dag.py took 0.042 seconds
[2024-07-25T04:08:49.313+0000] {processor.py:161} INFO - Started process (PID=621) to work on /home/airflow/.local/lib/python3.12/site-packages/airflow/example_dags/tutorial_dag.py
[2024-07-25T04:08:49.314+0000] {processor.py:830} INFO - Processing file /home/airflow/.local/lib/python3.12/site-packages/airflow/example_dags/tutorial_dag.py for tasks to queue
[2024-07-25T04:08:49.315+0000] {logging_mixin.py:188} INFO - [2024-07-25T04:08:49.315+0000] {dagbag.py:545} INFO - Filling up the DagBag from /home/airflow/.local/lib/python3.12/site-packages/airflow/example_dags/tutorial_dag.py
[2024-07-25T04:08:49.318+0000] {processor.py:840} INFO - DAG(s) 'tutorial_dag' retrieved from /home/airflow/.local/lib/python3.12/site-packages/airflow/example_dags/tutorial_dag.py
[2024-07-25T04:08:49.329+0000] {logging_mixin.py:188} INFO - [2024-07-25T04:08:49.328+0000] {dag.py:3089} INFO - Sync 1 DAGs
[2024-07-25T04:08:49.335+0000] {logging_mixin.py:188} INFO - [2024-07-25T04:08:49.335+0000] {dag.py:3947} INFO - Setting next_dagrun for tutorial_dag to None, run_after=None
[2024-07-25T04:08:49.344+0000] {processor.py:183} INFO - Processing /home/airflow/.local/lib/python3.12/site-packages/airflow/example_dags/tutorial_dag.py took 0.035 seconds
[2024-07-25T04:09:19.786+0000] {processor.py:161} INFO - Started process (PID=680) to work on /home/airflow/.local/lib/python3.12/site-packages/airflow/example_dags/tutorial_dag.py
[2024-07-25T04:09:19.787+0000] {processor.py:830} INFO - Processing file /home/airflow/.local/lib/python3.12/site-packages/airflow/example_dags/tutorial_dag.py for tasks to queue
[2024-07-25T04:09:19.788+0000] {logging_mixin.py:188} INFO - [2024-07-25T04:09:19.788+0000] {dagbag.py:545} INFO - Filling up the DagBag from /home/airflow/.local/lib/python3.12/site-packages/airflow/example_dags/tutorial_dag.py
[2024-07-25T04:09:19.792+0000] {processor.py:840} INFO - DAG(s) 'tutorial_dag' retrieved from /home/airflow/.local/lib/python3.12/site-packages/airflow/example_dags/tutorial_dag.py
[2024-07-25T04:09:19.805+0000] {logging_mixin.py:188} INFO - [2024-07-25T04:09:19.805+0000] {dag.py:3089} INFO - Sync 1 DAGs
[2024-07-25T04:09:19.812+0000] {logging_mixin.py:188} INFO - [2024-07-25T04:09:19.812+0000] {dag.py:3947} INFO - Setting next_dagrun for tutorial_dag to None, run_after=None
[2024-07-25T04:09:19.821+0000] {processor.py:183} INFO - Processing /home/airflow/.local/lib/python3.12/site-packages/airflow/example_dags/tutorial_dag.py took 0.039 seconds
[2024-07-25T04:09:50.003+0000] {processor.py:161} INFO - Started process (PID=738) to work on /home/airflow/.local/lib/python3.12/site-packages/airflow/example_dags/tutorial_dag.py
[2024-07-25T04:09:50.004+0000] {processor.py:830} INFO - Processing file /home/airflow/.local/lib/python3.12/site-packages/airflow/example_dags/tutorial_dag.py for tasks to queue
[2024-07-25T04:09:50.006+0000] {logging_mixin.py:188} INFO - [2024-07-25T04:09:50.005+0000] {dagbag.py:545} INFO - Filling up the DagBag from /home/airflow/.local/lib/python3.12/site-packages/airflow/example_dags/tutorial_dag.py
[2024-07-25T04:09:50.009+0000] {processor.py:840} INFO - DAG(s) 'tutorial_dag' retrieved from /home/airflow/.local/lib/python3.12/site-packages/airflow/example_dags/tutorial_dag.py
[2024-07-25T04:09:50.021+0000] {logging_mixin.py:188} INFO - [2024-07-25T04:09:50.021+0000] {dag.py:3089} INFO - Sync 1 DAGs
[2024-07-25T04:09:50.028+0000] {logging_mixin.py:188} INFO - [2024-07-25T04:09:50.028+0000] {dag.py:3947} INFO - Setting next_dagrun for tutorial_dag to None, run_after=None
[2024-07-25T04:09:50.037+0000] {processor.py:183} INFO - Processing /home/airflow/.local/lib/python3.12/site-packages/airflow/example_dags/tutorial_dag.py took 0.037 seconds
[2024-07-25T04:10:20.646+0000] {processor.py:161} INFO - Started process (PID=796) to work on /home/airflow/.local/lib/python3.12/site-packages/airflow/example_dags/tutorial_dag.py
[2024-07-25T04:10:20.647+0000] {processor.py:830} INFO - Processing file /home/airflow/.local/lib/python3.12/site-packages/airflow/example_dags/tutorial_dag.py for tasks to queue
[2024-07-25T04:10:20.649+0000] {logging_mixin.py:188} INFO - [2024-07-25T04:10:20.649+0000] {dagbag.py:545} INFO - Filling up the DagBag from /home/airflow/.local/lib/python3.12/site-packages/airflow/example_dags/tutorial_dag.py
[2024-07-25T04:10:20.652+0000] {processor.py:840} INFO - DAG(s) 'tutorial_dag' retrieved from /home/airflow/.local/lib/python3.12/site-packages/airflow/example_dags/tutorial_dag.py
[2024-07-25T04:10:20.665+0000] {logging_mixin.py:188} INFO - [2024-07-25T04:10:20.665+0000] {dag.py:3089} INFO - Sync 1 DAGs
[2024-07-25T04:10:20.671+0000] {logging_mixin.py:188} INFO - [2024-07-25T04:10:20.671+0000] {dag.py:3947} INFO - Setting next_dagrun for tutorial_dag to None, run_after=None
[2024-07-25T04:10:20.681+0000] {processor.py:183} INFO - Processing /home/airflow/.local/lib/python3.12/site-packages/airflow/example_dags/tutorial_dag.py took 0.038 seconds
[2024-07-25T04:10:50.874+0000] {processor.py:161} INFO - Started process (PID=854) to work on /home/airflow/.local/lib/python3.12/site-packages/airflow/example_dags/tutorial_dag.py
[2024-07-25T04:10:50.875+0000] {processor.py:830} INFO - Processing file /home/airflow/.local/lib/python3.12/site-packages/airflow/example_dags/tutorial_dag.py for tasks to queue
[2024-07-25T04:10:50.877+0000] {logging_mixin.py:188} INFO - [2024-07-25T04:10:50.876+0000] {dagbag.py:545} INFO - Filling up the DagBag from /home/airflow/.local/lib/python3.12/site-packages/airflow/example_dags/tutorial_dag.py
[2024-07-25T04:10:50.880+0000] {processor.py:840} INFO - DAG(s) 'tutorial_dag' retrieved from /home/airflow/.local/lib/python3.12/site-packages/airflow/example_dags/tutorial_dag.py
[2024-07-25T04:10:50.892+0000] {logging_mixin.py:188} INFO - [2024-07-25T04:10:50.892+0000] {dag.py:3089} INFO - Sync 1 DAGs
[2024-07-25T04:10:50.899+0000] {logging_mixin.py:188} INFO - [2024-07-25T04:10:50.899+0000] {dag.py:3947} INFO - Setting next_dagrun for tutorial_dag to None, run_after=None
[2024-07-25T04:10:50.908+0000] {processor.py:183} INFO - Processing /home/airflow/.local/lib/python3.12/site-packages/airflow/example_dags/tutorial_dag.py took 0.038 seconds
[2024-07-25T04:11:21.128+0000] {processor.py:161} INFO - Started process (PID=912) to work on /home/airflow/.local/lib/python3.12/site-packages/airflow/example_dags/tutorial_dag.py
[2024-07-25T04:11:21.128+0000] {processor.py:830} INFO - Processing file /home/airflow/.local/lib/python3.12/site-packages/airflow/example_dags/tutorial_dag.py for tasks to queue
[2024-07-25T04:11:21.130+0000] {logging_mixin.py:188} INFO - [2024-07-25T04:11:21.129+0000] {dagbag.py:545} INFO - Filling up the DagBag from /home/airflow/.local/lib/python3.12/site-packages/airflow/example_dags/tutorial_dag.py
[2024-07-25T04:11:21.133+0000] {processor.py:840} INFO - DAG(s) 'tutorial_dag' retrieved from /home/airflow/.local/lib/python3.12/site-packages/airflow/example_dags/tutorial_dag.py
[2024-07-25T04:11:21.146+0000] {logging_mixin.py:188} INFO - [2024-07-25T04:11:21.146+0000] {dag.py:3089} INFO - Sync 1 DAGs
[2024-07-25T04:11:21.152+0000] {logging_mixin.py:188} INFO - [2024-07-25T04:11:21.152+0000] {dag.py:3947} INFO - Setting next_dagrun for tutorial_dag to None, run_after=None
[2024-07-25T04:11:21.161+0000] {processor.py:183} INFO - Processing /home/airflow/.local/lib/python3.12/site-packages/airflow/example_dags/tutorial_dag.py took 0.037 seconds
[2024-07-25T04:11:51.218+0000] {processor.py:161} INFO - Started process (PID=970) to work on /home/airflow/.local/lib/python3.12/site-packages/airflow/example_dags/tutorial_dag.py
[2024-07-25T04:11:51.219+0000] {processor.py:830} INFO - Processing file /home/airflow/.local/lib/python3.12/site-packages/airflow/example_dags/tutorial_dag.py for tasks to queue
[2024-07-25T04:11:51.220+0000] {logging_mixin.py:188} INFO - [2024-07-25T04:11:51.220+0000] {dagbag.py:545} INFO - Filling up the DagBag from /home/airflow/.local/lib/python3.12/site-packages/airflow/example_dags/tutorial_dag.py
[2024-07-25T04:11:51.223+0000] {processor.py:840} INFO - DAG(s) 'tutorial_dag' retrieved from /home/airflow/.local/lib/python3.12/site-packages/airflow/example_dags/tutorial_dag.py
[2024-07-25T04:11:51.235+0000] {logging_mixin.py:188} INFO - [2024-07-25T04:11:51.235+0000] {dag.py:3089} INFO - Sync 1 DAGs
[2024-07-25T04:11:51.242+0000] {logging_mixin.py:188} INFO - [2024-07-25T04:11:51.242+0000] {dag.py:3947} INFO - Setting next_dagrun for tutorial_dag to None, run_after=None
[2024-07-25T04:11:51.251+0000] {processor.py:183} INFO - Processing /home/airflow/.local/lib/python3.12/site-packages/airflow/example_dags/tutorial_dag.py took 0.036 seconds
